<?xml version="1.0" encoding="utf-8" standalone="no"?>
<test-run id="2" testcasecount="587" result="Failed" total="139" passed="60" failed="7" inconclusive="0" skipped="72" asserts="1807" engine-version="3.0.5813.39036" clr-version="4.0.30319.42000" start-time="2017-11-14 13:04:05Z" end-time="2017-11-14 14:49:52Z" duration="6345.678034">
  <command-line><![CDATA["D:\FeaturesUIAutomationTest\Join.Form.Customer\Features Test\NunitRunner\nunit3-console.exe"  --result=D:\FeaturesUIAutomationTestResults\Join.Form.Customer\FeaturesTest\3.0.0-meta2017111501\2017-11-15-02-04\TestResult.xml Join.Form.Customer.Selenium.dll --where cat=~'(?i)integration']]></command-line>
  <filter>
    <cat re="1">(?i)integration</cat>
  </filter>
  <test-suite type="assembly" id="0-1669" name="Join.Form.Customer.Selenium.dll" fullname="D:\FeaturesUIAutomationTest\Join.Form.Customer\Features Test\Join.Form.Customer.Selenium.dll" runstate="Runnable" testcasecount="587" result="Failed" site="Child" start-time="2017-11-14 13:04:05Z" end-time="2017-11-14 14:49:52Z" duration="6345.301494" total="139" passed="60" failed="7" warnings="0" inconclusive="0" skipped="72" asserts="1807">
    <environment framework-version="3.6.0.0" clr-version="4.0.30319.42000" os-version="Microsoft Windows NT 6.3.9600.0" platform="Win32NT" cwd="D:\FeaturesUIAutomationTest\Join.Form.Customer\Features Test" machine-name="WINATCA4795" user="zOctopusDEV2" user-domain="BRANCH" culture="en-NZ" uiculture="en-US" os-architecture="x64" />
    <settings>
      <setting name="WorkDirectory" value="D:\FeaturesUIAutomationTest\Join.Form.Customer\Features Test" />
      <setting name="NumberOfTestWorkers" value="2" />
    </settings>
    <properties>
      <property name="ParallelScope" value="None" />
      <property name="_PID" value="8456" />
      <property name="_APPDOMAIN" value="test-domain-" />
    </properties>
    <failure>
      <message><![CDATA[One or more child tests had errors]]></message>
    </failure>
    <test-suite type="TestSuite" id="0-1670" name="Join" fullname="Join" runstate="Runnable" testcasecount="587" result="Failed" site="Child" start-time="2017-11-14 13:04:05Z" end-time="2017-11-14 14:49:52Z" duration="6345.255376" total="139" passed="60" failed="7" warnings="0" inconclusive="0" skipped="72" asserts="1807">
      <properties />
      <failure>
        <message><![CDATA[One or more child tests had errors]]></message>
      </failure>
      <test-suite type="TestSuite" id="0-1671" name="Form" fullname="Join.Form" runstate="Runnable" testcasecount="587" result="Failed" site="Child" start-time="2017-11-14 13:04:05Z" end-time="2017-11-14 14:49:52Z" duration="6345.224090" total="139" passed="60" failed="7" warnings="0" inconclusive="0" skipped="72" asserts="1807">
        <properties />
        <failure>
          <message><![CDATA[One or more child tests had errors]]></message>
        </failure>
        <test-suite type="TestSuite" id="0-1672" name="Customer" fullname="Join.Form.Customer" runstate="Runnable" testcasecount="587" result="Failed" site="Child" start-time="2017-11-14 13:04:05Z" end-time="2017-11-14 14:49:52Z" duration="6345.192935" total="139" passed="60" failed="7" warnings="0" inconclusive="0" skipped="72" asserts="1807">
          <properties />
          <failure>
            <message><![CDATA[One or more child tests had errors]]></message>
          </failure>
          <test-suite type="TestSuite" id="0-1673" name="Selenium" fullname="Join.Form.Customer.Selenium" runstate="Runnable" testcasecount="587" result="Failed" site="Child" start-time="2017-11-14 13:04:05Z" end-time="2017-11-14 14:49:52Z" duration="6345.161648" total="139" passed="60" failed="7" warnings="0" inconclusive="0" skipped="72" asserts="1807">
            <properties />
            <failure>
              <message><![CDATA[One or more child tests had errors]]></message>
            </failure>
            <test-suite type="TestSuite" id="0-1674" name="Features" fullname="Join.Form.Customer.Selenium.Features" runstate="Runnable" testcasecount="587" result="Failed" site="Child" start-time="2017-11-14 13:04:05Z" end-time="2017-11-14 14:49:52Z" duration="6345.130422" total="139" passed="60" failed="7" warnings="0" inconclusive="0" skipped="72" asserts="1807">
              <properties />
              <failure>
                <message><![CDATA[One or more child tests had errors]]></message>
              </failure>
              <test-suite type="TestFixture" id="0-1311" name="_01_IntroductionPageFeature" fullname="Join.Form.Customer.Selenium.Features._01_IntroductionPageFeature" classname="Join.Form.Customer.Selenium.Features._01_IntroductionPageFeature" runstate="Runnable" testcasecount="18" result="Failed" site="Child" start-time="2017-11-14 13:04:05Z" end-time="2017-11-14 13:07:42Z" duration="216.837179" total="1" passed="0" failed="1" warnings="0" inconclusive="0" skipped="0" asserts="0">
                <properties>
                  <property name="Description" value="01_IntroductionPage" />
                </properties>
                <failure>
                  <message><![CDATA[One or more child tests had errors]]></message>
                </failure>
                <test-case id="0-1325" name="INTRO_09_VerifyIntroductionPageForCleverKash" fullname="Join.Form.Customer.Selenium.Features._01_IntroductionPageFeature.INTRO_09_VerifyIntroductionPageForCleverKash" methodname="INTRO_09_VerifyIntroductionPageForCleverKash" classname="Join.Form.Customer.Selenium.Features._01_IntroductionPageFeature" runstate="Runnable" seed="1781971581" result="Failed" label="Error" start-time="2017-11-14 13:04:05Z" end-time="2017-11-14 13:07:42Z" duration="216.312596" asserts="0">
                  <properties>
                    <property name="Description" value="INTRO_09 - Verify Introduction page for Clever Kash" />
                    <property name="Category" value="COB" />
                    <property name="Category" value="intro" />
                    <property name="Category" value="integration" />
                    <property name="Category" value="regression" />
                    <property name="Category" value="092016" />
                  </properties>
                  <failure>
                    <message><![CDATA[System.Reflection.TargetInvocationException : Exception has been thrown by the target of an invocation.
  ----> System.Exception : no such element: Unable to locate element: {"method":"css selector","selector":"iframe[title='Main content']"}
  (Session info: chrome=60.0.3112.78)
  (Driver info: chromedriver=2.29.461591 (62ebf098771772160f391d75e589dc567915b233),platform=Windows NT 6.3.9600 x86_64)
  ----> OpenQA.Selenium.NoSuchElementException : no such element: Unable to locate element: {"method":"css selector","selector":"iframe[title='Main content']"}
  (Session info: chrome=60.0.3112.78)
  (Driver info: chromedriver=2.29.461591 (62ebf098771772160f391d75e589dc567915b233),platform=Windows NT 6.3.9600 x86_64)]]></message>
                    <stack-trace><![CDATA[   at System.RuntimeMethodHandle.InvokeMethod(Object target, Object[] arguments, Signature sig, Boolean constructor)
   at System.Reflection.RuntimeConstructorInfo.Invoke(BindingFlags invokeAttr, Binder binder, Object[] parameters, CultureInfo culture)
   at BoDi.ObjectContainer.CreateObject(Type type, ResolutionList resolutionPath, RegistrationKey keyToResolve)
   at BoDi.ObjectContainer.TypeRegistration.Resolve(ObjectContainer container, RegistrationKey keyToResolve, ResolutionList resolutionPath)
   at BoDi.ObjectContainer.ResolveObject(RegistrationKey keyToResolve, ResolutionList resolutionPath)
   at BoDi.ObjectContainer.Resolve(Type typeToResolve, ResolutionList resolutionPath, String name)
   at lambda_method(Closure , IContextManager )
   at TechTalk.SpecFlow.Bindings.BindingInvoker.InvokeBinding(IBinding binding, IContextManager contextManager, Object[] arguments, ITestTracer testTracer, TimeSpan& duration)
   at TechTalk.SpecFlow.Infrastructure.TestExecutionEngine.ExecuteStepMatch(BindingMatch match, Object[] arguments)
   at TechTalk.SpecFlow.Infrastructure.TestExecutionEngine.ExecuteStep(StepInstance stepInstance)
   at TechTalk.SpecFlow.Infrastructure.TestExecutionEngine.OnAfterLastStep()
   at Join.Form.Customer.Selenium.Features._01_IntroductionPageFeature.ScenarioCleanup()
   at Join.Form.Customer.Selenium.Features._01_IntroductionPageFeature.INTRO_09_VerifyIntroductionPageForCleverKash()
--Exception
   at ASB.Test.Automation.Utils.Retry.Retry.Execute(Func`1 function, Int32 retryInterval, Int32 retryCount, String exceptionMessage)
   at Join.Form.Customer.Selenium.Pages.FeaturesPage.WaitForFeaturesPageLoad(By frameLocator)
   at Join.Form.Customer.Selenium.Pages.FeaturesPage..ctor(ContextObject _context)
   at Join.Form.Customer.Selenium.Pages.IntroductionPage..ctor(ContextObject context)
   at Join.Form.Customer.Selenium.StepDefinitions.IntroductionPageSteps..ctor(ContextObject context)
--NoSuchElementException
   at OpenQA.Selenium.Remote.RemoteWebDriver.UnpackAndThrowOnError(Response errorResponse)
   at OpenQA.Selenium.Remote.RemoteWebDriver.Execute(String driverCommandToExecute, Dictionary`2 parameters)
   at OpenQA.Selenium.Remote.RemoteWebDriver.FindElement(String mechanism, String value)
   at Join.Form.Customer.Selenium.Pages.FeaturesPage.<WaitForFeaturesPageLoad>b__26_0()
   at ASB.Test.Automation.Utils.Retry.Retry.Execute(Func`1 function, Int32 retryInterval, Int32 retryCount, String exceptionMessage)]]></stack-trace>
                  </failure>
                  <output><![CDATA[Given I start my Streamline application
Navigating to URL: https://webappisamdev.asbbank.co.nz/public/join/asb/max?grcDisabled=true&fncJunction=fnc104
-> done: CommonSteps.GivenIStartMyStreamlineApplication() (0.8s)
Given I am in the Clever Kash Introduction page
Navigating to URL: https://webappisamdev.asbbank.co.nz/public/join/cleverkashasb/max?grcDisabled=true&fncJunction=fnc104
-> done: CommonSteps.GivenIAmInTheCleverKashIntroductionPage() (0.6s)
And I am in the Introduction page
11/15/2017 2:04:08 AMWaitForFeaturesPageLoad: Executing WaitForFrameAndSwitch
-> error: Exception has been thrown by the target of an invocation.
Then the 'Introduction' page progress indicator is displayed
-> skipped because of previous errors
And the header image is displayed
-> skipped because of previous errors
And the Introduction heading and info text is displayed
-> skipped because of previous errors
And the It's easy to join section for Clever Kash is not displayed
-> skipped because of previous errors
And the Before you start section is displayed
-> skipped because of previous errors
And the 'Over 18' tri-state controls has no default selection
-> skipped because of previous errors
And the 'NZ Resident' tri-state controls has no default selection
-> skipped because of previous errors
And the footer elements are displayed
-> skipped because of previous errors
]]></output>
                </test-case>
              </test-suite>
              <test-suite type="TestFixture" id="0-1418" name="_02_ProductsPageFeature" fullname="Join.Form.Customer.Selenium.Features._02_ProductsPageFeature" classname="Join.Form.Customer.Selenium.Features._02_ProductsPageFeature" runstate="Runnable" testcasecount="8" result="Passed" start-time="2017-11-14 13:07:42Z" end-time="2017-11-14 13:08:08Z" duration="26.428154" total="1" passed="1" failed="0" warnings="0" inconclusive="0" skipped="0" asserts="18">
                <properties>
                  <property name="Description" value="02_ProductsPage" />
                </properties>
                <test-case id="0-1419" name="PRODUCTS_01_VerifyUI_SelectProductsPage" fullname="Join.Form.Customer.Selenium.Features._02_ProductsPageFeature.PRODUCTS_01_VerifyUI_SelectProductsPage" methodname="PRODUCTS_01_VerifyUI_SelectProductsPage" classname="Join.Form.Customer.Selenium.Features._02_ProductsPageFeature" runstate="Runnable" seed="826915256" result="Passed" start-time="2017-11-14 13:07:42Z" end-time="2017-11-14 13:08:08Z" duration="26.410145" asserts="18">
                  <properties>
                    <property name="Description" value="PRODUCTS_01 - Verify UI - Select Products page" />
                    <property name="Category" value="COB" />
                    <property name="Category" value="products" />
                    <property name="Category" value="ui" />
                    <property name="Category" value="regression" />
                    <property name="Category" value="smoke" />
                    <property name="Category" value="integration" />
                    <property name="Category" value="072016" />
                  </properties>
                  <output><![CDATA[Given I start my Streamline application
Navigating to URL: https://webappisamdev.asbbank.co.nz/public/join/asb/max?grcDisabled=true&fncJunction=fnc104
-> done: CommonSteps.GivenIStartMyStreamlineApplication() (0.9s)
Given I am in the Select Products page
11/15/2017 2:07:54 AMWaitForFeaturesPageLoad: Executing WaitForFrameAndSwitch
11/15/2017 2:07:54 AMWaitForFeaturesPageLoad: Done executing WaitForFrameAndSwitch
-> done: ProductsPageSteps.GivenIAmInTheSelectProductsPage() (19.6s)
Then the Streamline transaction account details are displayed
-> done: ProductsPageSteps.ThenTheStreamlineTransactionAccountDetailsAreDisplayed() (0.2s)
And the 'ASB Visa Debit Streamline Intro' details are displayed with preselected checkbox
-> done: ProductsPageSteps.ThenTheIsPreselected("ASB Visa Debit St...") (0.2s)
And the 'FastSaver' account details are displayed with an unselected checkbox
Unable to find product 'FastSaver' in page or product 'FastSaver' is not selected
-> done: ProductsPageSteps.ThenTheAccountDetailsAreDisplayedWithAnUnselectedCheckbox("FastSaver") (1.2s)
And the 'Savings On Call' account details are displayed with an unselected checkbox
Unable to find product 'Savings On Call' in page or product 'Savings On Call' is not selected
-> done: ProductsPageSteps.ThenTheAccountDetailsAreDisplayedWithAnUnselectedCheckbox("Savings On Call") (1.2s)
And the products disclaimer is displayed
-> done: ProductsPageSteps.ThenTheProductsDisclaimerIsDisplayed() (0.1s)
]]></output>
                </test-case>
              </test-suite>
              <test-suite type="TestFixture" id="0-1380" name="_03_PersonalDetailsFeature" fullname="Join.Form.Customer.Selenium.Features._03_PersonalDetailsFeature" classname="Join.Form.Customer.Selenium.Features._03_PersonalDetailsFeature" runstate="Runnable" testcasecount="35" result="Passed" start-time="2017-11-14 13:08:08Z" end-time="2017-11-14 13:09:09Z" duration="61.438410" total="2" passed="2" failed="0" warnings="0" inconclusive="0" skipped="0" asserts="4">
                <properties>
                  <property name="Description" value="03_PersonalDetails" />
                </properties>
                <test-case id="0-1396" name="PDETAILS_14_SearchAndSelectStandardAddress" fullname="Join.Form.Customer.Selenium.Features._03_PersonalDetailsFeature.PDETAILS_14_SearchAndSelectStandardAddress" methodname="PDETAILS_14_SearchAndSelectStandardAddress" classname="Join.Form.Customer.Selenium.Features._03_PersonalDetailsFeature" runstate="Runnable" seed="289942223" result="Passed" start-time="2017-11-14 13:08:08Z" end-time="2017-11-14 13:08:38Z" duration="29.491767" asserts="2">
                  <properties>
                    <property name="Description" value="PDETAILS_14 - Search and select standard address" />
                    <property name="Category" value="COB" />
                    <property name="Category" value="personaldetails" />
                    <property name="Category" value="regression" />
                    <property name="Category" value="smoke" />
                    <property name="Category" value="ui" />
                    <property name="Category" value="integration" />
                    <property name="Category" value="072016" />
                  </properties>
                  <output><![CDATA[Given I start my Streamline application
Navigating to URL: https://webappisamdev.asbbank.co.nz/public/join/asb/max?grcDisabled=true&fncJunction=fnc104
-> done: CommonSteps.GivenIStartMyStreamlineApplication() (1.1s)
Given I am in the Personal Details page
11/15/2017 2:08:20 AMWaitForFeaturesPageLoad: Executing WaitForFrameAndSwitch
11/15/2017 2:08:20 AMWaitForFeaturesPageLoad: Done executing WaitForFrameAndSwitch
Unable to find product 'Savings On Call' in page or product 'Savings On Call' is not selected
Unable to find product 'FastSaver' in page or product 'FastSaver' is not selected
-> done: PersonalDetailsSteps.GivenIAmInThePersonalDetailsPage() (13.1s)
When I search and select '12 Lake Road, Kaitaia' as 'Standard' address
-> done: PersonalDetailsSteps.WhenISearchAndSelectAsAddress("12 Lake Road, Kai...", "Standard") (12.0s)
Then my 'Standard' address is displayed
-> done: PersonalDetailsSteps.ThenMyAddressIsDisplayed("Standard") (0.3s)
]]></output>
                </test-case>
                <test-case id="0-1397" name="PDETAILS_15_SearchAndSelectRuralDeliveryAddress" fullname="Join.Form.Customer.Selenium.Features._03_PersonalDetailsFeature.PDETAILS_15_SearchAndSelectRuralDeliveryAddress" methodname="PDETAILS_15_SearchAndSelectRuralDeliveryAddress" classname="Join.Form.Customer.Selenium.Features._03_PersonalDetailsFeature" runstate="Runnable" seed="644713708" result="Passed" start-time="2017-11-14 13:08:38Z" end-time="2017-11-14 13:09:09Z" duration="31.926088" asserts="2">
                  <properties>
                    <property name="Description" value="PDETAILS_15 - Search and select rural delivery address" />
                    <property name="Category" value="COB" />
                    <property name="Category" value="personaldetails" />
                    <property name="Category" value="regression" />
                    <property name="Category" value="ui" />
                    <property name="Category" value="integration" />
                    <property name="Category" value="072016" />
                  </properties>
                  <output><![CDATA[Given I start my Streamline application
Navigating to URL: https://webappisamdev.asbbank.co.nz/public/join/asb/max?grcDisabled=true&fncJunction=fnc104
-> done: CommonSteps.GivenIStartMyStreamlineApplication() (0.8s)
Given I am in the Personal Details page
11/15/2017 2:08:50 AMWaitForFeaturesPageLoad: Executing WaitForFrameAndSwitch
11/15/2017 2:08:50 AMWaitForFeaturesPageLoad: Done executing WaitForFrameAndSwitch
Unable to find product 'Savings On Call' in page or product 'Savings On Call' is not selected
Unable to find product 'FastSaver' in page or product 'FastSaver' is not selected
-> done: PersonalDetailsSteps.GivenIAmInThePersonalDetailsPage() (13.4s)
When I search and select '21 Greens Road, RD 1, Kaiapoi' as 'Rural Delivery' address
-> done: PersonalDetailsSteps.WhenISearchAndSelectAsAddress("21 Greens Road, R...", "Rural Delivery") (14.2s)
Then my 'Rural Delivery' address is displayed
-> done: PersonalDetailsSteps.ThenMyAddressIsDisplayed("Rural Delivery") (0.2s)
]]></output>
                </test-case>
              </test-suite>
              <test-suite type="TestFixture" id="0-1488" name="_04_TaxDetailsFeature" fullname="Join.Form.Customer.Selenium.Features._04_TaxDetailsFeature" classname="Join.Form.Customer.Selenium.Features._04_TaxDetailsFeature" runstate="Runnable" testcasecount="95" result="Passed" start-time="2017-11-14 13:09:09Z" end-time="2017-11-14 13:09:52Z" duration="42.957393" total="1" passed="1" failed="0" warnings="0" inconclusive="0" skipped="0" asserts="30">
                <properties>
                  <property name="Description" value="04_TaxDetails" />
                </properties>
                <test-case id="0-1587" name="TAXINFO_27_TINNumberAddCoTR" fullname="Join.Form.Customer.Selenium.Features._04_TaxDetailsFeature.TAXINFO_27_TINNumberAddCoTR" methodname="TAXINFO_27_TINNumberAddCoTR" classname="Join.Form.Customer.Selenium.Features._04_TaxDetailsFeature" runstate="Runnable" seed="1828659191" result="Passed" start-time="2017-11-14 13:09:09Z" end-time="2017-11-14 13:09:52Z" duration="42.938343" asserts="30">
                  <properties>
                    <property name="Description" value="TAXINFO_27 - TIN number Add CoTR" />
                    <property name="Category" value="112017" />
                    <property name="Category" value="taxdetails" />
                    <property name="Category" value="ui" />
                    <property name="Category" value="smoke" />
                    <property name="Category" value="regression" />
                    <property name="Category" value="integration" />
                    <property name="Category" value="securitytest" />
                  </properties>
                  <output><![CDATA[Given I start my Streamline application
Navigating to URL: https://webappisamdev.asbbank.co.nz/public/join/asb/max?grcDisabled=true&fncJunction=fnc104
-> done: CommonSteps.GivenIStartMyStreamlineApplication() (0.8s)
And I am in the Personal Details page
11/15/2017 2:09:22 AMWaitForFeaturesPageLoad: Executing WaitForFrameAndSwitch
11/15/2017 2:09:22 AMWaitForFeaturesPageLoad: Done executing WaitForFrameAndSwitch
Unable to find product 'Savings On Call' in page or product 'Savings On Call' is not selected
Unable to find product 'FastSaver' in page or product 'FastSaver' is not selected
-> done: PersonalDetailsSteps.GivenIAmInThePersonalDetailsPage() (13.1s)
Given I enter all required details in the Personal details page and clicks on Next button:
  --- table step argument ---
  | Title | FirstName  | MiddleName | LastName | DateOfBirth   | Email             | MobileNumber   | CountriesCitizenship | PreferredIdType |
  | Miss  | Automation |            | FYICOB   | 16 March 1978 | cob2016@asb.co.nz | 021-1234567890 | New Zealand          | Other           |
-> done: PersonalDetailsSteps.WhenIEnterAllRequiredDetailsForPersonalDetailsPage(<table>) (17.5s)
Then the Tax Details page is displayed
-> done: AdditionalPersonalDetailsSteps.GivenIAmInTheTaxInformationPage() (0.1s)
When I select 'Yes' in the Are you currently a New Zealand tax resident question
-> done: AdditionalPersonalDetailsSteps.WhenISelectInTheAreYouANewZealandTaxResidentQuestion("Yes") (0.2s)
And I select 'Yes' in the Foreign tax resident question
-> done: AdditionalPersonalDetailsSteps.WhenISelectInTheForeignTaxResidentQuestion("Yes") (0.2s)
And I click Add a country button
-> done: AdditionalPersonalDetailsSteps.WhenIClickAddACountryButton() (0.2s)
Then the add CoTR takeover 'is' displayed
-> done: AdditionalPersonalDetailsSteps.ThenTheAddCoTRTakeoverDisplayed("is") (0.1s)
When I select the country 'Australia' in the Countries where you have Foreign Tax Residence dropdown
-> done: AdditionalPersonalDetailsSteps.WhenISelectTheCountryInTheCountriesWhereYouHaveForeignTaxResidenceDropdown("Australia") (0.2s)
Then the Foreign Tax Number field 'is' displayed
-> done: AdditionalPersonalDetailsSteps.ThenTheForeignTaxNumberFieldDisplayed("is") (0.0s)
And the Where can I find this number? link opens in a new window
-> done: AdditionalPersonalDetailsSteps.ThenTheWhereCanIFindThisNumberLinkOpensInANewWindow() (1.9s)
And the following blacklisted TINs are not accepted in Foreign Tax Number field
  --- table step argument ---
  | tin         |
  | n/a         |
  | na          |
  | n.a         |
  | n.a.        |
  | n a         |
  | tbd         |
  | t.b.d       |
  | t.b.d.      |
  | t b d       |
  | tbc         |
  | t.b.c       |
  | t.b.c.      |
  | t b c       |
  | unknown     |
  | -           |
  | --          |
  | ---         |
  | ----        |
  | -----       |
  | none        |
  | non         |
  | don't know  |
  | do not know |
  | <>          |
-> done: AdditionalPersonalDetailsSteps.ThenTheFollowingBlacklistedTINsAreNotAcceptedInForeignTaxNumberField(<table>) (5.3s)
]]></output>
                </test-case>
              </test-suite>
              <test-suite type="TestFixture" id="0-1105" name="_05_ASBLoginPageFeature" fullname="Join.Form.Customer.Selenium.Features._05_ASBLoginPageFeature" classname="Join.Form.Customer.Selenium.Features._05_ASBLoginPageFeature" runstate="Runnable" testcasecount="133" result="Failed" site="Child" start-time="2017-11-14 13:09:52Z" end-time="2017-11-14 13:12:09Z" duration="136.224876" total="4" passed="3" failed="1" warnings="0" inconclusive="0" skipped="0" asserts="30">
                <properties>
                  <property name="Description" value="05_ASBLoginPage" />
                </properties>
                <failure>
                  <message><![CDATA[One or more child tests had errors]]></message>
                </failure>
                <test-suite type="ParameterizedMethod" id="0-1111" name="LOGIN_02_VerifyUsernameGeneration" fullname="Join.Form.Customer.Selenium.Features._05_ASBLoginPageFeature.LOGIN_02_VerifyUsernameGeneration" classname="Join.Form.Customer.Selenium.Features._05_ASBLoginPageFeature" runstate="Runnable" testcasecount="4" result="Failed" site="Child" start-time="2017-11-14 13:09:52Z" end-time="2017-11-14 13:12:09Z" duration="136.193254" total="4" passed="3" failed="1" warnings="0" inconclusive="0" skipped="0" asserts="30">
                  <properties>
                    <property name="Description" value="LOGIN_02 - Verify username generation" />
                    <property name="Category" value="COB" />
                    <property name="Category" value="asblogin" />
                    <property name="Category" value="integration" />
                    <property name="Category" value="072016" />
                  </properties>
                  <failure>
                    <message><![CDATA[One or more child tests had errors]]></message>
                  </failure>
                  <test-case id="0-1107" name="LOGIN_02_VerifyUsernameGeneration(&quot;Update all&quot;,&quot;new First&quot;,&quot;new Last&quot;,&quot;true&quot;,null)" fullname="Join.Form.Customer.Selenium.Features._05_ASBLoginPageFeature.LOGIN_02_VerifyUsernameGeneration(&quot;Update all&quot;,&quot;new First&quot;,&quot;new Last&quot;,&quot;true&quot;,null)" methodname="LOGIN_02_VerifyUsernameGeneration" classname="Join.Form.Customer.Selenium.Features._05_ASBLoginPageFeature" runstate="Runnable" seed="1562450854" result="Failed" label="Error" start-time="2017-11-14 13:09:53Z" end-time="2017-11-14 13:10:34Z" duration="41.648642" asserts="5">
                    <properties>
                      <property name="Category" value="regression" />
                      <property name="Category" value="smoke" />
                    </properties>
                    <failure>
                      <message><![CDATA[OpenQA.Selenium.NoSuchElementException : no such element: Unable to locate element: {"method":"css selector","selector":"#asbLogin"}
  (Session info: chrome=60.0.3112.78)
  (Driver info: chromedriver=2.29.461591 (62ebf098771772160f391d75e589dc567915b233),platform=Windows NT 6.3.9600 x86_64)]]></message>
                      <stack-trace><![CDATA[   at OpenQA.Selenium.Remote.RemoteWebDriver.UnpackAndThrowOnError(Response errorResponse)
   at OpenQA.Selenium.Remote.RemoteWebDriver.Execute(String driverCommandToExecute, Dictionary`2 parameters)
   at OpenQA.Selenium.Remote.RemoteWebDriver.FindElement(String mechanism, String value)
   at Join.Form.Customer.Selenium.Pages.FeaturesPage.IsPageActive(String pageName, IWebDriver driver)
   at Join.Form.Customer.Selenium.StepDefinitions.CommonSteps.ThenTheScreenOfJoinASBPageIsDisplayed(String pageName)
   at TechTalk.SpecFlow.Bindings.BindingInvoker.InvokeBinding(IBinding binding, IContextManager contextManager, Object[] arguments, ITestTracer testTracer, TimeSpan& duration)
   at TechTalk.SpecFlow.Infrastructure.TestExecutionEngine.ExecuteStepMatch(BindingMatch match, Object[] arguments)
   at TechTalk.SpecFlow.Infrastructure.TestExecutionEngine.ExecuteStep(StepInstance stepInstance)
   at TechTalk.SpecFlow.Infrastructure.TestExecutionEngine.OnAfterLastStep()
   at Join.Form.Customer.Selenium.Features._05_ASBLoginPageFeature.ScenarioCleanup()
   at Join.Form.Customer.Selenium.Features._05_ASBLoginPageFeature.LOGIN_02_VerifyUsernameGeneration(String scenarioName, String firstname, String lastname, String generatedflag, String[] exampleTags)]]></stack-trace>
                    </failure>
                    <output><![CDATA[Given I start my Streamline application
Navigating to URL: https://webappisamdev.asbbank.co.nz/public/join/asb/max?grcDisabled=true&fncJunction=fnc104
-> done: CommonSteps.GivenIStartMyStreamlineApplication() (0.8s)
And I am in the Personal Details page
11/15/2017 2:10:04 AMWaitForFeaturesPageLoad: Executing WaitForFrameAndSwitch
11/15/2017 2:10:04 AMWaitForFeaturesPageLoad: Done executing WaitForFrameAndSwitch
Unable to find product 'Savings On Call' in page or product 'Savings On Call' is not selected
Unable to find product 'FastSaver' in page or product 'FastSaver' is not selected
-> done: PersonalDetailsSteps.GivenIAmInThePersonalDetailsPage() (13.0s)
And I enter all required details in the Personal details page and clicks on Next button:
  --- table step argument ---
  | Title | FirstName | MiddleName | LastName | DateOfBirth   | Email             | MobileNumber   | CountriesCitizenship | PreferredIdType |
  | Miss  | Mary      | Middle     | Thomas   | 16 March 1978 | cob2016@asb.co.nz | 021-1234567890 | New Zealand          | Other           |
-> done: PersonalDetailsSteps.WhenIEnterAllRequiredDetailsForPersonalDetailsPage(<table>) (17.5s)
And I enter mandatory Tax Information for NZ citizen and clicks on Next button
-> done: AdditionalPersonalDetailsSteps.GivenIEnterMandatoryTaxInformationForNZCitizen() (0.5s)
Given I am in the ASB Login page
-> done: ASBLoginPageSteps.GivenIAmInTheASBLoginPage() (1.4s)
And the generated username is displayed
-> done: ASBLoginPageSteps.GivenTheGeneratedUsernameIsDisplayed() (1.9s)
When I click on 'Previous' button
-> done: CommonSteps.WhenIClickOnButton("Previous") (0.1s)
And I click on 'Previous' button
-> done: CommonSteps.WhenIClickOnButton("Previous") (0.2s)
And the 'Personal Details' screen of Join ASB page is displayed
-> done: CommonSteps.ThenTheScreenOfJoinASBPageIsDisplayed("Personal Details") (0.0s)
And I enter my Firstname as 'new First' and Lastname as 'new Last'
-> done: PersonalDetailsSteps.WhenIEnterMyFirstnameAsAndLastnameAs("new First", "new Last") (1.4s)
And I click on 'Next' button
-> done: CommonSteps.WhenIClickOnButton("Next") (0.1s)
And I click on 'Next' button
-> done: CommonSteps.WhenIClickOnButton("Next") (0.1s)
And the 'ASB Login' screen of Join ASB page is displayed
-> error: no such element: Unable to locate element: {"method":"css selector","selector":"#asbLogin"}
  (Session info: chrome=60.0.3112.78)
  (Driver info: chromedriver=2.29.461591 (62ebf098771772160f391d75e589dc567915b233),platform=Windows NT 6.3.9600 x86_64)
Then I expect my username to be 'true'
-> skipped because of previous errors
]]></output>
                  </test-case>
                  <test-case id="0-1108" name="LOGIN_02_VerifyUsernameGeneration(&quot;No change&quot;,&quot;same&quot;,&quot;same&quot;,&quot;false&quot;,null)" fullname="Join.Form.Customer.Selenium.Features._05_ASBLoginPageFeature.LOGIN_02_VerifyUsernameGeneration(&quot;No change&quot;,&quot;same&quot;,&quot;same&quot;,&quot;false&quot;,null)" methodname="LOGIN_02_VerifyUsernameGeneration" classname="Join.Form.Customer.Selenium.Features._05_ASBLoginPageFeature" runstate="Runnable" seed="163104355" result="Passed" start-time="2017-11-14 13:10:34Z" end-time="2017-11-14 13:11:05Z" duration="30.834610" asserts="7">
                    <properties>
                      <property name="Category" value="regression" />
                    </properties>
                    <output><![CDATA[Given I start my Streamline application
Navigating to URL: https://webappisamdev.asbbank.co.nz/public/join/asb/max?grcDisabled=true&fncJunction=fnc104
-> done: CommonSteps.GivenIStartMyStreamlineApplication() (0.7s)
And I am in the Personal Details page
11/15/2017 2:10:46 AMWaitForFeaturesPageLoad: Executing WaitForFrameAndSwitch
11/15/2017 2:10:46 AMWaitForFeaturesPageLoad: Done executing WaitForFrameAndSwitch
Unable to find product 'Savings On Call' in page or product 'Savings On Call' is not selected
Unable to find product 'FastSaver' in page or product 'FastSaver' is not selected
-> done: PersonalDetailsSteps.GivenIAmInThePersonalDetailsPage() (13.1s)
And I enter all required details in the Personal details page and clicks on Next button:
  --- table step argument ---
  | Title | FirstName | MiddleName | LastName | DateOfBirth   | Email             | MobileNumber   | CountriesCitizenship | PreferredIdType |
  | Miss  | Mary      | Middle     | Thomas   | 16 March 1978 | cob2016@asb.co.nz | 021-1234567890 | New Zealand          | Other           |
-> done: PersonalDetailsSteps.WhenIEnterAllRequiredDetailsForPersonalDetailsPage(<table>) (11.8s)
And I enter mandatory Tax Information for NZ citizen and clicks on Next button
-> done: AdditionalPersonalDetailsSteps.GivenIEnterMandatoryTaxInformationForNZCitizen() (0.5s)
Given I am in the ASB Login page
-> done: ASBLoginPageSteps.GivenIAmInTheASBLoginPage() (0.3s)
And the generated username is displayed
-> done: ASBLoginPageSteps.GivenTheGeneratedUsernameIsDisplayed() (0.2s)
When I click on 'Previous' button
-> done: CommonSteps.WhenIClickOnButton("Previous") (0.1s)
And I click on 'Previous' button
-> done: CommonSteps.WhenIClickOnButton("Previous") (0.2s)
And the 'Personal Details' screen of Join ASB page is displayed
-> done: CommonSteps.ThenTheScreenOfJoinASBPageIsDisplayed("Personal Details") (0.0s)
And I enter my Firstname as 'same' and Lastname as 'same'
-> done: PersonalDetailsSteps.WhenIEnterMyFirstnameAsAndLastnameAs("same", "same") (0.0s)
And I click on 'Next' button
-> done: CommonSteps.WhenIClickOnButton("Next") (0.1s)
And I click on 'Next' button
-> done: CommonSteps.WhenIClickOnButton("Next") (0.1s)
And the 'ASB Login' screen of Join ASB page is displayed
-> done: CommonSteps.ThenTheScreenOfJoinASBPageIsDisplayed("ASB Login") (0.0s)
Then I expect my username to be 'false'
-> done: ASBLoginPageSteps.ThenIExpectMyUsernameToBe(False) (0.1s)
]]></output>
                  </test-case>
                  <test-case id="0-1109" name="LOGIN_02_VerifyUsernameGeneration(&quot;Update Firstname&quot;,&quot;new First&quot;,&quot;same&quot;,&quot;true&quot;,null)" fullname="Join.Form.Customer.Selenium.Features._05_ASBLoginPageFeature.LOGIN_02_VerifyUsernameGeneration(&quot;Update Firstname&quot;,&quot;new First&quot;,&quot;same&quot;,&quot;true&quot;,null)" methodname="LOGIN_02_VerifyUsernameGeneration" classname="Join.Form.Customer.Selenium.Features._05_ASBLoginPageFeature" runstate="Runnable" seed="285846281" result="Passed" start-time="2017-11-14 13:11:05Z" end-time="2017-11-14 13:11:38Z" duration="32.547718" asserts="9">
                    <properties>
                      <property name="Category" value="regression" />
                    </properties>
                    <output><![CDATA[Given I start my Streamline application
Navigating to URL: https://webappisamdev.asbbank.co.nz/public/join/asb/max?grcDisabled=true&fncJunction=fnc104
-> done: CommonSteps.GivenIStartMyStreamlineApplication() (0.9s)
And I am in the Personal Details page
11/15/2017 2:11:17 AMWaitForFeaturesPageLoad: Executing WaitForFrameAndSwitch
11/15/2017 2:11:17 AMWaitForFeaturesPageLoad: Done executing WaitForFrameAndSwitch
Unable to find product 'Savings On Call' in page or product 'Savings On Call' is not selected
Unable to find product 'FastSaver' in page or product 'FastSaver' is not selected
-> done: PersonalDetailsSteps.GivenIAmInThePersonalDetailsPage() (13.3s)
And I enter all required details in the Personal details page and clicks on Next button:
  --- table step argument ---
  | Title | FirstName | MiddleName | LastName | DateOfBirth   | Email             | MobileNumber   | CountriesCitizenship | PreferredIdType |
  | Miss  | Mary      | Middle     | Thomas   | 16 March 1978 | cob2016@asb.co.nz | 021-1234567890 | New Zealand          | Other           |
-> done: PersonalDetailsSteps.WhenIEnterAllRequiredDetailsForPersonalDetailsPage(<table>) (12.0s)
And I enter mandatory Tax Information for NZ citizen and clicks on Next button
-> done: AdditionalPersonalDetailsSteps.GivenIEnterMandatoryTaxInformationForNZCitizen() (0.7s)
Given I am in the ASB Login page
-> done: ASBLoginPageSteps.GivenIAmInTheASBLoginPage() (0.2s)
And the generated username is displayed
-> done: ASBLoginPageSteps.GivenTheGeneratedUsernameIsDisplayed() (0.2s)
When I click on 'Previous' button
-> done: CommonSteps.WhenIClickOnButton("Previous") (0.1s)
And I click on 'Previous' button
-> done: CommonSteps.WhenIClickOnButton("Previous") (0.1s)
And the 'Personal Details' screen of Join ASB page is displayed
-> done: CommonSteps.ThenTheScreenOfJoinASBPageIsDisplayed("Personal Details") (0.1s)
And I enter my Firstname as 'new First' and Lastname as 'same'
-> done: PersonalDetailsSteps.WhenIEnterMyFirstnameAsAndLastnameAs("new First", "same") (0.9s)
And I click on 'Next' button
-> done: CommonSteps.WhenIClickOnButton("Next") (0.1s)
And I click on 'Next' button
-> done: CommonSteps.WhenIClickOnButton("Next") (0.1s)
And the 'ASB Login' screen of Join ASB page is displayed
-> done: CommonSteps.ThenTheScreenOfJoinASBPageIsDisplayed("ASB Login") (0.1s)
Then I expect my username to be 'true'
-> done: ASBLoginPageSteps.ThenIExpectMyUsernameToBe(True) (0.3s)
]]></output>
                  </test-case>
                  <test-case id="0-1110" name="LOGIN_02_VerifyUsernameGeneration(&quot;Update Lastname&quot;,&quot;same&quot;,&quot;new Last&quot;,&quot;true&quot;,null)" fullname="Join.Form.Customer.Selenium.Features._05_ASBLoginPageFeature.LOGIN_02_VerifyUsernameGeneration(&quot;Update Lastname&quot;,&quot;same&quot;,&quot;new Last&quot;,&quot;true&quot;,null)" methodname="LOGIN_02_VerifyUsernameGeneration" classname="Join.Form.Customer.Selenium.Features._05_ASBLoginPageFeature" runstate="Runnable" seed="1612265029" result="Passed" start-time="2017-11-14 13:11:38Z" end-time="2017-11-14 13:12:09Z" duration="31.107408" asserts="9">
                    <properties>
                      <property name="Category" value="regression" />
                    </properties>
                    <output><![CDATA[Given I start my Streamline application
Navigating to URL: https://webappisamdev.asbbank.co.nz/public/join/asb/max?grcDisabled=true&fncJunction=fnc104
-> done: CommonSteps.GivenIStartMyStreamlineApplication() (0.8s)
And I am in the Personal Details page
11/15/2017 2:11:49 AMWaitForFeaturesPageLoad: Executing WaitForFrameAndSwitch
11/15/2017 2:11:49 AMWaitForFeaturesPageLoad: Done executing WaitForFrameAndSwitch
Unable to find product 'Savings On Call' in page or product 'Savings On Call' is not selected
Unable to find product 'FastSaver' in page or product 'FastSaver' is not selected
-> done: PersonalDetailsSteps.GivenIAmInThePersonalDetailsPage() (13.1s)
And I enter all required details in the Personal details page and clicks on Next button:
  --- table step argument ---
  | Title | FirstName | MiddleName | LastName | DateOfBirth   | Email             | MobileNumber   | CountriesCitizenship | PreferredIdType |
  | Miss  | Mary      | Middle     | Thomas   | 16 March 1978 | cob2016@asb.co.nz | 021-1234567890 | New Zealand          | Other           |
-> done: PersonalDetailsSteps.WhenIEnterAllRequiredDetailsForPersonalDetailsPage(<table>) (11.0s)
And I enter mandatory Tax Information for NZ citizen and clicks on Next button
-> done: AdditionalPersonalDetailsSteps.GivenIEnterMandatoryTaxInformationForNZCitizen() (0.5s)
Given I am in the ASB Login page
-> done: ASBLoginPageSteps.GivenIAmInTheASBLoginPage() (1.0s)
And the generated username is displayed
-> done: ASBLoginPageSteps.GivenTheGeneratedUsernameIsDisplayed() (0.2s)
When I click on 'Previous' button
-> done: CommonSteps.WhenIClickOnButton("Previous") (0.1s)
And I click on 'Previous' button
-> done: CommonSteps.WhenIClickOnButton("Previous") (0.2s)
And the 'Personal Details' screen of Join ASB page is displayed
-> done: CommonSteps.ThenTheScreenOfJoinASBPageIsDisplayed("Personal Details") (0.1s)
And I enter my Firstname as 'same' and Lastname as 'new Last'
-> done: PersonalDetailsSteps.WhenIEnterMyFirstnameAsAndLastnameAs("same", "new Last") (0.8s)
And I click on 'Next' button
-> done: CommonSteps.WhenIClickOnButton("Next") (0.1s)
And I click on 'Next' button
-> done: CommonSteps.WhenIClickOnButton("Next") (0.1s)
And the 'ASB Login' screen of Join ASB page is displayed
-> done: CommonSteps.ThenTheScreenOfJoinASBPageIsDisplayed("ASB Login") (0.1s)
Then I expect my username to be 'true'
-> done: ASBLoginPageSteps.ThenIExpectMyUsernameToBe(True) (0.2s)
]]></output>
                  </test-case>
                </test-suite>
              </test-suite>
              <test-suite type="TestFixture" id="0-1440" name="_06_SummaryPageFeature" fullname="Join.Form.Customer.Selenium.Features._06_SummaryPageFeature" classname="Join.Form.Customer.Selenium.Features._06_SummaryPageFeature" runstate="Runnable" testcasecount="42" result="Failed" site="Child" start-time="2017-11-14 13:12:09Z" end-time="2017-11-14 13:18:24Z" duration="375.290394" total="1" passed="0" failed="1" warnings="0" inconclusive="0" skipped="0" asserts="3">
                <properties>
                  <property name="Description" value="06_SummaryPage" />
                </properties>
                <failure>
                  <message><![CDATA[One or more child tests had errors]]></message>
                </failure>
                <test-case id="0-1465" name="SUMMARY_09_VerifyThePageBehaviourWhenTheUserClicksOnConfirmButton" fullname="Join.Form.Customer.Selenium.Features._06_SummaryPageFeature.SUMMARY_09_VerifyThePageBehaviourWhenTheUserClicksOnConfirmButton" methodname="SUMMARY_09_VerifyThePageBehaviourWhenTheUserClicksOnConfirmButton" classname="Join.Form.Customer.Selenium.Features._06_SummaryPageFeature" runstate="Runnable" seed="9295772" result="Failed" label="Error" start-time="2017-11-14 13:12:09Z" end-time="2017-11-14 13:18:24Z" duration="375.270410" asserts="3">
                  <properties>
                    <property name="Description" value="SUMMARY_09 - Verify the page behaviour when the user clicks on Confirm button" />
                    <property name="Category" value="COB" />
                    <property name="Category" value="summary" />
                    <property name="Category" value="integration" />
                    <property name="Category" value="072016" />
                    <property name="Category" value="112017" />
                  </properties>
                  <failure>
                    <message><![CDATA[System.Exception : no such element: Unable to locate element: {"method":"css selector","selector":"#loggingYouIn"}
  (Session info: chrome=60.0.3112.78)
  (Driver info: chromedriver=2.29.461591 (62ebf098771772160f391d75e589dc567915b233),platform=Windows NT 6.3.9600 x86_64)
  ----> OpenQA.Selenium.NoSuchElementException : no such element: Unable to locate element: {"method":"css selector","selector":"#loggingYouIn"}
  (Session info: chrome=60.0.3112.78)
  (Driver info: chromedriver=2.29.461591 (62ebf098771772160f391d75e589dc567915b233),platform=Windows NT 6.3.9600 x86_64)]]></message>
                    <stack-trace><![CDATA[   at ASB.Test.Automation.Utils.Retry.Retry.Execute(Func`1 function, Int32 retryInterval, Int32 retryCount, String exceptionMessage)
   at Join.Form.Customer.Selenium.StepDefinitions.ConfirmationPageSteps.ThenTheLoggingYouInProgressPageIsDisplayed()
   at TechTalk.SpecFlow.Bindings.BindingInvoker.InvokeBinding(IBinding binding, IContextManager contextManager, Object[] arguments, ITestTracer testTracer, TimeSpan& duration)
   at TechTalk.SpecFlow.Infrastructure.TestExecutionEngine.ExecuteStepMatch(BindingMatch match, Object[] arguments)
   at TechTalk.SpecFlow.Infrastructure.TestExecutionEngine.ExecuteStep(StepInstance stepInstance)
   at TechTalk.SpecFlow.Infrastructure.TestExecutionEngine.OnAfterLastStep()
   at Join.Form.Customer.Selenium.Features._06_SummaryPageFeature.ScenarioCleanup()
   at Join.Form.Customer.Selenium.Features._06_SummaryPageFeature.SUMMARY_09_VerifyThePageBehaviourWhenTheUserClicksOnConfirmButton()
--NoSuchElementException
   at OpenQA.Selenium.Remote.RemoteWebDriver.UnpackAndThrowOnError(Response errorResponse)
   at OpenQA.Selenium.Remote.RemoteWebDriver.Execute(String driverCommandToExecute, Dictionary`2 parameters)
   at OpenQA.Selenium.Remote.RemoteWebDriver.FindElement(String mechanism, String value)
   at Join.Form.Customer.Selenium.Pages.FeaturesPage.IsPageActive(String pageName, IWebDriver driver)
   at Join.Form.Customer.Selenium.StepDefinitions.ConfirmationPageSteps.<ThenTheLoggingYouInProgressPageIsDisplayed>b__9_0()
   at ASB.Test.Automation.Utils.Retry.Retry.Execute(Func`1 function, Int32 retryInterval, Int32 retryCount, String exceptionMessage)]]></stack-trace>
                  </failure>
                  <output><![CDATA[Given I start my Streamline application
Navigating to URL: https://webappisamdev.asbbank.co.nz/public/join/asb/max?grcDisabled=true&fncJunction=fnc104
-> done: CommonSteps.GivenIStartMyStreamlineApplication() (1.1s)
And I am in the Personal Details page
11/15/2017 2:12:21 AMWaitForFeaturesPageLoad: Executing WaitForFrameAndSwitch
11/15/2017 2:12:21 AMWaitForFeaturesPageLoad: Done executing WaitForFrameAndSwitch
Unable to find product 'Savings On Call' in page or product 'Savings On Call' is not selected
Unable to find product 'FastSaver' in page or product 'FastSaver' is not selected
-> done: PersonalDetailsSteps.GivenIAmInThePersonalDetailsPage() (13.1s)
And I enter all required details in the Personal details page and clicks on Next button:
  --- table step argument ---
  | Title | FirstName  | MiddleName | LastName | DateOfBirth   | Email             | MobileNumber   | CountriesCitizenship | PreferredIdType |
  | Miss  | Automation | Middle     | ass   | 16 March 1978 | cob2016@asb.co.nz | 021-1234567890 | New Zealand          | Other           |
-> done: PersonalDetailsSteps.WhenIEnterAllRequiredDetailsForPersonalDetailsPage(<table>) (15.1s)
And I enter mandatory Tax Information for NZ citizen and clicks on Next button
-> done: AdditionalPersonalDetailsSteps.GivenIEnterMandatoryTaxInformationForNZCitizen() (0.5s)
And I enter 'Kiwi77nz' password and 'MyCode01' ass password in the ASB Login page and clicks on Next button
-> done: ASBLoginPageSteps.WhenIEnterPasswordAndassPasswordInTheASBLoginPageAndClicksOnNextButton("Kiwi77nz", "MyCode01") (1.2s)
Given I am in the Summary page
-> done: SummaryPageSteps.GivenIAmInTheSummaryPage() (0.1s)
When I 'mark' the I agree to the Terms and Conditions checkbox
-> done: SummaryPageSteps.WhenITheIAgreeCheckbox("mark") (1.0s)
And I 'mark' the I agree to the Background Address verification checkbox
-> done: SummaryPageSteps.WhenITheIAgreeToTheBackgroundAddressVerificationCheckbox("mark") (1.1s)
And I click on 'Confirm' button
-> done: CommonSteps.WhenIClickOnButton("Confirm") (0.1s)
Then the 'Processing' screen of Join ASB page is displayed
-> done: CommonSteps.ThenTheScreenOfJoinASBPageIsDisplayed("Processing") (0.0s)
And the Logging you in progress page is displayed
-> error: no such element: Unable to locate element: {"method":"css selector","selector":"#loggingYouIn"}
  (Session info: chrome=60.0.3112.78)
  (Driver info: chromedriver=2.29.461591 (62ebf098771772160f391d75e589dc567915b233),platform=Windows NT 6.3.9600 x86_64)
And the Activation page is displayed
-> skipped because of previous errors
]]></output>
                </test-case>
              </test-suite>
              <test-suite type="TestFixture" id="0-1254" name="_07_ConfirmationFeature" fullname="Join.Form.Customer.Selenium.Features._07_ConfirmationFeature" classname="Join.Form.Customer.Selenium.Features._07_ConfirmationFeature" runstate="Runnable" testcasecount="9" result="Failed" site="Child" start-time="2017-11-14 13:18:24Z" end-time="2017-11-14 13:23:12Z" duration="288.259580" total="6" passed="5" failed="1" warnings="0" inconclusive="0" skipped="0" asserts="107">
                <properties>
                  <property name="Description" value="07_Confirmation" />
                </properties>
                <failure>
                  <message><![CDATA[One or more child tests had errors]]></message>
                </failure>
                <test-case id="0-1255" name="CNFM_01_VerifyConfirmationScreen_BadCustomerCheckBlock" fullname="Join.Form.Customer.Selenium.Features._07_ConfirmationFeature.CNFM_01_VerifyConfirmationScreen_BadCustomerCheckBlock" methodname="CNFM_01_VerifyConfirmationScreen_BadCustomerCheckBlock" classname="Join.Form.Customer.Selenium.Features._07_ConfirmationFeature" runstate="Runnable" seed="67783155" result="Passed" start-time="2017-11-14 13:18:24Z" end-time="2017-11-14 13:19:09Z" duration="44.484942" asserts="19">
                  <properties>
                    <property name="Description" value="CNFM_01 - Verify Confirmation screen - Bad Customer check (block)" />
                    <property name="Category" value="COB" />
                    <property name="Category" value="confirmation" />
                    <property name="Category" value="regression" />
                    <property name="Category" value="integration" />
                    <property name="Category" value="072016" />
                  </properties>
                  <output><![CDATA[Given I start my Streamline application
Navigating to URL: https://webappisamdev.asbbank.co.nz/public/join/asb/max?grcDisabled=true&fncJunction=fnc104
-> done: CommonSteps.GivenIStartMyStreamlineApplication() (0.9s)
Given I select the following products: 'Streamline intro, ASB Visa Debit Streamline Intro'
11/15/2017 2:18:36 AMWaitForFeaturesPageLoad: Executing WaitForFrameAndSwitch
11/15/2017 2:18:36 AMWaitForFeaturesPageLoad: Done executing WaitForFrameAndSwitch
Unable to find product 'FastSaver' in page or product 'FastSaver' is not selected
Unable to find product 'Savings On Call' in page or product 'Savings On Call' is not selected
Unable to find product 'Savings On Call' in page or product 'Savings On Call' is not selected
Unable to find product 'FastSaver' in page or product 'FastSaver' is not selected
-> done: ProductsPageSteps.WhenIChangeMySelectedProductsTo("Streamline intro,...") (15.1s)
And I enter all required details and navigate to Summary page
  --- table step argument ---
  | Title | FirstName | MiddleName | LastName | DateOfBirth | Email             | MobileNumber | CountriesCitizenship | PreferredIdType | Password | assPassword |
  | Mr    | Michael   | Sam        | Wayne    | 1 June 1983 | cob2016@asb.co.nz | 021-ass   | New Zealand          | Other           | Kiwi77nz | MyCode01       |
Given I enter mandatory Tax Information for NZ citizen and clicks on Next button
-> done: AdditionalPersonalDetailsSteps.GivenIEnterMandatoryTaxInformationForNZCitizen() (0.5s)
-> done: PersonalDetailsSteps.GivenIEnterAllRequiredDetailsAndNavigateToSummaryPage(<table>) (16.0s)
When I confirm details on the Summary page
UniqueId: 
Title: Mr
FirstName: Michael
MiddleName: Sam
LastName: Wayne
Email: cob2016@asb.co.nz
Gender: 
DateOfBirth: 6/1/1983 12:00:00 AM
DateCreated: 
LastReviewDate: 
Cals: 
IsIndividual: 
NzCitizen: 
NzResidence: 
HighValueCustomer: 
StaffMember: 
AmlVerified: 
VipCustomer: 
Addresses: System.Collections.Generic.List`1[ASB.Selenium.DataModel.Customer.Address]
AddressInformation: ASB.Selenium.DataModel.Customer.AddressInformation
CompanyName: 
CompanyType: 
CompanySubType: 
CustomerTypeCode: 
IrdNumber: 
TaxClass: 
TaxClassDate: 
IsNzTaxResident: True
NonResidentCountryCode: 
IsForeignTaxResident: False
ForeignTaxResidencyStatus: 
IsProfileEnhanced: 
Phones: System.Collections.Generic.List`1[ASB.Selenium.DataModel.Customer.Phone]
NextOfKin: 
EmploymentDetails: 
LinkedCustomers: 
AccountRelationships: 
IdType: 
Fatca: ASB.Selenium.DataModel.Customer.Fatca
CitizenshipCountryCodes: 
CitizenshipCountryNames: System.Collections.Generic.List`1[System.String]
ForeignTaxResidenceTypes: System.Collections.Generic.List`1[ASB.Selenium.DataModel.Customer.ForeignTaxResidenceTypes]
OnboardingDetail: ASB.Selenium.DataModel.Customer.OnboardingDetail
AddressVerificationStatus: 
IdVerificationStatus: 
PreferredIdType: Other
IsProfileComplete: True
DaysRemaining: 0
OnboardingStatus: 
NewAccounts: System.Collections.Generic.List`1[ASB.Selenium.DataModel.Customer.Accounts]
FailedAccounts: System.Collections.Generic.List`1[ASB.Selenium.DataModel.Customer.Accounts]
OnboardingSource: JoinASB
CustomerCreated: 
LoginCreated: 
RegisteredForNetcode: 
AccountsCreated: 
CustomerAccessToken: 
VerificationPassword: MyCode01
LoginDetail: ASB.Selenium.DataModel.Customer.Login
CustomerType: 
Cif: 
Username: mway99650
UsernameApi: 
Password: Kiwi77nz
PublicKey: 
AcceptedTermsAndConditions: 
BackgroundCheckConsent: 
PreferredIdType: 
-> done: SummaryPageSteps.WhenIConfirmDetailsOnTheSummaryPage() (2.8s)
Then System Unavailable screen is displayed
-> done: ConfirmationPageSteps.ThenSystemUnavailableScreenIsDisplayed("is") (1.0s)
And a message advising me of difficulties signing me up online and to contact ASB is displayed
-> done: ConfirmationPageSteps.ThenAMessageAdvisingMeOfDifficultiesSigningMeUpOnlineAndToContactASBIsDisplayed("is") (0.0s)
And the Confirmation page for duplicate 'bad' customer with open products is displayed
Unable to find FNC Login section!
-> done: ConfirmationPageSteps.ThenTheConfirmationPageForCustomerIsDisplayed("bad") (2.2s)
And the 'Find a branch' button opens in a new window
-> done: CommonSteps.ThenTheButtonOpensInANewWindow("Find a branch") (3.0s)
]]></output>
                </test-case>
                <test-suite type="ParameterizedMethod" id="0-1260" name="CNFM_02_ExistingCustomerCheck_DifferentOpenProducts" fullname="Join.Form.Customer.Selenium.Features._07_ConfirmationFeature.CNFM_02_ExistingCustomerCheck_DifferentOpenProducts" classname="Join.Form.Customer.Selenium.Features._07_ConfirmationFeature" runstate="Runnable" testcasecount="4" result="Passed" start-time="2017-11-14 13:19:09Z" end-time="2017-11-14 13:21:58Z" duration="169.394717" total="4" passed="4" failed="0" warnings="0" inconclusive="0" skipped="0" asserts="60">
                  <properties>
                    <property name="Description" value="CNFM_02 - Existing Customer check - Different Open Products" />
                    <property name="Category" value="COB" />
                    <property name="Category" value="confirmation" />
                    <property name="Category" value="offline" />
                    <property name="Category" value="integration" />
                    <property name="Category" value="regression" />
                    <property name="Category" value="072016" />
                  </properties>
                  <test-case id="0-1256" name="CNFM_02_ExistingCustomerCheck_DifferentOpenProducts(&quot;Open Good&quot;,&quot;Mr&quot;,&quot;Good&quot;,&quot;Sam&quot;,&quot;Man&quot;,&quot;1 January 1980&quot;,System.String[])" fullname="Join.Form.Customer.Selenium.Features._07_ConfirmationFeature.CNFM_02_ExistingCustomerCheck_DifferentOpenProducts(&quot;Open Good&quot;,&quot;Mr&quot;,&quot;Good&quot;,&quot;Sam&quot;,&quot;Man&quot;,&quot;1 January 1980&quot;,System.String[])" methodname="CNFM_02_ExistingCustomerCheck_DifferentOpenProducts" classname="Join.Form.Customer.Selenium.Features._07_ConfirmationFeature" runstate="Runnable" seed="1944520440" result="Passed" start-time="2017-11-14 13:19:09Z" end-time="2017-11-14 13:19:55Z" duration="46.099818" asserts="15">
                    <properties />
                    <output><![CDATA[Given I start my Streamline application
Navigating to URL: https://webappisamdev.asbbank.co.nz/public/join/asb/max?grcDisabled=true&fncJunction=fnc104
-> done: CommonSteps.GivenIStartMyStreamlineApplication() (0.7s)
Given I select the following products: 'Streamline intro,ASB Visa Debit Streamline Intro'
11/15/2017 2:19:20 AMWaitForFeaturesPageLoad: Executing WaitForFrameAndSwitch
11/15/2017 2:19:20 AMWaitForFeaturesPageLoad: Done executing WaitForFrameAndSwitch
Unable to find product 'FastSaver' in page or product 'FastSaver' is not selected
Unable to find product 'Savings On Call' in page or product 'Savings On Call' is not selected
Unable to find product 'Savings On Call' in page or product 'Savings On Call' is not selected
Unable to find product 'FastSaver' in page or product 'FastSaver' is not selected
-> done: ProductsPageSteps.WhenIChangeMySelectedProductsTo("Streamline intro,...") (15.1s)
And I enter personal and login details Mr,Good,Sam,Man,1 January 1980,cob2016@asb.co.nz,021-ass,New Zealand,Other,Kiwi77nz,ass123,false
Given I enter mandatory Tax Information for NZ citizen and clicks on Next button
-> done: AdditionalPersonalDetailsSteps.GivenIEnterMandatoryTaxInformationForNZCitizen() (0.5s)
-> done: PersonalDetailsSteps.GivenIEnterPersonalAndLoginDetails("Mr", "Good", "Sam", "Man", "1 January 1980", "cob2016@asb.co.nz", "021-ass", "New Zealand", "Other", "Kiwi77nz", "ass123", "false") (23.9s)
When I confirm details on the Summary page
UniqueId: 
Title: Mr
FirstName: Good
MiddleName: Sam
LastName: Man
Email: cob2016@asb.co.nz
Gender: 
DateOfBirth: 1/1/1980 12:00:00 AM
DateCreated: 
LastReviewDate: 
Cals: 
IsIndividual: 
NzCitizen: 
NzResidence: 
HighValueCustomer: 
StaffMember: 
AmlVerified: 
VipCustomer: 
Addresses: System.Collections.Generic.List`1[ASB.Selenium.DataModel.Customer.Address]
AddressInformation: ASB.Selenium.DataModel.Customer.AddressInformation
CompanyName: 
CompanyType: 
CompanySubType: 
CustomerTypeCode: 
IrdNumber: 
TaxClass: 
TaxClassDate: 
IsNzTaxResident: True
NonResidentCountryCode: 
IsForeignTaxResident: False
ForeignTaxResidencyStatus: 
IsProfileEnhanced: 
Phones: System.Collections.Generic.List`1[ASB.Selenium.DataModel.Customer.Phone]
NextOfKin: 
EmploymentDetails: 
LinkedCustomers: 
AccountRelationships: 
IdType: 
Fatca: ASB.Selenium.DataModel.Customer.Fatca
CitizenshipCountryCodes: 
CitizenshipCountryNames: System.Collections.Generic.List`1[System.String]
ForeignTaxResidenceTypes: System.Collections.Generic.List`1[ASB.Selenium.DataModel.Customer.ForeignTaxResidenceTypes]
OnboardingDetail: ASB.Selenium.DataModel.Customer.OnboardingDetail
AddressVerificationStatus: 
IdVerificationStatus: 
PreferredIdType: Other
IsProfileComplete: True
DaysRemaining: 0
OnboardingStatus: 
NewAccounts: System.Collections.Generic.List`1[ASB.Selenium.DataModel.Customer.Accounts]
FailedAccounts: System.Collections.Generic.List`1[ASB.Selenium.DataModel.Customer.Accounts]
OnboardingSource: JoinASB
CustomerCreated: 
LoginCreated: 
RegisteredForNetcode: 
AccountsCreated: 
CustomerAccessToken: 
VerificationPassword: ass123
LoginDetail: ASB.Selenium.DataModel.Customer.Login
CustomerType: 
Cif: 
Username: gman34213
UsernameApi: 
Password: Kiwi77nz
PublicKey: 
AcceptedTermsAndConditions: 
BackgroundCheckConsent: 
PreferredIdType: 
-> done: SummaryPageSteps.WhenIConfirmDetailsOnTheSummaryPage() (2.7s)
Then the Confirmation page for duplicate 'good' customer with open products is displayed
-> done: ConfirmationPageSteps.ThenTheConfirmationPageForCustomerIsDisplayed("good") (2.6s)
]]></output>
                  </test-case>
                  <test-case id="0-1257" name="CNFM_02_ExistingCustomerCheck_DifferentOpenProducts(&quot;assd Bad&quot;,&quot;Mrs&quot;,&quot;ass&quot;,&quot;ass&quot;,&quot;ass&quot;,&quot;1 January 1980&quot;,System.String[])" fullname="Join.Form.Customer.Selenium.Features._07_ConfirmationFeature.CNFM_02_ExistingCustomerCheck_DifferentOpenProducts(&quot;assd Bad&quot;,&quot;Mrs&quot;,&quot;ass&quot;,&quot;ass&quot;,&quot;ass&quot;,&quot;1 January 1980&quot;,System.String[])" methodname="CNFM_02_ExistingCustomerCheck_DifferentOpenProducts" classname="Join.Form.Customer.Selenium.Features._07_ConfirmationFeature" runstate="Runnable" seed="266657991" result="Passed" start-time="2017-11-14 13:19:55Z" end-time="2017-11-14 13:20:44Z" duration="48.859334" asserts="15">
                    <properties />
                    <output><![CDATA[Given I start my Streamline application
Navigating to URL: https://webappisamdev.asbbank.co.nz/public/join/asb/max?grcDisabled=true&fncJunction=fnc104
-> done: CommonSteps.GivenIStartMyStreamlineApplication() (0.7s)
Given I select the following products: 'Streamline intro,ASB Visa Debit Streamline Intro'
11/15/2017 2:20:06 AMWaitForFeaturesPageLoad: Executing WaitForFrameAndSwitch
11/15/2017 2:20:06 AMWaitForFeaturesPageLoad: Done executing WaitForFrameAndSwitch
Unable to find product 'FastSaver' in page or product 'FastSaver' is not selected
Unable to find product 'Savings On Call' in page or product 'Savings On Call' is not selected
Unable to find product 'Savings On Call' in page or product 'Savings On Call' is not selected
Unable to find product 'FastSaver' in page or product 'FastSaver' is not selected
-> done: ProductsPageSteps.WhenIChangeMySelectedProductsTo("Streamline intro,...") (17.1s)
And I enter personal and login details Mrs,ass,ass,ass,1 January 1980,cob2016@asb.co.nz,021-ass,New Zealand,Other,Kiwi77nz,ass123,false
Given I enter mandatory Tax Information for NZ citizen and clicks on Next button
-> done: AdditionalPersonalDetailsSteps.GivenIEnterMandatoryTaxInformationForNZCitizen() (0.5s)
-> done: PersonalDetailsSteps.GivenIEnterPersonalAndLoginDetails("Mrs", "ass", "ass", "ass", "1 January 1980", "cob2016@asb.co.nz", "021-ass", "New Zealand", "Other", "Kiwi77nz", "ass123", "false") (21.6s)
When I confirm details on the Summary page
UniqueId: 
Title: Mrs
FirstName: ass
MiddleName: ass
LastName: ass
Email: cob2016@asb.co.nz
Gender: 
DateOfBirth: 1/1/1980 12:00:00 AM
DateCreated: 
LastReviewDate: 
Cals: 
IsIndividual: 
NzCitizen: 
NzResidence: 
HighValueCustomer: 
StaffMember: 
AmlVerified: 
VipCustomer: 
Addresses: System.Collections.Generic.List`1[ASB.Selenium.DataModel.Customer.Address]
AddressInformation: ASB.Selenium.DataModel.Customer.AddressInformation
CompanyName: 
CompanyType: 
CompanySubType: 
CustomerTypeCode: 
IrdNumber: 
TaxClass: 
TaxClassDate: 
IsNzTaxResident: True
NonResidentCountryCode: 
IsForeignTaxResident: False
ForeignTaxResidencyStatus: 
IsProfileEnhanced: 
Phones: System.Collections.Generic.List`1[ASB.Selenium.DataModel.Customer.Phone]
NextOfKin: 
EmploymentDetails: 
LinkedCustomers: 
AccountRelationships: 
IdType: 
Fatca: ASB.Selenium.DataModel.Customer.Fatca
CitizenshipCountryCodes: 
CitizenshipCountryNames: System.Collections.Generic.List`1[System.String]
ForeignTaxResidenceTypes: System.Collections.Generic.List`1[ASB.Selenium.DataModel.Customer.ForeignTaxResidenceTypes]
OnboardingDetail: ASB.Selenium.DataModel.Customer.OnboardingDetail
AddressVerificationStatus: 
IdVerificationStatus: 
PreferredIdType: Other
IsProfileComplete: True
DaysRemaining: 0
OnboardingStatus: 
NewAccounts: System.Collections.Generic.List`1[ASB.Selenium.DataModel.Customer.Accounts]
FailedAccounts: System.Collections.Generic.List`1[ASB.Selenium.DataModel.Customer.Accounts]
OnboardingSource: JoinASB
CustomerCreated: 
LoginCreated: 
RegisteredForNetcode: 
AccountsCreated: 
CustomerAccessToken: 
VerificationPassword: ass123
LoginDetail: ASB.Selenium.DataModel.Customer.Login
CustomerType: 
Cif: 
Username: bwol34637
UsernameApi: 
Password: Kiwi77nz
PublicKey: 
AcceptedTermsAndConditions: 
BackgroundCheckConsent: 
PreferredIdType: 
-> done: SummaryPageSteps.WhenIConfirmDetailsOnTheSummaryPage() (2.8s)
Then the Confirmation page for duplicate 'good' customer with open products is displayed
-> done: ConfirmationPageSteps.ThenTheConfirmationPageForCustomerIsDisplayed("good") (3.4s)
]]></output>
                  </test-case>
                  <test-case id="0-1258" name="CNFM_02_ExistingCustomerCheck_DifferentOpenProducts(&quot;Transactional Only&quot;,&quot;Ms&quot;,&quot;Hamel&quot;,&quot;Ineunt&quot;,&quot;GIPSYWEED&quot;,&quot;29 October 1958&quot;,System.String[])" fullname="Join.Form.Customer.Selenium.Features._07_ConfirmationFeature.CNFM_02_ExistingCustomerCheck_DifferentOpenProducts(&quot;Transactional Only&quot;,&quot;Ms&quot;,&quot;Hamel&quot;,&quot;Ineunt&quot;,&quot;GIPSYWEED&quot;,&quot;29 October 1958&quot;,System.String[])" methodname="CNFM_02_ExistingCustomerCheck_DifferentOpenProducts" classname="Join.Form.Customer.Selenium.Features._07_ConfirmationFeature" runstate="Runnable" seed="1010865599" result="Passed" start-time="2017-11-14 13:20:44Z" end-time="2017-11-14 13:21:22Z" duration="38.651367" asserts="15">
                    <properties />
                    <output><![CDATA[Given I start my Streamline application
Navigating to URL: https://webappisamdev.asbbank.co.nz/public/join/asb/max?grcDisabled=true&fncJunction=fnc104
-> done: CommonSteps.GivenIStartMyStreamlineApplication() (0.8s)
Given I select the following products: 'Streamline intro,ASB Visa Debit Streamline Intro'
11/15/2017 2:20:55 AMWaitForFeaturesPageLoad: Executing WaitForFrameAndSwitch
11/15/2017 2:20:55 AMWaitForFeaturesPageLoad: Done executing WaitForFrameAndSwitch
Unable to find product 'FastSaver' in page or product 'FastSaver' is not selected
Unable to find product 'Savings On Call' in page or product 'Savings On Call' is not selected
Unable to find product 'Savings On Call' in page or product 'Savings On Call' is not selected
Unable to find product 'FastSaver' in page or product 'FastSaver' is not selected
-> done: ProductsPageSteps.WhenIChangeMySelectedProductsTo("Streamline intro,...") (15.0s)
And I enter personal and login details Ms,Hamel,Ineunt,GIPSYWEED,29 October 1958,cob2016@asb.co.nz,021-ass,New Zealand,Other,Kiwi77nz,ass123,false
Given I enter mandatory Tax Information for NZ citizen and clicks on Next button
-> done: AdditionalPersonalDetailsSteps.GivenIEnterMandatoryTaxInformationForNZCitizen() (0.5s)
-> done: PersonalDetailsSteps.GivenIEnterPersonalAndLoginDetails("Ms", "Hamel", "Ineunt", "GIPSYWEED", "29 October 1958", "cob2016@asb.co.nz", "021-ass", "New Zealand", "Other", "Kiwi77nz", "ass123", "false") (16.0s)
When I confirm details on the Summary page
UniqueId: 
Title: Ms
FirstName: Hamel
MiddleName: Ineunt
LastName: GIPSYWEED
Email: cob2016@asb.co.nz
Gender: 
DateOfBirth: 10/29/1958 12:00:00 AM
DateCreated: 
LastReviewDate: 
Cals: 
IsIndividual: 
NzCitizen: 
NzResidence: 
HighValueCustomer: 
StaffMember: 
AmlVerified: 
VipCustomer: 
Addresses: System.Collections.Generic.List`1[ASB.Selenium.DataModel.Customer.Address]
AddressInformation: ASB.Selenium.DataModel.Customer.AddressInformation
CompanyName: 
CompanyType: 
CompanySubType: 
CustomerTypeCode: 
IrdNumber: 
TaxClass: 
TaxClassDate: 
IsNzTaxResident: True
NonResidentCountryCode: 
IsForeignTaxResident: False
ForeignTaxResidencyStatus: 
IsProfileEnhanced: 
Phones: System.Collections.Generic.List`1[ASB.Selenium.DataModel.Customer.Phone]
NextOfKin: 
EmploymentDetails: 
LinkedCustomers: 
AccountRelationships: 
IdType: 
Fatca: ASB.Selenium.DataModel.Customer.Fatca
CitizenshipCountryCodes: 
CitizenshipCountryNames: System.Collections.Generic.List`1[System.String]
ForeignTaxResidenceTypes: System.Collections.Generic.List`1[ASB.Selenium.DataModel.Customer.ForeignTaxResidenceTypes]
OnboardingDetail: ASB.Selenium.DataModel.Customer.OnboardingDetail
AddressVerificationStatus: 
IdVerificationStatus: 
PreferredIdType: Other
IsProfileComplete: True
DaysRemaining: 0
OnboardingStatus: 
NewAccounts: System.Collections.Generic.List`1[ASB.Selenium.DataModel.Customer.Accounts]
FailedAccounts: System.Collections.Generic.List`1[ASB.Selenium.DataModel.Customer.Accounts]
OnboardingSource: JoinASB
CustomerCreated: 
LoginCreated: 
RegisteredForNetcode: 
AccountsCreated: 
CustomerAccessToken: 
VerificationPassword: ass123
LoginDetail: ASB.Selenium.DataModel.Customer.Login
CustomerType: 
Cif: 
Username: hgip97060
UsernameApi: 
Password: Kiwi77nz
PublicKey: 
AcceptedTermsAndConditions: 
BackgroundCheckConsent: 
PreferredIdType: 
-> done: SummaryPageSteps.WhenIConfirmDetailsOnTheSummaryPage() (2.8s)
Then the Confirmation page for duplicate 'good' customer with open products is displayed
-> done: ConfirmationPageSteps.ThenTheConfirmationPageForCustomerIsDisplayed("good") (0.7s)
]]></output>
                  </test-case>
                  <test-case id="0-1259" name="CNFM_02_ExistingCustomerCheck_DifferentOpenProducts(&quot;KiwiSaver Only&quot;,&quot;Miss&quot;,&quot;ass&quot;,&quot;&quot;,&quot;Kiwisaver&quot;,&quot;4 July 1985&quot;,System.String[])" fullname="Join.Form.Customer.Selenium.Features._07_ConfirmationFeature.CNFM_02_ExistingCustomerCheck_DifferentOpenProducts(&quot;KiwiSaver Only&quot;,&quot;Miss&quot;,&quot;ass&quot;,&quot;&quot;,&quot;Kiwisaver&quot;,&quot;4 July 1985&quot;,System.String[])" methodname="CNFM_02_ExistingCustomerCheck_DifferentOpenProducts" classname="Join.Form.Customer.Selenium.Features._07_ConfirmationFeature" runstate="Runnable" seed="1135490923" result="Passed" start-time="2017-11-14 13:21:22Z" end-time="2017-11-14 13:21:58Z" duration="35.674270" asserts="15">
                    <properties />
                    <output><![CDATA[Given I start my Streamline application
Navigating to URL: https://webappisamdev.asbbank.co.nz/public/join/asb/max?grcDisabled=true&fncJunction=fnc104
-> done: CommonSteps.GivenIStartMyStreamlineApplication() (0.7s)
Given I select the following products: 'Streamline intro,ASB Visa Debit Streamline Intro'
11/15/2017 2:21:34 AMWaitForFeaturesPageLoad: Executing WaitForFrameAndSwitch
11/15/2017 2:21:34 AMWaitForFeaturesPageLoad: Done executing WaitForFrameAndSwitch
Unable to find product 'FastSaver' in page or product 'FastSaver' is not selected
Unable to find product 'Savings On Call' in page or product 'Savings On Call' is not selected
Unable to find product 'Savings On Call' in page or product 'Savings On Call' is not selected
Unable to find product 'FastSaver' in page or product 'FastSaver' is not selected
-> done: ProductsPageSteps.WhenIChangeMySelectedProductsTo("Streamline intro,...") (15.0s)
And I enter personal and login details Miss,ass,,Kiwisaver,4 July 1985,cob2016@asb.co.nz,021-ass,New Zealand,Other,Kiwi77nz,ass123,false
Given I enter mandatory Tax Information for NZ citizen and clicks on Next button
-> done: AdditionalPersonalDetailsSteps.GivenIEnterMandatoryTaxInformationForNZCitizen() (0.5s)
-> done: PersonalDetailsSteps.GivenIEnterPersonalAndLoginDetails("Miss", "ass", "", "Kiwisaver", "4 July 1985", "cob2016@asb.co.nz", "021-ass", "New Zealand", "Other", "Kiwi77nz", "ass123", "false") (15.1s)
When I confirm details on the Summary page
UniqueId: 
Title: Miss
FirstName: ass
MiddleName: 
LastName: Kiwisaver
Email: cob2016@asb.co.nz
Gender: 
DateOfBirth: 7/4/1985 12:00:00 AM
DateCreated: 
LastReviewDate: 
Cals: 
IsIndividual: 
NzCitizen: 
NzResidence: 
HighValueCustomer: 
StaffMember: 
AmlVerified: 
VipCustomer: 
Addresses: System.Collections.Generic.List`1[ASB.Selenium.DataModel.Customer.Address]
AddressInformation: ASB.Selenium.DataModel.Customer.AddressInformation
CompanyName: 
CompanyType: 
CompanySubType: 
CustomerTypeCode: 
IrdNumber: 
TaxClass: 
TaxClassDate: 
IsNzTaxResident: True
NonResidentCountryCode: 
IsForeignTaxResident: False
ForeignTaxResidencyStatus: 
IsProfileEnhanced: 
Phones: System.Collections.Generic.List`1[ASB.Selenium.DataModel.Customer.Phone]
NextOfKin: 
EmploymentDetails: 
LinkedCustomers: 
AccountRelationships: 
IdType: 
Fatca: ASB.Selenium.DataModel.Customer.Fatca
CitizenshipCountryCodes: 
CitizenshipCountryNames: System.Collections.Generic.List`1[System.String]
ForeignTaxResidenceTypes: System.Collections.Generic.List`1[ASB.Selenium.DataModel.Customer.ForeignTaxResidenceTypes]
OnboardingDetail: ASB.Selenium.DataModel.Customer.OnboardingDetail
AddressVerificationStatus: 
IdVerificationStatus: 
PreferredIdType: Other
IsProfileComplete: True
DaysRemaining: 0
OnboardingStatus: 
NewAccounts: System.Collections.Generic.List`1[ASB.Selenium.DataModel.Customer.Accounts]
FailedAccounts: System.Collections.Generic.List`1[ASB.Selenium.DataModel.Customer.Accounts]
OnboardingSource: JoinASB
CustomerCreated: 
LoginCreated: 
RegisteredForNetcode: 
AccountsCreated: 
CustomerAccessToken: 
VerificationPassword: ass123
LoginDetail: ASB.Selenium.DataModel.Customer.Login
CustomerType: 
Cif: 
Username: mkiw41333
UsernameApi: 
Password: Kiwi77nz
PublicKey: 
AcceptedTermsAndConditions: 
BackgroundCheckConsent: 
PreferredIdType: 
-> done: SummaryPageSteps.WhenIConfirmDetailsOnTheSummaryPage() (2.8s)
Then the Confirmation page for duplicate 'good' customer with open products is displayed
-> done: ConfirmationPageSteps.ThenTheConfirmationPageForCustomerIsDisplayed("good") (0.7s)
]]></output>
                  </test-case>
                </test-suite>
                <test-case id="0-1264" name="CNFM_04_ExistingCustomerCheck_FNCOpenApplyRedirect" fullname="Join.Form.Customer.Selenium.Features._07_ConfirmationFeature.CNFM_04_ExistingCustomerCheck_FNCOpenApplyRedirect" methodname="CNFM_04_ExistingCustomerCheck_FNCOpenApplyRedirect" classname="Join.Form.Customer.Selenium.Features._07_ConfirmationFeature" runstate="Runnable" seed="1244697301" result="Failed" label="Error" start-time="2017-11-14 13:21:58Z" end-time="2017-11-14 13:23:12Z" duration="74.307024" asserts="28">
                  <properties>
                    <property name="Description" value="CNFM_04 - Existing Customer check - FNC Open &amp; Apply Redirect" />
                    <property name="Category" value="COB" />
                    <property name="Category" value="confirmation" />
                    <property name="Category" value="regression" />
                    <property name="Category" value="integration" />
                    <property name="Category" value="072016" />
                  </properties>
                  <failure>
                    <message><![CDATA[System.Exception : no such element: Unable to locate element: {"method":"xpath","selector":"//div[@class='noOutline' and contains(text(),'Open an Account')]"}
  (Session info: chrome=60.0.3112.78)
  (Driver info: chromedriver=2.29.461591 (62ebf098771772160f391d75e589dc567915b233),platform=Windows NT 6.3.9600 x86_64)
  ----> OpenQA.Selenium.NoSuchElementException : no such element: Unable to locate element: {"method":"xpath","selector":"//div[@class='noOutline' and contains(text(),'Open an Account')]"}
  (Session info: chrome=60.0.3112.78)
  (Driver info: chromedriver=2.29.461591 (62ebf098771772160f391d75e589dc567915b233),platform=Windows NT 6.3.9600 x86_64)]]></message>
                    <stack-trace><![CDATA[   at ASB.Test.Automation.Utils.Retry.Retry.Execute(Func`1 function, Int32 retryInterval, Int32 retryCount, String exceptionMessage)
   at Join.Form.Customer.Selenium.StepDefinitions.ConfirmationPageSteps.ThenFNCOpenApplyPageIsDisplayedOnClickOfLoginButton()
   at TechTalk.SpecFlow.Bindings.BindingInvoker.InvokeBinding(IBinding binding, IContextManager contextManager, Object[] arguments, ITestTracer testTracer, TimeSpan& duration)
   at TechTalk.SpecFlow.Infrastructure.TestExecutionEngine.ExecuteStepMatch(BindingMatch match, Object[] arguments)
   at TechTalk.SpecFlow.Infrastructure.TestExecutionEngine.ExecuteStep(StepInstance stepInstance)
   at TechTalk.SpecFlow.Infrastructure.TestExecutionEngine.OnAfterLastStep()
   at Join.Form.Customer.Selenium.Features._07_ConfirmationFeature.ScenarioCleanup()
   at Join.Form.Customer.Selenium.Features._07_ConfirmationFeature.CNFM_04_ExistingCustomerCheck_FNCOpenApplyRedirect()
--NoSuchElementException
   at OpenQA.Selenium.Remote.RemoteWebDriver.UnpackAndThrowOnError(Response errorResponse)
   at OpenQA.Selenium.Remote.RemoteWebDriver.Execute(String driverCommandToExecute, Dictionary`2 parameters)
   at OpenQA.Selenium.Remote.RemoteWebDriver.FindElement(String mechanism, String value)
   at Join.Form.Customer.Selenium.StepDefinitions.ConfirmationPageSteps.<ThenFNCOpenApplyPageIsDisplayedOnClickOfLoginButton>b__14_0()
   at ASB.Test.Automation.Utils.Retry.Retry.Execute(Func`1 function, Int32 retryInterval, Int32 retryCount, String exceptionMessage)]]></stack-trace>
                  </failure>
                  <output><![CDATA[Given I start my Streamline application
Navigating to URL: https://webappisamdev.asbbank.co.nz/public/join/asb/max?grcDisabled=true&fncJunction=fnc104
-> done: CommonSteps.GivenIStartMyStreamlineApplication() (0.8s)
Given I am an existing ASB customer
Navigating to URL: https://webappisamdev.asbbank.co.nz/public/join/asb/max?grcDisabled=true&fncJunction=fnc104&fncJunctionNumber=104
-> done: CommonSteps.GivenIAmAnExistingASBCustomer() (0.5s)
And I select the following products: 'Streamline intro,ASB Visa Debit Streamline Intro,Savings On Call,FastSaver'
11/15/2017 2:22:10 AMWaitForFeaturesPageLoad: Executing WaitForFrameAndSwitch
11/15/2017 2:22:10 AMWaitForFeaturesPageLoad: Done executing WaitForFrameAndSwitch
Unable to find product 'Savings On Call' in page or product 'Savings On Call' is not selected
Unable to find product 'FastSaver' in page or product 'FastSaver' is not selected
-> done: ProductsPageSteps.WhenIChangeMySelectedProductsTo("Streamline intro,...") (15.2s)
And I enter all required details and navigate to Summary page
  --- table step argument ---
  | Title | FirstName | MiddleName | LastName | DateOfBirth    | Email             | MobileNumber | CountriesCitizenship | PreferredIdType | Password | assPassword |
  | Miss  | ass   | ass      | ass     | 1 January 1980 | cob2016@asb.co.nz | 021-ass   | New Zealand          | Other           | Kiwi77nz | MyCode01       |
Given I enter mandatory Tax Information for NZ citizen and clicks on Next button
-> done: AdditionalPersonalDetailsSteps.GivenIEnterMandatoryTaxInformationForNZCitizen() (0.5s)
-> done: PersonalDetailsSteps.GivenIEnterAllRequiredDetailsAndNavigateToSummaryPage(<table>) (14.7s)
When I confirm details on the Summary page
UniqueId: 
Title: Miss
FirstName: ass
MiddleName: ass
LastName: ass
Email: cob2016@asb.co.nz
Gender: 
DateOfBirth: 1/1/1980 12:00:00 AM
DateCreated: 
LastReviewDate: 
Cals: 
IsIndividual: 
NzCitizen: 
NzResidence: 
HighValueCustomer: 
StaffMember: 
AmlVerified: 
VipCustomer: 
Addresses: System.Collections.Generic.List`1[ASB.Selenium.DataModel.Customer.Address]
AddressInformation: ASB.Selenium.DataModel.Customer.AddressInformation
CompanyName: 
CompanyType: 
CompanySubType: 
CustomerTypeCode: 
IrdNumber: 
TaxClass: 
TaxClassDate: 
IsNzTaxResident: True
NonResidentCountryCode: 
IsForeignTaxResident: False
ForeignTaxResidencyStatus: 
IsProfileEnhanced: 
Phones: System.Collections.Generic.List`1[ASB.Selenium.DataModel.Customer.Phone]
NextOfKin: 
EmploymentDetails: 
LinkedCustomers: 
AccountRelationships: 
IdType: 
Fatca: ASB.Selenium.DataModel.Customer.Fatca
CitizenshipCountryCodes: 
CitizenshipCountryNames: System.Collections.Generic.List`1[System.String]
ForeignTaxResidenceTypes: System.Collections.Generic.List`1[ASB.Selenium.DataModel.Customer.ForeignTaxResidenceTypes]
OnboardingDetail: ASB.Selenium.DataModel.Customer.OnboardingDetail
AddressVerificationStatus: 
IdVerificationStatus: 
PreferredIdType: Other
IsProfileComplete: True
DaysRemaining: 0
OnboardingStatus: 
NewAccounts: System.Collections.Generic.List`1[ASB.Selenium.DataModel.Customer.Accounts]
FailedAccounts: System.Collections.Generic.List`1[ASB.Selenium.DataModel.Customer.Accounts]
OnboardingSource: JoinASB
CustomerCreated: 
LoginCreated: 
RegisteredForNetcode: 
AccountsCreated: 
CustomerAccessToken: 
VerificationPassword: MyCode01
LoginDetail: ASB.Selenium.DataModel.Customer.Login
CustomerType: 
Cif: 
Username: bwol01841
UsernameApi: 
Password: Kiwi77nz
PublicKey: 
AcceptedTermsAndConditions: 
BackgroundCheckConsent: 
PreferredIdType: 
-> done: SummaryPageSteps.WhenIConfirmDetailsOnTheSummaryPage() (2.8s)
Then the Confirmation page for duplicate 'good' customer with open products is displayed
-> done: ConfirmationPageSteps.ThenTheConfirmationPageForCustomerIsDisplayed("good") (0.8s)
And the FNC Login section is displayed
-> done: ConfirmationPageSteps.ThenTheFNCLoginSectionIsDisplayed() (0.3s)
And the 'Having trouble logging in?' button opens in a new window
-> done: CommonSteps.ThenTheButtonOpensInANewWindow("Having trouble lo...") (2.6s)
And the 'register for internet banking' link opens in a new window
-> done: CommonSteps.ThenTheLinkOpensInANewWindow("register for inte...") (3.7s)
And the 'Find a branch' button opens in a new window
-> done: CommonSteps.ThenTheButtonOpensInANewWindow("Find a branch") (2.7s)
And FNC Open & Apply page is displayed after login
-> error: no such element: Unable to locate element: {"method":"xpath","selector":"//div[@class='noOutline' and contains(text(),'Open an Account')]"}
  (Session info: chrome=60.0.3112.78)
  (Driver info: chromedriver=2.29.461591 (62ebf098771772160f391d75e589dc567915b233),platform=Windows NT 6.3.9600 x86_64)
]]></output>
                </test-case>
              </test-suite>
              <test-suite type="TestFixture" id="0-1045" name="_08_ActivateSummaryFeature" fullname="Join.Form.Customer.Selenium.Features._08_ActivateSummaryFeature" classname="Join.Form.Customer.Selenium.Features._08_ActivateSummaryFeature" runstate="Runnable" testcasecount="54" result="Failed" site="Child" start-time="2017-11-14 13:23:12Z" end-time="2017-11-14 14:49:50Z" duration="5195.980857" total="51" passed="48" failed="3" warnings="0" inconclusive="0" skipped="0" asserts="1615">
                <properties>
                  <property name="Description" value="08_ActivateSummary" />
                </properties>
                <failure>
                  <message><![CDATA[One or more child tests had errors]]></message>
                </failure>
                <test-case id="0-1046" name="ACTSUM_01_VerifyThatCustomerSetupSubmissionIsSuccessful_WelcomeMessage" fullname="Join.Form.Customer.Selenium.Features._08_ActivateSummaryFeature.ACTSUM_01_VerifyThatCustomerSetupSubmissionIsSuccessful_WelcomeMessage" methodname="ACTSUM_01_VerifyThatCustomerSetupSubmissionIsSuccessful_WelcomeMessage" classname="Join.Form.Customer.Selenium.Features._08_ActivateSummaryFeature" runstate="Runnable" seed="870826461" result="Passed" start-time="2017-11-14 13:23:12Z" end-time="2017-11-14 13:25:29Z" duration="136.870218" asserts="16">
                  <properties>
                    <property name="Description" value="ACTSUM_01 - Verify that customer setup submission is successful - Welcome message" />
                    <property name="Category" value="COB" />
                    <property name="Category" value="activatesummary" />
                    <property name="Category" value="regression" />
                    <property name="Category" value="online" />
                    <property name="Category" value="integration" />
                    <property name="Category" value="eidv" />
                    <property name="Category" value="072016" />
                    <property name="Category" value="securitypatch" />
                    <property name="Category" value="112017" />
                  </properties>
                  <output><![CDATA[Given I start my Streamline application
Navigating to URL: https://webappisamdev.asbbank.co.nz/public/join/asb/max?grcDisabled=true&fncJunction=fnc104
-> done: CommonSteps.GivenIStartMyStreamlineApplication() (0.8s)
Given I select the following products: 'Streamline intro'
11/15/2017 2:23:24 AMWaitForFeaturesPageLoad: Executing WaitForFrameAndSwitch
11/15/2017 2:23:24 AMWaitForFeaturesPageLoad: Done executing WaitForFrameAndSwitch
Unable to find product 'FastSaver' in page or product 'FastSaver' is not selected
Unable to find product 'Savings On Call' in page or product 'Savings On Call' is not selected
Unable to find product 'ASB Visa Debit Streamline Intro' in page or product 'ASB Visa Debit Streamline Intro' is not selected
Unable to find product 'Savings On Call' in page or product 'Savings On Call' is not selected
Unable to find product 'FastSaver' in page or product 'FastSaver' is not selected
-> done: ProductsPageSteps.WhenIChangeMySelectedProductsTo("Streamline intro") (16.2s)
And I enter all required details and navigate to Summary page
  --- table step argument ---
  | Title | FirstName  | MiddleName | LastName | DateOfBirth | Email             | MobileNumber | CountriesCitizenship | PreferredIdType | Password | assPassword |
  | Miss  | Automation | ass     | FYICOB   | ass      | cob2016@asb.co.nz | 021-ass   | New Zealand          | Other           | Kiwi77nz | MyCode01       |
Given I enter mandatory Tax Information for NZ citizen and clicks on Next button
-> done: AdditionalPersonalDetailsSteps.GivenIEnterMandatoryTaxInformationForNZCitizen() (0.5s)
-> done: PersonalDetailsSteps.GivenIEnterAllRequiredDetailsAndNavigateToSummaryPage(<table>) (17.7s)
When I confirm details on the Summary page
UniqueId: 
Title: Miss
FirstName: Automation
MiddleName: COB-PETJj
LastName: FYICOB
Email: cob2016@asb.co.nz
Gender: 
DateOfBirth: 7/8/1988 12:00:00 AM
DateCreated: 
LastReviewDate: 
Cals: 
IsIndividual: 
NzCitizen: 
NzResidence: 
HighValueCustomer: 
StaffMember: 
AmlVerified: 
VipCustomer: 
Addresses: System.Collections.Generic.List`1[ASB.Selenium.DataModel.Customer.Address]
AddressInformation: ASB.Selenium.DataModel.Customer.AddressInformation
CompanyName: 
CompanyType: 
CompanySubType: 
CustomerTypeCode: 
IrdNumber: 
TaxClass: 
TaxClassDate: 
IsNzTaxResident: True
NonResidentCountryCode: 
IsForeignTaxResident: False
ForeignTaxResidencyStatus: 
IsProfileEnhanced: 
Phones: System.Collections.Generic.List`1[ASB.Selenium.DataModel.Customer.Phone]
NextOfKin: 
EmploymentDetails: 
LinkedCustomers: 
AccountRelationships: 
IdType: 
Fatca: ASB.Selenium.DataModel.Customer.Fatca
CitizenshipCountryCodes: 
CitizenshipCountryNames: System.Collections.Generic.List`1[System.String]
ForeignTaxResidenceTypes: System.Collections.Generic.List`1[ASB.Selenium.DataModel.Customer.ForeignTaxResidenceTypes]
OnboardingDetail: ASB.Selenium.DataModel.Customer.OnboardingDetail
AddressVerificationStatus: 
IdVerificationStatus: 
PreferredIdType: Other
IsProfileComplete: True
DaysRemaining: 0
OnboardingStatus: 
NewAccounts: System.Collections.Generic.List`1[ASB.Selenium.DataModel.Customer.Accounts]
FailedAccounts: System.Collections.Generic.List`1[ASB.Selenium.DataModel.Customer.Accounts]
OnboardingSource: JoinASB
CustomerCreated: 
LoginCreated: 
RegisteredForNetcode: 
AccountsCreated: 
CustomerAccessToken: 
VerificationPassword: MyCode01
LoginDetail: ASB.Selenium.DataModel.Customer.Login
CustomerType: 
Cif: 
Username: afyi79837
UsernameApi: 
Password: Kiwi77nz
PublicKey: 
AcceptedTermsAndConditions: 
BackgroundCheckConsent: 
PreferredIdType: 
-> done: SummaryPageSteps.WhenIConfirmDetailsOnTheSummaryPage() (2.8s)
Then the Logging you in progress page is displayed
-> done: ConfirmationPageSteps.ThenTheLoggingYouInProgressPageIsDisplayed() (49.1s)
And the Activation page is displayed
11/15/2017 2:24:50 AMThenTheActivationPageIsDisplayed: IsActivationPageDisplayed STARTED
11/15/2017 2:24:51 AMThenTheActivationPageIsDisplayed: IsActivationPageDisplayed DONE
11/15/2017 2:24:51 AMThenTheActivationPageIsDisplayed: IsSectionDisplayed STARTED
11/15/2017 2:24:57 AMThenTheActivationPageIsDisplayed: IsSectionDisplayed DONE
-> done: ActivationSummarySteps.ThenTheActivationPageIsDisplayed() (20.2s)
And the welcome message is displayed
-> done: ActivationSummarySteps.ThenWelcomeMessageIsDisplayed() (0.1s)
And the activation text is displayed
-> done: ActivationSummarySteps.ThenTheActivationTextIsDisplayed() (0.1s)
And the activation information text is displayed
-> done: ActivationSummarySteps.ThenTheActivationInformationTextIsDisplayed() (0.1s)
And the account number and product name is displayed for the selected products
==> Successfully created: Streamline transaction account:
12-3629-0372569-00
-> done: ActivationSummarySteps.ThenTheAccountNumberAndProductNameIsDisplayedForTheSelectedProducts() (26.8s)
]]></output>
                </test-case>
                <test-case id="0-1047" name="ACTSUM_02_VerifyActivateSummaryPageAccountSetupSection" fullname="Join.Form.Customer.Selenium.Features._08_ActivateSummaryFeature.ACTSUM_02_VerifyActivateSummaryPageAccountSetupSection" methodname="ACTSUM_02_VerifyActivateSummaryPageAccountSetupSection" classname="Join.Form.Customer.Selenium.Features._08_ActivateSummaryFeature" runstate="Runnable" seed="1602722891" result="Passed" start-time="2017-11-14 13:25:29Z" end-time="2017-11-14 13:27:03Z" duration="93.630413" asserts="16">
                  <properties>
                    <property name="Description" value="ACTSUM_02 - Verify Activate Summary page Account Setup section" />
                    <property name="Category" value="COB" />
                    <property name="Category" value="activatesummary" />
                    <property name="Category" value="regression" />
                    <property name="Category" value="smoke" />
                    <property name="Category" value="integration" />
                    <property name="Category" value="eidv" />
                    <property name="Category" value="072016" />
                    <property name="Category" value="112017" />
                  </properties>
                  <output><![CDATA[Given I start my Streamline application
Navigating to URL: https://webappisamdev.asbbank.co.nz/public/join/asb/max?grcDisabled=true&fncJunction=fnc104
-> done: CommonSteps.GivenIStartMyStreamlineApplication() (0.7s)
Given I select the following products: 'Streamline intro,ASB Visa Debit Streamline Intro,Savings On Call,FastSaver'
11/15/2017 2:25:41 AMWaitForFeaturesPageLoad: Executing WaitForFrameAndSwitch
11/15/2017 2:25:41 AMWaitForFeaturesPageLoad: Done executing WaitForFrameAndSwitch
Unable to find product 'Savings On Call' in page or product 'Savings On Call' is not selected
Unable to find product 'FastSaver' in page or product 'FastSaver' is not selected
-> done: ProductsPageSteps.WhenIChangeMySelectedProductsTo("Streamline intro,...") (15.2s)
And I enter all required details and navigate to Summary page
  --- table step argument ---
  | Title | FirstName  | MiddleName | LastName | DateOfBirth | Email             | MobileNumber | CountriesCitizenship | PreferredIdType | Password | assPassword |
  | Miss  | Automation | ass     | FYICOB   | ass      | cob2016@asb.co.nz | 021-ass   | New Zealand          | Other           | Kiwi77nz | MyCode01       |
Given I enter mandatory Tax Information for NZ citizen and clicks on Next button
-> done: AdditionalPersonalDetailsSteps.GivenIEnterMandatoryTaxInformationForNZCitizen() (0.5s)
-> done: PersonalDetailsSteps.GivenIEnterAllRequiredDetailsAndNavigateToSummaryPage(<table>) (17.7s)
When I confirm details on the Summary page
UniqueId: 
Title: Miss
FirstName: Automation
MiddleName: COB-pbAMl
LastName: FYICOB
Email: cob2016@asb.co.nz
Gender: 
DateOfBirth: 5/12/1988 12:00:00 AM
DateCreated: 
LastReviewDate: 
Cals: 
IsIndividual: 
NzCitizen: 
NzResidence: 
HighValueCustomer: 
StaffMember: 
AmlVerified: 
VipCustomer: 
Addresses: System.Collections.Generic.List`1[ASB.Selenium.DataModel.Customer.Address]
AddressInformation: ASB.Selenium.DataModel.Customer.AddressInformation
CompanyName: 
CompanyType: 
CompanySubType: 
CustomerTypeCode: 
IrdNumber: 
TaxClass: 
TaxClassDate: 
IsNzTaxResident: True
NonResidentCountryCode: 
IsForeignTaxResident: False
ForeignTaxResidencyStatus: 
IsProfileEnhanced: 
Phones: System.Collections.Generic.List`1[ASB.Selenium.DataModel.Customer.Phone]
NextOfKin: 
EmploymentDetails: 
LinkedCustomers: 
AccountRelationships: 
IdType: 
Fatca: ASB.Selenium.DataModel.Customer.Fatca
CitizenshipCountryCodes: 
CitizenshipCountryNames: System.Collections.Generic.List`1[System.String]
ForeignTaxResidenceTypes: System.Collections.Generic.List`1[ASB.Selenium.DataModel.Customer.ForeignTaxResidenceTypes]
OnboardingDetail: ASB.Selenium.DataModel.Customer.OnboardingDetail
AddressVerificationStatus: 
IdVerificationStatus: 
PreferredIdType: Other
IsProfileComplete: True
DaysRemaining: 0
OnboardingStatus: 
NewAccounts: System.Collections.Generic.List`1[ASB.Selenium.DataModel.Customer.Accounts]
FailedAccounts: System.Collections.Generic.List`1[ASB.Selenium.DataModel.Customer.Accounts]
OnboardingSource: JoinASB
CustomerCreated: 
LoginCreated: 
RegisteredForNetcode: 
AccountsCreated: 
CustomerAccessToken: 
VerificationPassword: MyCode01
LoginDetail: ASB.Selenium.DataModel.Customer.Login
CustomerType: 
Cif: 
Username: afyi41633
UsernameApi: 
Password: Kiwi77nz
PublicKey: 
AcceptedTermsAndConditions: 
BackgroundCheckConsent: 
PreferredIdType: 
-> done: SummaryPageSteps.WhenIConfirmDetailsOnTheSummaryPage() (2.8s)
Then the Logging you in progress page is displayed
-> done: ConfirmationPageSteps.ThenTheLoggingYouInProgressPageIsDisplayed() (19.7s)
And the Activation page is displayed
11/15/2017 2:26:28 AMThenTheActivationPageIsDisplayed: IsActivationPageDisplayed STARTED
11/15/2017 2:26:28 AMThenTheActivationPageIsDisplayed: IsActivationPageDisplayed DONE
11/15/2017 2:26:28 AMThenTheActivationPageIsDisplayed: IsSectionDisplayed STARTED
11/15/2017 2:26:30 AMThenTheActivationPageIsDisplayed: IsSectionDisplayed DONE
-> done: ActivationSummarySteps.ThenTheActivationPageIsDisplayed() (6.7s)
And the account number and product name is displayed for the selected products
==> Successfully created: Streamline transaction account:
12-3629-0372577-00
==> Successfully created: ASB Visa Debit card:
Issued for delivery within a week
==> Successfully created: Savings On Call:
12-3629-0372577-50
==> Successfully created: FastSaver:
12-3629-0372577-51
-> done: ActivationSummarySteps.ThenTheAccountNumberAndProductNameIsDisplayedForTheSelectedProducts() (27.1s)
]]></output>
                </test-case>
                <test-case id="0-1048" name="ACTSUM_03_VerifyActivateSummaryPageActivateYourAccountSection" fullname="Join.Form.Customer.Selenium.Features._08_ActivateSummaryFeature.ACTSUM_03_VerifyActivateSummaryPageActivateYourAccountSection" methodname="ACTSUM_03_VerifyActivateSummaryPageActivateYourAccountSection" classname="Join.Form.Customer.Selenium.Features._08_ActivateSummaryFeature" runstate="Runnable" seed="434711068" result="Passed" start-time="2017-11-14 13:27:03Z" end-time="2017-11-14 13:28:04Z" duration="61.364663" asserts="13">
                  <properties>
                    <property name="Description" value="ACTSUM_03 -  Verify Activate Summary page Activate your account section" />
                    <property name="Category" value="COB" />
                    <property name="Category" value="activatesummary" />
                    <property name="Category" value="regression" />
                    <property name="Category" value="integration" />
                    <property name="Category" value="072016" />
                    <property name="Category" value="112017" />
                  </properties>
                  <output><![CDATA[Given I start my Streamline application
Navigating to URL: https://webappisamdev.asbbank.co.nz/public/join/asb/max?grcDisabled=true&fncJunction=fnc104
-> done: CommonSteps.GivenIStartMyStreamlineApplication() (0.7s)
Given I select the following products: 'Streamline intro'
11/15/2017 2:27:15 AMWaitForFeaturesPageLoad: Executing WaitForFrameAndSwitch
11/15/2017 2:27:15 AMWaitForFeaturesPageLoad: Done executing WaitForFrameAndSwitch
Unable to find product 'FastSaver' in page or product 'FastSaver' is not selected
Unable to find product 'Savings On Call' in page or product 'Savings On Call' is not selected
Unable to find product 'ASB Visa Debit Streamline Intro' in page or product 'ASB Visa Debit Streamline Intro' is not selected
Unable to find product 'Savings On Call' in page or product 'Savings On Call' is not selected
Unable to find product 'FastSaver' in page or product 'FastSaver' is not selected
-> done: ProductsPageSteps.WhenIChangeMySelectedProductsTo("Streamline intro") (16.1s)
And I enter all required details and navigate to Summary page
  --- table step argument ---
  | Title | FirstName  | MiddleName | LastName | DateOfBirth | Email             | MobileNumber | CountriesCitizenship | PreferredIdType | Password | assPassword |
  | Miss  | Automation | ass     | FYICOB   | ass      | cob2016@asb.co.nz | 021-ass   | New Zealand          | Other           | Kiwi77nz | MyCode01       |
Given I enter mandatory Tax Information for NZ citizen and clicks on Next button
-> done: AdditionalPersonalDetailsSteps.GivenIEnterMandatoryTaxInformationForNZCitizen() (0.5s)
-> done: PersonalDetailsSteps.GivenIEnterAllRequiredDetailsAndNavigateToSummaryPage(<table>) (17.8s)
When I confirm details on the Summary page
UniqueId: 
Title: Miss
FirstName: Automation
MiddleName: COB-GQkYE
LastName: FYICOB
Email: cob2016@asb.co.nz
Gender: 
DateOfBirth: 10/20/1995 12:00:00 AM
DateCreated: 
LastReviewDate: 
Cals: 
IsIndividual: 
NzCitizen: 
NzResidence: 
HighValueCustomer: 
StaffMember: 
AmlVerified: 
VipCustomer: 
Addresses: System.Collections.Generic.List`1[ASB.Selenium.DataModel.Customer.Address]
AddressInformation: ASB.Selenium.DataModel.Customer.AddressInformation
CompanyName: 
CompanyType: 
CompanySubType: 
CustomerTypeCode: 
IrdNumber: 
TaxClass: 
TaxClassDate: 
IsNzTaxResident: True
NonResidentCountryCode: 
IsForeignTaxResident: False
ForeignTaxResidencyStatus: 
IsProfileEnhanced: 
Phones: System.Collections.Generic.List`1[ASB.Selenium.DataModel.Customer.Phone]
NextOfKin: 
EmploymentDetails: 
LinkedCustomers: 
AccountRelationships: 
IdType: 
Fatca: ASB.Selenium.DataModel.Customer.Fatca
CitizenshipCountryCodes: 
CitizenshipCountryNames: System.Collections.Generic.List`1[System.String]
ForeignTaxResidenceTypes: System.Collections.Generic.List`1[ASB.Selenium.DataModel.Customer.ForeignTaxResidenceTypes]
OnboardingDetail: ASB.Selenium.DataModel.Customer.OnboardingDetail
AddressVerificationStatus: 
IdVerificationStatus: 
PreferredIdType: Other
IsProfileComplete: True
DaysRemaining: 0
OnboardingStatus: 
NewAccounts: System.Collections.Generic.List`1[ASB.Selenium.DataModel.Customer.Accounts]
FailedAccounts: System.Collections.Generic.List`1[ASB.Selenium.DataModel.Customer.Accounts]
OnboardingSource: JoinASB
CustomerCreated: 
LoginCreated: 
RegisteredForNetcode: 
AccountsCreated: 
CustomerAccessToken: 
VerificationPassword: MyCode01
LoginDetail: ASB.Selenium.DataModel.Customer.Login
CustomerType: 
Cif: 
Username: afyi27106
UsernameApi: 
Password: Kiwi77nz
PublicKey: 
AcceptedTermsAndConditions: 
BackgroundCheckConsent: 
PreferredIdType: 
-> done: SummaryPageSteps.WhenIConfirmDetailsOnTheSummaryPage() (2.9s)
Then the Logging you in progress page is displayed
-> done: ConfirmationPageSteps.ThenTheLoggingYouInProgressPageIsDisplayed() (13.8s)
And the Activation page is displayed
11/15/2017 2:27:56 AMThenTheActivationPageIsDisplayed: IsActivationPageDisplayed STARTED
11/15/2017 2:27:57 AMThenTheActivationPageIsDisplayed: IsActivationPageDisplayed DONE
11/15/2017 2:27:57 AMThenTheActivationPageIsDisplayed: IsSectionDisplayed STARTED
11/15/2017 2:27:59 AMThenTheActivationPageIsDisplayed: IsSectionDisplayed DONE
-> done: ActivationSummarySteps.ThenTheActivationPageIsDisplayed() (6.8s)
And the 'Activate your account' section is displayed
-> done: ActivationSummarySteps.ThenTheSectionIsDisplayed("Activate your acc...") (0.0s)
And the Activate your account header is displayed
-> done: ActivationSummarySteps.ThenTheActivateYourAccountHeaderIsDisplayed() (0.0s)
]]></output>
                </test-case>
                <test-case id="0-1049" name="ACTSUM_04_VerifyActivateSummaryPageProfileDetailsSection" fullname="Join.Form.Customer.Selenium.Features._08_ActivateSummaryFeature.ACTSUM_04_VerifyActivateSummaryPageProfileDetailsSection" methodname="ACTSUM_04_VerifyActivateSummaryPageProfileDetailsSection" classname="Join.Form.Customer.Selenium.Features._08_ActivateSummaryFeature" runstate="Runnable" seed="1960423156" result="Passed" start-time="2017-11-14 13:28:04Z" end-time="2017-11-14 13:29:43Z" duration="98.539604" asserts="17">
                  <properties>
                    <property name="Description" value="ACTSUM_04 - Verify Activate Summary page Profile Details section" />
                    <property name="Category" value="COB" />
                    <property name="Category" value="activatesummary" />
                    <property name="Category" value="regression" />
                    <property name="Category" value="integration" />
                    <property name="Category" value="eidv" />
                    <property name="Category" value="072016" />
                    <property name="Category" value="112017" />
                  </properties>
                  <output><![CDATA[Given I start my Streamline application
Navigating to URL: https://webappisamdev.asbbank.co.nz/public/join/asb/max?grcDisabled=true&fncJunction=fnc104
-> done: CommonSteps.GivenIStartMyStreamlineApplication() (0.7s)
Given I select the following products: 'Streamline intro,ASB Visa Debit Streamline Intro'
11/15/2017 2:28:16 AMWaitForFeaturesPageLoad: Executing WaitForFrameAndSwitch
11/15/2017 2:28:16 AMWaitForFeaturesPageLoad: Done executing WaitForFrameAndSwitch
Unable to find product 'FastSaver' in page or product 'FastSaver' is not selected
Unable to find product 'Savings On Call' in page or product 'Savings On Call' is not selected
Unable to find product 'Savings On Call' in page or product 'Savings On Call' is not selected
Unable to find product 'FastSaver' in page or product 'FastSaver' is not selected
-> done: ProductsPageSteps.WhenIChangeMySelectedProductsTo("Streamline intro,...") (15.0s)
And I enter all required details and navigate to Summary page
  --- table step argument ---
  | Title | FirstName  | MiddleName | LastName | DateOfBirth | Email             | MobileNumber | CountriesCitizenship | PreferredIdType | Password | assPassword |
  | Miss  | Automation | ass     | FYICOB   | ass      | cob2016@asb.co.nz | 021-ass   | New Zealand          | Other           | Kiwi77nz | MyCode01       |
Given I enter mandatory Tax Information for NZ citizen and clicks on Next button
-> done: AdditionalPersonalDetailsSteps.GivenIEnterMandatoryTaxInformationForNZCitizen() (0.5s)
-> done: PersonalDetailsSteps.GivenIEnterAllRequiredDetailsAndNavigateToSummaryPage(<table>) (20.8s)
When I confirm details on the Summary page
UniqueId: 
Title: Miss
FirstName: Automation
MiddleName: COB-jLMHS
LastName: FYICOB
Email: cob2016@asb.co.nz
Gender: 
DateOfBirth: 2/9/1921 12:00:00 AM
DateCreated: 
LastReviewDate: 
Cals: 
IsIndividual: 
NzCitizen: 
NzResidence: 
HighValueCustomer: 
StaffMember: 
AmlVerified: 
VipCustomer: 
Addresses: System.Collections.Generic.List`1[ASB.Selenium.DataModel.Customer.Address]
AddressInformation: ASB.Selenium.DataModel.Customer.AddressInformation
CompanyName: 
CompanyType: 
CompanySubType: 
CustomerTypeCode: 
IrdNumber: 
TaxClass: 
TaxClassDate: 
IsNzTaxResident: True
NonResidentCountryCode: 
IsForeignTaxResident: False
ForeignTaxResidencyStatus: 
IsProfileEnhanced: 
Phones: System.Collections.Generic.List`1[ASB.Selenium.DataModel.Customer.Phone]
NextOfKin: 
EmploymentDetails: 
LinkedCustomers: 
AccountRelationships: 
IdType: 
Fatca: ASB.Selenium.DataModel.Customer.Fatca
CitizenshipCountryCodes: 
CitizenshipCountryNames: System.Collections.Generic.List`1[System.String]
ForeignTaxResidenceTypes: System.Collections.Generic.List`1[ASB.Selenium.DataModel.Customer.ForeignTaxResidenceTypes]
OnboardingDetail: ASB.Selenium.DataModel.Customer.OnboardingDetail
AddressVerificationStatus: 
IdVerificationStatus: 
PreferredIdType: Other
IsProfileComplete: True
DaysRemaining: 0
OnboardingStatus: 
NewAccounts: System.Collections.Generic.List`1[ASB.Selenium.DataModel.Customer.Accounts]
FailedAccounts: System.Collections.Generic.List`1[ASB.Selenium.DataModel.Customer.Accounts]
OnboardingSource: JoinASB
CustomerCreated: 
LoginCreated: 
RegisteredForNetcode: 
AccountsCreated: 
CustomerAccessToken: 
VerificationPassword: MyCode01
LoginDetail: ASB.Selenium.DataModel.Customer.Login
CustomerType: 
Cif: 
Username: afyi32157
UsernameApi: 
Password: Kiwi77nz
PublicKey: 
AcceptedTermsAndConditions: 
BackgroundCheckConsent: 
PreferredIdType: 
-> done: SummaryPageSteps.WhenIConfirmDetailsOnTheSummaryPage() (2.8s)
Then the Logging you in progress page is displayed
-> done: ConfirmationPageSteps.ThenTheLoggingYouInProgressPageIsDisplayed() (21.4s)
And the Activation page is displayed
11/15/2017 2:29:07 AMThenTheActivationPageIsDisplayed: IsActivationPageDisplayed STARTED
11/15/2017 2:29:07 AMThenTheActivationPageIsDisplayed: IsActivationPageDisplayed DONE
11/15/2017 2:29:07 AMThenTheActivationPageIsDisplayed: IsSectionDisplayed STARTED
11/15/2017 2:29:09 AMThenTheActivationPageIsDisplayed: IsSectionDisplayed DONE
-> done: ActivationSummarySteps.ThenTheActivationPageIsDisplayed() (6.7s)
And the account number and product name is displayed for the selected products
==> Successfully created: Streamline transaction account:
12-3629-0372593-00
==> Successfully created: ASB Visa Debit card:
Issued for delivery within a week
-> done: ActivationSummarySteps.ThenTheAccountNumberAndProductNameIsDisplayedForTheSelectedProducts() (26.9s)
And the Profile Details section is displayed
*** Verifying section for non-Profile Enhanced customer ***
*** Verifying section for Profile Complete customer ***
-> done: ActivationSummarySteps.ThenTheProfileDetailsSectionIsDisplayed() (1.1s)
]]></output>
                </test-case>
                <test-case id="0-1050" name="ACTSUM_05_VerifyActivateSummaryPageProofOfAddressSection" fullname="Join.Form.Customer.Selenium.Features._08_ActivateSummaryFeature.ACTSUM_05_VerifyActivateSummaryPageProofOfAddressSection" methodname="ACTSUM_05_VerifyActivateSummaryPageProofOfAddressSection" classname="Join.Form.Customer.Selenium.Features._08_ActivateSummaryFeature" runstate="Runnable" seed="456566983" result="Passed" start-time="2017-11-14 13:29:43Z" end-time="2017-11-14 13:31:23Z" duration="99.618564" asserts="23">
                  <properties>
                    <property name="Description" value="ACTSUM_05 - Verify Activate Summary page Proof of Address section" />
                    <property name="Category" value="COB" />
                    <property name="Category" value="activatesummary" />
                    <property name="Category" value="regression" />
                    <property name="Category" value="integration" />
                    <property name="Category" value="eidv" />
                    <property name="Category" value="072016" />
                    <property name="Category" value="112017" />
                  </properties>
                  <output><![CDATA[Given I start my Streamline application
Navigating to URL: https://webappisamdev.asbbank.co.nz/public/join/asb/max?grcDisabled=true&fncJunction=fnc104
-> done: CommonSteps.GivenIStartMyStreamlineApplication() (0.7s)
Given I select the following products: 'Streamline intro,ASB Visa Debit Streamline Intro,Savings On Call'
11/15/2017 2:29:55 AMWaitForFeaturesPageLoad: Executing WaitForFrameAndSwitch
11/15/2017 2:29:55 AMWaitForFeaturesPageLoad: Done executing WaitForFrameAndSwitch
Unable to find product 'Savings On Call' in page or product 'Savings On Call' is not selected
Unable to find product 'FastSaver' in page or product 'FastSaver' is not selected
Unable to find product 'FastSaver' in page or product 'FastSaver' is not selected
-> done: ProductsPageSteps.WhenIChangeMySelectedProductsTo("Streamline intro,...") (15.0s)
And I enter all required details and navigate to Summary page
  --- table step argument ---
  | Title | FirstName  | MiddleName | LastName | DateOfBirth | Email             | MobileNumber | CountriesCitizenship | PreferredIdType | Password | assPassword |
  | Miss  | Automation | ass     | FYICOB   | ass      | cob2016@asb.co.nz | 021-ass   | New Zealand          | Other           | Kiwi77nz | MyCode01       |
Given I enter mandatory Tax Information for NZ citizen and clicks on Next button
-> done: AdditionalPersonalDetailsSteps.GivenIEnterMandatoryTaxInformationForNZCitizen() (0.4s)
-> done: PersonalDetailsSteps.GivenIEnterAllRequiredDetailsAndNavigateToSummaryPage(<table>) (24.8s)
When I confirm details on the Summary page
UniqueId: 
Title: Miss
FirstName: Automation
MiddleName: COB-FJCpn
LastName: FYICOB
Email: cob2016@asb.co.nz
Gender: 
DateOfBirth: 12/20/1972 12:00:00 AM
DateCreated: 
LastReviewDate: 
Cals: 
IsIndividual: 
NzCitizen: 
NzResidence: 
HighValueCustomer: 
StaffMember: 
AmlVerified: 
VipCustomer: 
Addresses: System.Collections.Generic.List`1[ASB.Selenium.DataModel.Customer.Address]
AddressInformation: ASB.Selenium.DataModel.Customer.AddressInformation
CompanyName: 
CompanyType: 
CompanySubType: 
CustomerTypeCode: 
IrdNumber: 
TaxClass: 
TaxClassDate: 
IsNzTaxResident: True
NonResidentCountryCode: 
IsForeignTaxResident: False
ForeignTaxResidencyStatus: 
IsProfileEnhanced: 
Phones: System.Collections.Generic.List`1[ASB.Selenium.DataModel.Customer.Phone]
NextOfKin: 
EmploymentDetails: 
LinkedCustomers: 
AccountRelationships: 
IdType: 
Fatca: ASB.Selenium.DataModel.Customer.Fatca
CitizenshipCountryCodes: 
CitizenshipCountryNames: System.Collections.Generic.List`1[System.String]
ForeignTaxResidenceTypes: System.Collections.Generic.List`1[ASB.Selenium.DataModel.Customer.ForeignTaxResidenceTypes]
OnboardingDetail: ASB.Selenium.DataModel.Customer.OnboardingDetail
AddressVerificationStatus: 
IdVerificationStatus: 
PreferredIdType: Other
IsProfileComplete: True
DaysRemaining: 0
OnboardingStatus: 
NewAccounts: System.Collections.Generic.List`1[ASB.Selenium.DataModel.Customer.Accounts]
FailedAccounts: System.Collections.Generic.List`1[ASB.Selenium.DataModel.Customer.Accounts]
OnboardingSource: JoinASB
CustomerCreated: 
LoginCreated: 
RegisteredForNetcode: 
AccountsCreated: 
CustomerAccessToken: 
VerificationPassword: MyCode01
LoginDetail: ASB.Selenium.DataModel.Customer.Login
CustomerType: 
Cif: 
Username: afyi62928
UsernameApi: 
Password: Kiwi77nz
PublicKey: 
AcceptedTermsAndConditions: 
BackgroundCheckConsent: 
PreferredIdType: 
-> done: SummaryPageSteps.WhenIConfirmDetailsOnTheSummaryPage() (2.8s)
Then the 'Processing' screen of Join ASB page is displayed
-> done: CommonSteps.ThenTheScreenOfJoinASBPageIsDisplayed("Processing") (0.0s)
And the Logging you in progress page is displayed
-> done: ConfirmationPageSteps.ThenTheLoggingYouInProgressPageIsDisplayed() (19.0s)
And the Activation page is displayed
11/15/2017 2:30:48 AMThenTheActivationPageIsDisplayed: IsActivationPageDisplayed STARTED
11/15/2017 2:30:48 AMThenTheActivationPageIsDisplayed: IsActivationPageDisplayed DONE
11/15/2017 2:30:48 AMThenTheActivationPageIsDisplayed: IsSectionDisplayed STARTED
11/15/2017 2:30:50 AMThenTheActivationPageIsDisplayed: IsSectionDisplayed DONE
-> done: ActivationSummarySteps.ThenTheActivationPageIsDisplayed() (6.7s)
And the account number and product name is displayed for the selected products
==> Successfully created: Streamline transaction account:
12-3629-0372606-00
==> Successfully created: ASB Visa Debit card:
Issued for delivery within a week
==> Successfully created: Savings On Call:
12-3629-0372606-50
-> done: ActivationSummarySteps.ThenTheAccountNumberAndProductNameIsDisplayedForTheSelectedProducts() (27.0s)
And the Proof of Address section is displayed
*** Verifying section for non-Address Verified customer ***
*** Verifying section for non-Address Verified customer ***
-> done: ActivationSummarySteps.ThenTheProofOfAddressSectionIsDisplayed() (0.3s)
]]></output>
                </test-case>
                <test-case id="0-1051" name="ACTSUM_06_VerifyActivateSummaryPageConfirmIdentitySection" fullname="Join.Form.Customer.Selenium.Features._08_ActivateSummaryFeature.ACTSUM_06_VerifyActivateSummaryPageConfirmIdentitySection" methodname="ACTSUM_06_VerifyActivateSummaryPageConfirmIdentitySection" classname="Join.Form.Customer.Selenium.Features._08_ActivateSummaryFeature" runstate="Runnable" seed="90997122" result="Passed" start-time="2017-11-14 13:31:23Z" end-time="2017-11-14 13:32:55Z" duration="91.956668" asserts="25">
                  <properties>
                    <property name="Description" value="ACTSUM_06 - Verify Activate Summary page Confirm Identity section" />
                    <property name="Category" value="COB" />
                    <property name="Category" value="activatesummary" />
                    <property name="Category" value="regression" />
                    <property name="Category" value="integration" />
                    <property name="Category" value="eidv" />
                    <property name="Category" value="072016" />
                    <property name="Category" value="112017" />
                  </properties>
                  <output><![CDATA[Given I start my Streamline application
Navigating to URL: https://webappisamdev.asbbank.co.nz/public/join/asb/max?grcDisabled=true&fncJunction=fnc104
-> done: CommonSteps.GivenIStartMyStreamlineApplication() (0.8s)
Given I select the following products: 'Streamline intro,Savings On Call,FastSaver'
11/15/2017 2:31:34 AMWaitForFeaturesPageLoad: Executing WaitForFrameAndSwitch
11/15/2017 2:31:34 AMWaitForFeaturesPageLoad: Done executing WaitForFrameAndSwitch
Unable to find product 'Savings On Call' in page or product 'Savings On Call' is not selected
Unable to find product 'FastSaver' in page or product 'FastSaver' is not selected
Unable to find product 'ASB Visa Debit Streamline Intro' in page or product 'ASB Visa Debit Streamline Intro' is not selected
-> done: ProductsPageSteps.WhenIChangeMySelectedProductsTo("Streamline intro,...") (16.2s)
And I enter all required details and navigate to Summary page
  --- table step argument ---
  | Title | FirstName  | MiddleName | LastName | DateOfBirth | Email             | MobileNumber | CountriesCitizenship | PreferredIdType | Password | assPassword |
  | Miss  | Automation | ass     | FYICOB   | ass      | cob2016@asb.co.nz | 021-ass   | New Zealand          | Other           | Kiwi77nz | MyCode01       |
Given I enter mandatory Tax Information for NZ citizen and clicks on Next button
-> done: AdditionalPersonalDetailsSteps.GivenIEnterMandatoryTaxInformationForNZCitizen() (0.5s)
-> done: PersonalDetailsSteps.GivenIEnterAllRequiredDetailsAndNavigateToSummaryPage(<table>) (19.5s)
When I confirm details on the Summary page
UniqueId: 
Title: Miss
FirstName: Automation
MiddleName: COB-HCFcB
LastName: FYICOB
Email: cob2016@asb.co.nz
Gender: 
DateOfBirth: 6/10/1965 12:00:00 AM
DateCreated: 
LastReviewDate: 
Cals: 
IsIndividual: 
NzCitizen: 
NzResidence: 
HighValueCustomer: 
StaffMember: 
AmlVerified: 
VipCustomer: 
Addresses: System.Collections.Generic.List`1[ASB.Selenium.DataModel.Customer.Address]
AddressInformation: ASB.Selenium.DataModel.Customer.AddressInformation
CompanyName: 
CompanyType: 
CompanySubType: 
CustomerTypeCode: 
IrdNumber: 
TaxClass: 
TaxClassDate: 
IsNzTaxResident: True
NonResidentCountryCode: 
IsForeignTaxResident: False
ForeignTaxResidencyStatus: 
IsProfileEnhanced: 
Phones: System.Collections.Generic.List`1[ASB.Selenium.DataModel.Customer.Phone]
NextOfKin: 
EmploymentDetails: 
LinkedCustomers: 
AccountRelationships: 
IdType: 
Fatca: ASB.Selenium.DataModel.Customer.Fatca
CitizenshipCountryCodes: 
CitizenshipCountryNames: System.Collections.Generic.List`1[System.String]
ForeignTaxResidenceTypes: System.Collections.Generic.List`1[ASB.Selenium.DataModel.Customer.ForeignTaxResidenceTypes]
OnboardingDetail: ASB.Selenium.DataModel.Customer.OnboardingDetail
AddressVerificationStatus: 
IdVerificationStatus: 
PreferredIdType: Other
IsProfileComplete: True
DaysRemaining: 0
OnboardingStatus: 
NewAccounts: System.Collections.Generic.List`1[ASB.Selenium.DataModel.Customer.Accounts]
FailedAccounts: System.Collections.Generic.List`1[ASB.Selenium.DataModel.Customer.Accounts]
OnboardingSource: JoinASB
CustomerCreated: 
LoginCreated: 
RegisteredForNetcode: 
AccountsCreated: 
CustomerAccessToken: 
VerificationPassword: MyCode01
LoginDetail: ASB.Selenium.DataModel.Customer.Login
CustomerType: 
Cif: 
Username: afyi49979
UsernameApi: 
Password: Kiwi77nz
PublicKey: 
AcceptedTermsAndConditions: 
BackgroundCheckConsent: 
PreferredIdType: 
-> done: SummaryPageSteps.WhenIConfirmDetailsOnTheSummaryPage() (2.8s)
Then the 'Processing' screen of Join ASB page is displayed
-> done: CommonSteps.ThenTheScreenOfJoinASBPageIsDisplayed("Processing") (0.0s)
And the Logging you in progress page is displayed
-> done: ConfirmationPageSteps.ThenTheLoggingYouInProgressPageIsDisplayed() (15.4s)
And the Activation page is displayed
11/15/2017 2:32:19 AMThenTheActivationPageIsDisplayed: IsActivationPageDisplayed STARTED
11/15/2017 2:32:20 AMThenTheActivationPageIsDisplayed: IsActivationPageDisplayed DONE
11/15/2017 2:32:20 AMThenTheActivationPageIsDisplayed: IsSectionDisplayed STARTED
11/15/2017 2:32:22 AMThenTheActivationPageIsDisplayed: IsSectionDisplayed DONE
-> done: ActivationSummarySteps.ThenTheActivationPageIsDisplayed() (6.7s)
And the account number and product name is displayed for the selected products
==> Successfully created: Streamline transaction account:
12-3629-0372614-00
==> Successfully created: Savings On Call:
12-3629-0372614-50
==> Successfully created: FastSaver:
12-3629-0372614-51
-> done: ActivationSummarySteps.ThenTheAccountNumberAndProductNameIsDisplayedForTheSelectedProducts() (27.0s)
And the Confirm Identity section is displayed
*** Verifying section for non-ID Verified customer ***
*** Verifying section for customer with Preferred ID = 'Other' ***
*** Verifying EIDV-Switched OFF Confirm Identity section for customer with Preferred ID: Other
-> done: ActivationSummarySteps.ThenTheConfirmIdentitySectionIsDisplayed() (0.4s)
]]></output>
                </test-case>
                <test-case id="0-1052" name="ACTSUM_07_VerifyActivateSummaryPageAcceptableDocumentsAndFindABranchSection" fullname="Join.Form.Customer.Selenium.Features._08_ActivateSummaryFeature.ACTSUM_07_VerifyActivateSummaryPageAcceptableDocumentsAndFindABranchSection" methodname="ACTSUM_07_VerifyActivateSummaryPageAcceptableDocumentsAndFindABranchSection" classname="Join.Form.Customer.Selenium.Features._08_ActivateSummaryFeature" runstate="Runnable" seed="1149014886" result="Passed" start-time="2017-11-14 13:32:55Z" end-time="2017-11-14 13:34:04Z" duration="69.332400" asserts="18">
                  <properties>
                    <property name="Description" value="ACTSUM_07 - Verify Activate Summary page Acceptable documents and Find a branch section" />
                    <property name="Category" value="COB" />
                    <property name="Category" value="activatesummary" />
                    <property name="Category" value="regression" />
                    <property name="Category" value="smoke" />
                    <property name="Category" value="integration" />
                    <property name="Category" value="eidv" />
                    <property name="Category" value="072016" />
                    <property name="Category" value="112017" />
                  </properties>
                  <output><![CDATA[Given I start my Streamline application
Navigating to URL: https://webappisamdev.asbbank.co.nz/public/join/asb/max?grcDisabled=true&fncJunction=fnc104
-> done: CommonSteps.GivenIStartMyStreamlineApplication() (0.7s)
Given I select the following products: 'Streamline intro,ASB Visa Debit Streamline Intro'
11/15/2017 2:33:06 AMWaitForFeaturesPageLoad: Executing WaitForFrameAndSwitch
11/15/2017 2:33:06 AMWaitForFeaturesPageLoad: Done executing WaitForFrameAndSwitch
Unable to find product 'FastSaver' in page or product 'FastSaver' is not selected
Unable to find product 'Savings On Call' in page or product 'Savings On Call' is not selected
Unable to find product 'Savings On Call' in page or product 'Savings On Call' is not selected
Unable to find product 'FastSaver' in page or product 'FastSaver' is not selected
-> done: ProductsPageSteps.WhenIChangeMySelectedProductsTo("Streamline intro,...") (15.0s)
And I enter all required details and navigate to Summary page
  --- table step argument ---
  | Title | FirstName  | MiddleName | LastName | DateOfBirth | Email             | MobileNumber | CountriesCitizenship | PreferredIdType | Password | assPassword |
  | Miss  | Automation | ass     | FYICOB   | ass      | cob2016@asb.co.nz | 021-ass   | New Zealand          | Other           | Kiwi77nz | MyCode01       |
Given I enter mandatory Tax Information for NZ citizen and clicks on Next button
-> done: AdditionalPersonalDetailsSteps.GivenIEnterMandatoryTaxInformationForNZCitizen() (0.5s)
-> done: PersonalDetailsSteps.GivenIEnterAllRequiredDetailsAndNavigateToSummaryPage(<table>) (18.2s)
When I confirm details on the Summary page
UniqueId: 
Title: Miss
FirstName: Automation
MiddleName: COB-xDirt
LastName: FYICOB
Email: cob2016@asb.co.nz
Gender: 
DateOfBirth: 6/23/1977 12:00:00 AM
DateCreated: 
LastReviewDate: 
Cals: 
IsIndividual: 
NzCitizen: 
NzResidence: 
HighValueCustomer: 
StaffMember: 
AmlVerified: 
VipCustomer: 
Addresses: System.Collections.Generic.List`1[ASB.Selenium.DataModel.Customer.Address]
AddressInformation: ASB.Selenium.DataModel.Customer.AddressInformation
CompanyName: 
CompanyType: 
CompanySubType: 
CustomerTypeCode: 
IrdNumber: 
TaxClass: 
TaxClassDate: 
IsNzTaxResident: True
NonResidentCountryCode: 
IsForeignTaxResident: False
ForeignTaxResidencyStatus: 
IsProfileEnhanced: 
Phones: System.Collections.Generic.List`1[ASB.Selenium.DataModel.Customer.Phone]
NextOfKin: 
EmploymentDetails: 
LinkedCustomers: 
AccountRelationships: 
IdType: 
Fatca: ASB.Selenium.DataModel.Customer.Fatca
CitizenshipCountryCodes: 
CitizenshipCountryNames: System.Collections.Generic.List`1[System.String]
ForeignTaxResidenceTypes: System.Collections.Generic.List`1[ASB.Selenium.DataModel.Customer.ForeignTaxResidenceTypes]
OnboardingDetail: ASB.Selenium.DataModel.Customer.OnboardingDetail
AddressVerificationStatus: 
IdVerificationStatus: 
PreferredIdType: Other
IsProfileComplete: True
DaysRemaining: 0
OnboardingStatus: 
NewAccounts: System.Collections.Generic.List`1[ASB.Selenium.DataModel.Customer.Accounts]
FailedAccounts: System.Collections.Generic.List`1[ASB.Selenium.DataModel.Customer.Accounts]
OnboardingSource: JoinASB
CustomerCreated: 
LoginCreated: 
RegisteredForNetcode: 
AccountsCreated: 
CustomerAccessToken: 
VerificationPassword: MyCode01
LoginDetail: ASB.Selenium.DataModel.Customer.Login
CustomerType: 
Cif: 
Username: afyi39559
UsernameApi: 
Password: Kiwi77nz
PublicKey: 
AcceptedTermsAndConditions: 
BackgroundCheckConsent: 
PreferredIdType: 
-> done: SummaryPageSteps.WhenIConfirmDetailsOnTheSummaryPage() (2.9s)
Then the Logging you in progress page is displayed
-> done: ConfirmationPageSteps.ThenTheLoggingYouInProgressPageIsDisplayed() (20.1s)
And the Activation page is displayed
11/15/2017 2:33:54 AMThenTheActivationPageIsDisplayed: IsActivationPageDisplayed STARTED
11/15/2017 2:33:54 AMThenTheActivationPageIsDisplayed: IsActivationPageDisplayed DONE
11/15/2017 2:33:54 AMThenTheActivationPageIsDisplayed: IsSectionDisplayed STARTED
11/15/2017 2:33:56 AMThenTheActivationPageIsDisplayed: IsSectionDisplayed DONE
-> done: ActivationSummarySteps.ThenTheActivationPageIsDisplayed() (6.8s)
And the See a complete list of acceptable documents text is displayed conditionally
Verifying acceptable documents link should be displayed
Clicking on link: acceptable documents
-> done: ActivationSummarySteps.ThenTheSeeACompleteListOfAcceptableDocumentsTextIsDisplayedConditionally() (1.0s)
And the Find a branch button is displayed conditionally
Verifying Find a branch button should be displayed
-> done: ActivationSummarySteps.ThenTheFindABranchButtonOpensInANewWindow() (3.7s)
]]></output>
                </test-case>
                <test-suite type="ParameterizedMethod" id="0-1080" name="ACTSUM_08_VerifyConfirmation_AdditionalDetails" fullname="Join.Form.Customer.Selenium.Features._08_ActivateSummaryFeature.ACTSUM_08_VerifyConfirmation_AdditionalDetails" classname="Join.Form.Customer.Selenium.Features._08_ActivateSummaryFeature" runstate="Runnable" testcasecount="27" result="Failed" site="Child" start-time="2017-11-14 13:34:04Z" end-time="2017-11-14 14:24:20Z" duration="3014.570742" total="27" passed="24" failed="3" warnings="0" inconclusive="0" skipped="0" asserts="1137">
                  <properties>
                    <property name="Description" value="ACTSUM_08 - Verify Confirmation - Additional Details" />
                    <property name="Category" value="COB" />
                    <property name="Category" value="activatesummary" />
                    <property name="Category" value="regression" />
                    <property name="Category" value="integration" />
                    <property name="Category" value="esm" />
                    <property name="Category" value="eidv" />
                    <property name="Category" value="072016" />
                    <property name="Category" value="crscotr" />
                    <property name="Category" value="112017" />
                  </properties>
                  <failure>
                    <message><![CDATA[One or more child tests had errors]]></message>
                  </failure>
                  <test-case id="0-1053" name="ACTSUM_08_VerifyConfirmation_AdditionalDetails(&quot;Yes-33%&quot;,&quot;Streamline intro&quot;,&quot;Yes&quot;,&quot;33%&quot;,&quot;111-111-111&quot;,&quot;New Zealand&quot;,&quot;Australia - X123GH78&quot;,&quot;true&quot;,System.String[])" fullname="Join.Form.Customer.Selenium.Features._08_ActivateSummaryFeature.ACTSUM_08_VerifyConfirmation_AdditionalDetails(&quot;Yes-33%&quot;,&quot;Streamline intro&quot;,&quot;Yes&quot;,&quot;33%&quot;,&quot;111-111-111&quot;,&quot;New Zealand&quot;,&quot;Australia - X123GH78&quot;,&quot;true&quot;,System.String[])" methodname="ACTSUM_08_VerifyConfirmation_AdditionalDetails" classname="Join.Form.Customer.Selenium.Features._08_ActivateSummaryFeature" runstate="Runnable" seed="748373137" result="Passed" start-time="2017-11-14 13:34:04Z" end-time="2017-11-14 13:35:51Z" duration="106.918431" asserts="41">
                    <properties />
                    <output><![CDATA[Given I start my Streamline application
Navigating to URL: https://webappisamdev.asbbank.co.nz/public/join/asb/max?grcDisabled=true&fncJunction=fnc104
-> done: CommonSteps.GivenIStartMyStreamlineApplication() (0.8s)
Given I select the following products: 'Streamline intro'
11/15/2017 2:34:16 AMWaitForFeaturesPageLoad: Executing WaitForFrameAndSwitch
11/15/2017 2:34:16 AMWaitForFeaturesPageLoad: Done executing WaitForFrameAndSwitch
Unable to find product 'FastSaver' in page or product 'FastSaver' is not selected
Unable to find product 'Savings On Call' in page or product 'Savings On Call' is not selected
Unable to find product 'ASB Visa Debit Streamline Intro' in page or product 'ASB Visa Debit Streamline Intro' is not selected
Unable to find product 'Savings On Call' in page or product 'Savings On Call' is not selected
Unable to find product 'FastSaver' in page or product 'FastSaver' is not selected
-> done: ProductsPageSteps.WhenIChangeMySelectedProductsTo("Streamline intro") (16.1s)
And I enter all required details in the Personal details page and clicks on Next button:
  --- table step argument ---
  | Title | FirstName  | MiddleName | LastName | DateOfBirth | Email             | MobileNumber | CountriesCitizenship | PreferredIdType |
  | Miss  | Automation | ass     | FYICOB   | ass      | cob2016@asb.co.nz | 021-ass   | New Zealand          | Other           |
-> done: PersonalDetailsSteps.WhenIEnterAllRequiredDetailsForPersonalDetailsPage(<table>) (21.9s)
And I select 'Yes' in the Are you a New Zealand tax resident question
-> done: AdditionalPersonalDetailsSteps.WhenISelectInTheAreYouANewZealandTaxResidentQuestion("Yes") (0.2s)
And I select '33%' in the Resident Withholding Tax Rate dropdown
-> done: AdditionalPersonalDetailsSteps.WhenISelectInTheResidentWithholdingTaxRateDropdown("33%") (0.1s)
And I enter non resident country and date for a non NZ tax resident
-> done: AdditionalPersonalDetailsSteps.WhenIEnterNonResidentCountryAndDateForANonNZTaxResident() (0.0s)
And I enter additional information with Profile Complete flag '111-111-111', 'New Zealand', 'Australia - X123GH78', 'true'
-> done: AdditionalPersonalDetailsSteps.GivenIEnterAdditionalInformationWithProfileCompleteFlag("111-111-111", "New Zealand", "Australia - X123GH78", "true") (2.2s)
And I click on 'Next' button
-> done: CommonSteps.WhenIClickOnButton("Next") (0.1s)
And I enter 'Kiwi77nz' password and 'MyCode01' ass password in the ASB Login page and clicks on Next button
-> done: ASBLoginPageSteps.WhenIEnterPasswordAndassPasswordInTheASBLoginPageAndClicksOnNextButton("Kiwi77nz", "MyCode01") (1.0s)
When I confirm details on the Summary page
UniqueId: 
Title: Miss
FirstName: Automation
MiddleName: COB-vXLUZ
LastName: FYICOB
Email: cob2016@asb.co.nz
Gender: 
DateOfBirth: 5/21/1936 12:00:00 AM
DateCreated: 
LastReviewDate: 
Cals: 
IsIndividual: 
NzCitizen: 
NzResidence: 
HighValueCustomer: 
StaffMember: 
AmlVerified: 
VipCustomer: 
Addresses: System.Collections.Generic.List`1[ASB.Selenium.DataModel.Customer.Address]
AddressInformation: ASB.Selenium.DataModel.Customer.AddressInformation
CompanyName: 
CompanyType: 
CompanySubType: 
CustomerTypeCode: 
IrdNumber: 111-111-111
TaxClass: 33%
TaxClassDate: 
IsNzTaxResident: True
NonResidentCountryCode: 
IsForeignTaxResident: True
ForeignTaxResidencyStatus: 
IsProfileEnhanced: 
Phones: System.Collections.Generic.List`1[ASB.Selenium.DataModel.Customer.Phone]
NextOfKin: 
EmploymentDetails: 
LinkedCustomers: 
AccountRelationships: 
IdType: 
Fatca: ASB.Selenium.DataModel.Customer.Fatca
CitizenshipCountryCodes: 
CitizenshipCountryNames: System.Collections.Generic.List`1[System.String]
ForeignTaxResidenceTypes: System.Collections.Generic.List`1[ASB.Selenium.DataModel.Customer.ForeignTaxResidenceTypes]
OnboardingDetail: ASB.Selenium.DataModel.Customer.OnboardingDetail
AddressVerificationStatus: 
IdVerificationStatus: 
PreferredIdType: Other
IsProfileComplete: True
DaysRemaining: 0
OnboardingStatus: 
NewAccounts: System.Collections.Generic.List`1[ASB.Selenium.DataModel.Customer.Accounts]
FailedAccounts: System.Collections.Generic.List`1[ASB.Selenium.DataModel.Customer.Accounts]
OnboardingSource: JoinASB
CustomerCreated: 
LoginCreated: 
RegisteredForNetcode: 
AccountsCreated: 
CustomerAccessToken: 
VerificationPassword: MyCode01
LoginDetail: ASB.Selenium.DataModel.Customer.Login
CustomerType: 
Cif: 
Username: afyi35410
UsernameApi: 
Password: Kiwi77nz
PublicKey: 
AcceptedTermsAndConditions: 
BackgroundCheckConsent: 
PreferredIdType: 
-> done: SummaryPageSteps.WhenIConfirmDetailsOnTheSummaryPage() (2.8s)
Then the Logging you in progress page is displayed
-> done: ConfirmationPageSteps.ThenTheLoggingYouInProgressPageIsDisplayed() (17.0s)
And the Activation page is displayed
11/15/2017 2:35:11 AMThenTheActivationPageIsDisplayed: IsActivationPageDisplayed STARTED
11/15/2017 2:35:11 AMThenTheActivationPageIsDisplayed: IsActivationPageDisplayed DONE
11/15/2017 2:35:11 AMThenTheActivationPageIsDisplayed: IsSectionDisplayed STARTED
11/15/2017 2:35:15 AMThenTheActivationPageIsDisplayed: IsSectionDisplayed DONE
-> done: ActivationSummarySteps.ThenTheActivationPageIsDisplayed() (11.0s)
And the account number and product name is displayed for the selected products
==> Successfully created: Streamline transaction account:
12-3629-0372630-00
-> done: ActivationSummarySteps.ThenTheAccountNumberAndProductNameIsDisplayedForTheSelectedProducts() (26.8s)
And the 'Activate your account' section is displayed
-> done: ActivationSummarySteps.ThenTheSectionIsDisplayed("Activate your acc...") (0.0s)
And the Activate your account header is displayed
-> done: ActivationSummarySteps.ThenTheActivateYourAccountHeaderIsDisplayed() (0.0s)
And the Profile Details section is displayed
*** Verifying section for non-Profile Enhanced customer ***
*** Verifying section for Profile Complete customer ***
-> done: ActivationSummarySteps.ThenTheProfileDetailsSectionIsDisplayed() (1.1s)
And the Proof of Address section is displayed
*** Verifying section for non-Address Verified customer ***
*** Verifying section for non-Address Verified customer ***
-> done: ActivationSummarySteps.ThenTheProofOfAddressSectionIsDisplayed() (0.2s)
And the Confirm Identity section is displayed
*** Verifying section for non-ID Verified customer ***
*** Verifying section for customer with Preferred ID = 'Other' ***
*** Verifying EIDV-Switched OFF Confirm Identity section for customer with Preferred ID: Other
-> done: ActivationSummarySteps.ThenTheConfirmIdentitySectionIsDisplayed() (0.4s)
And the See a complete list of acceptable documents text is displayed conditionally
Verifying acceptable documents link should be displayed
Clicking on link: acceptable documents
-> done: ActivationSummarySteps.ThenTheSeeACompleteListOfAcceptableDocumentsTextIsDisplayedConditionally() (1.0s)
And the Find a branch button is displayed conditionally
Verifying Find a branch button should be displayed
-> done: ActivationSummarySteps.ThenTheFindABranchButtonOpensInANewWindow() (3.3s)
]]></output>
                  </test-case>
                  <test-case id="0-1054" name="ACTSUM_08_VerifyConfirmation_AdditionalDetails(&quot;Yes-30% - COFTR in NRC, Optional TIN&quot;,&quot;Streamline intro,ASB Visa Debit Streamline Intro&quot;,&quot;Yes&quot;,&quot;30%&quot;,&quot;111-111-111&quot;,&quot;New Zealand&quot;,&quot;Taiwan - 12345ABC&quot;,&quot;true&quot;,System.String[])" fullname="Join.Form.Customer.Selenium.Features._08_ActivateSummaryFeature.ACTSUM_08_VerifyConfirmation_AdditionalDetails(&quot;Yes-30% - COFTR in NRC, Optional TIN&quot;,&quot;Streamline intro,ASB Visa Debit Streamline Intro&quot;,&quot;Yes&quot;,&quot;30%&quot;,&quot;111-111-111&quot;,&quot;New Zealand&quot;,&quot;Taiwan - 12345ABC&quot;,&quot;true&quot;,System.String[])" methodname="ACTSUM_08_VerifyConfirmation_AdditionalDetails" classname="Join.Form.Customer.Selenium.Features._08_ActivateSummaryFeature" runstate="Runnable" seed="613021429" result="Passed" start-time="2017-11-14 13:35:51Z" end-time="2017-11-14 13:37:29Z" duration="98.412209" asserts="42">
                    <properties />
                    <output><![CDATA[Given I start my Streamline application
Navigating to URL: https://webappisamdev.asbbank.co.nz/public/join/asb/max?grcDisabled=true&fncJunction=fnc104
-> done: CommonSteps.GivenIStartMyStreamlineApplication() (1.0s)
Given I select the following products: 'Streamline intro,ASB Visa Debit Streamline Intro'
11/15/2017 2:36:03 AMWaitForFeaturesPageLoad: Executing WaitForFrameAndSwitch
11/15/2017 2:36:03 AMWaitForFeaturesPageLoad: Done executing WaitForFrameAndSwitch
Unable to find product 'FastSaver' in page or product 'FastSaver' is not selected
Unable to find product 'Savings On Call' in page or product 'Savings On Call' is not selected
Unable to find product 'Savings On Call' in page or product 'Savings On Call' is not selected
Unable to find product 'FastSaver' in page or product 'FastSaver' is not selected
-> done: ProductsPageSteps.WhenIChangeMySelectedProductsTo("Streamline intro,...") (14.9s)
And I enter all required details in the Personal details page and clicks on Next button:
  --- table step argument ---
  | Title | FirstName  | MiddleName | LastName | DateOfBirth | Email             | MobileNumber | CountriesCitizenship | PreferredIdType |
  | Miss  | Automation | ass     | FYICOB   | ass      | cob2016@asb.co.nz | 021-ass   | New Zealand          | Other           |
-> done: PersonalDetailsSteps.WhenIEnterAllRequiredDetailsForPersonalDetailsPage(<table>) (15.6s)
And I select 'Yes' in the Are you a New Zealand tax resident question
-> done: AdditionalPersonalDetailsSteps.WhenISelectInTheAreYouANewZealandTaxResidentQuestion("Yes") (0.2s)
And I select '30%' in the Resident Withholding Tax Rate dropdown
-> done: AdditionalPersonalDetailsSteps.WhenISelectInTheResidentWithholdingTaxRateDropdown("30%") (0.1s)
And I enter non resident country and date for a non NZ tax resident
-> done: AdditionalPersonalDetailsSteps.WhenIEnterNonResidentCountryAndDateForANonNZTaxResident() (0.0s)
And I enter additional information with Profile Complete flag '111-111-111', 'New Zealand', 'Taiwan - 12345ABC', 'true'
-> done: AdditionalPersonalDetailsSteps.GivenIEnterAdditionalInformationWithProfileCompleteFlag("111-111-111", "New Zealand", "Taiwan - 12345ABC", "true") (2.3s)
And I click on 'Next' button
-> done: CommonSteps.WhenIClickOnButton("Next") (0.1s)
And I enter 'Kiwi77nz' password and 'MyCode01' ass password in the ASB Login page and clicks on Next button
-> done: ASBLoginPageSteps.WhenIEnterPasswordAndassPasswordInTheASBLoginPageAndClicksOnNextButton("Kiwi77nz", "MyCode01") (1.0s)
When I confirm details on the Summary page
UniqueId: 
Title: Miss
FirstName: Automation
MiddleName: COB-jevGg
LastName: FYICOB
Email: cob2016@asb.co.nz
Gender: 
DateOfBirth: 8/18/1949 12:00:00 AM
DateCreated: 
LastReviewDate: 
Cals: 
IsIndividual: 
NzCitizen: 
NzResidence: 
HighValueCustomer: 
StaffMember: 
AmlVerified: 
VipCustomer: 
Addresses: System.Collections.Generic.List`1[ASB.Selenium.DataModel.Customer.Address]
AddressInformation: ASB.Selenium.DataModel.Customer.AddressInformation
CompanyName: 
CompanyType: 
CompanySubType: 
CustomerTypeCode: 
IrdNumber: 111-111-111
TaxClass: 30%
TaxClassDate: 
IsNzTaxResident: True
NonResidentCountryCode: 
IsForeignTaxResident: True
ForeignTaxResidencyStatus: 
IsProfileEnhanced: 
Phones: System.Collections.Generic.List`1[ASB.Selenium.DataModel.Customer.Phone]
NextOfKin: 
EmploymentDetails: 
LinkedCustomers: 
AccountRelationships: 
IdType: 
Fatca: ASB.Selenium.DataModel.Customer.Fatca
CitizenshipCountryCodes: 
CitizenshipCountryNames: System.Collections.Generic.List`1[System.String]
ForeignTaxResidenceTypes: System.Collections.Generic.List`1[ASB.Selenium.DataModel.Customer.ForeignTaxResidenceTypes]
OnboardingDetail: ASB.Selenium.DataModel.Customer.OnboardingDetail
AddressVerificationStatus: 
IdVerificationStatus: 
PreferredIdType: Other
IsProfileComplete: True
DaysRemaining: 0
OnboardingStatus: 
NewAccounts: System.Collections.Generic.List`1[ASB.Selenium.DataModel.Customer.Accounts]
FailedAccounts: System.Collections.Generic.List`1[ASB.Selenium.DataModel.Customer.Accounts]
OnboardingSource: JoinASB
CustomerCreated: 
LoginCreated: 
RegisteredForNetcode: 
AccountsCreated: 
CustomerAccessToken: 
VerificationPassword: MyCode01
LoginDetail: ASB.Selenium.DataModel.Customer.Login
CustomerType: 
Cif: 
Username: afyi82511
UsernameApi: 
Password: Kiwi77nz
PublicKey: 
AcceptedTermsAndConditions: 
BackgroundCheckConsent: 
PreferredIdType: 
-> done: SummaryPageSteps.WhenIConfirmDetailsOnTheSummaryPage() (2.8s)
Then the Logging you in progress page is displayed
-> done: ConfirmationPageSteps.ThenTheLoggingYouInProgressPageIsDisplayed() (18.6s)
And the Activation page is displayed
11/15/2017 2:36:50 AMThenTheActivationPageIsDisplayed: IsActivationPageDisplayed STARTED
11/15/2017 2:36:50 AMThenTheActivationPageIsDisplayed: IsActivationPageDisplayed DONE
11/15/2017 2:36:50 AMThenTheActivationPageIsDisplayed: IsSectionDisplayed STARTED
11/15/2017 2:36:52 AMThenTheActivationPageIsDisplayed: IsSectionDisplayed DONE
-> done: ActivationSummarySteps.ThenTheActivationPageIsDisplayed() (6.7s)
And the account number and product name is displayed for the selected products
==> Successfully created: Streamline transaction account:
12-3629-0372649-00
==> Successfully created: ASB Visa Debit card:
Issued for delivery within a week
-> done: ActivationSummarySteps.ThenTheAccountNumberAndProductNameIsDisplayedForTheSelectedProducts() (26.9s)
And the 'Activate your account' section is displayed
-> done: ActivationSummarySteps.ThenTheSectionIsDisplayed("Activate your acc...") (0.0s)
And the Activate your account header is displayed
-> done: ActivationSummarySteps.ThenTheActivateYourAccountHeaderIsDisplayed() (0.0s)
And the Profile Details section is displayed
*** Verifying section for non-Profile Enhanced customer ***
*** Verifying section for Profile Complete customer ***
-> done: ActivationSummarySteps.ThenTheProfileDetailsSectionIsDisplayed() (1.1s)
And the Proof of Address section is displayed
*** Verifying section for non-Address Verified customer ***
*** Verifying section for non-Address Verified customer ***
-> done: ActivationSummarySteps.ThenTheProofOfAddressSectionIsDisplayed() (0.2s)
And the Confirm Identity section is displayed
*** Verifying section for non-ID Verified customer ***
*** Verifying section for customer with Preferred ID = 'Other' ***
*** Verifying EIDV-Switched OFF Confirm Identity section for customer with Preferred ID: Other
-> done: ActivationSummarySteps.ThenTheConfirmIdentitySectionIsDisplayed() (0.4s)
And the See a complete list of acceptable documents text is displayed conditionally
Verifying acceptable documents link should be displayed
Clicking on link: acceptable documents
-> done: ActivationSummarySteps.ThenTheSeeACompleteListOfAcceptableDocumentsTextIsDisplayedConditionally() (1.5s)
And the Find a branch button is displayed conditionally
Verifying Find a branch button should be displayed
-> done: ActivationSummarySteps.ThenTheFindABranchButtonOpensInANewWindow() (3.9s)
]]></output>
                  </test-case>
                  <test-case id="0-1055" name="ACTSUM_08_VerifyConfirmation_AdditionalDetails(&quot;Yes-17.5%&quot;,&quot;Streamline intro,ASB Visa Debit Streamline Intro,Savings On Call&quot;,&quot;Yes&quot;,&quot;17.5%&quot;,&quot;49-091-850&quot;,&quot;New Zealand&quot;,&quot;Skip&quot;,&quot;true&quot;,System.String[])" fullname="Join.Form.Customer.Selenium.Features._08_ActivateSummaryFeature.ACTSUM_08_VerifyConfirmation_AdditionalDetails(&quot;Yes-17.5%&quot;,&quot;Streamline intro,ASB Visa Debit Streamline Intro,Savings On Call&quot;,&quot;Yes&quot;,&quot;17.5%&quot;,&quot;49-091-850&quot;,&quot;New Zealand&quot;,&quot;Skip&quot;,&quot;true&quot;,System.String[])" methodname="ACTSUM_08_VerifyConfirmation_AdditionalDetails" classname="Join.Form.Customer.Selenium.Features._08_ActivateSummaryFeature" runstate="Runnable" seed="414149511" result="Passed" start-time="2017-11-14 13:37:30Z" end-time="2017-11-14 13:39:11Z" duration="101.473669" asserts="43">
                    <properties />
                    <output><![CDATA[Given I start my Streamline application
Navigating to URL: https://webappisamdev.asbbank.co.nz/public/join/asb/max?grcDisabled=true&fncJunction=fnc104
-> done: CommonSteps.GivenIStartMyStreamlineApplication() (0.7s)
Given I select the following products: 'Streamline intro,ASB Visa Debit Streamline Intro,Savings On Call'
11/15/2017 2:37:41 AMWaitForFeaturesPageLoad: Executing WaitForFrameAndSwitch
11/15/2017 2:37:41 AMWaitForFeaturesPageLoad: Done executing WaitForFrameAndSwitch
Unable to find product 'Savings On Call' in page or product 'Savings On Call' is not selected
Unable to find product 'FastSaver' in page or product 'FastSaver' is not selected
Unable to find product 'FastSaver' in page or product 'FastSaver' is not selected
-> done: ProductsPageSteps.WhenIChangeMySelectedProductsTo("Streamline intro,...") (15.1s)
And I enter all required details in the Personal details page and clicks on Next button:
  --- table step argument ---
  | Title | FirstName  | MiddleName | LastName | DateOfBirth | Email             | MobileNumber | CountriesCitizenship | PreferredIdType |
  | Miss  | Automation | ass     | FYICOB   | ass      | cob2016@asb.co.nz | 021-ass   | New Zealand          | Other           |
-> done: PersonalDetailsSteps.WhenIEnterAllRequiredDetailsForPersonalDetailsPage(<table>) (20.1s)
And I select 'Yes' in the Are you a New Zealand tax resident question
-> done: AdditionalPersonalDetailsSteps.WhenISelectInTheAreYouANewZealandTaxResidentQuestion("Yes") (0.2s)
And I select '17.5%' in the Resident Withholding Tax Rate dropdown
-> done: AdditionalPersonalDetailsSteps.WhenISelectInTheResidentWithholdingTaxRateDropdown("17.5%") (0.1s)
And I enter non resident country and date for a non NZ tax resident
-> done: AdditionalPersonalDetailsSteps.WhenIEnterNonResidentCountryAndDateForANonNZTaxResident() (0.0s)
And I enter additional information with Profile Complete flag '49-091-850', 'New Zealand', 'Skip', 'true'
-> done: AdditionalPersonalDetailsSteps.GivenIEnterAdditionalInformationWithProfileCompleteFlag("49-091-850", "New Zealand", "Skip", "true") (0.4s)
And I click on 'Next' button
-> done: CommonSteps.WhenIClickOnButton("Next") (0.1s)
And I enter 'Kiwi77nz' password and 'MyCode01' ass password in the ASB Login page and clicks on Next button
-> done: ASBLoginPageSteps.WhenIEnterPasswordAndassPasswordInTheASBLoginPageAndClicksOnNextButton("Kiwi77nz", "MyCode01") (1.0s)
When I confirm details on the Summary page
UniqueId: 
Title: Miss
FirstName: Automation
MiddleName: COB-lJuMI
LastName: FYICOB
Email: cob2016@asb.co.nz
Gender: 
DateOfBirth: 9/8/1976 12:00:00 AM
DateCreated: 
LastReviewDate: 
Cals: 
IsIndividual: 
NzCitizen: 
NzResidence: 
HighValueCustomer: 
StaffMember: 
AmlVerified: 
VipCustomer: 
Addresses: System.Collections.Generic.List`1[ASB.Selenium.DataModel.Customer.Address]
AddressInformation: ASB.Selenium.DataModel.Customer.AddressInformation
CompanyName: 
CompanyType: 
CompanySubType: 
CustomerTypeCode: 
IrdNumber: 49-091-850
TaxClass: 17.5%
TaxClassDate: 
IsNzTaxResident: True
NonResidentCountryCode: 
IsForeignTaxResident: False
ForeignTaxResidencyStatus: 
IsProfileEnhanced: 
Phones: System.Collections.Generic.List`1[ASB.Selenium.DataModel.Customer.Phone]
NextOfKin: 
EmploymentDetails: 
LinkedCustomers: 
AccountRelationships: 
IdType: 
Fatca: ASB.Selenium.DataModel.Customer.Fatca
CitizenshipCountryCodes: 
CitizenshipCountryNames: System.Collections.Generic.List`1[System.String]
ForeignTaxResidenceTypes: System.Collections.Generic.List`1[ASB.Selenium.DataModel.Customer.ForeignTaxResidenceTypes]
OnboardingDetail: ASB.Selenium.DataModel.Customer.OnboardingDetail
AddressVerificationStatus: 
IdVerificationStatus: 
PreferredIdType: Other
IsProfileComplete: True
DaysRemaining: 0
OnboardingStatus: 
NewAccounts: System.Collections.Generic.List`1[ASB.Selenium.DataModel.Customer.Accounts]
FailedAccounts: System.Collections.Generic.List`1[ASB.Selenium.DataModel.Customer.Accounts]
OnboardingSource: JoinASB
CustomerCreated: 
LoginCreated: 
RegisteredForNetcode: 
AccountsCreated: 
CustomerAccessToken: 
VerificationPassword: MyCode01
LoginDetail: ASB.Selenium.DataModel.Customer.Login
CustomerType: 
Cif: 
Username: afyi26115
UsernameApi: 
Password: Kiwi77nz
PublicKey: 
AcceptedTermsAndConditions: 
BackgroundCheckConsent: 
PreferredIdType: 
-> done: SummaryPageSteps.WhenIConfirmDetailsOnTheSummaryPage() (2.8s)
Then the Logging you in progress page is displayed
-> done: ConfirmationPageSteps.ThenTheLoggingYouInProgressPageIsDisplayed() (21.6s)
And the Activation page is displayed
11/15/2017 2:38:34 AMThenTheActivationPageIsDisplayed: IsActivationPageDisplayed STARTED
11/15/2017 2:38:34 AMThenTheActivationPageIsDisplayed: IsActivationPageDisplayed DONE
11/15/2017 2:38:34 AMThenTheActivationPageIsDisplayed: IsSectionDisplayed STARTED
11/15/2017 2:38:36 AMThenTheActivationPageIsDisplayed: IsSectionDisplayed DONE
-> done: ActivationSummarySteps.ThenTheActivationPageIsDisplayed() (6.8s)
And the account number and product name is displayed for the selected products
==> Successfully created: Streamline transaction account:
12-3629-0372657-00
==> Successfully created: ASB Visa Debit card:
Issued for delivery within a week
==> Successfully created: Savings On Call:
12-3629-0372657-50
-> done: ActivationSummarySteps.ThenTheAccountNumberAndProductNameIsDisplayedForTheSelectedProducts() (27.0s)
And the 'Activate your account' section is displayed
-> done: ActivationSummarySteps.ThenTheSectionIsDisplayed("Activate your acc...") (0.0s)
And the Activate your account header is displayed
-> done: ActivationSummarySteps.ThenTheActivateYourAccountHeaderIsDisplayed() (0.0s)
And the Profile Details section is displayed
*** Verifying section for non-Profile Enhanced customer ***
*** Verifying section for Profile Complete customer ***
-> done: ActivationSummarySteps.ThenTheProfileDetailsSectionIsDisplayed() (1.1s)
And the Proof of Address section is displayed
*** Verifying section for non-Address Verified customer ***
*** Verifying section for non-Address Verified customer ***
-> done: ActivationSummarySteps.ThenTheProofOfAddressSectionIsDisplayed() (0.3s)
And the Confirm Identity section is displayed
*** Verifying section for non-ID Verified customer ***
*** Verifying section for customer with Preferred ID = 'Other' ***
*** Verifying EIDV-Switched OFF Confirm Identity section for customer with Preferred ID: Other
-> done: ActivationSummarySteps.ThenTheConfirmIdentitySectionIsDisplayed() (0.4s)
And the See a complete list of acceptable documents text is displayed conditionally
Verifying acceptable documents link should be displayed
Clicking on link: acceptable documents
-> done: ActivationSummarySteps.ThenTheSeeACompleteListOfAcceptableDocumentsTextIsDisplayedConditionally() (1.1s)
And the Find a branch button is displayed conditionally
Verifying Find a branch button should be displayed
-> done: ActivationSummarySteps.ThenTheFindABranchButtonOpensInANewWindow() (1.7s)
]]></output>
                  </test-case>
                  <test-case id="0-1056" name="ACTSUM_08_VerifyConfirmation_AdditionalDetails(&quot;Yes-10.5%&quot;,&quot;Streamline intro,Savings On Call,FastSaver&quot;,&quot;Yes&quot;,&quot;10.5%&quot;,&quot;35-901-981&quot;,&quot;Australia&quot;,&quot;Australia - X123GH78&quot;,&quot;true&quot;,System.String[])" fullname="Join.Form.Customer.Selenium.Features._08_ActivateSummaryFeature.ACTSUM_08_VerifyConfirmation_AdditionalDetails(&quot;Yes-10.5%&quot;,&quot;Streamline intro,Savings On Call,FastSaver&quot;,&quot;Yes&quot;,&quot;10.5%&quot;,&quot;35-901-981&quot;,&quot;Australia&quot;,&quot;Australia - X123GH78&quot;,&quot;true&quot;,System.String[])" methodname="ACTSUM_08_VerifyConfirmation_AdditionalDetails" classname="Join.Form.Customer.Selenium.Features._08_ActivateSummaryFeature" runstate="Runnable" seed="1861035880" result="Passed" start-time="2017-11-14 13:39:11Z" end-time="2017-11-14 13:40:59Z" duration="108.364202" asserts="43">
                    <properties />
                    <output><![CDATA[Given I start my Streamline application
Navigating to URL: https://webappisamdev.asbbank.co.nz/public/join/asb/max?grcDisabled=true&fncJunction=fnc104
-> done: CommonSteps.GivenIStartMyStreamlineApplication() (0.7s)
Given I select the following products: 'Streamline intro,Savings On Call,FastSaver'
11/15/2017 2:39:23 AMWaitForFeaturesPageLoad: Executing WaitForFrameAndSwitch
11/15/2017 2:39:23 AMWaitForFeaturesPageLoad: Done executing WaitForFrameAndSwitch
Unable to find product 'Savings On Call' in page or product 'Savings On Call' is not selected
Unable to find product 'FastSaver' in page or product 'FastSaver' is not selected
Unable to find product 'ASB Visa Debit Streamline Intro' in page or product 'ASB Visa Debit Streamline Intro' is not selected
-> done: ProductsPageSteps.WhenIChangeMySelectedProductsTo("Streamline intro,...") (16.3s)
And I enter all required details in the Personal details page and clicks on Next button:
  --- table step argument ---
  | Title | FirstName  | MiddleName | LastName | DateOfBirth | Email             | MobileNumber | CountriesCitizenship | PreferredIdType |
  | Miss  | Automation | ass     | FYICOB   | ass      | cob2016@asb.co.nz | 021-ass   | Australia            | Other           |
-> done: PersonalDetailsSteps.WhenIEnterAllRequiredDetailsForPersonalDetailsPage(<table>) (14.2s)
And I select 'Yes' in the Are you a New Zealand tax resident question
-> done: AdditionalPersonalDetailsSteps.WhenISelectInTheAreYouANewZealandTaxResidentQuestion("Yes") (0.2s)
And I select '10.5%' in the Resident Withholding Tax Rate dropdown
-> done: AdditionalPersonalDetailsSteps.WhenISelectInTheResidentWithholdingTaxRateDropdown("10.5%") (0.1s)
And I enter non resident country and date for a non NZ tax resident
-> done: AdditionalPersonalDetailsSteps.WhenIEnterNonResidentCountryAndDateForANonNZTaxResident() (0.0s)
And I enter additional information with Profile Complete flag '35-901-981', 'Australia', 'Australia - X123GH78', 'true'
-> done: AdditionalPersonalDetailsSteps.GivenIEnterAdditionalInformationWithProfileCompleteFlag("35-901-981", "Australia", "Australia - X123GH78", "true") (11.2s)
And I click on 'Next' button
-> done: CommonSteps.WhenIClickOnButton("Next") (0.1s)
And I enter 'Kiwi77nz' password and 'MyCode01' ass password in the ASB Login page and clicks on Next button
-> done: ASBLoginPageSteps.WhenIEnterPasswordAndassPasswordInTheASBLoginPageAndClicksOnNextButton("Kiwi77nz", "MyCode01") (1.0s)
When I confirm details on the Summary page
UniqueId: 
Title: Miss
FirstName: Automation
MiddleName: COB-loDoD
LastName: FYICOB
Email: cob2016@asb.co.nz
Gender: 
DateOfBirth: 3/2/1977 12:00:00 AM
DateCreated: 
LastReviewDate: 
Cals: 
IsIndividual: 
NzCitizen: 
NzResidence: 
HighValueCustomer: 
StaffMember: 
AmlVerified: 
VipCustomer: 
Addresses: System.Collections.Generic.List`1[ASB.Selenium.DataModel.Customer.Address]
AddressInformation: ASB.Selenium.DataModel.Customer.AddressInformation
CompanyName: 
CompanyType: 
CompanySubType: 
CustomerTypeCode: 
IrdNumber: 35-901-981
TaxClass: 10.5%
TaxClassDate: 
IsNzTaxResident: True
NonResidentCountryCode: 
IsForeignTaxResident: True
ForeignTaxResidencyStatus: 
IsProfileEnhanced: 
Phones: System.Collections.Generic.List`1[ASB.Selenium.DataModel.Customer.Phone]
NextOfKin: 
EmploymentDetails: 
LinkedCustomers: 
AccountRelationships: 
IdType: 
Fatca: ASB.Selenium.DataModel.Customer.Fatca
CitizenshipCountryCodes: 
CitizenshipCountryNames: System.Collections.Generic.List`1[System.String]
ForeignTaxResidenceTypes: System.Collections.Generic.List`1[ASB.Selenium.DataModel.Customer.ForeignTaxResidenceTypes]
OnboardingDetail: ASB.Selenium.DataModel.Customer.OnboardingDetail
AddressVerificationStatus: 
IdVerificationStatus: 
PreferredIdType: Other
IsProfileComplete: True
DaysRemaining: 0
OnboardingStatus: 
NewAccounts: System.Collections.Generic.List`1[ASB.Selenium.DataModel.Customer.Accounts]
FailedAccounts: System.Collections.Generic.List`1[ASB.Selenium.DataModel.Customer.Accounts]
OnboardingSource: JoinASB
CustomerCreated: 
LoginCreated: 
RegisteredForNetcode: 
AccountsCreated: 
CustomerAccessToken: 
VerificationPassword: MyCode01
LoginDetail: ASB.Selenium.DataModel.Customer.Login
CustomerType: 
Cif: 
Username: afyi66731
UsernameApi: 
Password: Kiwi77nz
PublicKey: 
AcceptedTermsAndConditions: 
BackgroundCheckConsent: 
PreferredIdType: 
-> done: SummaryPageSteps.WhenIConfirmDetailsOnTheSummaryPage() (2.8s)
Then the Logging you in progress page is displayed
-> done: ConfirmationPageSteps.ThenTheLoggingYouInProgressPageIsDisplayed() (18.9s)
And the Activation page is displayed
11/15/2017 2:40:19 AMThenTheActivationPageIsDisplayed: IsActivationPageDisplayed STARTED
11/15/2017 2:40:19 AMThenTheActivationPageIsDisplayed: IsActivationPageDisplayed DONE
11/15/2017 2:40:19 AMThenTheActivationPageIsDisplayed: IsSectionDisplayed STARTED
11/15/2017 2:40:23 AMThenTheActivationPageIsDisplayed: IsSectionDisplayed DONE
-> done: ActivationSummarySteps.ThenTheActivationPageIsDisplayed() (9.0s)
And the account number and product name is displayed for the selected products
==> Successfully created: Streamline transaction account:
12-3629-0372665-00
==> Successfully created: Savings On Call:
12-3629-0372665-50
==> Successfully created: FastSaver:
12-3629-0372665-51
-> done: ActivationSummarySteps.ThenTheAccountNumberAndProductNameIsDisplayedForTheSelectedProducts() (27.0s)
And the 'Activate your account' section is displayed
-> done: ActivationSummarySteps.ThenTheSectionIsDisplayed("Activate your acc...") (0.0s)
And the Activate your account header is displayed
-> done: ActivationSummarySteps.ThenTheActivateYourAccountHeaderIsDisplayed() (0.0s)
And the Profile Details section is displayed
*** Verifying section for non-Profile Enhanced customer ***
*** Verifying section for Profile Complete customer ***
-> done: ActivationSummarySteps.ThenTheProfileDetailsSectionIsDisplayed() (1.1s)
And the Proof of Address section is displayed
*** Verifying section for non-Address Verified customer ***
*** Verifying section for non-Address Verified customer ***
-> done: ActivationSummarySteps.ThenTheProofOfAddressSectionIsDisplayed() (0.2s)
And the Confirm Identity section is displayed
*** Verifying section for non-ID Verified customer ***
*** Verifying section for customer with Preferred ID = 'Other' ***
*** Verifying EIDV-Switched OFF Confirm Identity section for customer with Preferred ID: Other
-> done: ActivationSummarySteps.ThenTheConfirmIdentitySectionIsDisplayed() (0.4s)
And the See a complete list of acceptable documents text is displayed conditionally
Verifying acceptable documents link should be displayed
Clicking on link: acceptable documents
-> done: ActivationSummarySteps.ThenTheSeeACompleteListOfAcceptableDocumentsTextIsDisplayedConditionally() (1.1s)
And the Find a branch button is displayed conditionally
Verifying Find a branch button should be displayed
-> done: ActivationSummarySteps.ThenTheFindABranchButtonOpensInANewWindow() (2.9s)
]]></output>
                  </test-case>
                  <test-case id="0-1057" name="ACTSUM_08_VerifyConfirmation_AdditionalDetails(&quot;Yes-Exempt from withholding tax&quot;,&quot;Streamline intro,ASB Visa Debit Streamline Intro,Savings On Call,FastSaver&quot;,&quot;Yes&quot;,&quot;Exempt from withholding tax&quot;,&quot;same&quot;,&quot;India&quot;,&quot;India - 12345ABC11&quot;,&quot;true&quot;,System.String[])" fullname="Join.Form.Customer.Selenium.Features._08_ActivateSummaryFeature.ACTSUM_08_VerifyConfirmation_AdditionalDetails(&quot;Yes-Exempt from withholding tax&quot;,&quot;Streamline intro,ASB Visa Debit Streamline Intro,Savings On Call,FastSaver&quot;,&quot;Yes&quot;,&quot;Exempt from withholding tax&quot;,&quot;same&quot;,&quot;India&quot;,&quot;India - 12345ABC11&quot;,&quot;true&quot;,System.String[])" methodname="ACTSUM_08_VerifyConfirmation_AdditionalDetails" classname="Join.Form.Customer.Selenium.Features._08_ActivateSummaryFeature" runstate="Runnable" seed="35792518" result="Passed" start-time="2017-11-14 13:40:59Z" end-time="2017-11-14 13:42:51Z" duration="111.153635" asserts="44">
                    <properties />
                    <output><![CDATA[Given I start my Streamline application
Navigating to URL: https://webappisamdev.asbbank.co.nz/public/join/asb/max?grcDisabled=true&fncJunction=fnc104
-> done: CommonSteps.GivenIStartMyStreamlineApplication() (0.7s)
Given I select the following products: 'Streamline intro,ASB Visa Debit Streamline Intro,Savings On Call,FastSaver'
11/15/2017 2:41:11 AMWaitForFeaturesPageLoad: Executing WaitForFrameAndSwitch
11/15/2017 2:41:11 AMWaitForFeaturesPageLoad: Done executing WaitForFrameAndSwitch
Unable to find product 'Savings On Call' in page or product 'Savings On Call' is not selected
Unable to find product 'FastSaver' in page or product 'FastSaver' is not selected
-> done: ProductsPageSteps.WhenIChangeMySelectedProductsTo("Streamline intro,...") (15.2s)
And I enter all required details in the Personal details page and clicks on Next button:
  --- table step argument ---
  | Title | FirstName  | MiddleName | LastName | DateOfBirth | Email             | MobileNumber | CountriesCitizenship | PreferredIdType |
  | Miss  | Automation | ass     | FYICOB   | ass      | cob2016@asb.co.nz | 021-ass   | India                | Other           |
-> done: PersonalDetailsSteps.WhenIEnterAllRequiredDetailsForPersonalDetailsPage(<table>) (19.4s)
And I select 'Yes' in the Are you a New Zealand tax resident question
-> done: AdditionalPersonalDetailsSteps.WhenISelectInTheAreYouANewZealandTaxResidentQuestion("Yes") (0.1s)
And I select 'Exempt from withholding tax' in the Resident Withholding Tax Rate dropdown
-> done: AdditionalPersonalDetailsSteps.WhenISelectInTheResidentWithholdingTaxRateDropdown("Exempt from withh...") (0.1s)
And I enter non resident country and date for a non NZ tax resident
-> done: AdditionalPersonalDetailsSteps.WhenIEnterNonResidentCountryAndDateForANonNZTaxResident() (0.0s)
And I enter additional information with Profile Complete flag 'same', 'India', 'India - 12345ABC11', 'true'
-> done: AdditionalPersonalDetailsSteps.GivenIEnterAdditionalInformationWithProfileCompleteFlag("same", "India", "India - 12345ABC11", "true") (11.1s)
And I click on 'Next' button
-> done: CommonSteps.WhenIClickOnButton("Next") (0.1s)
And I enter 'Kiwi77nz' password and 'MyCode01' ass password in the ASB Login page and clicks on Next button
-> done: ASBLoginPageSteps.WhenIEnterPasswordAndassPasswordInTheASBLoginPageAndClicksOnNextButton("Kiwi77nz", "MyCode01") (1.0s)
When I confirm details on the Summary page
UniqueId: 
Title: Miss
FirstName: Automation
MiddleName: COB-IdOav
LastName: FYICOB
Email: cob2016@asb.co.nz
Gender: 
DateOfBirth: 11/7/1997 12:00:00 AM
DateCreated: 
LastReviewDate: 
Cals: 
IsIndividual: 
NzCitizen: 
NzResidence: 
HighValueCustomer: 
StaffMember: 
AmlVerified: 
VipCustomer: 
Addresses: System.Collections.Generic.List`1[ASB.Selenium.DataModel.Customer.Address]
AddressInformation: ASB.Selenium.DataModel.Customer.AddressInformation
CompanyName: 
CompanyType: 
CompanySubType: 
CustomerTypeCode: 
IrdNumber: 
TaxClass: 33%
TaxClassDate: 
IsNzTaxResident: True
NonResidentCountryCode: 
IsForeignTaxResident: True
ForeignTaxResidencyStatus: 
IsProfileEnhanced: 
Phones: System.Collections.Generic.List`1[ASB.Selenium.DataModel.Customer.Phone]
NextOfKin: 
EmploymentDetails: 
LinkedCustomers: 
AccountRelationships: 
IdType: 
Fatca: ASB.Selenium.DataModel.Customer.Fatca
CitizenshipCountryCodes: 
CitizenshipCountryNames: System.Collections.Generic.List`1[System.String]
ForeignTaxResidenceTypes: System.Collections.Generic.List`1[ASB.Selenium.DataModel.Customer.ForeignTaxResidenceTypes]
OnboardingDetail: ASB.Selenium.DataModel.Customer.OnboardingDetail
AddressVerificationStatus: 
IdVerificationStatus: 
PreferredIdType: Other
IsProfileComplete: True
DaysRemaining: 0
OnboardingStatus: 
NewAccounts: System.Collections.Generic.List`1[ASB.Selenium.DataModel.Customer.Accounts]
FailedAccounts: System.Collections.Generic.List`1[ASB.Selenium.DataModel.Customer.Accounts]
OnboardingSource: JoinASB
CustomerCreated: 
LoginCreated: 
RegisteredForNetcode: 
AccountsCreated: 
CustomerAccessToken: 
VerificationPassword: MyCode01
LoginDetail: ASB.Selenium.DataModel.Customer.Login
CustomerType: 
Cif: 
Username: afyi01909
UsernameApi: 
Password: Kiwi77nz
PublicKey: 
AcceptedTermsAndConditions: 
BackgroundCheckConsent: 
PreferredIdType: 
-> done: SummaryPageSteps.WhenIConfirmDetailsOnTheSummaryPage() (2.8s)
Then the Logging you in progress page is displayed
-> done: ConfirmationPageSteps.ThenTheLoggingYouInProgressPageIsDisplayed() (19.9s)
And the Activation page is displayed
11/15/2017 2:42:12 AMThenTheActivationPageIsDisplayed: IsActivationPageDisplayed STARTED
11/15/2017 2:42:12 AMThenTheActivationPageIsDisplayed: IsActivationPageDisplayed DONE
11/15/2017 2:42:12 AMThenTheActivationPageIsDisplayed: IsSectionDisplayed STARTED
11/15/2017 2:42:15 AMThenTheActivationPageIsDisplayed: IsSectionDisplayed DONE
-> done: ActivationSummarySteps.ThenTheActivationPageIsDisplayed() (6.9s)
And the account number and product name is displayed for the selected products
==> Successfully created: Streamline transaction account:
12-3629-0372673-00
==> Successfully created: ASB Visa Debit card:
Issued for delivery within a week
==> Successfully created: Savings On Call:
12-3629-0372673-50
==> Successfully created: FastSaver:
12-3629-0372673-51
-> done: ActivationSummarySteps.ThenTheAccountNumberAndProductNameIsDisplayedForTheSelectedProducts() (27.4s)
And the 'Activate your account' section is displayed
-> done: ActivationSummarySteps.ThenTheSectionIsDisplayed("Activate your acc...") (0.1s)
And the Activate your account header is displayed
-> done: ActivationSummarySteps.ThenTheActivateYourAccountHeaderIsDisplayed() (0.0s)
And the Profile Details section is displayed
*** Verifying section for non-Profile Enhanced customer ***
*** Verifying section for Profile Complete customer ***
-> done: ActivationSummarySteps.ThenTheProfileDetailsSectionIsDisplayed() (1.2s)
And the Proof of Address section is displayed
*** Verifying section for non-Address Verified customer ***
*** Verifying section for non-Address Verified customer ***
-> done: ActivationSummarySteps.ThenTheProofOfAddressSectionIsDisplayed() (0.3s)
And the Confirm Identity section is displayed
*** Verifying section for non-ID Verified customer ***
*** Verifying section for customer with Preferred ID = 'Other' ***
*** Verifying EIDV-Switched OFF Confirm Identity section for customer with Preferred ID: Other
-> done: ActivationSummarySteps.ThenTheConfirmIdentitySectionIsDisplayed() (0.6s)
And the See a complete list of acceptable documents text is displayed conditionally
Verifying acceptable documents link should be displayed
Clicking on link: acceptable documents
-> done: ActivationSummarySteps.ThenTheSeeACompleteListOfAcceptableDocumentsTextIsDisplayedConditionally() (1.3s)
And the Find a branch button is displayed conditionally
Verifying Find a branch button should be displayed
-> done: ActivationSummarySteps.ThenTheFindABranchButtonOpensInANewWindow() (2.1s)
]]></output>
                  </test-case>
                  <test-case id="0-1058" name="ACTSUM_08_VerifyConfirmation_AdditionalDetails(&quot;No-Non-resident – 2% Approved Issuer Levy - Other NRC, Optional TIN&quot;,&quot;Streamline intro&quot;,&quot;No&quot;,&quot;Non-resident – 2% Approved Issuer Levy&quot;,&quot;same&quot;,&quot;United States&quot;,&quot;Yemen - 12345ABC&quot;,&quot;true&quot;,System.String[])" fullname="Join.Form.Customer.Selenium.Features._08_ActivateSummaryFeature.ACTSUM_08_VerifyConfirmation_AdditionalDetails(&quot;No-Non-resident – 2% Approved Issuer Levy - Other NRC, Optional TIN&quot;,&quot;Streamline intro&quot;,&quot;No&quot;,&quot;Non-resident – 2% Approved Issuer Levy&quot;,&quot;same&quot;,&quot;United States&quot;,&quot;Yemen - 12345ABC&quot;,&quot;true&quot;,System.String[])" methodname="ACTSUM_08_VerifyConfirmation_AdditionalDetails" classname="Join.Form.Customer.Selenium.Features._08_ActivateSummaryFeature" runstate="Runnable" seed="461250806" result="Passed" start-time="2017-11-14 13:42:51Z" end-time="2017-11-14 13:44:30Z" duration="99.643776" asserts="42">
                    <properties />
                    <output><![CDATA[Given I start my Streamline application
Navigating to URL: https://webappisamdev.asbbank.co.nz/public/join/asb/max?grcDisabled=true&fncJunction=fnc104
-> done: CommonSteps.GivenIStartMyStreamlineApplication() (1.1s)
Given I select the following products: 'Streamline intro'
11/15/2017 2:43:03 AMWaitForFeaturesPageLoad: Executing WaitForFrameAndSwitch
11/15/2017 2:43:03 AMWaitForFeaturesPageLoad: Done executing WaitForFrameAndSwitch
Unable to find product 'FastSaver' in page or product 'FastSaver' is not selected
Unable to find product 'Savings On Call' in page or product 'Savings On Call' is not selected
Unable to find product 'ASB Visa Debit Streamline Intro' in page or product 'ASB Visa Debit Streamline Intro' is not selected
Unable to find product 'Savings On Call' in page or product 'Savings On Call' is not selected
Unable to find product 'FastSaver' in page or product 'FastSaver' is not selected
-> done: ProductsPageSteps.WhenIChangeMySelectedProductsTo("Streamline intro") (16.1s)
And I enter all required details in the Personal details page and clicks on Next button:
  --- table step argument ---
  | Title | FirstName  | MiddleName | LastName | DateOfBirth | Email             | MobileNumber | CountriesCitizenship | PreferredIdType |
  | Miss  | Automation | ass     | FYICOB   | ass      | cob2016@asb.co.nz | 021-ass   | United States        | Other           |
-> done: PersonalDetailsSteps.WhenIEnterAllRequiredDetailsForPersonalDetailsPage(<table>) (18.3s)
And I select 'No' in the Are you a New Zealand tax resident question
-> done: AdditionalPersonalDetailsSteps.WhenISelectInTheAreYouANewZealandTaxResidentQuestion("No") (0.2s)
And I select 'Non-resident – 2% Approved Issuer Levy' in the Resident Withholding Tax Rate dropdown
-> done: AdditionalPersonalDetailsSteps.WhenISelectInTheResidentWithholdingTaxRateDropdown("Non-resident – 2%...") (0.2s)
And I enter non resident country and date for a non NZ tax resident
-> done: AdditionalPersonalDetailsSteps.WhenIEnterNonResidentCountryAndDateForANonNZTaxResident() (1.7s)
And I enter additional information with Profile Complete flag 'same', 'United States', 'Yemen - 12345ABC', 'true'
-> done: AdditionalPersonalDetailsSteps.GivenIEnterAdditionalInformationWithProfileCompleteFlag("same", "United States", "Yemen - 12345ABC", "true") (1.0s)
And I click on 'Next' button
-> done: CommonSteps.WhenIClickOnButton("Next") (0.1s)
And I enter 'Kiwi77nz' password and 'MyCode01' ass password in the ASB Login page and clicks on Next button
-> done: ASBLoginPageSteps.WhenIEnterPasswordAndassPasswordInTheASBLoginPageAndClicksOnNextButton("Kiwi77nz", "MyCode01") (1.5s)
When I confirm details on the Summary page
UniqueId: 
Title: Miss
FirstName: Automation
MiddleName: COB-xGUOn
LastName: FYICOB
Email: cob2016@asb.co.nz
Gender: 
DateOfBirth: 1/27/1924 12:00:00 AM
DateCreated: 
LastReviewDate: 
Cals: 
IsIndividual: 
NzCitizen: 
NzResidence: 
HighValueCustomer: 
StaffMember: 
AmlVerified: 
VipCustomer: 
Addresses: System.Collections.Generic.List`1[ASB.Selenium.DataModel.Customer.Address]
AddressInformation: ASB.Selenium.DataModel.Customer.AddressInformation
CompanyName: 
CompanyType: 
CompanySubType: 
CustomerTypeCode: 
IrdNumber: 
TaxClass: Non-resident – 2% Approved Issuer Levy
TaxClassDate: 1/27/1940 12:00:00 AM
IsNzTaxResident: False
NonResidentCountryCode: 
IsForeignTaxResident: True
ForeignTaxResidencyStatus: 
IsProfileEnhanced: True
Phones: System.Collections.Generic.List`1[ASB.Selenium.DataModel.Customer.Phone]
NextOfKin: 
EmploymentDetails: 
LinkedCustomers: 
AccountRelationships: 
IdType: 
Fatca: ASB.Selenium.DataModel.Customer.Fatca
CitizenshipCountryCodes: 
CitizenshipCountryNames: System.Collections.Generic.List`1[System.String]
ForeignTaxResidenceTypes: System.Collections.Generic.List`1[ASB.Selenium.DataModel.Customer.ForeignTaxResidenceTypes]
OnboardingDetail: ASB.Selenium.DataModel.Customer.OnboardingDetail
AddressVerificationStatus: 
IdVerificationStatus: 
PreferredIdType: Other
IsProfileComplete: True
DaysRemaining: 0
OnboardingStatus: 
NewAccounts: System.Collections.Generic.List`1[ASB.Selenium.DataModel.Customer.Accounts]
FailedAccounts: System.Collections.Generic.List`1[ASB.Selenium.DataModel.Customer.Accounts]
OnboardingSource: JoinASB
CustomerCreated: 
LoginCreated: 
RegisteredForNetcode: 
AccountsCreated: 
CustomerAccessToken: 
VerificationPassword: MyCode01
LoginDetail: ASB.Selenium.DataModel.Customer.Login
CustomerType: 
Cif: 
Username: afyi18523
UsernameApi: 
Password: Kiwi77nz
PublicKey: 
AcceptedTermsAndConditions: 
BackgroundCheckConsent: 
PreferredIdType: 
-> done: SummaryPageSteps.WhenIConfirmDetailsOnTheSummaryPage() (2.9s)
Then the Logging you in progress page is displayed
-> done: ConfirmationPageSteps.ThenTheLoggingYouInProgressPageIsDisplayed() (14.6s)
And the Activation page is displayed
11/15/2017 2:43:51 AMThenTheActivationPageIsDisplayed: IsActivationPageDisplayed STARTED
11/15/2017 2:43:51 AMThenTheActivationPageIsDisplayed: IsActivationPageDisplayed DONE
11/15/2017 2:43:51 AMThenTheActivationPageIsDisplayed: IsSectionDisplayed STARTED
11/15/2017 2:43:53 AMThenTheActivationPageIsDisplayed: IsSectionDisplayed DONE
-> done: ActivationSummarySteps.ThenTheActivationPageIsDisplayed() (6.9s)
And the account number and product name is displayed for the selected products
==> Successfully created: Streamline transaction account:
12-3629-0372681-00
-> done: ActivationSummarySteps.ThenTheAccountNumberAndProductNameIsDisplayedForTheSelectedProducts() (26.9s)
And the 'Activate your account' section is displayed
-> done: ActivationSummarySteps.ThenTheSectionIsDisplayed("Activate your acc...") (0.1s)
And the Activate your account header is displayed
-> done: ActivationSummarySteps.ThenTheActivateYourAccountHeaderIsDisplayed() (0.0s)
And the Profile Details section is displayed
*** Verifying section for Profile Enhanced customer ***
-> done: ActivationSummarySteps.ThenTheProfileDetailsSectionIsDisplayed() (1.3s)
And the Proof of Address section is displayed
*** Verifying section for non-Address Verified customer ***
*** Verifying section for non-Address Verified customer ***
-> done: ActivationSummarySteps.ThenTheProofOfAddressSectionIsDisplayed() (0.3s)
And the Confirm Identity section is displayed
*** Verifying section for non-ID Verified customer ***
*** Verifying section for customer with Preferred ID = 'Other' ***
*** Verifying EIDV-Switched OFF Confirm Identity section for customer with Preferred ID: Other
-> done: ActivationSummarySteps.ThenTheConfirmIdentitySectionIsDisplayed() (0.6s)
And the See a complete list of acceptable documents text is displayed conditionally
Verifying acceptable documents link should be displayed
Clicking on link: acceptable documents
-> done: ActivationSummarySteps.ThenTheSeeACompleteListOfAcceptableDocumentsTextIsDisplayedConditionally() (1.2s)
And the Find a branch button is displayed conditionally
Verifying Find a branch button should be displayed
-> done: ActivationSummarySteps.ThenTheFindABranchButtonOpensInANewWindow() (3.7s)
]]></output>
                  </test-case>
                  <test-case id="0-1059" name="ACTSUM_08_VerifyConfirmation_AdditionalDetails(&quot;No-Non-resident – country tax rate - Other NRC, Optional TIN&quot;,&quot;Streamline intro,ASB Visa Debit Streamline Intro,FastSaver&quot;,&quot;No&quot;,&quot;Non-resident – country tax rate&quot;,&quot;same&quot;,&quot;New Zealand, Australia, India, Svalbard And Jan Mayen&quot;,&quot;Iceland - AB12345I&quot;,&quot;true&quot;,System.String[])" fullname="Join.Form.Customer.Selenium.Features._08_ActivateSummaryFeature.ACTSUM_08_VerifyConfirmation_AdditionalDetails(&quot;No-Non-resident – country tax rate - Other NRC, Optional TIN&quot;,&quot;Streamline intro,ASB Visa Debit Streamline Intro,FastSaver&quot;,&quot;No&quot;,&quot;Non-resident – country tax rate&quot;,&quot;same&quot;,&quot;New Zealand, Australia, India, Svalbard And Jan Mayen&quot;,&quot;Iceland - AB12345I&quot;,&quot;true&quot;,System.String[])" methodname="ACTSUM_08_VerifyConfirmation_AdditionalDetails" classname="Join.Form.Customer.Selenium.Features._08_ActivateSummaryFeature" runstate="Runnable" seed="770275604" result="Passed" start-time="2017-11-14 13:44:30Z" end-time="2017-11-14 13:46:32Z" duration="121.862191" asserts="44">
                    <properties />
                    <output><![CDATA[Given I start my Streamline application
Navigating to URL: https://webappisamdev.asbbank.co.nz/public/join/asb/max?grcDisabled=true&fncJunction=fnc104
-> done: CommonSteps.GivenIStartMyStreamlineApplication() (0.9s)
Given I select the following products: 'Streamline intro,ASB Visa Debit Streamline Intro,FastSaver'
11/15/2017 2:44:42 AMWaitForFeaturesPageLoad: Executing WaitForFrameAndSwitch
11/15/2017 2:44:42 AMWaitForFeaturesPageLoad: Done executing WaitForFrameAndSwitch
Unable to find product 'FastSaver' in page or product 'FastSaver' is not selected
Unable to find product 'Savings On Call' in page or product 'Savings On Call' is not selected
Unable to find product 'Savings On Call' in page or product 'Savings On Call' is not selected
-> done: ProductsPageSteps.WhenIChangeMySelectedProductsTo("Streamline intro,...") (15.2s)
And I enter all required details in the Personal details page and clicks on Next button:
  --- table step argument ---
  | Title | FirstName  | MiddleName | LastName | DateOfBirth | Email             | MobileNumber | CountriesCitizenship                                  | PreferredIdType |
  | Miss  | Automation | ass     | FYICOB   | ass      | cob2016@asb.co.nz | 021-ass   | New Zealand, Australia, India, Svalbard And Jan Mayen | Other           |
-> done: PersonalDetailsSteps.WhenIEnterAllRequiredDetailsForPersonalDetailsPage(<table>) (22.1s)
And I select 'No' in the Are you a New Zealand tax resident question
-> done: AdditionalPersonalDetailsSteps.WhenISelectInTheAreYouANewZealandTaxResidentQuestion("No") (0.2s)
And I select 'Non-resident – country tax rate' in the Resident Withholding Tax Rate dropdown
-> done: AdditionalPersonalDetailsSteps.WhenISelectInTheResidentWithholdingTaxRateDropdown("Non-resident – co...") (0.2s)
And I enter non resident country and date for a non NZ tax resident
-> done: AdditionalPersonalDetailsSteps.WhenIEnterNonResidentCountryAndDateForANonNZTaxResident() (10.8s)
And I enter additional information with Profile Complete flag 'same', 'New Zealand, Australia, India, Svalbard And Jan Mayen', 'Iceland - AB12345I', 'true'
-> done: AdditionalPersonalDetailsSteps.GivenIEnterAdditionalInformationWithProfileCompleteFlag("same", "New Zealand, Aust...", "Iceland - AB12345I", "true") (1.0s)
And I click on 'Next' button
-> done: CommonSteps.WhenIClickOnButton("Next") (0.1s)
And I enter 'Kiwi77nz' password and 'MyCode01' ass password in the ASB Login page and clicks on Next button
-> done: ASBLoginPageSteps.WhenIEnterPasswordAndassPasswordInTheASBLoginPageAndClicksOnNextButton("Kiwi77nz", "MyCode01") (2.5s)
When I confirm details on the Summary page
UniqueId: 
Title: Miss
FirstName: Automation
MiddleName: COB-fGAHe
LastName: FYICOB
Email: cob2016@asb.co.nz
Gender: 
DateOfBirth: 10/2/1967 12:00:00 AM
DateCreated: 
LastReviewDate: 
Cals: 
IsIndividual: 
NzCitizen: 
NzResidence: 
HighValueCustomer: 
StaffMember: 
AmlVerified: 
VipCustomer: 
Addresses: System.Collections.Generic.List`1[ASB.Selenium.DataModel.Customer.Address]
AddressInformation: ASB.Selenium.DataModel.Customer.AddressInformation
CompanyName: 
CompanyType: 
CompanySubType: 
CustomerTypeCode: 
IrdNumber: 
TaxClass: Non-resident – country tax rate
TaxClassDate: 10/2/1983 12:00:00 AM
IsNzTaxResident: False
NonResidentCountryCode: 
IsForeignTaxResident: True
ForeignTaxResidencyStatus: 
IsProfileEnhanced: True
Phones: System.Collections.Generic.List`1[ASB.Selenium.DataModel.Customer.Phone]
NextOfKin: 
EmploymentDetails: 
LinkedCustomers: 
AccountRelationships: 
IdType: 
Fatca: ASB.Selenium.DataModel.Customer.Fatca
CitizenshipCountryCodes: 
CitizenshipCountryNames: System.Collections.Generic.List`1[System.String]
ForeignTaxResidenceTypes: System.Collections.Generic.List`1[ASB.Selenium.DataModel.Customer.ForeignTaxResidenceTypes]
OnboardingDetail: ASB.Selenium.DataModel.Customer.OnboardingDetail
AddressVerificationStatus: 
IdVerificationStatus: 
PreferredIdType: Other
IsProfileComplete: True
DaysRemaining: 0
OnboardingStatus: 
NewAccounts: System.Collections.Generic.List`1[ASB.Selenium.DataModel.Customer.Accounts]
FailedAccounts: System.Collections.Generic.List`1[ASB.Selenium.DataModel.Customer.Accounts]
OnboardingSource: JoinASB
CustomerCreated: 
LoginCreated: 
RegisteredForNetcode: 
AccountsCreated: 
CustomerAccessToken: 
VerificationPassword: MyCode01
LoginDetail: ASB.Selenium.DataModel.Customer.Login
CustomerType: 
Cif: 
Username: afyi13579
UsernameApi: 
Password: Kiwi77nz
PublicKey: 
AcceptedTermsAndConditions: 
BackgroundCheckConsent: 
PreferredIdType: 
-> done: SummaryPageSteps.WhenIConfirmDetailsOnTheSummaryPage() (2.9s)
Then the Logging you in progress page is displayed
-> done: ConfirmationPageSteps.ThenTheLoggingYouInProgressPageIsDisplayed() (22.3s)
And the Activation page is displayed
11/15/2017 2:45:52 AMThenTheActivationPageIsDisplayed: IsActivationPageDisplayed STARTED
11/15/2017 2:45:52 AMThenTheActivationPageIsDisplayed: IsActivationPageDisplayed DONE
11/15/2017 2:45:52 AMThenTheActivationPageIsDisplayed: IsSectionDisplayed STARTED
11/15/2017 2:45:54 AMThenTheActivationPageIsDisplayed: IsSectionDisplayed DONE
-> done: ActivationSummarySteps.ThenTheActivationPageIsDisplayed() (8.0s)
And the account number and product name is displayed for the selected products
==> Successfully created: Streamline transaction account:
12-3629-0372702-00
==> Successfully created: ASB Visa Debit card:
Issued for delivery within a week
==> Successfully created: FastSaver:
12-3629-0372702-50
-> done: ActivationSummarySteps.ThenTheAccountNumberAndProductNameIsDisplayedForTheSelectedProducts() (27.1s)
And the 'Activate your account' section is displayed
-> done: ActivationSummarySteps.ThenTheSectionIsDisplayed("Activate your acc...") (0.0s)
And the Activate your account header is displayed
-> done: ActivationSummarySteps.ThenTheActivateYourAccountHeaderIsDisplayed() (0.0s)
And the Profile Details section is displayed
*** Verifying section for Profile Enhanced customer ***
-> done: ActivationSummarySteps.ThenTheProfileDetailsSectionIsDisplayed() (1.2s)
And the Proof of Address section is displayed
*** Verifying section for non-Address Verified customer ***
*** Verifying section for non-Address Verified customer ***
-> done: ActivationSummarySteps.ThenTheProofOfAddressSectionIsDisplayed() (0.3s)
And the Confirm Identity section is displayed
*** Verifying section for non-ID Verified customer ***
*** Verifying section for customer with Preferred ID = 'Other' ***
*** Verifying EIDV-Switched OFF Confirm Identity section for customer with Preferred ID: Other
-> done: ActivationSummarySteps.ThenTheConfirmIdentitySectionIsDisplayed() (0.5s)
And the See a complete list of acceptable documents text is displayed conditionally
Verifying acceptable documents link should be displayed
Clicking on link: acceptable documents
-> done: ActivationSummarySteps.ThenTheSeeACompleteListOfAcceptableDocumentsTextIsDisplayedConditionally() (1.3s)
And the Find a branch button is displayed conditionally
Verifying Find a branch button should be displayed
-> done: ActivationSummarySteps.ThenTheFindABranchButtonOpensInANewWindow() (1.9s)
]]></output>
                  </test-case>
                  <test-case id="0-1060" name="ACTSUM_08_VerifyConfirmation_AdditionalDetails(&quot;No-Exempt from withholding tax&quot;,&quot;Streamline intro,ASB Visa Debit Streamline Intro,Savings On Call,FastSaver&quot;,&quot;No&quot;,&quot;Exempt from withholding tax&quot;,&quot;same&quot;,&quot;New Zealand, Australia, India, Svalbard And Jan Mayen&quot;,&quot;Australia - X123GH78, India - 9856GFT811, Argentina - X123GH78111, Svalbard And Jan Mayen - GT7646HG&quot;,&quot;true&quot;,System.String[])" fullname="Join.Form.Customer.Selenium.Features._08_ActivateSummaryFeature.ACTSUM_08_VerifyConfirmation_AdditionalDetails(&quot;No-Exempt from withholding tax&quot;,&quot;Streamline intro,ASB Visa Debit Streamline Intro,Savings On Call,FastSaver&quot;,&quot;No&quot;,&quot;Exempt from withholding tax&quot;,&quot;same&quot;,&quot;New Zealand, Australia, India, Svalbard And Jan Mayen&quot;,&quot;Australia - X123GH78, India - 9856GFT811, Argentina - X123GH78111, Svalbard And Jan Mayen - GT7646HG&quot;,&quot;true&quot;,System.String[])" methodname="ACTSUM_08_VerifyConfirmation_AdditionalDetails" classname="Join.Form.Customer.Selenium.Features._08_ActivateSummaryFeature" runstate="Runnable" seed="1497228763" result="Passed" start-time="2017-11-14 13:46:32Z" end-time="2017-11-14 13:48:34Z" duration="121.443713" asserts="44">
                    <properties />
                    <output><![CDATA[Given I start my Streamline application
Navigating to URL: https://webappisamdev.asbbank.co.nz/public/join/asb/max?grcDisabled=true&fncJunction=fnc104
-> done: CommonSteps.GivenIStartMyStreamlineApplication() (0.9s)
Given I select the following products: 'Streamline intro,ASB Visa Debit Streamline Intro,Savings On Call,FastSaver'
11/15/2017 2:46:44 AMWaitForFeaturesPageLoad: Executing WaitForFrameAndSwitch
11/15/2017 2:46:44 AMWaitForFeaturesPageLoad: Done executing WaitForFrameAndSwitch
Unable to find product 'Savings On Call' in page or product 'Savings On Call' is not selected
Unable to find product 'FastSaver' in page or product 'FastSaver' is not selected
-> done: ProductsPageSteps.WhenIChangeMySelectedProductsTo("Streamline intro,...") (15.1s)
And I enter all required details in the Personal details page and clicks on Next button:
  --- table step argument ---
  | Title | FirstName  | MiddleName | LastName | DateOfBirth | Email             | MobileNumber | CountriesCitizenship                                  | PreferredIdType |
  | Miss  | Automation | ass     | FYICOB   | ass      | cob2016@asb.co.nz | 021-ass   | New Zealand, Australia, India, Svalbard And Jan Mayen | Other           |
-> done: PersonalDetailsSteps.WhenIEnterAllRequiredDetailsForPersonalDetailsPage(<table>) (20.7s)
And I select 'No' in the Are you a New Zealand tax resident question
-> done: AdditionalPersonalDetailsSteps.WhenISelectInTheAreYouANewZealandTaxResidentQuestion("No") (0.2s)
And I select 'Exempt from withholding tax' in the Resident Withholding Tax Rate dropdown
-> done: AdditionalPersonalDetailsSteps.WhenISelectInTheResidentWithholdingTaxRateDropdown("Exempt from withh...") (0.1s)
And I enter non resident country and date for a non NZ tax resident
-> done: AdditionalPersonalDetailsSteps.WhenIEnterNonResidentCountryAndDateForANonNZTaxResident() (10.8s)
And I enter additional information with Profile Complete flag 'same', 'New Zealand, Australia, India, Svalbard And Jan Mayen', 'Australia - X123GH78, India - 9856GFT811, Argentina - X123GH78111, Svalbard And Jan Mayen - GT7646HG', 'true'
-> done: AdditionalPersonalDetailsSteps.GivenIEnterAdditionalInformationWithProfileCompleteFlag("same", "New Zealand, Aust...", "Australia - X123G...", "true") (3.5s)
And I click on 'Next' button
-> done: CommonSteps.WhenIClickOnButton("Next") (0.1s)
And I enter 'Kiwi77nz' password and 'MyCode01' ass password in the ASB Login page and clicks on Next button
-> done: ASBLoginPageSteps.WhenIEnterPasswordAndassPasswordInTheASBLoginPageAndClicksOnNextButton("Kiwi77nz", "MyCode01") (1.1s)
When I confirm details on the Summary page
UniqueId: 
Title: Miss
FirstName: Automation
MiddleName: COB-RQiiH
LastName: FYICOB
Email: cob2016@asb.co.nz
Gender: 
DateOfBirth: 3/9/1973 12:00:00 AM
DateCreated: 
LastReviewDate: 
Cals: 
IsIndividual: 
NzCitizen: 
NzResidence: 
HighValueCustomer: 
StaffMember: 
AmlVerified: 
VipCustomer: 
Addresses: System.Collections.Generic.List`1[ASB.Selenium.DataModel.Customer.Address]
AddressInformation: ASB.Selenium.DataModel.Customer.AddressInformation
CompanyName: 
CompanyType: 
CompanySubType: 
CustomerTypeCode: 
IrdNumber: 
TaxClass: Non-resident – country tax rate
TaxClassDate: 3/9/1989 12:00:00 AM
IsNzTaxResident: False
NonResidentCountryCode: 
IsForeignTaxResident: True
ForeignTaxResidencyStatus: 
IsProfileEnhanced: False
Phones: System.Collections.Generic.List`1[ASB.Selenium.DataModel.Customer.Phone]
NextOfKin: 
EmploymentDetails: 
LinkedCustomers: 
AccountRelationships: 
IdType: 
Fatca: ASB.Selenium.DataModel.Customer.Fatca
CitizenshipCountryCodes: 
CitizenshipCountryNames: System.Collections.Generic.List`1[System.String]
ForeignTaxResidenceTypes: System.Collections.Generic.List`1[ASB.Selenium.DataModel.Customer.ForeignTaxResidenceTypes]
OnboardingDetail: ASB.Selenium.DataModel.Customer.OnboardingDetail
AddressVerificationStatus: 
IdVerificationStatus: 
PreferredIdType: Other
IsProfileComplete: True
DaysRemaining: 0
OnboardingStatus: 
NewAccounts: System.Collections.Generic.List`1[ASB.Selenium.DataModel.Customer.Accounts]
FailedAccounts: System.Collections.Generic.List`1[ASB.Selenium.DataModel.Customer.Accounts]
OnboardingSource: JoinASB
CustomerCreated: 
LoginCreated: 
RegisteredForNetcode: 
AccountsCreated: 
CustomerAccessToken: 
VerificationPassword: MyCode01
LoginDetail: ASB.Selenium.DataModel.Customer.Login
CustomerType: 
Cif: 
Username: afyi90895
UsernameApi: 
Password: Kiwi77nz
PublicKey: 
AcceptedTermsAndConditions: 
BackgroundCheckConsent: 
PreferredIdType: 
-> done: SummaryPageSteps.WhenIConfirmDetailsOnTheSummaryPage() (2.9s)
Then the Logging you in progress page is displayed
-> done: ConfirmationPageSteps.ThenTheLoggingYouInProgressPageIsDisplayed() (21.4s)
And the Activation page is displayed
11/15/2017 2:47:52 AMThenTheActivationPageIsDisplayed: IsActivationPageDisplayed STARTED
11/15/2017 2:47:52 AMThenTheActivationPageIsDisplayed: IsActivationPageDisplayed DONE
11/15/2017 2:47:52 AMThenTheActivationPageIsDisplayed: IsSectionDisplayed STARTED
11/15/2017 2:47:56 AMThenTheActivationPageIsDisplayed: IsSectionDisplayed DONE
-> done: ActivationSummarySteps.ThenTheActivationPageIsDisplayed() (8.9s)
And the account number and product name is displayed for the selected products
==> Successfully created: Streamline transaction account:
12-3629-0372710-00
==> Successfully created: ASB Visa Debit card:
Issued for delivery within a week
==> Successfully created: Savings On Call:
12-3629-0372710-50
==> Successfully created: FastSaver:
12-3629-0372710-51
-> done: ActivationSummarySteps.ThenTheAccountNumberAndProductNameIsDisplayedForTheSelectedProducts() (27.3s)
And the 'Activate your account' section is displayed
-> done: ActivationSummarySteps.ThenTheSectionIsDisplayed("Activate your acc...") (0.0s)
And the Activate your account header is displayed
-> done: ActivationSummarySteps.ThenTheActivateYourAccountHeaderIsDisplayed() (0.0s)
And the Profile Details section is displayed
*** Verifying section for non-Profile Enhanced customer ***
*** Verifying section for Profile Complete customer ***
-> done: ActivationSummarySteps.ThenTheProfileDetailsSectionIsDisplayed() (1.2s)
And the Proof of Address section is displayed
*** Verifying section for non-Address Verified customer ***
*** Verifying section for non-Address Verified customer ***
-> done: ActivationSummarySteps.ThenTheProofOfAddressSectionIsDisplayed() (0.3s)
And the Confirm Identity section is displayed
*** Verifying section for non-ID Verified customer ***
*** Verifying section for customer with Preferred ID = 'Other' ***
*** Verifying EIDV-Switched OFF Confirm Identity section for customer with Preferred ID: Other
-> done: ActivationSummarySteps.ThenTheConfirmIdentitySectionIsDisplayed() (0.5s)
And the See a complete list of acceptable documents text is displayed conditionally
Verifying acceptable documents link should be displayed
Clicking on link: acceptable documents
-> done: ActivationSummarySteps.ThenTheSeeACompleteListOfAcceptableDocumentsTextIsDisplayedConditionally() (1.2s)
And the Find a branch button is displayed conditionally
Verifying Find a branch button should be displayed
-> done: ActivationSummarySteps.ThenTheFindABranchButtonOpensInANewWindow() (1.7s)
]]></output>
                  </test-case>
                  <test-case id="0-1061" name="ACTSUM_08_VerifyConfirmation_AdditionalDetails(&quot;NZTaxResident and NZ citizen and tax blank&quot;,&quot;Streamline intro&quot;,&quot;Yes&quot;,&quot;Skip&quot;,&quot;Skip&quot;,&quot;New Zealand&quot;,&quot;Skip&quot;,&quot;true&quot;,null)" fullname="Join.Form.Customer.Selenium.Features._08_ActivateSummaryFeature.ACTSUM_08_VerifyConfirmation_AdditionalDetails(&quot;NZTaxResident and NZ citizen and tax blank&quot;,&quot;Streamline intro&quot;,&quot;Yes&quot;,&quot;Skip&quot;,&quot;Skip&quot;,&quot;New Zealand&quot;,&quot;Skip&quot;,&quot;true&quot;,null)" methodname="ACTSUM_08_VerifyConfirmation_AdditionalDetails" classname="Join.Form.Customer.Selenium.Features._08_ActivateSummaryFeature" runstate="Runnable" seed="305219794" result="Passed" start-time="2017-11-14 13:48:34Z" end-time="2017-11-14 13:50:06Z" duration="92.703046" asserts="41">
                    <properties>
                      <property name="Category" value="032017" />
                      <property name="Category" value="crs" />
                    </properties>
                    <output><![CDATA[Given I start my Streamline application
Navigating to URL: https://webappisamdev.asbbank.co.nz/public/join/asb/max?grcDisabled=true&fncJunction=fnc104
-> done: CommonSteps.GivenIStartMyStreamlineApplication() (0.8s)
Given I select the following products: 'Streamline intro'
11/15/2017 2:48:45 AMWaitForFeaturesPageLoad: Executing WaitForFrameAndSwitch
11/15/2017 2:48:46 AMWaitForFeaturesPageLoad: Done executing WaitForFrameAndSwitch
Unable to find product 'FastSaver' in page or product 'FastSaver' is not selected
Unable to find product 'Savings On Call' in page or product 'Savings On Call' is not selected
Unable to find product 'ASB Visa Debit Streamline Intro' in page or product 'ASB Visa Debit Streamline Intro' is not selected
Unable to find product 'Savings On Call' in page or product 'Savings On Call' is not selected
Unable to find product 'FastSaver' in page or product 'FastSaver' is not selected
-> done: ProductsPageSteps.WhenIChangeMySelectedProductsTo("Streamline intro") (16.1s)
And I enter all required details in the Personal details page and clicks on Next button:
  --- table step argument ---
  | Title | FirstName  | MiddleName | LastName | DateOfBirth | Email             | MobileNumber | CountriesCitizenship | PreferredIdType |
  | Miss  | Automation | ass     | FYICOB   | ass      | cob2016@asb.co.nz | 021-ass   | New Zealand          | Other           |
-> done: PersonalDetailsSteps.WhenIEnterAllRequiredDetailsForPersonalDetailsPage(<table>) (16.5s)
And I select 'Yes' in the Are you a New Zealand tax resident question
-> done: AdditionalPersonalDetailsSteps.WhenISelectInTheAreYouANewZealandTaxResidentQuestion("Yes") (0.2s)
And I select 'Skip' in the Resident Withholding Tax Rate dropdown
-> done: AdditionalPersonalDetailsSteps.WhenISelectInTheResidentWithholdingTaxRateDropdown("Skip") (0.0s)
And I enter non resident country and date for a non NZ tax resident
-> done: AdditionalPersonalDetailsSteps.WhenIEnterNonResidentCountryAndDateForANonNZTaxResident() (0.0s)
And I enter additional information with Profile Complete flag 'Skip', 'New Zealand', 'Skip', 'true'
-> done: AdditionalPersonalDetailsSteps.GivenIEnterAdditionalInformationWithProfileCompleteFlag("Skip", "New Zealand", "Skip", "true") (0.2s)
And I click on 'Next' button
-> done: CommonSteps.WhenIClickOnButton("Next") (0.1s)
And I enter 'Kiwi77nz' password and 'MyCode01' ass password in the ASB Login page and clicks on Next button
-> done: ASBLoginPageSteps.WhenIEnterPasswordAndassPasswordInTheASBLoginPageAndClicksOnNextButton("Kiwi77nz", "MyCode01") (1.2s)
When I confirm details on the Summary page
UniqueId: 
Title: Miss
FirstName: Automation
MiddleName: COB-Kgmor
LastName: FYICOB
Email: cob2016@asb.co.nz
Gender: 
DateOfBirth: 4/2/1962 12:00:00 AM
DateCreated: 
LastReviewDate: 
Cals: 
IsIndividual: 
NzCitizen: 
NzResidence: 
HighValueCustomer: 
StaffMember: 
AmlVerified: 
VipCustomer: 
Addresses: System.Collections.Generic.List`1[ASB.Selenium.DataModel.Customer.Address]
AddressInformation: ASB.Selenium.DataModel.Customer.AddressInformation
CompanyName: 
CompanyType: 
CompanySubType: 
CustomerTypeCode: 
IrdNumber: 
TaxClass: 33%
TaxClassDate: 
IsNzTaxResident: True
NonResidentCountryCode: 
IsForeignTaxResident: False
ForeignTaxResidencyStatus: 
IsProfileEnhanced: 
Phones: System.Collections.Generic.List`1[ASB.Selenium.DataModel.Customer.Phone]
NextOfKin: 
EmploymentDetails: 
LinkedCustomers: 
AccountRelationships: 
IdType: 
Fatca: ASB.Selenium.DataModel.Customer.Fatca
CitizenshipCountryCodes: 
CitizenshipCountryNames: System.Collections.Generic.List`1[System.String]
ForeignTaxResidenceTypes: System.Collections.Generic.List`1[ASB.Selenium.DataModel.Customer.ForeignTaxResidenceTypes]
OnboardingDetail: ASB.Selenium.DataModel.Customer.OnboardingDetail
AddressVerificationStatus: 
IdVerificationStatus: 
PreferredIdType: Other
IsProfileComplete: True
DaysRemaining: 0
OnboardingStatus: 
NewAccounts: System.Collections.Generic.List`1[ASB.Selenium.DataModel.Customer.Accounts]
FailedAccounts: System.Collections.Generic.List`1[ASB.Selenium.DataModel.Customer.Accounts]
OnboardingSource: JoinASB
CustomerCreated: 
LoginCreated: 
RegisteredForNetcode: 
AccountsCreated: 
CustomerAccessToken: 
VerificationPassword: MyCode01
LoginDetail: ASB.Selenium.DataModel.Customer.Login
CustomerType: 
Cif: 
Username: afyi17936
UsernameApi: 
Password: Kiwi77nz
PublicKey: 
AcceptedTermsAndConditions: 
BackgroundCheckConsent: 
PreferredIdType: 
-> done: SummaryPageSteps.WhenIConfirmDetailsOnTheSummaryPage() (2.9s)
Then the Logging you in progress page is displayed
-> done: ConfirmationPageSteps.ThenTheLoggingYouInProgressPageIsDisplayed() (12.9s)
And the Activation page is displayed
11/15/2017 2:49:27 AMThenTheActivationPageIsDisplayed: IsActivationPageDisplayed STARTED
11/15/2017 2:49:27 AMThenTheActivationPageIsDisplayed: IsActivationPageDisplayed DONE
11/15/2017 2:49:27 AMThenTheActivationPageIsDisplayed: IsSectionDisplayed STARTED
11/15/2017 2:49:29 AMThenTheActivationPageIsDisplayed: IsSectionDisplayed DONE
-> done: ActivationSummarySteps.ThenTheActivationPageIsDisplayed() (6.9s)
And the account number and product name is displayed for the selected products
==> Successfully created: Streamline transaction account:
12-3629-0372729-00
-> done: ActivationSummarySteps.ThenTheAccountNumberAndProductNameIsDisplayedForTheSelectedProducts() (26.8s)
And the 'Activate your account' section is displayed
-> done: ActivationSummarySteps.ThenTheSectionIsDisplayed("Activate your acc...") (0.0s)
And the Activate your account header is displayed
-> done: ActivationSummarySteps.ThenTheActivateYourAccountHeaderIsDisplayed() (0.0s)
And the Profile Details section is displayed
*** Verifying section for non-Profile Enhanced customer ***
*** Verifying section for Profile Complete customer ***
-> done: ActivationSummarySteps.ThenTheProfileDetailsSectionIsDisplayed() (1.2s)
And the Proof of Address section is displayed
*** Verifying section for non-Address Verified customer ***
*** Verifying section for non-Address Verified customer ***
-> done: ActivationSummarySteps.ThenTheProofOfAddressSectionIsDisplayed() (0.3s)
And the Confirm Identity section is displayed
*** Verifying section for non-ID Verified customer ***
*** Verifying section for customer with Preferred ID = 'Other' ***
*** Verifying EIDV-Switched OFF Confirm Identity section for customer with Preferred ID: Other
-> done: ActivationSummarySteps.ThenTheConfirmIdentitySectionIsDisplayed() (0.6s)
And the See a complete list of acceptable documents text is displayed conditionally
Verifying acceptable documents link should be displayed
Clicking on link: acceptable documents
-> done: ActivationSummarySteps.ThenTheSeeACompleteListOfAcceptableDocumentsTextIsDisplayedConditionally() (1.4s)
And the Find a branch button is displayed conditionally
Verifying Find a branch button should be displayed
-> done: ActivationSummarySteps.ThenTheFindABranchButtonOpensInANewWindow() (3.6s)
]]></output>
                  </test-case>
                  <test-case id="0-1062" name="ACTSUM_08_VerifyConfirmation_AdditionalDetails(&quot;NZTaxResident and US Citizen and 33%&quot;,&quot;Streamline intro&quot;,&quot;Yes&quot;,&quot;33%&quot;,&quot;Skip&quot;,&quot;Puerto Rico&quot;,&quot;United States - 12345ABC1&quot;,&quot;true&quot;,null)" fullname="Join.Form.Customer.Selenium.Features._08_ActivateSummaryFeature.ACTSUM_08_VerifyConfirmation_AdditionalDetails(&quot;NZTaxResident and US Citizen and 33%&quot;,&quot;Streamline intro&quot;,&quot;Yes&quot;,&quot;33%&quot;,&quot;Skip&quot;,&quot;Puerto Rico&quot;,&quot;United States - 12345ABC1&quot;,&quot;true&quot;,null)" methodname="ACTSUM_08_VerifyConfirmation_AdditionalDetails" classname="Join.Form.Customer.Selenium.Features._08_ActivateSummaryFeature" runstate="Runnable" seed="2056087007" result="Passed" start-time="2017-11-14 13:50:06Z" end-time="2017-11-14 13:51:44Z" duration="97.941219" asserts="41">
                    <properties>
                      <property name="Category" value="032017" />
                      <property name="Category" value="crs" />
                    </properties>
                    <output><![CDATA[Given I start my Streamline application
Navigating to URL: https://webappisamdev.asbbank.co.nz/public/join/asb/max?grcDisabled=true&fncJunction=fnc104
-> done: CommonSteps.GivenIStartMyStreamlineApplication() (0.9s)
Given I select the following products: 'Streamline intro'
11/15/2017 2:50:19 AMWaitForFeaturesPageLoad: Executing WaitForFrameAndSwitch
11/15/2017 2:50:19 AMWaitForFeaturesPageLoad: Done executing WaitForFrameAndSwitch
Unable to find product 'FastSaver' in page or product 'FastSaver' is not selected
Unable to find product 'Savings On Call' in page or product 'Savings On Call' is not selected
Unable to find product 'ASB Visa Debit Streamline Intro' in page or product 'ASB Visa Debit Streamline Intro' is not selected
Unable to find product 'Savings On Call' in page or product 'Savings On Call' is not selected
Unable to find product 'FastSaver' in page or product 'FastSaver' is not selected
-> done: ProductsPageSteps.WhenIChangeMySelectedProductsTo("Streamline intro") (16.3s)
And I enter all required details in the Personal details page and clicks on Next button:
  --- table step argument ---
  | Title | FirstName  | MiddleName | LastName | DateOfBirth | Email             | MobileNumber | CountriesCitizenship | PreferredIdType |
  | Miss  | Automation | ass     | FYICOB   | ass      | cob2016@asb.co.nz | 021-ass   | Puerto Rico          | Other           |
-> done: PersonalDetailsSteps.WhenIEnterAllRequiredDetailsForPersonalDetailsPage(<table>) (17.8s)
And I select 'Yes' in the Are you a New Zealand tax resident question
-> done: AdditionalPersonalDetailsSteps.WhenISelectInTheAreYouANewZealandTaxResidentQuestion("Yes") (0.2s)
And I select '33%' in the Resident Withholding Tax Rate dropdown
-> done: AdditionalPersonalDetailsSteps.WhenISelectInTheResidentWithholdingTaxRateDropdown("33%") (0.2s)
And I enter non resident country and date for a non NZ tax resident
-> done: AdditionalPersonalDetailsSteps.WhenIEnterNonResidentCountryAndDateForANonNZTaxResident() (0.0s)
And I enter additional information with Profile Complete flag 'Skip', 'Puerto Rico', 'United States - 12345ABC1', 'true'
-> done: AdditionalPersonalDetailsSteps.GivenIEnterAdditionalInformationWithProfileCompleteFlag("Skip", "Puerto Rico", "United States - 1...", "true") (1.1s)
And I click on 'Next' button
-> done: CommonSteps.WhenIClickOnButton("Next") (0.1s)
And I enter 'Kiwi77nz' password and 'MyCode01' ass password in the ASB Login page and clicks on Next button
-> done: ASBLoginPageSteps.WhenIEnterPasswordAndassPasswordInTheASBLoginPageAndClicksOnNextButton("Kiwi77nz", "MyCode01") (1.3s)
When I confirm details on the Summary page
UniqueId: 
Title: Miss
FirstName: Automation
MiddleName: COB-VuJiz
LastName: FYICOB
Email: cob2016@asb.co.nz
Gender: 
DateOfBirth: 9/6/1935 12:00:00 AM
DateCreated: 
LastReviewDate: 
Cals: 
IsIndividual: 
NzCitizen: 
NzResidence: 
HighValueCustomer: 
StaffMember: 
AmlVerified: 
VipCustomer: 
Addresses: System.Collections.Generic.List`1[ASB.Selenium.DataModel.Customer.Address]
AddressInformation: ASB.Selenium.DataModel.Customer.AddressInformation
CompanyName: 
CompanyType: 
CompanySubType: 
CustomerTypeCode: 
IrdNumber: 
TaxClass: 33%
TaxClassDate: 
IsNzTaxResident: True
NonResidentCountryCode: 
IsForeignTaxResident: True
ForeignTaxResidencyStatus: 
IsProfileEnhanced: 
Phones: System.Collections.Generic.List`1[ASB.Selenium.DataModel.Customer.Phone]
NextOfKin: 
EmploymentDetails: 
LinkedCustomers: 
AccountRelationships: 
IdType: 
Fatca: ASB.Selenium.DataModel.Customer.Fatca
CitizenshipCountryCodes: 
CitizenshipCountryNames: System.Collections.Generic.List`1[System.String]
ForeignTaxResidenceTypes: System.Collections.Generic.List`1[ASB.Selenium.DataModel.Customer.ForeignTaxResidenceTypes]
OnboardingDetail: ASB.Selenium.DataModel.Customer.OnboardingDetail
AddressVerificationStatus: 
IdVerificationStatus: 
PreferredIdType: Other
IsProfileComplete: True
DaysRemaining: 0
OnboardingStatus: 
NewAccounts: System.Collections.Generic.List`1[ASB.Selenium.DataModel.Customer.Accounts]
FailedAccounts: System.Collections.Generic.List`1[ASB.Selenium.DataModel.Customer.Accounts]
OnboardingSource: JoinASB
CustomerCreated: 
LoginCreated: 
RegisteredForNetcode: 
AccountsCreated: 
CustomerAccessToken: 
VerificationPassword: MyCode01
LoginDetail: ASB.Selenium.DataModel.Customer.Login
CustomerType: 
Cif: 
Username: afyi25534
UsernameApi: 
Password: Kiwi77nz
PublicKey: 
AcceptedTermsAndConditions: 
BackgroundCheckConsent: 
PreferredIdType: 
-> done: SummaryPageSteps.WhenIConfirmDetailsOnTheSummaryPage() (2.9s)
Then the Logging you in progress page is displayed
-> done: ConfirmationPageSteps.ThenTheLoggingYouInProgressPageIsDisplayed() (14.4s)
And the Activation page is displayed
11/15/2017 2:51:05 AMThenTheActivationPageIsDisplayed: IsActivationPageDisplayed STARTED
11/15/2017 2:51:05 AMThenTheActivationPageIsDisplayed: IsActivationPageDisplayed DONE
11/15/2017 2:51:05 AMThenTheActivationPageIsDisplayed: IsSectionDisplayed STARTED
11/15/2017 2:51:07 AMThenTheActivationPageIsDisplayed: IsSectionDisplayed DONE
-> done: ActivationSummarySteps.ThenTheActivationPageIsDisplayed() (6.9s)
And the account number and product name is displayed for the selected products
==> Successfully created: Streamline transaction account:
12-3629-0372737-00
-> done: ActivationSummarySteps.ThenTheAccountNumberAndProductNameIsDisplayedForTheSelectedProducts() (26.8s)
And the 'Activate your account' section is displayed
-> done: ActivationSummarySteps.ThenTheSectionIsDisplayed("Activate your acc...") (0.0s)
And the Activate your account header is displayed
-> done: ActivationSummarySteps.ThenTheActivateYourAccountHeaderIsDisplayed() (0.0s)
And the Profile Details section is displayed
*** Verifying section for non-Profile Enhanced customer ***
*** Verifying section for Profile Complete customer ***
-> done: ActivationSummarySteps.ThenTheProfileDetailsSectionIsDisplayed() (1.2s)
And the Proof of Address section is displayed
*** Verifying section for non-Address Verified customer ***
*** Verifying section for non-Address Verified customer ***
-> done: ActivationSummarySteps.ThenTheProofOfAddressSectionIsDisplayed() (0.3s)
And the Confirm Identity section is displayed
*** Verifying section for non-ID Verified customer ***
*** Verifying section for customer with Preferred ID = 'Other' ***
*** Verifying EIDV-Switched OFF Confirm Identity section for customer with Preferred ID: Other
-> done: ActivationSummarySteps.ThenTheConfirmIdentitySectionIsDisplayed() (0.5s)
And the See a complete list of acceptable documents text is displayed conditionally
Verifying acceptable documents link should be displayed
Clicking on link: acceptable documents
-> done: ActivationSummarySteps.ThenTheSeeACompleteListOfAcceptableDocumentsTextIsDisplayedConditionally() (1.2s)
And the Find a branch button is displayed conditionally
Verifying Find a branch button should be displayed
-> done: ActivationSummarySteps.ThenTheFindABranchButtonOpensInANewWindow() (2.0s)
]]></output>
                  </test-case>
                  <test-case id="0-1063" name="ACTSUM_08_VerifyConfirmation_AdditionalDetails(&quot;NZTaxResident and non NZ non US and exempt&quot;,&quot;Streamline intro,ASB Visa Debit Streamline Intro&quot;,&quot;Yes&quot;,&quot;Exempt from withholding tax&quot;,&quot;Skip&quot;,&quot;Australia&quot;,&quot;Skip&quot;,&quot;true&quot;,null)" fullname="Join.Form.Customer.Selenium.Features._08_ActivateSummaryFeature.ACTSUM_08_VerifyConfirmation_AdditionalDetails(&quot;NZTaxResident and non NZ non US and exempt&quot;,&quot;Streamline intro,ASB Visa Debit Streamline Intro&quot;,&quot;Yes&quot;,&quot;Exempt from withholding tax&quot;,&quot;Skip&quot;,&quot;Australia&quot;,&quot;Skip&quot;,&quot;true&quot;,null)" methodname="ACTSUM_08_VerifyConfirmation_AdditionalDetails" classname="Join.Form.Customer.Selenium.Features._08_ActivateSummaryFeature" runstate="Runnable" seed="981750054" result="Passed" start-time="2017-11-14 13:51:44Z" end-time="2017-11-14 13:53:28Z" duration="103.546034" asserts="42">
                    <properties>
                      <property name="Category" value="032017" />
                      <property name="Category" value="crs" />
                    </properties>
                    <output><![CDATA[Given I start my Streamline application
Navigating to URL: https://webappisamdev.asbbank.co.nz/public/join/asb/max?grcDisabled=true&fncJunction=fnc104
-> done: CommonSteps.GivenIStartMyStreamlineApplication() (0.9s)
Given I select the following products: 'Streamline intro,ASB Visa Debit Streamline Intro'
11/15/2017 2:51:56 AMWaitForFeaturesPageLoad: Executing WaitForFrameAndSwitch
11/15/2017 2:51:56 AMWaitForFeaturesPageLoad: Done executing WaitForFrameAndSwitch
Unable to find product 'FastSaver' in page or product 'FastSaver' is not selected
Unable to find product 'Savings On Call' in page or product 'Savings On Call' is not selected
Unable to find product 'Savings On Call' in page or product 'Savings On Call' is not selected
Unable to find product 'FastSaver' in page or product 'FastSaver' is not selected
-> done: ProductsPageSteps.WhenIChangeMySelectedProductsTo("Streamline intro,...") (15.1s)
And I enter all required details in the Personal details page and clicks on Next button:
  --- table step argument ---
  | Title | FirstName  | MiddleName | LastName | DateOfBirth | Email             | MobileNumber | CountriesCitizenship | PreferredIdType |
  | Miss  | Automation | ass     | FYICOB   | ass      | cob2016@asb.co.nz | 021-ass   | Australia            | Other           |
-> done: PersonalDetailsSteps.WhenIEnterAllRequiredDetailsForPersonalDetailsPage(<table>) (24.2s)
And I select 'Yes' in the Are you a New Zealand tax resident question
-> done: AdditionalPersonalDetailsSteps.WhenISelectInTheAreYouANewZealandTaxResidentQuestion("Yes") (0.2s)
And I select 'Exempt from withholding tax' in the Resident Withholding Tax Rate dropdown
-> done: AdditionalPersonalDetailsSteps.WhenISelectInTheResidentWithholdingTaxRateDropdown("Exempt from withh...") (0.2s)
And I enter non resident country and date for a non NZ tax resident
-> done: AdditionalPersonalDetailsSteps.WhenIEnterNonResidentCountryAndDateForANonNZTaxResident() (0.0s)
And I enter additional information with Profile Complete flag 'Skip', 'Australia', 'Skip', 'true'
-> done: AdditionalPersonalDetailsSteps.GivenIEnterAdditionalInformationWithProfileCompleteFlag("Skip", "Australia", "Skip", "true") (0.2s)
And I click on 'Next' button
-> done: CommonSteps.WhenIClickOnButton("Next") (0.1s)
And I enter 'Kiwi77nz' password and 'MyCode01' ass password in the ASB Login page and clicks on Next button
-> done: ASBLoginPageSteps.WhenIEnterPasswordAndassPasswordInTheASBLoginPageAndClicksOnNextButton("Kiwi77nz", "MyCode01") (1.1s)
When I confirm details on the Summary page
UniqueId: 
Title: Miss
FirstName: Automation
MiddleName: COB-AQgqC
LastName: FYICOB
Email: cob2016@asb.co.nz
Gender: 
DateOfBirth: 6/22/1925 12:00:00 AM
DateCreated: 
LastReviewDate: 
Cals: 
IsIndividual: 
NzCitizen: 
NzResidence: 
HighValueCustomer: 
StaffMember: 
AmlVerified: 
VipCustomer: 
Addresses: System.Collections.Generic.List`1[ASB.Selenium.DataModel.Customer.Address]
AddressInformation: ASB.Selenium.DataModel.Customer.AddressInformation
CompanyName: 
CompanyType: 
CompanySubType: 
CustomerTypeCode: 
IrdNumber: 
TaxClass: 33%
TaxClassDate: 
IsNzTaxResident: True
NonResidentCountryCode: 
IsForeignTaxResident: False
ForeignTaxResidencyStatus: 
IsProfileEnhanced: 
Phones: System.Collections.Generic.List`1[ASB.Selenium.DataModel.Customer.Phone]
NextOfKin: 
EmploymentDetails: 
LinkedCustomers: 
AccountRelationships: 
IdType: 
Fatca: ASB.Selenium.DataModel.Customer.Fatca
CitizenshipCountryCodes: 
CitizenshipCountryNames: System.Collections.Generic.List`1[System.String]
ForeignTaxResidenceTypes: System.Collections.Generic.List`1[ASB.Selenium.DataModel.Customer.ForeignTaxResidenceTypes]
OnboardingDetail: ASB.Selenium.DataModel.Customer.OnboardingDetail
AddressVerificationStatus: 
IdVerificationStatus: 
PreferredIdType: Other
IsProfileComplete: True
DaysRemaining: 0
OnboardingStatus: 
NewAccounts: System.Collections.Generic.List`1[ASB.Selenium.DataModel.Customer.Accounts]
FailedAccounts: System.Collections.Generic.List`1[ASB.Selenium.DataModel.Customer.Accounts]
OnboardingSource: JoinASB
CustomerCreated: 
LoginCreated: 
RegisteredForNetcode: 
AccountsCreated: 
CustomerAccessToken: 
VerificationPassword: MyCode01
LoginDetail: ASB.Selenium.DataModel.Customer.Login
CustomerType: 
Cif: 
Username: afyi41557
UsernameApi: 
Password: Kiwi77nz
PublicKey: 
AcceptedTermsAndConditions: 
BackgroundCheckConsent: 
PreferredIdType: 
-> done: SummaryPageSteps.WhenIConfirmDetailsOnTheSummaryPage() (3.0s)
Then the Logging you in progress page is displayed
-> done: ConfirmationPageSteps.ThenTheLoggingYouInProgressPageIsDisplayed() (18.7s)
And the Activation page is displayed
11/15/2017 2:52:50 AMThenTheActivationPageIsDisplayed: IsActivationPageDisplayed STARTED
11/15/2017 2:52:51 AMThenTheActivationPageIsDisplayed: IsActivationPageDisplayed DONE
11/15/2017 2:52:51 AMThenTheActivationPageIsDisplayed: IsSectionDisplayed STARTED
11/15/2017 2:52:53 AMThenTheActivationPageIsDisplayed: IsSectionDisplayed DONE
-> done: ActivationSummarySteps.ThenTheActivationPageIsDisplayed() (6.9s)
And the account number and product name is displayed for the selected products
==> Successfully created: Streamline transaction account:
12-3629-0372745-00
==> Successfully created: ASB Visa Debit card:
Issued for delivery within a week
-> done: ActivationSummarySteps.ThenTheAccountNumberAndProductNameIsDisplayedForTheSelectedProducts() (26.9s)
And the 'Activate your account' section is displayed
-> done: ActivationSummarySteps.ThenTheSectionIsDisplayed("Activate your acc...") (0.0s)
And the Activate your account header is displayed
-> done: ActivationSummarySteps.ThenTheActivateYourAccountHeaderIsDisplayed() (0.0s)
And the Profile Details section is displayed
*** Verifying section for non-Profile Enhanced customer ***
*** Verifying section for Profile Complete customer ***
-> done: ActivationSummarySteps.ThenTheProfileDetailsSectionIsDisplayed() (1.2s)
And the Proof of Address section is displayed
*** Verifying section for non-Address Verified customer ***
*** Verifying section for non-Address Verified customer ***
-> done: ActivationSummarySteps.ThenTheProofOfAddressSectionIsDisplayed() (0.3s)
And the Confirm Identity section is displayed
*** Verifying section for non-ID Verified customer ***
*** Verifying section for customer with Preferred ID = 'Other' ***
*** Verifying EIDV-Switched OFF Confirm Identity section for customer with Preferred ID: Other
-> done: ActivationSummarySteps.ThenTheConfirmIdentitySectionIsDisplayed() (0.5s)
And the See a complete list of acceptable documents text is displayed conditionally
Verifying acceptable documents link should be displayed
Clicking on link: acceptable documents
-> done: ActivationSummarySteps.ThenTheSeeACompleteListOfAcceptableDocumentsTextIsDisplayedConditionally() (1.3s)
And the Find a branch button is displayed conditionally
Verifying Find a branch button should be displayed
-> done: ActivationSummarySteps.ThenTheFindABranchButtonOpensInANewWindow() (1.7s)
]]></output>
                  </test-case>
                  <test-case id="0-1064" name="ACTSUM_08_VerifyConfirmation_AdditionalDetails(&quot;NZTaxResident and non NZ non US and 33% and CoFTR with Mandatory TIN&quot;,&quot;Streamline intro,ASB Visa Debit Streamline Intro&quot;,&quot;Yes&quot;,&quot;Skip&quot;,&quot;Skip&quot;,&quot;Australia&quot;,&quot;China - X123GH78X123GH7811&quot;,&quot;true&quot;,null)" fullname="Join.Form.Customer.Selenium.Features._08_ActivateSummaryFeature.ACTSUM_08_VerifyConfirmation_AdditionalDetails(&quot;NZTaxResident and non NZ non US and 33% and CoFTR with Mandatory TIN&quot;,&quot;Streamline intro,ASB Visa Debit Streamline Intro&quot;,&quot;Yes&quot;,&quot;Skip&quot;,&quot;Skip&quot;,&quot;Australia&quot;,&quot;China - X123GH78X123GH7811&quot;,&quot;true&quot;,null)" methodname="ACTSUM_08_VerifyConfirmation_AdditionalDetails" classname="Join.Form.Customer.Selenium.Features._08_ActivateSummaryFeature" runstate="Runnable" seed="1557897809" result="Passed" start-time="2017-11-14 13:53:28Z" end-time="2017-11-14 13:55:11Z" duration="103.485410" asserts="42">
                    <properties>
                      <property name="Category" value="032017" />
                      <property name="Category" value="crs" />
                    </properties>
                    <output><![CDATA[Given I start my Streamline application
Navigating to URL: https://webappisamdev.asbbank.co.nz/public/join/asb/max?grcDisabled=true&fncJunction=fnc104
-> done: CommonSteps.GivenIStartMyStreamlineApplication() (0.9s)
Given I select the following products: 'Streamline intro,ASB Visa Debit Streamline Intro'
11/15/2017 2:53:40 AMWaitForFeaturesPageLoad: Executing WaitForFrameAndSwitch
11/15/2017 2:53:40 AMWaitForFeaturesPageLoad: Done executing WaitForFrameAndSwitch
Unable to find product 'FastSaver' in page or product 'FastSaver' is not selected
Unable to find product 'Savings On Call' in page or product 'Savings On Call' is not selected
Unable to find product 'Savings On Call' in page or product 'Savings On Call' is not selected
Unable to find product 'FastSaver' in page or product 'FastSaver' is not selected
-> done: ProductsPageSteps.WhenIChangeMySelectedProductsTo("Streamline intro,...") (15.1s)
And I enter all required details in the Personal details page and clicks on Next button:
  --- table step argument ---
  | Title | FirstName  | MiddleName | LastName | DateOfBirth | Email             | MobileNumber | CountriesCitizenship | PreferredIdType |
  | Miss  | Automation | ass     | FYICOB   | ass      | cob2016@asb.co.nz | 021-ass   | Australia            | Other           |
-> done: PersonalDetailsSteps.WhenIEnterAllRequiredDetailsForPersonalDetailsPage(<table>) (18.2s)
And I select 'Yes' in the Are you a New Zealand tax resident question
-> done: AdditionalPersonalDetailsSteps.WhenISelectInTheAreYouANewZealandTaxResidentQuestion("Yes") (0.2s)
And I select 'Skip' in the Resident Withholding Tax Rate dropdown
-> done: AdditionalPersonalDetailsSteps.WhenISelectInTheResidentWithholdingTaxRateDropdown("Skip") (0.0s)
And I enter non resident country and date for a non NZ tax resident
-> done: AdditionalPersonalDetailsSteps.WhenIEnterNonResidentCountryAndDateForANonNZTaxResident() (0.0s)
And I enter additional information with Profile Complete flag 'Skip', 'Australia', 'China - X123GH78X123GH7811', 'true'
-> done: AdditionalPersonalDetailsSteps.GivenIEnterAdditionalInformationWithProfileCompleteFlag("Skip", "Australia", "China - X123GH78X...", "true") (2.3s)
And I click on 'Next' button
-> done: CommonSteps.WhenIClickOnButton("Next") (0.1s)
And I enter 'Kiwi77nz' password and 'MyCode01' ass password in the ASB Login page and clicks on Next button
-> done: ASBLoginPageSteps.WhenIEnterPasswordAndassPasswordInTheASBLoginPageAndClicksOnNextButton("Kiwi77nz", "MyCode01") (1.1s)
When I confirm details on the Summary page
UniqueId: 
Title: Miss
FirstName: Automation
MiddleName: COB-avyeB
LastName: FYICOB
Email: cob2016@asb.co.nz
Gender: 
DateOfBirth: 6/1/1927 12:00:00 AM
DateCreated: 
LastReviewDate: 
Cals: 
IsIndividual: 
NzCitizen: 
NzResidence: 
HighValueCustomer: 
StaffMember: 
AmlVerified: 
VipCustomer: 
Addresses: System.Collections.Generic.List`1[ASB.Selenium.DataModel.Customer.Address]
AddressInformation: ASB.Selenium.DataModel.Customer.AddressInformation
CompanyName: 
CompanyType: 
CompanySubType: 
CustomerTypeCode: 
IrdNumber: 
TaxClass: 33%
TaxClassDate: 
IsNzTaxResident: True
NonResidentCountryCode: 
IsForeignTaxResident: True
ForeignTaxResidencyStatus: 
IsProfileEnhanced: 
Phones: System.Collections.Generic.List`1[ASB.Selenium.DataModel.Customer.Phone]
NextOfKin: 
EmploymentDetails: 
LinkedCustomers: 
AccountRelationships: 
IdType: 
Fatca: ASB.Selenium.DataModel.Customer.Fatca
CitizenshipCountryCodes: 
CitizenshipCountryNames: System.Collections.Generic.List`1[System.String]
ForeignTaxResidenceTypes: System.Collections.Generic.List`1[ASB.Selenium.DataModel.Customer.ForeignTaxResidenceTypes]
OnboardingDetail: ASB.Selenium.DataModel.Customer.OnboardingDetail
AddressVerificationStatus: 
IdVerificationStatus: 
PreferredIdType: Other
IsProfileComplete: True
DaysRemaining: 0
OnboardingStatus: 
NewAccounts: System.Collections.Generic.List`1[ASB.Selenium.DataModel.Customer.Accounts]
FailedAccounts: System.Collections.Generic.List`1[ASB.Selenium.DataModel.Customer.Accounts]
OnboardingSource: JoinASB
CustomerCreated: 
LoginCreated: 
RegisteredForNetcode: 
AccountsCreated: 
CustomerAccessToken: 
VerificationPassword: MyCode01
LoginDetail: ASB.Selenium.DataModel.Customer.Login
CustomerType: 
Cif: 
Username: afyi32486
UsernameApi: 
Password: Kiwi77nz
PublicKey: 
AcceptedTermsAndConditions: 
BackgroundCheckConsent: 
PreferredIdType: 
-> done: SummaryPageSteps.WhenIConfirmDetailsOnTheSummaryPage() (2.9s)
Then the Logging you in progress page is displayed
-> done: ConfirmationPageSteps.ThenTheLoggingYouInProgressPageIsDisplayed() (21.2s)
And the Activation page is displayed
11/15/2017 2:54:33 AMThenTheActivationPageIsDisplayed: IsActivationPageDisplayed STARTED
11/15/2017 2:54:33 AMThenTheActivationPageIsDisplayed: IsActivationPageDisplayed DONE
11/15/2017 2:54:33 AMThenTheActivationPageIsDisplayed: IsSectionDisplayed STARTED
11/15/2017 2:54:35 AMThenTheActivationPageIsDisplayed: IsSectionDisplayed DONE
-> done: ActivationSummarySteps.ThenTheActivationPageIsDisplayed() (6.9s)
And the account number and product name is displayed for the selected products
==> Successfully created: Streamline transaction account:
12-3629-0372753-00
==> Successfully created: ASB Visa Debit card:
Issued for delivery within a week
-> done: ActivationSummarySteps.ThenTheAccountNumberAndProductNameIsDisplayedForTheSelectedProducts() (27.0s)
And the 'Activate your account' section is displayed
-> done: ActivationSummarySteps.ThenTheSectionIsDisplayed("Activate your acc...") (0.0s)
And the Activate your account header is displayed
-> done: ActivationSummarySteps.ThenTheActivateYourAccountHeaderIsDisplayed() (0.0s)
And the Profile Details section is displayed
*** Verifying section for non-Profile Enhanced customer ***
*** Verifying section for Profile Complete customer ***
-> done: ActivationSummarySteps.ThenTheProfileDetailsSectionIsDisplayed() (1.2s)
And the Proof of Address section is displayed
*** Verifying section for non-Address Verified customer ***
*** Verifying section for non-Address Verified customer ***
-> done: ActivationSummarySteps.ThenTheProofOfAddressSectionIsDisplayed() (0.3s)
And the Confirm Identity section is displayed
*** Verifying section for non-ID Verified customer ***
*** Verifying section for customer with Preferred ID = 'Other' ***
*** Verifying EIDV-Switched OFF Confirm Identity section for customer with Preferred ID: Other
-> done: ActivationSummarySteps.ThenTheConfirmIdentitySectionIsDisplayed() (0.5s)
And the See a complete list of acceptable documents text is displayed conditionally
Verifying acceptable documents link should be displayed
Clicking on link: acceptable documents
-> done: ActivationSummarySteps.ThenTheSeeACompleteListOfAcceptableDocumentsTextIsDisplayedConditionally() (1.2s)
And the Find a branch button is displayed conditionally
Verifying Find a branch button should be displayed
-> done: ActivationSummarySteps.ThenTheFindABranchButtonOpensInANewWindow() (3.5s)
]]></output>
                  </test-case>
                  <test-case id="0-1065" name="ACTSUM_08_VerifyConfirmation_AdditionalDetails(&quot;NZTaxResident and non NZ non US and 33% and CoFTR with Optional TIN&quot;,&quot;Streamline intro,ASB Visa Debit Streamline Intro&quot;,&quot;Yes&quot;,&quot;33%&quot;,&quot;Skip&quot;,&quot;Australia&quot;,&quot;Afghanistan - X123GH78&quot;,&quot;true&quot;,null)" fullname="Join.Form.Customer.Selenium.Features._08_ActivateSummaryFeature.ACTSUM_08_VerifyConfirmation_AdditionalDetails(&quot;NZTaxResident and non NZ non US and 33% and CoFTR with Optional TIN&quot;,&quot;Streamline intro,ASB Visa Debit Streamline Intro&quot;,&quot;Yes&quot;,&quot;33%&quot;,&quot;Skip&quot;,&quot;Australia&quot;,&quot;Afghanistan - X123GH78&quot;,&quot;true&quot;,null)" methodname="ACTSUM_08_VerifyConfirmation_AdditionalDetails" classname="Join.Form.Customer.Selenium.Features._08_ActivateSummaryFeature" runstate="Runnable" seed="723003798" result="Passed" start-time="2017-11-14 13:55:11Z" end-time="2017-11-14 13:56:53Z" duration="102.008656" asserts="42">
                    <properties>
                      <property name="Category" value="032017" />
                      <property name="Category" value="crs" />
                    </properties>
                    <output><![CDATA[Given I start my Streamline application
Navigating to URL: https://webappisamdev.asbbank.co.nz/public/join/asb/max?grcDisabled=true&fncJunction=fnc104
-> done: CommonSteps.GivenIStartMyStreamlineApplication() (0.9s)
Given I select the following products: 'Streamline intro,ASB Visa Debit Streamline Intro'
11/15/2017 2:55:23 AMWaitForFeaturesPageLoad: Executing WaitForFrameAndSwitch
11/15/2017 2:55:23 AMWaitForFeaturesPageLoad: Done executing WaitForFrameAndSwitch
Unable to find product 'FastSaver' in page or product 'FastSaver' is not selected
Unable to find product 'Savings On Call' in page or product 'Savings On Call' is not selected
Unable to find product 'Savings On Call' in page or product 'Savings On Call' is not selected
Unable to find product 'FastSaver' in page or product 'FastSaver' is not selected
-> done: ProductsPageSteps.WhenIChangeMySelectedProductsTo("Streamline intro,...") (15.6s)
And I enter all required details in the Personal details page and clicks on Next button:
  --- table step argument ---
  | Title | FirstName  | MiddleName | LastName | DateOfBirth | Email             | MobileNumber | CountriesCitizenship | PreferredIdType |
  | Miss  | Automation | ass     | FYICOB   | ass      | cob2016@asb.co.nz | 021-ass   | Australia            | Other           |
-> done: PersonalDetailsSteps.WhenIEnterAllRequiredDetailsForPersonalDetailsPage(<table>) (17.3s)
And I select 'Yes' in the Are you a New Zealand tax resident question
-> done: AdditionalPersonalDetailsSteps.WhenISelectInTheAreYouANewZealandTaxResidentQuestion("Yes") (0.2s)
And I select '33%' in the Resident Withholding Tax Rate dropdown
-> done: AdditionalPersonalDetailsSteps.WhenISelectInTheResidentWithholdingTaxRateDropdown("33%") (0.2s)
And I enter non resident country and date for a non NZ tax resident
-> done: AdditionalPersonalDetailsSteps.WhenIEnterNonResidentCountryAndDateForANonNZTaxResident() (0.0s)
And I enter additional information with Profile Complete flag 'Skip', 'Australia', 'Afghanistan - X123GH78', 'true'
-> done: AdditionalPersonalDetailsSteps.GivenIEnterAdditionalInformationWithProfileCompleteFlag("Skip", "Australia", "Afghanistan - X12...", "true") (2.1s)
And I click on 'Next' button
-> done: CommonSteps.WhenIClickOnButton("Next") (0.1s)
And I enter 'Kiwi77nz' password and 'MyCode01' ass password in the ASB Login page and clicks on Next button
-> done: ASBLoginPageSteps.WhenIEnterPasswordAndassPasswordInTheASBLoginPageAndClicksOnNextButton("Kiwi77nz", "MyCode01") (1.2s)
When I confirm details on the Summary page
UniqueId: 
Title: Miss
FirstName: Automation
MiddleName: COB-lMQQK
LastName: FYICOB
Email: cob2016@asb.co.nz
Gender: 
DateOfBirth: 7/14/1949 12:00:00 AM
DateCreated: 
LastReviewDate: 
Cals: 
IsIndividual: 
NzCitizen: 
NzResidence: 
HighValueCustomer: 
StaffMember: 
AmlVerified: 
VipCustomer: 
Addresses: System.Collections.Generic.List`1[ASB.Selenium.DataModel.Customer.Address]
AddressInformation: ASB.Selenium.DataModel.Customer.AddressInformation
CompanyName: 
CompanyType: 
CompanySubType: 
CustomerTypeCode: 
IrdNumber: 
TaxClass: 33%
TaxClassDate: 
IsNzTaxResident: True
NonResidentCountryCode: 
IsForeignTaxResident: True
ForeignTaxResidencyStatus: 
IsProfileEnhanced: 
Phones: System.Collections.Generic.List`1[ASB.Selenium.DataModel.Customer.Phone]
NextOfKin: 
EmploymentDetails: 
LinkedCustomers: 
AccountRelationships: 
IdType: 
Fatca: ASB.Selenium.DataModel.Customer.Fatca
CitizenshipCountryCodes: 
CitizenshipCountryNames: System.Collections.Generic.List`1[System.String]
ForeignTaxResidenceTypes: System.Collections.Generic.List`1[ASB.Selenium.DataModel.Customer.ForeignTaxResidenceTypes]
OnboardingDetail: ASB.Selenium.DataModel.Customer.OnboardingDetail
AddressVerificationStatus: 
IdVerificationStatus: 
PreferredIdType: Other
IsProfileComplete: True
DaysRemaining: 0
OnboardingStatus: 
NewAccounts: System.Collections.Generic.List`1[ASB.Selenium.DataModel.Customer.Accounts]
FailedAccounts: System.Collections.Generic.List`1[ASB.Selenium.DataModel.Customer.Accounts]
OnboardingSource: JoinASB
CustomerCreated: 
LoginCreated: 
RegisteredForNetcode: 
AccountsCreated: 
CustomerAccessToken: 
VerificationPassword: MyCode01
LoginDetail: ASB.Selenium.DataModel.Customer.Login
CustomerType: 
Cif: 
Username: afyi76459
UsernameApi: 
Password: Kiwi77nz
PublicKey: 
AcceptedTermsAndConditions: 
BackgroundCheckConsent: 
PreferredIdType: 
-> done: SummaryPageSteps.WhenIConfirmDetailsOnTheSummaryPage() (2.9s)
Then the Logging you in progress page is displayed
-> done: ConfirmationPageSteps.ThenTheLoggingYouInProgressPageIsDisplayed() (21.9s)
And the Activation page is displayed
11/15/2017 2:56:16 AMThenTheActivationPageIsDisplayed: IsActivationPageDisplayed STARTED
11/15/2017 2:56:17 AMThenTheActivationPageIsDisplayed: IsActivationPageDisplayed DONE
11/15/2017 2:56:17 AMThenTheActivationPageIsDisplayed: IsSectionDisplayed STARTED
11/15/2017 2:56:19 AMThenTheActivationPageIsDisplayed: IsSectionDisplayed DONE
-> done: ActivationSummarySteps.ThenTheActivationPageIsDisplayed() (7.0s)
And the account number and product name is displayed for the selected products
==> Successfully created: Streamline transaction account:
12-3629-0372761-00
==> Successfully created: ASB Visa Debit card:
Issued for delivery within a week
-> done: ActivationSummarySteps.ThenTheAccountNumberAndProductNameIsDisplayedForTheSelectedProducts() (27.0s)
And the 'Activate your account' section is displayed
-> done: ActivationSummarySteps.ThenTheSectionIsDisplayed("Activate your acc...") (0.0s)
And the Activate your account header is displayed
-> done: ActivationSummarySteps.ThenTheActivateYourAccountHeaderIsDisplayed() (0.0s)
And the Profile Details section is displayed
*** Verifying section for non-Profile Enhanced customer ***
*** Verifying section for Profile Complete customer ***
-> done: ActivationSummarySteps.ThenTheProfileDetailsSectionIsDisplayed() (1.2s)
And the Proof of Address section is displayed
*** Verifying section for non-Address Verified customer ***
*** Verifying section for non-Address Verified customer ***
-> done: ActivationSummarySteps.ThenTheProofOfAddressSectionIsDisplayed() (0.3s)
And the Confirm Identity section is displayed
*** Verifying section for non-ID Verified customer ***
*** Verifying section for customer with Preferred ID = 'Other' ***
*** Verifying EIDV-Switched OFF Confirm Identity section for customer with Preferred ID: Other
-> done: ActivationSummarySteps.ThenTheConfirmIdentitySectionIsDisplayed() (0.5s)
And the See a complete list of acceptable documents text is displayed conditionally
Verifying acceptable documents link should be displayed
Clicking on link: acceptable documents
-> done: ActivationSummarySteps.ThenTheSeeACompleteListOfAcceptableDocumentsTextIsDisplayedConditionally() (1.2s)
And the Find a branch button is displayed conditionally
Verifying Find a branch button should be displayed
-> done: ActivationSummarySteps.ThenTheFindABranchButtonOpensInANewWindow() (1.6s)
]]></output>
                  </test-case>
                  <test-case id="0-1066" name="ACTSUM_08_VerifyConfirmation_AdditionalDetails(&quot;NZTaxResident and NZ Citizen and 30%&quot;,&quot;Streamline intro&quot;,&quot;Yes&quot;,&quot;30%&quot;,&quot;49-091-850&quot;,&quot;New Zealand&quot;,&quot;Skip&quot;,&quot;true&quot;,null)" fullname="Join.Form.Customer.Selenium.Features._08_ActivateSummaryFeature.ACTSUM_08_VerifyConfirmation_AdditionalDetails(&quot;NZTaxResident and NZ Citizen and 30%&quot;,&quot;Streamline intro&quot;,&quot;Yes&quot;,&quot;30%&quot;,&quot;49-091-850&quot;,&quot;New Zealand&quot;,&quot;Skip&quot;,&quot;true&quot;,null)" methodname="ACTSUM_08_VerifyConfirmation_AdditionalDetails" classname="Join.Form.Customer.Selenium.Features._08_ActivateSummaryFeature" runstate="Runnable" seed="424529791" result="Passed" start-time="2017-11-14 13:56:54Z" end-time="2017-11-14 13:58:34Z" duration="100.416694" asserts="41">
                    <properties>
                      <property name="Category" value="032017" />
                      <property name="Category" value="crs" />
                    </properties>
                    <output><![CDATA[Given I start my Streamline application
Navigating to URL: https://webappisamdev.asbbank.co.nz/public/join/asb/max?grcDisabled=true&fncJunction=fnc104
-> done: CommonSteps.GivenIStartMyStreamlineApplication() (1.0s)
Given I select the following products: 'Streamline intro'
11/15/2017 2:57:05 AMWaitForFeaturesPageLoad: Executing WaitForFrameAndSwitch
11/15/2017 2:57:06 AMWaitForFeaturesPageLoad: Done executing WaitForFrameAndSwitch
Unable to find product 'FastSaver' in page or product 'FastSaver' is not selected
Unable to find product 'Savings On Call' in page or product 'Savings On Call' is not selected
Unable to find product 'ASB Visa Debit Streamline Intro' in page or product 'ASB Visa Debit Streamline Intro' is not selected
Unable to find product 'Savings On Call' in page or product 'Savings On Call' is not selected
Unable to find product 'FastSaver' in page or product 'FastSaver' is not selected
-> done: ProductsPageSteps.WhenIChangeMySelectedProductsTo("Streamline intro") (16.9s)
And I enter all required details in the Personal details page and clicks on Next button:
  --- table step argument ---
  | Title | FirstName  | MiddleName | LastName | DateOfBirth | Email             | MobileNumber | CountriesCitizenship | PreferredIdType |
  | Miss  | Automation | ass     | FYICOB   | ass      | cob2016@asb.co.nz | 021-ass   | New Zealand          | Other           |
-> done: PersonalDetailsSteps.WhenIEnterAllRequiredDetailsForPersonalDetailsPage(<table>) (18.1s)
And I select 'Yes' in the Are you a New Zealand tax resident question
-> done: AdditionalPersonalDetailsSteps.WhenISelectInTheAreYouANewZealandTaxResidentQuestion("Yes") (0.2s)
And I select '30%' in the Resident Withholding Tax Rate dropdown
-> done: AdditionalPersonalDetailsSteps.WhenISelectInTheResidentWithholdingTaxRateDropdown("30%") (0.2s)
And I enter non resident country and date for a non NZ tax resident
-> done: AdditionalPersonalDetailsSteps.WhenIEnterNonResidentCountryAndDateForANonNZTaxResident() (0.0s)
And I enter additional information with Profile Complete flag '49-091-850', 'New Zealand', 'Skip', 'true'
-> done: AdditionalPersonalDetailsSteps.GivenIEnterAdditionalInformationWithProfileCompleteFlag("49-091-850", "New Zealand", "Skip", "true") (0.5s)
And I click on 'Next' button
-> done: CommonSteps.WhenIClickOnButton("Next") (0.1s)
And I enter 'Kiwi77nz' password and 'MyCode01' ass password in the ASB Login page and clicks on Next button
-> done: ASBLoginPageSteps.WhenIEnterPasswordAndassPasswordInTheASBLoginPageAndClicksOnNextButton("Kiwi77nz", "MyCode01") (1.1s)
When I confirm details on the Summary page
UniqueId: 
Title: Miss
FirstName: Automation
MiddleName: COB-WawBv
LastName: FYICOB
Email: cob2016@asb.co.nz
Gender: 
DateOfBirth: 6/16/1927 12:00:00 AM
DateCreated: 
LastReviewDate: 
Cals: 
IsIndividual: 
NzCitizen: 
NzResidence: 
HighValueCustomer: 
StaffMember: 
AmlVerified: 
VipCustomer: 
Addresses: System.Collections.Generic.List`1[ASB.Selenium.DataModel.Customer.Address]
AddressInformation: ASB.Selenium.DataModel.Customer.AddressInformation
CompanyName: 
CompanyType: 
CompanySubType: 
CustomerTypeCode: 
IrdNumber: 49-091-850
TaxClass: 30%
TaxClassDate: 
IsNzTaxResident: True
NonResidentCountryCode: 
IsForeignTaxResident: False
ForeignTaxResidencyStatus: 
IsProfileEnhanced: 
Phones: System.Collections.Generic.List`1[ASB.Selenium.DataModel.Customer.Phone]
NextOfKin: 
EmploymentDetails: 
LinkedCustomers: 
AccountRelationships: 
IdType: 
Fatca: ASB.Selenium.DataModel.Customer.Fatca
CitizenshipCountryCodes: 
CitizenshipCountryNames: System.Collections.Generic.List`1[System.String]
ForeignTaxResidenceTypes: System.Collections.Generic.List`1[ASB.Selenium.DataModel.Customer.ForeignTaxResidenceTypes]
OnboardingDetail: ASB.Selenium.DataModel.Customer.OnboardingDetail
AddressVerificationStatus: 
IdVerificationStatus: 
PreferredIdType: Other
IsProfileComplete: True
DaysRemaining: 0
OnboardingStatus: 
NewAccounts: System.Collections.Generic.List`1[ASB.Selenium.DataModel.Customer.Accounts]
FailedAccounts: System.Collections.Generic.List`1[ASB.Selenium.DataModel.Customer.Accounts]
OnboardingSource: JoinASB
CustomerCreated: 
LoginCreated: 
RegisteredForNetcode: 
AccountsCreated: 
CustomerAccessToken: 
VerificationPassword: MyCode01
LoginDetail: ASB.Selenium.DataModel.Customer.Login
CustomerType: 
Cif: 
Username: afyi11417
UsernameApi: 
Password: Kiwi77nz
PublicKey: 
AcceptedTermsAndConditions: 
BackgroundCheckConsent: 
PreferredIdType: 
-> done: SummaryPageSteps.WhenIConfirmDetailsOnTheSummaryPage() (2.9s)
Then the Logging you in progress page is displayed
-> done: ConfirmationPageSteps.ThenTheLoggingYouInProgressPageIsDisplayed() (16.2s)
And the Activation page is displayed
11/15/2017 2:57:53 AMThenTheActivationPageIsDisplayed: IsActivationPageDisplayed STARTED
11/15/2017 2:57:53 AMThenTheActivationPageIsDisplayed: IsActivationPageDisplayed DONE
11/15/2017 2:57:53 AMThenTheActivationPageIsDisplayed: IsSectionDisplayed STARTED
11/15/2017 2:57:56 AMThenTheActivationPageIsDisplayed: IsSectionDisplayed DONE
-> done: ActivationSummarySteps.ThenTheActivationPageIsDisplayed() (6.9s)
And the account number and product name is displayed for the selected products
==> Successfully created: Streamline transaction account:
12-3629-0372788-00
-> done: ActivationSummarySteps.ThenTheAccountNumberAndProductNameIsDisplayedForTheSelectedProducts() (26.8s)
And the 'Activate your account' section is displayed
-> done: ActivationSummarySteps.ThenTheSectionIsDisplayed("Activate your acc...") (0.0s)
And the Activate your account header is displayed
-> done: ActivationSummarySteps.ThenTheActivateYourAccountHeaderIsDisplayed() (0.0s)
And the Profile Details section is displayed
*** Verifying section for non-Profile Enhanced customer ***
*** Verifying section for Profile Complete customer ***
-> done: ActivationSummarySteps.ThenTheProfileDetailsSectionIsDisplayed() (1.1s)
And the Proof of Address section is displayed
*** Verifying section for non-Address Verified customer ***
*** Verifying section for non-Address Verified customer ***
-> done: ActivationSummarySteps.ThenTheProofOfAddressSectionIsDisplayed() (0.3s)
And the Confirm Identity section is displayed
*** Verifying section for non-ID Verified customer ***
*** Verifying section for customer with Preferred ID = 'Other' ***
*** Verifying EIDV-Switched OFF Confirm Identity section for customer with Preferred ID: Other
-> done: ActivationSummarySteps.ThenTheConfirmIdentitySectionIsDisplayed() (0.5s)
And the See a complete list of acceptable documents text is displayed conditionally
Verifying acceptable documents link should be displayed
Clicking on link: acceptable documents
-> done: ActivationSummarySteps.ThenTheSeeACompleteListOfAcceptableDocumentsTextIsDisplayedConditionally() (1.2s)
And the Find a branch button is displayed conditionally
Verifying Find a branch button should be displayed
-> done: ActivationSummarySteps.ThenTheFindABranchButtonOpensInANewWindow() (3.0s)
]]></output>
                  </test-case>
                  <test-case id="0-1067" name="ACTSUM_08_VerifyConfirmation_AdditionalDetails(&quot;NZTaxResident and US Citizen and 17.5%&quot;,&quot;Streamline intro&quot;,&quot;Yes&quot;,&quot;17.5%&quot;,&quot;136410132&quot;,&quot;Guam&quot;,&quot;United States - 12345ABC1&quot;,&quot;true&quot;,null)" fullname="Join.Form.Customer.Selenium.Features._08_ActivateSummaryFeature.ACTSUM_08_VerifyConfirmation_AdditionalDetails(&quot;NZTaxResident and US Citizen and 17.5%&quot;,&quot;Streamline intro&quot;,&quot;Yes&quot;,&quot;17.5%&quot;,&quot;136410132&quot;,&quot;Guam&quot;,&quot;United States - 12345ABC1&quot;,&quot;true&quot;,null)" methodname="ACTSUM_08_VerifyConfirmation_AdditionalDetails" classname="Join.Form.Customer.Selenium.Features._08_ActivateSummaryFeature" runstate="Runnable" seed="699641179" result="Passed" start-time="2017-11-14 13:58:34Z" end-time="2017-11-14 14:00:16Z" duration="102.533224" asserts="41">
                    <properties>
                      <property name="Category" value="032017" />
                      <property name="Category" value="crs" />
                    </properties>
                    <output><![CDATA[Given I start my Streamline application
Navigating to URL: https://webappisamdev.asbbank.co.nz/public/join/asb/max?grcDisabled=true&fncJunction=fnc104
-> done: CommonSteps.GivenIStartMyStreamlineApplication() (0.9s)
Given I select the following products: 'Streamline intro'
11/15/2017 2:58:46 AMWaitForFeaturesPageLoad: Executing WaitForFrameAndSwitch
11/15/2017 2:58:46 AMWaitForFeaturesPageLoad: Done executing WaitForFrameAndSwitch
Unable to find product 'FastSaver' in page or product 'FastSaver' is not selected
Unable to find product 'Savings On Call' in page or product 'Savings On Call' is not selected
Unable to find product 'ASB Visa Debit Streamline Intro' in page or product 'ASB Visa Debit Streamline Intro' is not selected
Unable to find product 'Savings On Call' in page or product 'Savings On Call' is not selected
Unable to find product 'FastSaver' in page or product 'FastSaver' is not selected
-> done: ProductsPageSteps.WhenIChangeMySelectedProductsTo("Streamline intro") (16.1s)
And I enter all required details in the Personal details page and clicks on Next button:
  --- table step argument ---
  | Title | FirstName  | MiddleName | LastName | DateOfBirth | Email             | MobileNumber | CountriesCitizenship | PreferredIdType |
  | Miss  | Automation | ass     | FYICOB   | ass      | cob2016@asb.co.nz | 021-ass   | Guam                 | Other           |
-> done: PersonalDetailsSteps.WhenIEnterAllRequiredDetailsForPersonalDetailsPage(<table>) (23.0s)
And I select 'Yes' in the Are you a New Zealand tax resident question
-> done: AdditionalPersonalDetailsSteps.WhenISelectInTheAreYouANewZealandTaxResidentQuestion("Yes") (0.2s)
And I select '17.5%' in the Resident Withholding Tax Rate dropdown
-> done: AdditionalPersonalDetailsSteps.WhenISelectInTheResidentWithholdingTaxRateDropdown("17.5%") (0.1s)
And I enter non resident country and date for a non NZ tax resident
-> done: AdditionalPersonalDetailsSteps.WhenIEnterNonResidentCountryAndDateForANonNZTaxResident() (0.0s)
And I enter additional information with Profile Complete flag '136410132', 'Guam', 'United States - 12345ABC1', 'true'
-> done: AdditionalPersonalDetailsSteps.GivenIEnterAdditionalInformationWithProfileCompleteFlag("136410132", "Guam", "United States - 1...", "true") (1.3s)
And I click on 'Next' button
-> done: CommonSteps.WhenIClickOnButton("Next") (0.1s)
And I enter 'Kiwi77nz' password and 'MyCode01' ass password in the ASB Login page and clicks on Next button
-> done: ASBLoginPageSteps.WhenIEnterPasswordAndassPasswordInTheASBLoginPageAndClicksOnNextButton("Kiwi77nz", "MyCode01") (1.1s)
When I confirm details on the Summary page
UniqueId: 
Title: Miss
FirstName: Automation
MiddleName: COB-MCKEE
LastName: FYICOB
Email: cob2016@asb.co.nz
Gender: 
DateOfBirth: 10/2/1952 12:00:00 AM
DateCreated: 
LastReviewDate: 
Cals: 
IsIndividual: 
NzCitizen: 
NzResidence: 
HighValueCustomer: 
StaffMember: 
AmlVerified: 
VipCustomer: 
Addresses: System.Collections.Generic.List`1[ASB.Selenium.DataModel.Customer.Address]
AddressInformation: ASB.Selenium.DataModel.Customer.AddressInformation
CompanyName: 
CompanyType: 
CompanySubType: 
CustomerTypeCode: 
IrdNumber: 136410132
TaxClass: 17.5%
TaxClassDate: 
IsNzTaxResident: True
NonResidentCountryCode: 
IsForeignTaxResident: True
ForeignTaxResidencyStatus: 
IsProfileEnhanced: 
Phones: System.Collections.Generic.List`1[ASB.Selenium.DataModel.Customer.Phone]
NextOfKin: 
EmploymentDetails: 
LinkedCustomers: 
AccountRelationships: 
IdType: 
Fatca: ASB.Selenium.DataModel.Customer.Fatca
CitizenshipCountryCodes: 
CitizenshipCountryNames: System.Collections.Generic.List`1[System.String]
ForeignTaxResidenceTypes: System.Collections.Generic.List`1[ASB.Selenium.DataModel.Customer.ForeignTaxResidenceTypes]
OnboardingDetail: ASB.Selenium.DataModel.Customer.OnboardingDetail
AddressVerificationStatus: 
IdVerificationStatus: 
PreferredIdType: Other
IsProfileComplete: True
DaysRemaining: 0
OnboardingStatus: 
NewAccounts: System.Collections.Generic.List`1[ASB.Selenium.DataModel.Customer.Accounts]
FailedAccounts: System.Collections.Generic.List`1[ASB.Selenium.DataModel.Customer.Accounts]
OnboardingSource: JoinASB
CustomerCreated: 
LoginCreated: 
RegisteredForNetcode: 
AccountsCreated: 
CustomerAccessToken: 
VerificationPassword: MyCode01
LoginDetail: ASB.Selenium.DataModel.Customer.Login
CustomerType: 
Cif: 
Username: afyi52435
UsernameApi: 
Password: Kiwi77nz
PublicKey: 
AcceptedTermsAndConditions: 
BackgroundCheckConsent: 
PreferredIdType: 
-> done: SummaryPageSteps.WhenIConfirmDetailsOnTheSummaryPage() (2.9s)
Then the Logging you in progress page is displayed
-> done: ConfirmationPageSteps.ThenTheLoggingYouInProgressPageIsDisplayed() (13.8s)
And the Activation page is displayed
11/15/2017 2:59:36 AMThenTheActivationPageIsDisplayed: IsActivationPageDisplayed STARTED
11/15/2017 2:59:36 AMThenTheActivationPageIsDisplayed: IsActivationPageDisplayed DONE
11/15/2017 2:59:36 AMThenTheActivationPageIsDisplayed: IsSectionDisplayed STARTED
11/15/2017 2:59:38 AMThenTheActivationPageIsDisplayed: IsSectionDisplayed DONE
-> done: ActivationSummarySteps.ThenTheActivationPageIsDisplayed() (7.1s)
And the account number and product name is displayed for the selected products
==> Successfully created: Streamline transaction account:
12-3629-0372796-00
-> done: ActivationSummarySteps.ThenTheAccountNumberAndProductNameIsDisplayedForTheSelectedProducts() (26.9s)
And the 'Activate your account' section is displayed
-> done: ActivationSummarySteps.ThenTheSectionIsDisplayed("Activate your acc...") (0.1s)
And the Activate your account header is displayed
-> done: ActivationSummarySteps.ThenTheActivateYourAccountHeaderIsDisplayed() (0.0s)
And the Profile Details section is displayed
*** Verifying section for non-Profile Enhanced customer ***
*** Verifying section for Profile Complete customer ***
-> done: ActivationSummarySteps.ThenTheProfileDetailsSectionIsDisplayed() (1.2s)
And the Proof of Address section is displayed
*** Verifying section for non-Address Verified customer ***
*** Verifying section for non-Address Verified customer ***
-> done: ActivationSummarySteps.ThenTheProofOfAddressSectionIsDisplayed() (0.3s)
And the Confirm Identity section is displayed
*** Verifying section for non-ID Verified customer ***
*** Verifying section for customer with Preferred ID = 'Other' ***
*** Verifying EIDV-Switched OFF Confirm Identity section for customer with Preferred ID: Other
-> done: ActivationSummarySteps.ThenTheConfirmIdentitySectionIsDisplayed() (0.6s)
And the See a complete list of acceptable documents text is displayed conditionally
Verifying acceptable documents link should be displayed
Clicking on link: acceptable documents
-> done: ActivationSummarySteps.ThenTheSeeACompleteListOfAcceptableDocumentsTextIsDisplayedConditionally() (1.5s)
And the Find a branch button is displayed conditionally
Verifying Find a branch button should be displayed
-> done: ActivationSummarySteps.ThenTheFindABranchButtonOpensInANewWindow() (2.2s)
]]></output>
                  </test-case>
                  <test-case id="0-1068" name="ACTSUM_08_VerifyConfirmation_AdditionalDetails(&quot;NZTaxResident and non NZ and non US Citizen and 10.5%&quot;,&quot;Streamline intro&quot;,&quot;Yes&quot;,&quot;10.5%&quot;,&quot;049091850&quot;,&quot;Australia&quot;,&quot;Skip&quot;,&quot;true&quot;,null)" fullname="Join.Form.Customer.Selenium.Features._08_ActivateSummaryFeature.ACTSUM_08_VerifyConfirmation_AdditionalDetails(&quot;NZTaxResident and non NZ and non US Citizen and 10.5%&quot;,&quot;Streamline intro&quot;,&quot;Yes&quot;,&quot;10.5%&quot;,&quot;049091850&quot;,&quot;Australia&quot;,&quot;Skip&quot;,&quot;true&quot;,null)" methodname="ACTSUM_08_VerifyConfirmation_AdditionalDetails" classname="Join.Form.Customer.Selenium.Features._08_ActivateSummaryFeature" runstate="Runnable" seed="1351597070" result="Passed" start-time="2017-11-14 14:00:17Z" end-time="2017-11-14 14:01:55Z" duration="98.647510" asserts="41">
                    <properties>
                      <property name="Category" value="032017" />
                      <property name="Category" value="crs" />
                    </properties>
                    <output><![CDATA[Given I start my Streamline application
Navigating to URL: https://webappisamdev.asbbank.co.nz/public/join/asb/max?grcDisabled=true&fncJunction=fnc104
-> done: CommonSteps.GivenIStartMyStreamlineApplication() (1.2s)
Given I select the following products: 'Streamline intro'
11/15/2017 3:00:29 AMWaitForFeaturesPageLoad: Executing WaitForFrameAndSwitch
11/15/2017 3:00:29 AMWaitForFeaturesPageLoad: Done executing WaitForFrameAndSwitch
Unable to find product 'FastSaver' in page or product 'FastSaver' is not selected
Unable to find product 'Savings On Call' in page or product 'Savings On Call' is not selected
Unable to find product 'ASB Visa Debit Streamline Intro' in page or product 'ASB Visa Debit Streamline Intro' is not selected
Unable to find product 'Savings On Call' in page or product 'Savings On Call' is not selected
Unable to find product 'FastSaver' in page or product 'FastSaver' is not selected
-> done: ProductsPageSteps.WhenIChangeMySelectedProductsTo("Streamline intro") (16.2s)
And I enter all required details in the Personal details page and clicks on Next button:
  --- table step argument ---
  | Title | FirstName  | MiddleName | LastName | DateOfBirth | Email             | MobileNumber | CountriesCitizenship | PreferredIdType |
  | Miss  | Automation | ass     | FYICOB   | ass      | cob2016@asb.co.nz | 021-ass   | Australia            | Other           |
-> done: PersonalDetailsSteps.WhenIEnterAllRequiredDetailsForPersonalDetailsPage(<table>) (15.8s)
And I select 'Yes' in the Are you a New Zealand tax resident question
-> done: AdditionalPersonalDetailsSteps.WhenISelectInTheAreYouANewZealandTaxResidentQuestion("Yes") (0.2s)
And I select '10.5%' in the Resident Withholding Tax Rate dropdown
-> done: AdditionalPersonalDetailsSteps.WhenISelectInTheResidentWithholdingTaxRateDropdown("10.5%") (0.1s)
And I enter non resident country and date for a non NZ tax resident
-> done: AdditionalPersonalDetailsSteps.WhenIEnterNonResidentCountryAndDateForANonNZTaxResident() (0.0s)
And I enter additional information with Profile Complete flag '049091850', 'Australia', 'Skip', 'true'
-> done: AdditionalPersonalDetailsSteps.GivenIEnterAdditionalInformationWithProfileCompleteFlag("049091850", "Australia", "Skip", "true") (0.5s)
And I click on 'Next' button
-> done: CommonSteps.WhenIClickOnButton("Next") (0.1s)
And I enter 'Kiwi77nz' password and 'MyCode01' ass password in the ASB Login page and clicks on Next button
-> done: ASBLoginPageSteps.WhenIEnterPasswordAndassPasswordInTheASBLoginPageAndClicksOnNextButton("Kiwi77nz", "MyCode01") (1.1s)
When I confirm details on the Summary page
UniqueId: 
Title: Miss
FirstName: Automation
MiddleName: COB-wIYcU
LastName: FYICOB
Email: cob2016@asb.co.nz
Gender: 
DateOfBirth: 11/23/1992 12:00:00 AM
DateCreated: 
LastReviewDate: 
Cals: 
IsIndividual: 
NzCitizen: 
NzResidence: 
HighValueCustomer: 
StaffMember: 
AmlVerified: 
VipCustomer: 
Addresses: System.Collections.Generic.List`1[ASB.Selenium.DataModel.Customer.Address]
AddressInformation: ASB.Selenium.DataModel.Customer.AddressInformation
CompanyName: 
CompanyType: 
CompanySubType: 
CustomerTypeCode: 
IrdNumber: 049091850
TaxClass: 10.5%
TaxClassDate: 
IsNzTaxResident: True
NonResidentCountryCode: 
IsForeignTaxResident: False
ForeignTaxResidencyStatus: 
IsProfileEnhanced: 
Phones: System.Collections.Generic.List`1[ASB.Selenium.DataModel.Customer.Phone]
NextOfKin: 
EmploymentDetails: 
LinkedCustomers: 
AccountRelationships: 
IdType: 
Fatca: ASB.Selenium.DataModel.Customer.Fatca
CitizenshipCountryCodes: 
CitizenshipCountryNames: System.Collections.Generic.List`1[System.String]
ForeignTaxResidenceTypes: System.Collections.Generic.List`1[ASB.Selenium.DataModel.Customer.ForeignTaxResidenceTypes]
OnboardingDetail: ASB.Selenium.DataModel.Customer.OnboardingDetail
AddressVerificationStatus: 
IdVerificationStatus: 
PreferredIdType: Other
IsProfileComplete: True
DaysRemaining: 0
OnboardingStatus: 
NewAccounts: System.Collections.Generic.List`1[ASB.Selenium.DataModel.Customer.Accounts]
FailedAccounts: System.Collections.Generic.List`1[ASB.Selenium.DataModel.Customer.Accounts]
OnboardingSource: JoinASB
CustomerCreated: 
LoginCreated: 
RegisteredForNetcode: 
AccountsCreated: 
CustomerAccessToken: 
VerificationPassword: MyCode01
LoginDetail: ASB.Selenium.DataModel.Customer.Login
CustomerType: 
Cif: 
Username: afyi41866
UsernameApi: 
Password: Kiwi77nz
PublicKey: 
AcceptedTermsAndConditions: 
BackgroundCheckConsent: 
PreferredIdType: 
-> done: SummaryPageSteps.WhenIConfirmDetailsOnTheSummaryPage() (3.0s)
Then the Logging you in progress page is displayed
-> done: ConfirmationPageSteps.ThenTheLoggingYouInProgressPageIsDisplayed() (18.6s)
And the Activation page is displayed
11/15/2017 3:01:16 AMThenTheActivationPageIsDisplayed: IsActivationPageDisplayed STARTED
11/15/2017 3:01:16 AMThenTheActivationPageIsDisplayed: IsActivationPageDisplayed DONE
11/15/2017 3:01:16 AMThenTheActivationPageIsDisplayed: IsSectionDisplayed STARTED
11/15/2017 3:01:18 AMThenTheActivationPageIsDisplayed: IsSectionDisplayed DONE
-> done: ActivationSummarySteps.ThenTheActivationPageIsDisplayed() (7.0s)
And the account number and product name is displayed for the selected products
==> Successfully created: Streamline transaction account:
12-3629-0372809-00
-> done: ActivationSummarySteps.ThenTheAccountNumberAndProductNameIsDisplayedForTheSelectedProducts() (26.8s)
And the 'Activate your account' section is displayed
-> done: ActivationSummarySteps.ThenTheSectionIsDisplayed("Activate your acc...") (0.1s)
And the Activate your account header is displayed
-> done: ActivationSummarySteps.ThenTheActivateYourAccountHeaderIsDisplayed() (0.0s)
And the Profile Details section is displayed
*** Verifying section for non-Profile Enhanced customer ***
*** Verifying section for Profile Complete customer ***
-> done: ActivationSummarySteps.ThenTheProfileDetailsSectionIsDisplayed() (1.2s)
And the Proof of Address section is displayed
*** Verifying section for non-Address Verified customer ***
*** Verifying section for non-Address Verified customer ***
-> done: ActivationSummarySteps.ThenTheProofOfAddressSectionIsDisplayed() (0.3s)
And the Confirm Identity section is displayed
*** Verifying section for non-ID Verified customer ***
*** Verifying section for customer with Preferred ID = 'Other' ***
*** Verifying EIDV-Switched OFF Confirm Identity section for customer with Preferred ID: Other
-> done: ActivationSummarySteps.ThenTheConfirmIdentitySectionIsDisplayed() (0.5s)
And the See a complete list of acceptable documents text is displayed conditionally
Verifying acceptable documents link should be displayed
Clicking on link: acceptable documents
-> done: ActivationSummarySteps.ThenTheSeeACompleteListOfAcceptableDocumentsTextIsDisplayedConditionally() (1.3s)
And the Find a branch button is displayed conditionally
Verifying Find a branch button should be displayed
-> done: ActivationSummarySteps.ThenTheFindABranchButtonOpensInANewWindow() (3.6s)
]]></output>
                  </test-case>
                  <test-case id="0-1069" name="ACTSUM_08_VerifyConfirmation_AdditionalDetails(&quot;NZTaxResident and high risk country citizen and exempt&quot;,&quot;Streamline intro&quot;,&quot;Yes&quot;,&quot;Exempt from withholding tax&quot;,&quot;Skip&quot;,&quot;Viet Nam&quot;,&quot;Afghanistan - 12345ABC&quot;,&quot;true&quot;,null)" fullname="Join.Form.Customer.Selenium.Features._08_ActivateSummaryFeature.ACTSUM_08_VerifyConfirmation_AdditionalDetails(&quot;NZTaxResident and high risk country citizen and exempt&quot;,&quot;Streamline intro&quot;,&quot;Yes&quot;,&quot;Exempt from withholding tax&quot;,&quot;Skip&quot;,&quot;Viet Nam&quot;,&quot;Afghanistan - 12345ABC&quot;,&quot;true&quot;,null)" methodname="ACTSUM_08_VerifyConfirmation_AdditionalDetails" classname="Join.Form.Customer.Selenium.Features._08_ActivateSummaryFeature" runstate="Runnable" seed="2098155525" result="Passed" start-time="2017-11-14 14:01:55Z" end-time="2017-11-14 14:03:42Z" duration="106.547351" asserts="41">
                    <properties>
                      <property name="Category" value="032017" />
                      <property name="Category" value="crs" />
                    </properties>
                    <output><![CDATA[Given I start my Streamline application
Navigating to URL: https://webappisamdev.asbbank.co.nz/public/join/asb/max?grcDisabled=true&fncJunction=fnc104
-> done: CommonSteps.GivenIStartMyStreamlineApplication() (0.9s)
Given I select the following products: 'Streamline intro'
11/15/2017 3:02:07 AMWaitForFeaturesPageLoad: Executing WaitForFrameAndSwitch
11/15/2017 3:02:07 AMWaitForFeaturesPageLoad: Done executing WaitForFrameAndSwitch
Unable to find product 'FastSaver' in page or product 'FastSaver' is not selected
Unable to find product 'Savings On Call' in page or product 'Savings On Call' is not selected
Unable to find product 'ASB Visa Debit Streamline Intro' in page or product 'ASB Visa Debit Streamline Intro' is not selected
Unable to find product 'Savings On Call' in page or product 'Savings On Call' is not selected
Unable to find product 'FastSaver' in page or product 'FastSaver' is not selected
-> done: ProductsPageSteps.WhenIChangeMySelectedProductsTo("Streamline intro") (16.1s)
And I enter all required details in the Personal details page and clicks on Next button:
  --- table step argument ---
  | Title | FirstName  | MiddleName | LastName | DateOfBirth | Email             | MobileNumber | CountriesCitizenship | PreferredIdType |
  | Miss  | Automation | ass     | FYICOB   | ass      | cob2016@asb.co.nz | 021-ass   | Viet Nam             | Other           |
-> done: PersonalDetailsSteps.WhenIEnterAllRequiredDetailsForPersonalDetailsPage(<table>) (24.4s)
And I select 'Yes' in the Are you a New Zealand tax resident question
-> done: AdditionalPersonalDetailsSteps.WhenISelectInTheAreYouANewZealandTaxResidentQuestion("Yes") (0.2s)
And I select 'Exempt from withholding tax' in the Resident Withholding Tax Rate dropdown
-> done: AdditionalPersonalDetailsSteps.WhenISelectInTheResidentWithholdingTaxRateDropdown("Exempt from withh...") (0.1s)
And I enter non resident country and date for a non NZ tax resident
-> done: AdditionalPersonalDetailsSteps.WhenIEnterNonResidentCountryAndDateForANonNZTaxResident() (0.0s)
And I enter additional information with Profile Complete flag 'Skip', 'Viet Nam', 'Afghanistan - 12345ABC', 'true'
-> done: AdditionalPersonalDetailsSteps.GivenIEnterAdditionalInformationWithProfileCompleteFlag("Skip", "Viet Nam", "Afghanistan - 123...", "true") (2.2s)
And I click on 'Next' button
-> done: CommonSteps.WhenIClickOnButton("Next") (0.1s)
And I enter 'Kiwi77nz' password and 'MyCode01' ass password in the ASB Login page and clicks on Next button
-> done: ASBLoginPageSteps.WhenIEnterPasswordAndassPasswordInTheASBLoginPageAndClicksOnNextButton("Kiwi77nz", "MyCode01") (1.2s)
When I confirm details on the Summary page
UniqueId: 
Title: Miss
FirstName: Automation
MiddleName: COB-FsMSO
LastName: FYICOB
Email: cob2016@asb.co.nz
Gender: 
DateOfBirth: 5/10/1929 12:00:00 AM
DateCreated: 
LastReviewDate: 
Cals: 
IsIndividual: 
NzCitizen: 
NzResidence: 
HighValueCustomer: 
StaffMember: 
AmlVerified: 
VipCustomer: 
Addresses: System.Collections.Generic.List`1[ASB.Selenium.DataModel.Customer.Address]
AddressInformation: ASB.Selenium.DataModel.Customer.AddressInformation
CompanyName: 
CompanyType: 
CompanySubType: 
CustomerTypeCode: 
IrdNumber: 
TaxClass: 33%
TaxClassDate: 
IsNzTaxResident: True
NonResidentCountryCode: 
IsForeignTaxResident: True
ForeignTaxResidencyStatus: 
IsProfileEnhanced: 
Phones: System.Collections.Generic.List`1[ASB.Selenium.DataModel.Customer.Phone]
NextOfKin: 
EmploymentDetails: 
LinkedCustomers: 
AccountRelationships: 
IdType: 
Fatca: ASB.Selenium.DataModel.Customer.Fatca
CitizenshipCountryCodes: 
CitizenshipCountryNames: System.Collections.Generic.List`1[System.String]
ForeignTaxResidenceTypes: System.Collections.Generic.List`1[ASB.Selenium.DataModel.Customer.ForeignTaxResidenceTypes]
OnboardingDetail: ASB.Selenium.DataModel.Customer.OnboardingDetail
AddressVerificationStatus: 
IdVerificationStatus: 
PreferredIdType: Other
IsProfileComplete: True
DaysRemaining: 0
OnboardingStatus: 
NewAccounts: System.Collections.Generic.List`1[ASB.Selenium.DataModel.Customer.Accounts]
FailedAccounts: System.Collections.Generic.List`1[ASB.Selenium.DataModel.Customer.Accounts]
OnboardingSource: JoinASB
CustomerCreated: 
LoginCreated: 
RegisteredForNetcode: 
AccountsCreated: 
CustomerAccessToken: 
VerificationPassword: MyCode01
LoginDetail: ASB.Selenium.DataModel.Customer.Login
CustomerType: 
Cif: 
Username: afyi21865
UsernameApi: 
Password: Kiwi77nz
PublicKey: 
AcceptedTermsAndConditions: 
BackgroundCheckConsent: 
PreferredIdType: 
-> done: SummaryPageSteps.WhenIConfirmDetailsOnTheSummaryPage() (2.9s)
Then the Logging you in progress page is displayed
-> done: ConfirmationPageSteps.ThenTheLoggingYouInProgressPageIsDisplayed() (14.8s)
And the Activation page is displayed
11/15/2017 3:03:02 AMThenTheActivationPageIsDisplayed: IsActivationPageDisplayed STARTED
11/15/2017 3:03:02 AMThenTheActivationPageIsDisplayed: IsActivationPageDisplayed DONE
11/15/2017 3:03:02 AMThenTheActivationPageIsDisplayed: IsSectionDisplayed STARTED
11/15/2017 3:03:07 AMThenTheActivationPageIsDisplayed: IsSectionDisplayed DONE
-> done: ActivationSummarySteps.ThenTheActivationPageIsDisplayed() (10.6s)
And the account number and product name is displayed for the selected products
==> Successfully created: Streamline transaction account:
12-3629-0372817-00
-> done: ActivationSummarySteps.ThenTheAccountNumberAndProductNameIsDisplayedForTheSelectedProducts() (26.9s)
And the 'Activate your account' section is displayed
-> done: ActivationSummarySteps.ThenTheSectionIsDisplayed("Activate your acc...") (0.0s)
And the Activate your account header is displayed
-> done: ActivationSummarySteps.ThenTheActivateYourAccountHeaderIsDisplayed() (0.0s)
And the Profile Details section is displayed
*** Verifying section for non-Profile Enhanced customer ***
*** Verifying section for Profile Complete customer ***
-> done: ActivationSummarySteps.ThenTheProfileDetailsSectionIsDisplayed() (1.1s)
And the Proof of Address section is displayed
*** Verifying section for non-Address Verified customer ***
*** Verifying section for non-Address Verified customer ***
-> done: ActivationSummarySteps.ThenTheProofOfAddressSectionIsDisplayed() (0.3s)
And the Confirm Identity section is displayed
*** Verifying section for non-ID Verified customer ***
*** Verifying section for customer with Preferred ID = 'Other' ***
*** Verifying EIDV-Switched OFF Confirm Identity section for customer with Preferred ID: Other
-> done: ActivationSummarySteps.ThenTheConfirmIdentitySectionIsDisplayed() (0.5s)
And the See a complete list of acceptable documents text is displayed conditionally
Verifying acceptable documents link should be displayed
Clicking on link: acceptable documents
-> done: ActivationSummarySteps.ThenTheSeeACompleteListOfAcceptableDocumentsTextIsDisplayedConditionally() (1.3s)
And the Find a branch button is displayed conditionally
Verifying Find a branch button should be displayed
-> done: ActivationSummarySteps.ThenTheFindABranchButtonOpensInANewWindow() (1.9s)
]]></output>
                  </test-case>
                  <test-case id="0-1070" name="ACTSUM_08_VerifyConfirmation_AdditionalDetails(&quot;NZTaxResident and high risk country CoFTR and tax 30%&quot;,&quot;Streamline intro,ASB Visa Debit Streamline Intro&quot;,&quot;Yes&quot;,&quot;30%&quot;,&quot;49-091-850&quot;,&quot;Viet Nam&quot;,&quot;Viet Nam  - 9856GFT8&quot;,&quot;true&quot;,null)" fullname="Join.Form.Customer.Selenium.Features._08_ActivateSummaryFeature.ACTSUM_08_VerifyConfirmation_AdditionalDetails(&quot;NZTaxResident and high risk country CoFTR and tax 30%&quot;,&quot;Streamline intro,ASB Visa Debit Streamline Intro&quot;,&quot;Yes&quot;,&quot;30%&quot;,&quot;49-091-850&quot;,&quot;Viet Nam&quot;,&quot;Viet Nam  - 9856GFT8&quot;,&quot;true&quot;,null)" methodname="ACTSUM_08_VerifyConfirmation_AdditionalDetails" classname="Join.Form.Customer.Selenium.Features._08_ActivateSummaryFeature" runstate="Runnable" seed="829545505" result="Passed" start-time="2017-11-14 14:03:42Z" end-time="2017-11-14 14:05:32Z" duration="110.217226" asserts="42">
                    <properties>
                      <property name="Category" value="032017" />
                      <property name="Category" value="crs" />
                    </properties>
                    <output><![CDATA[Given I start my Streamline application
Navigating to URL: https://webappisamdev.asbbank.co.nz/public/join/asb/max?grcDisabled=true&fncJunction=fnc104
-> done: CommonSteps.GivenIStartMyStreamlineApplication() (0.8s)
Given I select the following products: 'Streamline intro,ASB Visa Debit Streamline Intro'
11/15/2017 3:03:54 AMWaitForFeaturesPageLoad: Executing WaitForFrameAndSwitch
11/15/2017 3:03:54 AMWaitForFeaturesPageLoad: Done executing WaitForFrameAndSwitch
Unable to find product 'FastSaver' in page or product 'FastSaver' is not selected
Unable to find product 'Savings On Call' in page or product 'Savings On Call' is not selected
Unable to find product 'Savings On Call' in page or product 'Savings On Call' is not selected
Unable to find product 'FastSaver' in page or product 'FastSaver' is not selected
-> done: ProductsPageSteps.WhenIChangeMySelectedProductsTo("Streamline intro,...") (15.3s)
And I enter all required details in the Personal details page and clicks on Next button:
  --- table step argument ---
  | Title | FirstName  | MiddleName | LastName | DateOfBirth | Email             | MobileNumber | CountriesCitizenship | PreferredIdType |
  | Miss  | Automation | ass     | FYICOB   | ass      | cob2016@asb.co.nz | 021-ass   | Viet Nam             | Other           |
-> done: PersonalDetailsSteps.WhenIEnterAllRequiredDetailsForPersonalDetailsPage(<table>) (19.7s)
And I select 'Yes' in the Are you a New Zealand tax resident question
-> done: AdditionalPersonalDetailsSteps.WhenISelectInTheAreYouANewZealandTaxResidentQuestion("Yes") (0.2s)
And I select '30%' in the Resident Withholding Tax Rate dropdown
-> done: AdditionalPersonalDetailsSteps.WhenISelectInTheResidentWithholdingTaxRateDropdown("30%") (0.2s)
And I enter non resident country and date for a non NZ tax resident
-> done: AdditionalPersonalDetailsSteps.WhenIEnterNonResidentCountryAndDateForANonNZTaxResident() (0.0s)
And I enter additional information with Profile Complete flag '49-091-850', 'Viet Nam', 'Viet Nam  - 9856GFT8', 'true'
-> done: AdditionalPersonalDetailsSteps.GivenIEnterAdditionalInformationWithProfileCompleteFlag("49-091-850", "Viet Nam", "Viet Nam  - 9856GFT8", "true") (2.9s)
And I click on 'Next' button
-> done: CommonSteps.WhenIClickOnButton("Next") (0.2s)
And I enter 'Kiwi77nz' password and 'MyCode01' ass password in the ASB Login page and clicks on Next button
-> done: ASBLoginPageSteps.WhenIEnterPasswordAndassPasswordInTheASBLoginPageAndClicksOnNextButton("Kiwi77nz", "MyCode01") (1.7s)
When I confirm details on the Summary page
UniqueId: 
Title: Miss
FirstName: Automation
MiddleName: COB-mFWpf
LastName: FYICOB
Email: cob2016@asb.co.nz
Gender: 
DateOfBirth: 5/11/1949 12:00:00 AM
DateCreated: 
LastReviewDate: 
Cals: 
IsIndividual: 
NzCitizen: 
NzResidence: 
HighValueCustomer: 
StaffMember: 
AmlVerified: 
VipCustomer: 
Addresses: System.Collections.Generic.List`1[ASB.Selenium.DataModel.Customer.Address]
AddressInformation: ASB.Selenium.DataModel.Customer.AddressInformation
CompanyName: 
CompanyType: 
CompanySubType: 
CustomerTypeCode: 
IrdNumber: 49-091-850
TaxClass: 30%
TaxClassDate: 
IsNzTaxResident: True
NonResidentCountryCode: 
IsForeignTaxResident: True
ForeignTaxResidencyStatus: 
IsProfileEnhanced: 
Phones: System.Collections.Generic.List`1[ASB.Selenium.DataModel.Customer.Phone]
NextOfKin: 
EmploymentDetails: 
LinkedCustomers: 
AccountRelationships: 
IdType: 
Fatca: ASB.Selenium.DataModel.Customer.Fatca
CitizenshipCountryCodes: 
CitizenshipCountryNames: System.Collections.Generic.List`1[System.String]
ForeignTaxResidenceTypes: System.Collections.Generic.List`1[ASB.Selenium.DataModel.Customer.ForeignTaxResidenceTypes]
OnboardingDetail: ASB.Selenium.DataModel.Customer.OnboardingDetail
AddressVerificationStatus: 
IdVerificationStatus: 
PreferredIdType: Other
IsProfileComplete: True
DaysRemaining: 0
OnboardingStatus: 
NewAccounts: System.Collections.Generic.List`1[ASB.Selenium.DataModel.Customer.Accounts]
FailedAccounts: System.Collections.Generic.List`1[ASB.Selenium.DataModel.Customer.Accounts]
OnboardingSource: JoinASB
CustomerCreated: 
LoginCreated: 
RegisteredForNetcode: 
AccountsCreated: 
CustomerAccessToken: 
VerificationPassword: MyCode01
LoginDetail: ASB.Selenium.DataModel.Customer.Login
CustomerType: 
Cif: 
Username: afyi31059
UsernameApi: 
Password: Kiwi77nz
PublicKey: 
AcceptedTermsAndConditions: 
BackgroundCheckConsent: 
PreferredIdType: 
-> done: SummaryPageSteps.WhenIConfirmDetailsOnTheSummaryPage() (3.6s)
Then the Logging you in progress page is displayed
-> done: ConfirmationPageSteps.ThenTheLoggingYouInProgressPageIsDisplayed() (22.7s)
And the Activation page is displayed
11/15/2017 3:04:52 AMThenTheActivationPageIsDisplayed: IsActivationPageDisplayed STARTED
11/15/2017 3:04:52 AMThenTheActivationPageIsDisplayed: IsActivationPageDisplayed DONE
11/15/2017 3:04:52 AMThenTheActivationPageIsDisplayed: IsSectionDisplayed STARTED
11/15/2017 3:04:54 AMThenTheActivationPageIsDisplayed: IsSectionDisplayed DONE
-> done: ActivationSummarySteps.ThenTheActivationPageIsDisplayed() (6.9s)
And the account number and product name is displayed for the selected products
==> Successfully created: Streamline transaction account:
12-3629-0372825-00
==> Successfully created: ASB Visa Debit card:
Issued for delivery within a week
-> done: ActivationSummarySteps.ThenTheAccountNumberAndProductNameIsDisplayedForTheSelectedProducts() (27.3s)
And the 'Activate your account' section is displayed
-> done: ActivationSummarySteps.ThenTheSectionIsDisplayed("Activate your acc...") (0.0s)
And the Activate your account header is displayed
-> done: ActivationSummarySteps.ThenTheActivateYourAccountHeaderIsDisplayed() (0.0s)
And the Profile Details section is displayed
*** Verifying section for non-Profile Enhanced customer ***
*** Verifying section for Profile Complete customer ***
-> done: ActivationSummarySteps.ThenTheProfileDetailsSectionIsDisplayed() (1.2s)
And the Proof of Address section is displayed
*** Verifying section for non-Address Verified customer ***
*** Verifying section for non-Address Verified customer ***
-> done: ActivationSummarySteps.ThenTheProofOfAddressSectionIsDisplayed() (0.3s)
And the Confirm Identity section is displayed
*** Verifying section for non-ID Verified customer ***
*** Verifying section for customer with Preferred ID = 'Other' ***
*** Verifying EIDV-Switched OFF Confirm Identity section for customer with Preferred ID: Other
-> done: ActivationSummarySteps.ThenTheConfirmIdentitySectionIsDisplayed() (0.6s)
And the See a complete list of acceptable documents text is displayed conditionally
Verifying acceptable documents link should be displayed
Clicking on link: acceptable documents
-> done: ActivationSummarySteps.ThenTheSeeACompleteListOfAcceptableDocumentsTextIsDisplayedConditionally() (1.4s)
And the Find a branch button is displayed conditionally
Verifying Find a branch button should be displayed
-> done: ActivationSummarySteps.ThenTheFindABranchButtonOpensInANewWindow() (3.7s)
]]></output>
                  </test-case>
                  <test-case id="0-1071" name="ACTSUM_08_VerifyConfirmation_AdditionalDetails(&quot;NZTaxResident and NZ Citizen and high risk COFTR and blank&quot;,&quot;Streamline intro,ASB Visa Debit Streamline Intro&quot;,&quot;Yes&quot;,&quot;Skip&quot;,&quot;Skip&quot;,&quot;New Zealand&quot;,&quot;Viet Nam  - 9856GFT8&quot;,&quot;true&quot;,null)" fullname="Join.Form.Customer.Selenium.Features._08_ActivateSummaryFeature.ACTSUM_08_VerifyConfirmation_AdditionalDetails(&quot;NZTaxResident and NZ Citizen and high risk COFTR and blank&quot;,&quot;Streamline intro,ASB Visa Debit Streamline Intro&quot;,&quot;Yes&quot;,&quot;Skip&quot;,&quot;Skip&quot;,&quot;New Zealand&quot;,&quot;Viet Nam  - 9856GFT8&quot;,&quot;true&quot;,null)" methodname="ACTSUM_08_VerifyConfirmation_AdditionalDetails" classname="Join.Form.Customer.Selenium.Features._08_ActivateSummaryFeature" runstate="Runnable" seed="830854943" result="Passed" start-time="2017-11-14 14:05:32Z" end-time="2017-11-14 14:07:45Z" duration="133.058466" asserts="42">
                    <properties>
                      <property name="Category" value="032017" />
                      <property name="Category" value="crs" />
                    </properties>
                    <output><![CDATA[Given I start my Streamline application
Navigating to URL: https://webappisamdev.asbbank.co.nz/public/join/asb/max?grcDisabled=true&fncJunction=fnc104
-> done: CommonSteps.GivenIStartMyStreamlineApplication() (0.9s)
Given I select the following products: 'Streamline intro,ASB Visa Debit Streamline Intro'
11/15/2017 3:05:44 AMWaitForFeaturesPageLoad: Executing WaitForFrameAndSwitch
11/15/2017 3:05:44 AMWaitForFeaturesPageLoad: Done executing WaitForFrameAndSwitch
Unable to find product 'FastSaver' in page or product 'FastSaver' is not selected
Unable to find product 'Savings On Call' in page or product 'Savings On Call' is not selected
Unable to find product 'Savings On Call' in page or product 'Savings On Call' is not selected
Unable to find product 'FastSaver' in page or product 'FastSaver' is not selected
-> done: ProductsPageSteps.WhenIChangeMySelectedProductsTo("Streamline intro,...") (15.6s)
And I enter all required details in the Personal details page and clicks on Next button:
  --- table step argument ---
  | Title | FirstName  | MiddleName | LastName | DateOfBirth | Email             | MobileNumber | CountriesCitizenship | PreferredIdType |
  | Miss  | Automation | ass     | FYICOB   | ass      | cob2016@asb.co.nz | 021-ass   | New Zealand          | Other           |
-> done: PersonalDetailsSteps.WhenIEnterAllRequiredDetailsForPersonalDetailsPage(<table>) (21.5s)
And I select 'Yes' in the Are you a New Zealand tax resident question
-> done: AdditionalPersonalDetailsSteps.WhenISelectInTheAreYouANewZealandTaxResidentQuestion("Yes") (0.2s)
And I select 'Skip' in the Resident Withholding Tax Rate dropdown
-> done: AdditionalPersonalDetailsSteps.WhenISelectInTheResidentWithholdingTaxRateDropdown("Skip") (0.0s)
And I enter non resident country and date for a non NZ tax resident
-> done: AdditionalPersonalDetailsSteps.WhenIEnterNonResidentCountryAndDateForANonNZTaxResident() (0.0s)
And I enter additional information with Profile Complete flag 'Skip', 'New Zealand', 'Viet Nam  - 9856GFT8', 'true'
-> done: AdditionalPersonalDetailsSteps.GivenIEnterAdditionalInformationWithProfileCompleteFlag("Skip", "New Zealand", "Viet Nam  - 9856GFT8", "true") (5.0s)
And I click on 'Next' button
-> done: CommonSteps.WhenIClickOnButton("Next") (0.2s)
And I enter 'Kiwi77nz' password and 'MyCode01' ass password in the ASB Login page and clicks on Next button
-> done: ASBLoginPageSteps.WhenIEnterPasswordAndassPasswordInTheASBLoginPageAndClicksOnNextButton("Kiwi77nz", "MyCode01") (2.0s)
When I confirm details on the Summary page
UniqueId: 
Title: Miss
FirstName: Automation
MiddleName: COB-oRtgb
LastName: FYICOB
Email: cob2016@asb.co.nz
Gender: 
DateOfBirth: 1/12/1925 12:00:00 AM
DateCreated: 
LastReviewDate: 
Cals: 
IsIndividual: 
NzCitizen: 
NzResidence: 
HighValueCustomer: 
StaffMember: 
AmlVerified: 
VipCustomer: 
Addresses: System.Collections.Generic.List`1[ASB.Selenium.DataModel.Customer.Address]
AddressInformation: ASB.Selenium.DataModel.Customer.AddressInformation
CompanyName: 
CompanyType: 
CompanySubType: 
CustomerTypeCode: 
IrdNumber: 
TaxClass: 33%
TaxClassDate: 
IsNzTaxResident: True
NonResidentCountryCode: 
IsForeignTaxResident: True
ForeignTaxResidencyStatus: 
IsProfileEnhanced: 
Phones: System.Collections.Generic.List`1[ASB.Selenium.DataModel.Customer.Phone]
NextOfKin: 
EmploymentDetails: 
LinkedCustomers: 
AccountRelationships: 
IdType: 
Fatca: ASB.Selenium.DataModel.Customer.Fatca
CitizenshipCountryCodes: 
CitizenshipCountryNames: System.Collections.Generic.List`1[System.String]
ForeignTaxResidenceTypes: System.Collections.Generic.List`1[ASB.Selenium.DataModel.Customer.ForeignTaxResidenceTypes]
OnboardingDetail: ASB.Selenium.DataModel.Customer.OnboardingDetail
AddressVerificationStatus: 
IdVerificationStatus: 
PreferredIdType: Other
IsProfileComplete: True
DaysRemaining: 0
OnboardingStatus: 
NewAccounts: System.Collections.Generic.List`1[ASB.Selenium.DataModel.Customer.Accounts]
FailedAccounts: System.Collections.Generic.List`1[ASB.Selenium.DataModel.Customer.Accounts]
OnboardingSource: JoinASB
CustomerCreated: 
LoginCreated: 
RegisteredForNetcode: 
AccountsCreated: 
CustomerAccessToken: 
VerificationPassword: MyCode01
LoginDetail: ASB.Selenium.DataModel.Customer.Login
CustomerType: 
Cif: 
Username: afyi04295
UsernameApi: 
Password: Kiwi77nz
PublicKey: 
AcceptedTermsAndConditions: 
BackgroundCheckConsent: 
PreferredIdType: 
-> done: SummaryPageSteps.WhenIConfirmDetailsOnTheSummaryPage() (3.1s)
Then the Logging you in progress page is displayed
-> done: ConfirmationPageSteps.ThenTheLoggingYouInProgressPageIsDisplayed() (33.4s)
And the Activation page is displayed
11/15/2017 3:06:57 AMThenTheActivationPageIsDisplayed: IsActivationPageDisplayed STARTED
11/15/2017 3:06:57 AMThenTheActivationPageIsDisplayed: IsActivationPageDisplayed DONE
11/15/2017 3:06:57 AMThenTheActivationPageIsDisplayed: IsSectionDisplayed STARTED
11/15/2017 3:07:02 AMThenTheActivationPageIsDisplayed: IsSectionDisplayed DONE
-> done: ActivationSummarySteps.ThenTheActivationPageIsDisplayed() (9.5s)
And the account number and product name is displayed for the selected products
==> Successfully created: Streamline transaction account:
12-3629-0372833-00
==> Successfully created: ASB Visa Debit card:
Issued for delivery within a week
-> done: ActivationSummarySteps.ThenTheAccountNumberAndProductNameIsDisplayedForTheSelectedProducts() (28.8s)
And the 'Activate your account' section is displayed
-> done: ActivationSummarySteps.ThenTheSectionIsDisplayed("Activate your acc...") (0.0s)
And the Activate your account header is displayed
-> done: ActivationSummarySteps.ThenTheActivateYourAccountHeaderIsDisplayed() (0.0s)
And the Profile Details section is displayed
*** Verifying section for non-Profile Enhanced customer ***
*** Verifying section for Profile Complete customer ***
-> done: ActivationSummarySteps.ThenTheProfileDetailsSectionIsDisplayed() (1.3s)
And the Proof of Address section is displayed
*** Verifying section for non-Address Verified customer ***
*** Verifying section for non-Address Verified customer ***
-> done: ActivationSummarySteps.ThenTheProofOfAddressSectionIsDisplayed() (1.0s)
And the Confirm Identity section is displayed
*** Verifying section for non-ID Verified customer ***
*** Verifying section for customer with Preferred ID = 'Other' ***
*** Verifying EIDV-Switched OFF Confirm Identity section for customer with Preferred ID: Other
-> done: ActivationSummarySteps.ThenTheConfirmIdentitySectionIsDisplayed() (0.8s)
And the See a complete list of acceptable documents text is displayed conditionally
Verifying acceptable documents link should be displayed
Clicking on link: acceptable documents
-> done: ActivationSummarySteps.ThenTheSeeACompleteListOfAcceptableDocumentsTextIsDisplayedConditionally() (2.0s)
And the Find a branch button is displayed conditionally
Verifying Find a branch button should be displayed
-> done: ActivationSummarySteps.ThenTheFindABranchButtonOpensInANewWindow() (4.1s)
]]></output>
                  </test-case>
                  <test-case id="0-1072" name="ACTSUM_08_VerifyConfirmation_AdditionalDetails(&quot;Non NZTaxResident and AU Citizen tax blank and no COFTR TIN&quot;,&quot;Streamline intro,ASB Visa Debit Streamline Intro&quot;,&quot;No&quot;,&quot;Skip&quot;,&quot;Skip&quot;,&quot;Australia&quot;,&quot;India - 12345ABC11&quot;,&quot;true&quot;,null)" fullname="Join.Form.Customer.Selenium.Features._08_ActivateSummaryFeature.ACTSUM_08_VerifyConfirmation_AdditionalDetails(&quot;Non NZTaxResident and AU Citizen tax blank and no COFTR TIN&quot;,&quot;Streamline intro,ASB Visa Debit Streamline Intro&quot;,&quot;No&quot;,&quot;Skip&quot;,&quot;Skip&quot;,&quot;Australia&quot;,&quot;India - 12345ABC11&quot;,&quot;true&quot;,null)" methodname="ACTSUM_08_VerifyConfirmation_AdditionalDetails" classname="Join.Form.Customer.Selenium.Features._08_ActivateSummaryFeature" runstate="Runnable" seed="2042307355" result="Failed" label="Error" start-time="2017-11-14 14:07:45Z" end-time="2017-11-14 14:10:08Z" duration="143.077068" asserts="44">
                    <properties>
                      <property name="Category" value="032017" />
                      <property name="Category" value="crs" />
                    </properties>
                    <failure>
                      <message><![CDATA[
  One or more failures in Multiple assert block:
  1)   Profile Details header doesn't match!
  Expected string length 29 but was 33. Strings differ at index 0.
  Expected: "Complete your profile details"
  But was:  "Your profile details are complete"
  -----------^

  2)   Profile Details status doesn't match!
  Expected string length 25 but was 9. Strings differ at index 0.
  Expected: "TO DO BY 13 DECEMBER 2017"
  But was:  "COMPLETED"
  -----------^

  3)   Visit any ASB branch so we can add extra information to your profile. text not found!
  Expected: True
  But was:  False


TearDown : NUnit.Framework.assertionException :   Verification failures exist. Please check output for details.
  Expected: False
  But was:  True
]]></message>
                      <stack-trace><![CDATA[--TearDown
   at NUnit.Framework.assert.ReportFailure(String message)
   at NUnit.Framework.assert.That[TActual](TActual actual, IResolveConstraint expression, String message, Object[] args)
   at ASB.Test.Automation.Verify.Verify.FailTest()
   at Join.Form.Customer.Selenium.WebDriverSupport.CheckForFailures()
   at Join.Form.Customer.Selenium.WebDriverSupport.DestroyDriver()
   at TechTalk.SpecFlow.Bindings.BindingInvoker.InvokeBinding(IBinding binding, IContextManager contextManager, Object[] arguments, ITestTracer testTracer, TimeSpan& duration)
   at TechTalk.SpecFlow.Infrastructure.TestExecutionEngine.FireEvents(HookType bindingEvent)
   at TechTalk.SpecFlow.Infrastructure.TestExecutionEngine.OnScenarioEnd()
   at Join.Form.Customer.Selenium.Features._08_ActivateSummaryFeature.ScenarioTearDown()]]></stack-trace>
                    </failure>
                    <output><![CDATA[Given I start my Streamline application
Navigating to URL: https://webappisamdev.asbbank.co.nz/public/join/asb/max?grcDisabled=true&fncJunction=fnc104
-> done: CommonSteps.GivenIStartMyStreamlineApplication() (1.5s)
Given I select the following products: 'Streamline intro,ASB Visa Debit Streamline Intro'
11/15/2017 3:07:58 AMWaitForFeaturesPageLoad: Executing WaitForFrameAndSwitch
11/15/2017 3:07:58 AMWaitForFeaturesPageLoad: Done executing WaitForFrameAndSwitch
Unable to find product 'FastSaver' in page or product 'FastSaver' is not selected
Unable to find product 'Savings On Call' in page or product 'Savings On Call' is not selected
Unable to find product 'Savings On Call' in page or product 'Savings On Call' is not selected
Unable to find product 'FastSaver' in page or product 'FastSaver' is not selected
-> done: ProductsPageSteps.WhenIChangeMySelectedProductsTo("Streamline intro,...") (18.3s)
And I enter all required details in the Personal details page and clicks on Next button:
  --- table step argument ---
  | Title | FirstName  | MiddleName | LastName | DateOfBirth | Email             | MobileNumber | CountriesCitizenship | PreferredIdType |
  | Miss  | Automation | ass     | FYICOB   | ass      | cob2016@asb.co.nz | 021-ass   | Australia            | Other           |
-> done: PersonalDetailsSteps.WhenIEnterAllRequiredDetailsForPersonalDetailsPage(<table>) (25.8s)
And I select 'No' in the Are you a New Zealand tax resident question
-> done: AdditionalPersonalDetailsSteps.WhenISelectInTheAreYouANewZealandTaxResidentQuestion("No") (0.9s)
And I select 'Skip' in the Resident Withholding Tax Rate dropdown
-> done: AdditionalPersonalDetailsSteps.WhenISelectInTheResidentWithholdingTaxRateDropdown("Skip") (0.0s)
And I enter non resident country and date for a non NZ tax resident
-> done: AdditionalPersonalDetailsSteps.WhenIEnterNonResidentCountryAndDateForANonNZTaxResident() (4.4s)
And I enter additional information with Profile Complete flag 'Skip', 'Australia', 'India - 12345ABC11', 'true'
-> done: AdditionalPersonalDetailsSteps.GivenIEnterAdditionalInformationWithProfileCompleteFlag("Skip", "Australia", "India - 12345ABC11", "true") (2.2s)
And I click on 'Next' button
-> done: CommonSteps.WhenIClickOnButton("Next") (0.1s)
And I enter 'Kiwi77nz' password and 'MyCode01' ass password in the ASB Login page and clicks on Next button
-> done: ASBLoginPageSteps.WhenIEnterPasswordAndassPasswordInTheASBLoginPageAndClicksOnNextButton("Kiwi77nz", "MyCode01") (1.4s)
When I confirm details on the Summary page
UniqueId: 
Title: Miss
FirstName: Automation
MiddleName: COB-yDkIU
LastName: FYICOB
Email: cob2016@asb.co.nz
Gender: 
DateOfBirth: 7/24/1939 12:00:00 AM
DateCreated: 
LastReviewDate: 
Cals: 
IsIndividual: 
NzCitizen: 
NzResidence: 
HighValueCustomer: 
StaffMember: 
AmlVerified: 
VipCustomer: 
Addresses: System.Collections.Generic.List`1[ASB.Selenium.DataModel.Customer.Address]
AddressInformation: ASB.Selenium.DataModel.Customer.AddressInformation
CompanyName: 
CompanyType: 
CompanySubType: 
CustomerTypeCode: 
IrdNumber: 
TaxClass: 33%
TaxClassDate: 7/24/1955 12:00:00 AM
IsNzTaxResident: False
NonResidentCountryCode: 
IsForeignTaxResident: True
ForeignTaxResidencyStatus: 
IsProfileEnhanced: True
Phones: System.Collections.Generic.List`1[ASB.Selenium.DataModel.Customer.Phone]
NextOfKin: 
EmploymentDetails: 
LinkedCustomers: 
AccountRelationships: 
IdType: 
Fatca: ASB.Selenium.DataModel.Customer.Fatca
CitizenshipCountryCodes: 
CitizenshipCountryNames: System.Collections.Generic.List`1[System.String]
ForeignTaxResidenceTypes: System.Collections.Generic.List`1[ASB.Selenium.DataModel.Customer.ForeignTaxResidenceTypes]
OnboardingDetail: ASB.Selenium.DataModel.Customer.OnboardingDetail
AddressVerificationStatus: 
IdVerificationStatus: 
PreferredIdType: Other
IsProfileComplete: True
DaysRemaining: 0
OnboardingStatus: 
NewAccounts: System.Collections.Generic.List`1[ASB.Selenium.DataModel.Customer.Accounts]
FailedAccounts: System.Collections.Generic.List`1[ASB.Selenium.DataModel.Customer.Accounts]
OnboardingSource: JoinASB
CustomerCreated: 
LoginCreated: 
RegisteredForNetcode: 
AccountsCreated: 
CustomerAccessToken: 
VerificationPassword: MyCode01
LoginDetail: ASB.Selenium.DataModel.Customer.Login
CustomerType: 
Cif: 
Username: afyi53224
UsernameApi: 
Password: Kiwi77nz
PublicKey: 
AcceptedTermsAndConditions: 
BackgroundCheckConsent: 
PreferredIdType: 
-> done: SummaryPageSteps.WhenIConfirmDetailsOnTheSummaryPage() (3.6s)
Then the Logging you in progress page is displayed
-> done: ConfirmationPageSteps.ThenTheLoggingYouInProgressPageIsDisplayed() (18.4s)
And the Activation page is displayed
11/15/2017 3:09:05 AMThenTheActivationPageIsDisplayed: IsActivationPageDisplayed STARTED
11/15/2017 3:09:05 AMThenTheActivationPageIsDisplayed: IsActivationPageDisplayed DONE
11/15/2017 3:09:05 AMThenTheActivationPageIsDisplayed: IsSectionDisplayed STARTED
11/15/2017 3:09:08 AMThenTheActivationPageIsDisplayed: IsSectionDisplayed DONE
-> done: ActivationSummarySteps.ThenTheActivationPageIsDisplayed() (9.0s)
And the account number and product name is displayed for the selected products
==> Successfully created: Streamline transaction account:
12-3629-0372841-00
==> Successfully created: ASB Visa Debit card:
Issued for delivery within a week
-> done: ActivationSummarySteps.ThenTheAccountNumberAndProductNameIsDisplayedForTheSelectedProducts() (36.9s)
And the 'Activate your account' section is displayed
-> done: ActivationSummarySteps.ThenTheSectionIsDisplayed("Activate your acc...") (0.4s)
And the Activate your account header is displayed
-> done: ActivationSummarySteps.ThenTheActivateYourAccountHeaderIsDisplayed() (0.3s)
And the Profile Details section is displayed
*** Verifying section for Profile Enhanced customer ***
Failed reason: Profile Details header doesn't match!
Failed reason: Profile Details status doesn't match!
Failed reason: Visit any ASB branch so we can add extra information to your profile. text not found!
-> done: ActivationSummarySteps.ThenTheProfileDetailsSectionIsDisplayed() (2.0s)
And the Proof of Address section is displayed
*** Verifying section for non-Address Verified customer ***
*** Verifying section for non-Address Verified customer ***
-> done: ActivationSummarySteps.ThenTheProofOfAddressSectionIsDisplayed() (1.9s)
And the Confirm Identity section is displayed
*** Verifying section for non-ID Verified customer ***
*** Verifying section for customer with Preferred ID = 'Other' ***
*** Verifying EIDV-Switched OFF Confirm Identity section for customer with Preferred ID: Other
-> done: ActivationSummarySteps.ThenTheConfirmIdentitySectionIsDisplayed() (3.2s)
And the See a complete list of acceptable documents text is displayed conditionally
Verifying acceptable documents link should be displayed
Clicking on link: acceptable documents
-> done: ActivationSummarySteps.ThenTheSeeACompleteListOfAcceptableDocumentsTextIsDisplayedConditionally() (3.5s)
And the Find a branch button is displayed conditionally
Verifying Find a branch button should be displayed
-> done: ActivationSummarySteps.ThenTheFindABranchButtonOpensInANewWindow() (5.4s)
  Profile Details header doesn't match!
  Expected string length 29 but was 33. Strings differ at index 0.
  Expected: "Complete your profile details"
  But was:  "Your profile details are complete"
  -----------^

  Profile Details status doesn't match!
  Expected string length 25 but was 9. Strings differ at index 0.
  Expected: "TO DO BY 13 DECEMBER 2017"
  But was:  "COMPLETED"
  -----------^

  Visit any ASB branch so we can add extra information to your profile. text not found!
  Expected: True
  But was:  False

]]></output>
                    <assertions>
                      <assertion result="Failed">
                        <message><![CDATA[  Profile Details header doesn't match!
  Expected string length 29 but was 33. Strings differ at index 0.
  Expected: "Complete your profile details"
  But was:  "Your profile details are complete"
  -----------^
]]></message>
                        <stack-trace><![CDATA[at ASB.Test.Automation.Verify.Verify.AreEqual(String expected, String actual, String message)
at Selenium.Steps.COB.ActivationSummary.ActivationSummarySteps.ThenTheProfileDetailsSectionIsDisplayedForProfileEnhancedUser()
at Selenium.Steps.COB.ActivationSummary.ActivationSummarySteps.ThenTheProfileDetailsSectionIsDisplayed()
]]></stack-trace>
                      </assertion>
                      <assertion result="Failed">
                        <message><![CDATA[  Profile Details status doesn't match!
  Expected string length 25 but was 9. Strings differ at index 0.
  Expected: "TO DO BY 13 DECEMBER 2017"
  But was:  "COMPLETED"
  -----------^
]]></message>
                        <stack-trace><![CDATA[at ASB.Test.Automation.Verify.Verify.AreEqual(String expected, String actual, String message)
at Selenium.Steps.COB.ActivationSummary.ActivationSummarySteps.ThenTheProfileDetailsSectionIsDisplayedForProfileEnhancedUser()
at Selenium.Steps.COB.ActivationSummary.ActivationSummarySteps.ThenTheProfileDetailsSectionIsDisplayed()
]]></stack-trace>
                      </assertion>
                      <assertion result="Failed">
                        <message><![CDATA[  Visit any ASB branch so we can add extra information to your profile. text not found!
  Expected: True
  But was:  False
]]></message>
                        <stack-trace><![CDATA[at ASB.Test.Automation.Verify.Verify.Contains(String parent, String child, String message)
at Selenium.Steps.COB.ActivationSummary.ActivationSummarySteps.ThenTheProfileDetailsSectionIsDisplayedForProfileEnhancedUser()
at Selenium.Steps.COB.ActivationSummary.ActivationSummarySteps.ThenTheProfileDetailsSectionIsDisplayed()
]]></stack-trace>
                      </assertion>
                      <assertion result="Failed">
                        <message><![CDATA[  Verification failures exist. Please check output for details.
  Expected: False
  But was:  True
]]></message>
                        <stack-trace><![CDATA[at ASB.Test.Automation.Verify.Verify.FailTest()
at Join.Form.Customer.Selenium.WebDriverSupport.CheckForFailures()
at Join.Form.Customer.Selenium.WebDriverSupport.DestroyDriver()
]]></stack-trace>
                      </assertion>
                    </assertions>
                  </test-case>
                  <test-case id="0-1073" name="ACTSUM_08_VerifyConfirmation_AdditionalDetails(&quot;Non NZTaxResident and AU Citizen tax blank and TIN CoFTR&quot;,&quot;Streamline intro,ASB Visa Debit Streamline Intro&quot;,&quot;No&quot;,&quot;Skip&quot;,&quot;Skip&quot;,&quot;Australia&quot;,&quot;Australia - 9856GFT8&quot;,&quot;true&quot;,null)" fullname="Join.Form.Customer.Selenium.Features._08_ActivateSummaryFeature.ACTSUM_08_VerifyConfirmation_AdditionalDetails(&quot;Non NZTaxResident and AU Citizen tax blank and TIN CoFTR&quot;,&quot;Streamline intro,ASB Visa Debit Streamline Intro&quot;,&quot;No&quot;,&quot;Skip&quot;,&quot;Skip&quot;,&quot;Australia&quot;,&quot;Australia - 9856GFT8&quot;,&quot;true&quot;,null)" methodname="ACTSUM_08_VerifyConfirmation_AdditionalDetails" classname="Join.Form.Customer.Selenium.Features._08_ActivateSummaryFeature" runstate="Runnable" seed="1871793047" result="Passed" start-time="2017-11-14 14:10:08Z" end-time="2017-11-14 14:12:52Z" duration="162.947324" asserts="42">
                    <properties>
                      <property name="Category" value="032017" />
                      <property name="Category" value="crs" />
                    </properties>
                    <output><![CDATA[-> warning: The previous ScenarioContext was not disposed.
Given I start my Streamline application
Navigating to URL: https://webappisamdev.asbbank.co.nz/public/join/asb/max?grcDisabled=true&fncJunction=fnc104
-> done: CommonSteps.GivenIStartMyStreamlineApplication() (2.3s)
Given I select the following products: 'Streamline intro,ASB Visa Debit Streamline Intro'
11/15/2017 3:10:22 AMWaitForFeaturesPageLoad: Executing WaitForFrameAndSwitch
11/15/2017 3:10:23 AMWaitForFeaturesPageLoad: Done executing WaitForFrameAndSwitch
Unable to find product 'FastSaver' in page or product 'FastSaver' is not selected
Unable to find product 'Savings On Call' in page or product 'Savings On Call' is not selected
Unable to find product 'Savings On Call' in page or product 'Savings On Call' is not selected
Unable to find product 'FastSaver' in page or product 'FastSaver' is not selected
-> done: ProductsPageSteps.WhenIChangeMySelectedProductsTo("Streamline intro,...") (17.7s)
And I enter all required details in the Personal details page and clicks on Next button:
  --- table step argument ---
  | Title | FirstName  | MiddleName | LastName | DateOfBirth | Email             | MobileNumber | CountriesCitizenship | PreferredIdType |
  | Miss  | Automation | ass     | FYICOB   | ass      | cob2016@asb.co.nz | 021-ass   | Australia            | Other           |
-> done: PersonalDetailsSteps.WhenIEnterAllRequiredDetailsForPersonalDetailsPage(<table>) (44.9s)
And I select 'No' in the Are you a New Zealand tax resident question
-> done: AdditionalPersonalDetailsSteps.WhenISelectInTheAreYouANewZealandTaxResidentQuestion("No") (0.3s)
And I select 'Skip' in the Resident Withholding Tax Rate dropdown
-> done: AdditionalPersonalDetailsSteps.WhenISelectInTheResidentWithholdingTaxRateDropdown("Skip") (0.0s)
And I enter non resident country and date for a non NZ tax resident
-> done: AdditionalPersonalDetailsSteps.WhenIEnterNonResidentCountryAndDateForANonNZTaxResident() (2.6s)
And I enter additional information with Profile Complete flag 'Skip', 'Australia', 'Australia - 9856GFT8', 'true'
-> done: AdditionalPersonalDetailsSteps.GivenIEnterAdditionalInformationWithProfileCompleteFlag("Skip", "Australia", "Australia - 9856GFT8", "true") (2.3s)
And I click on 'Next' button
-> done: CommonSteps.WhenIClickOnButton("Next") (0.5s)
And I enter 'Kiwi77nz' password and 'MyCode01' ass password in the ASB Login page and clicks on Next button
-> done: ASBLoginPageSteps.WhenIEnterPasswordAndassPasswordInTheASBLoginPageAndClicksOnNextButton("Kiwi77nz", "MyCode01") (3.4s)
When I confirm details on the Summary page
UniqueId: 
Title: Miss
FirstName: Automation
MiddleName: COB-BHQuf
LastName: FYICOB
Email: cob2016@asb.co.nz
Gender: 
DateOfBirth: 7/21/1945 12:00:00 AM
DateCreated: 
LastReviewDate: 
Cals: 
IsIndividual: 
NzCitizen: 
NzResidence: 
HighValueCustomer: 
StaffMember: 
AmlVerified: 
VipCustomer: 
Addresses: System.Collections.Generic.List`1[ASB.Selenium.DataModel.Customer.Address]
AddressInformation: ASB.Selenium.DataModel.Customer.AddressInformation
CompanyName: 
CompanyType: 
CompanySubType: 
CustomerTypeCode: 
IrdNumber: 
TaxClass: 33%
TaxClassDate: 7/21/1961 12:00:00 AM
IsNzTaxResident: False
NonResidentCountryCode: 
IsForeignTaxResident: True
ForeignTaxResidencyStatus: 
IsProfileEnhanced: False
Phones: System.Collections.Generic.List`1[ASB.Selenium.DataModel.Customer.Phone]
NextOfKin: 
EmploymentDetails: 
LinkedCustomers: 
AccountRelationships: 
IdType: 
Fatca: ASB.Selenium.DataModel.Customer.Fatca
CitizenshipCountryCodes: 
CitizenshipCountryNames: System.Collections.Generic.List`1[System.String]
ForeignTaxResidenceTypes: System.Collections.Generic.List`1[ASB.Selenium.DataModel.Customer.ForeignTaxResidenceTypes]
OnboardingDetail: ASB.Selenium.DataModel.Customer.OnboardingDetail
AddressVerificationStatus: 
IdVerificationStatus: 
PreferredIdType: Other
IsProfileComplete: True
DaysRemaining: 0
OnboardingStatus: 
NewAccounts: System.Collections.Generic.List`1[ASB.Selenium.DataModel.Customer.Accounts]
FailedAccounts: System.Collections.Generic.List`1[ASB.Selenium.DataModel.Customer.Accounts]
OnboardingSource: JoinASB
CustomerCreated: 
LoginCreated: 
RegisteredForNetcode: 
AccountsCreated: 
CustomerAccessToken: 
VerificationPassword: MyCode01
LoginDetail: ASB.Selenium.DataModel.Customer.Login
CustomerType: 
Cif: 
Username: afyi14129
UsernameApi: 
Password: Kiwi77nz
PublicKey: 
AcceptedTermsAndConditions: 
BackgroundCheckConsent: 
PreferredIdType: 
-> done: SummaryPageSteps.WhenIConfirmDetailsOnTheSummaryPage() (7.0s)
Then the Logging you in progress page is displayed
-> done: ConfirmationPageSteps.ThenTheLoggingYouInProgressPageIsDisplayed() (21.0s)
And the Activation page is displayed
11/15/2017 3:11:55 AMThenTheActivationPageIsDisplayed: IsActivationPageDisplayed STARTED
11/15/2017 3:11:55 AMThenTheActivationPageIsDisplayed: IsActivationPageDisplayed DONE
11/15/2017 3:11:55 AMThenTheActivationPageIsDisplayed: IsSectionDisplayed STARTED
11/15/2017 3:11:57 AMThenTheActivationPageIsDisplayed: IsSectionDisplayed DONE
-> done: ActivationSummarySteps.ThenTheActivationPageIsDisplayed() (8.7s)
And the account number and product name is displayed for the selected products
==> Successfully created: Streamline transaction account:
12-3629-0372868-00
==> Successfully created: ASB Visa Debit card:
Issued for delivery within a week
-> done: ActivationSummarySteps.ThenTheAccountNumberAndProductNameIsDisplayedForTheSelectedProducts() (33.2s)
And the 'Activate your account' section is displayed
-> done: ActivationSummarySteps.ThenTheSectionIsDisplayed("Activate your acc...") (0.1s)
And the Activate your account header is displayed
-> done: ActivationSummarySteps.ThenTheActivateYourAccountHeaderIsDisplayed() (0.1s)
And the Profile Details section is displayed
*** Verifying section for non-Profile Enhanced customer ***
*** Verifying section for Profile Complete customer ***
-> done: ActivationSummarySteps.ThenTheProfileDetailsSectionIsDisplayed() (1.7s)
And the Proof of Address section is displayed
*** Verifying section for non-Address Verified customer ***
*** Verifying section for non-Address Verified customer ***
-> done: ActivationSummarySteps.ThenTheProofOfAddressSectionIsDisplayed() (1.9s)
And the Confirm Identity section is displayed
*** Verifying section for non-ID Verified customer ***
*** Verifying section for customer with Preferred ID = 'Other' ***
*** Verifying EIDV-Switched OFF Confirm Identity section for customer with Preferred ID: Other
-> done: ActivationSummarySteps.ThenTheConfirmIdentitySectionIsDisplayed() (1.7s)
And the See a complete list of acceptable documents text is displayed conditionally
Verifying acceptable documents link should be displayed
Clicking on link: acceptable documents
-> done: ActivationSummarySteps.ThenTheSeeACompleteListOfAcceptableDocumentsTextIsDisplayedConditionally() (4.7s)
And the Find a branch button is displayed conditionally
Verifying Find a branch button should be displayed
-> done: ActivationSummarySteps.ThenTheFindABranchButtonOpensInANewWindow() (5.1s)
]]></output>
                  </test-case>
                  <test-case id="0-1074" name="ACTSUM_08_VerifyConfirmation_AdditionalDetails(&quot;Non NZTaxResident and NZ Citizen tax blank and no COFTR TIN&quot;,&quot;Streamline intro&quot;,&quot;No&quot;,&quot;Skip&quot;,&quot;Skip&quot;,&quot;New Zealand&quot;,&quot;Afghanistan - 12345ABC&quot;,&quot;true&quot;,null)" fullname="Join.Form.Customer.Selenium.Features._08_ActivateSummaryFeature.ACTSUM_08_VerifyConfirmation_AdditionalDetails(&quot;Non NZTaxResident and NZ Citizen tax blank and no COFTR TIN&quot;,&quot;Streamline intro&quot;,&quot;No&quot;,&quot;Skip&quot;,&quot;Skip&quot;,&quot;New Zealand&quot;,&quot;Afghanistan - 12345ABC&quot;,&quot;true&quot;,null)" methodname="ACTSUM_08_VerifyConfirmation_AdditionalDetails" classname="Join.Form.Customer.Selenium.Features._08_ActivateSummaryFeature" runstate="Runnable" seed="2122941818" result="Failed" label="Error" start-time="2017-11-14 14:12:52Z" end-time="2017-11-14 14:15:19Z" duration="147.128439" asserts="43">
                    <properties>
                      <property name="Category" value="032017" />
                      <property name="Category" value="crs" />
                    </properties>
                    <failure>
                      <message><![CDATA[
  One or more failures in Multiple assert block:
  1)   Profile Details header doesn't match!
  Expected string length 29 but was 33. Strings differ at index 0.
  Expected: "Complete your profile details"
  But was:  "Your profile details are complete"
  -----------^

  2)   Profile Details status doesn't match!
  Expected string length 25 but was 9. Strings differ at index 0.
  Expected: "TO DO BY 13 DECEMBER 2017"
  But was:  "COMPLETED"
  -----------^

  3)   Visit any ASB branch so we can add extra information to your profile. text not found!
  Expected: True
  But was:  False


TearDown : NUnit.Framework.assertionException :   Verification failures exist. Please check output for details.
  Expected: False
  But was:  True
]]></message>
                      <stack-trace><![CDATA[--TearDown
   at NUnit.Framework.assert.ReportFailure(String message)
   at NUnit.Framework.assert.That[TActual](TActual actual, IResolveConstraint expression, String message, Object[] args)
   at ASB.Test.Automation.Verify.Verify.FailTest()
   at Join.Form.Customer.Selenium.WebDriverSupport.CheckForFailures()
   at Join.Form.Customer.Selenium.WebDriverSupport.DestroyDriver()
   at TechTalk.SpecFlow.Bindings.BindingInvoker.InvokeBinding(IBinding binding, IContextManager contextManager, Object[] arguments, ITestTracer testTracer, TimeSpan& duration)
   at TechTalk.SpecFlow.Infrastructure.TestExecutionEngine.FireEvents(HookType bindingEvent)
   at TechTalk.SpecFlow.Infrastructure.TestExecutionEngine.OnScenarioEnd()
   at Join.Form.Customer.Selenium.Features._08_ActivateSummaryFeature.ScenarioTearDown()]]></stack-trace>
                    </failure>
                    <output><![CDATA[Given I start my Streamline application
Navigating to URL: https://webappisamdev.asbbank.co.nz/public/join/asb/max?grcDisabled=true&fncJunction=fnc104
-> done: CommonSteps.GivenIStartMyStreamlineApplication() (1.4s)
Given I select the following products: 'Streamline intro'
11/15/2017 3:13:07 AMWaitForFeaturesPageLoad: Executing WaitForFrameAndSwitch
11/15/2017 3:13:07 AMWaitForFeaturesPageLoad: Done executing WaitForFrameAndSwitch
Unable to find product 'FastSaver' in page or product 'FastSaver' is not selected
Unable to find product 'Savings On Call' in page or product 'Savings On Call' is not selected
Unable to find product 'ASB Visa Debit Streamline Intro' in page or product 'ASB Visa Debit Streamline Intro' is not selected
Unable to find product 'Savings On Call' in page or product 'Savings On Call' is not selected
Unable to find product 'FastSaver' in page or product 'FastSaver' is not selected
-> done: ProductsPageSteps.WhenIChangeMySelectedProductsTo("Streamline intro") (18.3s)
And I enter all required details in the Personal details page and clicks on Next button:
  --- table step argument ---
  | Title | FirstName  | MiddleName | LastName | DateOfBirth | Email             | MobileNumber | CountriesCitizenship | PreferredIdType |
  | Miss  | Automation | ass     | FYICOB   | ass      | cob2016@asb.co.nz | 021-ass   | New Zealand          | Other           |
-> done: PersonalDetailsSteps.WhenIEnterAllRequiredDetailsForPersonalDetailsPage(<table>) (39.9s)
And I select 'No' in the Are you a New Zealand tax resident question
-> done: AdditionalPersonalDetailsSteps.WhenISelectInTheAreYouANewZealandTaxResidentQuestion("No") (1.3s)
And I select 'Skip' in the Resident Withholding Tax Rate dropdown
-> done: AdditionalPersonalDetailsSteps.WhenISelectInTheResidentWithholdingTaxRateDropdown("Skip") (0.0s)
And I enter non resident country and date for a non NZ tax resident
-> done: AdditionalPersonalDetailsSteps.WhenIEnterNonResidentCountryAndDateForANonNZTaxResident() (2.5s)
And I enter additional information with Profile Complete flag 'Skip', 'New Zealand', 'Afghanistan - 12345ABC', 'true'
-> done: AdditionalPersonalDetailsSteps.GivenIEnterAdditionalInformationWithProfileCompleteFlag("Skip", "New Zealand", "Afghanistan - 123...", "true") (1.8s)
And I click on 'Next' button
-> done: CommonSteps.WhenIClickOnButton("Next") (0.3s)
And I enter 'Kiwi77nz' password and 'MyCode01' ass password in the ASB Login page and clicks on Next button
-> done: ASBLoginPageSteps.WhenIEnterPasswordAndassPasswordInTheASBLoginPageAndClicksOnNextButton("Kiwi77nz", "MyCode01") (4.8s)
When I confirm details on the Summary page
UniqueId: 
Title: Miss
FirstName: Automation
MiddleName: COB-uEcNS
LastName: FYICOB
Email: cob2016@asb.co.nz
Gender: 
DateOfBirth: 3/5/1953 12:00:00 AM
DateCreated: 
LastReviewDate: 
Cals: 
IsIndividual: 
NzCitizen: 
NzResidence: 
HighValueCustomer: 
StaffMember: 
AmlVerified: 
VipCustomer: 
Addresses: System.Collections.Generic.List`1[ASB.Selenium.DataModel.Customer.Address]
AddressInformation: ASB.Selenium.DataModel.Customer.AddressInformation
CompanyName: 
CompanyType: 
CompanySubType: 
CustomerTypeCode: 
IrdNumber: 
TaxClass: 33%
TaxClassDate: 3/5/1969 12:00:00 AM
IsNzTaxResident: False
NonResidentCountryCode: 
IsForeignTaxResident: True
ForeignTaxResidencyStatus: 
IsProfileEnhanced: True
Phones: System.Collections.Generic.List`1[ASB.Selenium.DataModel.Customer.Phone]
NextOfKin: 
EmploymentDetails: 
LinkedCustomers: 
AccountRelationships: 
IdType: 
Fatca: ASB.Selenium.DataModel.Customer.Fatca
CitizenshipCountryCodes: 
CitizenshipCountryNames: System.Collections.Generic.List`1[System.String]
ForeignTaxResidenceTypes: System.Collections.Generic.List`1[ASB.Selenium.DataModel.Customer.ForeignTaxResidenceTypes]
OnboardingDetail: ASB.Selenium.DataModel.Customer.OnboardingDetail
AddressVerificationStatus: 
IdVerificationStatus: 
PreferredIdType: Other
IsProfileComplete: True
DaysRemaining: 0
OnboardingStatus: 
NewAccounts: System.Collections.Generic.List`1[ASB.Selenium.DataModel.Customer.Accounts]
FailedAccounts: System.Collections.Generic.List`1[ASB.Selenium.DataModel.Customer.Accounts]
OnboardingSource: JoinASB
CustomerCreated: 
LoginCreated: 
RegisteredForNetcode: 
AccountsCreated: 
CustomerAccessToken: 
VerificationPassword: MyCode01
LoginDetail: ASB.Selenium.DataModel.Customer.Login
CustomerType: 
Cif: 
Username: afyi07899
UsernameApi: 
Password: Kiwi77nz
PublicKey: 
AcceptedTermsAndConditions: 
BackgroundCheckConsent: 
PreferredIdType: 
-> done: SummaryPageSteps.WhenIConfirmDetailsOnTheSummaryPage() (3.1s)
Then the Logging you in progress page is displayed
-> done: ConfirmationPageSteps.ThenTheLoggingYouInProgressPageIsDisplayed() (18.6s)
And the Activation page is displayed
11/15/2017 3:14:29 AMThenTheActivationPageIsDisplayed: IsActivationPageDisplayed STARTED
11/15/2017 3:14:30 AMThenTheActivationPageIsDisplayed: IsActivationPageDisplayed DONE
11/15/2017 3:14:30 AMThenTheActivationPageIsDisplayed: IsSectionDisplayed STARTED
11/15/2017 3:14:32 AMThenTheActivationPageIsDisplayed: IsSectionDisplayed DONE
-> done: ActivationSummarySteps.ThenTheActivationPageIsDisplayed() (9.7s)
And the account number and product name is displayed for the selected products
==> Successfully created: Streamline transaction account:
12-3629-0372876-00
-> done: ActivationSummarySteps.ThenTheAccountNumberAndProductNameIsDisplayedForTheSelectedProducts() (29.6s)
And the 'Activate your account' section is displayed
-> done: ActivationSummarySteps.ThenTheSectionIsDisplayed("Activate your acc...") (0.0s)
And the Activate your account header is displayed
-> done: ActivationSummarySteps.ThenTheActivateYourAccountHeaderIsDisplayed() (0.0s)
And the Profile Details section is displayed
*** Verifying section for Profile Enhanced customer ***
Failed reason: Profile Details header doesn't match!
Failed reason: Profile Details status doesn't match!
Failed reason: Visit any ASB branch so we can add extra information to your profile. text not found!
-> done: ActivationSummarySteps.ThenTheProfileDetailsSectionIsDisplayed() (1.4s)
And the Proof of Address section is displayed
*** Verifying section for non-Address Verified customer ***
*** Verifying section for non-Address Verified customer ***
-> done: ActivationSummarySteps.ThenTheProofOfAddressSectionIsDisplayed() (0.3s)
And the Confirm Identity section is displayed
*** Verifying section for non-ID Verified customer ***
*** Verifying section for customer with Preferred ID = 'Other' ***
*** Verifying EIDV-Switched OFF Confirm Identity section for customer with Preferred ID: Other
-> done: ActivationSummarySteps.ThenTheConfirmIdentitySectionIsDisplayed() (2.1s)
And the See a complete list of acceptable documents text is displayed conditionally
Verifying acceptable documents link should be displayed
Clicking on link: acceptable documents
-> done: ActivationSummarySteps.ThenTheSeeACompleteListOfAcceptableDocumentsTextIsDisplayedConditionally() (3.7s)
And the Find a branch button is displayed conditionally
Verifying Find a branch button should be displayed
-> done: ActivationSummarySteps.ThenTheFindABranchButtonOpensInANewWindow() (4.0s)
  Profile Details header doesn't match!
  Expected string length 29 but was 33. Strings differ at index 0.
  Expected: "Complete your profile details"
  But was:  "Your profile details are complete"
  -----------^

  Profile Details status doesn't match!
  Expected string length 25 but was 9. Strings differ at index 0.
  Expected: "TO DO BY 13 DECEMBER 2017"
  But was:  "COMPLETED"
  -----------^

  Visit any ASB branch so we can add extra information to your profile. text not found!
  Expected: True
  But was:  False

]]></output>
                    <assertions>
                      <assertion result="Failed">
                        <message><![CDATA[  Profile Details header doesn't match!
  Expected string length 29 but was 33. Strings differ at index 0.
  Expected: "Complete your profile details"
  But was:  "Your profile details are complete"
  -----------^
]]></message>
                        <stack-trace><![CDATA[at ASB.Test.Automation.Verify.Verify.AreEqual(String expected, String actual, String message)
at Selenium.Steps.COB.ActivationSummary.ActivationSummarySteps.ThenTheProfileDetailsSectionIsDisplayedForProfileEnhancedUser()
at Selenium.Steps.COB.ActivationSummary.ActivationSummarySteps.ThenTheProfileDetailsSectionIsDisplayed()
]]></stack-trace>
                      </assertion>
                      <assertion result="Failed">
                        <message><![CDATA[  Profile Details status doesn't match!
  Expected string length 25 but was 9. Strings differ at index 0.
  Expected: "TO DO BY 13 DECEMBER 2017"
  But was:  "COMPLETED"
  -----------^
]]></message>
                        <stack-trace><![CDATA[at ASB.Test.Automation.Verify.Verify.AreEqual(String expected, String actual, String message)
at Selenium.Steps.COB.ActivationSummary.ActivationSummarySteps.ThenTheProfileDetailsSectionIsDisplayedForProfileEnhancedUser()
at Selenium.Steps.COB.ActivationSummary.ActivationSummarySteps.ThenTheProfileDetailsSectionIsDisplayed()
]]></stack-trace>
                      </assertion>
                      <assertion result="Failed">
                        <message><![CDATA[  Visit any ASB branch so we can add extra information to your profile. text not found!
  Expected: True
  But was:  False
]]></message>
                        <stack-trace><![CDATA[at ASB.Test.Automation.Verify.Verify.Contains(String parent, String child, String message)
at Selenium.Steps.COB.ActivationSummary.ActivationSummarySteps.ThenTheProfileDetailsSectionIsDisplayedForProfileEnhancedUser()
at Selenium.Steps.COB.ActivationSummary.ActivationSummarySteps.ThenTheProfileDetailsSectionIsDisplayed()
]]></stack-trace>
                      </assertion>
                      <assertion result="Failed">
                        <message><![CDATA[  Verification failures exist. Please check output for details.
  Expected: False
  But was:  True
]]></message>
                        <stack-trace><![CDATA[at ASB.Test.Automation.Verify.Verify.FailTest()
at Join.Form.Customer.Selenium.WebDriverSupport.CheckForFailures()
at Join.Form.Customer.Selenium.WebDriverSupport.DestroyDriver()
]]></stack-trace>
                      </assertion>
                    </assertions>
                  </test-case>
                  <test-case id="0-1075" name="ACTSUM_08_VerifyConfirmation_AdditionalDetails(&quot;Non NZTaxResident and AU Citizen tax exempt and no COFTR TIN&quot;,&quot;Streamline intro&quot;,&quot;No&quot;,&quot;Exempt from withholding tax&quot;,&quot;Skip&quot;,&quot;Australia&quot;,&quot;Afghanistan - 12345ABC&quot;,&quot;true&quot;,null)" fullname="Join.Form.Customer.Selenium.Features._08_ActivateSummaryFeature.ACTSUM_08_VerifyConfirmation_AdditionalDetails(&quot;Non NZTaxResident and AU Citizen tax exempt and no COFTR TIN&quot;,&quot;Streamline intro&quot;,&quot;No&quot;,&quot;Exempt from withholding tax&quot;,&quot;Skip&quot;,&quot;Australia&quot;,&quot;Afghanistan - 12345ABC&quot;,&quot;true&quot;,null)" methodname="ACTSUM_08_VerifyConfirmation_AdditionalDetails" classname="Join.Form.Customer.Selenium.Features._08_ActivateSummaryFeature" runstate="Runnable" seed="1324527910" result="Passed" start-time="2017-11-14 14:15:19Z" end-time="2017-11-14 14:17:12Z" duration="112.698215" asserts="42">
                    <properties>
                      <property name="Category" value="032017" />
                      <property name="Category" value="crs" />
                    </properties>
                    <output><![CDATA[-> warning: The previous ScenarioContext was not disposed.
Given I start my Streamline application
Navigating to URL: https://webappisamdev.asbbank.co.nz/public/join/asb/max?grcDisabled=true&fncJunction=fnc104
-> done: CommonSteps.GivenIStartMyStreamlineApplication() (0.9s)
Given I select the following products: 'Streamline intro'
11/15/2017 3:15:31 AMWaitForFeaturesPageLoad: Executing WaitForFrameAndSwitch
11/15/2017 3:15:31 AMWaitForFeaturesPageLoad: Done executing WaitForFrameAndSwitch
Unable to find product 'FastSaver' in page or product 'FastSaver' is not selected
Unable to find product 'Savings On Call' in page or product 'Savings On Call' is not selected
Unable to find product 'ASB Visa Debit Streamline Intro' in page or product 'ASB Visa Debit Streamline Intro' is not selected
Unable to find product 'Savings On Call' in page or product 'Savings On Call' is not selected
Unable to find product 'FastSaver' in page or product 'FastSaver' is not selected
-> done: ProductsPageSteps.WhenIChangeMySelectedProductsTo("Streamline intro") (16.3s)
And I enter all required details in the Personal details page and clicks on Next button:
  --- table step argument ---
  | Title | FirstName  | MiddleName | LastName | DateOfBirth | Email             | MobileNumber | CountriesCitizenship | PreferredIdType |
  | Miss  | Automation | ass     | FYICOB   | ass      | cob2016@asb.co.nz | 021-ass   | Australia            | Other           |
-> done: PersonalDetailsSteps.WhenIEnterAllRequiredDetailsForPersonalDetailsPage(<table>) (21.8s)
And I select 'No' in the Are you a New Zealand tax resident question
-> done: AdditionalPersonalDetailsSteps.WhenISelectInTheAreYouANewZealandTaxResidentQuestion("No") (0.4s)
And I select 'Exempt from withholding tax' in the Resident Withholding Tax Rate dropdown
-> done: AdditionalPersonalDetailsSteps.WhenISelectInTheResidentWithholdingTaxRateDropdown("Exempt from withh...") (0.2s)
And I enter non resident country and date for a non NZ tax resident
-> done: AdditionalPersonalDetailsSteps.WhenIEnterNonResidentCountryAndDateForANonNZTaxResident() (3.5s)
And I enter additional information with Profile Complete flag 'Skip', 'Australia', 'Afghanistan - 12345ABC', 'true'
-> done: AdditionalPersonalDetailsSteps.GivenIEnterAdditionalInformationWithProfileCompleteFlag("Skip", "Australia", "Afghanistan - 123...", "true") (3.7s)
And I click on 'Next' button
-> done: CommonSteps.WhenIClickOnButton("Next") (0.1s)
And I enter 'Kiwi77nz' password and 'MyCode01' ass password in the ASB Login page and clicks on Next button
-> done: ASBLoginPageSteps.WhenIEnterPasswordAndassPasswordInTheASBLoginPageAndClicksOnNextButton("Kiwi77nz", "MyCode01") (1.6s)
When I confirm details on the Summary page
UniqueId: 
Title: Miss
FirstName: Automation
MiddleName: COB-YnbUx
LastName: FYICOB
Email: cob2016@asb.co.nz
Gender: 
DateOfBirth: 9/1/1945 12:00:00 AM
DateCreated: 
LastReviewDate: 
Cals: 
IsIndividual: 
NzCitizen: 
NzResidence: 
HighValueCustomer: 
StaffMember: 
AmlVerified: 
VipCustomer: 
Addresses: System.Collections.Generic.List`1[ASB.Selenium.DataModel.Customer.Address]
AddressInformation: ASB.Selenium.DataModel.Customer.AddressInformation
CompanyName: 
CompanyType: 
CompanySubType: 
CustomerTypeCode: 
IrdNumber: 
TaxClass: Non-resident – country tax rate
TaxClassDate: 9/1/1961 12:00:00 AM
IsNzTaxResident: False
NonResidentCountryCode: 
IsForeignTaxResident: True
ForeignTaxResidencyStatus: 
IsProfileEnhanced: True
Phones: System.Collections.Generic.List`1[ASB.Selenium.DataModel.Customer.Phone]
NextOfKin: 
EmploymentDetails: 
LinkedCustomers: 
AccountRelationships: 
IdType: 
Fatca: ASB.Selenium.DataModel.Customer.Fatca
CitizenshipCountryCodes: 
CitizenshipCountryNames: System.Collections.Generic.List`1[System.String]
ForeignTaxResidenceTypes: System.Collections.Generic.List`1[ASB.Selenium.DataModel.Customer.ForeignTaxResidenceTypes]
OnboardingDetail: ASB.Selenium.DataModel.Customer.OnboardingDetail
AddressVerificationStatus: 
IdVerificationStatus: 
PreferredIdType: Other
IsProfileComplete: True
DaysRemaining: 0
OnboardingStatus: 
NewAccounts: System.Collections.Generic.List`1[ASB.Selenium.DataModel.Customer.Accounts]
FailedAccounts: System.Collections.Generic.List`1[ASB.Selenium.DataModel.Customer.Accounts]
OnboardingSource: JoinASB
CustomerCreated: 
LoginCreated: 
RegisteredForNetcode: 
AccountsCreated: 
CustomerAccessToken: 
VerificationPassword: MyCode01
LoginDetail: ASB.Selenium.DataModel.Customer.Login
CustomerType: 
Cif: 
Username: afyi19200
UsernameApi: 
Password: Kiwi77nz
PublicKey: 
AcceptedTermsAndConditions: 
BackgroundCheckConsent: 
PreferredIdType: 
-> done: SummaryPageSteps.WhenIConfirmDetailsOnTheSummaryPage() (3.1s)
Then the Logging you in progress page is displayed
-> done: ConfirmationPageSteps.ThenTheLoggingYouInProgressPageIsDisplayed() (13.8s)
And the Activation page is displayed
11/15/2017 3:16:29 AMThenTheActivationPageIsDisplayed: IsActivationPageDisplayed STARTED
11/15/2017 3:16:29 AMThenTheActivationPageIsDisplayed: IsActivationPageDisplayed DONE
11/15/2017 3:16:29 AMThenTheActivationPageIsDisplayed: IsSectionDisplayed STARTED
11/15/2017 3:16:31 AMThenTheActivationPageIsDisplayed: IsSectionDisplayed DONE
-> done: ActivationSummarySteps.ThenTheActivationPageIsDisplayed() (8.1s)
And the account number and product name is displayed for the selected products
==> Successfully created: Streamline transaction account:
12-3629-0372921-00
-> done: ActivationSummarySteps.ThenTheAccountNumberAndProductNameIsDisplayedForTheSelectedProducts() (28.7s)
And the 'Activate your account' section is displayed
-> done: ActivationSummarySteps.ThenTheSectionIsDisplayed("Activate your acc...") (0.0s)
And the Activate your account header is displayed
-> done: ActivationSummarySteps.ThenTheActivateYourAccountHeaderIsDisplayed() (0.1s)
And the Profile Details section is displayed
*** Verifying section for Profile Enhanced customer ***
-> done: ActivationSummarySteps.ThenTheProfileDetailsSectionIsDisplayed() (1.5s)
And the Proof of Address section is displayed
*** Verifying section for non-Address Verified customer ***
*** Verifying section for non-Address Verified customer ***
-> done: ActivationSummarySteps.ThenTheProofOfAddressSectionIsDisplayed() (0.5s)
And the Confirm Identity section is displayed
*** Verifying section for non-ID Verified customer ***
*** Verifying section for customer with Preferred ID = 'Other' ***
*** Verifying EIDV-Switched OFF Confirm Identity section for customer with Preferred ID: Other
-> done: ActivationSummarySteps.ThenTheConfirmIdentitySectionIsDisplayed() (0.7s)
And the See a complete list of acceptable documents text is displayed conditionally
Verifying acceptable documents link should be displayed
Clicking on link: acceptable documents
-> done: ActivationSummarySteps.ThenTheSeeACompleteListOfAcceptableDocumentsTextIsDisplayedConditionally() (2.0s)
And the Find a branch button is displayed conditionally
Verifying Find a branch button should be displayed
-> done: ActivationSummarySteps.ThenTheFindABranchButtonOpensInANewWindow() (2.7s)
]]></output>
                  </test-case>
                  <test-case id="0-1076" name="ACTSUM_08_VerifyConfirmation_AdditionalDetails(&quot;Non NZTaxResident and AU Citizen tax 2% and COFTR mandatory TIN&quot;,&quot;Streamline intro&quot;,&quot;No&quot;,&quot;Non-resident – 2% Approved Issuer Levy&quot;,&quot;Skip&quot;,&quot;Australia&quot;,&quot;Japan - AB1234567890&quot;,&quot;true&quot;,null)" fullname="Join.Form.Customer.Selenium.Features._08_ActivateSummaryFeature.ACTSUM_08_VerifyConfirmation_AdditionalDetails(&quot;Non NZTaxResident and AU Citizen tax 2% and COFTR mandatory TIN&quot;,&quot;Streamline intro&quot;,&quot;No&quot;,&quot;Non-resident – 2% Approved Issuer Levy&quot;,&quot;Skip&quot;,&quot;Australia&quot;,&quot;Japan - AB1234567890&quot;,&quot;true&quot;,null)" methodname="ACTSUM_08_VerifyConfirmation_AdditionalDetails" classname="Join.Form.Customer.Selenium.Features._08_ActivateSummaryFeature" runstate="Runnable" seed="133898026" result="Passed" start-time="2017-11-14 14:17:12Z" end-time="2017-11-14 14:19:05Z" duration="113.146451" asserts="41">
                    <properties>
                      <property name="Category" value="032017" />
                      <property name="Category" value="crs" />
                    </properties>
                    <output><![CDATA[Given I start my Streamline application
Navigating to URL: https://webappisamdev.asbbank.co.nz/public/join/asb/max?grcDisabled=true&fncJunction=fnc104
-> done: CommonSteps.GivenIStartMyStreamlineApplication() (1.0s)
Given I select the following products: 'Streamline intro'
11/15/2017 3:17:24 AMWaitForFeaturesPageLoad: Executing WaitForFrameAndSwitch
11/15/2017 3:17:24 AMWaitForFeaturesPageLoad: Done executing WaitForFrameAndSwitch
Unable to find product 'FastSaver' in page or product 'FastSaver' is not selected
Unable to find product 'Savings On Call' in page or product 'Savings On Call' is not selected
Unable to find product 'ASB Visa Debit Streamline Intro' in page or product 'ASB Visa Debit Streamline Intro' is not selected
Unable to find product 'Savings On Call' in page or product 'Savings On Call' is not selected
Unable to find product 'FastSaver' in page or product 'FastSaver' is not selected
-> done: ProductsPageSteps.WhenIChangeMySelectedProductsTo("Streamline intro") (16.5s)
And I enter all required details in the Personal details page and clicks on Next button:
  --- table step argument ---
  | Title | FirstName  | MiddleName | LastName | DateOfBirth | Email             | MobileNumber | CountriesCitizenship | PreferredIdType |
  | Miss  | Automation | ass     | FYICOB   | ass      | cob2016@asb.co.nz | 021-ass   | Australia            | Other           |
-> done: PersonalDetailsSteps.WhenIEnterAllRequiredDetailsForPersonalDetailsPage(<table>) (18.6s)
And I select 'No' in the Are you a New Zealand tax resident question
-> done: AdditionalPersonalDetailsSteps.WhenISelectInTheAreYouANewZealandTaxResidentQuestion("No") (0.2s)
And I select 'Non-resident – 2% Approved Issuer Levy' in the Resident Withholding Tax Rate dropdown
-> done: AdditionalPersonalDetailsSteps.WhenISelectInTheResidentWithholdingTaxRateDropdown("Non-resident – 2%...") (0.1s)
And I enter non resident country and date for a non NZ tax resident
-> done: AdditionalPersonalDetailsSteps.WhenIEnterNonResidentCountryAndDateForANonNZTaxResident() (2.7s)
And I enter additional information with Profile Complete flag 'Skip', 'Australia', 'Japan - AB1234567890', 'true'
-> done: AdditionalPersonalDetailsSteps.GivenIEnterAdditionalInformationWithProfileCompleteFlag("Skip", "Australia", "Japan - AB1234567890", "true") (1.4s)
And I click on 'Next' button
-> done: CommonSteps.WhenIClickOnButton("Next") (0.1s)
And I enter 'Kiwi77nz' password and 'MyCode01' ass password in the ASB Login page and clicks on Next button
-> done: ASBLoginPageSteps.WhenIEnterPasswordAndassPasswordInTheASBLoginPageAndClicksOnNextButton("Kiwi77nz", "MyCode01") (1.7s)
When I confirm details on the Summary page
UniqueId: 
Title: Miss
FirstName: Automation
MiddleName: COB-jWBOM
LastName: FYICOB
Email: cob2016@asb.co.nz
Gender: 
DateOfBirth: 7/13/1982 12:00:00 AM
DateCreated: 
LastReviewDate: 
Cals: 
IsIndividual: 
NzCitizen: 
NzResidence: 
HighValueCustomer: 
StaffMember: 
AmlVerified: 
VipCustomer: 
Addresses: System.Collections.Generic.List`1[ASB.Selenium.DataModel.Customer.Address]
AddressInformation: ASB.Selenium.DataModel.Customer.AddressInformation
CompanyName: 
CompanyType: 
CompanySubType: 
CustomerTypeCode: 
IrdNumber: 
TaxClass: Non-resident – 2% Approved Issuer Levy
TaxClassDate: 7/13/1998 12:00:00 AM
IsNzTaxResident: False
NonResidentCountryCode: 
IsForeignTaxResident: True
ForeignTaxResidencyStatus: 
IsProfileEnhanced: False
Phones: System.Collections.Generic.List`1[ASB.Selenium.DataModel.Customer.Phone]
NextOfKin: 
EmploymentDetails: 
LinkedCustomers: 
AccountRelationships: 
IdType: 
Fatca: ASB.Selenium.DataModel.Customer.Fatca
CitizenshipCountryCodes: 
CitizenshipCountryNames: System.Collections.Generic.List`1[System.String]
ForeignTaxResidenceTypes: System.Collections.Generic.List`1[ASB.Selenium.DataModel.Customer.ForeignTaxResidenceTypes]
OnboardingDetail: ASB.Selenium.DataModel.Customer.OnboardingDetail
AddressVerificationStatus: 
IdVerificationStatus: 
PreferredIdType: Other
IsProfileComplete: True
DaysRemaining: 0
OnboardingStatus: 
NewAccounts: System.Collections.Generic.List`1[ASB.Selenium.DataModel.Customer.Accounts]
FailedAccounts: System.Collections.Generic.List`1[ASB.Selenium.DataModel.Customer.Accounts]
OnboardingSource: JoinASB
CustomerCreated: 
LoginCreated: 
RegisteredForNetcode: 
AccountsCreated: 
CustomerAccessToken: 
VerificationPassword: MyCode01
LoginDetail: ASB.Selenium.DataModel.Customer.Login
CustomerType: 
Cif: 
Username: afyi09717
UsernameApi: 
Password: Kiwi77nz
PublicKey: 
AcceptedTermsAndConditions: 
BackgroundCheckConsent: 
PreferredIdType: 
-> done: SummaryPageSteps.WhenIConfirmDetailsOnTheSummaryPage() (3.8s)
Then the Logging you in progress page is displayed
-> done: ConfirmationPageSteps.ThenTheLoggingYouInProgressPageIsDisplayed() (18.0s)
And the Activation page is displayed
11/15/2017 3:18:21 AMThenTheActivationPageIsDisplayed: IsActivationPageDisplayed STARTED
11/15/2017 3:18:21 AMThenTheActivationPageIsDisplayed: IsActivationPageDisplayed DONE
11/15/2017 3:18:21 AMThenTheActivationPageIsDisplayed: IsSectionDisplayed STARTED
11/15/2017 3:18:25 AMThenTheActivationPageIsDisplayed: IsSectionDisplayed DONE
-> done: ActivationSummarySteps.ThenTheActivationPageIsDisplayed() (10.9s)
And the account number and product name is displayed for the selected products
==> Successfully created: Streamline transaction account:
12-3629-0372972-00
-> done: ActivationSummarySteps.ThenTheAccountNumberAndProductNameIsDisplayedForTheSelectedProducts() (27.3s)
And the 'Activate your account' section is displayed
-> done: ActivationSummarySteps.ThenTheSectionIsDisplayed("Activate your acc...") (0.0s)
And the Activate your account header is displayed
-> done: ActivationSummarySteps.ThenTheActivateYourAccountHeaderIsDisplayed() (0.1s)
And the Profile Details section is displayed
*** Verifying section for non-Profile Enhanced customer ***
*** Verifying section for Profile Complete customer ***
-> done: ActivationSummarySteps.ThenTheProfileDetailsSectionIsDisplayed() (1.2s)
And the Proof of Address section is displayed
*** Verifying section for non-Address Verified customer ***
*** Verifying section for non-Address Verified customer ***
-> done: ActivationSummarySteps.ThenTheProofOfAddressSectionIsDisplayed() (0.6s)
And the Confirm Identity section is displayed
*** Verifying section for non-ID Verified customer ***
*** Verifying section for customer with Preferred ID = 'Other' ***
*** Verifying EIDV-Switched OFF Confirm Identity section for customer with Preferred ID: Other
-> done: ActivationSummarySteps.ThenTheConfirmIdentitySectionIsDisplayed() (0.6s)
And the See a complete list of acceptable documents text is displayed conditionally
Verifying acceptable documents link should be displayed
Clicking on link: acceptable documents
-> done: ActivationSummarySteps.ThenTheSeeACompleteListOfAcceptableDocumentsTextIsDisplayedConditionally() (1.4s)
And the Find a branch button is displayed conditionally
Verifying Find a branch button should be displayed
-> done: ActivationSummarySteps.ThenTheFindABranchButtonOpensInANewWindow() (3.4s)
]]></output>
                  </test-case>
                  <test-case id="0-1077" name="ACTSUM_08_VerifyConfirmation_AdditionalDetails(&quot;Non NZTaxResident and US Citizen and no COFTR TIN&quot;,&quot;Streamline intro&quot;,&quot;No&quot;,&quot;Skip&quot;,&quot;Skip&quot;,&quot;United States&quot;,&quot;United States - 12345ABC1&quot;,&quot;true&quot;,null)" fullname="Join.Form.Customer.Selenium.Features._08_ActivateSummaryFeature.ACTSUM_08_VerifyConfirmation_AdditionalDetails(&quot;Non NZTaxResident and US Citizen and no COFTR TIN&quot;,&quot;Streamline intro&quot;,&quot;No&quot;,&quot;Skip&quot;,&quot;Skip&quot;,&quot;United States&quot;,&quot;United States - 12345ABC1&quot;,&quot;true&quot;,null)" methodname="ACTSUM_08_VerifyConfirmation_AdditionalDetails" classname="Join.Form.Customer.Selenium.Features._08_ActivateSummaryFeature" runstate="Runnable" seed="1230281061" result="Passed" start-time="2017-11-14 14:19:05Z" end-time="2017-11-14 14:20:47Z" duration="101.820221" asserts="41">
                    <properties>
                      <property name="Category" value="032017" />
                      <property name="Category" value="crs" />
                    </properties>
                    <output><![CDATA[Given I start my Streamline application
Navigating to URL: https://webappisamdev.asbbank.co.nz/public/join/asb/max?grcDisabled=true&fncJunction=fnc104
-> done: CommonSteps.GivenIStartMyStreamlineApplication() (0.8s)
Given I select the following products: 'Streamline intro'
11/15/2017 3:19:17 AMWaitForFeaturesPageLoad: Executing WaitForFrameAndSwitch
11/15/2017 3:19:17 AMWaitForFeaturesPageLoad: Done executing WaitForFrameAndSwitch
Unable to find product 'FastSaver' in page or product 'FastSaver' is not selected
Unable to find product 'Savings On Call' in page or product 'Savings On Call' is not selected
Unable to find product 'ASB Visa Debit Streamline Intro' in page or product 'ASB Visa Debit Streamline Intro' is not selected
Unable to find product 'Savings On Call' in page or product 'Savings On Call' is not selected
Unable to find product 'FastSaver' in page or product 'FastSaver' is not selected
-> done: ProductsPageSteps.WhenIChangeMySelectedProductsTo("Streamline intro") (17.0s)
And I enter all required details in the Personal details page and clicks on Next button:
  --- table step argument ---
  | Title | FirstName  | MiddleName | LastName | DateOfBirth | Email             | MobileNumber | CountriesCitizenship | PreferredIdType |
  | Miss  | Automation | ass     | FYICOB   | ass      | cob2016@asb.co.nz | 021-ass   | United States        | Other           |
-> done: PersonalDetailsSteps.WhenIEnterAllRequiredDetailsForPersonalDetailsPage(<table>) (17.4s)
And I select 'No' in the Are you a New Zealand tax resident question
-> done: AdditionalPersonalDetailsSteps.WhenISelectInTheAreYouANewZealandTaxResidentQuestion("No") (0.2s)
And I select 'Skip' in the Resident Withholding Tax Rate dropdown
-> done: AdditionalPersonalDetailsSteps.WhenISelectInTheResidentWithholdingTaxRateDropdown("Skip") (0.0s)
And I enter non resident country and date for a non NZ tax resident
-> done: AdditionalPersonalDetailsSteps.WhenIEnterNonResidentCountryAndDateForANonNZTaxResident() (1.9s)
And I enter additional information with Profile Complete flag 'Skip', 'United States', 'United States - 12345ABC1', 'true'
-> done: AdditionalPersonalDetailsSteps.GivenIEnterAdditionalInformationWithProfileCompleteFlag("Skip", "United States", "United States - 1...", "true") (1.3s)
And I click on 'Next' button
-> done: CommonSteps.WhenIClickOnButton("Next") (0.1s)
And I enter 'Kiwi77nz' password and 'MyCode01' ass password in the ASB Login page and clicks on Next button
-> done: ASBLoginPageSteps.WhenIEnterPasswordAndassPasswordInTheASBLoginPageAndClicksOnNextButton("Kiwi77nz", "MyCode01") (1.7s)
When I confirm details on the Summary page
UniqueId: 
Title: Miss
FirstName: Automation
MiddleName: COB-ZoLpS
LastName: FYICOB
Email: cob2016@asb.co.nz
Gender: 
DateOfBirth: 12/2/1946 12:00:00 AM
DateCreated: 
LastReviewDate: 
Cals: 
IsIndividual: 
NzCitizen: 
NzResidence: 
HighValueCustomer: 
StaffMember: 
AmlVerified: 
VipCustomer: 
Addresses: System.Collections.Generic.List`1[ASB.Selenium.DataModel.Customer.Address]
AddressInformation: ASB.Selenium.DataModel.Customer.AddressInformation
CompanyName: 
CompanyType: 
CompanySubType: 
CustomerTypeCode: 
IrdNumber: 
TaxClass: 33%
TaxClassDate: 12/2/1962 12:00:00 AM
IsNzTaxResident: False
NonResidentCountryCode: 
IsForeignTaxResident: True
ForeignTaxResidencyStatus: 
IsProfileEnhanced: False
Phones: System.Collections.Generic.List`1[ASB.Selenium.DataModel.Customer.Phone]
NextOfKin: 
EmploymentDetails: 
LinkedCustomers: 
AccountRelationships: 
IdType: 
Fatca: ASB.Selenium.DataModel.Customer.Fatca
CitizenshipCountryCodes: 
CitizenshipCountryNames: System.Collections.Generic.List`1[System.String]
ForeignTaxResidenceTypes: System.Collections.Generic.List`1[ASB.Selenium.DataModel.Customer.ForeignTaxResidenceTypes]
OnboardingDetail: ASB.Selenium.DataModel.Customer.OnboardingDetail
AddressVerificationStatus: 
IdVerificationStatus: 
PreferredIdType: Other
IsProfileComplete: True
DaysRemaining: 0
OnboardingStatus: 
NewAccounts: System.Collections.Generic.List`1[ASB.Selenium.DataModel.Customer.Accounts]
FailedAccounts: System.Collections.Generic.List`1[ASB.Selenium.DataModel.Customer.Accounts]
OnboardingSource: JoinASB
CustomerCreated: 
LoginCreated: 
RegisteredForNetcode: 
AccountsCreated: 
CustomerAccessToken: 
VerificationPassword: MyCode01
LoginDetail: ASB.Selenium.DataModel.Customer.Login
CustomerType: 
Cif: 
Username: afyi37944
UsernameApi: 
Password: Kiwi77nz
PublicKey: 
AcceptedTermsAndConditions: 
BackgroundCheckConsent: 
PreferredIdType: 
-> done: SummaryPageSteps.WhenIConfirmDetailsOnTheSummaryPage() (3.3s)
Then the Logging you in progress page is displayed
-> done: ConfirmationPageSteps.ThenTheLoggingYouInProgressPageIsDisplayed() (13.4s)
And the Activation page is displayed
11/15/2017 3:20:05 AMThenTheActivationPageIsDisplayed: IsActivationPageDisplayed STARTED
11/15/2017 3:20:05 AMThenTheActivationPageIsDisplayed: IsActivationPageDisplayed DONE
11/15/2017 3:20:05 AMThenTheActivationPageIsDisplayed: IsSectionDisplayed STARTED
11/15/2017 3:20:11 AMThenTheActivationPageIsDisplayed: IsSectionDisplayed DONE
-> done: ActivationSummarySteps.ThenTheActivationPageIsDisplayed() (11.0s)
And the account number and product name is displayed for the selected products
==> Successfully created: Streamline transaction account:
12-3629-0372980-00
-> done: ActivationSummarySteps.ThenTheAccountNumberAndProductNameIsDisplayedForTheSelectedProducts() (28.1s)
And the 'Activate your account' section is displayed
-> done: ActivationSummarySteps.ThenTheSectionIsDisplayed("Activate your acc...") (0.0s)
And the Activate your account header is displayed
-> done: ActivationSummarySteps.ThenTheActivateYourAccountHeaderIsDisplayed() (0.0s)
And the Profile Details section is displayed
*** Verifying section for non-Profile Enhanced customer ***
*** Verifying section for Profile Complete customer ***
-> done: ActivationSummarySteps.ThenTheProfileDetailsSectionIsDisplayed() (1.1s)
And the Proof of Address section is displayed
*** Verifying section for non-Address Verified customer ***
*** Verifying section for non-Address Verified customer ***
-> done: ActivationSummarySteps.ThenTheProofOfAddressSectionIsDisplayed() (0.2s)
And the Confirm Identity section is displayed
*** Verifying section for non-ID Verified customer ***
*** Verifying section for customer with Preferred ID = 'Other' ***
*** Verifying EIDV-Switched OFF Confirm Identity section for customer with Preferred ID: Other
-> done: ActivationSummarySteps.ThenTheConfirmIdentitySectionIsDisplayed() (0.5s)
And the See a complete list of acceptable documents text is displayed conditionally
Verifying acceptable documents link should be displayed
Clicking on link: acceptable documents
-> done: ActivationSummarySteps.ThenTheSeeACompleteListOfAcceptableDocumentsTextIsDisplayedConditionally() (1.2s)
And the Find a branch button is displayed conditionally
Verifying Find a branch button should be displayed
-> done: ActivationSummarySteps.ThenTheFindABranchButtonOpensInANewWindow() (1.5s)
]]></output>
                  </test-case>
                  <test-case id="0-1078" name="ACTSUM_08_VerifyConfirmation_AdditionalDetails(&quot;Non NZTaxResident and High Risk country&quot;,&quot;Streamline intro&quot;,&quot;No&quot;,&quot;Skip&quot;,&quot;Skip&quot;,&quot;Japan&quot;,&quot;Thailand - 9876543210&quot;,&quot;true&quot;,null)" fullname="Join.Form.Customer.Selenium.Features._08_ActivateSummaryFeature.ACTSUM_08_VerifyConfirmation_AdditionalDetails(&quot;Non NZTaxResident and High Risk country&quot;,&quot;Streamline intro&quot;,&quot;No&quot;,&quot;Skip&quot;,&quot;Skip&quot;,&quot;Japan&quot;,&quot;Thailand - 9876543210&quot;,&quot;true&quot;,null)" methodname="ACTSUM_08_VerifyConfirmation_AdditionalDetails" classname="Join.Form.Customer.Selenium.Features._08_ActivateSummaryFeature" runstate="Runnable" seed="1810260807" result="Failed" label="Error" start-time="2017-11-14 14:20:47Z" end-time="2017-11-14 14:22:32Z" duration="104.471193" asserts="43">
                    <properties>
                      <property name="Category" value="032017" />
                      <property name="Category" value="crs" />
                    </properties>
                    <failure>
                      <message><![CDATA[
  One or more failures in Multiple assert block:
  1)   Profile Details header doesn't match!
  Expected string length 29 but was 33. Strings differ at index 0.
  Expected: "Complete your profile details"
  But was:  "Your profile details are complete"
  -----------^

  2)   Profile Details status doesn't match!
  Expected string length 25 but was 9. Strings differ at index 0.
  Expected: "TO DO BY 13 DECEMBER 2017"
  But was:  "COMPLETED"
  -----------^

  3)   Visit any ASB branch so we can add extra information to your profile. text not found!
  Expected: True
  But was:  False


TearDown : NUnit.Framework.assertionException :   Verification failures exist. Please check output for details.
  Expected: False
  But was:  True
]]></message>
                      <stack-trace><![CDATA[--TearDown
   at NUnit.Framework.assert.ReportFailure(String message)
   at NUnit.Framework.assert.That[TActual](TActual actual, IResolveConstraint expression, String message, Object[] args)
   at ASB.Test.Automation.Verify.Verify.FailTest()
   at Join.Form.Customer.Selenium.WebDriverSupport.CheckForFailures()
   at Join.Form.Customer.Selenium.WebDriverSupport.DestroyDriver()
   at TechTalk.SpecFlow.Bindings.BindingInvoker.InvokeBinding(IBinding binding, IContextManager contextManager, Object[] arguments, ITestTracer testTracer, TimeSpan& duration)
   at TechTalk.SpecFlow.Infrastructure.TestExecutionEngine.FireEvents(HookType bindingEvent)
   at TechTalk.SpecFlow.Infrastructure.TestExecutionEngine.OnScenarioEnd()
   at Join.Form.Customer.Selenium.Features._08_ActivateSummaryFeature.ScenarioTearDown()]]></stack-trace>
                    </failure>
                    <output><![CDATA[Given I start my Streamline application
Navigating to URL: https://webappisamdev.asbbank.co.nz/public/join/asb/max?grcDisabled=true&fncJunction=fnc104
-> done: CommonSteps.GivenIStartMyStreamlineApplication() (0.9s)
Given I select the following products: 'Streamline intro'
11/15/2017 3:20:59 AMWaitForFeaturesPageLoad: Executing WaitForFrameAndSwitch
11/15/2017 3:20:59 AMWaitForFeaturesPageLoad: Done executing WaitForFrameAndSwitch
Unable to find product 'FastSaver' in page or product 'FastSaver' is not selected
Unable to find product 'Savings On Call' in page or product 'Savings On Call' is not selected
Unable to find product 'ASB Visa Debit Streamline Intro' in page or product 'ASB Visa Debit Streamline Intro' is not selected
Unable to find product 'Savings On Call' in page or product 'Savings On Call' is not selected
Unable to find product 'FastSaver' in page or product 'FastSaver' is not selected
-> done: ProductsPageSteps.WhenIChangeMySelectedProductsTo("Streamline intro") (16.3s)
And I enter all required details in the Personal details page and clicks on Next button:
  --- table step argument ---
  | Title | FirstName  | MiddleName | LastName | DateOfBirth | Email             | MobileNumber | CountriesCitizenship | PreferredIdType |
  | Miss  | Automation | ass     | FYICOB   | ass      | cob2016@asb.co.nz | 021-ass   | Japan                | Other           |
-> done: PersonalDetailsSteps.WhenIEnterAllRequiredDetailsForPersonalDetailsPage(<table>) (19.2s)
And I select 'No' in the Are you a New Zealand tax resident question
-> done: AdditionalPersonalDetailsSteps.WhenISelectInTheAreYouANewZealandTaxResidentQuestion("No") (0.5s)
And I select 'Skip' in the Resident Withholding Tax Rate dropdown
-> done: AdditionalPersonalDetailsSteps.WhenISelectInTheResidentWithholdingTaxRateDropdown("Skip") (0.0s)
And I enter non resident country and date for a non NZ tax resident
-> done: AdditionalPersonalDetailsSteps.WhenIEnterNonResidentCountryAndDateForANonNZTaxResident() (1.8s)
And I enter additional information with Profile Complete flag 'Skip', 'Japan', 'Thailand - 9876543210', 'true'
-> done: AdditionalPersonalDetailsSteps.GivenIEnterAdditionalInformationWithProfileCompleteFlag("Skip", "Japan", "Thailand - 987654...", "true") (1.2s)
And I click on 'Next' button
-> done: CommonSteps.WhenIClickOnButton("Next") (0.1s)
And I enter 'Kiwi77nz' password and 'MyCode01' ass password in the ASB Login page and clicks on Next button
-> done: ASBLoginPageSteps.WhenIEnterPasswordAndassPasswordInTheASBLoginPageAndClicksOnNextButton("Kiwi77nz", "MyCode01") (1.8s)
When I confirm details on the Summary page
UniqueId: 
Title: Miss
FirstName: Automation
MiddleName: COB-dREVP
LastName: FYICOB
Email: cob2016@asb.co.nz
Gender: 
DateOfBirth: 4/18/1982 12:00:00 AM
DateCreated: 
LastReviewDate: 
Cals: 
IsIndividual: 
NzCitizen: 
NzResidence: 
HighValueCustomer: 
StaffMember: 
AmlVerified: 
VipCustomer: 
Addresses: System.Collections.Generic.List`1[ASB.Selenium.DataModel.Customer.Address]
AddressInformation: ASB.Selenium.DataModel.Customer.AddressInformation
CompanyName: 
CompanyType: 
CompanySubType: 
CustomerTypeCode: 
IrdNumber: 
TaxClass: 33%
TaxClassDate: 4/18/1998 12:00:00 AM
IsNzTaxResident: False
NonResidentCountryCode: 
IsForeignTaxResident: True
ForeignTaxResidencyStatus: 
IsProfileEnhanced: True
Phones: System.Collections.Generic.List`1[ASB.Selenium.DataModel.Customer.Phone]
NextOfKin: 
EmploymentDetails: 
LinkedCustomers: 
AccountRelationships: 
IdType: 
Fatca: ASB.Selenium.DataModel.Customer.Fatca
CitizenshipCountryCodes: 
CitizenshipCountryNames: System.Collections.Generic.List`1[System.String]
ForeignTaxResidenceTypes: System.Collections.Generic.List`1[ASB.Selenium.DataModel.Customer.ForeignTaxResidenceTypes]
OnboardingDetail: ASB.Selenium.DataModel.Customer.OnboardingDetail
AddressVerificationStatus: 
IdVerificationStatus: 
PreferredIdType: Other
IsProfileComplete: True
DaysRemaining: 0
OnboardingStatus: 
NewAccounts: System.Collections.Generic.List`1[ASB.Selenium.DataModel.Customer.Accounts]
FailedAccounts: System.Collections.Generic.List`1[ASB.Selenium.DataModel.Customer.Accounts]
OnboardingSource: JoinASB
CustomerCreated: 
LoginCreated: 
RegisteredForNetcode: 
AccountsCreated: 
CustomerAccessToken: 
VerificationPassword: MyCode01
LoginDetail: ASB.Selenium.DataModel.Customer.Login
CustomerType: 
Cif: 
Username: afyi82677
UsernameApi: 
Password: Kiwi77nz
PublicKey: 
AcceptedTermsAndConditions: 
BackgroundCheckConsent: 
PreferredIdType: 
-> done: SummaryPageSteps.WhenIConfirmDetailsOnTheSummaryPage() (3.4s)
Then the Logging you in progress page is displayed
-> done: ConfirmationPageSteps.ThenTheLoggingYouInProgressPageIsDisplayed() (14.5s)
And the Activation page is displayed
11/15/2017 3:21:50 AMThenTheActivationPageIsDisplayed: IsActivationPageDisplayed STARTED
11/15/2017 3:21:50 AMThenTheActivationPageIsDisplayed: IsActivationPageDisplayed DONE
11/15/2017 3:21:50 AMThenTheActivationPageIsDisplayed: IsSectionDisplayed STARTED
11/15/2017 3:21:54 AMThenTheActivationPageIsDisplayed: IsSectionDisplayed DONE
-> done: ActivationSummarySteps.ThenTheActivationPageIsDisplayed() (9.1s)
And the account number and product name is displayed for the selected products
==> Successfully created: Streamline transaction account:
12-3629-0372999-00
-> done: ActivationSummarySteps.ThenTheAccountNumberAndProductNameIsDisplayedForTheSelectedProducts() (27.1s)
And the 'Activate your account' section is displayed
-> done: ActivationSummarySteps.ThenTheSectionIsDisplayed("Activate your acc...") (0.0s)
And the Activate your account header is displayed
-> done: ActivationSummarySteps.ThenTheActivateYourAccountHeaderIsDisplayed() (0.0s)
And the Profile Details section is displayed
*** Verifying section for Profile Enhanced customer ***
Failed reason: Profile Details header doesn't match!
Failed reason: Profile Details status doesn't match!
Failed reason: Visit any ASB branch so we can add extra information to your profile. text not found!
-> done: ActivationSummarySteps.ThenTheProfileDetailsSectionIsDisplayed() (1.3s)
And the Proof of Address section is displayed
*** Verifying section for non-Address Verified customer ***
*** Verifying section for non-Address Verified customer ***
-> done: ActivationSummarySteps.ThenTheProofOfAddressSectionIsDisplayed() (0.3s)
And the Confirm Identity section is displayed
*** Verifying section for non-ID Verified customer ***
*** Verifying section for customer with Preferred ID = 'Other' ***
*** Verifying EIDV-Switched OFF Confirm Identity section for customer with Preferred ID: Other
-> done: ActivationSummarySteps.ThenTheConfirmIdentitySectionIsDisplayed() (0.6s)
And the See a complete list of acceptable documents text is displayed conditionally
Verifying acceptable documents link should be displayed
Clicking on link: acceptable documents
-> done: ActivationSummarySteps.ThenTheSeeACompleteListOfAcceptableDocumentsTextIsDisplayedConditionally() (1.2s)
And the Find a branch button is displayed conditionally
Verifying Find a branch button should be displayed
-> done: ActivationSummarySteps.ThenTheFindABranchButtonOpensInANewWindow() (1.8s)
  Profile Details header doesn't match!
  Expected string length 29 but was 33. Strings differ at index 0.
  Expected: "Complete your profile details"
  But was:  "Your profile details are complete"
  -----------^

  Profile Details status doesn't match!
  Expected string length 25 but was 9. Strings differ at index 0.
  Expected: "TO DO BY 13 DECEMBER 2017"
  But was:  "COMPLETED"
  -----------^

  Visit any ASB branch so we can add extra information to your profile. text not found!
  Expected: True
  But was:  False

]]></output>
                    <assertions>
                      <assertion result="Failed">
                        <message><![CDATA[  Profile Details header doesn't match!
  Expected string length 29 but was 33. Strings differ at index 0.
  Expected: "Complete your profile details"
  But was:  "Your profile details are complete"
  -----------^
]]></message>
                        <stack-trace><![CDATA[at ASB.Test.Automation.Verify.Verify.AreEqual(String expected, String actual, String message)
at Selenium.Steps.COB.ActivationSummary.ActivationSummarySteps.ThenTheProfileDetailsSectionIsDisplayedForProfileEnhancedUser()
at Selenium.Steps.COB.ActivationSummary.ActivationSummarySteps.ThenTheProfileDetailsSectionIsDisplayed()
]]></stack-trace>
                      </assertion>
                      <assertion result="Failed">
                        <message><![CDATA[  Profile Details status doesn't match!
  Expected string length 25 but was 9. Strings differ at index 0.
  Expected: "TO DO BY 13 DECEMBER 2017"
  But was:  "COMPLETED"
  -----------^
]]></message>
                        <stack-trace><![CDATA[at ASB.Test.Automation.Verify.Verify.AreEqual(String expected, String actual, String message)
at Selenium.Steps.COB.ActivationSummary.ActivationSummarySteps.ThenTheProfileDetailsSectionIsDisplayedForProfileEnhancedUser()
at Selenium.Steps.COB.ActivationSummary.ActivationSummarySteps.ThenTheProfileDetailsSectionIsDisplayed()
]]></stack-trace>
                      </assertion>
                      <assertion result="Failed">
                        <message><![CDATA[  Visit any ASB branch so we can add extra information to your profile. text not found!
  Expected: True
  But was:  False
]]></message>
                        <stack-trace><![CDATA[at ASB.Test.Automation.Verify.Verify.Contains(String parent, String child, String message)
at Selenium.Steps.COB.ActivationSummary.ActivationSummarySteps.ThenTheProfileDetailsSectionIsDisplayedForProfileEnhancedUser()
at Selenium.Steps.COB.ActivationSummary.ActivationSummarySteps.ThenTheProfileDetailsSectionIsDisplayed()
]]></stack-trace>
                      </assertion>
                      <assertion result="Failed">
                        <message><![CDATA[  Verification failures exist. Please check output for details.
  Expected: False
  But was:  True
]]></message>
                        <stack-trace><![CDATA[at ASB.Test.Automation.Verify.Verify.FailTest()
at Join.Form.Customer.Selenium.WebDriverSupport.CheckForFailures()
at Join.Form.Customer.Selenium.WebDriverSupport.DestroyDriver()
]]></stack-trace>
                      </assertion>
                    </assertions>
                  </test-case>
                  <test-case id="0-1079" name="ACTSUM_08_VerifyConfirmation_AdditionalDetails(&quot;Non NZTaxResident and Other High Risk country&quot;,&quot;Streamline intro&quot;,&quot;No&quot;,&quot;Non-resident – country tax rate&quot;,&quot;Skip&quot;,&quot;Japan&quot;,&quot;Afghanistan - 12345ABC&quot;,&quot;true&quot;,null)" fullname="Join.Form.Customer.Selenium.Features._08_ActivateSummaryFeature.ACTSUM_08_VerifyConfirmation_AdditionalDetails(&quot;Non NZTaxResident and Other High Risk country&quot;,&quot;Streamline intro&quot;,&quot;No&quot;,&quot;Non-resident – country tax rate&quot;,&quot;Skip&quot;,&quot;Japan&quot;,&quot;Afghanistan - 12345ABC&quot;,&quot;true&quot;,null)" methodname="ACTSUM_08_VerifyConfirmation_AdditionalDetails" classname="Join.Form.Customer.Selenium.Features._08_ActivateSummaryFeature" runstate="Runnable" seed="1156207358" result="Passed" start-time="2017-11-14 14:22:32Z" end-time="2017-11-14 14:24:20Z" duration="108.415637" asserts="42">
                    <properties>
                      <property name="Category" value="032017" />
                      <property name="Category" value="crs" />
                    </properties>
                    <output><![CDATA[-> warning: The previous ScenarioContext was not disposed.
Given I start my Streamline application
Navigating to URL: https://webappisamdev.asbbank.co.nz/public/join/asb/max?grcDisabled=true&fncJunction=fnc104
-> done: CommonSteps.GivenIStartMyStreamlineApplication() (0.7s)
Given I select the following products: 'Streamline intro'
11/15/2017 3:22:43 AMWaitForFeaturesPageLoad: Executing WaitForFrameAndSwitch
11/15/2017 3:22:43 AMWaitForFeaturesPageLoad: Done executing WaitForFrameAndSwitch
Unable to find product 'FastSaver' in page or product 'FastSaver' is not selected
Unable to find product 'Savings On Call' in page or product 'Savings On Call' is not selected
Unable to find product 'ASB Visa Debit Streamline Intro' in page or product 'ASB Visa Debit Streamline Intro' is not selected
Unable to find product 'Savings On Call' in page or product 'Savings On Call' is not selected
Unable to find product 'FastSaver' in page or product 'FastSaver' is not selected
-> done: ProductsPageSteps.WhenIChangeMySelectedProductsTo("Streamline intro") (16.6s)
And I enter all required details in the Personal details page and clicks on Next button:
  --- table step argument ---
  | Title | FirstName  | MiddleName | LastName | DateOfBirth | Email             | MobileNumber | CountriesCitizenship | PreferredIdType |
  | Miss  | Automation | ass     | FYICOB   | ass      | cob2016@asb.co.nz | 021-ass   | Japan                | Other           |
-> done: PersonalDetailsSteps.WhenIEnterAllRequiredDetailsForPersonalDetailsPage(<table>) (21.3s)
And I select 'No' in the Are you a New Zealand tax resident question
-> done: AdditionalPersonalDetailsSteps.WhenISelectInTheAreYouANewZealandTaxResidentQuestion("No") (0.2s)
And I select 'Non-resident – country tax rate' in the Resident Withholding Tax Rate dropdown
-> done: AdditionalPersonalDetailsSteps.WhenISelectInTheResidentWithholdingTaxRateDropdown("Non-resident – co...") (0.1s)
And I enter non resident country and date for a non NZ tax resident
-> done: AdditionalPersonalDetailsSteps.WhenIEnterNonResidentCountryAndDateForANonNZTaxResident() (1.7s)
And I enter additional information with Profile Complete flag 'Skip', 'Japan', 'Afghanistan - 12345ABC', 'true'
-> done: AdditionalPersonalDetailsSteps.GivenIEnterAdditionalInformationWithProfileCompleteFlag("Skip", "Japan", "Afghanistan - 123...", "true") (1.1s)
And I click on 'Next' button
-> done: CommonSteps.WhenIClickOnButton("Next") (0.1s)
And I enter 'Kiwi77nz' password and 'MyCode01' ass password in the ASB Login page and clicks on Next button
-> done: ASBLoginPageSteps.WhenIEnterPasswordAndassPasswordInTheASBLoginPageAndClicksOnNextButton("Kiwi77nz", "MyCode01") (1.9s)
When I confirm details on the Summary page
UniqueId: 
Title: Miss
FirstName: Automation
MiddleName: COB-BTsSq
LastName: FYICOB
Email: cob2016@asb.co.nz
Gender: 
DateOfBirth: 1/1/1965 12:00:00 AM
DateCreated: 
LastReviewDate: 
Cals: 
IsIndividual: 
NzCitizen: 
NzResidence: 
HighValueCustomer: 
StaffMember: 
AmlVerified: 
VipCustomer: 
Addresses: System.Collections.Generic.List`1[ASB.Selenium.DataModel.Customer.Address]
AddressInformation: ASB.Selenium.DataModel.Customer.AddressInformation
CompanyName: 
CompanyType: 
CompanySubType: 
CustomerTypeCode: 
IrdNumber: 
TaxClass: Non-resident – country tax rate
TaxClassDate: 1/1/1981 12:00:00 AM
IsNzTaxResident: False
NonResidentCountryCode: 
IsForeignTaxResident: True
ForeignTaxResidencyStatus: 
IsProfileEnhanced: True
Phones: System.Collections.Generic.List`1[ASB.Selenium.DataModel.Customer.Phone]
NextOfKin: 
EmploymentDetails: 
LinkedCustomers: 
AccountRelationships: 
IdType: 
Fatca: ASB.Selenium.DataModel.Customer.Fatca
CitizenshipCountryCodes: 
CitizenshipCountryNames: System.Collections.Generic.List`1[System.String]
ForeignTaxResidenceTypes: System.Collections.Generic.List`1[ASB.Selenium.DataModel.Customer.ForeignTaxResidenceTypes]
OnboardingDetail: ASB.Selenium.DataModel.Customer.OnboardingDetail
AddressVerificationStatus: 
IdVerificationStatus: 
PreferredIdType: Other
IsProfileComplete: True
DaysRemaining: 0
OnboardingStatus: 
NewAccounts: System.Collections.Generic.List`1[ASB.Selenium.DataModel.Customer.Accounts]
FailedAccounts: System.Collections.Generic.List`1[ASB.Selenium.DataModel.Customer.Accounts]
OnboardingSource: JoinASB
CustomerCreated: 
LoginCreated: 
RegisteredForNetcode: 
AccountsCreated: 
CustomerAccessToken: 
VerificationPassword: MyCode01
LoginDetail: ASB.Selenium.DataModel.Customer.Login
CustomerType: 
Cif: 
Username: afyi25922
UsernameApi: 
Password: Kiwi77nz
PublicKey: 
AcceptedTermsAndConditions: 
BackgroundCheckConsent: 
PreferredIdType: 
-> done: SummaryPageSteps.WhenIConfirmDetailsOnTheSummaryPage() (3.2s)
Then the Logging you in progress page is displayed
-> done: ConfirmationPageSteps.ThenTheLoggingYouInProgressPageIsDisplayed() (13.2s)
And the Activation page is displayed
11/15/2017 3:23:34 AMThenTheActivationPageIsDisplayed: IsActivationPageDisplayed STARTED
11/15/2017 3:23:34 AMThenTheActivationPageIsDisplayed: IsActivationPageDisplayed DONE
11/15/2017 3:23:34 AMThenTheActivationPageIsDisplayed: IsSectionDisplayed STARTED
11/15/2017 3:23:39 AMThenTheActivationPageIsDisplayed: IsSectionDisplayed DONE
-> done: ActivationSummarySteps.ThenTheActivationPageIsDisplayed() (8.9s)
And the account number and product name is displayed for the selected products
==> Successfully created: Streamline transaction account:
12-3629-0373000-00
-> done: ActivationSummarySteps.ThenTheAccountNumberAndProductNameIsDisplayedForTheSelectedProducts() (27.5s)
And the 'Activate your account' section is displayed
-> done: ActivationSummarySteps.ThenTheSectionIsDisplayed("Activate your acc...") (0.0s)
And the Activate your account header is displayed
-> done: ActivationSummarySteps.ThenTheActivateYourAccountHeaderIsDisplayed() (0.0s)
And the Profile Details section is displayed
*** Verifying section for Profile Enhanced customer ***
-> done: ActivationSummarySteps.ThenTheProfileDetailsSectionIsDisplayed() (1.3s)
And the Proof of Address section is displayed
*** Verifying section for non-Address Verified customer ***
*** Verifying section for non-Address Verified customer ***
-> done: ActivationSummarySteps.ThenTheProofOfAddressSectionIsDisplayed() (0.3s)
And the Confirm Identity section is displayed
*** Verifying section for non-ID Verified customer ***
*** Verifying section for customer with Preferred ID = 'Other' ***
*** Verifying EIDV-Switched OFF Confirm Identity section for customer with Preferred ID: Other
-> done: ActivationSummarySteps.ThenTheConfirmIdentitySectionIsDisplayed() (0.5s)
And the See a complete list of acceptable documents text is displayed conditionally
Verifying acceptable documents link should be displayed
Clicking on link: acceptable documents
-> done: ActivationSummarySteps.ThenTheSeeACompleteListOfAcceptableDocumentsTextIsDisplayedConditionally() (1.8s)
And the Find a branch button is displayed conditionally
Verifying Find a branch button should be displayed
-> done: ActivationSummarySteps.ThenTheFindABranchButtonOpensInANewWindow() (4.5s)
]]></output>
                  </test-case>
                </test-suite>
                <test-suite type="ParameterizedMethod" id="0-1085" name="ACTSUM_09_VisaDebitSTP" fullname="Join.Form.Customer.Selenium.Features._08_ActivateSummaryFeature.ACTSUM_09_VisaDebitSTP" classname="Join.Form.Customer.Selenium.Features._08_ActivateSummaryFeature" runstate="Runnable" testcasecount="4" result="Passed" start-time="2017-11-14 14:24:20Z" end-time="2017-11-14 14:31:06Z" duration="406.247247" total="4" passed="4" failed="0" warnings="0" inconclusive="0" skipped="0" asserts="61">
                  <properties>
                    <property name="Description" value="ACTSUM_09 - Visa Debit STP" />
                    <property name="Category" value="COB" />
                    <property name="Category" value="activatesummary" />
                    <property name="Category" value="regression" />
                    <property name="Category" value="offline" />
                    <property name="Category" value="integration" />
                    <property name="Category" value="072016" />
                    <property name="Category" value="112017" />
                  </properties>
                  <test-case id="0-1081" name="ACTSUM_09_VisaDebitSTP(&quot;Streamline and Visa Debit&quot;,&quot;Streamline intro,ASB Visa Debit Streamline Intro&quot;,&quot;Mr&quot;,&quot;ass&quot;,&quot;&quot;,&quot;ass&quot;,System.String[])" fullname="Join.Form.Customer.Selenium.Features._08_ActivateSummaryFeature.ACTSUM_09_VisaDebitSTP(&quot;Streamline and Visa Debit&quot;,&quot;Streamline intro,ASB Visa Debit Streamline Intro&quot;,&quot;Mr&quot;,&quot;ass&quot;,&quot;&quot;,&quot;ass&quot;,System.String[])" methodname="ACTSUM_09_VisaDebitSTP" classname="Join.Form.Customer.Selenium.Features._08_ActivateSummaryFeature" runstate="Runnable" seed="1106747303" result="Passed" start-time="2017-11-14 14:24:20Z" end-time="2017-11-14 14:26:11Z" duration="110.602052" asserts="14">
                    <properties />
                    <output><![CDATA[Given I start my Streamline application
Navigating to URL: https://webappisamdev.asbbank.co.nz/public/join/asb/max?grcDisabled=true&fncJunction=fnc104
-> done: CommonSteps.GivenIStartMyStreamlineApplication() (1.4s)
Given I select the following products: 'Streamline intro,ASB Visa Debit Streamline Intro'
11/15/2017 3:24:33 AMWaitForFeaturesPageLoad: Executing WaitForFrameAndSwitch
11/15/2017 3:24:33 AMWaitForFeaturesPageLoad: Done executing WaitForFrameAndSwitch
Unable to find product 'FastSaver' in page or product 'FastSaver' is not selected
Unable to find product 'Savings On Call' in page or product 'Savings On Call' is not selected
Unable to find product 'Savings On Call' in page or product 'Savings On Call' is not selected
Unable to find product 'FastSaver' in page or product 'FastSaver' is not selected
-> done: ProductsPageSteps.WhenIChangeMySelectedProductsTo("Streamline intro,...") (15.3s)
And I enter personal and login details Mr,ass,,ass,ass,mark.masikip@asb.co.nz,021-ass,New Zealand,Other,Kiwi77nz,ass123,false
Given I enter mandatory Tax Information for NZ citizen and clicks on Next button
-> done: AdditionalPersonalDetailsSteps.GivenIEnterMandatoryTaxInformationForNZCitizen() (0.7s)
-> done: PersonalDetailsSteps.GivenIEnterPersonalAndLoginDetails("Mr", "ass", "", "ass", "ass", "mark.masikip@asb....", "021-ass", "New Zealand", "Other", "Kiwi77nz", "ass123", "false") (33.9s)
When I confirm details on the Summary page
UniqueId: 
Title: Mr
FirstName: COB-GBRQQ
MiddleName: 
LastName: COB-axJpk
Email: mark.masikip@asb.co.nz
Gender: 
DateOfBirth: 4/20/1962 12:00:00 AM
DateCreated: 
LastReviewDate: 
Cals: 
IsIndividual: 
NzCitizen: 
NzResidence: 
HighValueCustomer: 
StaffMember: 
AmlVerified: 
VipCustomer: 
Addresses: System.Collections.Generic.List`1[ASB.Selenium.DataModel.Customer.Address]
AddressInformation: ASB.Selenium.DataModel.Customer.AddressInformation
CompanyName: 
CompanyType: 
CompanySubType: 
CustomerTypeCode: 
IrdNumber: 
TaxClass: 
TaxClassDate: 
IsNzTaxResident: True
NonResidentCountryCode: 
IsForeignTaxResident: False
ForeignTaxResidencyStatus: 
IsProfileEnhanced: 
Phones: System.Collections.Generic.List`1[ASB.Selenium.DataModel.Customer.Phone]
NextOfKin: 
EmploymentDetails: 
LinkedCustomers: 
AccountRelationships: 
IdType: 
Fatca: ASB.Selenium.DataModel.Customer.Fatca
CitizenshipCountryCodes: 
CitizenshipCountryNames: System.Collections.Generic.List`1[System.String]
ForeignTaxResidenceTypes: System.Collections.Generic.List`1[ASB.Selenium.DataModel.Customer.ForeignTaxResidenceTypes]
OnboardingDetail: ASB.Selenium.DataModel.Customer.OnboardingDetail
AddressVerificationStatus: 
IdVerificationStatus: 
PreferredIdType: Other
IsProfileComplete: True
DaysRemaining: 0
OnboardingStatus: 
NewAccounts: System.Collections.Generic.List`1[ASB.Selenium.DataModel.Customer.Accounts]
FailedAccounts: System.Collections.Generic.List`1[ASB.Selenium.DataModel.Customer.Accounts]
OnboardingSource: JoinASB
CustomerCreated: 
LoginCreated: 
RegisteredForNetcode: 
AccountsCreated: 
CustomerAccessToken: 
VerificationPassword: ass123
LoginDetail: ASB.Selenium.DataModel.Customer.Login
CustomerType: 
Cif: 
Username: ccob47711
UsernameApi: 
Password: Kiwi77nz
PublicKey: 
AcceptedTermsAndConditions: 
BackgroundCheckConsent: 
PreferredIdType: 
-> done: SummaryPageSteps.WhenIConfirmDetailsOnTheSummaryPage() (3.0s)
Then the Logging you in progress page is displayed
-> done: ConfirmationPageSteps.ThenTheLoggingYouInProgressPageIsDisplayed() (18.6s)
And the Activation page is displayed
11/15/2017 3:25:35 AMThenTheActivationPageIsDisplayed: IsActivationPageDisplayed STARTED
11/15/2017 3:25:36 AMThenTheActivationPageIsDisplayed: IsActivationPageDisplayed DONE
11/15/2017 3:25:36 AMThenTheActivationPageIsDisplayed: IsSectionDisplayed STARTED
11/15/2017 3:25:38 AMThenTheActivationPageIsDisplayed: IsSectionDisplayed DONE
-> done: ActivationSummarySteps.ThenTheActivationPageIsDisplayed() (6.9s)
And the account number and product name is displayed for the selected products
==> Successfully created: Streamline transaction account:
12-3629-0373019-00
==> Successfully created: ASB Visa Debit card:
Issued for delivery within a week
-> done: ActivationSummarySteps.ThenTheAccountNumberAndProductNameIsDisplayedForTheSelectedProducts() (27.5s)
]]></output>
                  </test-case>
                  <test-case id="0-1082" name="ACTSUM_09_VisaDebitSTP(&quot;All products&quot;,&quot;Streamline intro,ASB Visa Debit Streamline Intro,Savings On Call,FastSaver&quot;,&quot;Ms&quot;,&quot;ass&quot;,&quot;ass&quot;,&quot;ass&quot;,System.String[])" fullname="Join.Form.Customer.Selenium.Features._08_ActivateSummaryFeature.ACTSUM_09_VisaDebitSTP(&quot;All products&quot;,&quot;Streamline intro,ASB Visa Debit Streamline Intro,Savings On Call,FastSaver&quot;,&quot;Ms&quot;,&quot;ass&quot;,&quot;ass&quot;,&quot;ass&quot;,System.String[])" methodname="ACTSUM_09_VisaDebitSTP" classname="Join.Form.Customer.Selenium.Features._08_ActivateSummaryFeature" runstate="Runnable" seed="1472711858" result="Passed" start-time="2017-11-14 14:26:11Z" end-time="2017-11-14 14:27:52Z" duration="100.972250" asserts="16">
                    <properties />
                    <output><![CDATA[Given I start my Streamline application
Navigating to URL: https://webappisamdev.asbbank.co.nz/public/join/asb/max?grcDisabled=true&fncJunction=fnc104
-> done: CommonSteps.GivenIStartMyStreamlineApplication() (0.8s)
Given I select the following products: 'Streamline intro,ASB Visa Debit Streamline Intro,Savings On Call,FastSaver'
11/15/2017 3:26:22 AMWaitForFeaturesPageLoad: Executing WaitForFrameAndSwitch
11/15/2017 3:26:22 AMWaitForFeaturesPageLoad: Done executing WaitForFrameAndSwitch
Unable to find product 'Savings On Call' in page or product 'Savings On Call' is not selected
Unable to find product 'FastSaver' in page or product 'FastSaver' is not selected
-> done: ProductsPageSteps.WhenIChangeMySelectedProductsTo("Streamline intro,...") (15.2s)
And I enter personal and login details Ms,ass,ass,ass,ass,mark.masikip@asb.co.nz,021-ass,New Zealand,Other,Kiwi77nz,ass123,false
Given I enter mandatory Tax Information for NZ citizen and clicks on Next button
-> done: AdditionalPersonalDetailsSteps.GivenIEnterMandatoryTaxInformationForNZCitizen() (0.6s)
-> done: PersonalDetailsSteps.GivenIEnterPersonalAndLoginDetails("Ms", "ass", "ass", "ass", "ass", "mark.masikip@asb....", "021-ass", "New Zealand", "Other", "Kiwi77nz", "ass123", "false") (22.7s)
When I confirm details on the Summary page
UniqueId: 
Title: Ms
FirstName: COB-bPbGj
MiddleName: COB-BSaOQ
LastName: COB-kFciI
Email: mark.masikip@asb.co.nz
Gender: 
DateOfBirth: 5/9/1936 12:00:00 AM
DateCreated: 
LastReviewDate: 
Cals: 
IsIndividual: 
NzCitizen: 
NzResidence: 
HighValueCustomer: 
StaffMember: 
AmlVerified: 
VipCustomer: 
Addresses: System.Collections.Generic.List`1[ASB.Selenium.DataModel.Customer.Address]
AddressInformation: ASB.Selenium.DataModel.Customer.AddressInformation
CompanyName: 
CompanyType: 
CompanySubType: 
CustomerTypeCode: 
IrdNumber: 
TaxClass: 
TaxClassDate: 
IsNzTaxResident: True
NonResidentCountryCode: 
IsForeignTaxResident: False
ForeignTaxResidencyStatus: 
IsProfileEnhanced: 
Phones: System.Collections.Generic.List`1[ASB.Selenium.DataModel.Customer.Phone]
NextOfKin: 
EmploymentDetails: 
LinkedCustomers: 
AccountRelationships: 
IdType: 
Fatca: ASB.Selenium.DataModel.Customer.Fatca
CitizenshipCountryCodes: 
CitizenshipCountryNames: System.Collections.Generic.List`1[System.String]
ForeignTaxResidenceTypes: System.Collections.Generic.List`1[ASB.Selenium.DataModel.Customer.ForeignTaxResidenceTypes]
OnboardingDetail: ASB.Selenium.DataModel.Customer.OnboardingDetail
AddressVerificationStatus: 
IdVerificationStatus: 
PreferredIdType: Other
IsProfileComplete: True
DaysRemaining: 0
OnboardingStatus: 
NewAccounts: System.Collections.Generic.List`1[ASB.Selenium.DataModel.Customer.Accounts]
FailedAccounts: System.Collections.Generic.List`1[ASB.Selenium.DataModel.Customer.Accounts]
OnboardingSource: JoinASB
CustomerCreated: 
LoginCreated: 
RegisteredForNetcode: 
AccountsCreated: 
CustomerAccessToken: 
VerificationPassword: ass123
LoginDetail: ASB.Selenium.DataModel.Customer.Login
CustomerType: 
Cif: 
Username: ccob01492
UsernameApi: 
Password: Kiwi77nz
PublicKey: 
AcceptedTermsAndConditions: 
BackgroundCheckConsent: 
PreferredIdType: 
-> done: SummaryPageSteps.WhenIConfirmDetailsOnTheSummaryPage() (2.9s)
Then the Logging you in progress page is displayed
-> done: ConfirmationPageSteps.ThenTheLoggingYouInProgressPageIsDisplayed() (21.9s)
And the Activation page is displayed
11/15/2017 3:27:17 AMThenTheActivationPageIsDisplayed: IsActivationPageDisplayed STARTED
11/15/2017 3:27:17 AMThenTheActivationPageIsDisplayed: IsActivationPageDisplayed DONE
11/15/2017 3:27:17 AMThenTheActivationPageIsDisplayed: IsSectionDisplayed STARTED
11/15/2017 3:27:19 AMThenTheActivationPageIsDisplayed: IsSectionDisplayed DONE
-> done: ActivationSummarySteps.ThenTheActivationPageIsDisplayed() (6.8s)
And the account number and product name is displayed for the selected products
==> Successfully created: Streamline transaction account:
12-3629-0373027-00
==> Successfully created: ASB Visa Debit card:
Issued for delivery within a week
==> Successfully created: Savings On Call:
12-3629-0373027-50
==> Successfully created: FastSaver:
12-3629-0373027-51
-> done: ActivationSummarySteps.ThenTheAccountNumberAndProductNameIsDisplayedForTheSelectedProducts() (27.3s)
]]></output>
                  </test-case>
                  <test-case id="0-1083" name="ACTSUM_09_VisaDebitSTP(&quot;No FastSaver - Mx Male&quot;,&quot;Streamline intro,ASB Visa Debit Streamline Intro,Savings On Call&quot;,&quot;ass&quot;,&quot;ass&quot;,&quot;ass&quot;,&quot;ass&quot;,System.String[])" fullname="Join.Form.Customer.Selenium.Features._08_ActivateSummaryFeature.ACTSUM_09_VisaDebitSTP(&quot;No FastSaver - Mx Male&quot;,&quot;Streamline intro,ASB Visa Debit Streamline Intro,Savings On Call&quot;,&quot;ass&quot;,&quot;ass&quot;,&quot;ass&quot;,&quot;ass&quot;,System.String[])" methodname="ACTSUM_09_VisaDebitSTP" classname="Join.Form.Customer.Selenium.Features._08_ActivateSummaryFeature" runstate="Runnable" seed="1464250934" result="Passed" start-time="2017-11-14 14:27:52Z" end-time="2017-11-14 14:29:28Z" duration="96.685574" asserts="15">
                    <properties />
                    <output><![CDATA[Given I start my Streamline application
Navigating to URL: https://webappisamdev.asbbank.co.nz/public/join/asb/max?grcDisabled=true&fncJunction=fnc104
-> done: CommonSteps.GivenIStartMyStreamlineApplication() (0.9s)
Given I select the following products: 'Streamline intro,ASB Visa Debit Streamline Intro,Savings On Call'
11/15/2017 3:28:03 AMWaitForFeaturesPageLoad: Executing WaitForFrameAndSwitch
11/15/2017 3:28:04 AMWaitForFeaturesPageLoad: Done executing WaitForFrameAndSwitch
Unable to find product 'Savings On Call' in page or product 'Savings On Call' is not selected
Unable to find product 'FastSaver' in page or product 'FastSaver' is not selected
Unable to find product 'FastSaver' in page or product 'FastSaver' is not selected
-> done: ProductsPageSteps.WhenIChangeMySelectedProductsTo("Streamline intro,...") (15.1s)
And I enter personal and login details ass,ass,ass,ass,ass,mark.masikip@asb.co.nz,021-ass,New Zealand,Other,Kiwi77nz,ass123,false
Given I enter mandatory Tax Information for NZ citizen and clicks on Next button
-> done: AdditionalPersonalDetailsSteps.GivenIEnterMandatoryTaxInformationForNZCitizen() (0.5s)
-> done: PersonalDetailsSteps.GivenIEnterPersonalAndLoginDetails("ass", "ass", "ass", "ass", "ass", "mark.masikip@asb....", "021-ass", "New Zealand", "Other", "Kiwi77nz", "ass123", "false") (21.8s)
When I confirm details on the Summary page
UniqueId: 
Title: Mx
FirstName: COB-pbfKV
MiddleName: COB-vMhPt
LastName: COB-KYQDJ
Email: mark.masikip@asb.co.nz
Gender: 
DateOfBirth: 5/3/1935 12:00:00 AM
DateCreated: 
LastReviewDate: 
Cals: 
IsIndividual: 
NzCitizen: 
NzResidence: 
HighValueCustomer: 
StaffMember: 
AmlVerified: 
VipCustomer: 
Addresses: System.Collections.Generic.List`1[ASB.Selenium.DataModel.Customer.Address]
AddressInformation: ASB.Selenium.DataModel.Customer.AddressInformation
CompanyName: 
CompanyType: 
CompanySubType: 
CustomerTypeCode: 
IrdNumber: 
TaxClass: 
TaxClassDate: 
IsNzTaxResident: True
NonResidentCountryCode: 
IsForeignTaxResident: False
ForeignTaxResidencyStatus: 
IsProfileEnhanced: 
Phones: System.Collections.Generic.List`1[ASB.Selenium.DataModel.Customer.Phone]
NextOfKin: 
EmploymentDetails: 
LinkedCustomers: 
AccountRelationships: 
IdType: 
Fatca: ASB.Selenium.DataModel.Customer.Fatca
CitizenshipCountryCodes: 
CitizenshipCountryNames: System.Collections.Generic.List`1[System.String]
ForeignTaxResidenceTypes: System.Collections.Generic.List`1[ASB.Selenium.DataModel.Customer.ForeignTaxResidenceTypes]
OnboardingDetail: ASB.Selenium.DataModel.Customer.OnboardingDetail
AddressVerificationStatus: 
IdVerificationStatus: 
PreferredIdType: Other
IsProfileComplete: True
DaysRemaining: 0
OnboardingStatus: 
NewAccounts: System.Collections.Generic.List`1[ASB.Selenium.DataModel.Customer.Accounts]
FailedAccounts: System.Collections.Generic.List`1[ASB.Selenium.DataModel.Customer.Accounts]
OnboardingSource: JoinASB
CustomerCreated: 
LoginCreated: 
RegisteredForNetcode: 
AccountsCreated: 
CustomerAccessToken: 
VerificationPassword: ass123
LoginDetail: ASB.Selenium.DataModel.Customer.Login
CustomerType: 
Cif: 
Username: ccob26524
UsernameApi: 
Password: Kiwi77nz
PublicKey: 
AcceptedTermsAndConditions: 
BackgroundCheckConsent: 
PreferredIdType: 
-> done: SummaryPageSteps.WhenIConfirmDetailsOnTheSummaryPage() (3.1s)
Then the Logging you in progress page is displayed
-> done: ConfirmationPageSteps.ThenTheLoggingYouInProgressPageIsDisplayed() (18.7s)
And the Activation page is displayed
11/15/2017 3:28:54 AMThenTheActivationPageIsDisplayed: IsActivationPageDisplayed STARTED
11/15/2017 3:28:54 AMThenTheActivationPageIsDisplayed: IsActivationPageDisplayed DONE
11/15/2017 3:28:54 AMThenTheActivationPageIsDisplayed: IsSectionDisplayed STARTED
11/15/2017 3:28:56 AMThenTheActivationPageIsDisplayed: IsSectionDisplayed DONE
-> done: ActivationSummarySteps.ThenTheActivationPageIsDisplayed() (6.7s)
And the account number and product name is displayed for the selected products
==> Successfully created: Streamline transaction account:
12-3629-0373035-00
==> Successfully created: ASB Visa Debit card:
Issued for delivery within a week
==> Successfully created: Savings On Call:
12-3629-0373035-50
-> done: ActivationSummarySteps.ThenTheAccountNumberAndProductNameIsDisplayedForTheSelectedProducts() (27.0s)
]]></output>
                  </test-case>
                  <test-case id="0-1084" name="ACTSUM_09_VisaDebitSTP(&quot;All products - Mx Female&quot;,&quot;Streamline intro,ASB Visa Debit Streamline Intro,Savings On Call,FastSaver&quot;,&quot;ass&quot;,&quot;ass&quot;,&quot;ass&quot;,&quot;ass&quot;,System.String[])" fullname="Join.Form.Customer.Selenium.Features._08_ActivateSummaryFeature.ACTSUM_09_VisaDebitSTP(&quot;All products - Mx Female&quot;,&quot;Streamline intro,ASB Visa Debit Streamline Intro,Savings On Call,FastSaver&quot;,&quot;ass&quot;,&quot;ass&quot;,&quot;ass&quot;,&quot;ass&quot;,System.String[])" methodname="ACTSUM_09_VisaDebitSTP" classname="Join.Form.Customer.Selenium.Features._08_ActivateSummaryFeature" runstate="Runnable" seed="1259767491" result="Passed" start-time="2017-11-14 14:29:28Z" end-time="2017-11-14 14:31:06Z" duration="97.930754" asserts="16">
                    <properties />
                    <output><![CDATA[Given I start my Streamline application
Navigating to URL: https://webappisamdev.asbbank.co.nz/public/join/asb/max?grcDisabled=true&fncJunction=fnc104
-> done: CommonSteps.GivenIStartMyStreamlineApplication() (0.8s)
Given I select the following products: 'Streamline intro,ASB Visa Debit Streamline Intro,Savings On Call,FastSaver'
11/15/2017 3:29:40 AMWaitForFeaturesPageLoad: Executing WaitForFrameAndSwitch
11/15/2017 3:29:40 AMWaitForFeaturesPageLoad: Done executing WaitForFrameAndSwitch
Unable to find product 'Savings On Call' in page or product 'Savings On Call' is not selected
Unable to find product 'FastSaver' in page or product 'FastSaver' is not selected
-> done: ProductsPageSteps.WhenIChangeMySelectedProductsTo("Streamline intro,...") (15.2s)
And I enter personal and login details ass,ass,ass,ass,ass,mark.masikip@asb.co.nz,021-ass,New Zealand,Other,Kiwi77nz,ass123,false
Given I enter mandatory Tax Information for NZ citizen and clicks on Next button
-> done: AdditionalPersonalDetailsSteps.GivenIEnterMandatoryTaxInformationForNZCitizen() (0.6s)
-> done: PersonalDetailsSteps.GivenIEnterPersonalAndLoginDetails("ass", "ass", "ass", "ass", "ass", "mark.masikip@asb....", "021-ass", "New Zealand", "Other", "Kiwi77nz", "ass123", "false") (21.6s)
When I confirm details on the Summary page
UniqueId: 
Title: Mx
FirstName: COB-xTGBQ
MiddleName: COB-SHbNO
LastName: COB-sBCVx
Email: mark.masikip@asb.co.nz
Gender: 
DateOfBirth: 5/13/1995 12:00:00 AM
DateCreated: 
LastReviewDate: 
Cals: 
IsIndividual: 
NzCitizen: 
NzResidence: 
HighValueCustomer: 
StaffMember: 
AmlVerified: 
VipCustomer: 
Addresses: System.Collections.Generic.List`1[ASB.Selenium.DataModel.Customer.Address]
AddressInformation: ASB.Selenium.DataModel.Customer.AddressInformation
CompanyName: 
CompanyType: 
CompanySubType: 
CustomerTypeCode: 
IrdNumber: 
TaxClass: 
TaxClassDate: 
IsNzTaxResident: True
NonResidentCountryCode: 
IsForeignTaxResident: False
ForeignTaxResidencyStatus: 
IsProfileEnhanced: 
Phones: System.Collections.Generic.List`1[ASB.Selenium.DataModel.Customer.Phone]
NextOfKin: 
EmploymentDetails: 
LinkedCustomers: 
AccountRelationships: 
IdType: 
Fatca: ASB.Selenium.DataModel.Customer.Fatca
CitizenshipCountryCodes: 
CitizenshipCountryNames: System.Collections.Generic.List`1[System.String]
ForeignTaxResidenceTypes: System.Collections.Generic.List`1[ASB.Selenium.DataModel.Customer.ForeignTaxResidenceTypes]
OnboardingDetail: ASB.Selenium.DataModel.Customer.OnboardingDetail
AddressVerificationStatus: 
IdVerificationStatus: 
PreferredIdType: Other
IsProfileComplete: True
DaysRemaining: 0
OnboardingStatus: 
NewAccounts: System.Collections.Generic.List`1[ASB.Selenium.DataModel.Customer.Accounts]
FailedAccounts: System.Collections.Generic.List`1[ASB.Selenium.DataModel.Customer.Accounts]
OnboardingSource: JoinASB
CustomerCreated: 
LoginCreated: 
RegisteredForNetcode: 
AccountsCreated: 
CustomerAccessToken: 
VerificationPassword: ass123
LoginDetail: ASB.Selenium.DataModel.Customer.Login
CustomerType: 
Cif: 
Username: ccob82792
UsernameApi: 
Password: Kiwi77nz
PublicKey: 
AcceptedTermsAndConditions: 
BackgroundCheckConsent: 
PreferredIdType: 
-> done: SummaryPageSteps.WhenIConfirmDetailsOnTheSummaryPage() (3.2s)
Then the Logging you in progress page is displayed
-> done: ConfirmationPageSteps.ThenTheLoggingYouInProgressPageIsDisplayed() (20.0s)
And the Activation page is displayed
11/15/2017 3:30:32 AMThenTheActivationPageIsDisplayed: IsActivationPageDisplayed STARTED
11/15/2017 3:30:32 AMThenTheActivationPageIsDisplayed: IsActivationPageDisplayed DONE
11/15/2017 3:30:32 AMThenTheActivationPageIsDisplayed: IsSectionDisplayed STARTED
11/15/2017 3:30:34 AMThenTheActivationPageIsDisplayed: IsSectionDisplayed DONE
-> done: ActivationSummarySteps.ThenTheActivationPageIsDisplayed() (6.7s)
And the account number and product name is displayed for the selected products
==> Successfully created: Streamline transaction account:
12-3629-0373043-00
==> Successfully created: ASB Visa Debit card:
Issued for delivery within a week
==> Successfully created: Savings On Call:
12-3629-0373043-50
==> Successfully created: FastSaver:
12-3629-0373043-51
-> done: ActivationSummarySteps.ThenTheAccountNumberAndProductNameIsDisplayedForTheSelectedProducts() (27.2s)
]]></output>
                  </test-case>
                </test-suite>
                <test-suite type="ParameterizedMethod" id="0-1094" name="ACTSUM_10_VisaDebitSTPProfanityCheck" fullname="Join.Form.Customer.Selenium.Features._08_ActivateSummaryFeature.ACTSUM_10_VisaDebitSTPProfanityCheck" classname="Join.Form.Customer.Selenium.Features._08_ActivateSummaryFeature" runstate="Runnable" testcasecount="8" result="Passed" start-time="2017-11-14 14:31:06Z" end-time="2017-11-14 14:43:27Z" duration="740.238264" total="8" passed="8" failed="0" warnings="0" inconclusive="0" skipped="0" asserts="120">
                  <properties>
                    <property name="Description" value="ACTSUM_10 - Visa Debit STP Profanity Check" />
                    <property name="Category" value="COB" />
                    <property name="Category" value="activatesummary" />
                    <property name="Category" value="regression" />
                    <property name="Category" value="offline" />
                    <property name="Category" value="integration" />
                    <property name="Category" value="072016" />
                    <property name="Category" value="112017" />
                  </properties>
                  <test-case id="0-1086" name="ACTSUM_10_VisaDebitSTPProfanityCheck(&quot;Firstname Only&quot;,&quot;ass&quot;,&quot;Sam&quot;,&quot;ass&quot;,&quot;ass123&quot;,&quot;true&quot;,System.String[])" fullname="Join.Form.Customer.Selenium.Features._08_ActivateSummaryFeature.ACTSUM_10_VisaDebitSTPProfanityCheck(&quot;Firstname Only&quot;,&quot;ass&quot;,&quot;Sam&quot;,&quot;ass&quot;,&quot;ass123&quot;,&quot;true&quot;,System.String[])" methodname="ACTSUM_10_VisaDebitSTPProfanityCheck" classname="Join.Form.Customer.Selenium.Features._08_ActivateSummaryFeature" runstate="Runnable" seed="10239714" result="Passed" start-time="2017-11-14 14:31:06Z" end-time="2017-11-14 14:32:42Z" duration="95.134593" asserts="15">
                    <properties />
                    <output><![CDATA[Given I start my Streamline application
Navigating to URL: https://webappisamdev.asbbank.co.nz/public/join/asb/max?grcDisabled=true&fncJunction=fnc104
-> done: CommonSteps.GivenIStartMyStreamlineApplication() (0.8s)
Given I am in the Personal Details page
11/15/2017 3:31:18 AMWaitForFeaturesPageLoad: Executing WaitForFrameAndSwitch
11/15/2017 3:31:18 AMWaitForFeaturesPageLoad: Done executing WaitForFrameAndSwitch
Unable to find product 'Savings On Call' in page or product 'Savings On Call' is not selected
Unable to find product 'FastSaver' in page or product 'FastSaver' is not selected
-> done: PersonalDetailsSteps.GivenIAmInThePersonalDetailsPage() (13.0s)
And I enter personal and login details Mr,ass,Sam,ass,ass,mark.masikip@asb.co.nz,021-ass,New Zealand,Other,Kiwi77nz,ass123,true
Given I enter mandatory Tax Information for NZ citizen and clicks on Next button
-> done: AdditionalPersonalDetailsSteps.GivenIEnterMandatoryTaxInformationForNZCitizen() (0.7s)
-> done: PersonalDetailsSteps.GivenIEnterPersonalAndLoginDetails("Mr", "ass", "Sam", "ass", "ass", "mark.masikip@asb....", "021-ass", "New Zealand", "Other", "Kiwi77nz", "ass123", "true") (25.6s)
When I confirm details on the Summary page
UniqueId: 
Title: Mr
FirstName: ass
MiddleName: Sam
LastName: ass
Email: mark.masikip@asb.co.nz
Gender: 
DateOfBirth: 2/23/1978 12:00:00 AM
DateCreated: 
LastReviewDate: 
Cals: 
IsIndividual: 
NzCitizen: 
NzResidence: 
HighValueCustomer: 
StaffMember: 
AmlVerified: 
VipCustomer: 
Addresses: System.Collections.Generic.List`1[ASB.Selenium.DataModel.Customer.Address]
AddressInformation: ASB.Selenium.DataModel.Customer.AddressInformation
CompanyName: 
CompanyType: 
CompanySubType: 
CustomerTypeCode: 
IrdNumber: 
TaxClass: 
TaxClassDate: 
IsNzTaxResident: True
NonResidentCountryCode: 
IsForeignTaxResident: False
ForeignTaxResidencyStatus: 
IsProfileEnhanced: 
Phones: System.Collections.Generic.List`1[ASB.Selenium.DataModel.Customer.Phone]
NextOfKin: 
EmploymentDetails: 
LinkedCustomers: 
AccountRelationships: 
IdType: 
Fatca: ASB.Selenium.DataModel.Customer.Fatca
CitizenshipCountryCodes: 
CitizenshipCountryNames: System.Collections.Generic.List`1[System.String]
ForeignTaxResidenceTypes: System.Collections.Generic.List`1[ASB.Selenium.DataModel.Customer.ForeignTaxResidenceTypes]
OnboardingDetail: ASB.Selenium.DataModel.Customer.OnboardingDetail
AddressVerificationStatus: 
IdVerificationStatus: 
PreferredIdType: Other
IsProfileComplete: True
DaysRemaining: 0
OnboardingStatus: 
NewAccounts: System.Collections.Generic.List`1[ASB.Selenium.DataModel.Customer.Accounts]
FailedAccounts: System.Collections.Generic.List`1[ASB.Selenium.DataModel.Customer.Accounts]
OnboardingSource: JoinASB
CustomerCreated: 
LoginCreated: 
RegisteredForNetcode: 
AccountsCreated: 
CustomerAccessToken: 
VerificationPassword: ass123
LoginDetail: ASB.Selenium.DataModel.Customer.Login
CustomerType: 
Cif: 
Username: fwin22972
UsernameApi: 
Password: Kiwi77nz
PublicKey: 
AcceptedTermsAndConditions: 
BackgroundCheckConsent: 
PreferredIdType: 
-> done: SummaryPageSteps.WhenIConfirmDetailsOnTheSummaryPage() (2.9s)
Then the Logging you in progress page is displayed
-> done: ConfirmationPageSteps.ThenTheLoggingYouInProgressPageIsDisplayed() (13.8s)
And the Activation page is displayed
11/15/2017 3:32:05 AMThenTheActivationPageIsDisplayed: IsActivationPageDisplayed STARTED
11/15/2017 3:32:05 AMThenTheActivationPageIsDisplayed: IsActivationPageDisplayed DONE
11/15/2017 3:32:05 AMThenTheActivationPageIsDisplayed: IsSectionDisplayed STARTED
11/15/2017 3:32:09 AMThenTheActivationPageIsDisplayed: IsSectionDisplayed DONE
-> done: ActivationSummarySteps.ThenTheActivationPageIsDisplayed() (8.8s)
And the account number and product name is displayed for the selected products
==> Successfully created: Streamline transaction account:
12-3629-0373051-00
==> Successfully requested: ASB Visa Debit card:
Successfully requested
-> done: ActivationSummarySteps.ThenTheAccountNumberAndProductNameIsDisplayedForTheSelectedProducts() (27.0s)
]]></output>
                  </test-case>
                  <test-case id="0-1087" name="ACTSUM_10_VisaDebitSTPProfanityCheck(&quot;Middlename Only&quot;,&quot;ass&quot;,&quot;ass&quot;,&quot;ass&quot;,&quot;ass123&quot;,&quot;true&quot;,System.String[])" fullname="Join.Form.Customer.Selenium.Features._08_ActivateSummaryFeature.ACTSUM_10_VisaDebitSTPProfanityCheck(&quot;Middlename Only&quot;,&quot;ass&quot;,&quot;ass&quot;,&quot;ass&quot;,&quot;ass123&quot;,&quot;true&quot;,System.String[])" methodname="ACTSUM_10_VisaDebitSTPProfanityCheck" classname="Join.Form.Customer.Selenium.Features._08_ActivateSummaryFeature" runstate="Runnable" seed="1808098823" result="Passed" start-time="2017-11-14 14:32:42Z" end-time="2017-11-14 14:34:13Z" duration="91.054458" asserts="15">
                    <properties />
                    <output><![CDATA[Given I start my Streamline application
Navigating to URL: https://webappisamdev.asbbank.co.nz/public/join/asb/max?grcDisabled=true&fncJunction=fnc104
-> done: CommonSteps.GivenIStartMyStreamlineApplication() (0.7s)
Given I am in the Personal Details page
11/15/2017 3:32:53 AMWaitForFeaturesPageLoad: Executing WaitForFrameAndSwitch
11/15/2017 3:32:53 AMWaitForFeaturesPageLoad: Done executing WaitForFrameAndSwitch
Unable to find product 'Savings On Call' in page or product 'Savings On Call' is not selected
Unable to find product 'FastSaver' in page or product 'FastSaver' is not selected
-> done: PersonalDetailsSteps.GivenIAmInThePersonalDetailsPage() (13.0s)
And I enter personal and login details Mr,ass,ass,ass,ass,mark.masikip@asb.co.nz,021-ass,New Zealand,Other,Kiwi77nz,ass123,true
Given I enter mandatory Tax Information for NZ citizen and clicks on Next button
-> done: AdditionalPersonalDetailsSteps.GivenIEnterMandatoryTaxInformationForNZCitizen() (0.7s)
-> done: PersonalDetailsSteps.GivenIEnterPersonalAndLoginDetails("Mr", "ass", "ass", "ass", "ass", "mark.masikip@asb....", "021-ass", "New Zealand", "Other", "Kiwi77nz", "ass123", "true") (24.0s)
When I confirm details on the Summary page
UniqueId: 
Title: Mr
FirstName: ass
MiddleName: ass
LastName: ass
Email: mark.masikip@asb.co.nz
Gender: 
DateOfBirth: 12/24/1923 12:00:00 AM
DateCreated: 
LastReviewDate: 
Cals: 
IsIndividual: 
NzCitizen: 
NzResidence: 
HighValueCustomer: 
StaffMember: 
AmlVerified: 
VipCustomer: 
Addresses: System.Collections.Generic.List`1[ASB.Selenium.DataModel.Customer.Address]
AddressInformation: ASB.Selenium.DataModel.Customer.AddressInformation
CompanyName: 
CompanyType: 
CompanySubType: 
CustomerTypeCode: 
IrdNumber: 
TaxClass: 
TaxClassDate: 
IsNzTaxResident: True
NonResidentCountryCode: 
IsForeignTaxResident: False
ForeignTaxResidencyStatus: 
IsProfileEnhanced: 
Phones: System.Collections.Generic.List`1[ASB.Selenium.DataModel.Customer.Phone]
NextOfKin: 
EmploymentDetails: 
LinkedCustomers: 
AccountRelationships: 
IdType: 
Fatca: ASB.Selenium.DataModel.Customer.Fatca
CitizenshipCountryCodes: 
CitizenshipCountryNames: System.Collections.Generic.List`1[System.String]
ForeignTaxResidenceTypes: System.Collections.Generic.List`1[ASB.Selenium.DataModel.Customer.ForeignTaxResidenceTypes]
OnboardingDetail: ASB.Selenium.DataModel.Customer.OnboardingDetail
AddressVerificationStatus: 
IdVerificationStatus: 
PreferredIdType: Other
IsProfileComplete: True
DaysRemaining: 0
OnboardingStatus: 
NewAccounts: System.Collections.Generic.List`1[ASB.Selenium.DataModel.Customer.Accounts]
FailedAccounts: System.Collections.Generic.List`1[ASB.Selenium.DataModel.Customer.Accounts]
OnboardingSource: JoinASB
CustomerCreated: 
LoginCreated: 
RegisteredForNetcode: 
AccountsCreated: 
CustomerAccessToken: 
VerificationPassword: ass123
LoginDetail: ASB.Selenium.DataModel.Customer.Login
CustomerType: 
Cif: 
Username: fwol83942
UsernameApi: 
Password: Kiwi77nz
PublicKey: 
AcceptedTermsAndConditions: 
BackgroundCheckConsent: 
PreferredIdType: 
-> done: SummaryPageSteps.WhenIConfirmDetailsOnTheSummaryPage() (2.9s)
Then the Logging you in progress page is displayed
-> done: ConfirmationPageSteps.ThenTheLoggingYouInProgressPageIsDisplayed() (13.2s)
And the Activation page is displayed
11/15/2017 3:33:38 AMThenTheActivationPageIsDisplayed: IsActivationPageDisplayed STARTED
11/15/2017 3:33:38 AMThenTheActivationPageIsDisplayed: IsActivationPageDisplayed DONE
11/15/2017 3:33:38 AMThenTheActivationPageIsDisplayed: IsSectionDisplayed STARTED
11/15/2017 3:33:40 AMThenTheActivationPageIsDisplayed: IsSectionDisplayed DONE
-> done: ActivationSummarySteps.ThenTheActivationPageIsDisplayed() (6.9s)
And the account number and product name is displayed for the selected products
==> Successfully created: Streamline transaction account:
12-3629-0373078-00
==> Successfully requested: ASB Visa Debit card:
Successfully requested
-> done: ActivationSummarySteps.ThenTheAccountNumberAndProductNameIsDisplayedForTheSelectedProducts() (27.0s)
]]></output>
                  </test-case>
                  <test-case id="0-1088" name="ACTSUM_10_VisaDebitSTPProfanityCheck(&quot;Lastname Only&quot;,&quot;ass&quot;,&quot;ass&quot;,&quot;ass&quot;,&quot;ass123&quot;,&quot;true&quot;,System.String[])" fullname="Join.Form.Customer.Selenium.Features._08_ActivateSummaryFeature.ACTSUM_10_VisaDebitSTPProfanityCheck(&quot;Lastname Only&quot;,&quot;ass&quot;,&quot;ass&quot;,&quot;ass&quot;,&quot;ass123&quot;,&quot;true&quot;,System.String[])" methodname="ACTSUM_10_VisaDebitSTPProfanityCheck" classname="Join.Form.Customer.Selenium.Features._08_ActivateSummaryFeature" runstate="Runnable" seed="1175600175" result="Passed" start-time="2017-11-14 14:34:13Z" end-time="2017-11-14 14:35:43Z" duration="90.457119" asserts="15">
                    <properties />
                    <output><![CDATA[Given I start my Streamline application
Navigating to URL: https://webappisamdev.asbbank.co.nz/public/join/asb/max?grcDisabled=true&fncJunction=fnc104
-> done: CommonSteps.GivenIStartMyStreamlineApplication() (0.8s)
Given I am in the Personal Details page
11/15/2017 3:34:24 AMWaitForFeaturesPageLoad: Executing WaitForFrameAndSwitch
11/15/2017 3:34:24 AMWaitForFeaturesPageLoad: Done executing WaitForFrameAndSwitch
Unable to find product 'Savings On Call' in page or product 'Savings On Call' is not selected
Unable to find product 'FastSaver' in page or product 'FastSaver' is not selected
-> done: PersonalDetailsSteps.GivenIAmInThePersonalDetailsPage() (13.1s)
And I enter personal and login details Mr,ass,ass,ass,ass,mark.masikip@asb.co.nz,021-ass,New Zealand,Other,Kiwi77nz,ass123,true
Given I enter mandatory Tax Information for NZ citizen and clicks on Next button
-> done: AdditionalPersonalDetailsSteps.GivenIEnterMandatoryTaxInformationForNZCitizen() (0.5s)
-> done: PersonalDetailsSteps.GivenIEnterPersonalAndLoginDetails("Mr", "ass", "ass", "ass", "ass", "mark.masikip@asb....", "021-ass", "New Zealand", "Other", "Kiwi77nz", "ass123", "true") (21.6s)
When I confirm details on the Summary page
UniqueId: 
Title: Mr
FirstName: ass
MiddleName: ass
LastName: ass
Email: mark.masikip@asb.co.nz
Gender: 
DateOfBirth: 4/15/1927 12:00:00 AM
DateCreated: 
LastReviewDate: 
Cals: 
IsIndividual: 
NzCitizen: 
NzResidence: 
HighValueCustomer: 
StaffMember: 
AmlVerified: 
VipCustomer: 
Addresses: System.Collections.Generic.List`1[ASB.Selenium.DataModel.Customer.Address]
AddressInformation: ASB.Selenium.DataModel.Customer.AddressInformation
CompanyName: 
CompanyType: 
CompanySubType: 
CustomerTypeCode: 
IrdNumber: 
TaxClass: 
TaxClassDate: 
IsNzTaxResident: True
NonResidentCountryCode: 
IsForeignTaxResident: False
ForeignTaxResidencyStatus: 
IsProfileEnhanced: 
Phones: System.Collections.Generic.List`1[ASB.Selenium.DataModel.Customer.Phone]
NextOfKin: 
EmploymentDetails: 
LinkedCustomers: 
AccountRelationships: 
IdType: 
Fatca: ASB.Selenium.DataModel.Customer.Fatca
CitizenshipCountryCodes: 
CitizenshipCountryNames: System.Collections.Generic.List`1[System.String]
ForeignTaxResidenceTypes: System.Collections.Generic.List`1[ASB.Selenium.DataModel.Customer.ForeignTaxResidenceTypes]
OnboardingDetail: ASB.Selenium.DataModel.Customer.OnboardingDetail
AddressVerificationStatus: 
IdVerificationStatus: 
PreferredIdType: Other
IsProfileComplete: True
DaysRemaining: 0
OnboardingStatus: 
NewAccounts: System.Collections.Generic.List`1[ASB.Selenium.DataModel.Customer.Accounts]
FailedAccounts: System.Collections.Generic.List`1[ASB.Selenium.DataModel.Customer.Accounts]
OnboardingSource: JoinASB
CustomerCreated: 
LoginCreated: 
RegisteredForNetcode: 
AccountsCreated: 
CustomerAccessToken: 
VerificationPassword: ass123
LoginDetail: ASB.Selenium.DataModel.Customer.Login
CustomerType: 
Cif: 
Username: fhit79577
UsernameApi: 
Password: Kiwi77nz
PublicKey: 
AcceptedTermsAndConditions: 
BackgroundCheckConsent: 
PreferredIdType: 
-> done: SummaryPageSteps.WhenIConfirmDetailsOnTheSummaryPage() (2.8s)
Then the Logging you in progress page is displayed
-> done: ConfirmationPageSteps.ThenTheLoggingYouInProgressPageIsDisplayed() (12.7s)
And the Activation page is displayed
11/15/2017 3:35:08 AMThenTheActivationPageIsDisplayed: IsActivationPageDisplayed STARTED
11/15/2017 3:35:09 AMThenTheActivationPageIsDisplayed: IsActivationPageDisplayed DONE
11/15/2017 3:35:09 AMThenTheActivationPageIsDisplayed: IsSectionDisplayed STARTED
11/15/2017 3:35:11 AMThenTheActivationPageIsDisplayed: IsSectionDisplayed DONE
-> done: ActivationSummarySteps.ThenTheActivationPageIsDisplayed() (9.3s)
And the account number and product name is displayed for the selected products
==> Successfully created: Streamline transaction account:
12-3629-0373086-00
==> Successfully requested: ASB Visa Debit card:
Successfully requested
-> done: ActivationSummarySteps.ThenTheAccountNumberAndProductNameIsDisplayedForTheSelectedProducts() (26.9s)
]]></output>
                  </test-case>
                  <test-case id="0-1089" name="ACTSUM_10_VisaDebitSTPProfanityCheck(&quot;All name fields&quot;,&quot;ass&quot;,&quot;ass&quot;,&quot;ass&quot;,&quot;ass123&quot;,&quot;true&quot;,System.String[])" fullname="Join.Form.Customer.Selenium.Features._08_ActivateSummaryFeature.ACTSUM_10_VisaDebitSTPProfanityCheck(&quot;All name fields&quot;,&quot;ass&quot;,&quot;ass&quot;,&quot;ass&quot;,&quot;ass123&quot;,&quot;true&quot;,System.String[])" methodname="ACTSUM_10_VisaDebitSTPProfanityCheck" classname="Join.Form.Customer.Selenium.Features._08_ActivateSummaryFeature" runstate="Runnable" seed="571751050" result="Passed" start-time="2017-11-14 14:35:43Z" end-time="2017-11-14 14:37:18Z" duration="94.621501" asserts="15">
                    <properties />
                    <output><![CDATA[Given I start my Streamline application
Navigating to URL: https://webappisamdev.asbbank.co.nz/public/join/asb/max?grcDisabled=true&fncJunction=fnc104
-> done: CommonSteps.GivenIStartMyStreamlineApplication() (1.0s)
Given I am in the Personal Details page
11/15/2017 3:35:55 AMWaitForFeaturesPageLoad: Executing WaitForFrameAndSwitch
11/15/2017 3:35:55 AMWaitForFeaturesPageLoad: Done executing WaitForFrameAndSwitch
Unable to find product 'Savings On Call' in page or product 'Savings On Call' is not selected
Unable to find product 'FastSaver' in page or product 'FastSaver' is not selected
-> done: PersonalDetailsSteps.GivenIAmInThePersonalDetailsPage() (13.0s)
And I enter personal and login details Mr,ass,ass,ass,ass,mark.masikip@asb.co.nz,021-ass,New Zealand,Other,Kiwi77nz,ass123,true
Given I enter mandatory Tax Information for NZ citizen and clicks on Next button
-> done: AdditionalPersonalDetailsSteps.GivenIEnterMandatoryTaxInformationForNZCitizen() (0.5s)
-> done: PersonalDetailsSteps.GivenIEnterPersonalAndLoginDetails("Mr", "ass", "ass", "ass", "ass", "mark.masikip@asb....", "021-ass", "New Zealand", "Other", "Kiwi77nz", "ass123", "true") (25.2s)
When I confirm details on the Summary page
UniqueId: 
Title: Mr
FirstName: ass
MiddleName: ass
LastName: ass
Email: mark.masikip@asb.co.nz
Gender: 
DateOfBirth: 11/7/1978 12:00:00 AM
DateCreated: 
LastReviewDate: 
Cals: 
IsIndividual: 
NzCitizen: 
NzResidence: 
HighValueCustomer: 
StaffMember: 
AmlVerified: 
VipCustomer: 
Addresses: System.Collections.Generic.List`1[ASB.Selenium.DataModel.Customer.Address]
AddressInformation: ASB.Selenium.DataModel.Customer.AddressInformation
CompanyName: 
CompanyType: 
CompanySubType: 
CustomerTypeCode: 
IrdNumber: 
TaxClass: 
TaxClassDate: 
IsNzTaxResident: True
NonResidentCountryCode: 
IsForeignTaxResident: False
ForeignTaxResidencyStatus: 
IsProfileEnhanced: 
Phones: System.Collections.Generic.List`1[ASB.Selenium.DataModel.Customer.Phone]
NextOfKin: 
EmploymentDetails: 
LinkedCustomers: 
AccountRelationships: 
IdType: 
Fatca: ASB.Selenium.DataModel.Customer.Fatca
CitizenshipCountryCodes: 
CitizenshipCountryNames: System.Collections.Generic.List`1[System.String]
ForeignTaxResidenceTypes: System.Collections.Generic.List`1[ASB.Selenium.DataModel.Customer.ForeignTaxResidenceTypes]
OnboardingDetail: ASB.Selenium.DataModel.Customer.OnboardingDetail
AddressVerificationStatus: 
IdVerificationStatus: 
PreferredIdType: Other
IsProfileComplete: True
DaysRemaining: 0
OnboardingStatus: 
NewAccounts: System.Collections.Generic.List`1[ASB.Selenium.DataModel.Customer.Accounts]
FailedAccounts: System.Collections.Generic.List`1[ASB.Selenium.DataModel.Customer.Accounts]
OnboardingSource: JoinASB
CustomerCreated: 
LoginCreated: 
RegisteredForNetcode: 
AccountsCreated: 
CustomerAccessToken: 
VerificationPassword: ass123
LoginDetail: ASB.Selenium.DataModel.Customer.Login
CustomerType: 
Cif: 
Username: nphu91211
UsernameApi: 
Password: Kiwi77nz
PublicKey: 
AcceptedTermsAndConditions: 
BackgroundCheckConsent: 
PreferredIdType: 
-> done: SummaryPageSteps.WhenIConfirmDetailsOnTheSummaryPage() (2.8s)
Then the Logging you in progress page is displayed
-> done: ConfirmationPageSteps.ThenTheLoggingYouInProgressPageIsDisplayed() (14.6s)
And the Activation page is displayed
11/15/2017 3:36:43 AMThenTheActivationPageIsDisplayed: IsActivationPageDisplayed STARTED
11/15/2017 3:36:43 AMThenTheActivationPageIsDisplayed: IsActivationPageDisplayed DONE
11/15/2017 3:36:43 AMThenTheActivationPageIsDisplayed: IsSectionDisplayed STARTED
11/15/2017 3:36:45 AMThenTheActivationPageIsDisplayed: IsSectionDisplayed DONE
-> done: ActivationSummarySteps.ThenTheActivationPageIsDisplayed() (7.7s)
And the account number and product name is displayed for the selected products
==> Successfully created: Streamline transaction account:
12-3629-0373094-00
==> Successfully requested: ASB Visa Debit card:
Successfully requested
-> done: ActivationSummarySteps.ThenTheAccountNumberAndProductNameIsDisplayedForTheSelectedProducts() (26.9s)
]]></output>
                  </test-case>
                  <test-case id="0-1090" name="ACTSUM_10_VisaDebitSTPProfanityCheck(&quot;Firstname Lastname&quot;,&quot;ass&quot;,&quot;ass&quot;,&quot;ass&quot;,&quot;ass123&quot;,&quot;true&quot;,System.String[])" fullname="Join.Form.Customer.Selenium.Features._08_ActivateSummaryFeature.ACTSUM_10_VisaDebitSTPProfanityCheck(&quot;Firstname Lastname&quot;,&quot;ass&quot;,&quot;ass&quot;,&quot;ass&quot;,&quot;ass123&quot;,&quot;true&quot;,System.String[])" methodname="ACTSUM_10_VisaDebitSTPProfanityCheck" classname="Join.Form.Customer.Selenium.Features._08_ActivateSummaryFeature" runstate="Runnable" seed="530245804" result="Passed" start-time="2017-11-14 14:37:18Z" end-time="2017-11-14 14:38:52Z" duration="93.966181" asserts="15">
                    <properties />
                    <output><![CDATA[Given I start my Streamline application
Navigating to URL: https://webappisamdev.asbbank.co.nz/public/join/asb/max?grcDisabled=true&fncJunction=fnc104
-> done: CommonSteps.GivenIStartMyStreamlineApplication() (0.8s)
Given I am in the Personal Details page
11/15/2017 3:37:29 AMWaitForFeaturesPageLoad: Executing WaitForFrameAndSwitch
11/15/2017 3:37:30 AMWaitForFeaturesPageLoad: Done executing WaitForFrameAndSwitch
Unable to find product 'Savings On Call' in page or product 'Savings On Call' is not selected
Unable to find product 'FastSaver' in page or product 'FastSaver' is not selected
-> done: PersonalDetailsSteps.GivenIAmInThePersonalDetailsPage() (13.0s)
And I enter personal and login details Mr,ass,ass,ass,ass,mark.masikip@asb.co.nz,021-ass,New Zealand,Other,Kiwi77nz,ass123,true
Given I enter mandatory Tax Information for NZ citizen and clicks on Next button
-> done: AdditionalPersonalDetailsSteps.GivenIEnterMandatoryTaxInformationForNZCitizen() (0.6s)
-> done: PersonalDetailsSteps.GivenIEnterPersonalAndLoginDetails("Mr", "ass", "ass", "ass", "ass", "mark.masikip@asb....", "021-ass", "New Zealand", "Other", "Kiwi77nz", "ass123", "true") (21.2s)
When I confirm details on the Summary page
UniqueId: 
Title: Mr
FirstName: ass
MiddleName: ass
LastName: ass
Email: mark.masikip@asb.co.nz
Gender: 
DateOfBirth: 12/1/1937 12:00:00 AM
DateCreated: 
LastReviewDate: 
Cals: 
IsIndividual: 
NzCitizen: 
NzResidence: 
HighValueCustomer: 
StaffMember: 
AmlVerified: 
VipCustomer: 
Addresses: System.Collections.Generic.List`1[ASB.Selenium.DataModel.Customer.Address]
AddressInformation: ASB.Selenium.DataModel.Customer.AddressInformation
CompanyName: 
CompanyType: 
CompanySubType: 
CustomerTypeCode: 
IrdNumber: 
TaxClass: 
TaxClassDate: 
IsNzTaxResident: True
NonResidentCountryCode: 
IsForeignTaxResident: False
ForeignTaxResidencyStatus: 
IsProfileEnhanced: 
Phones: System.Collections.Generic.List`1[ASB.Selenium.DataModel.Customer.Phone]
NextOfKin: 
EmploymentDetails: 
LinkedCustomers: 
AccountRelationships: 
IdType: 
Fatca: ASB.Selenium.DataModel.Customer.Fatca
CitizenshipCountryCodes: 
CitizenshipCountryNames: System.Collections.Generic.List`1[System.String]
ForeignTaxResidenceTypes: System.Collections.Generic.List`1[ASB.Selenium.DataModel.Customer.ForeignTaxResidenceTypes]
OnboardingDetail: ASB.Selenium.DataModel.Customer.OnboardingDetail
AddressVerificationStatus: 
IdVerificationStatus: 
PreferredIdType: Other
IsProfileComplete: True
DaysRemaining: 0
OnboardingStatus: 
NewAccounts: System.Collections.Generic.List`1[ASB.Selenium.DataModel.Customer.Accounts]
FailedAccounts: System.Collections.Generic.List`1[ASB.Selenium.DataModel.Customer.Accounts]
OnboardingSource: JoinASB
CustomerCreated: 
LoginCreated: 
RegisteredForNetcode: 
AccountsCreated: 
CustomerAccessToken: 
VerificationPassword: ass123
LoginDetail: ASB.Selenium.DataModel.Customer.Login
CustomerType: 
Cif: 
Username: kthi89187
UsernameApi: 
Password: Kiwi77nz
PublicKey: 
AcceptedTermsAndConditions: 
BackgroundCheckConsent: 
PreferredIdType: 
-> done: SummaryPageSteps.WhenIConfirmDetailsOnTheSummaryPage() (2.9s)
Then the Logging you in progress page is displayed
-> done: ConfirmationPageSteps.ThenTheLoggingYouInProgressPageIsDisplayed() (17.1s)
And the Activation page is displayed
11/15/2017 3:38:15 AMThenTheActivationPageIsDisplayed: IsActivationPageDisplayed STARTED
11/15/2017 3:38:15 AMThenTheActivationPageIsDisplayed: IsActivationPageDisplayed DONE
11/15/2017 3:38:15 AMThenTheActivationPageIsDisplayed: IsSectionDisplayed STARTED
11/15/2017 3:38:19 AMThenTheActivationPageIsDisplayed: IsSectionDisplayed DONE
-> done: ActivationSummarySteps.ThenTheActivationPageIsDisplayed() (8.8s)
And the account number and product name is displayed for the selected products
==> Successfully created: Streamline transaction account:
12-3629-0373107-00
==> Successfully requested: ASB Visa Debit card:
Successfully requested
-> done: ActivationSummarySteps.ThenTheAccountNumberAndProductNameIsDisplayedForTheSelectedProducts() (26.9s)
]]></output>
                  </test-case>
                  <test-case id="0-1091" name="ACTSUM_10_VisaDebitSTPProfanityCheck(&quot;MatchWord&quot;,&quot;ass&quot;,&quot;ass&quot;,&quot;ass&quot;,&quot;ass123&quot;,&quot;true&quot;,System.String[])" fullname="Join.Form.Customer.Selenium.Features._08_ActivateSummaryFeature.ACTSUM_10_VisaDebitSTPProfanityCheck(&quot;MatchWord&quot;,&quot;ass&quot;,&quot;ass&quot;,&quot;ass&quot;,&quot;ass123&quot;,&quot;true&quot;,System.String[])" methodname="ACTSUM_10_VisaDebitSTPProfanityCheck" classname="Join.Form.Customer.Selenium.Features._08_ActivateSummaryFeature" runstate="Runnable" seed="720458011" result="Passed" start-time="2017-11-14 14:38:52Z" end-time="2017-11-14 14:40:18Z" duration="86.166495" asserts="15">
                    <properties />
                    <output><![CDATA[Given I start my Streamline application
Navigating to URL: https://webappisamdev.asbbank.co.nz/public/join/asb/max?grcDisabled=true&fncJunction=fnc104
-> done: CommonSteps.GivenIStartMyStreamlineApplication() (0.8s)
Given I am in the Personal Details page
11/15/2017 3:39:04 AMWaitForFeaturesPageLoad: Executing WaitForFrameAndSwitch
11/15/2017 3:39:04 AMWaitForFeaturesPageLoad: Done executing WaitForFrameAndSwitch
Unable to find product 'Savings On Call' in page or product 'Savings On Call' is not selected
Unable to find product 'FastSaver' in page or product 'FastSaver' is not selected
-> done: PersonalDetailsSteps.GivenIAmInThePersonalDetailsPage() (13.0s)
And I enter personal and login details Mr,ass,ass,ass,ass,mark.masikip@asb.co.nz,021-ass,New Zealand,Other,Kiwi77nz,ass123,true
Given I enter mandatory Tax Information for NZ citizen and clicks on Next button
-> done: AdditionalPersonalDetailsSteps.GivenIEnterMandatoryTaxInformationForNZCitizen() (0.6s)
-> done: PersonalDetailsSteps.GivenIEnterPersonalAndLoginDetails("Mr", "ass", "ass", "ass", "ass", "mark.masikip@asb....", "021-ass", "New Zealand", "Other", "Kiwi77nz", "ass123", "true") (19.3s)
When I confirm details on the Summary page
UniqueId: 
Title: Mr
FirstName: ass
MiddleName: ass
LastName: ass
Email: mark.masikip@asb.co.nz
Gender: 
DateOfBirth: 12/19/1970 12:00:00 AM
DateCreated: 
LastReviewDate: 
Cals: 
IsIndividual: 
NzCitizen: 
NzResidence: 
HighValueCustomer: 
StaffMember: 
AmlVerified: 
VipCustomer: 
Addresses: System.Collections.Generic.List`1[ASB.Selenium.DataModel.Customer.Address]
AddressInformation: ASB.Selenium.DataModel.Customer.AddressInformation
CompanyName: 
CompanyType: 
CompanySubType: 
CustomerTypeCode: 
IrdNumber: 
TaxClass: 
TaxClassDate: 
IsNzTaxResident: True
NonResidentCountryCode: 
IsForeignTaxResident: False
ForeignTaxResidencyStatus: 
IsProfileEnhanced: 
Phones: System.Collections.Generic.List`1[ASB.Selenium.DataModel.Customer.Phone]
NextOfKin: 
EmploymentDetails: 
LinkedCustomers: 
AccountRelationships: 
IdType: 
Fatca: ASB.Selenium.DataModel.Customer.Fatca
CitizenshipCountryCodes: 
CitizenshipCountryNames: System.Collections.Generic.List`1[System.String]
ForeignTaxResidenceTypes: System.Collections.Generic.List`1[ASB.Selenium.DataModel.Customer.ForeignTaxResidenceTypes]
OnboardingDetail: ASB.Selenium.DataModel.Customer.OnboardingDetail
AddressVerificationStatus: 
IdVerificationStatus: 
PreferredIdType: Other
IsProfileComplete: True
DaysRemaining: 0
OnboardingStatus: 
NewAccounts: System.Collections.Generic.List`1[ASB.Selenium.DataModel.Customer.Accounts]
FailedAccounts: System.Collections.Generic.List`1[ASB.Selenium.DataModel.Customer.Accounts]
OnboardingSource: JoinASB
CustomerCreated: 
LoginCreated: 
RegisteredForNetcode: 
AccountsCreated: 
CustomerAccessToken: 
VerificationPassword: ass123
LoginDetail: ASB.Selenium.DataModel.Customer.Login
CustomerType: 
Cif: 
Username: ahat32980
UsernameApi: 
Password: Kiwi77nz
PublicKey: 
AcceptedTermsAndConditions: 
BackgroundCheckConsent: 
PreferredIdType: 
-> done: SummaryPageSteps.WhenIConfirmDetailsOnTheSummaryPage() (2.8s)
Then the Logging you in progress page is displayed
-> done: ConfirmationPageSteps.ThenTheLoggingYouInProgressPageIsDisplayed() (13.1s)
And the Activation page is displayed
11/15/2017 3:39:43 AMThenTheActivationPageIsDisplayed: IsActivationPageDisplayed STARTED
11/15/2017 3:39:43 AMThenTheActivationPageIsDisplayed: IsActivationPageDisplayed DONE
11/15/2017 3:39:43 AMThenTheActivationPageIsDisplayed: IsSectionDisplayed STARTED
11/15/2017 3:39:46 AMThenTheActivationPageIsDisplayed: IsSectionDisplayed DONE
-> done: ActivationSummarySteps.ThenTheActivationPageIsDisplayed() (6.9s)
And the account number and product name is displayed for the selected products
==> Successfully created: Streamline transaction account:
12-3629-0373115-00
==> Successfully requested: ASB Visa Debit card:
Successfully requested
-> done: ActivationSummarySteps.ThenTheAccountNumberAndProductNameIsDisplayedForTheSelectedProducts() (27.0s)
]]></output>
                  </test-case>
                  <test-case id="0-1092" name="ACTSUM_10_VisaDebitSTPProfanityCheck(&quot;Username&quot;,&quot;ass&quot;,&quot;ass&quot;,&quot;ass&quot;,&quot;ass123&quot;,&quot;false&quot;,System.String[])" fullname="Join.Form.Customer.Selenium.Features._08_ActivateSummaryFeature.ACTSUM_10_VisaDebitSTPProfanityCheck(&quot;Username&quot;,&quot;ass&quot;,&quot;ass&quot;,&quot;ass&quot;,&quot;ass123&quot;,&quot;false&quot;,System.String[])" methodname="ACTSUM_10_VisaDebitSTPProfanityCheck" classname="Join.Form.Customer.Selenium.Features._08_ActivateSummaryFeature" runstate="Runnable" seed="462917113" result="Passed" start-time="2017-11-14 14:40:18Z" end-time="2017-11-14 14:41:52Z" duration="94.098730" asserts="15">
                    <properties />
                    <output><![CDATA[Given I start my Streamline application
Navigating to URL: https://webappisamdev.asbbank.co.nz/public/join/asb/max?grcDisabled=true&fncJunction=fnc104
-> done: CommonSteps.GivenIStartMyStreamlineApplication() (0.9s)
Given I am in the Personal Details page
11/15/2017 3:40:30 AMWaitForFeaturesPageLoad: Executing WaitForFrameAndSwitch
11/15/2017 3:40:31 AMWaitForFeaturesPageLoad: Done executing WaitForFrameAndSwitch
Unable to find product 'Savings On Call' in page or product 'Savings On Call' is not selected
Unable to find product 'FastSaver' in page or product 'FastSaver' is not selected
-> done: PersonalDetailsSteps.GivenIAmInThePersonalDetailsPage() (13.1s)
And I enter personal and login details Mr,ass,ass,ass,ass,mark.masikip@asb.co.nz,021-ass,New Zealand,Other,Kiwi77nz,ass123,false
Given I enter mandatory Tax Information for NZ citizen and clicks on Next button
-> done: AdditionalPersonalDetailsSteps.GivenIEnterMandatoryTaxInformationForNZCitizen() (0.5s)
-> done: PersonalDetailsSteps.GivenIEnterPersonalAndLoginDetails("Mr", "ass", "ass", "ass", "ass", "mark.masikip@asb....", "021-ass", "New Zealand", "Other", "Kiwi77nz", "ass123", "false") (20.3s)
When I confirm details on the Summary page
UniqueId: 
Title: Mr
FirstName: ass
MiddleName: COB-Kczob
LastName: ass
Email: mark.masikip@asb.co.nz
Gender: 
DateOfBirth: 12/14/1951 12:00:00 AM
DateCreated: 
LastReviewDate: 
Cals: 
IsIndividual: 
NzCitizen: 
NzResidence: 
HighValueCustomer: 
StaffMember: 
AmlVerified: 
VipCustomer: 
Addresses: System.Collections.Generic.List`1[ASB.Selenium.DataModel.Customer.Address]
AddressInformation: ASB.Selenium.DataModel.Customer.AddressInformation
CompanyName: 
CompanyType: 
CompanySubType: 
CustomerTypeCode: 
IrdNumber: 
TaxClass: 
TaxClassDate: 
IsNzTaxResident: True
NonResidentCountryCode: 
IsForeignTaxResident: False
ForeignTaxResidencyStatus: 
IsProfileEnhanced: 
Phones: System.Collections.Generic.List`1[ASB.Selenium.DataModel.Customer.Phone]
NextOfKin: 
EmploymentDetails: 
LinkedCustomers: 
AccountRelationships: 
IdType: 
Fatca: ASB.Selenium.DataModel.Customer.Fatca
CitizenshipCountryCodes: 
CitizenshipCountryNames: System.Collections.Generic.List`1[System.String]
ForeignTaxResidenceTypes: System.Collections.Generic.List`1[ASB.Selenium.DataModel.Customer.ForeignTaxResidenceTypes]
OnboardingDetail: ASB.Selenium.DataModel.Customer.OnboardingDetail
AddressVerificationStatus: 
IdVerificationStatus: 
PreferredIdType: Other
IsProfileComplete: True
DaysRemaining: 0
OnboardingStatus: 
NewAccounts: System.Collections.Generic.List`1[ASB.Selenium.DataModel.Customer.Accounts]
FailedAccounts: System.Collections.Generic.List`1[ASB.Selenium.DataModel.Customer.Accounts]
OnboardingSource: JoinASB
CustomerCreated: 
LoginCreated: 
RegisteredForNetcode: 
AccountsCreated: 
CustomerAccessToken: 
VerificationPassword: ass123
LoginDetail: ASB.Selenium.DataModel.Customer.Login
CustomerType: 
Cif: 
Username: shi35180
UsernameApi: 
Password: Kiwi77nz
PublicKey: 
AcceptedTermsAndConditions: 
BackgroundCheckConsent: 
PreferredIdType: 
-> done: SummaryPageSteps.WhenIConfirmDetailsOnTheSummaryPage() (2.8s)
Then the Logging you in progress page is displayed
-> done: ConfirmationPageSteps.ThenTheLoggingYouInProgressPageIsDisplayed() (19.2s)
And the Activation page is displayed
11/15/2017 3:41:18 AMThenTheActivationPageIsDisplayed: IsActivationPageDisplayed STARTED
11/15/2017 3:41:18 AMThenTheActivationPageIsDisplayed: IsActivationPageDisplayed DONE
11/15/2017 3:41:18 AMThenTheActivationPageIsDisplayed: IsSectionDisplayed STARTED
11/15/2017 3:41:20 AMThenTheActivationPageIsDisplayed: IsSectionDisplayed DONE
-> done: ActivationSummarySteps.ThenTheActivationPageIsDisplayed() (6.9s)
And the account number and product name is displayed for the selected products
==> Successfully created: Streamline transaction account:
12-3629-0373123-00
==> Successfully created: ASB Visa Debit card:
Issued for delivery within a week
-> done: ActivationSummarySteps.ThenTheAccountNumberAndProductNameIsDisplayedForTheSelectedProducts() (27.0s)
]]></output>
                  </test-case>
                  <test-case id="0-1093" name="ACTSUM_10_VisaDebitSTPProfanityCheck(&quot;ass Password&quot;,&quot;ass&quot;,&quot;ass&quot;,&quot;ass&quot;,&quot;ShitPass123&quot;,&quot;false&quot;,System.String[])" fullname="Join.Form.Customer.Selenium.Features._08_ActivateSummaryFeature.ACTSUM_10_VisaDebitSTPProfanityCheck(&quot;ass Password&quot;,&quot;ass&quot;,&quot;ass&quot;,&quot;ass&quot;,&quot;ShitPass123&quot;,&quot;false&quot;,System.String[])" methodname="ACTSUM_10_VisaDebitSTPProfanityCheck" classname="Join.Form.Customer.Selenium.Features._08_ActivateSummaryFeature" runstate="Runnable" seed="1741061289" result="Passed" start-time="2017-11-14 14:41:52Z" end-time="2017-11-14 14:43:27Z" duration="94.571423" asserts="15">
                    <properties />
                    <output><![CDATA[Given I start my Streamline application
Navigating to URL: https://webappisamdev.asbbank.co.nz/public/join/asb/max?grcDisabled=true&fncJunction=fnc104
-> done: CommonSteps.GivenIStartMyStreamlineApplication() (0.9s)
Given I am in the Personal Details page
11/15/2017 3:42:04 AMWaitForFeaturesPageLoad: Executing WaitForFrameAndSwitch
11/15/2017 3:42:04 AMWaitForFeaturesPageLoad: Done executing WaitForFrameAndSwitch
Unable to find product 'Savings On Call' in page or product 'Savings On Call' is not selected
Unable to find product 'FastSaver' in page or product 'FastSaver' is not selected
-> done: PersonalDetailsSteps.GivenIAmInThePersonalDetailsPage() (13.0s)
And I enter personal and login details Mr,ass,ass,ass,ass,mark.masikip@asb.co.nz,021-ass,New Zealand,Other,Kiwi77nz,ShitPass123,false
Given I enter mandatory Tax Information for NZ citizen and clicks on Next button
-> done: AdditionalPersonalDetailsSteps.GivenIEnterMandatoryTaxInformationForNZCitizen() (0.5s)
-> done: PersonalDetailsSteps.GivenIEnterPersonalAndLoginDetails("Mr", "ass", "ass", "ass", "ass", "mark.masikip@asb....", "021-ass", "New Zealand", "Other", "Kiwi77nz", "ShitPass123", "false") (21.0s)
When I confirm details on the Summary page
UniqueId: 
Title: Mr
FirstName: COB-qaijr
MiddleName: COB-uKzDk
LastName: COB-NMGEG
Email: mark.masikip@asb.co.nz
Gender: 
DateOfBirth: 8/6/1937 12:00:00 AM
DateCreated: 
LastReviewDate: 
Cals: 
IsIndividual: 
NzCitizen: 
NzResidence: 
HighValueCustomer: 
StaffMember: 
AmlVerified: 
VipCustomer: 
Addresses: System.Collections.Generic.List`1[ASB.Selenium.DataModel.Customer.Address]
AddressInformation: ASB.Selenium.DataModel.Customer.AddressInformation
CompanyName: 
CompanyType: 
CompanySubType: 
CustomerTypeCode: 
IrdNumber: 
TaxClass: 
TaxClassDate: 
IsNzTaxResident: True
NonResidentCountryCode: 
IsForeignTaxResident: False
ForeignTaxResidencyStatus: 
IsProfileEnhanced: 
Phones: System.Collections.Generic.List`1[ASB.Selenium.DataModel.Customer.Phone]
NextOfKin: 
EmploymentDetails: 
LinkedCustomers: 
AccountRelationships: 
IdType: 
Fatca: ASB.Selenium.DataModel.Customer.Fatca
CitizenshipCountryCodes: 
CitizenshipCountryNames: System.Collections.Generic.List`1[System.String]
ForeignTaxResidenceTypes: System.Collections.Generic.List`1[ASB.Selenium.DataModel.Customer.ForeignTaxResidenceTypes]
OnboardingDetail: ASB.Selenium.DataModel.Customer.OnboardingDetail
AddressVerificationStatus: 
IdVerificationStatus: 
PreferredIdType: Other
IsProfileComplete: True
DaysRemaining: 0
OnboardingStatus: 
NewAccounts: System.Collections.Generic.List`1[ASB.Selenium.DataModel.Customer.Accounts]
FailedAccounts: System.Collections.Generic.List`1[ASB.Selenium.DataModel.Customer.Accounts]
OnboardingSource: JoinASB
CustomerCreated: 
LoginCreated: 
RegisteredForNetcode: 
AccountsCreated: 
CustomerAccessToken: 
VerificationPassword: ShitPass123
LoginDetail: ASB.Selenium.DataModel.Customer.Login
CustomerType: 
Cif: 
Username: ccob84311
UsernameApi: 
Password: Kiwi77nz
PublicKey: 
AcceptedTermsAndConditions: 
BackgroundCheckConsent: 
PreferredIdType: 
-> done: SummaryPageSteps.WhenIConfirmDetailsOnTheSummaryPage() (2.8s)
Then the Logging you in progress page is displayed
-> done: ConfirmationPageSteps.ThenTheLoggingYouInProgressPageIsDisplayed() (19.7s)
And the Activation page is displayed
11/15/2017 3:42:52 AMThenTheActivationPageIsDisplayed: IsActivationPageDisplayed STARTED
11/15/2017 3:42:52 AMThenTheActivationPageIsDisplayed: IsActivationPageDisplayed DONE
11/15/2017 3:42:52 AMThenTheActivationPageIsDisplayed: IsSectionDisplayed STARTED
11/15/2017 3:42:54 AMThenTheActivationPageIsDisplayed: IsSectionDisplayed DONE
-> done: ActivationSummarySteps.ThenTheActivationPageIsDisplayed() (6.9s)
And the account number and product name is displayed for the selected products
==> Successfully created: Streamline transaction account:
12-3629-0373131-00
==> Successfully created: ASB Visa Debit card:
Issued for delivery within a week
-> done: ActivationSummarySteps.ThenTheAccountNumberAndProductNameIsDisplayedForTheSelectedProducts() (27.0s)
]]></output>
                  </test-case>
                </test-suite>
                <test-suite type="ParameterizedMethod" id="0-1100" name="ACTSUM_11_SetAndUpdatePreferredID" fullname="Join.Form.Customer.Selenium.Features._08_ActivateSummaryFeature.ACTSUM_11_SetAndUpdatePreferredID" classname="Join.Form.Customer.Selenium.Features._08_ActivateSummaryFeature" runstate="Runnable" testcasecount="5" result="Passed" start-time="2017-11-14 14:43:27Z" end-time="2017-11-14 14:49:50Z" duration="383.319586" total="5" passed="5" failed="0" warnings="0" inconclusive="0" skipped="0" asserts="169">
                  <properties>
                    <property name="Description" value="ACTSUM_11 - Set and update preferred ID" />
                    <property name="Category" value="COB" />
                    <property name="Category" value="activatesummary" />
                    <property name="Category" value="integration" />
                    <property name="Category" value="092016" />
                    <property name="Category" value="eidvswitch" />
                    <property name="Category" value="eidv" />
                    <property name="Category" value="112017" />
                  </properties>
                  <test-case id="0-1095" name="ACTSUM_11_SetAndUpdatePreferredID(&quot;Streamline and Visa Debit&quot;,&quot;Streamline intro,ASB Visa Debit Streamline Intro&quot;,&quot;Mr&quot;,&quot;ass&quot;,&quot;&quot;,&quot;ass&quot;,&quot;Other&quot;,&quot;New Zealand Driver's Licence&quot;,System.String[])" fullname="Join.Form.Customer.Selenium.Features._08_ActivateSummaryFeature.ACTSUM_11_SetAndUpdatePreferredID(&quot;Streamline and Visa Debit&quot;,&quot;Streamline intro,ASB Visa Debit Streamline Intro&quot;,&quot;Mr&quot;,&quot;ass&quot;,&quot;&quot;,&quot;ass&quot;,&quot;Other&quot;,&quot;New Zealand Driver's Licence&quot;,System.String[])" methodname="ACTSUM_11_SetAndUpdatePreferredID" classname="Join.Form.Customer.Selenium.Features._08_ActivateSummaryFeature" runstate="Runnable" seed="1978141610" result="Passed" start-time="2017-11-14 14:43:27Z" end-time="2017-11-14 14:44:44Z" duration="77.121061" asserts="36">
                    <properties />
                    <output><![CDATA[Given I start my Streamline application
Navigating to URL: https://webappisamdev.asbbank.co.nz/public/join/asb/max?grcDisabled=true&fncJunction=fnc104
-> done: CommonSteps.GivenIStartMyStreamlineApplication() (0.8s)
Given I select the following products: 'Streamline intro,ASB Visa Debit Streamline Intro'
11/15/2017 3:43:38 AMWaitForFeaturesPageLoad: Executing WaitForFrameAndSwitch
11/15/2017 3:43:38 AMWaitForFeaturesPageLoad: Done executing WaitForFrameAndSwitch
Unable to find product 'FastSaver' in page or product 'FastSaver' is not selected
Unable to find product 'Savings On Call' in page or product 'Savings On Call' is not selected
Unable to find product 'Savings On Call' in page or product 'Savings On Call' is not selected
Unable to find product 'FastSaver' in page or product 'FastSaver' is not selected
-> done: ProductsPageSteps.WhenIChangeMySelectedProductsTo("Streamline intro,...") (15.1s)
And I enter personal and login details Mr,ass,,ass,ass,mark.masikip@asb.co.nz,021-ass,New Zealand,Other,Kiwi77nz,ass123,false
Given I enter mandatory Tax Information for NZ citizen and clicks on Next button
-> done: AdditionalPersonalDetailsSteps.GivenIEnterMandatoryTaxInformationForNZCitizen() (0.5s)
-> done: PersonalDetailsSteps.GivenIEnterPersonalAndLoginDetails("Mr", "ass", "", "ass", "ass", "mark.masikip@asb....", "021-ass", "New Zealand", "Other", "Kiwi77nz", "ass123", "false") (27.7s)
When I confirm details on the Summary page
UniqueId: 
Title: Mr
FirstName: COB-TApyq
MiddleName: 
LastName: COB-QAGGx
Email: mark.masikip@asb.co.nz
Gender: 
DateOfBirth: 5/3/1929 12:00:00 AM
DateCreated: 
LastReviewDate: 
Cals: 
IsIndividual: 
NzCitizen: 
NzResidence: 
HighValueCustomer: 
StaffMember: 
AmlVerified: 
VipCustomer: 
Addresses: System.Collections.Generic.List`1[ASB.Selenium.DataModel.Customer.Address]
AddressInformation: ASB.Selenium.DataModel.Customer.AddressInformation
CompanyName: 
CompanyType: 
CompanySubType: 
CustomerTypeCode: 
IrdNumber: 
TaxClass: 
TaxClassDate: 
IsNzTaxResident: True
NonResidentCountryCode: 
IsForeignTaxResident: False
ForeignTaxResidencyStatus: 
IsProfileEnhanced: 
Phones: System.Collections.Generic.List`1[ASB.Selenium.DataModel.Customer.Phone]
NextOfKin: 
EmploymentDetails: 
LinkedCustomers: 
AccountRelationships: 
IdType: 
Fatca: ASB.Selenium.DataModel.Customer.Fatca
CitizenshipCountryCodes: 
CitizenshipCountryNames: System.Collections.Generic.List`1[System.String]
ForeignTaxResidenceTypes: System.Collections.Generic.List`1[ASB.Selenium.DataModel.Customer.ForeignTaxResidenceTypes]
OnboardingDetail: ASB.Selenium.DataModel.Customer.OnboardingDetail
AddressVerificationStatus: 
IdVerificationStatus: 
PreferredIdType: Other
IsProfileComplete: True
DaysRemaining: 0
OnboardingStatus: 
NewAccounts: System.Collections.Generic.List`1[ASB.Selenium.DataModel.Customer.Accounts]
FailedAccounts: System.Collections.Generic.List`1[ASB.Selenium.DataModel.Customer.Accounts]
OnboardingSource: JoinASB
CustomerCreated: 
LoginCreated: 
RegisteredForNetcode: 
AccountsCreated: 
CustomerAccessToken: 
VerificationPassword: ass123
LoginDetail: ASB.Selenium.DataModel.Customer.Login
CustomerType: 
Cif: 
Username: ccob39812
UsernameApi: 
Password: Kiwi77nz
PublicKey: 
AcceptedTermsAndConditions: 
BackgroundCheckConsent: 
PreferredIdType: 
-> done: SummaryPageSteps.WhenIConfirmDetailsOnTheSummaryPage() (2.8s)
Then the Logging you in progress page is displayed
-> done: ConfirmationPageSteps.ThenTheLoggingYouInProgressPageIsDisplayed() (19.1s)
And the Activation page is displayed
11/15/2017 3:44:34 AMThenTheActivationPageIsDisplayed: IsActivationPageDisplayed STARTED
11/15/2017 3:44:35 AMThenTheActivationPageIsDisplayed: IsActivationPageDisplayed DONE
11/15/2017 3:44:35 AMThenTheActivationPageIsDisplayed: IsSectionDisplayed STARTED
11/15/2017 3:44:37 AMThenTheActivationPageIsDisplayed: IsSectionDisplayed DONE
-> done: ActivationSummarySteps.ThenTheActivationPageIsDisplayed() (6.8s)
And the Confirm Identity section is displayed
*** Verifying section for non-ID Verified customer ***
*** Verifying section for customer with Preferred ID = 'Other' ***
*** Verifying EIDV-Switched OFF Confirm Identity section for customer with Preferred ID: Other
-> done: ActivationSummarySteps.ThenTheConfirmIdentitySectionIsDisplayed() (0.5s)
And the Selected Id is set to 'Other'
-> done: ActivationSummarySteps.ThenTheSelectedIdIsSetTo("Other") (0.1s)
When I select 'New Zealand Driver's Licence' in the 'Photo ID' dropdown
-> done: PersonalDetailsSteps.WhenISelectInTheDropdown("New Zealand Drive...", "Photo ID") (0.2s)
Then the Confirm Identity section is displayed
*** Verifying section for non-ID Verified customer ***
*** Verifying section for customer with Preferred ID = Electronically Acceptable ID: New Zealand Driver's Licence
*** Verifying EIDV-Switched OFF Confirm Identity section for customer with Preferred ID: New Zealand Driver’s Licence and a secondary ID such as a credit card or birth certificate
-> done: ActivationSummarySteps.ThenTheConfirmIdentitySectionIsDisplayed() (0.2s)
And the Selected Id is set to 'New Zealand Driver's Licence'
-> done: ActivationSummarySteps.ThenTheSelectedIdIsSetTo("New Zealand Drive...") (0.0s)
And the See a complete list of acceptable documents text is displayed conditionally
Verifying acceptable documents link should be displayed
Clicking on link: acceptable documents
-> done: ActivationSummarySteps.ThenTheSeeACompleteListOfAcceptableDocumentsTextIsDisplayedConditionally() (1.2s)
And the Find a branch button is displayed conditionally
Verifying Find a branch button should be displayed
-> done: ActivationSummarySteps.ThenTheFindABranchButtonOpensInANewWindow() (1.8s)
And the TXT me a download link button is displayed conditionally
Verifying TXT me a download link button should NOT be displayed
-> done: ActivationSummarySteps.ThenTheTxtmeADownloadLinkButtonIsDisplayedConditionally() (0.0s)
]]></output>
                  </test-case>
                  <test-case id="0-1096" name="ACTSUM_11_SetAndUpdatePreferredID(&quot;All products&quot;,&quot;Streamline intro,ASB Visa Debit Streamline Intro,Savings On Call,FastSaver&quot;,&quot;Ms&quot;,&quot;ass&quot;,&quot;ass&quot;,&quot;ass&quot;,&quot;Overseas Passport&quot;,&quot;New Zealand Passport&quot;,System.String[])" fullname="Join.Form.Customer.Selenium.Features._08_ActivateSummaryFeature.ACTSUM_11_SetAndUpdatePreferredID(&quot;All products&quot;,&quot;Streamline intro,ASB Visa Debit Streamline Intro,Savings On Call,FastSaver&quot;,&quot;Ms&quot;,&quot;ass&quot;,&quot;ass&quot;,&quot;ass&quot;,&quot;Overseas Passport&quot;,&quot;New Zealand Passport&quot;,System.String[])" methodname="ACTSUM_11_SetAndUpdatePreferredID" classname="Join.Form.Customer.Selenium.Features._08_ActivateSummaryFeature" runstate="Runnable" seed="1913007806" result="Passed" start-time="2017-11-14 14:44:44Z" end-time="2017-11-14 14:45:57Z" duration="73.608075" asserts="32">
                    <properties />
                    <output><![CDATA[Given I start my Streamline application
Navigating to URL: https://webappisamdev.asbbank.co.nz/public/join/asb/max?grcDisabled=true&fncJunction=fnc104
-> done: CommonSteps.GivenIStartMyStreamlineApplication() (0.9s)
Given I select the following products: 'Streamline intro,ASB Visa Debit Streamline Intro,Savings On Call,FastSaver'
11/15/2017 3:44:56 AMWaitForFeaturesPageLoad: Executing WaitForFrameAndSwitch
11/15/2017 3:44:56 AMWaitForFeaturesPageLoad: Done executing WaitForFrameAndSwitch
Unable to find product 'Savings On Call' in page or product 'Savings On Call' is not selected
Unable to find product 'FastSaver' in page or product 'FastSaver' is not selected
-> done: ProductsPageSteps.WhenIChangeMySelectedProductsTo("Streamline intro,...") (15.2s)
And I enter personal and login details Ms,ass,ass,ass,ass,mark.masikip@asb.co.nz,021-ass,New Zealand,Overseas Passport,Kiwi77nz,ass123,false
Given I enter mandatory Tax Information for NZ citizen and clicks on Next button
-> done: AdditionalPersonalDetailsSteps.GivenIEnterMandatoryTaxInformationForNZCitizen() (0.6s)
-> done: PersonalDetailsSteps.GivenIEnterPersonalAndLoginDetails("Ms", "ass", "ass", "ass", "ass", "mark.masikip@asb....", "021-ass", "New Zealand", "Overseas Passport", "Kiwi77nz", "ass123", "false") (23.8s)
When I confirm details on the Summary page
UniqueId: 
Title: Ms
FirstName: COB-XflDY
MiddleName: COB-Bnieq
LastName: COB-EpPeb
Email: mark.masikip@asb.co.nz
Gender: 
DateOfBirth: 5/8/1930 12:00:00 AM
DateCreated: 
LastReviewDate: 
Cals: 
IsIndividual: 
NzCitizen: 
NzResidence: 
HighValueCustomer: 
StaffMember: 
AmlVerified: 
VipCustomer: 
Addresses: System.Collections.Generic.List`1[ASB.Selenium.DataModel.Customer.Address]
AddressInformation: ASB.Selenium.DataModel.Customer.AddressInformation
CompanyName: 
CompanyType: 
CompanySubType: 
CustomerTypeCode: 
IrdNumber: 
TaxClass: 
TaxClassDate: 
IsNzTaxResident: True
NonResidentCountryCode: 
IsForeignTaxResident: False
ForeignTaxResidencyStatus: 
IsProfileEnhanced: 
Phones: System.Collections.Generic.List`1[ASB.Selenium.DataModel.Customer.Phone]
NextOfKin: 
EmploymentDetails: 
LinkedCustomers: 
AccountRelationships: 
IdType: 
Fatca: ASB.Selenium.DataModel.Customer.Fatca
CitizenshipCountryCodes: 
CitizenshipCountryNames: System.Collections.Generic.List`1[System.String]
ForeignTaxResidenceTypes: System.Collections.Generic.List`1[ASB.Selenium.DataModel.Customer.ForeignTaxResidenceTypes]
OnboardingDetail: ASB.Selenium.DataModel.Customer.OnboardingDetail
AddressVerificationStatus: 
IdVerificationStatus: 
PreferredIdType: Overseas Passport
IsProfileComplete: True
DaysRemaining: 0
OnboardingStatus: 
NewAccounts: System.Collections.Generic.List`1[ASB.Selenium.DataModel.Customer.Accounts]
FailedAccounts: System.Collections.Generic.List`1[ASB.Selenium.DataModel.Customer.Accounts]
OnboardingSource: JoinASB
CustomerCreated: 
LoginCreated: 
RegisteredForNetcode: 
AccountsCreated: 
CustomerAccessToken: 
VerificationPassword: ass123
LoginDetail: ASB.Selenium.DataModel.Customer.Login
CustomerType: 
Cif: 
Username: ccob18205
UsernameApi: 
Password: Kiwi77nz
PublicKey: 
AcceptedTermsAndConditions: 
BackgroundCheckConsent: 
PreferredIdType: 
-> done: SummaryPageSteps.WhenIConfirmDetailsOnTheSummaryPage() (2.9s)
Then the Logging you in progress page is displayed
-> done: ConfirmationPageSteps.ThenTheLoggingYouInProgressPageIsDisplayed() (17.0s)
And the Activation page is displayed
11/15/2017 3:45:46 AMThenTheActivationPageIsDisplayed: IsActivationPageDisplayed STARTED
11/15/2017 3:45:46 AMThenTheActivationPageIsDisplayed: IsActivationPageDisplayed DONE
11/15/2017 3:45:46 AMThenTheActivationPageIsDisplayed: IsSectionDisplayed STARTED
11/15/2017 3:45:48 AMThenTheActivationPageIsDisplayed: IsSectionDisplayed DONE
-> done: ActivationSummarySteps.ThenTheActivationPageIsDisplayed() (6.8s)
And the Confirm Identity section is displayed
*** Verifying section for non-ID Verified customer ***
*** Verifying section for customer with Preferred ID = 'Overseas Passport' ***
*** Verifying EIDV-Switched OFF Confirm Identity section for customer with Preferred ID: Overseas Passport
-> done: ActivationSummarySteps.ThenTheConfirmIdentitySectionIsDisplayed() (0.4s)
And the Selected Id is set to 'Overseas Passport'
-> done: ActivationSummarySteps.ThenTheSelectedIdIsSetTo("Overseas Passport") (0.1s)
When I select 'New Zealand Passport' in the 'Photo ID' dropdown
-> done: PersonalDetailsSteps.WhenISelectInTheDropdown("New Zealand Passport", "Photo ID") (0.1s)
Then the Confirm Identity section is displayed
*** Verifying section for non-ID Verified customer ***
*** Verifying section for customer with Preferred ID = Electronically Acceptable ID: New Zealand Passport
*** Verifying EIDV-Switched OFF Confirm Identity section for customer with Preferred ID: New Zealand passport
-> done: ActivationSummarySteps.ThenTheConfirmIdentitySectionIsDisplayed() (0.2s)
And the Selected Id is set to 'New Zealand Passport'
-> done: ActivationSummarySteps.ThenTheSelectedIdIsSetTo("New Zealand Passport") (0.1s)
And the See a complete list of acceptable documents text is displayed conditionally
Verifying acceptable documents link should be displayed
Clicking on link: acceptable documents
-> done: ActivationSummarySteps.ThenTheSeeACompleteListOfAcceptableDocumentsTextIsDisplayedConditionally() (1.2s)
And the Find a branch button is displayed conditionally
Verifying Find a branch button should be displayed
-> done: ActivationSummarySteps.ThenTheFindABranchButtonOpensInANewWindow() (3.9s)
And the TXT me a download link button is displayed conditionally
Verifying TXT me a download link button should NOT be displayed
-> done: ActivationSummarySteps.ThenTheTxtmeADownloadLinkButtonIsDisplayedConditionally() (0.0s)
]]></output>
                  </test-case>
                  <test-case id="0-1097" name="ACTSUM_11_SetAndUpdatePreferredID(&quot;No FastSaver - Mx Male&quot;,&quot;Streamline intro,ASB Visa Debit Streamline Intro,Savings On Call&quot;,&quot;ass&quot;,&quot;ass&quot;,&quot;ass&quot;,&quot;ass&quot;,&quot;New Zealand Passport&quot;,&quot;Australian Passport&quot;,System.String[])" fullname="Join.Form.Customer.Selenium.Features._08_ActivateSummaryFeature.ACTSUM_11_SetAndUpdatePreferredID(&quot;No FastSaver - Mx Male&quot;,&quot;Streamline intro,ASB Visa Debit Streamline Intro,Savings On Call&quot;,&quot;ass&quot;,&quot;ass&quot;,&quot;ass&quot;,&quot;ass&quot;,&quot;New Zealand Passport&quot;,&quot;Australian Passport&quot;,System.String[])" methodname="ACTSUM_11_SetAndUpdatePreferredID" classname="Join.Form.Customer.Selenium.Features._08_ActivateSummaryFeature" runstate="Runnable" seed="1748320317" result="Passed" start-time="2017-11-14 14:45:58Z" end-time="2017-11-14 14:47:13Z" duration="75.588908" asserts="33">
                    <properties />
                    <output><![CDATA[Given I start my Streamline application
Navigating to URL: https://webappisamdev.asbbank.co.nz/public/join/asb/max?grcDisabled=true&fncJunction=fnc104
-> done: CommonSteps.GivenIStartMyStreamlineApplication() (0.7s)
Given I select the following products: 'Streamline intro,ASB Visa Debit Streamline Intro,Savings On Call'
11/15/2017 3:46:09 AMWaitForFeaturesPageLoad: Executing WaitForFrameAndSwitch
11/15/2017 3:46:09 AMWaitForFeaturesPageLoad: Done executing WaitForFrameAndSwitch
Unable to find product 'Savings On Call' in page or product 'Savings On Call' is not selected
Unable to find product 'FastSaver' in page or product 'FastSaver' is not selected
Unable to find product 'FastSaver' in page or product 'FastSaver' is not selected
-> done: ProductsPageSteps.WhenIChangeMySelectedProductsTo("Streamline intro,...") (15.1s)
And I enter personal and login details ass,ass,ass,ass,ass,mark.masikip@asb.co.nz,021-ass,New Zealand,New Zealand Passport,Kiwi77nz,ass123,false
Given I enter mandatory Tax Information for NZ citizen and clicks on Next button
-> done: AdditionalPersonalDetailsSteps.GivenIEnterMandatoryTaxInformationForNZCitizen() (0.5s)
-> done: PersonalDetailsSteps.GivenIEnterPersonalAndLoginDetails("ass", "ass", "ass", "ass", "ass", "mark.masikip@asb....", "021-ass", "New Zealand", "New Zealand Passport", "Kiwi77nz", "ass123", "false") (27.1s)
When I confirm details on the Summary page
UniqueId: 
Title: Mx
FirstName: COB-cUPyM
MiddleName: COB-MHUaD
LastName: COB-BsLov
Email: mark.masikip@asb.co.nz
Gender: 
DateOfBirth: 7/9/1949 12:00:00 AM
DateCreated: 
LastReviewDate: 
Cals: 
IsIndividual: 
NzCitizen: 
NzResidence: 
HighValueCustomer: 
StaffMember: 
AmlVerified: 
VipCustomer: 
Addresses: System.Collections.Generic.List`1[ASB.Selenium.DataModel.Customer.Address]
AddressInformation: ASB.Selenium.DataModel.Customer.AddressInformation
CompanyName: 
CompanyType: 
CompanySubType: 
CustomerTypeCode: 
IrdNumber: 
TaxClass: 
TaxClassDate: 
IsNzTaxResident: True
NonResidentCountryCode: 
IsForeignTaxResident: False
ForeignTaxResidencyStatus: 
IsProfileEnhanced: 
Phones: System.Collections.Generic.List`1[ASB.Selenium.DataModel.Customer.Phone]
NextOfKin: 
EmploymentDetails: 
LinkedCustomers: 
AccountRelationships: 
IdType: 
Fatca: ASB.Selenium.DataModel.Customer.Fatca
CitizenshipCountryCodes: 
CitizenshipCountryNames: System.Collections.Generic.List`1[System.String]
ForeignTaxResidenceTypes: System.Collections.Generic.List`1[ASB.Selenium.DataModel.Customer.ForeignTaxResidenceTypes]
OnboardingDetail: ASB.Selenium.DataModel.Customer.OnboardingDetail
AddressVerificationStatus: 
IdVerificationStatus: 
PreferredIdType: New Zealand Passport
IsProfileComplete: True
DaysRemaining: 0
OnboardingStatus: 
NewAccounts: System.Collections.Generic.List`1[ASB.Selenium.DataModel.Customer.Accounts]
FailedAccounts: System.Collections.Generic.List`1[ASB.Selenium.DataModel.Customer.Accounts]
OnboardingSource: JoinASB
CustomerCreated: 
LoginCreated: 
RegisteredForNetcode: 
AccountsCreated: 
CustomerAccessToken: 
VerificationPassword: ass123
LoginDetail: ASB.Selenium.DataModel.Customer.Login
CustomerType: 
Cif: 
Username: ccob77275
UsernameApi: 
Password: Kiwi77nz
PublicKey: 
AcceptedTermsAndConditions: 
BackgroundCheckConsent: 
PreferredIdType: 
-> done: SummaryPageSteps.WhenIConfirmDetailsOnTheSummaryPage() (2.8s)
Then the Logging you in progress page is displayed
-> done: ConfirmationPageSteps.ThenTheLoggingYouInProgressPageIsDisplayed() (18.4s)
And the Activation page is displayed
11/15/2017 3:47:04 AMThenTheActivationPageIsDisplayed: IsActivationPageDisplayed STARTED
11/15/2017 3:47:04 AMThenTheActivationPageIsDisplayed: IsActivationPageDisplayed DONE
11/15/2017 3:47:04 AMThenTheActivationPageIsDisplayed: IsSectionDisplayed STARTED
11/15/2017 3:47:07 AMThenTheActivationPageIsDisplayed: IsSectionDisplayed DONE
-> done: ActivationSummarySteps.ThenTheActivationPageIsDisplayed() (6.8s)
And the Confirm Identity section is displayed
*** Verifying section for non-ID Verified customer ***
*** Verifying section for customer with Preferred ID = Electronically Acceptable ID: New Zealand Passport
*** Verifying EIDV-Switched OFF Confirm Identity section for customer with Preferred ID: New Zealand passport
-> done: ActivationSummarySteps.ThenTheConfirmIdentitySectionIsDisplayed() (0.4s)
And the Selected Id is set to 'New Zealand Passport'
-> done: ActivationSummarySteps.ThenTheSelectedIdIsSetTo("New Zealand Passport") (0.0s)
When I select 'Australian Passport' in the 'Photo ID' dropdown
-> done: PersonalDetailsSteps.WhenISelectInTheDropdown("Australian Passport", "Photo ID") (0.2s)
Then the Confirm Identity section is displayed
*** Verifying section for non-ID Verified customer ***
*** Verifying section for customer with Preferred ID = Electronically Acceptable ID: Australian Passport
*** Verifying EIDV-Switched OFF Confirm Identity section for customer with Preferred ID: Australian passport
-> done: ActivationSummarySteps.ThenTheConfirmIdentitySectionIsDisplayed() (0.2s)
And the Selected Id is set to 'Australian Passport'
-> done: ActivationSummarySteps.ThenTheSelectedIdIsSetTo("Australian Passport") (0.0s)
And the See a complete list of acceptable documents text is displayed conditionally
Verifying acceptable documents link should be displayed
Clicking on link: acceptable documents
-> done: ActivationSummarySteps.ThenTheSeeACompleteListOfAcceptableDocumentsTextIsDisplayedConditionally() (1.1s)
And the Find a branch button is displayed conditionally
Verifying Find a branch button should be displayed
-> done: ActivationSummarySteps.ThenTheFindABranchButtonOpensInANewWindow() (1.6s)
And the TXT me a download link button is displayed conditionally
Verifying TXT me a download link button should NOT be displayed
-> done: ActivationSummarySteps.ThenTheTxtmeADownloadLinkButtonIsDisplayedConditionally() (0.0s)
]]></output>
                  </test-case>
                  <test-case id="0-1098" name="ACTSUM_11_SetAndUpdatePreferredID(&quot;All products - Mx Female&quot;,&quot;Streamline intro,ASB Visa Debit Streamline Intro,Savings On Call,FastSaver&quot;,&quot;ass&quot;,&quot;ass&quot;,&quot;ass&quot;,&quot;ass&quot;,&quot;Australian Passport&quot;,&quot;Overseas Passport&quot;,System.String[])" fullname="Join.Form.Customer.Selenium.Features._08_ActivateSummaryFeature.ACTSUM_11_SetAndUpdatePreferredID(&quot;All products - Mx Female&quot;,&quot;Streamline intro,ASB Visa Debit Streamline Intro,Savings On Call,FastSaver&quot;,&quot;ass&quot;,&quot;ass&quot;,&quot;ass&quot;,&quot;ass&quot;,&quot;Australian Passport&quot;,&quot;Overseas Passport&quot;,System.String[])" methodname="ACTSUM_11_SetAndUpdatePreferredID" classname="Join.Form.Customer.Selenium.Features._08_ActivateSummaryFeature" runstate="Runnable" seed="1342105291" result="Passed" start-time="2017-11-14 14:47:13Z" end-time="2017-11-14 14:48:31Z" duration="77.884210" asserts="32">
                    <properties />
                    <output><![CDATA[Given I start my Streamline application
Navigating to URL: https://webappisamdev.asbbank.co.nz/public/join/asb/max?grcDisabled=true&fncJunction=fnc104
-> done: CommonSteps.GivenIStartMyStreamlineApplication() (0.8s)
Given I select the following products: 'Streamline intro,ASB Visa Debit Streamline Intro,Savings On Call,FastSaver'
11/15/2017 3:47:25 AMWaitForFeaturesPageLoad: Executing WaitForFrameAndSwitch
11/15/2017 3:47:25 AMWaitForFeaturesPageLoad: Done executing WaitForFrameAndSwitch
Unable to find product 'Savings On Call' in page or product 'Savings On Call' is not selected
Unable to find product 'FastSaver' in page or product 'FastSaver' is not selected
-> done: ProductsPageSteps.WhenIChangeMySelectedProductsTo("Streamline intro,...") (15.1s)
And I enter personal and login details ass,ass,ass,ass,ass,mark.masikip@asb.co.nz,021-ass,New Zealand,Australian Passport,Kiwi77nz,ass123,false
Given I enter mandatory Tax Information for NZ citizen and clicks on Next button
-> done: AdditionalPersonalDetailsSteps.GivenIEnterMandatoryTaxInformationForNZCitizen() (0.6s)
-> done: PersonalDetailsSteps.GivenIEnterPersonalAndLoginDetails("ass", "ass", "ass", "ass", "ass", "mark.masikip@asb....", "021-ass", "New Zealand", "Australian Passport", "Kiwi77nz", "ass123", "false") (20.7s)
When I confirm details on the Summary page
UniqueId: 
Title: Mx
FirstName: COB-SvPEa
MiddleName: COB-lXUYu
LastName: COB-NAzxE
Email: mark.masikip@asb.co.nz
Gender: 
DateOfBirth: 1/21/1979 12:00:00 AM
DateCreated: 
LastReviewDate: 
Cals: 
IsIndividual: 
NzCitizen: 
NzResidence: 
HighValueCustomer: 
StaffMember: 
AmlVerified: 
VipCustomer: 
Addresses: System.Collections.Generic.List`1[ASB.Selenium.DataModel.Customer.Address]
AddressInformation: ASB.Selenium.DataModel.Customer.AddressInformation
CompanyName: 
CompanyType: 
CompanySubType: 
CustomerTypeCode: 
IrdNumber: 
TaxClass: 
TaxClassDate: 
IsNzTaxResident: True
NonResidentCountryCode: 
IsForeignTaxResident: False
ForeignTaxResidencyStatus: 
IsProfileEnhanced: 
Phones: System.Collections.Generic.List`1[ASB.Selenium.DataModel.Customer.Phone]
NextOfKin: 
EmploymentDetails: 
LinkedCustomers: 
AccountRelationships: 
IdType: 
Fatca: ASB.Selenium.DataModel.Customer.Fatca
CitizenshipCountryCodes: 
CitizenshipCountryNames: System.Collections.Generic.List`1[System.String]
ForeignTaxResidenceTypes: System.Collections.Generic.List`1[ASB.Selenium.DataModel.Customer.ForeignTaxResidenceTypes]
OnboardingDetail: ASB.Selenium.DataModel.Customer.OnboardingDetail
AddressVerificationStatus: 
IdVerificationStatus: 
PreferredIdType: Australian Passport
IsProfileComplete: True
DaysRemaining: 0
OnboardingStatus: 
NewAccounts: System.Collections.Generic.List`1[ASB.Selenium.DataModel.Customer.Accounts]
FailedAccounts: System.Collections.Generic.List`1[ASB.Selenium.DataModel.Customer.Accounts]
OnboardingSource: JoinASB
CustomerCreated: 
LoginCreated: 
RegisteredForNetcode: 
AccountsCreated: 
CustomerAccessToken: 
VerificationPassword: ass123
LoginDetail: ASB.Selenium.DataModel.Customer.Login
CustomerType: 
Cif: 
Username: ccob53843
UsernameApi: 
Password: Kiwi77nz
PublicKey: 
AcceptedTermsAndConditions: 
BackgroundCheckConsent: 
PreferredIdType: 
-> done: SummaryPageSteps.WhenIConfirmDetailsOnTheSummaryPage() (2.8s)
Then the Logging you in progress page is displayed
-> done: ConfirmationPageSteps.ThenTheLoggingYouInProgressPageIsDisplayed() (22.2s)
And the Activation page is displayed
11/15/2017 3:48:17 AMThenTheActivationPageIsDisplayed: IsActivationPageDisplayed STARTED
11/15/2017 3:48:17 AMThenTheActivationPageIsDisplayed: IsActivationPageDisplayed DONE
11/15/2017 3:48:17 AMThenTheActivationPageIsDisplayed: IsSectionDisplayed STARTED
11/15/2017 3:48:24 AMThenTheActivationPageIsDisplayed: IsSectionDisplayed DONE
-> done: ActivationSummarySteps.ThenTheActivationPageIsDisplayed() (10.9s)
And the Confirm Identity section is displayed
*** Verifying section for non-ID Verified customer ***
*** Verifying section for customer with Preferred ID = Electronically Acceptable ID: Australian Passport
*** Verifying EIDV-Switched OFF Confirm Identity section for customer with Preferred ID: Australian passport
-> done: ActivationSummarySteps.ThenTheConfirmIdentitySectionIsDisplayed() (0.3s)
And the Selected Id is set to 'Australian Passport'
-> done: ActivationSummarySteps.ThenTheSelectedIdIsSetTo("Australian Passport") (0.0s)
When I select 'Overseas Passport' in the 'Photo ID' dropdown
-> done: PersonalDetailsSteps.WhenISelectInTheDropdown("Overseas Passport", "Photo ID") (0.2s)
Then the Confirm Identity section is displayed
*** Verifying section for non-ID Verified customer ***
*** Verifying section for customer with Preferred ID = 'Overseas Passport' ***
*** Verifying EIDV-Switched OFF Confirm Identity section for customer with Preferred ID: Overseas Passport
-> done: ActivationSummarySteps.ThenTheConfirmIdentitySectionIsDisplayed() (0.3s)
And the Selected Id is set to 'Overseas Passport'
-> done: ActivationSummarySteps.ThenTheSelectedIdIsSetTo("Overseas Passport") (0.1s)
And the See a complete list of acceptable documents text is displayed conditionally
Verifying acceptable documents link should be displayed
Clicking on link: acceptable documents
-> done: ActivationSummarySteps.ThenTheSeeACompleteListOfAcceptableDocumentsTextIsDisplayedConditionally() (1.2s)
And the Find a branch button is displayed conditionally
Verifying Find a branch button should be displayed
-> done: ActivationSummarySteps.ThenTheFindABranchButtonOpensInANewWindow() (2.2s)
And the TXT me a download link button is displayed conditionally
Verifying TXT me a download link button should NOT be displayed
-> done: ActivationSummarySteps.ThenTheTxtmeADownloadLinkButtonIsDisplayedConditionally() (0.0s)
]]></output>
                  </test-case>
                  <test-case id="0-1099" name="ACTSUM_11_SetAndUpdatePreferredID(&quot;All products&quot;,&quot;Streamline intro,ASB Visa Debit Streamline Intro,Savings On Call,FastSaver&quot;,&quot;Ms&quot;,&quot;ass&quot;,&quot;ass&quot;,&quot;ass&quot;,&quot;New Zealand Driver's Licence&quot;,&quot;Other&quot;,System.String[])" fullname="Join.Form.Customer.Selenium.Features._08_ActivateSummaryFeature.ACTSUM_11_SetAndUpdatePreferredID(&quot;All products&quot;,&quot;Streamline intro,ASB Visa Debit Streamline Intro,Savings On Call,FastSaver&quot;,&quot;Ms&quot;,&quot;ass&quot;,&quot;ass&quot;,&quot;ass&quot;,&quot;New Zealand Driver's Licence&quot;,&quot;Other&quot;,System.String[])" methodname="ACTSUM_11_SetAndUpdatePreferredID" classname="Join.Form.Customer.Selenium.Features._08_ActivateSummaryFeature" runstate="Runnable" seed="354960620" result="Passed" start-time="2017-11-14 14:48:31Z" end-time="2017-11-14 14:49:50Z" duration="78.996257" asserts="36">
                    <properties />
                    <output><![CDATA[Given I start my Streamline application
Navigating to URL: https://webappisamdev.asbbank.co.nz/public/join/asb/max?grcDisabled=true&fncJunction=fnc104
-> done: CommonSteps.GivenIStartMyStreamlineApplication() (0.8s)
Given I select the following products: 'Streamline intro,ASB Visa Debit Streamline Intro,Savings On Call,FastSaver'
11/15/2017 3:48:43 AMWaitForFeaturesPageLoad: Executing WaitForFrameAndSwitch
11/15/2017 3:48:43 AMWaitForFeaturesPageLoad: Done executing WaitForFrameAndSwitch
Unable to find product 'Savings On Call' in page or product 'Savings On Call' is not selected
Unable to find product 'FastSaver' in page or product 'FastSaver' is not selected
-> done: ProductsPageSteps.WhenIChangeMySelectedProductsTo("Streamline intro,...") (15.2s)
And I enter personal and login details Ms,ass,ass,ass,ass,mark.masikip@asb.co.nz,021-ass,New Zealand,New Zealand Driver's Licence,Kiwi77nz,ass123,false
Given I enter mandatory Tax Information for NZ citizen and clicks on Next button
-> done: AdditionalPersonalDetailsSteps.GivenIEnterMandatoryTaxInformationForNZCitizen() (0.5s)
-> done: PersonalDetailsSteps.GivenIEnterPersonalAndLoginDetails("Ms", "ass", "ass", "ass", "ass", "mark.masikip@asb....", "021-ass", "New Zealand", "New Zealand Drive...", "Kiwi77nz", "ass123", "false") (24.3s)
When I confirm details on the Summary page
UniqueId: 
Title: Ms
FirstName: COB-ZDQOz
MiddleName: COB-NPcTf
LastName: COB-yFYav
Email: mark.masikip@asb.co.nz
Gender: 
DateOfBirth: 3/17/1996 12:00:00 AM
DateCreated: 
LastReviewDate: 
Cals: 
IsIndividual: 
NzCitizen: 
NzResidence: 
HighValueCustomer: 
StaffMember: 
AmlVerified: 
VipCustomer: 
Addresses: System.Collections.Generic.List`1[ASB.Selenium.DataModel.Customer.Address]
AddressInformation: ASB.Selenium.DataModel.Customer.AddressInformation
CompanyName: 
CompanyType: 
CompanySubType: 
CustomerTypeCode: 
IrdNumber: 
TaxClass: 
TaxClassDate: 
IsNzTaxResident: True
NonResidentCountryCode: 
IsForeignTaxResident: False
ForeignTaxResidencyStatus: 
IsProfileEnhanced: 
Phones: System.Collections.Generic.List`1[ASB.Selenium.DataModel.Customer.Phone]
NextOfKin: 
EmploymentDetails: 
LinkedCustomers: 
AccountRelationships: 
IdType: 
Fatca: ASB.Selenium.DataModel.Customer.Fatca
CitizenshipCountryCodes: 
CitizenshipCountryNames: System.Collections.Generic.List`1[System.String]
ForeignTaxResidenceTypes: System.Collections.Generic.List`1[ASB.Selenium.DataModel.Customer.ForeignTaxResidenceTypes]
OnboardingDetail: ASB.Selenium.DataModel.Customer.OnboardingDetail
AddressVerificationStatus: 
IdVerificationStatus: 
PreferredIdType: New Zealand Driver's Licence
IsProfileComplete: True
DaysRemaining: 0
OnboardingStatus: 
NewAccounts: System.Collections.Generic.List`1[ASB.Selenium.DataModel.Customer.Accounts]
FailedAccounts: System.Collections.Generic.List`1[ASB.Selenium.DataModel.Customer.Accounts]
OnboardingSource: JoinASB
CustomerCreated: 
LoginCreated: 
RegisteredForNetcode: 
AccountsCreated: 
CustomerAccessToken: 
VerificationPassword: ass123
LoginDetail: ASB.Selenium.DataModel.Customer.Login
CustomerType: 
Cif: 
Username: ccob24757
UsernameApi: 
Password: Kiwi77nz
PublicKey: 
AcceptedTermsAndConditions: 
BackgroundCheckConsent: 
PreferredIdType: 
-> done: SummaryPageSteps.WhenIConfirmDetailsOnTheSummaryPage() (2.8s)
Then the Logging you in progress page is displayed
-> done: ConfirmationPageSteps.ThenTheLoggingYouInProgressPageIsDisplayed() (22.3s)
And the Activation page is displayed
11/15/2017 3:49:39 AMThenTheActivationPageIsDisplayed: IsActivationPageDisplayed STARTED
11/15/2017 3:49:39 AMThenTheActivationPageIsDisplayed: IsActivationPageDisplayed DONE
11/15/2017 3:49:39 AMThenTheActivationPageIsDisplayed: IsSectionDisplayed STARTED
11/15/2017 3:49:41 AMThenTheActivationPageIsDisplayed: IsSectionDisplayed DONE
-> done: ActivationSummarySteps.ThenTheActivationPageIsDisplayed() (6.8s)
And the Confirm Identity section is displayed
*** Verifying section for non-ID Verified customer ***
*** Verifying section for customer with Preferred ID = Electronically Acceptable ID: New Zealand Driver's Licence
*** Verifying EIDV-Switched OFF Confirm Identity section for customer with Preferred ID: New Zealand Driver’s Licence and a secondary ID such as a credit card or birth certificate
-> done: ActivationSummarySteps.ThenTheConfirmIdentitySectionIsDisplayed() (0.3s)
And the Selected Id is set to 'New Zealand Driver's Licence'
-> done: ActivationSummarySteps.ThenTheSelectedIdIsSetTo("New Zealand Drive...") (0.0s)
When I select 'Other' in the 'Photo ID' dropdown
-> done: PersonalDetailsSteps.WhenISelectInTheDropdown("Other", "Photo ID") (0.2s)
Then the Confirm Identity section is displayed
*** Verifying section for non-ID Verified customer ***
*** Verifying section for customer with Preferred ID = 'Other' ***
*** Verifying EIDV-Switched OFF Confirm Identity section for customer with Preferred ID: Other
-> done: ActivationSummarySteps.ThenTheConfirmIdentitySectionIsDisplayed() (0.3s)
And the Selected Id is set to 'Other'
-> done: ActivationSummarySteps.ThenTheSelectedIdIsSetTo("Other") (0.1s)
And the See a complete list of acceptable documents text is displayed conditionally
Verifying acceptable documents link should be displayed
Clicking on link: acceptable documents
-> done: ActivationSummarySteps.ThenTheSeeACompleteListOfAcceptableDocumentsTextIsDisplayedConditionally() (1.2s)
And the Find a branch button is displayed conditionally
Verifying Find a branch button should be displayed
-> done: ActivationSummarySteps.ThenTheFindABranchButtonOpensInANewWindow() (3.7s)
And the TXT me a download link button is displayed conditionally
Verifying TXT me a download link button should NOT be displayed
-> done: ActivationSummarySteps.ThenTheTxtmeADownloadLinkButtonIsDisplayedConditionally() (0.0s)
]]></output>
                  </test-case>
                </test-suite>
              </test-suite>
              <test-suite type="TestFixture" id="0-1592" name="_10_TertiaryProductFeature" fullname="Join.Form.Customer.Selenium.Features._10_TertiaryProductFeature" classname="Join.Form.Customer.Selenium.Features._10_TertiaryProductFeature" runstate="Ignored" testcasecount="46" result="Skipped" label="Ignored" site="SetUp" start-time="2017-11-14 14:49:50Z" end-time="2017-11-14 14:49:50Z" duration="0.312513" total="17" passed="0" failed="0" warnings="0" inconclusive="0" skipped="17" asserts="0">
                <properties>
                  <property name="Description" value="10_TertiaryProduct" />
                  <property name="_SKIPREASON" value="Ignored feature" />
                </properties>
                <reason>
                  <message><![CDATA[Ignored feature]]></message>
                </reason>
                <test-suite type="ParameterizedMethod" id="0-1635" name="TER_ACTSUM_01_NZCitizen" fullname="Join.Form.Customer.Selenium.Features._10_TertiaryProductFeature.TER_ACTSUM_01_NZCitizen" classname="Join.Form.Customer.Selenium.Features._10_TertiaryProductFeature" runstate="Runnable" testcasecount="3" result="Skipped" label="Ignored" site="Parent" start-time="0001-01-01 00:00:00Z" end-time="0001-01-01 00:00:00Z" duration="0.000000" total="0" passed="0" failed="0" warnings="0" inconclusive="0" skipped="0" asserts="0">
                  <properties>
                    <property name="Description" value="TER_ACTSUM_01 - NZ Citizen" />
                    <property name="Category" value="COB" />
                    <property name="Category" value="activatesummary" />
                    <property name="Category" value="122016" />
                    <property name="Category" value="tertiary" />
                    <property name="Category" value="integration" />
                    <property name="Category" value="regression" />
                    <property name="Category" value="smoke" />
                  </properties>
                  <reason>
                    <message><![CDATA[OneTimeSetUp: Ignored feature]]></message>
                  </reason>
                </test-suite>
                <test-case id="0-1632" name="TER_ACTSUM_01_NZCitizen(&quot;Tertiary Cheque only&quot;,&quot;Tertiary Cheque&quot;,System.String[])" fullname="Join.Form.Customer.Selenium.Features._10_TertiaryProductFeature.TER_ACTSUM_01_NZCitizen(&quot;Tertiary Cheque only&quot;,&quot;Tertiary Cheque&quot;,System.String[])" methodname="TER_ACTSUM_01_NZCitizen" classname="Join.Form.Customer.Selenium.Features._10_TertiaryProductFeature" runstate="Runnable" seed="25509217" result="Skipped" label="Ignored" site="Parent" start-time="0001-01-01 00:00:00Z" end-time="0001-01-01 00:00:00Z" duration="0.000000" asserts="0">
                  <properties />
                  <reason>
                    <message><![CDATA[OneTimeSetUp: Ignored feature]]></message>
                  </reason>
                </test-case>
                <test-case id="0-1633" name="TER_ACTSUM_01_NZCitizen(&quot;Default Tertiary Products&quot;,&quot;Tertiary Cheque, ASB Visa Debit Tertiary&quot;,System.String[])" fullname="Join.Form.Customer.Selenium.Features._10_TertiaryProductFeature.TER_ACTSUM_01_NZCitizen(&quot;Default Tertiary Products&quot;,&quot;Tertiary Cheque, ASB Visa Debit Tertiary&quot;,System.String[])" methodname="TER_ACTSUM_01_NZCitizen" classname="Join.Form.Customer.Selenium.Features._10_TertiaryProductFeature" runstate="Runnable" seed="1871597363" result="Skipped" label="Ignored" site="Parent" start-time="0001-01-01 00:00:00Z" end-time="0001-01-01 00:00:00Z" duration="0.000000" asserts="0">
                  <properties />
                  <reason>
                    <message><![CDATA[OneTimeSetUp: Ignored feature]]></message>
                  </reason>
                </test-case>
                <test-case id="0-1634" name="TER_ACTSUM_01_NZCitizen(&quot;All Tertiary Products&quot;,&quot;Tertiary Cheque, ASB Visa Debit Tertiary, Tertiary Overdraft, ASB Visa Light Tertiary,Savings On Call,FastSaver&quot;,System.String[])" fullname="Join.Form.Customer.Selenium.Features._10_TertiaryProductFeature.TER_ACTSUM_01_NZCitizen(&quot;All Tertiary Products&quot;,&quot;Tertiary Cheque, ASB Visa Debit Tertiary, Tertiary Overdraft, ASB Visa Light Tertiary,Savings On Call,FastSaver&quot;,System.String[])" methodname="TER_ACTSUM_01_NZCitizen" classname="Join.Form.Customer.Selenium.Features._10_TertiaryProductFeature" runstate="Runnable" seed="1402623472" result="Skipped" label="Ignored" site="Parent" start-time="0001-01-01 00:00:00Z" end-time="0001-01-01 00:00:00Z" duration="0.000000" asserts="0">
                  <properties />
                  <reason>
                    <message><![CDATA[OneTimeSetUp: Ignored feature]]></message>
                  </reason>
                </test-case>
                <test-suite type="ParameterizedMethod" id="0-1639" name="TER_ACTSUM_02_Non_NZCitizen" fullname="Join.Form.Customer.Selenium.Features._10_TertiaryProductFeature.TER_ACTSUM_02_Non_NZCitizen" classname="Join.Form.Customer.Selenium.Features._10_TertiaryProductFeature" runstate="Runnable" testcasecount="3" result="Skipped" label="Ignored" site="Parent" start-time="0001-01-01 00:00:00Z" end-time="0001-01-01 00:00:00Z" duration="0.000000" total="0" passed="0" failed="0" warnings="0" inconclusive="0" skipped="0" asserts="0">
                  <properties>
                    <property name="Description" value="TER_ACTSUM_02 - Non-NZ Citizen" />
                    <property name="Category" value="COB" />
                    <property name="Category" value="activatesummary" />
                    <property name="Category" value="122016" />
                    <property name="Category" value="tertiary" />
                    <property name="Category" value="integration" />
                    <property name="Category" value="regression" />
                  </properties>
                  <reason>
                    <message><![CDATA[OneTimeSetUp: Ignored feature]]></message>
                  </reason>
                </test-suite>
                <test-case id="0-1636" name="TER_ACTSUM_02_Non_NZCitizen(&quot;Tertiary Cheque only&quot;,&quot;Tertiary Cheque&quot;,System.String[])" fullname="Join.Form.Customer.Selenium.Features._10_TertiaryProductFeature.TER_ACTSUM_02_Non_NZCitizen(&quot;Tertiary Cheque only&quot;,&quot;Tertiary Cheque&quot;,System.String[])" methodname="TER_ACTSUM_02_Non_NZCitizen" classname="Join.Form.Customer.Selenium.Features._10_TertiaryProductFeature" runstate="Runnable" seed="33382252" result="Skipped" label="Ignored" site="Parent" start-time="0001-01-01 00:00:00Z" end-time="0001-01-01 00:00:00Z" duration="0.000000" asserts="0">
                  <properties />
                  <reason>
                    <message><![CDATA[OneTimeSetUp: Ignored feature]]></message>
                  </reason>
                </test-case>
                <test-case id="0-1637" name="TER_ACTSUM_02_Non_NZCitizen(&quot;Default Tertiary Products&quot;,&quot;Tertiary Cheque, ASB Visa Debit Tertiary&quot;,System.String[])" fullname="Join.Form.Customer.Selenium.Features._10_TertiaryProductFeature.TER_ACTSUM_02_Non_NZCitizen(&quot;Default Tertiary Products&quot;,&quot;Tertiary Cheque, ASB Visa Debit Tertiary&quot;,System.String[])" methodname="TER_ACTSUM_02_Non_NZCitizen" classname="Join.Form.Customer.Selenium.Features._10_TertiaryProductFeature" runstate="Runnable" seed="873301328" result="Skipped" label="Ignored" site="Parent" start-time="0001-01-01 00:00:00Z" end-time="0001-01-01 00:00:00Z" duration="0.000000" asserts="0">
                  <properties />
                  <reason>
                    <message><![CDATA[OneTimeSetUp: Ignored feature]]></message>
                  </reason>
                </test-case>
                <test-case id="0-1638" name="TER_ACTSUM_02_Non_NZCitizen(&quot;All Tertiary Products&quot;,&quot;Tertiary Cheque, ASB Visa Debit Tertiary, Savings On Call,FastSaver&quot;,System.String[])" fullname="Join.Form.Customer.Selenium.Features._10_TertiaryProductFeature.TER_ACTSUM_02_Non_NZCitizen(&quot;All Tertiary Products&quot;,&quot;Tertiary Cheque, ASB Visa Debit Tertiary, Savings On Call,FastSaver&quot;,System.String[])" methodname="TER_ACTSUM_02_Non_NZCitizen" classname="Join.Form.Customer.Selenium.Features._10_TertiaryProductFeature" runstate="Runnable" seed="1157050896" result="Skipped" label="Ignored" site="Parent" start-time="0001-01-01 00:00:00Z" end-time="0001-01-01 00:00:00Z" duration="0.000000" asserts="0">
                  <properties />
                  <reason>
                    <message><![CDATA[OneTimeSetUp: Ignored feature]]></message>
                  </reason>
                </test-case>
                <test-case id="0-1620" name="TER_CNFM_01_VerifyConfirmationScreen_BadCustomerCheckBlock" fullname="Join.Form.Customer.Selenium.Features._10_TertiaryProductFeature.TER_CNFM_01_VerifyConfirmationScreen_BadCustomerCheckBlock" methodname="TER_CNFM_01_VerifyConfirmationScreen_BadCustomerCheckBlock" classname="Join.Form.Customer.Selenium.Features._10_TertiaryProductFeature" runstate="Runnable" seed="1242861022" result="Skipped" label="Ignored" site="Parent" start-time="0001-01-01 00:00:00Z" end-time="0001-01-01 00:00:00Z" duration="0.000000" asserts="0">
                  <properties>
                    <property name="Description" value="TER_CNFM_01 - Verify Confirmation screen - Bad Customer check (block)" />
                    <property name="Category" value="COB" />
                    <property name="Category" value="confirmation" />
                    <property name="Category" value="regression" />
                    <property name="Category" value="integration" />
                    <property name="Category" value="112016" />
                    <property name="Category" value="tertiary" />
                  </properties>
                  <reason>
                    <message><![CDATA[OneTimeSetUp: Ignored feature]]></message>
                  </reason>
                </test-case>
                <test-case id="0-1621" name="TER_CNFM_02_VerifyProofOfAddressAndTertiaryCopy_BadCustomer" fullname="Join.Form.Customer.Selenium.Features._10_TertiaryProductFeature.TER_CNFM_02_VerifyProofOfAddressAndTertiaryCopy_BadCustomer" methodname="TER_CNFM_02_VerifyProofOfAddressAndTertiaryCopy_BadCustomer" classname="Join.Form.Customer.Selenium.Features._10_TertiaryProductFeature" runstate="Runnable" seed="1176202970" result="Skipped" label="Ignored" site="Parent" start-time="0001-01-01 00:00:00Z" end-time="0001-01-01 00:00:00Z" duration="0.000000" asserts="0">
                  <properties>
                    <property name="Description" value="TER_CNFM_02 - Verify Proof of Address and Tertiary copy - Bad Customer" />
                    <property name="Category" value="COB" />
                    <property name="Category" value="confirmation" />
                    <property name="Category" value="regression" />
                    <property name="Category" value="integration" />
                    <property name="Category" value="122016" />
                    <property name="Category" value="tertiary" />
                  </properties>
                  <reason>
                    <message><![CDATA[OneTimeSetUp: Ignored feature]]></message>
                  </reason>
                </test-case>
                <test-case id="0-1622" name="TER_CNFM_03_ExistingCustomerCheck_FNCOpenApplyRedirect" fullname="Join.Form.Customer.Selenium.Features._10_TertiaryProductFeature.TER_CNFM_03_ExistingCustomerCheck_FNCOpenApplyRedirect" methodname="TER_CNFM_03_ExistingCustomerCheck_FNCOpenApplyRedirect" classname="Join.Form.Customer.Selenium.Features._10_TertiaryProductFeature" runstate="Runnable" seed="539958581" result="Skipped" label="Ignored" site="Parent" start-time="0001-01-01 00:00:00Z" end-time="0001-01-01 00:00:00Z" duration="0.000000" asserts="0">
                  <properties>
                    <property name="Description" value="TER_CNFM_03 - Existing Customer check - FNC Open &amp; Apply Redirect" />
                    <property name="Category" value="COB" />
                    <property name="Category" value="confirmation" />
                    <property name="Category" value="regression" />
                    <property name="Category" value="integration" />
                    <property name="Category" value="112016" />
                    <property name="Category" value="tertiary" />
                  </properties>
                  <reason>
                    <message><![CDATA[OneTimeSetUp: Ignored feature]]></message>
                  </reason>
                </test-case>
                <test-case id="0-1623" name="TER_CNFM_04_VerifyProofOfAddressAndTertiaryCopy_ExistingCustomer" fullname="Join.Form.Customer.Selenium.Features._10_TertiaryProductFeature.TER_CNFM_04_VerifyProofOfAddressAndTertiaryCopy_ExistingCustomer" methodname="TER_CNFM_04_VerifyProofOfAddressAndTertiaryCopy_ExistingCustomer" classname="Join.Form.Customer.Selenium.Features._10_TertiaryProductFeature" runstate="Runnable" seed="830990499" result="Skipped" label="Ignored" site="Parent" start-time="0001-01-01 00:00:00Z" end-time="0001-01-01 00:00:00Z" duration="0.000000" asserts="0">
                  <properties>
                    <property name="Description" value="TER_CNFM_04 - Verify Proof of Address and Tertiary copy - Existing Customer" />
                    <property name="Category" value="COB" />
                    <property name="Category" value="confirmation" />
                    <property name="Category" value="regression" />
                    <property name="Category" value="integration" />
                    <property name="Category" value="122016" />
                    <property name="Category" value="tertiary" />
                  </properties>
                  <reason>
                    <message><![CDATA[OneTimeSetUp: Ignored feature]]></message>
                  </reason>
                </test-case>
                <test-case id="0-1612" name="TER_SUMMARY_03_VerifyUI_SummaryPage_PromoCode" fullname="Join.Form.Customer.Selenium.Features._10_TertiaryProductFeature.TER_SUMMARY_03_VerifyUI_SummaryPage_PromoCode" methodname="TER_SUMMARY_03_VerifyUI_SummaryPage_PromoCode" classname="Join.Form.Customer.Selenium.Features._10_TertiaryProductFeature" runstate="Runnable" seed="666579845" result="Skipped" label="Ignored" site="Parent" start-time="0001-01-01 00:00:00Z" end-time="0001-01-01 00:00:00Z" duration="0.000000" asserts="0">
                  <properties>
                    <property name="Description" value="TER_SUMMARY_03 - Verify UI - Summary page - Promo Code" />
                    <property name="Category" value="COB" />
                    <property name="Category" value="summary" />
                    <property name="Category" value="integration" />
                    <property name="Category" value="regression" />
                    <property name="Category" value="012017" />
                    <property name="Category" value="tertiary" />
                    <property name="Category" value="promocode" />
                  </properties>
                  <reason>
                    <message><![CDATA[OneTimeSetUp: Ignored feature]]></message>
                  </reason>
                </test-case>
                <test-case id="0-1613" name="TER_SUMMARY_04_VerifyUI_SummaryPage_PromoCodeErrorMessage" fullname="Join.Form.Customer.Selenium.Features._10_TertiaryProductFeature.TER_SUMMARY_04_VerifyUI_SummaryPage_PromoCodeErrorMessage" methodname="TER_SUMMARY_04_VerifyUI_SummaryPage_PromoCodeErrorMessage" classname="Join.Form.Customer.Selenium.Features._10_TertiaryProductFeature" runstate="Runnable" seed="1140137841" result="Skipped" label="Ignored" site="Parent" start-time="0001-01-01 00:00:00Z" end-time="0001-01-01 00:00:00Z" duration="0.000000" asserts="0">
                  <properties>
                    <property name="Description" value="TER_SUMMARY_04 - Verify UI - Summary page - Promo Code error message" />
                    <property name="Category" value="COB" />
                    <property name="Category" value="summary" />
                    <property name="Category" value="integration" />
                    <property name="Category" value="regression" />
                    <property name="Category" value="012017" />
                    <property name="Category" value="tertiary" />
                    <property name="Category" value="promocode" />
                  </properties>
                  <reason>
                    <message><![CDATA[OneTimeSetUp: Ignored feature]]></message>
                  </reason>
                </test-case>
                <test-case id="0-1614" name="TER_SUMMARY_05_VerifyUI_SummaryPage_PromoCodeFieldLengthValidation" fullname="Join.Form.Customer.Selenium.Features._10_TertiaryProductFeature.TER_SUMMARY_05_VerifyUI_SummaryPage_PromoCodeFieldLengthValidation" methodname="TER_SUMMARY_05_VerifyUI_SummaryPage_PromoCodeFieldLengthValidation" classname="Join.Form.Customer.Selenium.Features._10_TertiaryProductFeature" runstate="Runnable" seed="1903810309" result="Skipped" label="Ignored" site="Parent" start-time="0001-01-01 00:00:00Z" end-time="0001-01-01 00:00:00Z" duration="0.000000" asserts="0">
                  <properties>
                    <property name="Description" value="TER_SUMMARY_05 - Verify UI - Summary page - Promo Code field length validation" />
                    <property name="Category" value="COB" />
                    <property name="Category" value="summary" />
                    <property name="Category" value="integration" />
                    <property name="Category" value="regression" />
                    <property name="Category" value="012017" />
                    <property name="Category" value="tertiary" />
                    <property name="Category" value="promocode" />
                  </properties>
                  <reason>
                    <message><![CDATA[OneTimeSetUp: Ignored feature]]></message>
                  </reason>
                </test-case>
                <test-suite type="ParameterizedMethod" id="0-1619" name="TER_SUMMARY_06_SummaryPage_ValidPromoCode" fullname="Join.Form.Customer.Selenium.Features._10_TertiaryProductFeature.TER_SUMMARY_06_SummaryPage_ValidPromoCode" classname="Join.Form.Customer.Selenium.Features._10_TertiaryProductFeature" runstate="Runnable" testcasecount="4" result="Skipped" label="Ignored" site="Parent" start-time="0001-01-01 00:00:00Z" end-time="0001-01-01 00:00:00Z" duration="0.000000" total="0" passed="0" failed="0" warnings="0" inconclusive="0" skipped="0" asserts="0">
                  <properties>
                    <property name="Description" value="TER_SUMMARY_06 - Summary page - Valid Promo code" />
                    <property name="Category" value="COB" />
                    <property name="Category" value="summary" />
                    <property name="Category" value="integration" />
                    <property name="Category" value="regression" />
                    <property name="Category" value="012017" />
                    <property name="Category" value="tertiary" />
                    <property name="Category" value="promocode" />
                  </properties>
                  <reason>
                    <message><![CDATA[OneTimeSetUp: Ignored feature]]></message>
                  </reason>
                </test-suite>
                <test-case id="0-1615" name="TER_SUMMARY_06_SummaryPage_ValidPromoCode(&quot;AlphaNumeric&quot;,&quot;7&quot;,System.String[])" fullname="Join.Form.Customer.Selenium.Features._10_TertiaryProductFeature.TER_SUMMARY_06_SummaryPage_ValidPromoCode(&quot;AlphaNumeric&quot;,&quot;7&quot;,System.String[])" methodname="TER_SUMMARY_06_SummaryPage_ValidPromoCode" classname="Join.Form.Customer.Selenium.Features._10_TertiaryProductFeature" runstate="Runnable" seed="272925453" result="Skipped" label="Ignored" site="Parent" start-time="0001-01-01 00:00:00Z" end-time="0001-01-01 00:00:00Z" duration="0.000000" asserts="0">
                  <properties />
                  <reason>
                    <message><![CDATA[OneTimeSetUp: Ignored feature]]></message>
                  </reason>
                </test-case>
                <test-case id="0-1616" name="TER_SUMMARY_06_SummaryPage_ValidPromoCode(&quot;Letters&quot;,&quot;10&quot;,System.String[])" fullname="Join.Form.Customer.Selenium.Features._10_TertiaryProductFeature.TER_SUMMARY_06_SummaryPage_ValidPromoCode(&quot;Letters&quot;,&quot;10&quot;,System.String[])" methodname="TER_SUMMARY_06_SummaryPage_ValidPromoCode" classname="Join.Form.Customer.Selenium.Features._10_TertiaryProductFeature" runstate="Runnable" seed="1498009975" result="Skipped" label="Ignored" site="Parent" start-time="0001-01-01 00:00:00Z" end-time="0001-01-01 00:00:00Z" duration="0.000000" asserts="0">
                  <properties />
                  <reason>
                    <message><![CDATA[OneTimeSetUp: Ignored feature]]></message>
                  </reason>
                </test-case>
                <test-case id="0-1617" name="TER_SUMMARY_06_SummaryPage_ValidPromoCode(&quot;Numbers&quot;,&quot;1&quot;,System.String[])" fullname="Join.Form.Customer.Selenium.Features._10_TertiaryProductFeature.TER_SUMMARY_06_SummaryPage_ValidPromoCode(&quot;Numbers&quot;,&quot;1&quot;,System.String[])" methodname="TER_SUMMARY_06_SummaryPage_ValidPromoCode" classname="Join.Form.Customer.Selenium.Features._10_TertiaryProductFeature" runstate="Runnable" seed="765417033" result="Skipped" label="Ignored" site="Parent" start-time="0001-01-01 00:00:00Z" end-time="0001-01-01 00:00:00Z" duration="0.000000" asserts="0">
                  <properties />
                  <reason>
                    <message><![CDATA[OneTimeSetUp: Ignored feature]]></message>
                  </reason>
                </test-case>
                <test-case id="0-1618" name="TER_SUMMARY_06_SummaryPage_ValidPromoCode(&quot;Default&quot;,&quot;50&quot;,System.String[])" fullname="Join.Form.Customer.Selenium.Features._10_TertiaryProductFeature.TER_SUMMARY_06_SummaryPage_ValidPromoCode(&quot;Default&quot;,&quot;50&quot;,System.String[])" methodname="TER_SUMMARY_06_SummaryPage_ValidPromoCode" classname="Join.Form.Customer.Selenium.Features._10_TertiaryProductFeature" runstate="Runnable" seed="512040985" result="Skipped" label="Ignored" site="Parent" start-time="0001-01-01 00:00:00Z" end-time="0001-01-01 00:00:00Z" duration="0.000000" asserts="0">
                  <properties />
                  <reason>
                    <message><![CDATA[OneTimeSetUp: Ignored feature]]></message>
                  </reason>
                </test-case>
              </test-suite>
              <test-suite type="TestFixture" id="0-1332" name="_11_JobStarterProductFeature" fullname="Join.Form.Customer.Selenium.Features._11_JobStarterProductFeature" classname="Join.Form.Customer.Selenium.Features._11_JobStarterProductFeature" runstate="Ignored" testcasecount="40" result="Skipped" label="Ignored" site="SetUp" start-time="2017-11-14 14:49:50Z" end-time="2017-11-14 14:49:51Z" duration="0.188129" total="10" passed="0" failed="0" warnings="0" inconclusive="0" skipped="10" asserts="0">
                <properties>
                  <property name="Description" value="11_JobStarterProduct" />
                  <property name="_SKIPREASON" value="Ignored feature" />
                </properties>
                <reason>
                  <message><![CDATA[Ignored feature]]></message>
                </reason>
                <test-suite type="ParameterizedMethod" id="0-1368" name="JOBSTARTER_ACTSUM_01_NZCitizen" fullname="Join.Form.Customer.Selenium.Features._11_JobStarterProductFeature.JOBSTARTER_ACTSUM_01_NZCitizen" classname="Join.Form.Customer.Selenium.Features._11_JobStarterProductFeature" runstate="Runnable" testcasecount="3" result="Skipped" label="Ignored" site="Parent" start-time="0001-01-01 00:00:00Z" end-time="0001-01-01 00:00:00Z" duration="0.000000" total="0" passed="0" failed="0" warnings="0" inconclusive="0" skipped="0" asserts="0">
                  <properties>
                    <property name="Description" value="JOBSTARTER_ACTSUM_01 - NZ Citizen" />
                    <property name="Category" value="COB" />
                    <property name="Category" value="activatesummary" />
                    <property name="Category" value="072017" />
                    <property name="Category" value="jobstarter" />
                    <property name="Category" value="integration" />
                    <property name="Category" value="regression" />
                    <property name="Category" value="smoke" />
                  </properties>
                  <reason>
                    <message><![CDATA[OneTimeSetUp: Ignored feature]]></message>
                  </reason>
                </test-suite>
                <test-case id="0-1365" name="JOBSTARTER_ACTSUM_01_NZCitizen(&quot;Job starter only&quot;,&quot;Job starter&quot;,System.String[])" fullname="Join.Form.Customer.Selenium.Features._11_JobStarterProductFeature.JOBSTARTER_ACTSUM_01_NZCitizen(&quot;Job starter only&quot;,&quot;Job starter&quot;,System.String[])" methodname="JOBSTARTER_ACTSUM_01_NZCitizen" classname="Join.Form.Customer.Selenium.Features._11_JobStarterProductFeature" runstate="Runnable" seed="426006132" result="Skipped" label="Ignored" site="Parent" start-time="0001-01-01 00:00:00Z" end-time="0001-01-01 00:00:00Z" duration="0.000000" asserts="0">
                  <properties />
                  <reason>
                    <message><![CDATA[OneTimeSetUp: Ignored feature]]></message>
                  </reason>
                </test-case>
                <test-case id="0-1366" name="JOBSTARTER_ACTSUM_01_NZCitizen(&quot;Default Job Starter Products&quot;,&quot;Job starter, ASB Visa Debit Job Starter&quot;,System.String[])" fullname="Join.Form.Customer.Selenium.Features._11_JobStarterProductFeature.JOBSTARTER_ACTSUM_01_NZCitizen(&quot;Default Job Starter Products&quot;,&quot;Job starter, ASB Visa Debit Job Starter&quot;,System.String[])" methodname="JOBSTARTER_ACTSUM_01_NZCitizen" classname="Join.Form.Customer.Selenium.Features._11_JobStarterProductFeature" runstate="Runnable" seed="2082821250" result="Skipped" label="Ignored" site="Parent" start-time="0001-01-01 00:00:00Z" end-time="0001-01-01 00:00:00Z" duration="0.000000" asserts="0">
                  <properties />
                  <reason>
                    <message><![CDATA[OneTimeSetUp: Ignored feature]]></message>
                  </reason>
                </test-case>
                <test-case id="0-1367" name="JOBSTARTER_ACTSUM_01_NZCitizen(&quot;All Job Starter Products&quot;,&quot;Job starter, ASB Visa Debit Job Starter, Job Starter Overdraft, ASB Visa Rewards Job Starter, ASB Visa Light Job Starter, Savings On Call, FastSaver&quot;,System.String[])" fullname="Join.Form.Customer.Selenium.Features._11_JobStarterProductFeature.JOBSTARTER_ACTSUM_01_NZCitizen(&quot;All Job Starter Products&quot;,&quot;Job starter, ASB Visa Debit Job Starter, Job Starter Overdraft, ASB Visa Rewards Job Starter, ASB Visa Light Job Starter, Savings On Call, FastSaver&quot;,System.String[])" methodname="JOBSTARTER_ACTSUM_01_NZCitizen" classname="Join.Form.Customer.Selenium.Features._11_JobStarterProductFeature" runstate="Runnable" seed="442896207" result="Skipped" label="Ignored" site="Parent" start-time="0001-01-01 00:00:00Z" end-time="0001-01-01 00:00:00Z" duration="0.000000" asserts="0">
                  <properties />
                  <reason>
                    <message><![CDATA[OneTimeSetUp: Ignored feature]]></message>
                  </reason>
                </test-case>
                <test-suite type="ParameterizedMethod" id="0-1372" name="JOBSTARTER_ACTSUM_02_Non_NZCitizen" fullname="Join.Form.Customer.Selenium.Features._11_JobStarterProductFeature.JOBSTARTER_ACTSUM_02_Non_NZCitizen" classname="Join.Form.Customer.Selenium.Features._11_JobStarterProductFeature" runstate="Runnable" testcasecount="3" result="Skipped" label="Ignored" site="Parent" start-time="0001-01-01 00:00:00Z" end-time="0001-01-01 00:00:00Z" duration="0.000000" total="0" passed="0" failed="0" warnings="0" inconclusive="0" skipped="0" asserts="0">
                  <properties>
                    <property name="Description" value="JOBSTARTER_ACTSUM_02 - Non-NZ Citizen" />
                    <property name="Category" value="COB" />
                    <property name="Category" value="activatesummary" />
                    <property name="Category" value="072017" />
                    <property name="Category" value="jobstarter" />
                    <property name="Category" value="integration" />
                    <property name="Category" value="regression" />
                    <property name="Category" value="smoke" />
                  </properties>
                  <reason>
                    <message><![CDATA[OneTimeSetUp: Ignored feature]]></message>
                  </reason>
                </test-suite>
                <test-case id="0-1369" name="JOBSTARTER_ACTSUM_02_Non_NZCitizen(&quot;Job starter only&quot;,&quot;Job starter&quot;,System.String[])" fullname="Join.Form.Customer.Selenium.Features._11_JobStarterProductFeature.JOBSTARTER_ACTSUM_02_Non_NZCitizen(&quot;Job starter only&quot;,&quot;Job starter&quot;,System.String[])" methodname="JOBSTARTER_ACTSUM_02_Non_NZCitizen" classname="Join.Form.Customer.Selenium.Features._11_JobStarterProductFeature" runstate="Runnable" seed="1671033861" result="Skipped" label="Ignored" site="Parent" start-time="0001-01-01 00:00:00Z" end-time="0001-01-01 00:00:00Z" duration="0.000000" asserts="0">
                  <properties />
                  <reason>
                    <message><![CDATA[OneTimeSetUp: Ignored feature]]></message>
                  </reason>
                </test-case>
                <test-case id="0-1370" name="JOBSTARTER_ACTSUM_02_Non_NZCitizen(&quot;Default Job Starter Products&quot;,&quot;Job starter, ASB Visa Debit Job Starter&quot;,System.String[])" fullname="Join.Form.Customer.Selenium.Features._11_JobStarterProductFeature.JOBSTARTER_ACTSUM_02_Non_NZCitizen(&quot;Default Job Starter Products&quot;,&quot;Job starter, ASB Visa Debit Job Starter&quot;,System.String[])" methodname="JOBSTARTER_ACTSUM_02_Non_NZCitizen" classname="Join.Form.Customer.Selenium.Features._11_JobStarterProductFeature" runstate="Runnable" seed="966520272" result="Skipped" label="Ignored" site="Parent" start-time="0001-01-01 00:00:00Z" end-time="0001-01-01 00:00:00Z" duration="0.000000" asserts="0">
                  <properties />
                  <reason>
                    <message><![CDATA[OneTimeSetUp: Ignored feature]]></message>
                  </reason>
                </test-case>
                <test-case id="0-1371" name="JOBSTARTER_ACTSUM_02_Non_NZCitizen(&quot;All Job Starter Products&quot;,&quot;Job starter, ASB Visa Debit Job Starter, ASB Visa Rewards Job Starter, ASB Visa Light Job Starter, Savings On Call, FastSaver&quot;,System.String[])" fullname="Join.Form.Customer.Selenium.Features._11_JobStarterProductFeature.JOBSTARTER_ACTSUM_02_Non_NZCitizen(&quot;All Job Starter Products&quot;,&quot;Job starter, ASB Visa Debit Job Starter, ASB Visa Rewards Job Starter, ASB Visa Light Job Starter, Savings On Call, FastSaver&quot;,System.String[])" methodname="JOBSTARTER_ACTSUM_02_Non_NZCitizen" classname="Join.Form.Customer.Selenium.Features._11_JobStarterProductFeature" runstate="Runnable" seed="445202570" result="Skipped" label="Ignored" site="Parent" start-time="0001-01-01 00:00:00Z" end-time="0001-01-01 00:00:00Z" duration="0.000000" asserts="0">
                  <properties />
                  <reason>
                    <message><![CDATA[OneTimeSetUp: Ignored feature]]></message>
                  </reason>
                </test-case>
                <test-case id="0-1353" name="JOBSTARTER_CNFM_01_VerifyConfirmationScreen_BadCustomerCheckBlock" fullname="Join.Form.Customer.Selenium.Features._11_JobStarterProductFeature.JOBSTARTER_CNFM_01_VerifyConfirmationScreen_BadCustomerCheckBlock" methodname="JOBSTARTER_CNFM_01_VerifyConfirmationScreen_BadCustomerCheckBlock" classname="Join.Form.Customer.Selenium.Features._11_JobStarterProductFeature" runstate="Runnable" seed="1694390510" result="Skipped" label="Ignored" site="Parent" start-time="0001-01-01 00:00:00Z" end-time="0001-01-01 00:00:00Z" duration="0.000000" asserts="0">
                  <properties>
                    <property name="Description" value="JOBSTARTER_CNFM_01 - Verify Confirmation screen - Bad Customer check (block)" />
                    <property name="Category" value="COB" />
                    <property name="Category" value="confirmation" />
                    <property name="Category" value="regression" />
                    <property name="Category" value="integration" />
                    <property name="Category" value="072017" />
                    <property name="Category" value="jobstarter" />
                  </properties>
                  <reason>
                    <message><![CDATA[OneTimeSetUp: Ignored feature]]></message>
                  </reason>
                </test-case>
                <test-case id="0-1354" name="JOBSTARTER_CNFM_02_VerifyProofOfAddressCopy_BadCustomer" fullname="Join.Form.Customer.Selenium.Features._11_JobStarterProductFeature.JOBSTARTER_CNFM_02_VerifyProofOfAddressCopy_BadCustomer" methodname="JOBSTARTER_CNFM_02_VerifyProofOfAddressCopy_BadCustomer" classname="Join.Form.Customer.Selenium.Features._11_JobStarterProductFeature" runstate="Runnable" seed="922051242" result="Skipped" label="Ignored" site="Parent" start-time="0001-01-01 00:00:00Z" end-time="0001-01-01 00:00:00Z" duration="0.000000" asserts="0">
                  <properties>
                    <property name="Description" value="JOBSTARTER_CNFM_02 - Verify Proof of Address copy - Bad Customer" />
                    <property name="Category" value="COB" />
                    <property name="Category" value="confirmation" />
                    <property name="Category" value="regression" />
                    <property name="Category" value="integration" />
                    <property name="Category" value="072017" />
                    <property name="Category" value="jobstarter" />
                  </properties>
                  <reason>
                    <message><![CDATA[OneTimeSetUp: Ignored feature]]></message>
                  </reason>
                </test-case>
                <test-case id="0-1355" name="JOBSTARTER_CNFM_03_ExistingCustomerCheck_FNCOpenApplyRedirect" fullname="Join.Form.Customer.Selenium.Features._11_JobStarterProductFeature.JOBSTARTER_CNFM_03_ExistingCustomerCheck_FNCOpenApplyRedirect" methodname="JOBSTARTER_CNFM_03_ExistingCustomerCheck_FNCOpenApplyRedirect" classname="Join.Form.Customer.Selenium.Features._11_JobStarterProductFeature" runstate="Runnable" seed="14086186" result="Skipped" label="Ignored" site="Parent" start-time="0001-01-01 00:00:00Z" end-time="0001-01-01 00:00:00Z" duration="0.000000" asserts="0">
                  <properties>
                    <property name="Description" value="JOBSTARTER_CNFM_03 - Existing Customer check - FNC Open &amp; Apply Redirect" />
                    <property name="Category" value="COB" />
                    <property name="Category" value="confirmation" />
                    <property name="Category" value="regression" />
                    <property name="Category" value="integration" />
                    <property name="Category" value="072017" />
                    <property name="Category" value="jobstarter" />
                  </properties>
                  <reason>
                    <message><![CDATA[OneTimeSetUp: Ignored feature]]></message>
                  </reason>
                </test-case>
                <test-case id="0-1356" name="JOBSTARTER_CNFM_04_VerifyProofOfAddressCopy_ExistingCustomer" fullname="Join.Form.Customer.Selenium.Features._11_JobStarterProductFeature.JOBSTARTER_CNFM_04_VerifyProofOfAddressCopy_ExistingCustomer" methodname="JOBSTARTER_CNFM_04_VerifyProofOfAddressCopy_ExistingCustomer" classname="Join.Form.Customer.Selenium.Features._11_JobStarterProductFeature" runstate="Runnable" seed="383654906" result="Skipped" label="Ignored" site="Parent" start-time="0001-01-01 00:00:00Z" end-time="0001-01-01 00:00:00Z" duration="0.000000" asserts="0">
                  <properties>
                    <property name="Description" value="JOBSTARTER_CNFM_04 - Verify Proof of Address copy - Existing Customer" />
                    <property name="Category" value="COB" />
                    <property name="Category" value="confirmation" />
                    <property name="Category" value="regression" />
                    <property name="Category" value="integration" />
                    <property name="Category" value="072017" />
                    <property name="Category" value="jobstarter" />
                  </properties>
                  <reason>
                    <message><![CDATA[OneTimeSetUp: Ignored feature]]></message>
                  </reason>
                </test-case>
              </test-suite>
              <test-suite type="TestFixture" id="0-1266" name="_12_GraduateProductFeature" fullname="Join.Form.Customer.Selenium.Features._12_GraduateProductFeature" classname="Join.Form.Customer.Selenium.Features._12_GraduateProductFeature" runstate="Ignored" testcasecount="37" result="Skipped" label="Ignored" site="SetUp" start-time="2017-11-14 14:49:51Z" end-time="2017-11-14 14:49:51Z" duration="0.156780" total="8" passed="0" failed="0" warnings="0" inconclusive="0" skipped="8" asserts="0">
                <properties>
                  <property name="Description" value="12_GraduateProduct" />
                  <property name="_SKIPREASON" value="Ignored feature" />
                </properties>
                <reason>
                  <message><![CDATA[Ignored feature]]></message>
                </reason>
                <test-suite type="ParameterizedMethod" id="0-1300" name="GRADUATE_ACTSUM_01_NZCitizen" fullname="Join.Form.Customer.Selenium.Features._12_GraduateProductFeature.GRADUATE_ACTSUM_01_NZCitizen" classname="Join.Form.Customer.Selenium.Features._12_GraduateProductFeature" runstate="Runnable" testcasecount="2" result="Skipped" label="Ignored" site="Parent" start-time="0001-01-01 00:00:00Z" end-time="0001-01-01 00:00:00Z" duration="0.000000" total="0" passed="0" failed="0" warnings="0" inconclusive="0" skipped="0" asserts="0">
                  <properties>
                    <property name="Description" value="GRADUATE_ACTSUM_01 - NZ Citizen" />
                    <property name="Category" value="COB" />
                    <property name="Category" value="activatesummary" />
                    <property name="Category" value="082017" />
                    <property name="Category" value="graduate" />
                    <property name="Category" value="integration" />
                    <property name="Category" value="regression" />
                    <property name="Category" value="smoke" />
                  </properties>
                  <reason>
                    <message><![CDATA[OneTimeSetUp: Ignored feature]]></message>
                  </reason>
                </test-suite>
                <test-case id="0-1298" name="GRADUATE_ACTSUM_01_NZCitizen(&quot;Default Graduate Products&quot;,&quot;Graduate Cheque&quot;,System.String[])" fullname="Join.Form.Customer.Selenium.Features._12_GraduateProductFeature.GRADUATE_ACTSUM_01_NZCitizen(&quot;Default Graduate Products&quot;,&quot;Graduate Cheque&quot;,System.String[])" methodname="GRADUATE_ACTSUM_01_NZCitizen" classname="Join.Form.Customer.Selenium.Features._12_GraduateProductFeature" runstate="Runnable" seed="1611714330" result="Skipped" label="Ignored" site="Parent" start-time="0001-01-01 00:00:00Z" end-time="0001-01-01 00:00:00Z" duration="0.000000" asserts="0">
                  <properties />
                  <reason>
                    <message><![CDATA[OneTimeSetUp: Ignored feature]]></message>
                  </reason>
                </test-case>
                <test-case id="0-1299" name="GRADUATE_ACTSUM_01_NZCitizen(&quot;All Graduate Products&quot;,&quot;Graduate Cheque, Graduate Overdraft, ASB Visa Rewards Graduate, ASB Visa Light Graduate, Savings On Call, FastSaver&quot;,System.String[])" fullname="Join.Form.Customer.Selenium.Features._12_GraduateProductFeature.GRADUATE_ACTSUM_01_NZCitizen(&quot;All Graduate Products&quot;,&quot;Graduate Cheque, Graduate Overdraft, ASB Visa Rewards Graduate, ASB Visa Light Graduate, Savings On Call, FastSaver&quot;,System.String[])" methodname="GRADUATE_ACTSUM_01_NZCitizen" classname="Join.Form.Customer.Selenium.Features._12_GraduateProductFeature" runstate="Runnable" seed="1850312686" result="Skipped" label="Ignored" site="Parent" start-time="0001-01-01 00:00:00Z" end-time="0001-01-01 00:00:00Z" duration="0.000000" asserts="0">
                  <properties />
                  <reason>
                    <message><![CDATA[OneTimeSetUp: Ignored feature]]></message>
                  </reason>
                </test-case>
                <test-suite type="ParameterizedMethod" id="0-1303" name="GRADUATE_ACTSUM_02_Non_NZCitizen" fullname="Join.Form.Customer.Selenium.Features._12_GraduateProductFeature.GRADUATE_ACTSUM_02_Non_NZCitizen" classname="Join.Form.Customer.Selenium.Features._12_GraduateProductFeature" runstate="Runnable" testcasecount="2" result="Skipped" label="Ignored" site="Parent" start-time="0001-01-01 00:00:00Z" end-time="0001-01-01 00:00:00Z" duration="0.000000" total="0" passed="0" failed="0" warnings="0" inconclusive="0" skipped="0" asserts="0">
                  <properties>
                    <property name="Description" value="GRADUATE_ACTSUM_02 - Non-NZ Citizen" />
                    <property name="Category" value="COB" />
                    <property name="Category" value="activatesummary" />
                    <property name="Category" value="082017" />
                    <property name="Category" value="graduate" />
                    <property name="Category" value="integration" />
                    <property name="Category" value="regression" />
                    <property name="Category" value="smoke" />
                  </properties>
                  <reason>
                    <message><![CDATA[OneTimeSetUp: Ignored feature]]></message>
                  </reason>
                </test-suite>
                <test-case id="0-1301" name="GRADUATE_ACTSUM_02_Non_NZCitizen(&quot;Default Graduate Products&quot;,&quot;Graduate Cheque&quot;,System.String[])" fullname="Join.Form.Customer.Selenium.Features._12_GraduateProductFeature.GRADUATE_ACTSUM_02_Non_NZCitizen(&quot;Default Graduate Products&quot;,&quot;Graduate Cheque&quot;,System.String[])" methodname="GRADUATE_ACTSUM_02_Non_NZCitizen" classname="Join.Form.Customer.Selenium.Features._12_GraduateProductFeature" runstate="Runnable" seed="670281720" result="Skipped" label="Ignored" site="Parent" start-time="0001-01-01 00:00:00Z" end-time="0001-01-01 00:00:00Z" duration="0.000000" asserts="0">
                  <properties />
                  <reason>
                    <message><![CDATA[OneTimeSetUp: Ignored feature]]></message>
                  </reason>
                </test-case>
                <test-case id="0-1302" name="GRADUATE_ACTSUM_02_Non_NZCitizen(&quot;All Graduate Products&quot;,&quot;Graduate Cheque, ASB Visa Rewards Graduate, ASB Visa Light Graduate, Savings On Call, FastSaver&quot;,System.String[])" fullname="Join.Form.Customer.Selenium.Features._12_GraduateProductFeature.GRADUATE_ACTSUM_02_Non_NZCitizen(&quot;All Graduate Products&quot;,&quot;Graduate Cheque, ASB Visa Rewards Graduate, ASB Visa Light Graduate, Savings On Call, FastSaver&quot;,System.String[])" methodname="GRADUATE_ACTSUM_02_Non_NZCitizen" classname="Join.Form.Customer.Selenium.Features._12_GraduateProductFeature" runstate="Runnable" seed="883232813" result="Skipped" label="Ignored" site="Parent" start-time="0001-01-01 00:00:00Z" end-time="0001-01-01 00:00:00Z" duration="0.000000" asserts="0">
                  <properties />
                  <reason>
                    <message><![CDATA[OneTimeSetUp: Ignored feature]]></message>
                  </reason>
                </test-case>
                <test-case id="0-1286" name="GRADUATE_CNFM_01_VerifyConfirmationScreen_BadCustomerCheckBlock" fullname="Join.Form.Customer.Selenium.Features._12_GraduateProductFeature.GRADUATE_CNFM_01_VerifyConfirmationScreen_BadCustomerCheckBlock" methodname="GRADUATE_CNFM_01_VerifyConfirmationScreen_BadCustomerCheckBlock" classname="Join.Form.Customer.Selenium.Features._12_GraduateProductFeature" runstate="Runnable" seed="268837067" result="Skipped" label="Ignored" site="Parent" start-time="0001-01-01 00:00:00Z" end-time="0001-01-01 00:00:00Z" duration="0.000000" asserts="0">
                  <properties>
                    <property name="Description" value="GRADUATE_CNFM_01 - Verify Confirmation screen - Bad Customer check (block)" />
                    <property name="Category" value="COB" />
                    <property name="Category" value="confirmation" />
                    <property name="Category" value="regression" />
                    <property name="Category" value="integration" />
                    <property name="Category" value="082017" />
                    <property name="Category" value="graduate" />
                  </properties>
                  <reason>
                    <message><![CDATA[OneTimeSetUp: Ignored feature]]></message>
                  </reason>
                </test-case>
                <test-case id="0-1287" name="GRADUATE_CNFM_02_VerifyProofOfAddressCopy_BadCustomer" fullname="Join.Form.Customer.Selenium.Features._12_GraduateProductFeature.GRADUATE_CNFM_02_VerifyProofOfAddressCopy_BadCustomer" methodname="GRADUATE_CNFM_02_VerifyProofOfAddressCopy_BadCustomer" classname="Join.Form.Customer.Selenium.Features._12_GraduateProductFeature" runstate="Runnable" seed="2098321101" result="Skipped" label="Ignored" site="Parent" start-time="0001-01-01 00:00:00Z" end-time="0001-01-01 00:00:00Z" duration="0.000000" asserts="0">
                  <properties>
                    <property name="Description" value="GRADUATE_CNFM_02 - Verify Proof of Address copy - Bad Customer" />
                    <property name="Category" value="COB" />
                    <property name="Category" value="confirmation" />
                    <property name="Category" value="regression" />
                    <property name="Category" value="integration" />
                    <property name="Category" value="082017" />
                    <property name="Category" value="graduate" />
                  </properties>
                  <reason>
                    <message><![CDATA[OneTimeSetUp: Ignored feature]]></message>
                  </reason>
                </test-case>
                <test-case id="0-1288" name="GRADUATE_CNFM_03_ExistingCustomerCheck_FNCOpenApplyRedirect" fullname="Join.Form.Customer.Selenium.Features._12_GraduateProductFeature.GRADUATE_CNFM_03_ExistingCustomerCheck_FNCOpenApplyRedirect" methodname="GRADUATE_CNFM_03_ExistingCustomerCheck_FNCOpenApplyRedirect" classname="Join.Form.Customer.Selenium.Features._12_GraduateProductFeature" runstate="Runnable" seed="539527601" result="Skipped" label="Ignored" site="Parent" start-time="0001-01-01 00:00:00Z" end-time="0001-01-01 00:00:00Z" duration="0.000000" asserts="0">
                  <properties>
                    <property name="Description" value="GRADUATE_CNFM_03 - Existing Customer check - FNC Open &amp; Apply Redirect" />
                    <property name="Category" value="COB" />
                    <property name="Category" value="confirmation" />
                    <property name="Category" value="regression" />
                    <property name="Category" value="integration" />
                    <property name="Category" value="082017" />
                    <property name="Category" value="graduate" />
                  </properties>
                  <reason>
                    <message><![CDATA[OneTimeSetUp: Ignored feature]]></message>
                  </reason>
                </test-case>
                <test-case id="0-1289" name="GRADUATE_CNFM_04_VerifyProofOfAddressCopy_ExistingCustomer" fullname="Join.Form.Customer.Selenium.Features._12_GraduateProductFeature.GRADUATE_CNFM_04_VerifyProofOfAddressCopy_ExistingCustomer" methodname="GRADUATE_CNFM_04_VerifyProofOfAddressCopy_ExistingCustomer" classname="Join.Form.Customer.Selenium.Features._12_GraduateProductFeature" runstate="Runnable" seed="1129440459" result="Skipped" label="Ignored" site="Parent" start-time="0001-01-01 00:00:00Z" end-time="0001-01-01 00:00:00Z" duration="0.000000" asserts="0">
                  <properties>
                    <property name="Description" value="GRADUATE_CNFM_04 - Verify Proof of Address copy - Existing Customer" />
                    <property name="Category" value="COB" />
                    <property name="Category" value="confirmation" />
                    <property name="Category" value="regression" />
                    <property name="Category" value="integration" />
                    <property name="Category" value="082017" />
                    <property name="Category" value="graduate" />
                  </properties>
                  <reason>
                    <message><![CDATA[OneTimeSetUp: Ignored feature]]></message>
                  </reason>
                </test-case>
              </test-suite>
              <test-suite type="TestFixture" id="0-1000" name="_99_ActivateProfileDetailsFeature" fullname="Join.Form.Customer.Selenium.Features._99_ActivateProfileDetailsFeature" classname="Join.Form.Customer.Selenium.Features._99_ActivateProfileDetailsFeature" runstate="Runnable" testcasecount="39" result="Skipped" label="Ignored" start-time="2017-11-14 14:49:51Z" end-time="2017-11-14 14:49:52Z" duration="0.765941" total="37" passed="0" failed="0" warnings="0" inconclusive="0" skipped="37" asserts="0">
                <properties>
                  <property name="Description" value="99_ActivateProfileDetails" />
                  <property name="Category" value="ignore(&quot;obsoleteDueToCRSChanges&quot;)" />
                </properties>
                <reason>
                  <message><![CDATA[One or more child tests were ignored]]></message>
                </reason>
                <test-suite type="ParameterizedMethod" id="0-1011" name="ACTPROF_01_VerifyCOBDataInActivate" fullname="Join.Form.Customer.Selenium.Features._99_ActivateProfileDetailsFeature.ACTPROF_01_VerifyCOBDataInActivate" classname="Join.Form.Customer.Selenium.Features._99_ActivateProfileDetailsFeature" runstate="Ignored" testcasecount="10" result="Skipped" label="Ignored" site="SetUp" start-time="2017-11-14 14:49:51Z" end-time="2017-11-14 14:49:51Z" duration="0.156284" total="10" passed="0" failed="0" warnings="0" inconclusive="0" skipped="10" asserts="0">
                  <properties>
                    <property name="Description" value="ACTPROF_01 - Verify COB data in Activate" />
                    <property name="_SKIPREASON" value="Ignored scenario" />
                    <property name="Category" value="activateprofile" />
                    <property name="Category" value="COB" />
                    <property name="Category" value="integration" />
                    <property name="Category" value="072016" />
                    <property name="Category" value="eidv" />
                    <property name="Category" value="obsolete" />
                  </properties>
                  <reason>
                    <message><![CDATA[Ignored scenario]]></message>
                  </reason>
                  <test-case id="0-1001" name="ACTPROF_01_VerifyCOBDataInActivate(&quot;NZTaxResident and profile incomplete&quot;,&quot;Streamline intro&quot;,&quot;Yes&quot;,&quot;Skip&quot;,&quot;Skip&quot;,&quot;Skip&quot;,&quot;Skip&quot;,&quot;Yes&quot;,&quot;33%&quot;,&quot;111-111-111&quot;,&quot;New Zealand&quot;,&quot;Skip&quot;,&quot;FALSE&quot;,System.String[])" fullname="Join.Form.Customer.Selenium.Features._99_ActivateProfileDetailsFeature.ACTPROF_01_VerifyCOBDataInActivate(&quot;NZTaxResident and profile incomplete&quot;,&quot;Streamline intro&quot;,&quot;Yes&quot;,&quot;Skip&quot;,&quot;Skip&quot;,&quot;Skip&quot;,&quot;Skip&quot;,&quot;Yes&quot;,&quot;33%&quot;,&quot;111-111-111&quot;,&quot;New Zealand&quot;,&quot;Skip&quot;,&quot;FALSE&quot;,System.String[])" methodname="ACTPROF_01_VerifyCOBDataInActivate" classname="Join.Form.Customer.Selenium.Features._99_ActivateProfileDetailsFeature" runstate="Runnable" seed="1278357912" result="Skipped" label="Ignored" site="Parent" start-time="0001-01-01 00:00:00Z" end-time="0001-01-01 00:00:00Z" duration="0.000000" asserts="0">
                    <properties />
                    <reason>
                      <message><![CDATA[OneTimeSetUp: Ignored scenario]]></message>
                    </reason>
                  </test-case>
                  <test-case id="0-1002" name="ACTPROF_01_VerifyCOBDataInActivate(&quot;NZTaxResident - Exempt and profile complete on submit&quot;,&quot;Streamline intro,ASB Visa Debit&quot;,&quot;Yes&quot;,&quot;Exempt from withholding tax&quot;,&quot;Skip&quot;,&quot;Skip&quot;,&quot;Skip&quot;,&quot;Yes&quot;,&quot;Exempt from withholding tax&quot;,&quot;Skip&quot;,&quot;New Zealand&quot;,&quot;Australia - X123GH78, India - 9856GFT8, Argentina - X123GH78, Svalbard and Jan Mayen Islands - GT7646HG&quot;,&quot;TRUE&quot;,System.String[])" fullname="Join.Form.Customer.Selenium.Features._99_ActivateProfileDetailsFeature.ACTPROF_01_VerifyCOBDataInActivate(&quot;NZTaxResident - Exempt and profile complete on submit&quot;,&quot;Streamline intro,ASB Visa Debit&quot;,&quot;Yes&quot;,&quot;Exempt from withholding tax&quot;,&quot;Skip&quot;,&quot;Skip&quot;,&quot;Skip&quot;,&quot;Yes&quot;,&quot;Exempt from withholding tax&quot;,&quot;Skip&quot;,&quot;New Zealand&quot;,&quot;Australia - X123GH78, India - 9856GFT8, Argentina - X123GH78, Svalbard and Jan Mayen Islands - GT7646HG&quot;,&quot;TRUE&quot;,System.String[])" methodname="ACTPROF_01_VerifyCOBDataInActivate" classname="Join.Form.Customer.Selenium.Features._99_ActivateProfileDetailsFeature" runstate="Runnable" seed="664889531" result="Skipped" label="Ignored" site="Parent" start-time="0001-01-01 00:00:00Z" end-time="0001-01-01 00:00:00Z" duration="0.000000" asserts="0">
                    <properties />
                    <reason>
                      <message><![CDATA[OneTimeSetUp: Ignored scenario]]></message>
                    </reason>
                  </test-case>
                  <test-case id="0-1003" name="ACTPROF_01_VerifyCOBDataInActivate(&quot;NZTaxResident, Citizenship and profile incomplete&quot;,&quot;Streamline intro&quot;,&quot;Yes&quot;,&quot;Skip&quot;,&quot;Skip&quot;,&quot;New Zealand, Australia, India, Svalbard and Jan Mayen Islands&quot;,&quot;Skip&quot;,&quot;Yes&quot;,&quot;17.5%&quot;,&quot;49-091-850&quot;,&quot;Skip&quot;,&quot;New Zealand&quot;,&quot;FALSE&quot;,System.String[])" fullname="Join.Form.Customer.Selenium.Features._99_ActivateProfileDetailsFeature.ACTPROF_01_VerifyCOBDataInActivate(&quot;NZTaxResident, Citizenship and profile incomplete&quot;,&quot;Streamline intro&quot;,&quot;Yes&quot;,&quot;Skip&quot;,&quot;Skip&quot;,&quot;New Zealand, Australia, India, Svalbard and Jan Mayen Islands&quot;,&quot;Skip&quot;,&quot;Yes&quot;,&quot;17.5%&quot;,&quot;49-091-850&quot;,&quot;Skip&quot;,&quot;New Zealand&quot;,&quot;FALSE&quot;,System.String[])" methodname="ACTPROF_01_VerifyCOBDataInActivate" classname="Join.Form.Customer.Selenium.Features._99_ActivateProfileDetailsFeature" runstate="Runnable" seed="1296781716" result="Skipped" label="Ignored" site="Parent" start-time="0001-01-01 00:00:00Z" end-time="0001-01-01 00:00:00Z" duration="0.000000" asserts="0">
                    <properties />
                    <reason>
                      <message><![CDATA[OneTimeSetUp: Ignored scenario]]></message>
                    </reason>
                  </test-case>
                  <test-case id="0-1004" name="ACTPROF_01_VerifyCOBDataInActivate(&quot;Not NZTaxResident  and profile incomplete&quot;,&quot;Streamline intro&quot;,&quot;No&quot;,&quot;Skip&quot;,&quot;Skip&quot;,&quot;Skip&quot;,&quot;Australia - X123GH78&quot;,&quot;Yes&quot;,&quot;33%&quot;,&quot;111-111-111&quot;,&quot;Skip&quot;,&quot;Australia - X123GH78, India - 9856GFT8, Argentina - X123GH78, Svalbard and Jan Mayen Islands - GT7646HG&quot;,&quot;FALSE&quot;,System.String[])" fullname="Join.Form.Customer.Selenium.Features._99_ActivateProfileDetailsFeature.ACTPROF_01_VerifyCOBDataInActivate(&quot;Not NZTaxResident  and profile incomplete&quot;,&quot;Streamline intro&quot;,&quot;No&quot;,&quot;Skip&quot;,&quot;Skip&quot;,&quot;Skip&quot;,&quot;Australia - X123GH78&quot;,&quot;Yes&quot;,&quot;33%&quot;,&quot;111-111-111&quot;,&quot;Skip&quot;,&quot;Australia - X123GH78, India - 9856GFT8, Argentina - X123GH78, Svalbard and Jan Mayen Islands - GT7646HG&quot;,&quot;FALSE&quot;,System.String[])" methodname="ACTPROF_01_VerifyCOBDataInActivate" classname="Join.Form.Customer.Selenium.Features._99_ActivateProfileDetailsFeature" runstate="Runnable" seed="1527552629" result="Skipped" label="Ignored" site="Parent" start-time="0001-01-01 00:00:00Z" end-time="0001-01-01 00:00:00Z" duration="0.000000" asserts="0">
                    <properties />
                    <reason>
                      <message><![CDATA[OneTimeSetUp: Ignored scenario]]></message>
                    </reason>
                  </test-case>
                  <test-case id="0-1005" name="ACTPROF_01_VerifyCOBDataInActivate(&quot;No-Exempt from withholding tax and profile complete on submit&quot;,&quot;Streamline intro,ASB Visa Debit&quot;,&quot;No&quot;,&quot;Exempt from withholding tax&quot;,&quot;111-111-111&quot;,&quot;Skip&quot;,&quot;Australia - X123GH78&quot;,&quot;No&quot;,&quot;Non-resident Withholding tax rate&quot;,&quot;111-111-111&quot;,&quot;New Zealand, Australia, India, Svalbard and Jan Mayen Islands&quot;,&quot;Australia - X123GH78&quot;,&quot;TRUE&quot;,System.String[])" fullname="Join.Form.Customer.Selenium.Features._99_ActivateProfileDetailsFeature.ACTPROF_01_VerifyCOBDataInActivate(&quot;No-Exempt from withholding tax and profile complete on submit&quot;,&quot;Streamline intro,ASB Visa Debit&quot;,&quot;No&quot;,&quot;Exempt from withholding tax&quot;,&quot;111-111-111&quot;,&quot;Skip&quot;,&quot;Australia - X123GH78&quot;,&quot;No&quot;,&quot;Non-resident Withholding tax rate&quot;,&quot;111-111-111&quot;,&quot;New Zealand, Australia, India, Svalbard and Jan Mayen Islands&quot;,&quot;Australia - X123GH78&quot;,&quot;TRUE&quot;,System.String[])" methodname="ACTPROF_01_VerifyCOBDataInActivate" classname="Join.Form.Customer.Selenium.Features._99_ActivateProfileDetailsFeature" runstate="Runnable" seed="404222292" result="Skipped" label="Ignored" site="Parent" start-time="0001-01-01 00:00:00Z" end-time="0001-01-01 00:00:00Z" duration="0.000000" asserts="0">
                    <properties />
                    <reason>
                      <message><![CDATA[OneTimeSetUp: Ignored scenario]]></message>
                    </reason>
                  </test-case>
                  <test-case id="0-1006" name="ACTPROF_01_VerifyCOBDataInActivate(&quot;NZTaxResident - 33% and profile complete on submit&quot;,&quot;Streamline intro,ASB Visa Debit&quot;,&quot;Yes&quot;,&quot;33%&quot;,&quot;Skip&quot;,&quot;Skip&quot;,&quot;Skip&quot;,&quot;Yes&quot;,&quot;33%&quot;,&quot;111-111-111&quot;,&quot;New Zealand&quot;,&quot;Australia - X123GH78&quot;,&quot;TRUE&quot;,null)" fullname="Join.Form.Customer.Selenium.Features._99_ActivateProfileDetailsFeature.ACTPROF_01_VerifyCOBDataInActivate(&quot;NZTaxResident - 33% and profile complete on submit&quot;,&quot;Streamline intro,ASB Visa Debit&quot;,&quot;Yes&quot;,&quot;33%&quot;,&quot;Skip&quot;,&quot;Skip&quot;,&quot;Skip&quot;,&quot;Yes&quot;,&quot;33%&quot;,&quot;111-111-111&quot;,&quot;New Zealand&quot;,&quot;Australia - X123GH78&quot;,&quot;TRUE&quot;,null)" methodname="ACTPROF_01_VerifyCOBDataInActivate" classname="Join.Form.Customer.Selenium.Features._99_ActivateProfileDetailsFeature" runstate="Runnable" seed="1640216568" result="Skipped" label="Ignored" site="Parent" start-time="0001-01-01 00:00:00Z" end-time="0001-01-01 00:00:00Z" duration="0.000000" asserts="0">
                    <properties>
                      <property name="Category" value="regression" />
                    </properties>
                    <reason>
                      <message><![CDATA[OneTimeSetUp: Ignored scenario]]></message>
                    </reason>
                  </test-case>
                  <test-case id="0-1007" name="ACTPROF_01_VerifyCOBDataInActivate(&quot;NZTaxResident - 17.5% and profile incomplete&quot;,&quot;Streamline intro&quot;,&quot;Yes&quot;,&quot;17.5%&quot;,&quot;49-091-850&quot;,&quot;Skip&quot;,&quot;Skip&quot;,&quot;Yes&quot;,&quot;10.5%&quot;,&quot;35-901-981&quot;,&quot;New Zealand, Australia, India, Svalbard and Jan Mayen Islands&quot;,&quot;Skip&quot;,&quot;FALSE&quot;,null)" fullname="Join.Form.Customer.Selenium.Features._99_ActivateProfileDetailsFeature.ACTPROF_01_VerifyCOBDataInActivate(&quot;NZTaxResident - 17.5% and profile incomplete&quot;,&quot;Streamline intro&quot;,&quot;Yes&quot;,&quot;17.5%&quot;,&quot;49-091-850&quot;,&quot;Skip&quot;,&quot;Skip&quot;,&quot;Yes&quot;,&quot;10.5%&quot;,&quot;35-901-981&quot;,&quot;New Zealand, Australia, India, Svalbard and Jan Mayen Islands&quot;,&quot;Skip&quot;,&quot;FALSE&quot;,null)" methodname="ACTPROF_01_VerifyCOBDataInActivate" classname="Join.Form.Customer.Selenium.Features._99_ActivateProfileDetailsFeature" runstate="Runnable" seed="14090025" result="Skipped" label="Ignored" site="Parent" start-time="0001-01-01 00:00:00Z" end-time="0001-01-01 00:00:00Z" duration="0.000000" asserts="0">
                    <properties>
                      <property name="Category" value="regression" />
                    </properties>
                    <reason>
                      <message><![CDATA[OneTimeSetUp: Ignored scenario]]></message>
                    </reason>
                  </test-case>
                  <test-case id="0-1008" name="ACTPROF_01_VerifyCOBDataInActivate(&quot;NZTaxResident, FTR and profile incomplete&quot;,&quot;Streamline intro,ASB Visa Debit&quot;,&quot;Yes&quot;,&quot;Skip&quot;,&quot;Skip&quot;,&quot;Skip&quot;,&quot;Australia - X123GH78, India - 9856GFT8, Argentina - X123GH78, Svalbard and Jan Mayen Islands - GT7646HG&quot;,&quot;Yes&quot;,&quot;Skip&quot;,&quot;Skip&quot;,&quot;Skip&quot;,&quot;Australia&quot;,&quot;FALSE&quot;,null)" fullname="Join.Form.Customer.Selenium.Features._99_ActivateProfileDetailsFeature.ACTPROF_01_VerifyCOBDataInActivate(&quot;NZTaxResident, FTR and profile incomplete&quot;,&quot;Streamline intro,ASB Visa Debit&quot;,&quot;Yes&quot;,&quot;Skip&quot;,&quot;Skip&quot;,&quot;Skip&quot;,&quot;Australia - X123GH78, India - 9856GFT8, Argentina - X123GH78, Svalbard and Jan Mayen Islands - GT7646HG&quot;,&quot;Yes&quot;,&quot;Skip&quot;,&quot;Skip&quot;,&quot;Skip&quot;,&quot;Australia&quot;,&quot;FALSE&quot;,null)" methodname="ACTPROF_01_VerifyCOBDataInActivate" classname="Join.Form.Customer.Selenium.Features._99_ActivateProfileDetailsFeature" runstate="Runnable" seed="1546416167" result="Skipped" label="Ignored" site="Parent" start-time="0001-01-01 00:00:00Z" end-time="0001-01-01 00:00:00Z" duration="0.000000" asserts="0">
                    <properties>
                      <property name="Category" value="regression" />
                    </properties>
                    <reason>
                      <message><![CDATA[OneTimeSetUp: Ignored scenario]]></message>
                    </reason>
                  </test-case>
                  <test-case id="0-1009" name="ACTPROF_01_VerifyCOBDataInActivate(&quot;No-Approved Issuer Levy at 2% and profile complete on submit&quot;,&quot;Streamline intro,ASB Visa Debit&quot;,&quot;No&quot;,&quot;Approved Issuer Levy at 2%&quot;,&quot;Skip&quot;,&quot;Skip&quot;,&quot;Australia&quot;,&quot;No&quot;,&quot;Approved Issuer Levy at 2%&quot;,&quot;Skip&quot;,&quot;New Zealand&quot;,&quot;Australia - X123GH78&quot;,&quot;TRUE&quot;,null)" fullname="Join.Form.Customer.Selenium.Features._99_ActivateProfileDetailsFeature.ACTPROF_01_VerifyCOBDataInActivate(&quot;No-Approved Issuer Levy at 2% and profile complete on submit&quot;,&quot;Streamline intro,ASB Visa Debit&quot;,&quot;No&quot;,&quot;Approved Issuer Levy at 2%&quot;,&quot;Skip&quot;,&quot;Skip&quot;,&quot;Australia&quot;,&quot;No&quot;,&quot;Approved Issuer Levy at 2%&quot;,&quot;Skip&quot;,&quot;New Zealand&quot;,&quot;Australia - X123GH78&quot;,&quot;TRUE&quot;,null)" methodname="ACTPROF_01_VerifyCOBDataInActivate" classname="Join.Form.Customer.Selenium.Features._99_ActivateProfileDetailsFeature" runstate="Runnable" seed="1311268683" result="Skipped" label="Ignored" site="Parent" start-time="0001-01-01 00:00:00Z" end-time="0001-01-01 00:00:00Z" duration="0.000000" asserts="0">
                    <properties>
                      <property name="Category" value="regression" />
                    </properties>
                    <reason>
                      <message><![CDATA[OneTimeSetUp: Ignored scenario]]></message>
                    </reason>
                  </test-case>
                  <test-case id="0-1010" name="ACTPROF_01_VerifyCOBDataInActivate(&quot;No-Non-resident Withholding tax rate and profile incomplete&quot;,&quot;Streamline intro&quot;,&quot;No&quot;,&quot;Non-resident Withholding tax rate&quot;,&quot;49-091-850&quot;,&quot;Skip&quot;,&quot;Australia - X123GH78&quot;,&quot;No&quot;,&quot;Exempt from withholding tax&quot;,&quot;49-091-850&quot;,&quot;Skip&quot;,&quot;Australia - X123GH78&quot;,&quot;FALSE&quot;,null)" fullname="Join.Form.Customer.Selenium.Features._99_ActivateProfileDetailsFeature.ACTPROF_01_VerifyCOBDataInActivate(&quot;No-Non-resident Withholding tax rate and profile incomplete&quot;,&quot;Streamline intro&quot;,&quot;No&quot;,&quot;Non-resident Withholding tax rate&quot;,&quot;49-091-850&quot;,&quot;Skip&quot;,&quot;Australia - X123GH78&quot;,&quot;No&quot;,&quot;Exempt from withholding tax&quot;,&quot;49-091-850&quot;,&quot;Skip&quot;,&quot;Australia - X123GH78&quot;,&quot;FALSE&quot;,null)" methodname="ACTPROF_01_VerifyCOBDataInActivate" classname="Join.Form.Customer.Selenium.Features._99_ActivateProfileDetailsFeature" runstate="Runnable" seed="1063673473" result="Skipped" label="Ignored" site="Parent" start-time="0001-01-01 00:00:00Z" end-time="0001-01-01 00:00:00Z" duration="0.000000" asserts="0">
                    <properties>
                      <property name="Category" value="regression" />
                    </properties>
                    <reason>
                      <message><![CDATA[OneTimeSetUp: Ignored scenario]]></message>
                    </reason>
                  </test-case>
                </test-suite>
                <test-suite type="ParameterizedMethod" id="0-1022" name="ACTPROF_02_UpdateCOBDataInActivate" fullname="Join.Form.Customer.Selenium.Features._99_ActivateProfileDetailsFeature.ACTPROF_02_UpdateCOBDataInActivate" classname="Join.Form.Customer.Selenium.Features._99_ActivateProfileDetailsFeature" runstate="Ignored" testcasecount="10" result="Skipped" label="Ignored" site="SetUp" start-time="2017-11-14 14:49:51Z" end-time="2017-11-14 14:49:51Z" duration="0.156187" total="10" passed="0" failed="0" warnings="0" inconclusive="0" skipped="10" asserts="0">
                  <properties>
                    <property name="Description" value="ACTPROF_02 - Update COB data in Activate" />
                    <property name="_SKIPREASON" value="Ignored scenario" />
                    <property name="Category" value="activateprofile" />
                    <property name="Category" value="COB" />
                    <property name="Category" value="integration" />
                    <property name="Category" value="072016" />
                    <property name="Category" value="eidv" />
                    <property name="Category" value="obsolete" />
                  </properties>
                  <reason>
                    <message><![CDATA[Ignored scenario]]></message>
                  </reason>
                  <test-case id="0-1012" name="ACTPROF_02_UpdateCOBDataInActivate(&quot;NZTaxResident and profile incomplete&quot;,&quot;Streamline intro&quot;,&quot;Yes&quot;,&quot;Skip&quot;,&quot;Skip&quot;,&quot;Skip&quot;,&quot;Skip&quot;,&quot;Yes&quot;,&quot;33%&quot;,&quot;111-111-111&quot;,&quot;New Zealand&quot;,&quot;No&quot;,&quot;TRUE&quot;,System.String[])" fullname="Join.Form.Customer.Selenium.Features._99_ActivateProfileDetailsFeature.ACTPROF_02_UpdateCOBDataInActivate(&quot;NZTaxResident and profile incomplete&quot;,&quot;Streamline intro&quot;,&quot;Yes&quot;,&quot;Skip&quot;,&quot;Skip&quot;,&quot;Skip&quot;,&quot;Skip&quot;,&quot;Yes&quot;,&quot;33%&quot;,&quot;111-111-111&quot;,&quot;New Zealand&quot;,&quot;No&quot;,&quot;TRUE&quot;,System.String[])" methodname="ACTPROF_02_UpdateCOBDataInActivate" classname="Join.Form.Customer.Selenium.Features._99_ActivateProfileDetailsFeature" runstate="Runnable" seed="479757932" result="Skipped" label="Ignored" site="Parent" start-time="0001-01-01 00:00:00Z" end-time="0001-01-01 00:00:00Z" duration="0.000000" asserts="0">
                    <properties />
                    <reason>
                      <message><![CDATA[OneTimeSetUp: Ignored scenario]]></message>
                    </reason>
                  </test-case>
                  <test-case id="0-1013" name="ACTPROF_02_UpdateCOBDataInActivate(&quot;NZTaxResident - 17.5% and profile incomplete&quot;,&quot;Streamline intro&quot;,&quot;Yes&quot;,&quot;17.5%&quot;,&quot;49-091-850&quot;,&quot;Skip&quot;,&quot;Skip&quot;,&quot;Yes&quot;,&quot;10.5%&quot;,&quot;35-901-981&quot;,&quot;New Zealand, Australia, India, Svalbard and Jan Mayen Islands&quot;,&quot;Singapore&quot;,&quot;TRUE&quot;,System.String[])" fullname="Join.Form.Customer.Selenium.Features._99_ActivateProfileDetailsFeature.ACTPROF_02_UpdateCOBDataInActivate(&quot;NZTaxResident - 17.5% and profile incomplete&quot;,&quot;Streamline intro&quot;,&quot;Yes&quot;,&quot;17.5%&quot;,&quot;49-091-850&quot;,&quot;Skip&quot;,&quot;Skip&quot;,&quot;Yes&quot;,&quot;10.5%&quot;,&quot;35-901-981&quot;,&quot;New Zealand, Australia, India, Svalbard and Jan Mayen Islands&quot;,&quot;Singapore&quot;,&quot;TRUE&quot;,System.String[])" methodname="ACTPROF_02_UpdateCOBDataInActivate" classname="Join.Form.Customer.Selenium.Features._99_ActivateProfileDetailsFeature" runstate="Runnable" seed="733785470" result="Skipped" label="Ignored" site="Parent" start-time="0001-01-01 00:00:00Z" end-time="0001-01-01 00:00:00Z" duration="0.000000" asserts="0">
                    <properties />
                    <reason>
                      <message><![CDATA[OneTimeSetUp: Ignored scenario]]></message>
                    </reason>
                  </test-case>
                  <test-case id="0-1014" name="ACTPROF_02_UpdateCOBDataInActivate(&quot;NZTaxResident, FTR and profile incomplete&quot;,&quot;Streamline intro,ASB Visa Debit&quot;,&quot;Yes&quot;,&quot;Skip&quot;,&quot;Skip&quot;,&quot;Skip&quot;,&quot;Australia - X123GH78, India - 9856GFT8, Argentina - X123GH78, Svalbard and Jan Mayen Islands - GT7646HG&quot;,&quot;Yes&quot;,&quot;Skip&quot;,&quot;Skip&quot;,&quot;United States&quot;,&quot;Australia&quot;,&quot;TRUE&quot;,System.String[])" fullname="Join.Form.Customer.Selenium.Features._99_ActivateProfileDetailsFeature.ACTPROF_02_UpdateCOBDataInActivate(&quot;NZTaxResident, FTR and profile incomplete&quot;,&quot;Streamline intro,ASB Visa Debit&quot;,&quot;Yes&quot;,&quot;Skip&quot;,&quot;Skip&quot;,&quot;Skip&quot;,&quot;Australia - X123GH78, India - 9856GFT8, Argentina - X123GH78, Svalbard and Jan Mayen Islands - GT7646HG&quot;,&quot;Yes&quot;,&quot;Skip&quot;,&quot;Skip&quot;,&quot;United States&quot;,&quot;Australia&quot;,&quot;TRUE&quot;,System.String[])" methodname="ACTPROF_02_UpdateCOBDataInActivate" classname="Join.Form.Customer.Selenium.Features._99_ActivateProfileDetailsFeature" runstate="Runnable" seed="42380047" result="Skipped" label="Ignored" site="Parent" start-time="0001-01-01 00:00:00Z" end-time="0001-01-01 00:00:00Z" duration="0.000000" asserts="0">
                    <properties />
                    <reason>
                      <message><![CDATA[OneTimeSetUp: Ignored scenario]]></message>
                    </reason>
                  </test-case>
                  <test-case id="0-1015" name="ACTPROF_02_UpdateCOBDataInActivate(&quot;No-Approved Issuer Levy at 2% and profile complete on submit&quot;,&quot;Streamline intro,ASB Visa Debit&quot;,&quot;No&quot;,&quot;Approved Issuer Levy at 2%&quot;,&quot;Skip&quot;,&quot;Skip&quot;,&quot;Australia&quot;,&quot;No&quot;,&quot;Approved Issuer Levy at 2%&quot;,&quot;Skip&quot;,&quot;New Zealand&quot;,&quot;Australia - X123GH78&quot;,&quot;TRUE&quot;,System.String[])" fullname="Join.Form.Customer.Selenium.Features._99_ActivateProfileDetailsFeature.ACTPROF_02_UpdateCOBDataInActivate(&quot;No-Approved Issuer Levy at 2% and profile complete on submit&quot;,&quot;Streamline intro,ASB Visa Debit&quot;,&quot;No&quot;,&quot;Approved Issuer Levy at 2%&quot;,&quot;Skip&quot;,&quot;Skip&quot;,&quot;Australia&quot;,&quot;No&quot;,&quot;Approved Issuer Levy at 2%&quot;,&quot;Skip&quot;,&quot;New Zealand&quot;,&quot;Australia - X123GH78&quot;,&quot;TRUE&quot;,System.String[])" methodname="ACTPROF_02_UpdateCOBDataInActivate" classname="Join.Form.Customer.Selenium.Features._99_ActivateProfileDetailsFeature" runstate="Runnable" seed="243000748" result="Skipped" label="Ignored" site="Parent" start-time="0001-01-01 00:00:00Z" end-time="0001-01-01 00:00:00Z" duration="0.000000" asserts="0">
                    <properties />
                    <reason>
                      <message><![CDATA[OneTimeSetUp: Ignored scenario]]></message>
                    </reason>
                  </test-case>
                  <test-case id="0-1016" name="ACTPROF_02_UpdateCOBDataInActivate(&quot;No-Non-resident Withholding tax rate and profile incomplete&quot;,&quot;Streamline intro&quot;,&quot;No&quot;,&quot;Non-resident Withholding tax rate&quot;,&quot;49-091-850&quot;,&quot;Skip&quot;,&quot;Australia - X123GH78&quot;,&quot;No&quot;,&quot;Exempt from withholding tax&quot;,&quot;49-091-850&quot;,&quot;Australia&quot;,&quot;No&quot;,&quot;TRUE&quot;,System.String[])" fullname="Join.Form.Customer.Selenium.Features._99_ActivateProfileDetailsFeature.ACTPROF_02_UpdateCOBDataInActivate(&quot;No-Non-resident Withholding tax rate and profile incomplete&quot;,&quot;Streamline intro&quot;,&quot;No&quot;,&quot;Non-resident Withholding tax rate&quot;,&quot;49-091-850&quot;,&quot;Skip&quot;,&quot;Australia - X123GH78&quot;,&quot;No&quot;,&quot;Exempt from withholding tax&quot;,&quot;49-091-850&quot;,&quot;Australia&quot;,&quot;No&quot;,&quot;TRUE&quot;,System.String[])" methodname="ACTPROF_02_UpdateCOBDataInActivate" classname="Join.Form.Customer.Selenium.Features._99_ActivateProfileDetailsFeature" runstate="Runnable" seed="2074432158" result="Skipped" label="Ignored" site="Parent" start-time="0001-01-01 00:00:00Z" end-time="0001-01-01 00:00:00Z" duration="0.000000" asserts="0">
                    <properties />
                    <reason>
                      <message><![CDATA[OneTimeSetUp: Ignored scenario]]></message>
                    </reason>
                  </test-case>
                  <test-case id="0-1017" name="ACTPROF_02_UpdateCOBDataInActivate(&quot;No-Exempt from withholding tax and profile complete on submit&quot;,&quot;Streamline intro,ASB Visa Debit&quot;,&quot;No&quot;,&quot;Exempt from withholding tax&quot;,&quot;111-111-111&quot;,&quot;Skip&quot;,&quot;Australia - X123GH78&quot;,&quot;No&quot;,&quot;Non-resident Withholding tax rate&quot;,&quot;111-111-111&quot;,&quot;New Zealand, Australia, India, Svalbard and Jan Mayen Islands&quot;,&quot;Australia - X123GH78&quot;,&quot;TRUE&quot;,System.String[])" fullname="Join.Form.Customer.Selenium.Features._99_ActivateProfileDetailsFeature.ACTPROF_02_UpdateCOBDataInActivate(&quot;No-Exempt from withholding tax and profile complete on submit&quot;,&quot;Streamline intro,ASB Visa Debit&quot;,&quot;No&quot;,&quot;Exempt from withholding tax&quot;,&quot;111-111-111&quot;,&quot;Skip&quot;,&quot;Australia - X123GH78&quot;,&quot;No&quot;,&quot;Non-resident Withholding tax rate&quot;,&quot;111-111-111&quot;,&quot;New Zealand, Australia, India, Svalbard and Jan Mayen Islands&quot;,&quot;Australia - X123GH78&quot;,&quot;TRUE&quot;,System.String[])" methodname="ACTPROF_02_UpdateCOBDataInActivate" classname="Join.Form.Customer.Selenium.Features._99_ActivateProfileDetailsFeature" runstate="Runnable" seed="1566750074" result="Skipped" label="Ignored" site="Parent" start-time="0001-01-01 00:00:00Z" end-time="0001-01-01 00:00:00Z" duration="0.000000" asserts="0">
                    <properties />
                    <reason>
                      <message><![CDATA[OneTimeSetUp: Ignored scenario]]></message>
                    </reason>
                  </test-case>
                  <test-case id="0-1018" name="ACTPROF_02_UpdateCOBDataInActivate(&quot;NZTaxResident - 33% and profile complete on submit&quot;,&quot;Streamline intro,ASB Visa Debit&quot;,&quot;Yes&quot;,&quot;33%&quot;,&quot;Skip&quot;,&quot;Skip&quot;,&quot;Skip&quot;,&quot;Yes&quot;,&quot;33%&quot;,&quot;111-111-111&quot;,&quot;New Zealand&quot;,&quot;Australia - X123GH78&quot;,&quot;TRUE&quot;,null)" fullname="Join.Form.Customer.Selenium.Features._99_ActivateProfileDetailsFeature.ACTPROF_02_UpdateCOBDataInActivate(&quot;NZTaxResident - 33% and profile complete on submit&quot;,&quot;Streamline intro,ASB Visa Debit&quot;,&quot;Yes&quot;,&quot;33%&quot;,&quot;Skip&quot;,&quot;Skip&quot;,&quot;Skip&quot;,&quot;Yes&quot;,&quot;33%&quot;,&quot;111-111-111&quot;,&quot;New Zealand&quot;,&quot;Australia - X123GH78&quot;,&quot;TRUE&quot;,null)" methodname="ACTPROF_02_UpdateCOBDataInActivate" classname="Join.Form.Customer.Selenium.Features._99_ActivateProfileDetailsFeature" runstate="Runnable" seed="1682390224" result="Skipped" label="Ignored" site="Parent" start-time="0001-01-01 00:00:00Z" end-time="0001-01-01 00:00:00Z" duration="0.000000" asserts="0">
                    <properties>
                      <property name="Category" value="regression" />
                    </properties>
                    <reason>
                      <message><![CDATA[OneTimeSetUp: Ignored scenario]]></message>
                    </reason>
                  </test-case>
                  <test-case id="0-1019" name="ACTPROF_02_UpdateCOBDataInActivate(&quot;NZTaxResident - Exempt and profile complete on submit&quot;,&quot;Streamline intro,ASB Visa Debit&quot;,&quot;Yes&quot;,&quot;Exempt from withholding tax&quot;,&quot;Skip&quot;,&quot;Skip&quot;,&quot;Skip&quot;,&quot;Yes&quot;,&quot;Exempt from withholding tax&quot;,&quot;Skip&quot;,&quot;New Zealand&quot;,&quot;Australia - X123GH78, India - 9856GFT8, Argentina - X123GH78, Svalbard and Jan Mayen Islands - GT7646HG&quot;,&quot;TRUE&quot;,null)" fullname="Join.Form.Customer.Selenium.Features._99_ActivateProfileDetailsFeature.ACTPROF_02_UpdateCOBDataInActivate(&quot;NZTaxResident - Exempt and profile complete on submit&quot;,&quot;Streamline intro,ASB Visa Debit&quot;,&quot;Yes&quot;,&quot;Exempt from withholding tax&quot;,&quot;Skip&quot;,&quot;Skip&quot;,&quot;Skip&quot;,&quot;Yes&quot;,&quot;Exempt from withholding tax&quot;,&quot;Skip&quot;,&quot;New Zealand&quot;,&quot;Australia - X123GH78, India - 9856GFT8, Argentina - X123GH78, Svalbard and Jan Mayen Islands - GT7646HG&quot;,&quot;TRUE&quot;,null)" methodname="ACTPROF_02_UpdateCOBDataInActivate" classname="Join.Form.Customer.Selenium.Features._99_ActivateProfileDetailsFeature" runstate="Runnable" seed="1799555871" result="Skipped" label="Ignored" site="Parent" start-time="0001-01-01 00:00:00Z" end-time="0001-01-01 00:00:00Z" duration="0.000000" asserts="0">
                    <properties>
                      <property name="Category" value="regression" />
                    </properties>
                    <reason>
                      <message><![CDATA[OneTimeSetUp: Ignored scenario]]></message>
                    </reason>
                  </test-case>
                  <test-case id="0-1020" name="ACTPROF_02_UpdateCOBDataInActivate(&quot;NZTaxResident, Citizenship and profile incomplete&quot;,&quot;Streamline intro&quot;,&quot;Yes&quot;,&quot;Skip&quot;,&quot;Skip&quot;,&quot;New Zealand, Australia, India, Svalbard and Jan Mayen Islands&quot;,&quot;Skip&quot;,&quot;Yes&quot;,&quot;17.5%&quot;,&quot;49-091-850&quot;,&quot;New Zealand, Australia, India, Svalbard and Jan Mayen Islands&quot;,&quot;United States&quot;,&quot;TRUE&quot;,null)" fullname="Join.Form.Customer.Selenium.Features._99_ActivateProfileDetailsFeature.ACTPROF_02_UpdateCOBDataInActivate(&quot;NZTaxResident, Citizenship and profile incomplete&quot;,&quot;Streamline intro&quot;,&quot;Yes&quot;,&quot;Skip&quot;,&quot;Skip&quot;,&quot;New Zealand, Australia, India, Svalbard and Jan Mayen Islands&quot;,&quot;Skip&quot;,&quot;Yes&quot;,&quot;17.5%&quot;,&quot;49-091-850&quot;,&quot;New Zealand, Australia, India, Svalbard and Jan Mayen Islands&quot;,&quot;United States&quot;,&quot;TRUE&quot;,null)" methodname="ACTPROF_02_UpdateCOBDataInActivate" classname="Join.Form.Customer.Selenium.Features._99_ActivateProfileDetailsFeature" runstate="Runnable" seed="800774624" result="Skipped" label="Ignored" site="Parent" start-time="0001-01-01 00:00:00Z" end-time="0001-01-01 00:00:00Z" duration="0.000000" asserts="0">
                    <properties>
                      <property name="Category" value="regression" />
                    </properties>
                    <reason>
                      <message><![CDATA[OneTimeSetUp: Ignored scenario]]></message>
                    </reason>
                  </test-case>
                  <test-case id="0-1021" name="ACTPROF_02_UpdateCOBDataInActivate(&quot;Not NZTaxResident  and profile incomplete&quot;,&quot;Streamline intro&quot;,&quot;No&quot;,&quot;Skip&quot;,&quot;Skip&quot;,&quot;Skip&quot;,&quot;Australia - X123GH78&quot;,&quot;Yes&quot;,&quot;33%&quot;,&quot;111-111-111&quot;,&quot;United States&quot;,&quot;Australia - X123GH78, India - 9856GFT8, Argentina - X123GH78, Svalbard and Jan Mayen Islands - GT7646HG&quot;,&quot;TRUE&quot;,null)" fullname="Join.Form.Customer.Selenium.Features._99_ActivateProfileDetailsFeature.ACTPROF_02_UpdateCOBDataInActivate(&quot;Not NZTaxResident  and profile incomplete&quot;,&quot;Streamline intro&quot;,&quot;No&quot;,&quot;Skip&quot;,&quot;Skip&quot;,&quot;Skip&quot;,&quot;Australia - X123GH78&quot;,&quot;Yes&quot;,&quot;33%&quot;,&quot;111-111-111&quot;,&quot;United States&quot;,&quot;Australia - X123GH78, India - 9856GFT8, Argentina - X123GH78, Svalbard and Jan Mayen Islands - GT7646HG&quot;,&quot;TRUE&quot;,null)" methodname="ACTPROF_02_UpdateCOBDataInActivate" classname="Join.Form.Customer.Selenium.Features._99_ActivateProfileDetailsFeature" runstate="Runnable" seed="176679772" result="Skipped" label="Ignored" site="Parent" start-time="0001-01-01 00:00:00Z" end-time="0001-01-01 00:00:00Z" duration="0.000000" asserts="0">
                    <properties>
                      <property name="Category" value="regression" />
                    </properties>
                    <reason>
                      <message><![CDATA[OneTimeSetUp: Ignored scenario]]></message>
                    </reason>
                  </test-case>
                </test-suite>
                <test-suite type="ParameterizedMethod" id="0-1026" name="ACTPROF_03_VerifyCitizenshipAndFTRAreMandatory" fullname="Join.Form.Customer.Selenium.Features._99_ActivateProfileDetailsFeature.ACTPROF_03_VerifyCitizenshipAndFTRAreMandatory" classname="Join.Form.Customer.Selenium.Features._99_ActivateProfileDetailsFeature" runstate="Ignored" testcasecount="3" result="Skipped" label="Ignored" site="SetUp" start-time="2017-11-14 14:49:51Z" end-time="2017-11-14 14:49:51Z" duration="0.046954" total="3" passed="0" failed="0" warnings="0" inconclusive="0" skipped="3" asserts="0">
                  <properties>
                    <property name="Description" value="ACTPROF_03 - Verify Citizenship and FTR are mandatory" />
                    <property name="_SKIPREASON" value="Ignored scenario" />
                    <property name="Category" value="activateprofile" />
                    <property name="Category" value="COB" />
                    <property name="Category" value="integration" />
                    <property name="Category" value="072016" />
                    <property name="Category" value="eidv" />
                    <property name="Category" value="regression" />
                    <property name="Category" value="obsolete" />
                  </properties>
                  <reason>
                    <message><![CDATA[Ignored scenario]]></message>
                  </reason>
                  <test-case id="0-1023" name="ACTPROF_03_VerifyCitizenshipAndFTRAreMandatory(&quot;NZTaxResident, FTR and profile incomplete&quot;,&quot;Streamline intro,ASB Visa Debit&quot;,&quot;Yes&quot;,&quot;Skip&quot;,&quot;Skip&quot;,&quot;Skip&quot;,&quot;Australia - X123GH78, India - 9856GFT8, Argentina - X123GH78, Svalbard and Jan Mayen Islands - GT7646HG&quot;,&quot;Yes&quot;,&quot;Skip&quot;,&quot;Skip&quot;,&quot;Skip&quot;,&quot;Australia&quot;,&quot;FALSE&quot;,System.String[])" fullname="Join.Form.Customer.Selenium.Features._99_ActivateProfileDetailsFeature.ACTPROF_03_VerifyCitizenshipAndFTRAreMandatory(&quot;NZTaxResident, FTR and profile incomplete&quot;,&quot;Streamline intro,ASB Visa Debit&quot;,&quot;Yes&quot;,&quot;Skip&quot;,&quot;Skip&quot;,&quot;Skip&quot;,&quot;Australia - X123GH78, India - 9856GFT8, Argentina - X123GH78, Svalbard and Jan Mayen Islands - GT7646HG&quot;,&quot;Yes&quot;,&quot;Skip&quot;,&quot;Skip&quot;,&quot;Skip&quot;,&quot;Australia&quot;,&quot;FALSE&quot;,System.String[])" methodname="ACTPROF_03_VerifyCitizenshipAndFTRAreMandatory" classname="Join.Form.Customer.Selenium.Features._99_ActivateProfileDetailsFeature" runstate="Runnable" seed="1046983381" result="Skipped" label="Ignored" site="Parent" start-time="0001-01-01 00:00:00Z" end-time="0001-01-01 00:00:00Z" duration="0.000000" asserts="0">
                    <properties />
                    <reason>
                      <message><![CDATA[OneTimeSetUp: Ignored scenario]]></message>
                    </reason>
                  </test-case>
                  <test-case id="0-1024" name="ACTPROF_03_VerifyCitizenshipAndFTRAreMandatory(&quot;Not NZTaxResident  and profile incomplete&quot;,&quot;Streamline intro&quot;,&quot;No&quot;,&quot;Skip&quot;,&quot;Skip&quot;,&quot;Skip&quot;,&quot;Australia - X123GH78&quot;,&quot;Yes&quot;,&quot;33%&quot;,&quot;111-111-111&quot;,&quot;Skip&quot;,&quot;Australia - X123GH78, India - 9856GFT8, Argentina - X123GH78, Svalbard and Jan Mayen Islands - GT7646HG&quot;,&quot;FALSE&quot;,System.String[])" fullname="Join.Form.Customer.Selenium.Features._99_ActivateProfileDetailsFeature.ACTPROF_03_VerifyCitizenshipAndFTRAreMandatory(&quot;Not NZTaxResident  and profile incomplete&quot;,&quot;Streamline intro&quot;,&quot;No&quot;,&quot;Skip&quot;,&quot;Skip&quot;,&quot;Skip&quot;,&quot;Australia - X123GH78&quot;,&quot;Yes&quot;,&quot;33%&quot;,&quot;111-111-111&quot;,&quot;Skip&quot;,&quot;Australia - X123GH78, India - 9856GFT8, Argentina - X123GH78, Svalbard and Jan Mayen Islands - GT7646HG&quot;,&quot;FALSE&quot;,System.String[])" methodname="ACTPROF_03_VerifyCitizenshipAndFTRAreMandatory" classname="Join.Form.Customer.Selenium.Features._99_ActivateProfileDetailsFeature" runstate="Runnable" seed="445661588" result="Skipped" label="Ignored" site="Parent" start-time="0001-01-01 00:00:00Z" end-time="0001-01-01 00:00:00Z" duration="0.000000" asserts="0">
                    <properties />
                    <reason>
                      <message><![CDATA[OneTimeSetUp: Ignored scenario]]></message>
                    </reason>
                  </test-case>
                  <test-case id="0-1025" name="ACTPROF_03_VerifyCitizenshipAndFTRAreMandatory(&quot;NZTaxResident - 17.5% and profile incomplete&quot;,&quot;Streamline intro&quot;,&quot;Yes&quot;,&quot;17.5%&quot;,&quot;49-091-850&quot;,&quot;Skip&quot;,&quot;Skip&quot;,&quot;Yes&quot;,&quot;10.5%&quot;,&quot;35-901-981&quot;,&quot;New Zealand, Australia, India, Svalbard and Jan Mayen Islands&quot;,&quot;Skip&quot;,&quot;FALSE&quot;,System.String[])" fullname="Join.Form.Customer.Selenium.Features._99_ActivateProfileDetailsFeature.ACTPROF_03_VerifyCitizenshipAndFTRAreMandatory(&quot;NZTaxResident - 17.5% and profile incomplete&quot;,&quot;Streamline intro&quot;,&quot;Yes&quot;,&quot;17.5%&quot;,&quot;49-091-850&quot;,&quot;Skip&quot;,&quot;Skip&quot;,&quot;Yes&quot;,&quot;10.5%&quot;,&quot;35-901-981&quot;,&quot;New Zealand, Australia, India, Svalbard and Jan Mayen Islands&quot;,&quot;Skip&quot;,&quot;FALSE&quot;,System.String[])" methodname="ACTPROF_03_VerifyCitizenshipAndFTRAreMandatory" classname="Join.Form.Customer.Selenium.Features._99_ActivateProfileDetailsFeature" runstate="Runnable" seed="1602319178" result="Skipped" label="Ignored" site="Parent" start-time="0001-01-01 00:00:00Z" end-time="0001-01-01 00:00:00Z" duration="0.000000" asserts="0">
                    <properties />
                    <reason>
                      <message><![CDATA[OneTimeSetUp: Ignored scenario]]></message>
                    </reason>
                  </test-case>
                </test-suite>
                <test-suite type="ParameterizedMethod" id="0-1037" name="ACTPROF_04_CancelCOBDataUpdateInActivate" fullname="Join.Form.Customer.Selenium.Features._99_ActivateProfileDetailsFeature.ACTPROF_04_CancelCOBDataUpdateInActivate" classname="Join.Form.Customer.Selenium.Features._99_ActivateProfileDetailsFeature" runstate="Ignored" testcasecount="10" result="Skipped" label="Ignored" site="SetUp" start-time="2017-11-14 14:49:51Z" end-time="2017-11-14 14:49:51Z" duration="0.156265" total="10" passed="0" failed="0" warnings="0" inconclusive="0" skipped="10" asserts="0">
                  <properties>
                    <property name="Description" value="ACTPROF_04 - Cancel COB data update in Activate" />
                    <property name="_SKIPREASON" value="Ignored scenario" />
                    <property name="Category" value="activateprofile" />
                    <property name="Category" value="COB" />
                    <property name="Category" value="integration" />
                    <property name="Category" value="072016" />
                    <property name="Category" value="obsolete" />
                  </properties>
                  <reason>
                    <message><![CDATA[Ignored scenario]]></message>
                  </reason>
                  <test-case id="0-1027" name="ACTPROF_04_CancelCOBDataUpdateInActivate(&quot;NZTaxResident and profile incomplete&quot;,&quot;Streamline intro&quot;,&quot;Yes&quot;,&quot;Skip&quot;,&quot;Skip&quot;,&quot;Skip&quot;,&quot;Skip&quot;,&quot;Yes&quot;,&quot;33%&quot;,&quot;111-111-111&quot;,&quot;New Zealand&quot;,&quot;Australia&quot;,&quot;TRUE&quot;,System.String[])" fullname="Join.Form.Customer.Selenium.Features._99_ActivateProfileDetailsFeature.ACTPROF_04_CancelCOBDataUpdateInActivate(&quot;NZTaxResident and profile incomplete&quot;,&quot;Streamline intro&quot;,&quot;Yes&quot;,&quot;Skip&quot;,&quot;Skip&quot;,&quot;Skip&quot;,&quot;Skip&quot;,&quot;Yes&quot;,&quot;33%&quot;,&quot;111-111-111&quot;,&quot;New Zealand&quot;,&quot;Australia&quot;,&quot;TRUE&quot;,System.String[])" methodname="ACTPROF_04_CancelCOBDataUpdateInActivate" classname="Join.Form.Customer.Selenium.Features._99_ActivateProfileDetailsFeature" runstate="Runnable" seed="992732075" result="Skipped" label="Ignored" site="Parent" start-time="0001-01-01 00:00:00Z" end-time="0001-01-01 00:00:00Z" duration="0.000000" asserts="0">
                    <properties />
                    <reason>
                      <message><![CDATA[OneTimeSetUp: Ignored scenario]]></message>
                    </reason>
                  </test-case>
                  <test-case id="0-1028" name="ACTPROF_04_CancelCOBDataUpdateInActivate(&quot;NZTaxResident - 33% and profile complete on submit&quot;,&quot;Streamline intro,ASB Visa Debit&quot;,&quot;Yes&quot;,&quot;33%&quot;,&quot;Skip&quot;,&quot;Skip&quot;,&quot;Skip&quot;,&quot;Yes&quot;,&quot;33%&quot;,&quot;111-111-111&quot;,&quot;New Zealand&quot;,&quot;Australia - X123GH78&quot;,&quot;TRUE&quot;,System.String[])" fullname="Join.Form.Customer.Selenium.Features._99_ActivateProfileDetailsFeature.ACTPROF_04_CancelCOBDataUpdateInActivate(&quot;NZTaxResident - 33% and profile complete on submit&quot;,&quot;Streamline intro,ASB Visa Debit&quot;,&quot;Yes&quot;,&quot;33%&quot;,&quot;Skip&quot;,&quot;Skip&quot;,&quot;Skip&quot;,&quot;Yes&quot;,&quot;33%&quot;,&quot;111-111-111&quot;,&quot;New Zealand&quot;,&quot;Australia - X123GH78&quot;,&quot;TRUE&quot;,System.String[])" methodname="ACTPROF_04_CancelCOBDataUpdateInActivate" classname="Join.Form.Customer.Selenium.Features._99_ActivateProfileDetailsFeature" runstate="Runnable" seed="273832257" result="Skipped" label="Ignored" site="Parent" start-time="0001-01-01 00:00:00Z" end-time="0001-01-01 00:00:00Z" duration="0.000000" asserts="0">
                    <properties />
                    <reason>
                      <message><![CDATA[OneTimeSetUp: Ignored scenario]]></message>
                    </reason>
                  </test-case>
                  <test-case id="0-1029" name="ACTPROF_04_CancelCOBDataUpdateInActivate(&quot;NZTaxResident - 17.5% and profile incomplete&quot;,&quot;Streamline intro&quot;,&quot;Yes&quot;,&quot;17.5%&quot;,&quot;49-091-850&quot;,&quot;Skip&quot;,&quot;Skip&quot;,&quot;Yes&quot;,&quot;10.5%&quot;,&quot;35-901-981&quot;,&quot;New Zealand, Australia, India, Svalbard and Jan Mayen Islands&quot;,&quot;No&quot;,&quot;TRUE&quot;,System.String[])" fullname="Join.Form.Customer.Selenium.Features._99_ActivateProfileDetailsFeature.ACTPROF_04_CancelCOBDataUpdateInActivate(&quot;NZTaxResident - 17.5% and profile incomplete&quot;,&quot;Streamline intro&quot;,&quot;Yes&quot;,&quot;17.5%&quot;,&quot;49-091-850&quot;,&quot;Skip&quot;,&quot;Skip&quot;,&quot;Yes&quot;,&quot;10.5%&quot;,&quot;35-901-981&quot;,&quot;New Zealand, Australia, India, Svalbard and Jan Mayen Islands&quot;,&quot;No&quot;,&quot;TRUE&quot;,System.String[])" methodname="ACTPROF_04_CancelCOBDataUpdateInActivate" classname="Join.Form.Customer.Selenium.Features._99_ActivateProfileDetailsFeature" runstate="Runnable" seed="894459062" result="Skipped" label="Ignored" site="Parent" start-time="0001-01-01 00:00:00Z" end-time="0001-01-01 00:00:00Z" duration="0.000000" asserts="0">
                    <properties />
                    <reason>
                      <message><![CDATA[OneTimeSetUp: Ignored scenario]]></message>
                    </reason>
                  </test-case>
                  <test-case id="0-1030" name="ACTPROF_04_CancelCOBDataUpdateInActivate(&quot;NZTaxResident - Exempt and profile complete on submit&quot;,&quot;Streamline intro,ASB Visa Debit&quot;,&quot;Yes&quot;,&quot;Exempt from withholding tax&quot;,&quot;Skip&quot;,&quot;Skip&quot;,&quot;Skip&quot;,&quot;Yes&quot;,&quot;Exempt from withholding tax&quot;,&quot;Skip&quot;,&quot;New Zealand&quot;,&quot;Australia - X123GH78, India - 9856GFT8, Argentina - X123GH78, Svalbard and Jan Mayen Islands - GT7646HG&quot;,&quot;TRUE&quot;,System.String[])" fullname="Join.Form.Customer.Selenium.Features._99_ActivateProfileDetailsFeature.ACTPROF_04_CancelCOBDataUpdateInActivate(&quot;NZTaxResident - Exempt and profile complete on submit&quot;,&quot;Streamline intro,ASB Visa Debit&quot;,&quot;Yes&quot;,&quot;Exempt from withholding tax&quot;,&quot;Skip&quot;,&quot;Skip&quot;,&quot;Skip&quot;,&quot;Yes&quot;,&quot;Exempt from withholding tax&quot;,&quot;Skip&quot;,&quot;New Zealand&quot;,&quot;Australia - X123GH78, India - 9856GFT8, Argentina - X123GH78, Svalbard and Jan Mayen Islands - GT7646HG&quot;,&quot;TRUE&quot;,System.String[])" methodname="ACTPROF_04_CancelCOBDataUpdateInActivate" classname="Join.Form.Customer.Selenium.Features._99_ActivateProfileDetailsFeature" runstate="Runnable" seed="1827783616" result="Skipped" label="Ignored" site="Parent" start-time="0001-01-01 00:00:00Z" end-time="0001-01-01 00:00:00Z" duration="0.000000" asserts="0">
                    <properties />
                    <reason>
                      <message><![CDATA[OneTimeSetUp: Ignored scenario]]></message>
                    </reason>
                  </test-case>
                  <test-case id="0-1031" name="ACTPROF_04_CancelCOBDataUpdateInActivate(&quot;NZTaxResident, Citizenship and profile incomplete&quot;,&quot;Streamline intro&quot;,&quot;Yes&quot;,&quot;Skip&quot;,&quot;Skip&quot;,&quot;New Zealand, Australia, India, Svalbard and Jan Mayen Islands&quot;,&quot;Skip&quot;,&quot;Yes&quot;,&quot;17.5%&quot;,&quot;49-091-850&quot;,&quot;New Zealand, Australia, India, Svalbard and Jan Mayen Islands&quot;,&quot;United States&quot;,&quot;TRUE&quot;,System.String[])" fullname="Join.Form.Customer.Selenium.Features._99_ActivateProfileDetailsFeature.ACTPROF_04_CancelCOBDataUpdateInActivate(&quot;NZTaxResident, Citizenship and profile incomplete&quot;,&quot;Streamline intro&quot;,&quot;Yes&quot;,&quot;Skip&quot;,&quot;Skip&quot;,&quot;New Zealand, Australia, India, Svalbard and Jan Mayen Islands&quot;,&quot;Skip&quot;,&quot;Yes&quot;,&quot;17.5%&quot;,&quot;49-091-850&quot;,&quot;New Zealand, Australia, India, Svalbard and Jan Mayen Islands&quot;,&quot;United States&quot;,&quot;TRUE&quot;,System.String[])" methodname="ACTPROF_04_CancelCOBDataUpdateInActivate" classname="Join.Form.Customer.Selenium.Features._99_ActivateProfileDetailsFeature" runstate="Runnable" seed="1138904173" result="Skipped" label="Ignored" site="Parent" start-time="0001-01-01 00:00:00Z" end-time="0001-01-01 00:00:00Z" duration="0.000000" asserts="0">
                    <properties />
                    <reason>
                      <message><![CDATA[OneTimeSetUp: Ignored scenario]]></message>
                    </reason>
                  </test-case>
                  <test-case id="0-1032" name="ACTPROF_04_CancelCOBDataUpdateInActivate(&quot;NZTaxResident, FTR and profile incomplete&quot;,&quot;Streamline intro,ASB Visa Debit&quot;,&quot;Yes&quot;,&quot;Skip&quot;,&quot;Skip&quot;,&quot;Skip&quot;,&quot;Australia - X123GH78, India - 9856GFT8, Argentina - X123GH78, Svalbard and Jan Mayen Islands - GT7646HG&quot;,&quot;Yes&quot;,&quot;Skip&quot;,&quot;Skip&quot;,&quot;United States&quot;,&quot;Australia&quot;,&quot;TRUE&quot;,System.String[])" fullname="Join.Form.Customer.Selenium.Features._99_ActivateProfileDetailsFeature.ACTPROF_04_CancelCOBDataUpdateInActivate(&quot;NZTaxResident, FTR and profile incomplete&quot;,&quot;Streamline intro,ASB Visa Debit&quot;,&quot;Yes&quot;,&quot;Skip&quot;,&quot;Skip&quot;,&quot;Skip&quot;,&quot;Australia - X123GH78, India - 9856GFT8, Argentina - X123GH78, Svalbard and Jan Mayen Islands - GT7646HG&quot;,&quot;Yes&quot;,&quot;Skip&quot;,&quot;Skip&quot;,&quot;United States&quot;,&quot;Australia&quot;,&quot;TRUE&quot;,System.String[])" methodname="ACTPROF_04_CancelCOBDataUpdateInActivate" classname="Join.Form.Customer.Selenium.Features._99_ActivateProfileDetailsFeature" runstate="Runnable" seed="215661555" result="Skipped" label="Ignored" site="Parent" start-time="0001-01-01 00:00:00Z" end-time="0001-01-01 00:00:00Z" duration="0.000000" asserts="0">
                    <properties />
                    <reason>
                      <message><![CDATA[OneTimeSetUp: Ignored scenario]]></message>
                    </reason>
                  </test-case>
                  <test-case id="0-1033" name="ACTPROF_04_CancelCOBDataUpdateInActivate(&quot;Not NZTaxResident  and profile incomplete&quot;,&quot;Streamline intro&quot;,&quot;No&quot;,&quot;Skip&quot;,&quot;Skip&quot;,&quot;Skip&quot;,&quot;Australia - X123GH78&quot;,&quot;Yes&quot;,&quot;33%&quot;,&quot;111-111-111&quot;,&quot;United States&quot;,&quot;Australia - X123GH78, India - 9856GFT8, Argentina - X123GH78, Svalbard and Jan Mayen Islands - GT7646HG&quot;,&quot;TRUE&quot;,System.String[])" fullname="Join.Form.Customer.Selenium.Features._99_ActivateProfileDetailsFeature.ACTPROF_04_CancelCOBDataUpdateInActivate(&quot;Not NZTaxResident  and profile incomplete&quot;,&quot;Streamline intro&quot;,&quot;No&quot;,&quot;Skip&quot;,&quot;Skip&quot;,&quot;Skip&quot;,&quot;Australia - X123GH78&quot;,&quot;Yes&quot;,&quot;33%&quot;,&quot;111-111-111&quot;,&quot;United States&quot;,&quot;Australia - X123GH78, India - 9856GFT8, Argentina - X123GH78, Svalbard and Jan Mayen Islands - GT7646HG&quot;,&quot;TRUE&quot;,System.String[])" methodname="ACTPROF_04_CancelCOBDataUpdateInActivate" classname="Join.Form.Customer.Selenium.Features._99_ActivateProfileDetailsFeature" runstate="Runnable" seed="300846264" result="Skipped" label="Ignored" site="Parent" start-time="0001-01-01 00:00:00Z" end-time="0001-01-01 00:00:00Z" duration="0.000000" asserts="0">
                    <properties />
                    <reason>
                      <message><![CDATA[OneTimeSetUp: Ignored scenario]]></message>
                    </reason>
                  </test-case>
                  <test-case id="0-1034" name="ACTPROF_04_CancelCOBDataUpdateInActivate(&quot;No-Approved Issuer Levy at 2% and profile complete on submit&quot;,&quot;Streamline intro,ASB Visa Debit&quot;,&quot;No&quot;,&quot;Approved Issuer Levy at 2%&quot;,&quot;Skip&quot;,&quot;Skip&quot;,&quot;Australia&quot;,&quot;No&quot;,&quot;Approved Issuer Levy at 2%&quot;,&quot;Skip&quot;,&quot;New Zealand&quot;,&quot;No&quot;,&quot;TRUE&quot;,System.String[])" fullname="Join.Form.Customer.Selenium.Features._99_ActivateProfileDetailsFeature.ACTPROF_04_CancelCOBDataUpdateInActivate(&quot;No-Approved Issuer Levy at 2% and profile complete on submit&quot;,&quot;Streamline intro,ASB Visa Debit&quot;,&quot;No&quot;,&quot;Approved Issuer Levy at 2%&quot;,&quot;Skip&quot;,&quot;Skip&quot;,&quot;Australia&quot;,&quot;No&quot;,&quot;Approved Issuer Levy at 2%&quot;,&quot;Skip&quot;,&quot;New Zealand&quot;,&quot;No&quot;,&quot;TRUE&quot;,System.String[])" methodname="ACTPROF_04_CancelCOBDataUpdateInActivate" classname="Join.Form.Customer.Selenium.Features._99_ActivateProfileDetailsFeature" runstate="Runnable" seed="2128631620" result="Skipped" label="Ignored" site="Parent" start-time="0001-01-01 00:00:00Z" end-time="0001-01-01 00:00:00Z" duration="0.000000" asserts="0">
                    <properties />
                    <reason>
                      <message><![CDATA[OneTimeSetUp: Ignored scenario]]></message>
                    </reason>
                  </test-case>
                  <test-case id="0-1035" name="ACTPROF_04_CancelCOBDataUpdateInActivate(&quot;No-Non-resident Withholding tax rate and profile incomplete&quot;,&quot;Streamline intro&quot;,&quot;No&quot;,&quot;Non-resident Withholding tax rate&quot;,&quot;49-091-850&quot;,&quot;Skip&quot;,&quot;Australia - X123GH78&quot;,&quot;No&quot;,&quot;Exempt from withholding tax&quot;,&quot;49-091-850&quot;,&quot;Australia&quot;,&quot;Australia - X123GH78&quot;,&quot;TRUE&quot;,System.String[])" fullname="Join.Form.Customer.Selenium.Features._99_ActivateProfileDetailsFeature.ACTPROF_04_CancelCOBDataUpdateInActivate(&quot;No-Non-resident Withholding tax rate and profile incomplete&quot;,&quot;Streamline intro&quot;,&quot;No&quot;,&quot;Non-resident Withholding tax rate&quot;,&quot;49-091-850&quot;,&quot;Skip&quot;,&quot;Australia - X123GH78&quot;,&quot;No&quot;,&quot;Exempt from withholding tax&quot;,&quot;49-091-850&quot;,&quot;Australia&quot;,&quot;Australia - X123GH78&quot;,&quot;TRUE&quot;,System.String[])" methodname="ACTPROF_04_CancelCOBDataUpdateInActivate" classname="Join.Form.Customer.Selenium.Features._99_ActivateProfileDetailsFeature" runstate="Runnable" seed="246911525" result="Skipped" label="Ignored" site="Parent" start-time="0001-01-01 00:00:00Z" end-time="0001-01-01 00:00:00Z" duration="0.000000" asserts="0">
                    <properties />
                    <reason>
                      <message><![CDATA[OneTimeSetUp: Ignored scenario]]></message>
                    </reason>
                  </test-case>
                  <test-case id="0-1036" name="ACTPROF_04_CancelCOBDataUpdateInActivate(&quot;No-Exempt from withholding tax and profile complete on submit&quot;,&quot;Streamline intro,ASB Visa Debit&quot;,&quot;No&quot;,&quot;Exempt from withholding tax&quot;,&quot;111-111-111&quot;,&quot;Skip&quot;,&quot;Australia - X123GH78&quot;,&quot;No&quot;,&quot;Non-resident Withholding tax rate&quot;,&quot;111-111-111&quot;,&quot;New Zealand, Australia, India, Svalbard and Jan Mayen Islands&quot;,&quot;Australia - X123GH78&quot;,&quot;TRUE&quot;,System.String[])" fullname="Join.Form.Customer.Selenium.Features._99_ActivateProfileDetailsFeature.ACTPROF_04_CancelCOBDataUpdateInActivate(&quot;No-Exempt from withholding tax and profile complete on submit&quot;,&quot;Streamline intro,ASB Visa Debit&quot;,&quot;No&quot;,&quot;Exempt from withholding tax&quot;,&quot;111-111-111&quot;,&quot;Skip&quot;,&quot;Australia - X123GH78&quot;,&quot;No&quot;,&quot;Non-resident Withholding tax rate&quot;,&quot;111-111-111&quot;,&quot;New Zealand, Australia, India, Svalbard and Jan Mayen Islands&quot;,&quot;Australia - X123GH78&quot;,&quot;TRUE&quot;,System.String[])" methodname="ACTPROF_04_CancelCOBDataUpdateInActivate" classname="Join.Form.Customer.Selenium.Features._99_ActivateProfileDetailsFeature" runstate="Runnable" seed="1659608765" result="Skipped" label="Ignored" site="Parent" start-time="0001-01-01 00:00:00Z" end-time="0001-01-01 00:00:00Z" duration="0.000000" asserts="0">
                    <properties />
                    <reason>
                      <message><![CDATA[OneTimeSetUp: Ignored scenario]]></message>
                    </reason>
                  </test-case>
                </test-suite>
                <test-case id="0-1038" name="ACTPROF_05_SourceOfWealthVerification_Non_HighRiskCountry" fullname="Join.Form.Customer.Selenium.Features._99_ActivateProfileDetailsFeature.ACTPROF_05_SourceOfWealthVerification_Non_HighRiskCountry" methodname="ACTPROF_05_SourceOfWealthVerification_Non_HighRiskCountry" classname="Join.Form.Customer.Selenium.Features._99_ActivateProfileDetailsFeature" runstate="Ignored" seed="1249867566" result="Skipped" label="Ignored" start-time="2017-11-14 14:49:51Z" end-time="2017-11-14 14:49:51Z" duration="0.000946" asserts="0">
                  <properties>
                    <property name="Description" value="ACTPROF_05 - Source of wealth verification - Non-high risk country" />
                    <property name="_SKIPREASON" value="Ignored scenario" />
                    <property name="Category" value="activateprofile" />
                    <property name="Category" value="COB" />
                    <property name="Category" value="integration" />
                    <property name="Category" value="082016" />
                    <property name="Category" value="eidv" />
                    <property name="Category" value="obsolete" />
                  </properties>
                  <reason>
                    <message><![CDATA[Ignored scenario]]></message>
                  </reason>
                </test-case>
                <test-case id="0-1039" name="ACTPROF_06_SourceOfWealthVerification_HighRiskCountry" fullname="Join.Form.Customer.Selenium.Features._99_ActivateProfileDetailsFeature.ACTPROF_06_SourceOfWealthVerification_HighRiskCountry" methodname="ACTPROF_06_SourceOfWealthVerification_HighRiskCountry" classname="Join.Form.Customer.Selenium.Features._99_ActivateProfileDetailsFeature" runstate="Ignored" seed="1848776999" result="Skipped" label="Ignored" start-time="2017-11-14 14:49:52Z" end-time="2017-11-14 14:49:52Z" duration="0.000023" asserts="0">
                  <properties>
                    <property name="Description" value="ACTPROF_06 - Source of wealth verification - High risk country" />
                    <property name="_SKIPREASON" value="Ignored scenario" />
                    <property name="Category" value="activateprofile" />
                    <property name="Category" value="COB" />
                    <property name="Category" value="integration" />
                    <property name="Category" value="082016" />
                    <property name="Category" value="eidv" />
                    <property name="Category" value="regression" />
                    <property name="Category" value="obsolete" />
                  </properties>
                  <reason>
                    <message><![CDATA[Ignored scenario]]></message>
                  </reason>
                </test-case>
                <test-suite type="ParameterizedMethod" id="0-1042" name="ACTPROF_07_IRDNumberValidation" fullname="Join.Form.Customer.Selenium.Features._99_ActivateProfileDetailsFeature.ACTPROF_07_IRDNumberValidation" classname="Join.Form.Customer.Selenium.Features._99_ActivateProfileDetailsFeature" runstate="Ignored" testcasecount="2" result="Skipped" label="Ignored" site="SetUp" start-time="2017-11-14 14:49:52Z" end-time="2017-11-14 14:49:52Z" duration="0.031274" total="2" passed="0" failed="0" warnings="0" inconclusive="0" skipped="2" asserts="0">
                  <properties>
                    <property name="Description" value="ACTPROF_07 - IRD number validation" />
                    <property name="_SKIPREASON" value="Ignored scenario" />
                    <property name="Category" value="activateprofile" />
                    <property name="Category" value="COB" />
                    <property name="Category" value="integration" />
                    <property name="Category" value="082016" />
                    <property name="Category" value="obsolete" />
                  </properties>
                  <reason>
                    <message><![CDATA[Ignored scenario]]></message>
                  </reason>
                  <test-case id="0-1040" name="ACTPROF_07_IRDNumberValidation(&quot;8D IRD - Prefix 0&quot;,&quot;049091850&quot;,&quot;is NOT&quot;,System.String[])" fullname="Join.Form.Customer.Selenium.Features._99_ActivateProfileDetailsFeature.ACTPROF_07_IRDNumberValidation(&quot;8D IRD - Prefix 0&quot;,&quot;049091850&quot;,&quot;is NOT&quot;,System.String[])" methodname="ACTPROF_07_IRDNumberValidation" classname="Join.Form.Customer.Selenium.Features._99_ActivateProfileDetailsFeature" runstate="Runnable" seed="1555979179" result="Skipped" label="Ignored" site="Parent" start-time="0001-01-01 00:00:00Z" end-time="0001-01-01 00:00:00Z" duration="0.000000" asserts="0">
                    <properties />
                    <reason>
                      <message><![CDATA[OneTimeSetUp: Ignored scenario]]></message>
                    </reason>
                  </test-case>
                  <test-case id="0-1041" name="ACTPROF_07_IRDNumberValidation(&quot;8D IRD - Prefix 00&quot;,&quot;0049091850&quot;,&quot;is&quot;,System.String[])" fullname="Join.Form.Customer.Selenium.Features._99_ActivateProfileDetailsFeature.ACTPROF_07_IRDNumberValidation(&quot;8D IRD - Prefix 00&quot;,&quot;0049091850&quot;,&quot;is&quot;,System.String[])" methodname="ACTPROF_07_IRDNumberValidation" classname="Join.Form.Customer.Selenium.Features._99_ActivateProfileDetailsFeature" runstate="Runnable" seed="372344285" result="Skipped" label="Ignored" site="Parent" start-time="0001-01-01 00:00:00Z" end-time="0001-01-01 00:00:00Z" duration="0.000000" asserts="0">
                    <properties />
                    <reason>
                      <message><![CDATA[OneTimeSetUp: Ignored scenario]]></message>
                    </reason>
                  </test-case>
                </test-suite>
              </test-suite>
            </test-suite>
          </test-suite>
        </test-suite>
      </test-suite>
    </test-suite>
  </test-suite>
</test-run>
