<?xml version="1.0" encoding="utf-8" standalone="no"?>
<test-run id="2" testcasecount="626" result="Failed" total="139" passed="7" failed="95" inconclusive="0" skipped="37" asserts="92" engine-version="3.0.5813.39036" clr-version="4.0.30319.42000" start-time="2017-11-08 13:02:58Z" end-time="2017-11-08 15:46:03Z" duration="9783.978141">
  <command-line><![CDATA["D:\FeaturesUIAutomationTest\Join.Form.Customer\Features Test\NunitRunner\nunit3-console.exe"  --result=D:\FeaturesUIAutomationTestResults\Join.Form.Customer\FeaturesTest\3.0.0-meta2017110901\2017-11-09-02-02\TestResult.xml Join.Form.Customer.Selenium.dll --where cat=~'(?i)integration']]></command-line>
  <filter>
    <cat re="1">(?i)integration</cat>
  </filter>
  <test-suite type="assembly" id="0-1714" name="Join.Form.Customer.Selenium.dll" fullname="D:\FeaturesUIAutomationTest\Join.Form.Customer\Features Test\Join.Form.Customer.Selenium.dll" runstate="Runnable" testcasecount="626" result="Failed" site="Child" start-time="2017-11-08 13:02:59Z" end-time="2017-11-08 15:46:02Z" duration="9783.525571" total="139" passed="7" failed="95" warnings="0" inconclusive="0" skipped="37" asserts="92">
    <environment framework-version="3.6.0.0" clr-version="4.0.30319.42000" os-version="Microsoft Windows NT 6.3.9600.0" platform="Win32NT" cwd="D:\FeaturesUIAutomationTest\Join.Form.Customer\Features Test" machine-name="WINATCA4795" user="zOctopusDEV2" user-domain="BRANCH" culture="en-NZ" uiculture="en-US" os-architecture="x64" />
    <settings>
      <setting name="WorkDirectory" value="D:\FeaturesUIAutomationTest\Join.Form.Customer\Features Test" />
      <setting name="NumberOfTestWorkers" value="2" />
    </settings>
    <properties>
      <property name="ParallelScope" value="None" />
      <property name="_PID" value="7176" />
      <property name="_APPDOMAIN" value="test-domain-" />
    </properties>
    <failure>
      <message><![CDATA[One or more child tests had errors]]></message>
    </failure>
    <test-suite type="TestSuite" id="0-1715" name="Join" fullname="Join" runstate="Runnable" testcasecount="626" result="Failed" site="Child" start-time="2017-11-08 13:02:59Z" end-time="2017-11-08 15:46:02Z" duration="9783.479201" total="139" passed="7" failed="95" warnings="0" inconclusive="0" skipped="37" asserts="92">
      <properties />
      <failure>
        <message><![CDATA[One or more child tests had errors]]></message>
      </failure>
      <test-suite type="TestSuite" id="0-1716" name="Form" fullname="Join.Form" runstate="Runnable" testcasecount="626" result="Failed" site="Child" start-time="2017-11-08 13:02:59Z" end-time="2017-11-08 15:46:02Z" duration="9783.448261" total="139" passed="7" failed="95" warnings="0" inconclusive="0" skipped="37" asserts="92">
        <properties />
        <failure>
          <message><![CDATA[One or more child tests had errors]]></message>
        </failure>
        <test-suite type="TestSuite" id="0-1717" name="Customer" fullname="Join.Form.Customer" runstate="Runnable" testcasecount="626" result="Failed" site="Child" start-time="2017-11-08 13:02:59Z" end-time="2017-11-08 15:46:02Z" duration="9783.416566" total="139" passed="7" failed="95" warnings="0" inconclusive="0" skipped="37" asserts="92">
          <properties />
          <failure>
            <message><![CDATA[One or more child tests had errors]]></message>
          </failure>
          <test-suite type="TestSuite" id="0-1718" name="Selenium" fullname="Join.Form.Customer.Selenium" runstate="Runnable" testcasecount="626" result="Failed" site="Child" start-time="2017-11-08 13:02:59Z" end-time="2017-11-08 15:46:02Z" duration="9783.385357" total="139" passed="7" failed="95" warnings="0" inconclusive="0" skipped="37" asserts="92">
            <properties />
            <failure>
              <message><![CDATA[One or more child tests had errors]]></message>
            </failure>
            <test-suite type="TestSuite" id="0-1719" name="Features" fullname="Join.Form.Customer.Selenium.Features" runstate="Runnable" testcasecount="626" result="Failed" site="Child" start-time="2017-11-08 13:02:59Z" end-time="2017-11-08 15:46:02Z" duration="9783.354182" total="139" passed="7" failed="95" warnings="0" inconclusive="0" skipped="37" asserts="92">
              <properties />
              <failure>
                <message><![CDATA[One or more child tests had errors]]></message>
              </failure>
              <test-suite type="TestFixture" id="0-1311" name="_01_IntroductionPageFeature" fullname="Join.Form.Customer.Selenium.Features._01_IntroductionPageFeature" classname="Join.Form.Customer.Selenium.Features._01_IntroductionPageFeature" runstate="Runnable" testcasecount="18" result="Failed" site="Child" start-time="2017-11-08 13:02:59Z" end-time="2017-11-08 13:06:33Z" duration="214.151596" total="1" passed="0" failed="1" warnings="0" inconclusive="0" skipped="0" asserts="0">
                <properties>
                  <property name="Description" value="01_IntroductionPage" />
                </properties>
                <failure>
                  <message><![CDATA[One or more child tests had errors]]></message>
                </failure>
                <test-case id="0-1325" name="INTRO_09_VerifyIntroductionPageForCleverKash" fullname="Join.Form.Customer.Selenium.Features._01_IntroductionPageFeature.INTRO_09_VerifyIntroductionPageForCleverKash" methodname="INTRO_09_VerifyIntroductionPageForCleverKash" classname="Join.Form.Customer.Selenium.Features._01_IntroductionPageFeature" runstate="Runnable" seed="753727827" result="Failed" label="Error" start-time="2017-11-08 13:02:59Z" end-time="2017-11-08 13:06:33Z" duration="213.644356" asserts="0">
                  <properties>
                    <property name="Description" value="INTRO_09 - Verify Introduction page for Clever Kash" />
                    <property name="Category" value="COB" />
                    <property name="Category" value="intro" />
                    <property name="Category" value="integration" />
                    <property name="Category" value="regression" />
                    <property name="Category" value="092016" />
                  </properties>
                  <failure>
                    <message><![CDATA[System.Reflection.TargetInvocationException : Exception has been thrown by the target of an invocation.
  ----> System.Exception : no such element: Unable to locate element: {"method":"css selector","selector":"iframe[title='Main content']"}
  (Session info: chrome=60.0.3112.78)
  (Driver info: chromedriver=2.29.461591 (62ebf098771772160f391d75e589dc567915b233),platform=Windows NT 6.3.9600 x86_64)
  ----> OpenQA.Selenium.NoSuchElementException : no such element: Unable to locate element: {"method":"css selector","selector":"iframe[title='Main content']"}
  (Session info: chrome=60.0.3112.78)
  (Driver info: chromedriver=2.29.461591 (62ebf098771772160f391d75e589dc567915b233),platform=Windows NT 6.3.9600 x86_64)]]></message>
                    <stack-trace><![CDATA[   at System.RuntimeMethodHandle.InvokeMethod(Object target, Object[] arguments, Signature sig, Boolean constructor)
   at System.Reflection.RuntimeConstructorInfo.Invoke(BindingFlags invokeAttr, Binder binder, Object[] parameters, CultureInfo culture)
   at BoDi.ObjectContainer.CreateObject(Type type, ResolutionList resolutionPath, RegistrationKey keyToResolve)
   at BoDi.ObjectContainer.TypeRegistration.Resolve(ObjectContainer container, RegistrationKey keyToResolve, ResolutionList resolutionPath)
   at BoDi.ObjectContainer.ResolveObject(RegistrationKey keyToResolve, ResolutionList resolutionPath)
   at BoDi.ObjectContainer.Resolve(Type typeToResolve, ResolutionList resolutionPath, String name)
   at lambda_method(Closure , IContextManager )
   at TechTalk.SpecFlow.Bindings.BindingInvoker.InvokeBinding(IBinding binding, IContextManager contextManager, Object[] arguments, ITestTracer testTracer, TimeSpan& duration)
   at TechTalk.SpecFlow.Infrastructure.TestExecutionEngine.ExecuteStepMatch(BindingMatch match, Object[] arguments)
   at TechTalk.SpecFlow.Infrastructure.TestExecutionEngine.ExecuteStep(StepInstance stepInstance)
   at TechTalk.SpecFlow.Infrastructure.TestExecutionEngine.OnAfterLastStep()
   at Join.Form.Customer.Selenium.Features._01_IntroductionPageFeature.ScenarioCleanup()
   at Join.Form.Customer.Selenium.Features._01_IntroductionPageFeature.INTRO_09_VerifyIntroductionPageForCleverKash()
--Exception
   at ASB.Test.Automation.Utils.Retry.Retry.Execute(Func`1 function, Int32 retryInterval, Int32 retryCount, String exceptionMessage)
   at Join.Form.Customer.Selenium.Pages.FeaturesPage.WaitForFeaturesPageLoad(By frameLocator)
   at Join.Form.Customer.Selenium.Pages.FeaturesPage..ctor(ContextObject _context)
   at Join.Form.Customer.Selenium.Pages.IntroductionPage..ctor(ContextObject context)
   at Join.Form.Customer.Selenium.StepDefinitions.IntroductionPageSteps..ctor(ContextObject context)
--NoSuchElementException
   at OpenQA.Selenium.Remote.RemoteWebDriver.UnpackAndThrowOnError(Response errorResponse)
   at OpenQA.Selenium.Remote.RemoteWebDriver.Execute(String driverCommandToExecute, Dictionary`2 parameters)
   at OpenQA.Selenium.Remote.RemoteWebDriver.FindElement(String mechanism, String value)
   at Join.Form.Customer.Selenium.Pages.FeaturesPage.<WaitForFeaturesPageLoad>b__26_0()
   at ASB.Test.Automation.Utils.Retry.Retry.Execute(Func`1 function, Int32 retryInterval, Int32 retryCount, String exceptionMessage)]]></stack-trace>
                  </failure>
                  <output><![CDATA[Given I start my Streamline application
Navigating to URL: https://webappisamdev.asbbank.co.nz/public/join/asb?grcDisabled=true
-> done: CommonSteps.GivenIStartMyStreamlineApplication() (0.8s)
Given I am in the Clever Kash Introduction page
Navigating to URL: https://webappisamdev.asbbank.co.nz/public/join/cleverkashasb?grcDisabled=true
-> done: CommonSteps.GivenIAmInTheCleverKashIntroductionPage() (0.5s)
And I am in the Introduction page
11/9/2017 2:03:02 AMWaitForFeaturesPageLoad: Executing WaitForFrameAndSwitch
-> error: Exception has been thrown by the target of an invocation.
Then the 'Introduction' page progress indicator is displayed
-> skipped because of previous errors
And the header image is displayed
-> skipped because of previous errors
And the Introduction heading and info text is displayed
-> skipped because of previous errors
And the It's easy to join section for Clever Kash is not displayed
-> skipped because of previous errors
And the Before you start section is displayed
-> skipped because of previous errors
And the 'Over 18' tri-state controls has no default selection
-> skipped because of previous errors
And the 'NZ Resident' tri-state controls has no default selection
-> skipped because of previous errors
And the footer elements are displayed
-> skipped because of previous errors
]]></output>
                </test-case>
              </test-suite>
              <test-suite type="TestFixture" id="0-1418" name="_02_ProductsPageFeature" fullname="Join.Form.Customer.Selenium.Features._02_ProductsPageFeature" classname="Join.Form.Customer.Selenium.Features._02_ProductsPageFeature" runstate="Runnable" testcasecount="8" result="Passed" start-time="2017-11-08 13:06:33Z" end-time="2017-11-08 13:06:51Z" duration="17.803180" total="1" passed="1" failed="0" warnings="0" inconclusive="0" skipped="0" asserts="18">
                <properties>
                  <property name="Description" value="02_ProductsPage" />
                </properties>
                <test-case id="0-1419" name="PRODUCTS_01_VerifyUI_SelectProductsPage" fullname="Join.Form.Customer.Selenium.Features._02_ProductsPageFeature.PRODUCTS_01_VerifyUI_SelectProductsPage" methodname="PRODUCTS_01_VerifyUI_SelectProductsPage" classname="Join.Form.Customer.Selenium.Features._02_ProductsPageFeature" runstate="Runnable" seed="1815124285" result="Passed" start-time="2017-11-08 13:06:33Z" end-time="2017-11-08 13:06:51Z" duration="17.774370" asserts="18">
                  <properties>
                    <property name="Description" value="PRODUCTS_01 - Verify UI - Select Products page" />
                    <property name="Category" value="COB" />
                    <property name="Category" value="products" />
                    <property name="Category" value="ui" />
                    <property name="Category" value="regression" />
                    <property name="Category" value="smoke" />
                    <property name="Category" value="integration" />
                    <property name="Category" value="072016" />
                  </properties>
                  <output><![CDATA[Given I start my Streamline application
Navigating to URL: https://webappisamdev.asbbank.co.nz/public/join/asb?grcDisabled=true
-> done: CommonSteps.GivenIStartMyStreamlineApplication() (0.9s)
Given I am in the Select Products page
11/9/2017 2:06:45 AMWaitForFeaturesPageLoad: Executing WaitForFrameAndSwitch
11/9/2017 2:06:45 AMWaitForFeaturesPageLoad: Done executing WaitForFrameAndSwitch
-> done: ProductsPageSteps.GivenIAmInTheSelectProductsPage() (11.1s)
Then the Streamline transaction account details are displayed
-> done: ProductsPageSteps.ThenTheStreamlineTransactionAccountDetailsAreDisplayed() (0.2s)
And the 'ASB Visa Debit Streamline Intro' details are displayed with preselected checkbox
-> done: ProductsPageSteps.ThenTheIsPreselected("ASB Visa Debit St...") (0.2s)
And the 'FastSaver' account details are displayed with an unselected checkbox
Unable to find product 'FastSaver' in page or product 'FastSaver' is not selected
-> done: ProductsPageSteps.ThenTheAccountDetailsAreDisplayedWithAnUnselectedCheckbox("FastSaver") (1.2s)
And the 'Savings On Call' account details are displayed with an unselected checkbox
Unable to find product 'Savings On Call' in page or product 'Savings On Call' is not selected
-> done: ProductsPageSteps.ThenTheAccountDetailsAreDisplayedWithAnUnselectedCheckbox("Savings On Call") (1.2s)
And the products disclaimer is displayed
-> done: ProductsPageSteps.ThenTheProductsDisclaimerIsDisplayed() (0.1s)
]]></output>
                </test-case>
              </test-suite>
              <test-suite type="TestFixture" id="0-1380" name="_03_PersonalDetailsFeature" fullname="Join.Form.Customer.Selenium.Features._03_PersonalDetailsFeature" classname="Join.Form.Customer.Selenium.Features._03_PersonalDetailsFeature" runstate="Runnable" testcasecount="35" result="Passed" start-time="2017-11-08 13:06:51Z" end-time="2017-11-08 13:07:51Z" duration="60.048930" total="2" passed="2" failed="0" warnings="0" inconclusive="0" skipped="0" asserts="4">
                <properties>
                  <property name="Description" value="03_PersonalDetails" />
                </properties>
                <test-case id="0-1396" name="PDETAILS_14_SearchAndSelectStandardAddress" fullname="Join.Form.Customer.Selenium.Features._03_PersonalDetailsFeature.PDETAILS_14_SearchAndSelectStandardAddress" methodname="PDETAILS_14_SearchAndSelectStandardAddress" classname="Join.Form.Customer.Selenium.Features._03_PersonalDetailsFeature" runstate="Runnable" seed="2098240580" result="Passed" start-time="2017-11-08 13:06:51Z" end-time="2017-11-08 13:07:20Z" duration="29.358249" asserts="2">
                  <properties>
                    <property name="Description" value="PDETAILS_14 - Search and select standard address" />
                    <property name="Category" value="COB" />
                    <property name="Category" value="personaldetails" />
                    <property name="Category" value="regression" />
                    <property name="Category" value="smoke" />
                    <property name="Category" value="ui" />
                    <property name="Category" value="integration" />
                    <property name="Category" value="072016" />
                  </properties>
                  <output><![CDATA[Given I start my Streamline application
Navigating to URL: https://webappisamdev.asbbank.co.nz/public/join/asb?grcDisabled=true
-> done: CommonSteps.GivenIStartMyStreamlineApplication() (0.9s)
Given I am in the Personal Details page
11/9/2017 2:07:03 AMWaitForFeaturesPageLoad: Executing WaitForFrameAndSwitch
11/9/2017 2:07:03 AMWaitForFeaturesPageLoad: Done executing WaitForFrameAndSwitch
Unable to find product 'Savings On Call' in page or product 'Savings On Call' is not selected
Unable to find product 'FastSaver' in page or product 'FastSaver' is not selected
-> done: PersonalDetailsSteps.GivenIAmInThePersonalDetailsPage() (13.0s)
When I search and select '12 Lake Road, Kaitaia' as 'Standard' address
-> done: PersonalDetailsSteps.WhenISearchAndSelectAsAddress("12 Lake Road, Kai...", "Standard") (11.9s)
Then my 'Standard' address is displayed
-> done: PersonalDetailsSteps.ThenMyAddressIsDisplayed("Standard") (0.2s)
]]></output>
                </test-case>
                <test-case id="0-1397" name="PDETAILS_15_SearchAndSelectRuralDeliveryAddress" fullname="Join.Form.Customer.Selenium.Features._03_PersonalDetailsFeature.PDETAILS_15_SearchAndSelectRuralDeliveryAddress" methodname="PDETAILS_15_SearchAndSelectRuralDeliveryAddress" classname="Join.Form.Customer.Selenium.Features._03_PersonalDetailsFeature" runstate="Runnable" seed="2091361180" result="Passed" start-time="2017-11-08 13:07:20Z" end-time="2017-11-08 13:07:51Z" duration="30.651192" asserts="2">
                  <properties>
                    <property name="Description" value="PDETAILS_15 - Search and select rural delivery address" />
                    <property name="Category" value="COB" />
                    <property name="Category" value="personaldetails" />
                    <property name="Category" value="regression" />
                    <property name="Category" value="ui" />
                    <property name="Category" value="integration" />
                    <property name="Category" value="072016" />
                  </properties>
                  <output><![CDATA[Given I start my Streamline application
Navigating to URL: https://webappisamdev.asbbank.co.nz/public/join/asb?grcDisabled=true
-> done: CommonSteps.GivenIStartMyStreamlineApplication() (0.7s)
Given I am in the Personal Details page
11/9/2017 2:07:32 AMWaitForFeaturesPageLoad: Executing WaitForFrameAndSwitch
11/9/2017 2:07:32 AMWaitForFeaturesPageLoad: Done executing WaitForFrameAndSwitch
Unable to find product 'Savings On Call' in page or product 'Savings On Call' is not selected
Unable to find product 'FastSaver' in page or product 'FastSaver' is not selected
-> done: PersonalDetailsSteps.GivenIAmInThePersonalDetailsPage() (13.0s)
When I search and select '21 Greens Road, RD 1, Kaiapoi' as 'Rural Delivery' address
-> done: PersonalDetailsSteps.WhenISearchAndSelectAsAddress("21 Greens Road, R...", "Rural Delivery") (13.5s)
Then my 'Rural Delivery' address is displayed
-> done: PersonalDetailsSteps.ThenMyAddressIsDisplayed("Rural Delivery") (0.2s)
]]></output>
                </test-case>
              </test-suite>
              <test-suite type="TestFixture" id="0-1486" name="_04_TaxDetailsFeature" fullname="Join.Form.Customer.Selenium.Features._04_TaxDetailsFeature" classname="Join.Form.Customer.Selenium.Features._04_TaxDetailsFeature" runstate="Runnable" testcasecount="136" result="Passed" start-time="2017-11-08 13:07:51Z" end-time="2017-11-08 13:08:33Z" duration="42.109253" total="1" passed="1" failed="0" warnings="0" inconclusive="0" skipped="0" asserts="30">
                <properties>
                  <property name="Description" value="04_TaxDetails" />
                </properties>
                <test-case id="0-1632" name="TAXINFO_39_TINNumberAddCoTR" fullname="Join.Form.Customer.Selenium.Features._04_TaxDetailsFeature.TAXINFO_39_TINNumberAddCoTR" methodname="TAXINFO_39_TINNumberAddCoTR" classname="Join.Form.Customer.Selenium.Features._04_TaxDetailsFeature" runstate="Runnable" seed="1725291581" result="Passed" start-time="2017-11-08 13:07:51Z" end-time="2017-11-08 13:08:33Z" duration="42.068339" asserts="30">
                  <properties>
                    <property name="Description" value="TAXINFO_39 - TIN number Add CoTR" />
                    <property name="Category" value="112017" />
                    <property name="Category" value="taxdetails" />
                    <property name="Category" value="ui" />
                    <property name="Category" value="smoke" />
                    <property name="Category" value="regression" />
                    <property name="Category" value="integration" />
                    <property name="Category" value="securitytest" />
                  </properties>
                  <output><![CDATA[Given I start my Streamline application
Navigating to URL: https://webappisamdev.asbbank.co.nz/public/join/asb?grcDisabled=true
-> done: CommonSteps.GivenIStartMyStreamlineApplication() (0.8s)
And I am in the Personal Details page
11/9/2017 2:08:03 AMWaitForFeaturesPageLoad: Executing WaitForFrameAndSwitch
11/9/2017 2:08:03 AMWaitForFeaturesPageLoad: Done executing WaitForFrameAndSwitch
Unable to find product 'Savings On Call' in page or product 'Savings On Call' is not selected
Unable to find product 'FastSaver' in page or product 'FastSaver' is not selected
-> done: PersonalDetailsSteps.GivenIAmInThePersonalDetailsPage() (12.9s)
Given I enter all required details in the Personal details page and clicks on Next button:
  --- table step argument ---
  | Title | FirstName  | MiddleName | LastName | DateOfBirth   | Email             | MobileNumber   | CountriesCitizenship | PreferredIdType |
  | Miss  | Automation |            | FYICOB   | 16 March 1978 | cob2016@asb.co.nz | 021-1234567890 | New Zealand          | Other           |
-> done: PersonalDetailsSteps.WhenIEnterAllRequiredDetailsForPersonalDetailsPage(<table>) (19.4s)
Then the Tax Details page is displayed
-> done: AdditionalPersonalDetailsSteps.GivenIAmInTheTaxInformationPage() (0.1s)
When I select 'Yes' in the Are you currently a New Zealand tax resident question
-> done: AdditionalPersonalDetailsSteps.WhenISelectInTheAreYouANewZealandTaxResidentQuestion("Yes") (0.2s)
And I select 'Yes' in the Foreign tax resident question
-> done: AdditionalPersonalDetailsSteps.WhenISelectInTheForeignTaxResidentQuestion("Yes") (0.1s)
And I click Add a country button
-> done: AdditionalPersonalDetailsSteps.WhenIClickAddACountryButton() (0.2s)
Then the add CoTR takeover 'is' displayed
-> done: AdditionalPersonalDetailsSteps.ThenTheAddCoTRTakeoverDisplayed("is") (0.2s)
When I select the country 'Australia' in the Countries where you have Foreign Tax Residence dropdown
-> done: AdditionalPersonalDetailsSteps.WhenISelectTheCountryInTheCountriesWhereYouHaveForeignTaxResidenceDropdown("Australia") (0.2s)
Then the Foreign Tax Number field 'is' displayed
-> done: AdditionalPersonalDetailsSteps.ThenTheForeignTaxNumberFieldDisplayed("is") (0.0s)
And the Where can I find this number? link opens in a new window
-> done: AdditionalPersonalDetailsSteps.ThenTheWhereCanIFindThisNumberLinkOpensInANewWindow() (1.9s)
And the following blacklisted TINs are not accepted in Foreign Tax Number field
  --- table step argument ---
  | tin         |
  | n/a         |
  | na          |
  | n.a         |
  | n.a.        |
  | n a         |
  | tbd         |
  | t.b.d       |
  | t.b.d.      |
  | t b d       |
  | tbc         |
  | t.b.c       |
  | t.b.c.      |
  | t b c       |
  | unknown     |
  | -           |
  | --          |
  | ---         |
  | ----        |
  | -----       |
  | none        |
  | non         |
  | don't know  |
  | do not know |
  | <>          |
-> done: AdditionalPersonalDetailsSteps.ThenTheFollowingBlacklistedTINsAreNotAcceptedInForeignTaxNumberField(<table>) (4.9s)
]]></output>
                </test-case>
              </test-suite>
              <test-suite type="TestFixture" id="0-1105" name="_05_ASBLoginPageFeature" fullname="Join.Form.Customer.Selenium.Features._05_ASBLoginPageFeature" classname="Join.Form.Customer.Selenium.Features._05_ASBLoginPageFeature" runstate="Runnable" testcasecount="133" result="Failed" site="Child" start-time="2017-11-08 13:08:33Z" end-time="2017-11-08 13:10:49Z" duration="135.890518" total="4" passed="3" failed="1" warnings="0" inconclusive="0" skipped="0" asserts="30">
                <properties>
                  <property name="Description" value="05_ASBLoginPage" />
                </properties>
                <failure>
                  <message><![CDATA[One or more child tests had errors]]></message>
                </failure>
                <test-suite type="ParameterizedMethod" id="0-1111" name="LOGIN_02_VerifyUsernameGeneration" fullname="Join.Form.Customer.Selenium.Features._05_ASBLoginPageFeature.LOGIN_02_VerifyUsernameGeneration" classname="Join.Form.Customer.Selenium.Features._05_ASBLoginPageFeature" runstate="Runnable" testcasecount="4" result="Failed" site="Child" start-time="2017-11-08 13:08:33Z" end-time="2017-11-08 13:10:49Z" duration="135.872630" total="4" passed="3" failed="1" warnings="0" inconclusive="0" skipped="0" asserts="30">
                  <properties>
                    <property name="Description" value="LOGIN_02 - Verify username generation" />
                    <property name="Category" value="COB" />
                    <property name="Category" value="asblogin" />
                    <property name="Category" value="integration" />
                    <property name="Category" value="072016" />
                  </properties>
                  <failure>
                    <message><![CDATA[One or more child tests had errors]]></message>
                  </failure>
                  <test-case id="0-1107" name="LOGIN_02_VerifyUsernameGeneration(&quot;Update all&quot;,&quot;new First&quot;,&quot;new Last&quot;,&quot;true&quot;,null)" fullname="Join.Form.Customer.Selenium.Features._05_ASBLoginPageFeature.LOGIN_02_VerifyUsernameGeneration(&quot;Update all&quot;,&quot;new First&quot;,&quot;new Last&quot;,&quot;true&quot;,null)" methodname="LOGIN_02_VerifyUsernameGeneration" classname="Join.Form.Customer.Selenium.Features._05_ASBLoginPageFeature" runstate="Runnable" seed="2137732204" result="Passed" start-time="2017-11-08 13:08:33Z" end-time="2017-11-08 13:09:08Z" duration="35.553420" asserts="9">
                    <properties>
                      <property name="Category" value="regression" />
                      <property name="Category" value="smoke" />
                    </properties>
                    <output><![CDATA[Given I start my Streamline application
Navigating to URL: https://webappisamdev.asbbank.co.nz/public/join/asb?grcDisabled=true
-> done: CommonSteps.GivenIStartMyStreamlineApplication() (1.0s)
And I am in the Personal Details page
11/9/2017 2:08:45 AMWaitForFeaturesPageLoad: Executing WaitForFrameAndSwitch
11/9/2017 2:08:45 AMWaitForFeaturesPageLoad: Done executing WaitForFrameAndSwitch
Unable to find product 'Savings On Call' in page or product 'Savings On Call' is not selected
Unable to find product 'FastSaver' in page or product 'FastSaver' is not selected
-> done: PersonalDetailsSteps.GivenIAmInThePersonalDetailsPage() (13.0s)
And I enter all required details in the Personal details page and clicks on Next button:
  --- table step argument ---
  | Title | FirstName | MiddleName | LastName | DateOfBirth   | Email             | MobileNumber   | CountriesCitizenship | PreferredIdType |
  | Miss  | Mary      | Middle     | Thomas   | 16 March 1978 | cob2016@asb.co.nz | 021-1234567890 | New Zealand          | Other           |
-> done: PersonalDetailsSteps.WhenIEnterAllRequiredDetailsForPersonalDetailsPage(<table>) (13.5s)
And I enter mandatory Tax Information for NZ citizen and clicks on Next button
-> done: AdditionalPersonalDetailsSteps.GivenIEnterMandatoryTaxInformationForNZCitizen() (0.5s)
Given I am in the ASB Login page
-> done: ASBLoginPageSteps.GivenIAmInTheASBLoginPage() (0.7s)
And the generated username is displayed
-> done: ASBLoginPageSteps.GivenTheGeneratedUsernameIsDisplayed() (0.4s)
When I click on 'Previous' button
-> done: CommonSteps.WhenIClickOnButton("Previous") (0.1s)
And I click on 'Previous' button
-> done: CommonSteps.WhenIClickOnButton("Previous") (0.2s)
And the 'Personal Details' screen of Join ASB page is displayed
-> done: CommonSteps.ThenTheScreenOfJoinASBPageIsDisplayed("Personal Details") (0.0s)
And I enter my Firstname as 'new First' and Lastname as 'new Last'
-> done: PersonalDetailsSteps.WhenIEnterMyFirstnameAsAndLastnameAs("new First", "new Last") (1.5s)
And I click on 'Next' button
-> done: CommonSteps.WhenIClickOnButton("Next") (0.1s)
And I click on 'Next' button
-> done: CommonSteps.WhenIClickOnButton("Next") (0.1s)
And the 'ASB Login' screen of Join ASB page is displayed
-> done: CommonSteps.ThenTheScreenOfJoinASBPageIsDisplayed("ASB Login") (0.9s)
Then I expect my username to be 'true'
-> done: ASBLoginPageSteps.ThenIExpectMyUsernameToBe(True) (0.2s)
]]></output>
                  </test-case>
                  <test-case id="0-1108" name="LOGIN_02_VerifyUsernameGeneration(&quot;No change&quot;,&quot;same&quot;,&quot;same&quot;,&quot;false&quot;,null)" fullname="Join.Form.Customer.Selenium.Features._05_ASBLoginPageFeature.LOGIN_02_VerifyUsernameGeneration(&quot;No change&quot;,&quot;same&quot;,&quot;same&quot;,&quot;false&quot;,null)" methodname="LOGIN_02_VerifyUsernameGeneration" classname="Join.Form.Customer.Selenium.Features._05_ASBLoginPageFeature" runstate="Runnable" seed="1011825030" result="Passed" start-time="2017-11-08 13:09:08Z" end-time="2017-11-08 13:09:42Z" duration="33.069267" asserts="7">
                    <properties>
                      <property name="Category" value="regression" />
                    </properties>
                    <output><![CDATA[Given I start my Streamline application
Navigating to URL: https://webappisamdev.asbbank.co.nz/public/join/asb?grcDisabled=true
-> done: CommonSteps.GivenIStartMyStreamlineApplication() (0.9s)
And I am in the Personal Details page
11/9/2017 2:09:21 AMWaitForFeaturesPageLoad: Executing WaitForFrameAndSwitch
11/9/2017 2:09:21 AMWaitForFeaturesPageLoad: Done executing WaitForFrameAndSwitch
Unable to find product 'Savings On Call' in page or product 'Savings On Call' is not selected
Unable to find product 'FastSaver' in page or product 'FastSaver' is not selected
-> done: PersonalDetailsSteps.GivenIAmInThePersonalDetailsPage() (13.0s)
And I enter all required details in the Personal details page and clicks on Next button:
  --- table step argument ---
  | Title | FirstName | MiddleName | LastName | DateOfBirth   | Email             | MobileNumber   | CountriesCitizenship | PreferredIdType |
  | Miss  | Mary      | Middle     | Thomas   | 16 March 1978 | cob2016@asb.co.nz | 021-1234567890 | New Zealand          | Other           |
-> done: PersonalDetailsSteps.WhenIEnterAllRequiredDetailsForPersonalDetailsPage(<table>) (13.4s)
And I enter mandatory Tax Information for NZ citizen and clicks on Next button
-> done: AdditionalPersonalDetailsSteps.GivenIEnterMandatoryTaxInformationForNZCitizen() (0.5s)
Given I am in the ASB Login page
-> done: ASBLoginPageSteps.GivenIAmInTheASBLoginPage() (0.2s)
And the generated username is displayed
-> done: ASBLoginPageSteps.GivenTheGeneratedUsernameIsDisplayed() (1.1s)
When I click on 'Previous' button
-> done: CommonSteps.WhenIClickOnButton("Previous") (0.1s)
And I click on 'Previous' button
-> done: CommonSteps.WhenIClickOnButton("Previous") (0.2s)
And the 'Personal Details' screen of Join ASB page is displayed
-> done: CommonSteps.ThenTheScreenOfJoinASBPageIsDisplayed("Personal Details") (0.1s)
And I enter my Firstname as 'same' and Lastname as 'same'
-> done: PersonalDetailsSteps.WhenIEnterMyFirstnameAsAndLastnameAs("same", "same") (0.0s)
And I click on 'Next' button
-> done: CommonSteps.WhenIClickOnButton("Next") (0.1s)
And I click on 'Next' button
-> done: CommonSteps.WhenIClickOnButton("Next") (0.1s)
And the 'ASB Login' screen of Join ASB page is displayed
-> done: CommonSteps.ThenTheScreenOfJoinASBPageIsDisplayed("ASB Login") (0.0s)
Then I expect my username to be 'false'
-> done: ASBLoginPageSteps.ThenIExpectMyUsernameToBe(False) (0.1s)
]]></output>
                  </test-case>
                  <test-case id="0-1109" name="LOGIN_02_VerifyUsernameGeneration(&quot;Update Firstname&quot;,&quot;new First&quot;,&quot;same&quot;,&quot;true&quot;,null)" fullname="Join.Form.Customer.Selenium.Features._05_ASBLoginPageFeature.LOGIN_02_VerifyUsernameGeneration(&quot;Update Firstname&quot;,&quot;new First&quot;,&quot;same&quot;,&quot;true&quot;,null)" methodname="LOGIN_02_VerifyUsernameGeneration" classname="Join.Form.Customer.Selenium.Features._05_ASBLoginPageFeature" runstate="Runnable" seed="1580455323" result="Failed" label="Error" start-time="2017-11-08 13:09:42Z" end-time="2017-11-08 13:10:16Z" duration="34.404221" asserts="5">
                    <properties>
                      <property name="Category" value="regression" />
                    </properties>
                    <failure>
                      <message><![CDATA[OpenQA.Selenium.NoSuchElementException : no such element: Unable to locate element: {"method":"css selector","selector":"#asbLogin"}
  (Session info: chrome=60.0.3112.78)
  (Driver info: chromedriver=2.29.461591 (62ebf098771772160f391d75e589dc567915b233),platform=Windows NT 6.3.9600 x86_64)]]></message>
                      <stack-trace><![CDATA[   at OpenQA.Selenium.Remote.RemoteWebDriver.UnpackAndThrowOnError(Response errorResponse)
   at OpenQA.Selenium.Remote.RemoteWebDriver.Execute(String driverCommandToExecute, Dictionary`2 parameters)
   at OpenQA.Selenium.Remote.RemoteWebDriver.FindElement(String mechanism, String value)
   at Join.Form.Customer.Selenium.Pages.FeaturesPage.IsPageActive(String pageName, IWebDriver driver)
   at Join.Form.Customer.Selenium.StepDefinitions.CommonSteps.ThenTheScreenOfJoinASBPageIsDisplayed(String pageName)
   at TechTalk.SpecFlow.Bindings.BindingInvoker.InvokeBinding(IBinding binding, IContextManager contextManager, Object[] arguments, ITestTracer testTracer, TimeSpan& duration)
   at TechTalk.SpecFlow.Infrastructure.TestExecutionEngine.ExecuteStepMatch(BindingMatch match, Object[] arguments)
   at TechTalk.SpecFlow.Infrastructure.TestExecutionEngine.ExecuteStep(StepInstance stepInstance)
   at TechTalk.SpecFlow.Infrastructure.TestExecutionEngine.OnAfterLastStep()
   at Join.Form.Customer.Selenium.Features._05_ASBLoginPageFeature.ScenarioCleanup()
   at Join.Form.Customer.Selenium.Features._05_ASBLoginPageFeature.LOGIN_02_VerifyUsernameGeneration(String scenarioName, String firstname, String lastname, String generatedflag, String[] exampleTags)]]></stack-trace>
                    </failure>
                    <output><![CDATA[Given I start my Streamline application
Navigating to URL: https://webappisamdev.asbbank.co.nz/public/join/asb?grcDisabled=true
-> done: CommonSteps.GivenIStartMyStreamlineApplication() (0.7s)
And I am in the Personal Details page
11/9/2017 2:09:53 AMWaitForFeaturesPageLoad: Executing WaitForFrameAndSwitch
11/9/2017 2:09:53 AMWaitForFeaturesPageLoad: Done executing WaitForFrameAndSwitch
Unable to find product 'Savings On Call' in page or product 'Savings On Call' is not selected
Unable to find product 'FastSaver' in page or product 'FastSaver' is not selected
-> done: PersonalDetailsSteps.GivenIAmInThePersonalDetailsPage() (12.9s)
And I enter all required details in the Personal details page and clicks on Next button:
  --- table step argument ---
  | Title | FirstName | MiddleName | LastName | DateOfBirth   | Email             | MobileNumber   | CountriesCitizenship | PreferredIdType |
  | Miss  | Mary      | Middle     | Thomas   | 16 March 1978 | cob2016@asb.co.nz | 021-1234567890 | New Zealand          | Other           |
-> done: PersonalDetailsSteps.WhenIEnterAllRequiredDetailsForPersonalDetailsPage(<table>) (13.6s)
And I enter mandatory Tax Information for NZ citizen and clicks on Next button
-> done: AdditionalPersonalDetailsSteps.GivenIEnterMandatoryTaxInformationForNZCitizen() (0.5s)
Given I am in the ASB Login page
-> done: ASBLoginPageSteps.GivenIAmInTheASBLoginPage() (1.0s)
And the generated username is displayed
-> done: ASBLoginPageSteps.GivenTheGeneratedUsernameIsDisplayed() (0.2s)
When I click on 'Previous' button
-> done: CommonSteps.WhenIClickOnButton("Previous") (0.1s)
And I click on 'Previous' button
-> done: CommonSteps.WhenIClickOnButton("Previous") (0.2s)
And the 'Personal Details' screen of Join ASB page is displayed
-> done: CommonSteps.ThenTheScreenOfJoinASBPageIsDisplayed("Personal Details") (0.1s)
And I enter my Firstname as 'new First' and Lastname as 'same'
-> done: PersonalDetailsSteps.WhenIEnterMyFirstnameAsAndLastnameAs("new First", "same") (0.8s)
And I click on 'Next' button
-> done: CommonSteps.WhenIClickOnButton("Next") (0.1s)
And I click on 'Next' button
-> done: CommonSteps.WhenIClickOnButton("Next") (0.1s)
And the 'ASB Login' screen of Join ASB page is displayed
-> error: no such element: Unable to locate element: {"method":"css selector","selector":"#asbLogin"}
  (Session info: chrome=60.0.3112.78)
  (Driver info: chromedriver=2.29.461591 (62ebf098771772160f391d75e589dc567915b233),platform=Windows NT 6.3.9600 x86_64)
Then I expect my username to be 'true'
-> skipped because of previous errors
]]></output>
                  </test-case>
                  <test-case id="0-1110" name="LOGIN_02_VerifyUsernameGeneration(&quot;Update Lastname&quot;,&quot;same&quot;,&quot;new Last&quot;,&quot;true&quot;,null)" fullname="Join.Form.Customer.Selenium.Features._05_ASBLoginPageFeature.LOGIN_02_VerifyUsernameGeneration(&quot;Update Lastname&quot;,&quot;same&quot;,&quot;new Last&quot;,&quot;true&quot;,null)" methodname="LOGIN_02_VerifyUsernameGeneration" classname="Join.Form.Customer.Selenium.Features._05_ASBLoginPageFeature" runstate="Runnable" seed="845318956" result="Passed" start-time="2017-11-08 13:10:16Z" end-time="2017-11-08 13:10:49Z" duration="32.781497" asserts="9">
                    <properties>
                      <property name="Category" value="regression" />
                    </properties>
                    <output><![CDATA[Given I start my Streamline application
Navigating to URL: https://webappisamdev.asbbank.co.nz/public/join/asb?grcDisabled=true
-> done: CommonSteps.GivenIStartMyStreamlineApplication() (0.8s)
And I am in the Personal Details page
11/9/2017 2:10:28 AMWaitForFeaturesPageLoad: Executing WaitForFrameAndSwitch
11/9/2017 2:10:28 AMWaitForFeaturesPageLoad: Done executing WaitForFrameAndSwitch
Unable to find product 'Savings On Call' in page or product 'Savings On Call' is not selected
Unable to find product 'FastSaver' in page or product 'FastSaver' is not selected
-> done: PersonalDetailsSteps.GivenIAmInThePersonalDetailsPage() (12.9s)
And I enter all required details in the Personal details page and clicks on Next button:
  --- table step argument ---
  | Title | FirstName | MiddleName | LastName | DateOfBirth   | Email             | MobileNumber   | CountriesCitizenship | PreferredIdType |
  | Miss  | Mary      | Middle     | Thomas   | 16 March 1978 | cob2016@asb.co.nz | 021-1234567890 | New Zealand          | Other           |
-> done: PersonalDetailsSteps.WhenIEnterAllRequiredDetailsForPersonalDetailsPage(<table>) (13.1s)
And I enter mandatory Tax Information for NZ citizen and clicks on Next button
-> done: AdditionalPersonalDetailsSteps.GivenIEnterMandatoryTaxInformationForNZCitizen() (0.6s)
Given I am in the ASB Login page
-> done: ASBLoginPageSteps.GivenIAmInTheASBLoginPage() (0.2s)
And the generated username is displayed
-> done: ASBLoginPageSteps.GivenTheGeneratedUsernameIsDisplayed() (0.2s)
When I click on 'Previous' button
-> done: CommonSteps.WhenIClickOnButton("Previous") (0.1s)
And I click on 'Previous' button
-> done: CommonSteps.WhenIClickOnButton("Previous") (0.1s)
And the 'Personal Details' screen of Join ASB page is displayed
-> done: CommonSteps.ThenTheScreenOfJoinASBPageIsDisplayed("Personal Details") (0.0s)
And I enter my Firstname as 'same' and Lastname as 'new Last'
-> done: PersonalDetailsSteps.WhenIEnterMyFirstnameAsAndLastnameAs("same", "new Last") (1.0s)
And I click on 'Next' button
-> done: CommonSteps.WhenIClickOnButton("Next") (0.1s)
And I click on 'Next' button
-> done: CommonSteps.WhenIClickOnButton("Next") (0.1s)
And the 'ASB Login' screen of Join ASB page is displayed
-> done: CommonSteps.ThenTheScreenOfJoinASBPageIsDisplayed("ASB Login") (0.2s)
Then I expect my username to be 'true'
-> done: ASBLoginPageSteps.ThenIExpectMyUsernameToBe(True) (0.2s)
]]></output>
                  </test-case>
                </test-suite>
              </test-suite>
              <test-suite type="TestFixture" id="0-1440" name="_06_SummaryPageFeature" fullname="Join.Form.Customer.Selenium.Features._06_SummaryPageFeature" classname="Join.Form.Customer.Selenium.Features._06_SummaryPageFeature" runstate="Runnable" testcasecount="40" result="Failed" site="Child" start-time="2017-11-08 13:10:49Z" end-time="2017-11-08 13:11:24Z" duration="34.747717" total="1" passed="0" failed="1" warnings="0" inconclusive="0" skipped="0" asserts="2">
                <properties>
                  <property name="Description" value="06_SummaryPage" />
                </properties>
                <failure>
                  <message><![CDATA[One or more child tests had errors]]></message>
                </failure>
                <test-case id="0-1465" name="SUMMARY_09_VerifyThePageBehaviourWhenTheUserClicksOnConfirmButton" fullname="Join.Form.Customer.Selenium.Features._06_SummaryPageFeature.SUMMARY_09_VerifyThePageBehaviourWhenTheUserClicksOnConfirmButton" methodname="SUMMARY_09_VerifyThePageBehaviourWhenTheUserClicksOnConfirmButton" classname="Join.Form.Customer.Selenium.Features._06_SummaryPageFeature" runstate="Runnable" seed="803279564" result="Failed" label="Error" start-time="2017-11-08 13:10:49Z" end-time="2017-11-08 13:11:24Z" duration="34.743294" asserts="2">
                  <properties>
                    <property name="Description" value="SUMMARY_09 - Verify the page behaviour when the user clicks on Confirm button" />
                    <property name="Category" value="COB" />
                    <property name="Category" value="summary" />
                    <property name="Category" value="integration" />
                    <property name="Category" value="072016" />
                  </properties>
                  <failure>
                    <message><![CDATA[OpenQA.Selenium.NoSuchElementException : no such element: Unable to locate element: {"method":"css selector","selector":"#processing"}
  (Session info: chrome=60.0.3112.78)
  (Driver info: chromedriver=2.29.461591 (62ebf098771772160f391d75e589dc567915b233),platform=Windows NT 6.3.9600 x86_64)]]></message>
                    <stack-trace><![CDATA[   at OpenQA.Selenium.Remote.RemoteWebDriver.UnpackAndThrowOnError(Response errorResponse)
   at OpenQA.Selenium.Remote.RemoteWebDriver.Execute(String driverCommandToExecute, Dictionary`2 parameters)
   at OpenQA.Selenium.Remote.RemoteWebDriver.FindElement(String mechanism, String value)
   at Join.Form.Customer.Selenium.Pages.FeaturesPage.IsPageActive(String pageName, IWebDriver driver)
   at Join.Form.Customer.Selenium.StepDefinitions.CommonSteps.ThenTheScreenOfJoinASBPageIsDisplayed(String pageName)
   at TechTalk.SpecFlow.Bindings.BindingInvoker.InvokeBinding(IBinding binding, IContextManager contextManager, Object[] arguments, ITestTracer testTracer, TimeSpan& duration)
   at TechTalk.SpecFlow.Infrastructure.TestExecutionEngine.ExecuteStepMatch(BindingMatch match, Object[] arguments)
   at TechTalk.SpecFlow.Infrastructure.TestExecutionEngine.ExecuteStep(StepInstance stepInstance)
   at TechTalk.SpecFlow.Infrastructure.TestExecutionEngine.OnAfterLastStep()
   at Join.Form.Customer.Selenium.Features._06_SummaryPageFeature.ScenarioCleanup()
   at Join.Form.Customer.Selenium.Features._06_SummaryPageFeature.SUMMARY_09_VerifyThePageBehaviourWhenTheUserClicksOnConfirmButton()]]></stack-trace>
                  </failure>
                  <output><![CDATA[Given I start my Streamline application
Navigating to URL: https://webappisamdev.asbbank.co.nz/public/join/asb?grcDisabled=true
-> done: CommonSteps.GivenIStartMyStreamlineApplication() (0.8s)
And I am in the Personal Details page
11/9/2017 2:11:01 AMWaitForFeaturesPageLoad: Executing WaitForFrameAndSwitch
11/9/2017 2:11:01 AMWaitForFeaturesPageLoad: Done executing WaitForFrameAndSwitch
Unable to find product 'Savings On Call' in page or product 'Savings On Call' is not selected
Unable to find product 'FastSaver' in page or product 'FastSaver' is not selected
-> done: PersonalDetailsSteps.GivenIAmInThePersonalDetailsPage() (13.0s)
And I enter all required details in the Personal details page and clicks on Next button:
  --- table step argument ---
  | Title | FirstName | MiddleName | LastName | DateOfBirth   | Email             | MobileNumber   | CountriesCitizenship | PreferredIdType |
  | Miss  | Mary      | Middle     | Thomas   | 16 March 1978 | cob2016@asb.co.nz | 021-1234567890 | New Zealand          | Other           |
-> done: PersonalDetailsSteps.WhenIEnterAllRequiredDetailsForPersonalDetailsPage(<table>) (14.0s)
And I enter mandatory Tax Information for NZ citizen and clicks on Next button
-> done: AdditionalPersonalDetailsSteps.GivenIEnterMandatoryTaxInformationForNZCitizen() (0.5s)
And I enter 'Kiwi77nz' password and 'MyCode01' ass password in the ASB Login page and clicks on Next button
-> done: ASBLoginPageSteps.WhenIEnterPasswordAndassPasswordInTheASBLoginPageAndClicksOnNextButton("Kiwi77nz", "MyCode01") (1.4s)
Given I am in the Summary page
-> done: SummaryPageSteps.GivenIAmInTheSummaryPage() (0.1s)
When I 'mark' the I agree to the Terms and Conditions checkbox
-> done: SummaryPageSteps.WhenITheIAgreeCheckbox("mark") (0.1s)
And I 'mark' the I agree to the Background Address verification checkbox
-> done: SummaryPageSteps.WhenITheIAgreeToTheBackgroundAddressVerificationCheckbox("mark") (0.0s)
And I click on 'Confirm' button
-> done: CommonSteps.WhenIClickOnButton("Confirm") (0.1s)
Then the 'Processing' screen of Join ASB page is displayed
-> error: no such element: Unable to locate element: {"method":"css selector","selector":"#processing"}
  (Session info: chrome=60.0.3112.78)
  (Driver info: chromedriver=2.29.461591 (62ebf098771772160f391d75e589dc567915b233),platform=Windows NT 6.3.9600 x86_64)
And the Logging you in progress page is displayed
-> skipped because of previous errors
And the Activation page is displayed
-> skipped because of previous errors
]]></output>
                </test-case>
              </test-suite>
              <test-suite type="TestFixture" id="0-1254" name="_07_ConfirmationFeature" fullname="Join.Form.Customer.Selenium.Features._07_ConfirmationFeature" classname="Join.Form.Customer.Selenium.Features._07_ConfirmationFeature" runstate="Runnable" testcasecount="9" result="Failed" site="Child" start-time="2017-11-08 13:11:24Z" end-time="2017-11-08 13:13:59Z" duration="155.476134" total="6" passed="0" failed="6" warnings="0" inconclusive="0" skipped="0" asserts="0">
                <properties>
                  <property name="Description" value="07_Confirmation" />
                </properties>
                <failure>
                  <message><![CDATA[One or more child tests had errors]]></message>
                </failure>
                <test-case id="0-1255" name="CNFM_01_VerifyConfirmationScreen_BadCustomerCheckBlock" fullname="Join.Form.Customer.Selenium.Features._07_ConfirmationFeature.CNFM_01_VerifyConfirmationScreen_BadCustomerCheckBlock" methodname="CNFM_01_VerifyConfirmationScreen_BadCustomerCheckBlock" classname="Join.Form.Customer.Selenium.Features._07_ConfirmationFeature" runstate="Runnable" seed="2086134754" result="Failed" label="Error" start-time="2017-11-08 13:11:24Z" end-time="2017-11-08 13:11:44Z" duration="20.020781" asserts="0">
                  <properties>
                    <property name="Description" value="CNFM_01 - Verify Confirmation screen - Bad Customer check (block)" />
                    <property name="Category" value="COB" />
                    <property name="Category" value="confirmation" />
                    <property name="Category" value="regression" />
                    <property name="Category" value="integration" />
                    <property name="Category" value="072016" />
                  </properties>
                  <failure>
                    <message><![CDATA[System.IndexOutOfRangeException : Could not find a column named 'CountriesCitizenship' in the table.
The table looks like this:
| Title | FirstName | MiddleName | LastName | DateOfBirth | Email             | MobileNumber | PreferredIdType | Password | assPassword |
| Mr    | Michael   | Sam        | Wayne    | 1 June 1983 | cob2016@asb.co.nz | 021-ass   | Other           | Kiwi77nz | MyCode01       |
]]></message>
                    <stack-trace><![CDATA[   at TechTalk.SpecFlow.Table.GetHeaderIndex(String column, Boolean throwIfNotFound)
   at TechTalk.SpecFlow.TableRow.get_Item(String header)
   at Join.Form.Customer.Selenium.StepDefinitions.PersonalDetailsSteps.GivenIEnterAllRequiredDetailsAndNavigateToSummaryPage(Table userDetails)
   at TechTalk.SpecFlow.Bindings.BindingInvoker.InvokeBinding(IBinding binding, IContextManager contextManager, Object[] arguments, ITestTracer testTracer, TimeSpan& duration)
   at TechTalk.SpecFlow.Infrastructure.TestExecutionEngine.ExecuteStepMatch(BindingMatch match, Object[] arguments)
   at TechTalk.SpecFlow.Infrastructure.TestExecutionEngine.ExecuteStep(StepInstance stepInstance)
   at TechTalk.SpecFlow.Infrastructure.TestExecutionEngine.OnAfterLastStep()
   at Join.Form.Customer.Selenium.Features._07_ConfirmationFeature.ScenarioCleanup()
   at Join.Form.Customer.Selenium.Features._07_ConfirmationFeature.CNFM_01_VerifyConfirmationScreen_BadCustomerCheckBlock()]]></stack-trace>
                  </failure>
                  <output><![CDATA[Given I start my Streamline application
Navigating to URL: https://webappisamdev.asbbank.co.nz/public/join/asb?grcDisabled=true
-> done: CommonSteps.GivenIStartMyStreamlineApplication() (0.9s)
Given I select the following products: 'Streamline intro, ASB Visa Debit Streamline Intro'
11/9/2017 2:11:35 AMWaitForFeaturesPageLoad: Executing WaitForFrameAndSwitch
11/9/2017 2:11:35 AMWaitForFeaturesPageLoad: Done executing WaitForFrameAndSwitch
Unable to find product 'FastSaver' in page or product 'FastSaver' is not selected
Unable to find product 'Savings On Call' in page or product 'Savings On Call' is not selected
Unable to find product 'Savings On Call' in page or product 'Savings On Call' is not selected
Unable to find product 'FastSaver' in page or product 'FastSaver' is not selected
-> done: ProductsPageSteps.WhenIChangeMySelectedProductsTo("Streamline intro,...") (15.6s)
And I enter all required details and navigate to Summary page
  --- table step argument ---
  | Title | FirstName | MiddleName | LastName | DateOfBirth | Email             | MobileNumber | PreferredIdType | Password | assPassword |
  | Mr    | Michael   | Sam        | Wayne    | 1 June 1983 | cob2016@asb.co.nz | 021-ass   | Other           | Kiwi77nz | MyCode01       |
-> error: Could not find a column named 'CountriesCitizenship' in the table.
The table looks like this:
| Title | FirstName | MiddleName | LastName | DateOfBirth | Email             | MobileNumber | PreferredIdType | Password | assPassword |
| Mr    | Michael   | Sam        | Wayne    | 1 June 1983 | cob2016@asb.co.nz | 021-ass   | Other           | Kiwi77nz | MyCode01       |

When I confirm details on the Summary page
-> skipped because of previous errors
Then System Unavailable screen is displayed
-> skipped because of previous errors
And a message advising me of difficulties signing me up online and to contact ASB is displayed
-> skipped because of previous errors
And the Confirmation page for duplicate 'bad' customer with open products is displayed
-> skipped because of previous errors
And the 'Find a branch' button opens in a new window
-> skipped because of previous errors
]]></output>
                </test-case>
                <test-suite type="ParameterizedMethod" id="0-1260" name="CNFM_02_ExistingCustomerCheck_DifferentOpenProducts" fullname="Join.Form.Customer.Selenium.Features._07_ConfirmationFeature.CNFM_02_ExistingCustomerCheck_DifferentOpenProducts" classname="Join.Form.Customer.Selenium.Features._07_ConfirmationFeature" runstate="Runnable" testcasecount="4" result="Failed" site="Child" start-time="2017-11-08 13:11:44Z" end-time="2017-11-08 13:13:41Z" duration="117.359969" total="4" passed="0" failed="4" warnings="0" inconclusive="0" skipped="0" asserts="0">
                  <properties>
                    <property name="Description" value="CNFM_02 - Existing Customer check - Different Open Products" />
                    <property name="Category" value="COB" />
                    <property name="Category" value="confirmation" />
                    <property name="Category" value="offline" />
                    <property name="Category" value="integration" />
                    <property name="Category" value="regression" />
                    <property name="Category" value="072016" />
                  </properties>
                  <failure>
                    <message><![CDATA[One or more child tests had errors]]></message>
                  </failure>
                  <test-case id="0-1256" name="CNFM_02_ExistingCustomerCheck_DifferentOpenProducts(&quot;Open Good&quot;,&quot;Mr&quot;,&quot;Good&quot;,&quot;Sam&quot;,&quot;Man&quot;,&quot;1 January 1980&quot;,System.String[])" fullname="Join.Form.Customer.Selenium.Features._07_ConfirmationFeature.CNFM_02_ExistingCustomerCheck_DifferentOpenProducts(&quot;Open Good&quot;,&quot;Mr&quot;,&quot;Good&quot;,&quot;Sam&quot;,&quot;Man&quot;,&quot;1 January 1980&quot;,System.String[])" methodname="CNFM_02_ExistingCustomerCheck_DifferentOpenProducts" classname="Join.Form.Customer.Selenium.Features._07_ConfirmationFeature" runstate="Runnable" seed="1016779494" result="Failed" label="Error" start-time="2017-11-08 13:11:44Z" end-time="2017-11-08 13:12:13Z" duration="29.141473" asserts="0">
                    <properties />
                    <failure>
                      <message><![CDATA[System.NullReferenceException : Object reference not set to an instance of an object.]]></message>
                      <stack-trace><![CDATA[   at Join.Form.Customer.Selenium.Pages.PersonalDetailsPage.SetNewPersonalDetails(Customer newPersonalDetails)
   at Join.Form.Customer.Selenium.StepDefinitions.PersonalDetailsSteps.GivenIEnterPersonalAndLoginDetails(String title, String firstName, String middleName, String lastName, String dob, String emailid, String mobileNumber, String preferredIdType, String password, String assPassword, String profanityFlag)
   at TechTalk.SpecFlow.Bindings.BindingInvoker.InvokeBinding(IBinding binding, IContextManager contextManager, Object[] arguments, ITestTracer testTracer, TimeSpan& duration)
   at TechTalk.SpecFlow.Infrastructure.TestExecutionEngine.ExecuteStepMatch(BindingMatch match, Object[] arguments)
   at TechTalk.SpecFlow.Infrastructure.TestExecutionEngine.ExecuteStep(StepInstance stepInstance)
   at TechTalk.SpecFlow.Infrastructure.TestExecutionEngine.OnAfterLastStep()
   at Join.Form.Customer.Selenium.Features._07_ConfirmationFeature.ScenarioCleanup()
   at Join.Form.Customer.Selenium.Features._07_ConfirmationFeature.CNFM_02_ExistingCustomerCheck_DifferentOpenProducts(String scenarioName, String title, String firstname, String middlename, String lastname, String dateOfBirth, String[] exampleTags)]]></stack-trace>
                    </failure>
                    <output><![CDATA[Given I start my Streamline application
Navigating to URL: https://webappisamdev.asbbank.co.nz/public/join/asb?grcDisabled=true
-> done: CommonSteps.GivenIStartMyStreamlineApplication() (0.8s)
Given I select the following products: 'Streamline intro,ASB Visa Debit Streamline Intro'
11/9/2017 2:11:55 AMWaitForFeaturesPageLoad: Executing WaitForFrameAndSwitch
11/9/2017 2:11:55 AMWaitForFeaturesPageLoad: Done executing WaitForFrameAndSwitch
Unable to find product 'FastSaver' in page or product 'FastSaver' is not selected
Unable to find product 'Savings On Call' in page or product 'Savings On Call' is not selected
Unable to find product 'Savings On Call' in page or product 'Savings On Call' is not selected
Unable to find product 'FastSaver' in page or product 'FastSaver' is not selected
-> done: ProductsPageSteps.WhenIChangeMySelectedProductsTo("Streamline intro,...") (15.0s)
And I enter personal and login details Mr,Good,Sam,Man,1 January 1980,cob2016@asb.co.nz,021-ass,Other,Kiwi77nz,ass123,false
-> error: Object reference not set to an instance of an object.
When I confirm details on the Summary page
-> skipped because of previous errors
Then the Confirmation page for duplicate 'good' customer with open products is displayed
-> skipped because of previous errors
]]></output>
                  </test-case>
                  <test-case id="0-1257" name="CNFM_02_ExistingCustomerCheck_DifferentOpenProducts(&quot;assd Bad&quot;,&quot;Mrs&quot;,&quot;ass&quot;,&quot;ass&quot;,&quot;ass&quot;,&quot;1 January 1980&quot;,System.String[])" fullname="Join.Form.Customer.Selenium.Features._07_ConfirmationFeature.CNFM_02_ExistingCustomerCheck_DifferentOpenProducts(&quot;assd Bad&quot;,&quot;Mrs&quot;,&quot;ass&quot;,&quot;ass&quot;,&quot;ass&quot;,&quot;1 January 1980&quot;,System.String[])" methodname="CNFM_02_ExistingCustomerCheck_DifferentOpenProducts" classname="Join.Form.Customer.Selenium.Features._07_ConfirmationFeature" runstate="Runnable" seed="89020520" result="Failed" label="Error" start-time="2017-11-08 13:12:13Z" end-time="2017-11-08 13:12:42Z" duration="29.441563" asserts="0">
                    <properties />
                    <failure>
                      <message><![CDATA[System.NullReferenceException : Object reference not set to an instance of an object.]]></message>
                      <stack-trace><![CDATA[   at Join.Form.Customer.Selenium.Pages.PersonalDetailsPage.SetNewPersonalDetails(Customer newPersonalDetails)
   at Join.Form.Customer.Selenium.StepDefinitions.PersonalDetailsSteps.GivenIEnterPersonalAndLoginDetails(String title, String firstName, String middleName, String lastName, String dob, String emailid, String mobileNumber, String preferredIdType, String password, String assPassword, String profanityFlag)
   at TechTalk.SpecFlow.Bindings.BindingInvoker.InvokeBinding(IBinding binding, IContextManager contextManager, Object[] arguments, ITestTracer testTracer, TimeSpan& duration)
   at TechTalk.SpecFlow.Infrastructure.TestExecutionEngine.ExecuteStepMatch(BindingMatch match, Object[] arguments)
   at TechTalk.SpecFlow.Infrastructure.TestExecutionEngine.ExecuteStep(StepInstance stepInstance)
   at TechTalk.SpecFlow.Infrastructure.TestExecutionEngine.OnAfterLastStep()
   at Join.Form.Customer.Selenium.Features._07_ConfirmationFeature.ScenarioCleanup()
   at Join.Form.Customer.Selenium.Features._07_ConfirmationFeature.CNFM_02_ExistingCustomerCheck_DifferentOpenProducts(String scenarioName, String title, String firstname, String middlename, String lastname, String dateOfBirth, String[] exampleTags)]]></stack-trace>
                    </failure>
                    <output><![CDATA[Given I start my Streamline application
Navigating to URL: https://webappisamdev.asbbank.co.nz/public/join/asb?grcDisabled=true
-> done: CommonSteps.GivenIStartMyStreamlineApplication() (1.0s)
Given I select the following products: 'Streamline intro,ASB Visa Debit Streamline Intro'
11/9/2017 2:12:25 AMWaitForFeaturesPageLoad: Executing WaitForFrameAndSwitch
11/9/2017 2:12:25 AMWaitForFeaturesPageLoad: Done executing WaitForFrameAndSwitch
Unable to find product 'FastSaver' in page or product 'FastSaver' is not selected
Unable to find product 'Savings On Call' in page or product 'Savings On Call' is not selected
Unable to find product 'Savings On Call' in page or product 'Savings On Call' is not selected
Unable to find product 'FastSaver' in page or product 'FastSaver' is not selected
-> done: ProductsPageSteps.WhenIChangeMySelectedProductsTo("Streamline intro,...") (15.6s)
And I enter personal and login details Mrs,ass,ass,ass,1 January 1980,cob2016@asb.co.nz,021-ass,Other,Kiwi77nz,ass123,false
-> error: Object reference not set to an instance of an object.
When I confirm details on the Summary page
-> skipped because of previous errors
Then the Confirmation page for duplicate 'good' customer with open products is displayed
-> skipped because of previous errors
]]></output>
                  </test-case>
                  <test-case id="0-1258" name="CNFM_02_ExistingCustomerCheck_DifferentOpenProducts(&quot;Transactional Only&quot;,&quot;Ms&quot;,&quot;ass&quot;,&quot;ass&quot;,&quot;ass&quot;,&quot;29 October 1958&quot;,System.String[])" fullname="Join.Form.Customer.Selenium.Features._07_ConfirmationFeature.CNFM_02_ExistingCustomerCheck_DifferentOpenProducts(&quot;Transactional Only&quot;,&quot;Ms&quot;,&quot;ass&quot;,&quot;ass&quot;,&quot;ass&quot;,&quot;29 October 1958&quot;,System.String[])" methodname="CNFM_02_ExistingCustomerCheck_DifferentOpenProducts" classname="Join.Form.Customer.Selenium.Features._07_ConfirmationFeature" runstate="Runnable" seed="81850743" result="Failed" label="Error" start-time="2017-11-08 13:12:42Z" end-time="2017-11-08 13:13:12Z" duration="30.074456" asserts="0">
                    <properties />
                    <failure>
                      <message><![CDATA[System.NullReferenceException : Object reference not set to an instance of an object.]]></message>
                      <stack-trace><![CDATA[   at Join.Form.Customer.Selenium.Pages.PersonalDetailsPage.SetNewPersonalDetails(Customer newPersonalDetails)
   at Join.Form.Customer.Selenium.StepDefinitions.PersonalDetailsSteps.GivenIEnterPersonalAndLoginDetails(String title, String firstName, String middleName, String lastName, String dob, String emailid, String mobileNumber, String preferredIdType, String password, String assPassword, String profanityFlag)
   at TechTalk.SpecFlow.Bindings.BindingInvoker.InvokeBinding(IBinding binding, IContextManager contextManager, Object[] arguments, ITestTracer testTracer, TimeSpan& duration)
   at TechTalk.SpecFlow.Infrastructure.TestExecutionEngine.ExecuteStepMatch(BindingMatch match, Object[] arguments)
   at TechTalk.SpecFlow.Infrastructure.TestExecutionEngine.ExecuteStep(StepInstance stepInstance)
   at TechTalk.SpecFlow.Infrastructure.TestExecutionEngine.OnAfterLastStep()
   at Join.Form.Customer.Selenium.Features._07_ConfirmationFeature.ScenarioCleanup()
   at Join.Form.Customer.Selenium.Features._07_ConfirmationFeature.CNFM_02_ExistingCustomerCheck_DifferentOpenProducts(String scenarioName, String title, String firstname, String middlename, String lastname, String dateOfBirth, String[] exampleTags)]]></stack-trace>
                    </failure>
                    <output><![CDATA[Given I start my Streamline application
Navigating to URL: https://webappisamdev.asbbank.co.nz/public/join/asb?grcDisabled=true
-> done: CommonSteps.GivenIStartMyStreamlineApplication() (0.9s)
Given I select the following products: 'Streamline intro,ASB Visa Debit Streamline Intro'
11/9/2017 2:12:54 AMWaitForFeaturesPageLoad: Executing WaitForFrameAndSwitch
11/9/2017 2:12:54 AMWaitForFeaturesPageLoad: Done executing WaitForFrameAndSwitch
Unable to find product 'FastSaver' in page or product 'FastSaver' is not selected
Unable to find product 'Savings On Call' in page or product 'Savings On Call' is not selected
Unable to find product 'Savings On Call' in page or product 'Savings On Call' is not selected
Unable to find product 'FastSaver' in page or product 'FastSaver' is not selected
-> done: ProductsPageSteps.WhenIChangeMySelectedProductsTo("Streamline intro,...") (15.0s)
And I enter personal and login details Ms,ass,ass,ass,29 October 1958,cob2016@asb.co.nz,021-ass,Other,Kiwi77nz,ass123,false
-> error: Object reference not set to an instance of an object.
When I confirm details on the Summary page
-> skipped because of previous errors
Then the Confirmation page for duplicate 'good' customer with open products is displayed
-> skipped because of previous errors
]]></output>
                  </test-case>
                  <test-case id="0-1259" name="CNFM_02_ExistingCustomerCheck_DifferentOpenProducts(&quot;KiwiSaver Only&quot;,&quot;Miss&quot;,&quot;ass&quot;,&quot;&quot;,&quot;Kiwisaver&quot;,&quot;4 July 1985&quot;,System.String[])" fullname="Join.Form.Customer.Selenium.Features._07_ConfirmationFeature.CNFM_02_ExistingCustomerCheck_DifferentOpenProducts(&quot;KiwiSaver Only&quot;,&quot;Miss&quot;,&quot;ass&quot;,&quot;&quot;,&quot;Kiwisaver&quot;,&quot;4 July 1985&quot;,System.String[])" methodname="CNFM_02_ExistingCustomerCheck_DifferentOpenProducts" classname="Join.Form.Customer.Selenium.Features._07_ConfirmationFeature" runstate="Runnable" seed="1107469187" result="Failed" label="Error" start-time="2017-11-08 13:13:12Z" end-time="2017-11-08 13:13:41Z" duration="28.641810" asserts="0">
                    <properties />
                    <failure>
                      <message><![CDATA[System.NullReferenceException : Object reference not set to an instance of an object.]]></message>
                      <stack-trace><![CDATA[   at Join.Form.Customer.Selenium.Pages.PersonalDetailsPage.SetNewPersonalDetails(Customer newPersonalDetails)
   at Join.Form.Customer.Selenium.StepDefinitions.PersonalDetailsSteps.GivenIEnterPersonalAndLoginDetails(String title, String firstName, String middleName, String lastName, String dob, String emailid, String mobileNumber, String preferredIdType, String password, String assPassword, String profanityFlag)
   at TechTalk.SpecFlow.Bindings.BindingInvoker.InvokeBinding(IBinding binding, IContextManager contextManager, Object[] arguments, ITestTracer testTracer, TimeSpan& duration)
   at TechTalk.SpecFlow.Infrastructure.TestExecutionEngine.ExecuteStepMatch(BindingMatch match, Object[] arguments)
   at TechTalk.SpecFlow.Infrastructure.TestExecutionEngine.ExecuteStep(StepInstance stepInstance)
   at TechTalk.SpecFlow.Infrastructure.TestExecutionEngine.OnAfterLastStep()
   at Join.Form.Customer.Selenium.Features._07_ConfirmationFeature.ScenarioCleanup()
   at Join.Form.Customer.Selenium.Features._07_ConfirmationFeature.CNFM_02_ExistingCustomerCheck_DifferentOpenProducts(String scenarioName, String title, String firstname, String middlename, String lastname, String dateOfBirth, String[] exampleTags)]]></stack-trace>
                    </failure>
                    <output><![CDATA[Given I start my Streamline application
Navigating to URL: https://webappisamdev.asbbank.co.nz/public/join/asb?grcDisabled=true
-> done: CommonSteps.GivenIStartMyStreamlineApplication() (0.8s)
Given I select the following products: 'Streamline intro,ASB Visa Debit Streamline Intro'
11/9/2017 2:13:24 AMWaitForFeaturesPageLoad: Executing WaitForFrameAndSwitch
11/9/2017 2:13:24 AMWaitForFeaturesPageLoad: Done executing WaitForFrameAndSwitch
Unable to find product 'FastSaver' in page or product 'FastSaver' is not selected
Unable to find product 'Savings On Call' in page or product 'Savings On Call' is not selected
Unable to find product 'Savings On Call' in page or product 'Savings On Call' is not selected
Unable to find product 'FastSaver' in page or product 'FastSaver' is not selected
-> done: ProductsPageSteps.WhenIChangeMySelectedProductsTo("Streamline intro,...") (15.2s)
And I enter personal and login details Miss,ass,,Kiwisaver,4 July 1985,cob2016@asb.co.nz,021-ass,Other,Kiwi77nz,ass123,false
-> error: Object reference not set to an instance of an object.
When I confirm details on the Summary page
-> skipped because of previous errors
Then the Confirmation page for duplicate 'good' customer with open products is displayed
-> skipped because of previous errors
]]></output>
                  </test-case>
                </test-suite>
                <test-case id="0-1264" name="CNFM_04_ExistingCustomerCheck_FNCOpenApplyRedirect" fullname="Join.Form.Customer.Selenium.Features._07_ConfirmationFeature.CNFM_04_ExistingCustomerCheck_FNCOpenApplyRedirect" methodname="CNFM_04_ExistingCustomerCheck_FNCOpenApplyRedirect" classname="Join.Form.Customer.Selenium.Features._07_ConfirmationFeature" runstate="Runnable" seed="200826972" result="Failed" label="Error" start-time="2017-11-08 13:13:41Z" end-time="2017-11-08 13:13:59Z" duration="18.049698" asserts="0">
                  <properties>
                    <property name="Description" value="CNFM_04 - Existing Customer check - FNC Open &amp; Apply Redirect" />
                    <property name="Category" value="COB" />
                    <property name="Category" value="confirmation" />
                    <property name="Category" value="regression" />
                    <property name="Category" value="integration" />
                    <property name="Category" value="072016" />
                  </properties>
                  <failure>
                    <message><![CDATA[System.IndexOutOfRangeException : Could not find a column named 'CountriesCitizenship' in the table.
The table looks like this:
| Title | FirstName | MiddleName | LastName | DateOfBirth    | Email             | MobileNumber | PreferredIdType | Password | assPassword |
| Miss  | ass   | ass      | ass     | 1 January 1980 | cob2016@asb.co.nz | 021-ass   | Other           | Kiwi77nz | MyCode01       |
]]></message>
                    <stack-trace><![CDATA[   at TechTalk.SpecFlow.Table.GetHeaderIndex(String column, Boolean throwIfNotFound)
   at TechTalk.SpecFlow.TableRow.get_Item(String header)
   at Join.Form.Customer.Selenium.StepDefinitions.PersonalDetailsSteps.GivenIEnterAllRequiredDetailsAndNavigateToSummaryPage(Table userDetails)
   at TechTalk.SpecFlow.Bindings.BindingInvoker.InvokeBinding(IBinding binding, IContextManager contextManager, Object[] arguments, ITestTracer testTracer, TimeSpan& duration)
   at TechTalk.SpecFlow.Infrastructure.TestExecutionEngine.ExecuteStepMatch(BindingMatch match, Object[] arguments)
   at TechTalk.SpecFlow.Infrastructure.TestExecutionEngine.ExecuteStep(StepInstance stepInstance)
   at TechTalk.SpecFlow.Infrastructure.TestExecutionEngine.OnAfterLastStep()
   at Join.Form.Customer.Selenium.Features._07_ConfirmationFeature.ScenarioCleanup()
   at Join.Form.Customer.Selenium.Features._07_ConfirmationFeature.CNFM_04_ExistingCustomerCheck_FNCOpenApplyRedirect()]]></stack-trace>
                  </failure>
                  <output><![CDATA[Given I start my Streamline application
Navigating to URL: https://webappisamdev.asbbank.co.nz/public/join/asb?grcDisabled=true
-> done: CommonSteps.GivenIStartMyStreamlineApplication() (0.7s)
Given I am an existing ASB customer
Navigating to URL: https://webappisamdev.asbbank.co.nz/public/join/asb?grcDisabled=true&fncJunctionNumber=104
-> done: CommonSteps.GivenIAmAnExistingASBCustomer() (0.5s)
And I select the following products: 'Streamline intro,ASB Visa Debit Streamline Intro,Savings On Call,FastSaver'
11/9/2017 2:13:53 AMWaitForFeaturesPageLoad: Executing WaitForFrameAndSwitch
11/9/2017 2:13:53 AMWaitForFeaturesPageLoad: Done executing WaitForFrameAndSwitch
Unable to find product 'Savings On Call' in page or product 'Savings On Call' is not selected
Unable to find product 'FastSaver' in page or product 'FastSaver' is not selected
-> done: ProductsPageSteps.WhenIChangeMySelectedProductsTo("Streamline intro,...") (15.4s)
And I enter all required details and navigate to Summary page
  --- table step argument ---
  | Title | FirstName | MiddleName | LastName | DateOfBirth    | Email             | MobileNumber | PreferredIdType | Password | assPassword |
  | Miss  | ass   | ass      | ass     | 1 January 1980 | cob2016@asb.co.nz | 021-ass   | Other           | Kiwi77nz | MyCode01       |
-> error: Could not find a column named 'CountriesCitizenship' in the table.
The table looks like this:
| Title | FirstName | MiddleName | LastName | DateOfBirth    | Email             | MobileNumber | PreferredIdType | Password | assPassword |
| Miss  | ass   | ass      | ass     | 1 January 1980 | cob2016@asb.co.nz | 021-ass   | Other           | Kiwi77nz | MyCode01       |

When I confirm details on the Summary page
-> skipped because of previous errors
Then the Confirmation page for duplicate 'good' customer with open products is displayed
-> skipped because of previous errors
And the FNC Login section is displayed
-> skipped because of previous errors
And the 'Having trouble logging in?' button opens in a new window
-> skipped because of previous errors
And the 'register for internet banking' link opens in a new window
-> skipped because of previous errors
And the 'Find a branch' button opens in a new window
-> skipped because of previous errors
And FNC Open & Apply page is displayed after login
-> skipped because of previous errors
]]></output>
                </test-case>
              </test-suite>
              <test-suite type="TestFixture" id="0-1045" name="_08_ActivateSummaryFeature" fullname="Join.Form.Customer.Selenium.Features._08_ActivateSummaryFeature" classname="Join.Form.Customer.Selenium.Features._08_ActivateSummaryFeature" runstate="Runnable" testcasecount="54" result="Failed" site="Child" start-time="2017-11-08 13:13:59Z" end-time="2017-11-08 13:36:24Z" duration="1344.928805" total="51" passed="0" failed="51" warnings="0" inconclusive="0" skipped="0" asserts="8">
                <properties>
                  <property name="Description" value="08_ActivateSummary" />
                </properties>
                <failure>
                  <message><![CDATA[One or more child tests had errors]]></message>
                </failure>
                <test-case id="0-1046" name="ACTSUM_01_VerifyThatCustomerSetupSubmissionIsSuccessful_WelcomeMessage" fullname="Join.Form.Customer.Selenium.Features._08_ActivateSummaryFeature.ACTSUM_01_VerifyThatCustomerSetupSubmissionIsSuccessful_WelcomeMessage" methodname="ACTSUM_01_VerifyThatCustomerSetupSubmissionIsSuccessful_WelcomeMessage" classname="Join.Form.Customer.Selenium.Features._08_ActivateSummaryFeature" runstate="Runnable" seed="1142531789" result="Failed" label="Error" start-time="2017-11-08 13:13:59Z" end-time="2017-11-08 13:14:23Z" duration="23.986361" asserts="0">
                  <properties>
                    <property name="Description" value="ACTSUM_01 - Verify that customer setup submission is successful - Welcome message" />
                    <property name="Category" value="COB" />
                    <property name="Category" value="activatesummary" />
                    <property name="Category" value="regression" />
                    <property name="Category" value="online" />
                    <property name="Category" value="integration" />
                    <property name="Category" value="eidv" />
                    <property name="Category" value="072016" />
                    <property name="Category" value="securitypatch" />
                  </properties>
                  <failure>
                    <message><![CDATA[System.IndexOutOfRangeException : Could not find a column named 'CountriesCitizenship' in the table.
The table looks like this:
| Title | FirstName  | MiddleName | LastName | DateOfBirth | Email             | MobileNumber | PreferredIdType | Password | assPassword |
| Miss  | Automation | ass     | FYICOB   | ass      | cob2016@asb.co.nz | 021-ass   | Other           | Kiwi77nz | MyCode01       |
]]></message>
                    <stack-trace><![CDATA[   at TechTalk.SpecFlow.Table.GetHeaderIndex(String column, Boolean throwIfNotFound)
   at TechTalk.SpecFlow.TableRow.get_Item(String header)
   at Join.Form.Customer.Selenium.StepDefinitions.PersonalDetailsSteps.GivenIEnterAllRequiredDetailsAndNavigateToSummaryPage(Table userDetails)
   at TechTalk.SpecFlow.Bindings.BindingInvoker.InvokeBinding(IBinding binding, IContextManager contextManager, Object[] arguments, ITestTracer testTracer, TimeSpan& duration)
   at TechTalk.SpecFlow.Infrastructure.TestExecutionEngine.ExecuteStepMatch(BindingMatch match, Object[] arguments)
   at TechTalk.SpecFlow.Infrastructure.TestExecutionEngine.ExecuteStep(StepInstance stepInstance)
   at TechTalk.SpecFlow.Infrastructure.TestExecutionEngine.OnAfterLastStep()
   at Join.Form.Customer.Selenium.Features._08_ActivateSummaryFeature.ScenarioCleanup()
   at Join.Form.Customer.Selenium.Features._08_ActivateSummaryFeature.ACTSUM_01_VerifyThatCustomerSetupSubmissionIsSuccessful_WelcomeMessage()]]></stack-trace>
                  </failure>
                  <output><![CDATA[Given I start my Streamline application
Navigating to URL: https://webappisamdev.asbbank.co.nz/public/join/asb?grcDisabled=true
-> done: CommonSteps.GivenIStartMyStreamlineApplication() (0.8s)
Given I select the following products: 'Streamline intro'
11/9/2017 2:14:11 AMWaitForFeaturesPageLoad: Executing WaitForFrameAndSwitch
11/9/2017 2:14:11 AMWaitForFeaturesPageLoad: Done executing WaitForFrameAndSwitch
Unable to find product 'FastSaver' in page or product 'FastSaver' is not selected
Unable to find product 'Savings On Call' in page or product 'Savings On Call' is not selected
Unable to find product 'ASB Visa Debit Streamline Intro' in page or product 'ASB Visa Debit Streamline Intro' is not selected
Unable to find product 'Savings On Call' in page or product 'Savings On Call' is not selected
Unable to find product 'FastSaver' in page or product 'FastSaver' is not selected
-> done: ProductsPageSteps.WhenIChangeMySelectedProductsTo("Streamline intro") (16.1s)
And I enter all required details and navigate to Summary page
  --- table step argument ---
  | Title | FirstName  | MiddleName | LastName | DateOfBirth | Email             | MobileNumber | PreferredIdType | Password | assPassword |
  | Miss  | Automation | ass     | FYICOB   | ass      | cob2016@asb.co.nz | 021-ass   | Other           | Kiwi77nz | MyCode01       |
-> error: Could not find a column named 'CountriesCitizenship' in the table.
The table looks like this:
| Title | FirstName  | MiddleName | LastName | DateOfBirth | Email             | MobileNumber | PreferredIdType | Password | assPassword |
| Miss  | Automation | ass     | FYICOB   | ass      | cob2016@asb.co.nz | 021-ass   | Other           | Kiwi77nz | MyCode01       |

When I confirm details on the Summary page
-> skipped because of previous errors
Then the Logging you in progress page is displayed
-> skipped because of previous errors
And the Activation page is displayed
-> skipped because of previous errors
And the welcome message is displayed
-> skipped because of previous errors
And the activation text is displayed
-> skipped because of previous errors
And the activation information text is displayed
-> skipped because of previous errors
And the account number and product name is displayed for the selected products
-> skipped because of previous errors
]]></output>
                </test-case>
                <test-case id="0-1047" name="ACTSUM_02_VerifyActivateSummaryPageAccountSetupSection" fullname="Join.Form.Customer.Selenium.Features._08_ActivateSummaryFeature.ACTSUM_02_VerifyActivateSummaryPageAccountSetupSection" methodname="ACTSUM_02_VerifyActivateSummaryPageAccountSetupSection" classname="Join.Form.Customer.Selenium.Features._08_ActivateSummaryFeature" runstate="Runnable" seed="119007423" result="Failed" label="Error" start-time="2017-11-08 13:14:23Z" end-time="2017-11-08 13:14:46Z" duration="22.712476" asserts="0">
                  <properties>
                    <property name="Description" value="ACTSUM_02 - Verify Activate Summary page Account Setup section" />
                    <property name="Category" value="COB" />
                    <property name="Category" value="activatesummary" />
                    <property name="Category" value="regression" />
                    <property name="Category" value="smoke" />
                    <property name="Category" value="integration" />
                    <property name="Category" value="eidv" />
                    <property name="Category" value="072016" />
                  </properties>
                  <failure>
                    <message><![CDATA[System.IndexOutOfRangeException : Could not find a column named 'CountriesCitizenship' in the table.
The table looks like this:
| Title | FirstName  | MiddleName | LastName | DateOfBirth | Email             | MobileNumber | PreferredIdType | Password | assPassword |
| Miss  | Automation | ass     | FYICOB   | ass      | cob2016@asb.co.nz | 021-ass   | Other           | Kiwi77nz | MyCode01       |
]]></message>
                    <stack-trace><![CDATA[   at TechTalk.SpecFlow.Table.GetHeaderIndex(String column, Boolean throwIfNotFound)
   at TechTalk.SpecFlow.TableRow.get_Item(String header)
   at Join.Form.Customer.Selenium.StepDefinitions.PersonalDetailsSteps.GivenIEnterAllRequiredDetailsAndNavigateToSummaryPage(Table userDetails)
   at TechTalk.SpecFlow.Bindings.BindingInvoker.InvokeBinding(IBinding binding, IContextManager contextManager, Object[] arguments, ITestTracer testTracer, TimeSpan& duration)
   at TechTalk.SpecFlow.Infrastructure.TestExecutionEngine.ExecuteStepMatch(BindingMatch match, Object[] arguments)
   at TechTalk.SpecFlow.Infrastructure.TestExecutionEngine.ExecuteStep(StepInstance stepInstance)
   at TechTalk.SpecFlow.Infrastructure.TestExecutionEngine.OnAfterLastStep()
   at Join.Form.Customer.Selenium.Features._08_ActivateSummaryFeature.ScenarioCleanup()
   at Join.Form.Customer.Selenium.Features._08_ActivateSummaryFeature.ACTSUM_02_VerifyActivateSummaryPageAccountSetupSection()]]></stack-trace>
                  </failure>
                  <output><![CDATA[Given I start my Streamline application
Navigating to URL: https://webappisamdev.asbbank.co.nz/public/join/asb?grcDisabled=true
-> done: CommonSteps.GivenIStartMyStreamlineApplication() (0.8s)
Given I select the following products: 'Streamline intro,ASB Visa Debit Streamline Intro,Savings On Call,FastSaver'
11/9/2017 2:14:35 AMWaitForFeaturesPageLoad: Executing WaitForFrameAndSwitch
11/9/2017 2:14:35 AMWaitForFeaturesPageLoad: Done executing WaitForFrameAndSwitch
Unable to find product 'Savings On Call' in page or product 'Savings On Call' is not selected
Unable to find product 'FastSaver' in page or product 'FastSaver' is not selected
-> done: ProductsPageSteps.WhenIChangeMySelectedProductsTo("Streamline intro,...") (15.1s)
And I enter all required details and navigate to Summary page
  --- table step argument ---
  | Title | FirstName  | MiddleName | LastName | DateOfBirth | Email             | MobileNumber | PreferredIdType | Password | assPassword |
  | Miss  | Automation | ass     | FYICOB   | ass      | cob2016@asb.co.nz | 021-ass   | Other           | Kiwi77nz | MyCode01       |
-> error: Could not find a column named 'CountriesCitizenship' in the table.
The table looks like this:
| Title | FirstName  | MiddleName | LastName | DateOfBirth | Email             | MobileNumber | PreferredIdType | Password | assPassword |
| Miss  | Automation | ass     | FYICOB   | ass      | cob2016@asb.co.nz | 021-ass   | Other           | Kiwi77nz | MyCode01       |

When I confirm details on the Summary page
-> skipped because of previous errors
Then the Logging you in progress page is displayed
-> skipped because of previous errors
And the Activation page is displayed
-> skipped because of previous errors
And the account number and product name is displayed for the selected products
-> skipped because of previous errors
]]></output>
                </test-case>
                <test-case id="0-1048" name="ACTSUM_03_VerifyActivateSummaryPageActivateYourAccountSection" fullname="Join.Form.Customer.Selenium.Features._08_ActivateSummaryFeature.ACTSUM_03_VerifyActivateSummaryPageActivateYourAccountSection" methodname="ACTSUM_03_VerifyActivateSummaryPageActivateYourAccountSection" classname="Join.Form.Customer.Selenium.Features._08_ActivateSummaryFeature" runstate="Runnable" seed="129350553" result="Failed" label="Error" start-time="2017-11-08 13:14:46Z" end-time="2017-11-08 13:15:07Z" duration="21.284603" asserts="0">
                  <properties>
                    <property name="Description" value="ACTSUM_03 -  Verify Activate Summary page Activate your account section" />
                    <property name="Category" value="COB" />
                    <property name="Category" value="activatesummary" />
                    <property name="Category" value="regression" />
                    <property name="Category" value="integration" />
                    <property name="Category" value="072016" />
                  </properties>
                  <failure>
                    <message><![CDATA[System.IndexOutOfRangeException : Could not find a column named 'CountriesCitizenship' in the table.
The table looks like this:
| Title | FirstName  | MiddleName | LastName | DateOfBirth | Email             | MobileNumber | PreferredIdType | Password | assPassword |
| Miss  | Automation | ass     | FYICOB   | ass      | cob2016@asb.co.nz | 021-ass   | Other           | Kiwi77nz | MyCode01       |
]]></message>
                    <stack-trace><![CDATA[   at TechTalk.SpecFlow.Table.GetHeaderIndex(String column, Boolean throwIfNotFound)
   at TechTalk.SpecFlow.TableRow.get_Item(String header)
   at Join.Form.Customer.Selenium.StepDefinitions.PersonalDetailsSteps.GivenIEnterAllRequiredDetailsAndNavigateToSummaryPage(Table userDetails)
   at TechTalk.SpecFlow.Bindings.BindingInvoker.InvokeBinding(IBinding binding, IContextManager contextManager, Object[] arguments, ITestTracer testTracer, TimeSpan& duration)
   at TechTalk.SpecFlow.Infrastructure.TestExecutionEngine.ExecuteStepMatch(BindingMatch match, Object[] arguments)
   at TechTalk.SpecFlow.Infrastructure.TestExecutionEngine.ExecuteStep(StepInstance stepInstance)
   at TechTalk.SpecFlow.Infrastructure.TestExecutionEngine.OnAfterLastStep()
   at Join.Form.Customer.Selenium.Features._08_ActivateSummaryFeature.ScenarioCleanup()
   at Join.Form.Customer.Selenium.Features._08_ActivateSummaryFeature.ACTSUM_03_VerifyActivateSummaryPageActivateYourAccountSection()]]></stack-trace>
                  </failure>
                  <output><![CDATA[Given I start my Streamline application
Navigating to URL: https://webappisamdev.asbbank.co.nz/public/join/asb?grcDisabled=true
-> done: CommonSteps.GivenIStartMyStreamlineApplication() (0.7s)
Given I select the following products: 'Streamline intro'
11/9/2017 2:14:57 AMWaitForFeaturesPageLoad: Executing WaitForFrameAndSwitch
11/9/2017 2:14:57 AMWaitForFeaturesPageLoad: Done executing WaitForFrameAndSwitch
Unable to find product 'FastSaver' in page or product 'FastSaver' is not selected
Unable to find product 'Savings On Call' in page or product 'Savings On Call' is not selected
Unable to find product 'ASB Visa Debit Streamline Intro' in page or product 'ASB Visa Debit Streamline Intro' is not selected
Unable to find product 'Savings On Call' in page or product 'Savings On Call' is not selected
Unable to find product 'FastSaver' in page or product 'FastSaver' is not selected
-> done: ProductsPageSteps.WhenIChangeMySelectedProductsTo("Streamline intro") (16.0s)
And I enter all required details and navigate to Summary page
  --- table step argument ---
  | Title | FirstName  | MiddleName | LastName | DateOfBirth | Email             | MobileNumber | PreferredIdType | Password | assPassword |
  | Miss  | Automation | ass     | FYICOB   | ass      | cob2016@asb.co.nz | 021-ass   | Other           | Kiwi77nz | MyCode01       |
-> error: Could not find a column named 'CountriesCitizenship' in the table.
The table looks like this:
| Title | FirstName  | MiddleName | LastName | DateOfBirth | Email             | MobileNumber | PreferredIdType | Password | assPassword |
| Miss  | Automation | ass     | FYICOB   | ass      | cob2016@asb.co.nz | 021-ass   | Other           | Kiwi77nz | MyCode01       |

When I confirm details on the Summary page
-> skipped because of previous errors
Then the Logging you in progress page is displayed
-> skipped because of previous errors
And the Activation page is displayed
-> skipped because of previous errors
And the 'Activate your account' section is displayed
-> skipped because of previous errors
And the Activate your account header is displayed
-> skipped because of previous errors
]]></output>
                </test-case>
                <test-case id="0-1049" name="ACTSUM_04_VerifyActivateSummaryPageProfileDetailsSection" fullname="Join.Form.Customer.Selenium.Features._08_ActivateSummaryFeature.ACTSUM_04_VerifyActivateSummaryPageProfileDetailsSection" methodname="ACTSUM_04_VerifyActivateSummaryPageProfileDetailsSection" classname="Join.Form.Customer.Selenium.Features._08_ActivateSummaryFeature" runstate="Runnable" seed="149937816" result="Failed" label="Error" start-time="2017-11-08 13:15:07Z" end-time="2017-11-08 13:15:30Z" duration="22.621314" asserts="0">
                  <properties>
                    <property name="Description" value="ACTSUM_04 - Verify Activate Summary page Profile Details section" />
                    <property name="Category" value="COB" />
                    <property name="Category" value="activatesummary" />
                    <property name="Category" value="regression" />
                    <property name="Category" value="integration" />
                    <property name="Category" value="eidv" />
                    <property name="Category" value="072016" />
                  </properties>
                  <failure>
                    <message><![CDATA[System.IndexOutOfRangeException : Could not find a column named 'CountriesCitizenship' in the table.
The table looks like this:
| Title | FirstName  | MiddleName | LastName | DateOfBirth | Email             | MobileNumber | PreferredIdType | Password | assPassword |
| Miss  | Automation | ass     | FYICOB   | ass      | cob2016@asb.co.nz | 021-ass   | Other           | Kiwi77nz | MyCode01       |
]]></message>
                    <stack-trace><![CDATA[   at TechTalk.SpecFlow.Table.GetHeaderIndex(String column, Boolean throwIfNotFound)
   at TechTalk.SpecFlow.TableRow.get_Item(String header)
   at Join.Form.Customer.Selenium.StepDefinitions.PersonalDetailsSteps.GivenIEnterAllRequiredDetailsAndNavigateToSummaryPage(Table userDetails)
   at TechTalk.SpecFlow.Bindings.BindingInvoker.InvokeBinding(IBinding binding, IContextManager contextManager, Object[] arguments, ITestTracer testTracer, TimeSpan& duration)
   at TechTalk.SpecFlow.Infrastructure.TestExecutionEngine.ExecuteStepMatch(BindingMatch match, Object[] arguments)
   at TechTalk.SpecFlow.Infrastructure.TestExecutionEngine.ExecuteStep(StepInstance stepInstance)
   at TechTalk.SpecFlow.Infrastructure.TestExecutionEngine.OnAfterLastStep()
   at Join.Form.Customer.Selenium.Features._08_ActivateSummaryFeature.ScenarioCleanup()
   at Join.Form.Customer.Selenium.Features._08_ActivateSummaryFeature.ACTSUM_04_VerifyActivateSummaryPageProfileDetailsSection()]]></stack-trace>
                  </failure>
                  <output><![CDATA[Given I start my Streamline application
Navigating to URL: https://webappisamdev.asbbank.co.nz/public/join/asb?grcDisabled=true
-> done: CommonSteps.GivenIStartMyStreamlineApplication() (0.8s)
Given I select the following products: 'Streamline intro,ASB Visa Debit Streamline Intro'
11/9/2017 2:15:19 AMWaitForFeaturesPageLoad: Executing WaitForFrameAndSwitch
11/9/2017 2:15:19 AMWaitForFeaturesPageLoad: Done executing WaitForFrameAndSwitch
Unable to find product 'FastSaver' in page or product 'FastSaver' is not selected
Unable to find product 'Savings On Call' in page or product 'Savings On Call' is not selected
Unable to find product 'Savings On Call' in page or product 'Savings On Call' is not selected
Unable to find product 'FastSaver' in page or product 'FastSaver' is not selected
-> done: ProductsPageSteps.WhenIChangeMySelectedProductsTo("Streamline intro,...") (15.0s)
And I enter all required details and navigate to Summary page
  --- table step argument ---
  | Title | FirstName  | MiddleName | LastName | DateOfBirth | Email             | MobileNumber | PreferredIdType | Password | assPassword |
  | Miss  | Automation | ass     | FYICOB   | ass      | cob2016@asb.co.nz | 021-ass   | Other           | Kiwi77nz | MyCode01       |
-> error: Could not find a column named 'CountriesCitizenship' in the table.
The table looks like this:
| Title | FirstName  | MiddleName | LastName | DateOfBirth | Email             | MobileNumber | PreferredIdType | Password | assPassword |
| Miss  | Automation | ass     | FYICOB   | ass      | cob2016@asb.co.nz | 021-ass   | Other           | Kiwi77nz | MyCode01       |

When I confirm details on the Summary page
-> skipped because of previous errors
Then the Logging you in progress page is displayed
-> skipped because of previous errors
And the Activation page is displayed
-> skipped because of previous errors
And the account number and product name is displayed for the selected products
-> skipped because of previous errors
And the Profile Details section is displayed
-> skipped because of previous errors
]]></output>
                </test-case>
                <test-case id="0-1050" name="ACTSUM_05_VerifyActivateSummaryPageProofOfAddressSection" fullname="Join.Form.Customer.Selenium.Features._08_ActivateSummaryFeature.ACTSUM_05_VerifyActivateSummaryPageProofOfAddressSection" methodname="ACTSUM_05_VerifyActivateSummaryPageProofOfAddressSection" classname="Join.Form.Customer.Selenium.Features._08_ActivateSummaryFeature" runstate="Runnable" seed="1840941106" result="Failed" label="Error" start-time="2017-11-08 13:15:30Z" end-time="2017-11-08 13:15:53Z" duration="22.822863" asserts="0">
                  <properties>
                    <property name="Description" value="ACTSUM_05 - Verify Activate Summary page Proof of Address section" />
                    <property name="Category" value="COB" />
                    <property name="Category" value="activatesummary" />
                    <property name="Category" value="regression" />
                    <property name="Category" value="integration" />
                    <property name="Category" value="eidv" />
                    <property name="Category" value="072016" />
                  </properties>
                  <failure>
                    <message><![CDATA[System.IndexOutOfRangeException : Could not find a column named 'CountriesCitizenship' in the table.
The table looks like this:
| Title | FirstName  | MiddleName | LastName | DateOfBirth | Email             | MobileNumber | PreferredIdType | Password | assPassword |
| Miss  | Automation | ass     | FYICOB   | ass      | cob2016@asb.co.nz | 021-ass   | Other           | Kiwi77nz | MyCode01       |
]]></message>
                    <stack-trace><![CDATA[   at TechTalk.SpecFlow.Table.GetHeaderIndex(String column, Boolean throwIfNotFound)
   at TechTalk.SpecFlow.TableRow.get_Item(String header)
   at Join.Form.Customer.Selenium.StepDefinitions.PersonalDetailsSteps.GivenIEnterAllRequiredDetailsAndNavigateToSummaryPage(Table userDetails)
   at TechTalk.SpecFlow.Bindings.BindingInvoker.InvokeBinding(IBinding binding, IContextManager contextManager, Object[] arguments, ITestTracer testTracer, TimeSpan& duration)
   at TechTalk.SpecFlow.Infrastructure.TestExecutionEngine.ExecuteStepMatch(BindingMatch match, Object[] arguments)
   at TechTalk.SpecFlow.Infrastructure.TestExecutionEngine.ExecuteStep(StepInstance stepInstance)
   at TechTalk.SpecFlow.Infrastructure.TestExecutionEngine.OnAfterLastStep()
   at Join.Form.Customer.Selenium.Features._08_ActivateSummaryFeature.ScenarioCleanup()
   at Join.Form.Customer.Selenium.Features._08_ActivateSummaryFeature.ACTSUM_05_VerifyActivateSummaryPageProofOfAddressSection()]]></stack-trace>
                  </failure>
                  <output><![CDATA[Given I start my Streamline application
Navigating to URL: https://webappisamdev.asbbank.co.nz/public/join/asb?grcDisabled=true
-> done: CommonSteps.GivenIStartMyStreamlineApplication() (0.9s)
Given I select the following products: 'Streamline intro,ASB Visa Debit Streamline Intro,Savings On Call'
11/9/2017 2:15:42 AMWaitForFeaturesPageLoad: Executing WaitForFrameAndSwitch
11/9/2017 2:15:42 AMWaitForFeaturesPageLoad: Done executing WaitForFrameAndSwitch
Unable to find product 'Savings On Call' in page or product 'Savings On Call' is not selected
Unable to find product 'FastSaver' in page or product 'FastSaver' is not selected
Unable to find product 'FastSaver' in page or product 'FastSaver' is not selected
-> done: ProductsPageSteps.WhenIChangeMySelectedProductsTo("Streamline intro,...") (15.0s)
And I enter all required details and navigate to Summary page
  --- table step argument ---
  | Title | FirstName  | MiddleName | LastName | DateOfBirth | Email             | MobileNumber | PreferredIdType | Password | assPassword |
  | Miss  | Automation | ass     | FYICOB   | ass      | cob2016@asb.co.nz | 021-ass   | Other           | Kiwi77nz | MyCode01       |
-> error: Could not find a column named 'CountriesCitizenship' in the table.
The table looks like this:
| Title | FirstName  | MiddleName | LastName | DateOfBirth | Email             | MobileNumber | PreferredIdType | Password | assPassword |
| Miss  | Automation | ass     | FYICOB   | ass      | cob2016@asb.co.nz | 021-ass   | Other           | Kiwi77nz | MyCode01       |

When I confirm details on the Summary page
-> skipped because of previous errors
Then the 'Processing' screen of Join ASB page is displayed
-> skipped because of previous errors
And the Logging you in progress page is displayed
-> skipped because of previous errors
And the Activation page is displayed
-> skipped because of previous errors
And the account number and product name is displayed for the selected products
-> skipped because of previous errors
And the Proof of Address section is displayed
-> skipped because of previous errors
]]></output>
                </test-case>
                <test-case id="0-1051" name="ACTSUM_06_VerifyActivateSummaryPageConfirmIdentitySection" fullname="Join.Form.Customer.Selenium.Features._08_ActivateSummaryFeature.ACTSUM_06_VerifyActivateSummaryPageConfirmIdentitySection" methodname="ACTSUM_06_VerifyActivateSummaryPageConfirmIdentitySection" classname="Join.Form.Customer.Selenium.Features._08_ActivateSummaryFeature" runstate="Runnable" seed="607794088" result="Failed" label="Error" start-time="2017-11-08 13:15:53Z" end-time="2017-11-08 13:16:17Z" duration="23.893058" asserts="0">
                  <properties>
                    <property name="Description" value="ACTSUM_06 - Verify Activate Summary page Confirm Identity section" />
                    <property name="Category" value="COB" />
                    <property name="Category" value="activatesummary" />
                    <property name="Category" value="regression" />
                    <property name="Category" value="integration" />
                    <property name="Category" value="eidv" />
                    <property name="Category" value="072016" />
                  </properties>
                  <failure>
                    <message><![CDATA[System.IndexOutOfRangeException : Could not find a column named 'CountriesCitizenship' in the table.
The table looks like this:
| Title | FirstName  | MiddleName | LastName | DateOfBirth | Email             | MobileNumber | PreferredIdType | Password | assPassword |
| Miss  | Automation | ass     | FYICOB   | ass      | cob2016@asb.co.nz | 021-ass   | Other           | Kiwi77nz | MyCode01       |
]]></message>
                    <stack-trace><![CDATA[   at TechTalk.SpecFlow.Table.GetHeaderIndex(String column, Boolean throwIfNotFound)
   at TechTalk.SpecFlow.TableRow.get_Item(String header)
   at Join.Form.Customer.Selenium.StepDefinitions.PersonalDetailsSteps.GivenIEnterAllRequiredDetailsAndNavigateToSummaryPage(Table userDetails)
   at TechTalk.SpecFlow.Bindings.BindingInvoker.InvokeBinding(IBinding binding, IContextManager contextManager, Object[] arguments, ITestTracer testTracer, TimeSpan& duration)
   at TechTalk.SpecFlow.Infrastructure.TestExecutionEngine.ExecuteStepMatch(BindingMatch match, Object[] arguments)
   at TechTalk.SpecFlow.Infrastructure.TestExecutionEngine.ExecuteStep(StepInstance stepInstance)
   at TechTalk.SpecFlow.Infrastructure.TestExecutionEngine.OnAfterLastStep()
   at Join.Form.Customer.Selenium.Features._08_ActivateSummaryFeature.ScenarioCleanup()
   at Join.Form.Customer.Selenium.Features._08_ActivateSummaryFeature.ACTSUM_06_VerifyActivateSummaryPageConfirmIdentitySection()]]></stack-trace>
                  </failure>
                  <output><![CDATA[Given I start my Streamline application
Navigating to URL: https://webappisamdev.asbbank.co.nz/public/join/asb?grcDisabled=true
-> done: CommonSteps.GivenIStartMyStreamlineApplication() (0.9s)
Given I select the following products: 'Streamline intro,Savings On Call,FastSaver'
11/9/2017 2:16:04 AMWaitForFeaturesPageLoad: Executing WaitForFrameAndSwitch
11/9/2017 2:16:04 AMWaitForFeaturesPageLoad: Done executing WaitForFrameAndSwitch
Unable to find product 'Savings On Call' in page or product 'Savings On Call' is not selected
Unable to find product 'FastSaver' in page or product 'FastSaver' is not selected
Unable to find product 'ASB Visa Debit Streamline Intro' in page or product 'ASB Visa Debit Streamline Intro' is not selected
-> done: ProductsPageSteps.WhenIChangeMySelectedProductsTo("Streamline intro,...") (16.2s)
And I enter all required details and navigate to Summary page
  --- table step argument ---
  | Title | FirstName  | MiddleName | LastName | DateOfBirth | Email             | MobileNumber | PreferredIdType | Password | assPassword |
  | Miss  | Automation | ass     | FYICOB   | ass      | cob2016@asb.co.nz | 021-ass   | Other           | Kiwi77nz | MyCode01       |
-> error: Could not find a column named 'CountriesCitizenship' in the table.
The table looks like this:
| Title | FirstName  | MiddleName | LastName | DateOfBirth | Email             | MobileNumber | PreferredIdType | Password | assPassword |
| Miss  | Automation | ass     | FYICOB   | ass      | cob2016@asb.co.nz | 021-ass   | Other           | Kiwi77nz | MyCode01       |

When I confirm details on the Summary page
-> skipped because of previous errors
Then the 'Processing' screen of Join ASB page is displayed
-> skipped because of previous errors
And the Logging you in progress page is displayed
-> skipped because of previous errors
And the Activation page is displayed
-> skipped because of previous errors
And the account number and product name is displayed for the selected products
-> skipped because of previous errors
And the Confirm Identity section is displayed
-> skipped because of previous errors
]]></output>
                </test-case>
                <test-case id="0-1052" name="ACTSUM_07_VerifyActivateSummaryPageAcceptableDocumentsAndFindABranchSection" fullname="Join.Form.Customer.Selenium.Features._08_ActivateSummaryFeature.ACTSUM_07_VerifyActivateSummaryPageAcceptableDocumentsAndFindABranchSection" methodname="ACTSUM_07_VerifyActivateSummaryPageAcceptableDocumentsAndFindABranchSection" classname="Join.Form.Customer.Selenium.Features._08_ActivateSummaryFeature" runstate="Runnable" seed="1094620630" result="Failed" label="Error" start-time="2017-11-08 13:16:17Z" end-time="2017-11-08 13:16:39Z" duration="22.510274" asserts="0">
                  <properties>
                    <property name="Description" value="ACTSUM_07 - Verify Activate Summary page Acceptable documents and Find a branch section" />
                    <property name="Category" value="COB" />
                    <property name="Category" value="activatesummary" />
                    <property name="Category" value="regression" />
                    <property name="Category" value="smoke" />
                    <property name="Category" value="integration" />
                    <property name="Category" value="eidv" />
                    <property name="Category" value="072016" />
                  </properties>
                  <failure>
                    <message><![CDATA[System.IndexOutOfRangeException : Could not find a column named 'CountriesCitizenship' in the table.
The table looks like this:
| Title | FirstName  | MiddleName | LastName | DateOfBirth | Email             | MobileNumber | PreferredIdType | Password | assPassword |
| Miss  | Automation | ass     | FYICOB   | ass      | cob2016@asb.co.nz | 021-ass   | Other           | Kiwi77nz | MyCode01       |
]]></message>
                    <stack-trace><![CDATA[   at TechTalk.SpecFlow.Table.GetHeaderIndex(String column, Boolean throwIfNotFound)
   at TechTalk.SpecFlow.TableRow.get_Item(String header)
   at Join.Form.Customer.Selenium.StepDefinitions.PersonalDetailsSteps.GivenIEnterAllRequiredDetailsAndNavigateToSummaryPage(Table userDetails)
   at TechTalk.SpecFlow.Bindings.BindingInvoker.InvokeBinding(IBinding binding, IContextManager contextManager, Object[] arguments, ITestTracer testTracer, TimeSpan& duration)
   at TechTalk.SpecFlow.Infrastructure.TestExecutionEngine.ExecuteStepMatch(BindingMatch match, Object[] arguments)
   at TechTalk.SpecFlow.Infrastructure.TestExecutionEngine.ExecuteStep(StepInstance stepInstance)
   at TechTalk.SpecFlow.Infrastructure.TestExecutionEngine.OnAfterLastStep()
   at Join.Form.Customer.Selenium.Features._08_ActivateSummaryFeature.ScenarioCleanup()
   at Join.Form.Customer.Selenium.Features._08_ActivateSummaryFeature.ACTSUM_07_VerifyActivateSummaryPageAcceptableDocumentsAndFindABranchSection()]]></stack-trace>
                  </failure>
                  <output><![CDATA[Given I start my Streamline application
Navigating to URL: https://webappisamdev.asbbank.co.nz/public/join/asb?grcDisabled=true
-> done: CommonSteps.GivenIStartMyStreamlineApplication() (0.9s)
Given I select the following products: 'Streamline intro,ASB Visa Debit Streamline Intro'
11/9/2017 2:16:28 AMWaitForFeaturesPageLoad: Executing WaitForFrameAndSwitch
11/9/2017 2:16:28 AMWaitForFeaturesPageLoad: Done executing WaitForFrameAndSwitch
Unable to find product 'FastSaver' in page or product 'FastSaver' is not selected
Unable to find product 'Savings On Call' in page or product 'Savings On Call' is not selected
Unable to find product 'Savings On Call' in page or product 'Savings On Call' is not selected
Unable to find product 'FastSaver' in page or product 'FastSaver' is not selected
-> done: ProductsPageSteps.WhenIChangeMySelectedProductsTo("Streamline intro,...") (15.0s)
And I enter all required details and navigate to Summary page
  --- table step argument ---
  | Title | FirstName  | MiddleName | LastName | DateOfBirth | Email             | MobileNumber | PreferredIdType | Password | assPassword |
  | Miss  | Automation | ass     | FYICOB   | ass      | cob2016@asb.co.nz | 021-ass   | Other           | Kiwi77nz | MyCode01       |
-> error: Could not find a column named 'CountriesCitizenship' in the table.
The table looks like this:
| Title | FirstName  | MiddleName | LastName | DateOfBirth | Email             | MobileNumber | PreferredIdType | Password | assPassword |
| Miss  | Automation | ass     | FYICOB   | ass      | cob2016@asb.co.nz | 021-ass   | Other           | Kiwi77nz | MyCode01       |

When I confirm details on the Summary page
-> skipped because of previous errors
Then the Logging you in progress page is displayed
-> skipped because of previous errors
And the Activation page is displayed
-> skipped because of previous errors
And the See a complete list of acceptable documents text is displayed conditionally
-> skipped because of previous errors
And the Find a branch button is displayed conditionally
-> skipped because of previous errors
]]></output>
                </test-case>
                <test-suite type="ParameterizedMethod" id="0-1080" name="ACTSUM_08_VerifyConfirmation_AdditionalDetails" fullname="Join.Form.Customer.Selenium.Features._08_ActivateSummaryFeature.ACTSUM_08_VerifyConfirmation_AdditionalDetails" classname="Join.Form.Customer.Selenium.Features._08_ActivateSummaryFeature" runstate="Runnable" testcasecount="27" result="Failed" site="Child" start-time="2017-11-08 13:16:39Z" end-time="2017-11-08 13:26:49Z" duration="609.942118" total="27" passed="0" failed="27" warnings="0" inconclusive="0" skipped="0" asserts="0">
                  <properties>
                    <property name="Description" value="ACTSUM_08 - Verify Confirmation - Additional Details" />
                    <property name="Category" value="COB" />
                    <property name="Category" value="activatesummary" />
                    <property name="Category" value="regression" />
                    <property name="Category" value="integration" />
                    <property name="Category" value="esm" />
                    <property name="Category" value="eidv" />
                    <property name="Category" value="072016" />
                    <property name="Category" value="crscotr" />
                  </properties>
                  <failure>
                    <message><![CDATA[One or more child tests had errors]]></message>
                  </failure>
                  <test-case id="0-1053" name="ACTSUM_08_VerifyConfirmation_AdditionalDetails(&quot;Yes-33%&quot;,&quot;Streamline intro&quot;,&quot;Yes&quot;,&quot;33%&quot;,&quot;111-111-111&quot;,&quot;New Zealand&quot;,&quot;Australia - X123GH78&quot;,&quot;true&quot;,System.String[])" fullname="Join.Form.Customer.Selenium.Features._08_ActivateSummaryFeature.ACTSUM_08_VerifyConfirmation_AdditionalDetails(&quot;Yes-33%&quot;,&quot;Streamline intro&quot;,&quot;Yes&quot;,&quot;33%&quot;,&quot;111-111-111&quot;,&quot;New Zealand&quot;,&quot;Australia - X123GH78&quot;,&quot;true&quot;,System.String[])" methodname="ACTSUM_08_VerifyConfirmation_AdditionalDetails" classname="Join.Form.Customer.Selenium.Features._08_ActivateSummaryFeature" runstate="Runnable" seed="2127227378" result="Failed" label="Error" start-time="2017-11-08 13:16:39Z" end-time="2017-11-08 13:17:03Z" duration="23.876338" asserts="0">
                    <properties />
                    <failure>
                      <message><![CDATA[System.IndexOutOfRangeException : Could not find a column named 'CountriesCitizenship' in the table.
The table looks like this:
| Title | FirstName  | MiddleName | LastName | DateOfBirth | Email             | MobileNumber | PreferredIdType |
| Miss  | Automation | ass     | FYICOB   | ass      | cob2016@asb.co.nz | 021-ass   | Other           |
]]></message>
                      <stack-trace><![CDATA[   at TechTalk.SpecFlow.Table.GetHeaderIndex(String column, Boolean throwIfNotFound)
   at TechTalk.SpecFlow.TableRow.get_Item(String header)
   at Join.Form.Customer.Selenium.StepDefinitions.PersonalDetailsSteps.WhenIEnterAllRequiredDetailsForPersonalDetailsPage(Table userDetails)
   at TechTalk.SpecFlow.Bindings.BindingInvoker.InvokeBinding(IBinding binding, IContextManager contextManager, Object[] arguments, ITestTracer testTracer, TimeSpan& duration)
   at TechTalk.SpecFlow.Infrastructure.TestExecutionEngine.ExecuteStepMatch(BindingMatch match, Object[] arguments)
   at TechTalk.SpecFlow.Infrastructure.TestExecutionEngine.ExecuteStep(StepInstance stepInstance)
   at TechTalk.SpecFlow.Infrastructure.TestExecutionEngine.OnAfterLastStep()
   at Join.Form.Customer.Selenium.Features._08_ActivateSummaryFeature.ScenarioCleanup()
   at Join.Form.Customer.Selenium.Features._08_ActivateSummaryFeature.ACTSUM_08_VerifyConfirmation_AdditionalDetails(String scenarioName, String products, String nZTaxResident, String rWT, String irdnumber, String countriesCitizenship, String fTRDetails, String isProfileComplete, String[] exampleTags)]]></stack-trace>
                    </failure>
                    <output><![CDATA[Given I start my Streamline application
Navigating to URL: https://webappisamdev.asbbank.co.nz/public/join/asb?grcDisabled=true
-> done: CommonSteps.GivenIStartMyStreamlineApplication() (0.8s)
Given I select the following products: 'Streamline intro'
11/9/2017 2:16:51 AMWaitForFeaturesPageLoad: Executing WaitForFrameAndSwitch
11/9/2017 2:16:51 AMWaitForFeaturesPageLoad: Done executing WaitForFrameAndSwitch
Unable to find product 'FastSaver' in page or product 'FastSaver' is not selected
Unable to find product 'Savings On Call' in page or product 'Savings On Call' is not selected
Unable to find product 'ASB Visa Debit Streamline Intro' in page or product 'ASB Visa Debit Streamline Intro' is not selected
Unable to find product 'Savings On Call' in page or product 'Savings On Call' is not selected
Unable to find product 'FastSaver' in page or product 'FastSaver' is not selected
-> done: ProductsPageSteps.WhenIChangeMySelectedProductsTo("Streamline intro") (16.1s)
And I enter all required details in the Personal details page and clicks on Next button:
  --- table step argument ---
  | Title | FirstName  | MiddleName | LastName | DateOfBirth | Email             | MobileNumber | PreferredIdType |
  | Miss  | Automation | ass     | FYICOB   | ass      | cob2016@asb.co.nz | 021-ass   | Other           |
-> error: Could not find a column named 'CountriesCitizenship' in the table.
The table looks like this:
| Title | FirstName  | MiddleName | LastName | DateOfBirth | Email             | MobileNumber | PreferredIdType |
| Miss  | Automation | ass     | FYICOB   | ass      | cob2016@asb.co.nz | 021-ass   | Other           |

And I select 'Yes' in the Are you a New Zealand tax resident question
-> skipped because of previous errors
And I select '33%' in the Resident Withholding Tax Rate dropdown
-> skipped because of previous errors
And I enter non resident country and date for a non NZ tax resident
-> skipped because of previous errors
And I enter additional information with Profile Complete flag '111-111-111', 'New Zealand', 'Australia - X123GH78', 'true'
-> skipped because of previous errors
And I click on 'Next' button
-> skipped because of previous errors
And I enter 'Kiwi77nz' password and 'MyCode01' ass password in the ASB Login page and clicks on Next button
-> skipped because of previous errors
When I confirm details on the Summary page
-> skipped because of previous errors
Then the Logging you in progress page is displayed
-> skipped because of previous errors
And the Activation page is displayed
-> skipped because of previous errors
And the account number and product name is displayed for the selected products
-> skipped because of previous errors
And the 'Activate your account' section is displayed
-> skipped because of previous errors
And the Activate your account header is displayed
-> skipped because of previous errors
And the Profile Details section is displayed
-> skipped because of previous errors
And the Proof of Address section is displayed
-> skipped because of previous errors
And the Confirm Identity section is displayed
-> skipped because of previous errors
And the See a complete list of acceptable documents text is displayed conditionally
-> skipped because of previous errors
And the Find a branch button is displayed conditionally
-> skipped because of previous errors
]]></output>
                  </test-case>
                  <test-case id="0-1054" name="ACTSUM_08_VerifyConfirmation_AdditionalDetails(&quot;Yes-30% - COFTR in NRC, Optional TIN&quot;,&quot;Streamline intro,ASB Visa Debit Streamline Intro&quot;,&quot;Yes&quot;,&quot;30%&quot;,&quot;111-111-111&quot;,&quot;New Zealand&quot;,&quot;Taiwan - 12345ABC&quot;,&quot;true&quot;,System.String[])" fullname="Join.Form.Customer.Selenium.Features._08_ActivateSummaryFeature.ACTSUM_08_VerifyConfirmation_AdditionalDetails(&quot;Yes-30% - COFTR in NRC, Optional TIN&quot;,&quot;Streamline intro,ASB Visa Debit Streamline Intro&quot;,&quot;Yes&quot;,&quot;30%&quot;,&quot;111-111-111&quot;,&quot;New Zealand&quot;,&quot;Taiwan - 12345ABC&quot;,&quot;true&quot;,System.String[])" methodname="ACTSUM_08_VerifyConfirmation_AdditionalDetails" classname="Join.Form.Customer.Selenium.Features._08_ActivateSummaryFeature" runstate="Runnable" seed="45032523" result="Failed" label="Error" start-time="2017-11-08 13:17:03Z" end-time="2017-11-08 13:17:25Z" duration="22.306350" asserts="0">
                    <properties />
                    <failure>
                      <message><![CDATA[System.IndexOutOfRangeException : Could not find a column named 'CountriesCitizenship' in the table.
The table looks like this:
| Title | FirstName  | MiddleName | LastName | DateOfBirth | Email             | MobileNumber | PreferredIdType |
| Miss  | Automation | ass     | FYICOB   | ass      | cob2016@asb.co.nz | 021-ass   | Other           |
]]></message>
                      <stack-trace><![CDATA[   at TechTalk.SpecFlow.Table.GetHeaderIndex(String column, Boolean throwIfNotFound)
   at TechTalk.SpecFlow.TableRow.get_Item(String header)
   at Join.Form.Customer.Selenium.StepDefinitions.PersonalDetailsSteps.WhenIEnterAllRequiredDetailsForPersonalDetailsPage(Table userDetails)
   at TechTalk.SpecFlow.Bindings.BindingInvoker.InvokeBinding(IBinding binding, IContextManager contextManager, Object[] arguments, ITestTracer testTracer, TimeSpan& duration)
   at TechTalk.SpecFlow.Infrastructure.TestExecutionEngine.ExecuteStepMatch(BindingMatch match, Object[] arguments)
   at TechTalk.SpecFlow.Infrastructure.TestExecutionEngine.ExecuteStep(StepInstance stepInstance)
   at TechTalk.SpecFlow.Infrastructure.TestExecutionEngine.OnAfterLastStep()
   at Join.Form.Customer.Selenium.Features._08_ActivateSummaryFeature.ScenarioCleanup()
   at Join.Form.Customer.Selenium.Features._08_ActivateSummaryFeature.ACTSUM_08_VerifyConfirmation_AdditionalDetails(String scenarioName, String products, String nZTaxResident, String rWT, String irdnumber, String countriesCitizenship, String fTRDetails, String isProfileComplete, String[] exampleTags)]]></stack-trace>
                    </failure>
                    <output><![CDATA[Given I start my Streamline application
Navigating to URL: https://webappisamdev.asbbank.co.nz/public/join/asb?grcDisabled=true
-> done: CommonSteps.GivenIStartMyStreamlineApplication() (0.8s)
Given I select the following products: 'Streamline intro,ASB Visa Debit Streamline Intro'
11/9/2017 2:17:15 AMWaitForFeaturesPageLoad: Executing WaitForFrameAndSwitch
11/9/2017 2:17:15 AMWaitForFeaturesPageLoad: Done executing WaitForFrameAndSwitch
Unable to find product 'FastSaver' in page or product 'FastSaver' is not selected
Unable to find product 'Savings On Call' in page or product 'Savings On Call' is not selected
Unable to find product 'Savings On Call' in page or product 'Savings On Call' is not selected
Unable to find product 'FastSaver' in page or product 'FastSaver' is not selected
-> done: ProductsPageSteps.WhenIChangeMySelectedProductsTo("Streamline intro,...") (14.9s)
And I enter all required details in the Personal details page and clicks on Next button:
  --- table step argument ---
  | Title | FirstName  | MiddleName | LastName | DateOfBirth | Email             | MobileNumber | PreferredIdType |
  | Miss  | Automation | ass     | FYICOB   | ass      | cob2016@asb.co.nz | 021-ass   | Other           |
-> error: Could not find a column named 'CountriesCitizenship' in the table.
The table looks like this:
| Title | FirstName  | MiddleName | LastName | DateOfBirth | Email             | MobileNumber | PreferredIdType |
| Miss  | Automation | ass     | FYICOB   | ass      | cob2016@asb.co.nz | 021-ass   | Other           |

And I select 'Yes' in the Are you a New Zealand tax resident question
-> skipped because of previous errors
And I select '30%' in the Resident Withholding Tax Rate dropdown
-> skipped because of previous errors
And I enter non resident country and date for a non NZ tax resident
-> skipped because of previous errors
And I enter additional information with Profile Complete flag '111-111-111', 'New Zealand', 'Taiwan - 12345ABC', 'true'
-> skipped because of previous errors
And I click on 'Next' button
-> skipped because of previous errors
And I enter 'Kiwi77nz' password and 'MyCode01' ass password in the ASB Login page and clicks on Next button
-> skipped because of previous errors
When I confirm details on the Summary page
-> skipped because of previous errors
Then the Logging you in progress page is displayed
-> skipped because of previous errors
And the Activation page is displayed
-> skipped because of previous errors
And the account number and product name is displayed for the selected products
-> skipped because of previous errors
And the 'Activate your account' section is displayed
-> skipped because of previous errors
And the Activate your account header is displayed
-> skipped because of previous errors
And the Profile Details section is displayed
-> skipped because of previous errors
And the Proof of Address section is displayed
-> skipped because of previous errors
And the Confirm Identity section is displayed
-> skipped because of previous errors
And the See a complete list of acceptable documents text is displayed conditionally
-> skipped because of previous errors
And the Find a branch button is displayed conditionally
-> skipped because of previous errors
]]></output>
                  </test-case>
                  <test-case id="0-1055" name="ACTSUM_08_VerifyConfirmation_AdditionalDetails(&quot;Yes-17.5%&quot;,&quot;Streamline intro,ASB Visa Debit Streamline Intro,Savings On Call&quot;,&quot;Yes&quot;,&quot;17.5%&quot;,&quot;49-091-850&quot;,&quot;New Zealand&quot;,&quot;No&quot;,&quot;true&quot;,System.String[])" fullname="Join.Form.Customer.Selenium.Features._08_ActivateSummaryFeature.ACTSUM_08_VerifyConfirmation_AdditionalDetails(&quot;Yes-17.5%&quot;,&quot;Streamline intro,ASB Visa Debit Streamline Intro,Savings On Call&quot;,&quot;Yes&quot;,&quot;17.5%&quot;,&quot;49-091-850&quot;,&quot;New Zealand&quot;,&quot;No&quot;,&quot;true&quot;,System.String[])" methodname="ACTSUM_08_VerifyConfirmation_AdditionalDetails" classname="Join.Form.Customer.Selenium.Features._08_ActivateSummaryFeature" runstate="Runnable" seed="1022050052" result="Failed" label="Error" start-time="2017-11-08 13:17:25Z" end-time="2017-11-08 13:17:48Z" duration="22.389507" asserts="0">
                    <properties />
                    <failure>
                      <message><![CDATA[System.IndexOutOfRangeException : Could not find a column named 'CountriesCitizenship' in the table.
The table looks like this:
| Title | FirstName  | MiddleName | LastName | DateOfBirth | Email             | MobileNumber | PreferredIdType |
| Miss  | Automation | ass     | FYICOB   | ass      | cob2016@asb.co.nz | 021-ass   | Other           |
]]></message>
                      <stack-trace><![CDATA[   at TechTalk.SpecFlow.Table.GetHeaderIndex(String column, Boolean throwIfNotFound)
   at TechTalk.SpecFlow.TableRow.get_Item(String header)
   at Join.Form.Customer.Selenium.StepDefinitions.PersonalDetailsSteps.WhenIEnterAllRequiredDetailsForPersonalDetailsPage(Table userDetails)
   at TechTalk.SpecFlow.Bindings.BindingInvoker.InvokeBinding(IBinding binding, IContextManager contextManager, Object[] arguments, ITestTracer testTracer, TimeSpan& duration)
   at TechTalk.SpecFlow.Infrastructure.TestExecutionEngine.ExecuteStepMatch(BindingMatch match, Object[] arguments)
   at TechTalk.SpecFlow.Infrastructure.TestExecutionEngine.ExecuteStep(StepInstance stepInstance)
   at TechTalk.SpecFlow.Infrastructure.TestExecutionEngine.OnAfterLastStep()
   at Join.Form.Customer.Selenium.Features._08_ActivateSummaryFeature.ScenarioCleanup()
   at Join.Form.Customer.Selenium.Features._08_ActivateSummaryFeature.ACTSUM_08_VerifyConfirmation_AdditionalDetails(String scenarioName, String products, String nZTaxResident, String rWT, String irdnumber, String countriesCitizenship, String fTRDetails, String isProfileComplete, String[] exampleTags)]]></stack-trace>
                    </failure>
                    <output><![CDATA[Given I start my Streamline application
Navigating to URL: https://webappisamdev.asbbank.co.nz/public/join/asb?grcDisabled=true
-> done: CommonSteps.GivenIStartMyStreamlineApplication() (0.8s)
Given I select the following products: 'Streamline intro,ASB Visa Debit Streamline Intro,Savings On Call'
11/9/2017 2:17:37 AMWaitForFeaturesPageLoad: Executing WaitForFrameAndSwitch
11/9/2017 2:17:37 AMWaitForFeaturesPageLoad: Done executing WaitForFrameAndSwitch
Unable to find product 'Savings On Call' in page or product 'Savings On Call' is not selected
Unable to find product 'FastSaver' in page or product 'FastSaver' is not selected
Unable to find product 'FastSaver' in page or product 'FastSaver' is not selected
-> done: ProductsPageSteps.WhenIChangeMySelectedProductsTo("Streamline intro,...") (15.1s)
And I enter all required details in the Personal details page and clicks on Next button:
  --- table step argument ---
  | Title | FirstName  | MiddleName | LastName | DateOfBirth | Email             | MobileNumber | PreferredIdType |
  | Miss  | Automation | ass     | FYICOB   | ass      | cob2016@asb.co.nz | 021-ass   | Other           |
-> error: Could not find a column named 'CountriesCitizenship' in the table.
The table looks like this:
| Title | FirstName  | MiddleName | LastName | DateOfBirth | Email             | MobileNumber | PreferredIdType |
| Miss  | Automation | ass     | FYICOB   | ass      | cob2016@asb.co.nz | 021-ass   | Other           |

And I select 'Yes' in the Are you a New Zealand tax resident question
-> skipped because of previous errors
And I select '17.5%' in the Resident Withholding Tax Rate dropdown
-> skipped because of previous errors
And I enter non resident country and date for a non NZ tax resident
-> skipped because of previous errors
And I enter additional information with Profile Complete flag '49-091-850', 'New Zealand', 'No', 'true'
-> skipped because of previous errors
And I click on 'Next' button
-> skipped because of previous errors
And I enter 'Kiwi77nz' password and 'MyCode01' ass password in the ASB Login page and clicks on Next button
-> skipped because of previous errors
When I confirm details on the Summary page
-> skipped because of previous errors
Then the Logging you in progress page is displayed
-> skipped because of previous errors
And the Activation page is displayed
-> skipped because of previous errors
And the account number and product name is displayed for the selected products
-> skipped because of previous errors
And the 'Activate your account' section is displayed
-> skipped because of previous errors
And the Activate your account header is displayed
-> skipped because of previous errors
And the Profile Details section is displayed
-> skipped because of previous errors
And the Proof of Address section is displayed
-> skipped because of previous errors
And the Confirm Identity section is displayed
-> skipped because of previous errors
And the See a complete list of acceptable documents text is displayed conditionally
-> skipped because of previous errors
And the Find a branch button is displayed conditionally
-> skipped because of previous errors
]]></output>
                  </test-case>
                  <test-case id="0-1056" name="ACTSUM_08_VerifyConfirmation_AdditionalDetails(&quot;Yes-10.5%&quot;,&quot;Streamline intro,Savings On Call,FastSaver&quot;,&quot;Yes&quot;,&quot;10.5%&quot;,&quot;35-901-981&quot;,&quot;Australia&quot;,&quot;Australia - X123GH78&quot;,&quot;true&quot;,System.String[])" fullname="Join.Form.Customer.Selenium.Features._08_ActivateSummaryFeature.ACTSUM_08_VerifyConfirmation_AdditionalDetails(&quot;Yes-10.5%&quot;,&quot;Streamline intro,Savings On Call,FastSaver&quot;,&quot;Yes&quot;,&quot;10.5%&quot;,&quot;35-901-981&quot;,&quot;Australia&quot;,&quot;Australia - X123GH78&quot;,&quot;true&quot;,System.String[])" methodname="ACTSUM_08_VerifyConfirmation_AdditionalDetails" classname="Join.Form.Customer.Selenium.Features._08_ActivateSummaryFeature" runstate="Runnable" seed="1697829408" result="Failed" label="Error" start-time="2017-11-08 13:17:48Z" end-time="2017-11-08 13:18:11Z" duration="23.753168" asserts="0">
                    <properties />
                    <failure>
                      <message><![CDATA[System.IndexOutOfRangeException : Could not find a column named 'CountriesCitizenship' in the table.
The table looks like this:
| Title | FirstName  | MiddleName | LastName | DateOfBirth | Email             | MobileNumber | PreferredIdType |
| Miss  | Automation | ass     | FYICOB   | ass      | cob2016@asb.co.nz | 021-ass   | Other           |
]]></message>
                      <stack-trace><![CDATA[   at TechTalk.SpecFlow.Table.GetHeaderIndex(String column, Boolean throwIfNotFound)
   at TechTalk.SpecFlow.TableRow.get_Item(String header)
   at Join.Form.Customer.Selenium.StepDefinitions.PersonalDetailsSteps.WhenIEnterAllRequiredDetailsForPersonalDetailsPage(Table userDetails)
   at TechTalk.SpecFlow.Bindings.BindingInvoker.InvokeBinding(IBinding binding, IContextManager contextManager, Object[] arguments, ITestTracer testTracer, TimeSpan& duration)
   at TechTalk.SpecFlow.Infrastructure.TestExecutionEngine.ExecuteStepMatch(BindingMatch match, Object[] arguments)
   at TechTalk.SpecFlow.Infrastructure.TestExecutionEngine.ExecuteStep(StepInstance stepInstance)
   at TechTalk.SpecFlow.Infrastructure.TestExecutionEngine.OnAfterLastStep()
   at Join.Form.Customer.Selenium.Features._08_ActivateSummaryFeature.ScenarioCleanup()
   at Join.Form.Customer.Selenium.Features._08_ActivateSummaryFeature.ACTSUM_08_VerifyConfirmation_AdditionalDetails(String scenarioName, String products, String nZTaxResident, String rWT, String irdnumber, String countriesCitizenship, String fTRDetails, String isProfileComplete, String[] exampleTags)]]></stack-trace>
                    </failure>
                    <output><![CDATA[Given I start my Streamline application
Navigating to URL: https://webappisamdev.asbbank.co.nz/public/join/asb?grcDisabled=true
-> done: CommonSteps.GivenIStartMyStreamlineApplication() (1.0s)
Given I select the following products: 'Streamline intro,Savings On Call,FastSaver'
11/9/2017 2:18:00 AMWaitForFeaturesPageLoad: Executing WaitForFrameAndSwitch
11/9/2017 2:18:00 AMWaitForFeaturesPageLoad: Done executing WaitForFrameAndSwitch
Unable to find product 'Savings On Call' in page or product 'Savings On Call' is not selected
Unable to find product 'FastSaver' in page or product 'FastSaver' is not selected
Unable to find product 'ASB Visa Debit Streamline Intro' in page or product 'ASB Visa Debit Streamline Intro' is not selected
-> done: ProductsPageSteps.WhenIChangeMySelectedProductsTo("Streamline intro,...") (16.2s)
And I enter all required details in the Personal details page and clicks on Next button:
  --- table step argument ---
  | Title | FirstName  | MiddleName | LastName | DateOfBirth | Email             | MobileNumber | PreferredIdType |
  | Miss  | Automation | ass     | FYICOB   | ass      | cob2016@asb.co.nz | 021-ass   | Other           |
-> error: Could not find a column named 'CountriesCitizenship' in the table.
The table looks like this:
| Title | FirstName  | MiddleName | LastName | DateOfBirth | Email             | MobileNumber | PreferredIdType |
| Miss  | Automation | ass     | FYICOB   | ass      | cob2016@asb.co.nz | 021-ass   | Other           |

And I select 'Yes' in the Are you a New Zealand tax resident question
-> skipped because of previous errors
And I select '10.5%' in the Resident Withholding Tax Rate dropdown
-> skipped because of previous errors
And I enter non resident country and date for a non NZ tax resident
-> skipped because of previous errors
And I enter additional information with Profile Complete flag '35-901-981', 'Australia', 'Australia - X123GH78', 'true'
-> skipped because of previous errors
And I click on 'Next' button
-> skipped because of previous errors
And I enter 'Kiwi77nz' password and 'MyCode01' ass password in the ASB Login page and clicks on Next button
-> skipped because of previous errors
When I confirm details on the Summary page
-> skipped because of previous errors
Then the Logging you in progress page is displayed
-> skipped because of previous errors
And the Activation page is displayed
-> skipped because of previous errors
And the account number and product name is displayed for the selected products
-> skipped because of previous errors
And the 'Activate your account' section is displayed
-> skipped because of previous errors
And the Activate your account header is displayed
-> skipped because of previous errors
And the Profile Details section is displayed
-> skipped because of previous errors
And the Proof of Address section is displayed
-> skipped because of previous errors
And the Confirm Identity section is displayed
-> skipped because of previous errors
And the See a complete list of acceptable documents text is displayed conditionally
-> skipped because of previous errors
And the Find a branch button is displayed conditionally
-> skipped because of previous errors
]]></output>
                  </test-case>
                  <test-case id="0-1057" name="ACTSUM_08_VerifyConfirmation_AdditionalDetails(&quot;Yes-Exempt from withholding tax&quot;,&quot;Streamline intro,ASB Visa Debit Streamline Intro,Savings On Call,FastSaver&quot;,&quot;Yes&quot;,&quot;Exempt from withholding tax&quot;,&quot;same&quot;,&quot;India&quot;,&quot;India - 12345ABC&quot;,&quot;true&quot;,System.String[])" fullname="Join.Form.Customer.Selenium.Features._08_ActivateSummaryFeature.ACTSUM_08_VerifyConfirmation_AdditionalDetails(&quot;Yes-Exempt from withholding tax&quot;,&quot;Streamline intro,ASB Visa Debit Streamline Intro,Savings On Call,FastSaver&quot;,&quot;Yes&quot;,&quot;Exempt from withholding tax&quot;,&quot;same&quot;,&quot;India&quot;,&quot;India - 12345ABC&quot;,&quot;true&quot;,System.String[])" methodname="ACTSUM_08_VerifyConfirmation_AdditionalDetails" classname="Join.Form.Customer.Selenium.Features._08_ActivateSummaryFeature" runstate="Runnable" seed="1002140289" result="Failed" label="Error" start-time="2017-11-08 13:18:11Z" end-time="2017-11-08 13:18:34Z" duration="22.462414" asserts="0">
                    <properties />
                    <failure>
                      <message><![CDATA[System.IndexOutOfRangeException : Could not find a column named 'CountriesCitizenship' in the table.
The table looks like this:
| Title | FirstName  | MiddleName | LastName | DateOfBirth | Email             | MobileNumber | PreferredIdType |
| Miss  | Automation | ass     | FYICOB   | ass      | cob2016@asb.co.nz | 021-ass   | Other           |
]]></message>
                      <stack-trace><![CDATA[   at TechTalk.SpecFlow.Table.GetHeaderIndex(String column, Boolean throwIfNotFound)
   at TechTalk.SpecFlow.TableRow.get_Item(String header)
   at Join.Form.Customer.Selenium.StepDefinitions.PersonalDetailsSteps.WhenIEnterAllRequiredDetailsForPersonalDetailsPage(Table userDetails)
   at TechTalk.SpecFlow.Bindings.BindingInvoker.InvokeBinding(IBinding binding, IContextManager contextManager, Object[] arguments, ITestTracer testTracer, TimeSpan& duration)
   at TechTalk.SpecFlow.Infrastructure.TestExecutionEngine.ExecuteStepMatch(BindingMatch match, Object[] arguments)
   at TechTalk.SpecFlow.Infrastructure.TestExecutionEngine.ExecuteStep(StepInstance stepInstance)
   at TechTalk.SpecFlow.Infrastructure.TestExecutionEngine.OnAfterLastStep()
   at Join.Form.Customer.Selenium.Features._08_ActivateSummaryFeature.ScenarioCleanup()
   at Join.Form.Customer.Selenium.Features._08_ActivateSummaryFeature.ACTSUM_08_VerifyConfirmation_AdditionalDetails(String scenarioName, String products, String nZTaxResident, String rWT, String irdnumber, String countriesCitizenship, String fTRDetails, String isProfileComplete, String[] exampleTags)]]></stack-trace>
                    </failure>
                    <output><![CDATA[Given I start my Streamline application
Navigating to URL: https://webappisamdev.asbbank.co.nz/public/join/asb?grcDisabled=true
-> done: CommonSteps.GivenIStartMyStreamlineApplication() (0.7s)
Given I select the following products: 'Streamline intro,ASB Visa Debit Streamline Intro,Savings On Call,FastSaver'
11/9/2017 2:18:23 AMWaitForFeaturesPageLoad: Executing WaitForFrameAndSwitch
11/9/2017 2:18:23 AMWaitForFeaturesPageLoad: Done executing WaitForFrameAndSwitch
Unable to find product 'Savings On Call' in page or product 'Savings On Call' is not selected
Unable to find product 'FastSaver' in page or product 'FastSaver' is not selected
-> done: ProductsPageSteps.WhenIChangeMySelectedProductsTo("Streamline intro,...") (15.1s)
And I enter all required details in the Personal details page and clicks on Next button:
  --- table step argument ---
  | Title | FirstName  | MiddleName | LastName | DateOfBirth | Email             | MobileNumber | PreferredIdType |
  | Miss  | Automation | ass     | FYICOB   | ass      | cob2016@asb.co.nz | 021-ass   | Other           |
-> error: Could not find a column named 'CountriesCitizenship' in the table.
The table looks like this:
| Title | FirstName  | MiddleName | LastName | DateOfBirth | Email             | MobileNumber | PreferredIdType |
| Miss  | Automation | ass     | FYICOB   | ass      | cob2016@asb.co.nz | 021-ass   | Other           |

And I select 'Yes' in the Are you a New Zealand tax resident question
-> skipped because of previous errors
And I select 'Exempt from withholding tax' in the Resident Withholding Tax Rate dropdown
-> skipped because of previous errors
And I enter non resident country and date for a non NZ tax resident
-> skipped because of previous errors
And I enter additional information with Profile Complete flag 'same', 'India', 'India - 12345ABC', 'true'
-> skipped because of previous errors
And I click on 'Next' button
-> skipped because of previous errors
And I enter 'Kiwi77nz' password and 'MyCode01' ass password in the ASB Login page and clicks on Next button
-> skipped because of previous errors
When I confirm details on the Summary page
-> skipped because of previous errors
Then the Logging you in progress page is displayed
-> skipped because of previous errors
And the Activation page is displayed
-> skipped because of previous errors
And the account number and product name is displayed for the selected products
-> skipped because of previous errors
And the 'Activate your account' section is displayed
-> skipped because of previous errors
And the Activate your account header is displayed
-> skipped because of previous errors
And the Profile Details section is displayed
-> skipped because of previous errors
And the Proof of Address section is displayed
-> skipped because of previous errors
And the Confirm Identity section is displayed
-> skipped because of previous errors
And the See a complete list of acceptable documents text is displayed conditionally
-> skipped because of previous errors
And the Find a branch button is displayed conditionally
-> skipped because of previous errors
]]></output>
                  </test-case>
                  <test-case id="0-1058" name="ACTSUM_08_VerifyConfirmation_AdditionalDetails(&quot;No-Approved issuer levy at 2% - Other NRC, Optional TIN&quot;,&quot;Streamline intro&quot;,&quot;No&quot;,&quot;Approved issuer levy at 2%&quot;,&quot;same&quot;,&quot;United States&quot;,&quot;Yemen - 12345ABC&quot;,&quot;true&quot;,System.String[])" fullname="Join.Form.Customer.Selenium.Features._08_ActivateSummaryFeature.ACTSUM_08_VerifyConfirmation_AdditionalDetails(&quot;No-Approved issuer levy at 2% - Other NRC, Optional TIN&quot;,&quot;Streamline intro&quot;,&quot;No&quot;,&quot;Approved issuer levy at 2%&quot;,&quot;same&quot;,&quot;United States&quot;,&quot;Yemen - 12345ABC&quot;,&quot;true&quot;,System.String[])" methodname="ACTSUM_08_VerifyConfirmation_AdditionalDetails" classname="Join.Form.Customer.Selenium.Features._08_ActivateSummaryFeature" runstate="Runnable" seed="328113465" result="Failed" label="Error" start-time="2017-11-08 13:18:34Z" end-time="2017-11-08 13:18:55Z" duration="21.423546" asserts="0">
                    <properties />
                    <failure>
                      <message><![CDATA[System.IndexOutOfRangeException : Could not find a column named 'CountriesCitizenship' in the table.
The table looks like this:
| Title | FirstName  | MiddleName | LastName | DateOfBirth | Email             | MobileNumber | PreferredIdType |
| Miss  | Automation | ass     | FYICOB   | ass      | cob2016@asb.co.nz | 021-ass   | Other           |
]]></message>
                      <stack-trace><![CDATA[   at TechTalk.SpecFlow.Table.GetHeaderIndex(String column, Boolean throwIfNotFound)
   at TechTalk.SpecFlow.TableRow.get_Item(String header)
   at Join.Form.Customer.Selenium.StepDefinitions.PersonalDetailsSteps.WhenIEnterAllRequiredDetailsForPersonalDetailsPage(Table userDetails)
   at TechTalk.SpecFlow.Bindings.BindingInvoker.InvokeBinding(IBinding binding, IContextManager contextManager, Object[] arguments, ITestTracer testTracer, TimeSpan& duration)
   at TechTalk.SpecFlow.Infrastructure.TestExecutionEngine.ExecuteStepMatch(BindingMatch match, Object[] arguments)
   at TechTalk.SpecFlow.Infrastructure.TestExecutionEngine.ExecuteStep(StepInstance stepInstance)
   at TechTalk.SpecFlow.Infrastructure.TestExecutionEngine.OnAfterLastStep()
   at Join.Form.Customer.Selenium.Features._08_ActivateSummaryFeature.ScenarioCleanup()
   at Join.Form.Customer.Selenium.Features._08_ActivateSummaryFeature.ACTSUM_08_VerifyConfirmation_AdditionalDetails(String scenarioName, String products, String nZTaxResident, String rWT, String irdnumber, String countriesCitizenship, String fTRDetails, String isProfileComplete, String[] exampleTags)]]></stack-trace>
                    </failure>
                    <output><![CDATA[Given I start my Streamline application
Navigating to URL: https://webappisamdev.asbbank.co.nz/public/join/asb?grcDisabled=true
-> done: CommonSteps.GivenIStartMyStreamlineApplication() (0.8s)
Given I select the following products: 'Streamline intro'
11/9/2017 2:18:46 AMWaitForFeaturesPageLoad: Executing WaitForFrameAndSwitch
11/9/2017 2:18:46 AMWaitForFeaturesPageLoad: Done executing WaitForFrameAndSwitch
Unable to find product 'FastSaver' in page or product 'FastSaver' is not selected
Unable to find product 'Savings On Call' in page or product 'Savings On Call' is not selected
Unable to find product 'ASB Visa Debit Streamline Intro' in page or product 'ASB Visa Debit Streamline Intro' is not selected
Unable to find product 'Savings On Call' in page or product 'Savings On Call' is not selected
Unable to find product 'FastSaver' in page or product 'FastSaver' is not selected
-> done: ProductsPageSteps.WhenIChangeMySelectedProductsTo("Streamline intro") (16.1s)
And I enter all required details in the Personal details page and clicks on Next button:
  --- table step argument ---
  | Title | FirstName  | MiddleName | LastName | DateOfBirth | Email             | MobileNumber | PreferredIdType |
  | Miss  | Automation | ass     | FYICOB   | ass      | cob2016@asb.co.nz | 021-ass   | Other           |
-> error: Could not find a column named 'CountriesCitizenship' in the table.
The table looks like this:
| Title | FirstName  | MiddleName | LastName | DateOfBirth | Email             | MobileNumber | PreferredIdType |
| Miss  | Automation | ass     | FYICOB   | ass      | cob2016@asb.co.nz | 021-ass   | Other           |

And I select 'No' in the Are you a New Zealand tax resident question
-> skipped because of previous errors
And I select 'Approved issuer levy at 2%' in the Resident Withholding Tax Rate dropdown
-> skipped because of previous errors
And I enter non resident country and date for a non NZ tax resident
-> skipped because of previous errors
And I enter additional information with Profile Complete flag 'same', 'United States', 'Yemen - 12345ABC', 'true'
-> skipped because of previous errors
And I click on 'Next' button
-> skipped because of previous errors
And I enter 'Kiwi77nz' password and 'MyCode01' ass password in the ASB Login page and clicks on Next button
-> skipped because of previous errors
When I confirm details on the Summary page
-> skipped because of previous errors
Then the Logging you in progress page is displayed
-> skipped because of previous errors
And the Activation page is displayed
-> skipped because of previous errors
And the account number and product name is displayed for the selected products
-> skipped because of previous errors
And the 'Activate your account' section is displayed
-> skipped because of previous errors
And the Activate your account header is displayed
-> skipped because of previous errors
And the Profile Details section is displayed
-> skipped because of previous errors
And the Proof of Address section is displayed
-> skipped because of previous errors
And the Confirm Identity section is displayed
-> skipped because of previous errors
And the See a complete list of acceptable documents text is displayed conditionally
-> skipped because of previous errors
And the Find a branch button is displayed conditionally
-> skipped because of previous errors
]]></output>
                  </test-case>
                  <test-case id="0-1059" name="ACTSUM_08_VerifyConfirmation_AdditionalDetails(&quot;No-Non-resident withholding tax rate - Other NRC, Optional TIN&quot;,&quot;Streamline intro,ASB Visa Debit Streamline Intro,FastSaver&quot;,&quot;No&quot;,&quot;Non-resident withholding tax rate&quot;,&quot;same&quot;,&quot;New Zealand, Australia, India, Svalbard and Jan Mayen Islands&quot;,&quot;Iceland - AB12345I&quot;,&quot;true&quot;,System.String[])" fullname="Join.Form.Customer.Selenium.Features._08_ActivateSummaryFeature.ACTSUM_08_VerifyConfirmation_AdditionalDetails(&quot;No-Non-resident withholding tax rate - Other NRC, Optional TIN&quot;,&quot;Streamline intro,ASB Visa Debit Streamline Intro,FastSaver&quot;,&quot;No&quot;,&quot;Non-resident withholding tax rate&quot;,&quot;same&quot;,&quot;New Zealand, Australia, India, Svalbard and Jan Mayen Islands&quot;,&quot;Iceland - AB12345I&quot;,&quot;true&quot;,System.String[])" methodname="ACTSUM_08_VerifyConfirmation_AdditionalDetails" classname="Join.Form.Customer.Selenium.Features._08_ActivateSummaryFeature" runstate="Runnable" seed="1587496912" result="Failed" label="Error" start-time="2017-11-08 13:18:55Z" end-time="2017-11-08 13:19:16Z" duration="20.308253" asserts="0">
                    <properties />
                    <failure>
                      <message><![CDATA[System.IndexOutOfRangeException : Could not find a column named 'CountriesCitizenship' in the table.
The table looks like this:
| Title | FirstName  | MiddleName | LastName | DateOfBirth | Email             | MobileNumber | PreferredIdType |
| Miss  | Automation | ass     | FYICOB   | ass      | cob2016@asb.co.nz | 021-ass   | Other           |
]]></message>
                      <stack-trace><![CDATA[   at TechTalk.SpecFlow.Table.GetHeaderIndex(String column, Boolean throwIfNotFound)
   at TechTalk.SpecFlow.TableRow.get_Item(String header)
   at Join.Form.Customer.Selenium.StepDefinitions.PersonalDetailsSteps.WhenIEnterAllRequiredDetailsForPersonalDetailsPage(Table userDetails)
   at TechTalk.SpecFlow.Bindings.BindingInvoker.InvokeBinding(IBinding binding, IContextManager contextManager, Object[] arguments, ITestTracer testTracer, TimeSpan& duration)
   at TechTalk.SpecFlow.Infrastructure.TestExecutionEngine.ExecuteStepMatch(BindingMatch match, Object[] arguments)
   at TechTalk.SpecFlow.Infrastructure.TestExecutionEngine.ExecuteStep(StepInstance stepInstance)
   at TechTalk.SpecFlow.Infrastructure.TestExecutionEngine.OnAfterLastStep()
   at Join.Form.Customer.Selenium.Features._08_ActivateSummaryFeature.ScenarioCleanup()
   at Join.Form.Customer.Selenium.Features._08_ActivateSummaryFeature.ACTSUM_08_VerifyConfirmation_AdditionalDetails(String scenarioName, String products, String nZTaxResident, String rWT, String irdnumber, String countriesCitizenship, String fTRDetails, String isProfileComplete, String[] exampleTags)]]></stack-trace>
                    </failure>
                    <output><![CDATA[Given I start my Streamline application
Navigating to URL: https://webappisamdev.asbbank.co.nz/public/join/asb?grcDisabled=true
-> done: CommonSteps.GivenIStartMyStreamlineApplication() (0.7s)
Given I select the following products: 'Streamline intro,ASB Visa Debit Streamline Intro,FastSaver'
11/9/2017 2:19:07 AMWaitForFeaturesPageLoad: Executing WaitForFrameAndSwitch
11/9/2017 2:19:07 AMWaitForFeaturesPageLoad: Done executing WaitForFrameAndSwitch
Unable to find product 'FastSaver' in page or product 'FastSaver' is not selected
Unable to find product 'Savings On Call' in page or product 'Savings On Call' is not selected
Unable to find product 'Savings On Call' in page or product 'Savings On Call' is not selected
-> done: ProductsPageSteps.WhenIChangeMySelectedProductsTo("Streamline intro,...") (15.1s)
And I enter all required details in the Personal details page and clicks on Next button:
  --- table step argument ---
  | Title | FirstName  | MiddleName | LastName | DateOfBirth | Email             | MobileNumber | PreferredIdType |
  | Miss  | Automation | ass     | FYICOB   | ass      | cob2016@asb.co.nz | 021-ass   | Other           |
-> error: Could not find a column named 'CountriesCitizenship' in the table.
The table looks like this:
| Title | FirstName  | MiddleName | LastName | DateOfBirth | Email             | MobileNumber | PreferredIdType |
| Miss  | Automation | ass     | FYICOB   | ass      | cob2016@asb.co.nz | 021-ass   | Other           |

And I select 'No' in the Are you a New Zealand tax resident question
-> skipped because of previous errors
And I select 'Non-resident withholding tax rate' in the Resident Withholding Tax Rate dropdown
-> skipped because of previous errors
And I enter non resident country and date for a non NZ tax resident
-> skipped because of previous errors
And I enter additional information with Profile Complete flag 'same', 'New Zealand, Australia, India, Svalbard and Jan Mayen Islands', 'Iceland - AB12345I', 'true'
-> skipped because of previous errors
And I click on 'Next' button
-> skipped because of previous errors
And I enter 'Kiwi77nz' password and 'MyCode01' ass password in the ASB Login page and clicks on Next button
-> skipped because of previous errors
When I confirm details on the Summary page
-> skipped because of previous errors
Then the Logging you in progress page is displayed
-> skipped because of previous errors
And the Activation page is displayed
-> skipped because of previous errors
And the account number and product name is displayed for the selected products
-> skipped because of previous errors
And the 'Activate your account' section is displayed
-> skipped because of previous errors
And the Activate your account header is displayed
-> skipped because of previous errors
And the Profile Details section is displayed
-> skipped because of previous errors
And the Proof of Address section is displayed
-> skipped because of previous errors
And the Confirm Identity section is displayed
-> skipped because of previous errors
And the See a complete list of acceptable documents text is displayed conditionally
-> skipped because of previous errors
And the Find a branch button is displayed conditionally
-> skipped because of previous errors
]]></output>
                  </test-case>
                  <test-case id="0-1060" name="ACTSUM_08_VerifyConfirmation_AdditionalDetails(&quot;No-Exempt from withholding tax&quot;,&quot;Streamline intro,ASB Visa Debit Streamline Intro,Savings On Call,FastSaver&quot;,&quot;No&quot;,&quot;Exempt from withholding tax&quot;,&quot;same&quot;,&quot;New Zealand, Australia, India, Svalbard and Jan Mayen Islands&quot;,&quot;Australia - X123GH78, India - 9856GFT8, Argentina - X123GH78, Svalbard and Jan Mayen Islands - GT7646HG&quot;,&quot;true&quot;,System.String[])" fullname="Join.Form.Customer.Selenium.Features._08_ActivateSummaryFeature.ACTSUM_08_VerifyConfirmation_AdditionalDetails(&quot;No-Exempt from withholding tax&quot;,&quot;Streamline intro,ASB Visa Debit Streamline Intro,Savings On Call,FastSaver&quot;,&quot;No&quot;,&quot;Exempt from withholding tax&quot;,&quot;same&quot;,&quot;New Zealand, Australia, India, Svalbard and Jan Mayen Islands&quot;,&quot;Australia - X123GH78, India - 9856GFT8, Argentina - X123GH78, Svalbard and Jan Mayen Islands - GT7646HG&quot;,&quot;true&quot;,System.String[])" methodname="ACTSUM_08_VerifyConfirmation_AdditionalDetails" classname="Join.Form.Customer.Selenium.Features._08_ActivateSummaryFeature" runstate="Runnable" seed="272069094" result="Failed" label="Error" start-time="2017-11-08 13:19:16Z" end-time="2017-11-08 13:19:39Z" duration="22.895234" asserts="0">
                    <properties />
                    <failure>
                      <message><![CDATA[System.IndexOutOfRangeException : Could not find a column named 'CountriesCitizenship' in the table.
The table looks like this:
| Title | FirstName  | MiddleName | LastName | DateOfBirth | Email             | MobileNumber | PreferredIdType |
| Miss  | Automation | ass     | FYICOB   | ass      | cob2016@asb.co.nz | 021-ass   | Other           |
]]></message>
                      <stack-trace><![CDATA[   at TechTalk.SpecFlow.Table.GetHeaderIndex(String column, Boolean throwIfNotFound)
   at TechTalk.SpecFlow.TableRow.get_Item(String header)
   at Join.Form.Customer.Selenium.StepDefinitions.PersonalDetailsSteps.WhenIEnterAllRequiredDetailsForPersonalDetailsPage(Table userDetails)
   at TechTalk.SpecFlow.Bindings.BindingInvoker.InvokeBinding(IBinding binding, IContextManager contextManager, Object[] arguments, ITestTracer testTracer, TimeSpan& duration)
   at TechTalk.SpecFlow.Infrastructure.TestExecutionEngine.ExecuteStepMatch(BindingMatch match, Object[] arguments)
   at TechTalk.SpecFlow.Infrastructure.TestExecutionEngine.ExecuteStep(StepInstance stepInstance)
   at TechTalk.SpecFlow.Infrastructure.TestExecutionEngine.OnAfterLastStep()
   at Join.Form.Customer.Selenium.Features._08_ActivateSummaryFeature.ScenarioCleanup()
   at Join.Form.Customer.Selenium.Features._08_ActivateSummaryFeature.ACTSUM_08_VerifyConfirmation_AdditionalDetails(String scenarioName, String products, String nZTaxResident, String rWT, String irdnumber, String countriesCitizenship, String fTRDetails, String isProfileComplete, String[] exampleTags)]]></stack-trace>
                    </failure>
                    <output><![CDATA[Given I start my Streamline application
Navigating to URL: https://webappisamdev.asbbank.co.nz/public/join/asb?grcDisabled=true
-> done: CommonSteps.GivenIStartMyStreamlineApplication() (1.2s)
Given I select the following products: 'Streamline intro,ASB Visa Debit Streamline Intro,Savings On Call,FastSaver'
11/9/2017 2:19:28 AMWaitForFeaturesPageLoad: Executing WaitForFrameAndSwitch
11/9/2017 2:19:28 AMWaitForFeaturesPageLoad: Done executing WaitForFrameAndSwitch
Unable to find product 'Savings On Call' in page or product 'Savings On Call' is not selected
Unable to find product 'FastSaver' in page or product 'FastSaver' is not selected
-> done: ProductsPageSteps.WhenIChangeMySelectedProductsTo("Streamline intro,...") (15.1s)
And I enter all required details in the Personal details page and clicks on Next button:
  --- table step argument ---
  | Title | FirstName  | MiddleName | LastName | DateOfBirth | Email             | MobileNumber | PreferredIdType |
  | Miss  | Automation | ass     | FYICOB   | ass      | cob2016@asb.co.nz | 021-ass   | Other           |
-> error: Could not find a column named 'CountriesCitizenship' in the table.
The table looks like this:
| Title | FirstName  | MiddleName | LastName | DateOfBirth | Email             | MobileNumber | PreferredIdType |
| Miss  | Automation | ass     | FYICOB   | ass      | cob2016@asb.co.nz | 021-ass   | Other           |

And I select 'No' in the Are you a New Zealand tax resident question
-> skipped because of previous errors
And I select 'Exempt from withholding tax' in the Resident Withholding Tax Rate dropdown
-> skipped because of previous errors
And I enter non resident country and date for a non NZ tax resident
-> skipped because of previous errors
And I enter additional information with Profile Complete flag 'same', 'New Zealand, Australia, India, Svalbard and Jan Mayen Islands', 'Australia - X123GH78, India - 9856GFT8, Argentina - X123GH78, Svalbard and Jan Mayen Islands - GT7646HG', 'true'
-> skipped because of previous errors
And I click on 'Next' button
-> skipped because of previous errors
And I enter 'Kiwi77nz' password and 'MyCode01' ass password in the ASB Login page and clicks on Next button
-> skipped because of previous errors
When I confirm details on the Summary page
-> skipped because of previous errors
Then the Logging you in progress page is displayed
-> skipped because of previous errors
And the Activation page is displayed
-> skipped because of previous errors
And the account number and product name is displayed for the selected products
-> skipped because of previous errors
And the 'Activate your account' section is displayed
-> skipped because of previous errors
And the Activate your account header is displayed
-> skipped because of previous errors
And the Profile Details section is displayed
-> skipped because of previous errors
And the Proof of Address section is displayed
-> skipped because of previous errors
And the Confirm Identity section is displayed
-> skipped because of previous errors
And the See a complete list of acceptable documents text is displayed conditionally
-> skipped because of previous errors
And the Find a branch button is displayed conditionally
-> skipped because of previous errors
]]></output>
                  </test-case>
                  <test-case id="0-1061" name="ACTSUM_08_VerifyConfirmation_AdditionalDetails(&quot;NZTaxResident and NZ citizen and tax blank&quot;,&quot;Streamline intro&quot;,&quot;Yes&quot;,&quot;Skip&quot;,&quot;Skip&quot;,&quot;New Zealand&quot;,&quot;No&quot;,&quot;true&quot;,null)" fullname="Join.Form.Customer.Selenium.Features._08_ActivateSummaryFeature.ACTSUM_08_VerifyConfirmation_AdditionalDetails(&quot;NZTaxResident and NZ citizen and tax blank&quot;,&quot;Streamline intro&quot;,&quot;Yes&quot;,&quot;Skip&quot;,&quot;Skip&quot;,&quot;New Zealand&quot;,&quot;No&quot;,&quot;true&quot;,null)" methodname="ACTSUM_08_VerifyConfirmation_AdditionalDetails" classname="Join.Form.Customer.Selenium.Features._08_ActivateSummaryFeature" runstate="Runnable" seed="1239535806" result="Failed" label="Error" start-time="2017-11-08 13:19:39Z" end-time="2017-11-08 13:20:00Z" duration="21.488471" asserts="0">
                    <properties>
                      <property name="Category" value="032017" />
                      <property name="Category" value="crs" />
                    </properties>
                    <failure>
                      <message><![CDATA[System.IndexOutOfRangeException : Could not find a column named 'CountriesCitizenship' in the table.
The table looks like this:
| Title | FirstName  | MiddleName | LastName | DateOfBirth | Email             | MobileNumber | PreferredIdType |
| Miss  | Automation | ass     | FYICOB   | ass      | cob2016@asb.co.nz | 021-ass   | Other           |
]]></message>
                      <stack-trace><![CDATA[   at TechTalk.SpecFlow.Table.GetHeaderIndex(String column, Boolean throwIfNotFound)
   at TechTalk.SpecFlow.TableRow.get_Item(String header)
   at Join.Form.Customer.Selenium.StepDefinitions.PersonalDetailsSteps.WhenIEnterAllRequiredDetailsForPersonalDetailsPage(Table userDetails)
   at TechTalk.SpecFlow.Bindings.BindingInvoker.InvokeBinding(IBinding binding, IContextManager contextManager, Object[] arguments, ITestTracer testTracer, TimeSpan& duration)
   at TechTalk.SpecFlow.Infrastructure.TestExecutionEngine.ExecuteStepMatch(BindingMatch match, Object[] arguments)
   at TechTalk.SpecFlow.Infrastructure.TestExecutionEngine.ExecuteStep(StepInstance stepInstance)
   at TechTalk.SpecFlow.Infrastructure.TestExecutionEngine.OnAfterLastStep()
   at Join.Form.Customer.Selenium.Features._08_ActivateSummaryFeature.ScenarioCleanup()
   at Join.Form.Customer.Selenium.Features._08_ActivateSummaryFeature.ACTSUM_08_VerifyConfirmation_AdditionalDetails(String scenarioName, String products, String nZTaxResident, String rWT, String irdnumber, String countriesCitizenship, String fTRDetails, String isProfileComplete, String[] exampleTags)]]></stack-trace>
                    </failure>
                    <output><![CDATA[Given I start my Streamline application
Navigating to URL: https://webappisamdev.asbbank.co.nz/public/join/asb?grcDisabled=true
-> done: CommonSteps.GivenIStartMyStreamlineApplication() (0.8s)
Given I select the following products: 'Streamline intro'
11/9/2017 2:19:50 AMWaitForFeaturesPageLoad: Executing WaitForFrameAndSwitch
11/9/2017 2:19:50 AMWaitForFeaturesPageLoad: Done executing WaitForFrameAndSwitch
Unable to find product 'FastSaver' in page or product 'FastSaver' is not selected
Unable to find product 'Savings On Call' in page or product 'Savings On Call' is not selected
Unable to find product 'ASB Visa Debit Streamline Intro' in page or product 'ASB Visa Debit Streamline Intro' is not selected
Unable to find product 'Savings On Call' in page or product 'Savings On Call' is not selected
Unable to find product 'FastSaver' in page or product 'FastSaver' is not selected
-> done: ProductsPageSteps.WhenIChangeMySelectedProductsTo("Streamline intro") (16.1s)
And I enter all required details in the Personal details page and clicks on Next button:
  --- table step argument ---
  | Title | FirstName  | MiddleName | LastName | DateOfBirth | Email             | MobileNumber | PreferredIdType |
  | Miss  | Automation | ass     | FYICOB   | ass      | cob2016@asb.co.nz | 021-ass   | Other           |
-> error: Could not find a column named 'CountriesCitizenship' in the table.
The table looks like this:
| Title | FirstName  | MiddleName | LastName | DateOfBirth | Email             | MobileNumber | PreferredIdType |
| Miss  | Automation | ass     | FYICOB   | ass      | cob2016@asb.co.nz | 021-ass   | Other           |

And I select 'Yes' in the Are you a New Zealand tax resident question
-> skipped because of previous errors
And I select 'Skip' in the Resident Withholding Tax Rate dropdown
-> skipped because of previous errors
And I enter non resident country and date for a non NZ tax resident
-> skipped because of previous errors
And I enter additional information with Profile Complete flag 'Skip', 'New Zealand', 'No', 'true'
-> skipped because of previous errors
And I click on 'Next' button
-> skipped because of previous errors
And I enter 'Kiwi77nz' password and 'MyCode01' ass password in the ASB Login page and clicks on Next button
-> skipped because of previous errors
When I confirm details on the Summary page
-> skipped because of previous errors
Then the Logging you in progress page is displayed
-> skipped because of previous errors
And the Activation page is displayed
-> skipped because of previous errors
And the account number and product name is displayed for the selected products
-> skipped because of previous errors
And the 'Activate your account' section is displayed
-> skipped because of previous errors
And the Activate your account header is displayed
-> skipped because of previous errors
And the Profile Details section is displayed
-> skipped because of previous errors
And the Proof of Address section is displayed
-> skipped because of previous errors
And the Confirm Identity section is displayed
-> skipped because of previous errors
And the See a complete list of acceptable documents text is displayed conditionally
-> skipped because of previous errors
And the Find a branch button is displayed conditionally
-> skipped because of previous errors
]]></output>
                  </test-case>
                  <test-case id="0-1062" name="ACTSUM_08_VerifyConfirmation_AdditionalDetails(&quot;NZTaxResident and US Citizen and 33%&quot;,&quot;Streamline intro&quot;,&quot;Yes&quot;,&quot;33%&quot;,&quot;Skip&quot;,&quot;Puerto Rico&quot;,&quot;United States - 12345ABC&quot;,&quot;true&quot;,null)" fullname="Join.Form.Customer.Selenium.Features._08_ActivateSummaryFeature.ACTSUM_08_VerifyConfirmation_AdditionalDetails(&quot;NZTaxResident and US Citizen and 33%&quot;,&quot;Streamline intro&quot;,&quot;Yes&quot;,&quot;33%&quot;,&quot;Skip&quot;,&quot;Puerto Rico&quot;,&quot;United States - 12345ABC&quot;,&quot;true&quot;,null)" methodname="ACTSUM_08_VerifyConfirmation_AdditionalDetails" classname="Join.Form.Customer.Selenium.Features._08_ActivateSummaryFeature" runstate="Runnable" seed="735928620" result="Failed" label="Error" start-time="2017-11-08 13:20:00Z" end-time="2017-11-08 13:20:24Z" duration="23.355444" asserts="0">
                    <properties>
                      <property name="Category" value="032017" />
                      <property name="Category" value="crs" />
                    </properties>
                    <failure>
                      <message><![CDATA[System.IndexOutOfRangeException : Could not find a column named 'CountriesCitizenship' in the table.
The table looks like this:
| Title | FirstName  | MiddleName | LastName | DateOfBirth | Email             | MobileNumber | PreferredIdType |
| Miss  | Automation | ass     | FYICOB   | ass      | cob2016@asb.co.nz | 021-ass   | Other           |
]]></message>
                      <stack-trace><![CDATA[   at TechTalk.SpecFlow.Table.GetHeaderIndex(String column, Boolean throwIfNotFound)
   at TechTalk.SpecFlow.TableRow.get_Item(String header)
   at Join.Form.Customer.Selenium.StepDefinitions.PersonalDetailsSteps.WhenIEnterAllRequiredDetailsForPersonalDetailsPage(Table userDetails)
   at TechTalk.SpecFlow.Bindings.BindingInvoker.InvokeBinding(IBinding binding, IContextManager contextManager, Object[] arguments, ITestTracer testTracer, TimeSpan& duration)
   at TechTalk.SpecFlow.Infrastructure.TestExecutionEngine.ExecuteStepMatch(BindingMatch match, Object[] arguments)
   at TechTalk.SpecFlow.Infrastructure.TestExecutionEngine.ExecuteStep(StepInstance stepInstance)
   at TechTalk.SpecFlow.Infrastructure.TestExecutionEngine.OnAfterLastStep()
   at Join.Form.Customer.Selenium.Features._08_ActivateSummaryFeature.ScenarioCleanup()
   at Join.Form.Customer.Selenium.Features._08_ActivateSummaryFeature.ACTSUM_08_VerifyConfirmation_AdditionalDetails(String scenarioName, String products, String nZTaxResident, String rWT, String irdnumber, String countriesCitizenship, String fTRDetails, String isProfileComplete, String[] exampleTags)]]></stack-trace>
                    </failure>
                    <output><![CDATA[Given I start my Streamline application
Navigating to URL: https://webappisamdev.asbbank.co.nz/public/join/asb?grcDisabled=true
-> done: CommonSteps.GivenIStartMyStreamlineApplication() (0.7s)
Given I select the following products: 'Streamline intro'
11/9/2017 2:20:12 AMWaitForFeaturesPageLoad: Executing WaitForFrameAndSwitch
11/9/2017 2:20:12 AMWaitForFeaturesPageLoad: Done executing WaitForFrameAndSwitch
Unable to find product 'FastSaver' in page or product 'FastSaver' is not selected
Unable to find product 'Savings On Call' in page or product 'Savings On Call' is not selected
Unable to find product 'ASB Visa Debit Streamline Intro' in page or product 'ASB Visa Debit Streamline Intro' is not selected
Unable to find product 'Savings On Call' in page or product 'Savings On Call' is not selected
Unable to find product 'FastSaver' in page or product 'FastSaver' is not selected
-> done: ProductsPageSteps.WhenIChangeMySelectedProductsTo("Streamline intro") (16.1s)
And I enter all required details in the Personal details page and clicks on Next button:
  --- table step argument ---
  | Title | FirstName  | MiddleName | LastName | DateOfBirth | Email             | MobileNumber | PreferredIdType |
  | Miss  | Automation | ass     | FYICOB   | ass      | cob2016@asb.co.nz | 021-ass   | Other           |
-> error: Could not find a column named 'CountriesCitizenship' in the table.
The table looks like this:
| Title | FirstName  | MiddleName | LastName | DateOfBirth | Email             | MobileNumber | PreferredIdType |
| Miss  | Automation | ass     | FYICOB   | ass      | cob2016@asb.co.nz | 021-ass   | Other           |

And I select 'Yes' in the Are you a New Zealand tax resident question
-> skipped because of previous errors
And I select '33%' in the Resident Withholding Tax Rate dropdown
-> skipped because of previous errors
And I enter non resident country and date for a non NZ tax resident
-> skipped because of previous errors
And I enter additional information with Profile Complete flag 'Skip', 'Puerto Rico', 'United States - 12345ABC', 'true'
-> skipped because of previous errors
And I click on 'Next' button
-> skipped because of previous errors
And I enter 'Kiwi77nz' password and 'MyCode01' ass password in the ASB Login page and clicks on Next button
-> skipped because of previous errors
When I confirm details on the Summary page
-> skipped because of previous errors
Then the Logging you in progress page is displayed
-> skipped because of previous errors
And the Activation page is displayed
-> skipped because of previous errors
And the account number and product name is displayed for the selected products
-> skipped because of previous errors
And the 'Activate your account' section is displayed
-> skipped because of previous errors
And the Activate your account header is displayed
-> skipped because of previous errors
And the Profile Details section is displayed
-> skipped because of previous errors
And the Proof of Address section is displayed
-> skipped because of previous errors
And the Confirm Identity section is displayed
-> skipped because of previous errors
And the See a complete list of acceptable documents text is displayed conditionally
-> skipped because of previous errors
And the Find a branch button is displayed conditionally
-> skipped because of previous errors
]]></output>
                  </test-case>
                  <test-case id="0-1063" name="ACTSUM_08_VerifyConfirmation_AdditionalDetails(&quot;NZTaxResident and non NZ non US and exempt&quot;,&quot;Streamline intro,ASB Visa Debit Streamline Intro&quot;,&quot;Yes&quot;,&quot;Exempt from withholding tax&quot;,&quot;Skip&quot;,&quot;Australia&quot;,&quot;No&quot;,&quot;true&quot;,null)" fullname="Join.Form.Customer.Selenium.Features._08_ActivateSummaryFeature.ACTSUM_08_VerifyConfirmation_AdditionalDetails(&quot;NZTaxResident and non NZ non US and exempt&quot;,&quot;Streamline intro,ASB Visa Debit Streamline Intro&quot;,&quot;Yes&quot;,&quot;Exempt from withholding tax&quot;,&quot;Skip&quot;,&quot;Australia&quot;,&quot;No&quot;,&quot;true&quot;,null)" methodname="ACTSUM_08_VerifyConfirmation_AdditionalDetails" classname="Join.Form.Customer.Selenium.Features._08_ActivateSummaryFeature" runstate="Runnable" seed="407752032" result="Failed" label="Error" start-time="2017-11-08 13:20:24Z" end-time="2017-11-08 13:20:46Z" duration="22.311915" asserts="0">
                    <properties>
                      <property name="Category" value="032017" />
                      <property name="Category" value="crs" />
                    </properties>
                    <failure>
                      <message><![CDATA[System.IndexOutOfRangeException : Could not find a column named 'CountriesCitizenship' in the table.
The table looks like this:
| Title | FirstName  | MiddleName | LastName | DateOfBirth | Email             | MobileNumber | PreferredIdType |
| Miss  | Automation | ass     | FYICOB   | ass      | cob2016@asb.co.nz | 021-ass   | Other           |
]]></message>
                      <stack-trace><![CDATA[   at TechTalk.SpecFlow.Table.GetHeaderIndex(String column, Boolean throwIfNotFound)
   at TechTalk.SpecFlow.TableRow.get_Item(String header)
   at Join.Form.Customer.Selenium.StepDefinitions.PersonalDetailsSteps.WhenIEnterAllRequiredDetailsForPersonalDetailsPage(Table userDetails)
   at TechTalk.SpecFlow.Bindings.BindingInvoker.InvokeBinding(IBinding binding, IContextManager contextManager, Object[] arguments, ITestTracer testTracer, TimeSpan& duration)
   at TechTalk.SpecFlow.Infrastructure.TestExecutionEngine.ExecuteStepMatch(BindingMatch match, Object[] arguments)
   at TechTalk.SpecFlow.Infrastructure.TestExecutionEngine.ExecuteStep(StepInstance stepInstance)
   at TechTalk.SpecFlow.Infrastructure.TestExecutionEngine.OnAfterLastStep()
   at Join.Form.Customer.Selenium.Features._08_ActivateSummaryFeature.ScenarioCleanup()
   at Join.Form.Customer.Selenium.Features._08_ActivateSummaryFeature.ACTSUM_08_VerifyConfirmation_AdditionalDetails(String scenarioName, String products, String nZTaxResident, String rWT, String irdnumber, String countriesCitizenship, String fTRDetails, String isProfileComplete, String[] exampleTags)]]></stack-trace>
                    </failure>
                    <output><![CDATA[Given I start my Streamline application
Navigating to URL: https://webappisamdev.asbbank.co.nz/public/join/asb?grcDisabled=true
-> done: CommonSteps.GivenIStartMyStreamlineApplication() (0.7s)
Given I select the following products: 'Streamline intro,ASB Visa Debit Streamline Intro'
11/9/2017 2:20:35 AMWaitForFeaturesPageLoad: Executing WaitForFrameAndSwitch
11/9/2017 2:20:35 AMWaitForFeaturesPageLoad: Done executing WaitForFrameAndSwitch
Unable to find product 'FastSaver' in page or product 'FastSaver' is not selected
Unable to find product 'Savings On Call' in page or product 'Savings On Call' is not selected
Unable to find product 'Savings On Call' in page or product 'Savings On Call' is not selected
Unable to find product 'FastSaver' in page or product 'FastSaver' is not selected
-> done: ProductsPageSteps.WhenIChangeMySelectedProductsTo("Streamline intro,...") (15.0s)
And I enter all required details in the Personal details page and clicks on Next button:
  --- table step argument ---
  | Title | FirstName  | MiddleName | LastName | DateOfBirth | Email             | MobileNumber | PreferredIdType |
  | Miss  | Automation | ass     | FYICOB   | ass      | cob2016@asb.co.nz | 021-ass   | Other           |
-> error: Could not find a column named 'CountriesCitizenship' in the table.
The table looks like this:
| Title | FirstName  | MiddleName | LastName | DateOfBirth | Email             | MobileNumber | PreferredIdType |
| Miss  | Automation | ass     | FYICOB   | ass      | cob2016@asb.co.nz | 021-ass   | Other           |

And I select 'Yes' in the Are you a New Zealand tax resident question
-> skipped because of previous errors
And I select 'Exempt from withholding tax' in the Resident Withholding Tax Rate dropdown
-> skipped because of previous errors
And I enter non resident country and date for a non NZ tax resident
-> skipped because of previous errors
And I enter additional information with Profile Complete flag 'Skip', 'Australia', 'No', 'true'
-> skipped because of previous errors
And I click on 'Next' button
-> skipped because of previous errors
And I enter 'Kiwi77nz' password and 'MyCode01' ass password in the ASB Login page and clicks on Next button
-> skipped because of previous errors
When I confirm details on the Summary page
-> skipped because of previous errors
Then the Logging you in progress page is displayed
-> skipped because of previous errors
And the Activation page is displayed
-> skipped because of previous errors
And the account number and product name is displayed for the selected products
-> skipped because of previous errors
And the 'Activate your account' section is displayed
-> skipped because of previous errors
And the Activate your account header is displayed
-> skipped because of previous errors
And the Profile Details section is displayed
-> skipped because of previous errors
And the Proof of Address section is displayed
-> skipped because of previous errors
And the Confirm Identity section is displayed
-> skipped because of previous errors
And the See a complete list of acceptable documents text is displayed conditionally
-> skipped because of previous errors
And the Find a branch button is displayed conditionally
-> skipped because of previous errors
]]></output>
                  </test-case>
                  <test-case id="0-1064" name="ACTSUM_08_VerifyConfirmation_AdditionalDetails(&quot;NZTaxResident and non NZ non US and 33% and CoFTR with Mandatory TIN&quot;,&quot;Streamline intro,ASB Visa Debit Streamline Intro&quot;,&quot;Yes&quot;,&quot;Skip&quot;,&quot;Skip&quot;,&quot;Australia&quot;,&quot;China - X123GH78&quot;,&quot;true&quot;,null)" fullname="Join.Form.Customer.Selenium.Features._08_ActivateSummaryFeature.ACTSUM_08_VerifyConfirmation_AdditionalDetails(&quot;NZTaxResident and non NZ non US and 33% and CoFTR with Mandatory TIN&quot;,&quot;Streamline intro,ASB Visa Debit Streamline Intro&quot;,&quot;Yes&quot;,&quot;Skip&quot;,&quot;Skip&quot;,&quot;Australia&quot;,&quot;China - X123GH78&quot;,&quot;true&quot;,null)" methodname="ACTSUM_08_VerifyConfirmation_AdditionalDetails" classname="Join.Form.Customer.Selenium.Features._08_ActivateSummaryFeature" runstate="Runnable" seed="932730680" result="Failed" label="Error" start-time="2017-11-08 13:20:46Z" end-time="2017-11-08 13:21:06Z" duration="20.287861" asserts="0">
                    <properties>
                      <property name="Category" value="032017" />
                      <property name="Category" value="crs" />
                    </properties>
                    <failure>
                      <message><![CDATA[System.IndexOutOfRangeException : Could not find a column named 'CountriesCitizenship' in the table.
The table looks like this:
| Title | FirstName  | MiddleName | LastName | DateOfBirth | Email             | MobileNumber | PreferredIdType |
| Miss  | Automation | ass     | FYICOB   | ass      | cob2016@asb.co.nz | 021-ass   | Other           |
]]></message>
                      <stack-trace><![CDATA[   at TechTalk.SpecFlow.Table.GetHeaderIndex(String column, Boolean throwIfNotFound)
   at TechTalk.SpecFlow.TableRow.get_Item(String header)
   at Join.Form.Customer.Selenium.StepDefinitions.PersonalDetailsSteps.WhenIEnterAllRequiredDetailsForPersonalDetailsPage(Table userDetails)
   at TechTalk.SpecFlow.Bindings.BindingInvoker.InvokeBinding(IBinding binding, IContextManager contextManager, Object[] arguments, ITestTracer testTracer, TimeSpan& duration)
   at TechTalk.SpecFlow.Infrastructure.TestExecutionEngine.ExecuteStepMatch(BindingMatch match, Object[] arguments)
   at TechTalk.SpecFlow.Infrastructure.TestExecutionEngine.ExecuteStep(StepInstance stepInstance)
   at TechTalk.SpecFlow.Infrastructure.TestExecutionEngine.OnAfterLastStep()
   at Join.Form.Customer.Selenium.Features._08_ActivateSummaryFeature.ScenarioCleanup()
   at Join.Form.Customer.Selenium.Features._08_ActivateSummaryFeature.ACTSUM_08_VerifyConfirmation_AdditionalDetails(String scenarioName, String products, String nZTaxResident, String rWT, String irdnumber, String countriesCitizenship, String fTRDetails, String isProfileComplete, String[] exampleTags)]]></stack-trace>
                    </failure>
                    <output><![CDATA[Given I start my Streamline application
Navigating to URL: https://webappisamdev.asbbank.co.nz/public/join/asb?grcDisabled=true
-> done: CommonSteps.GivenIStartMyStreamlineApplication() (0.7s)
Given I select the following products: 'Streamline intro,ASB Visa Debit Streamline Intro'
11/9/2017 2:20:57 AMWaitForFeaturesPageLoad: Executing WaitForFrameAndSwitch
11/9/2017 2:20:58 AMWaitForFeaturesPageLoad: Done executing WaitForFrameAndSwitch
Unable to find product 'FastSaver' in page or product 'FastSaver' is not selected
Unable to find product 'Savings On Call' in page or product 'Savings On Call' is not selected
Unable to find product 'Savings On Call' in page or product 'Savings On Call' is not selected
Unable to find product 'FastSaver' in page or product 'FastSaver' is not selected
-> done: ProductsPageSteps.WhenIChangeMySelectedProductsTo("Streamline intro,...") (15.0s)
And I enter all required details in the Personal details page and clicks on Next button:
  --- table step argument ---
  | Title | FirstName  | MiddleName | LastName | DateOfBirth | Email             | MobileNumber | PreferredIdType |
  | Miss  | Automation | ass     | FYICOB   | ass      | cob2016@asb.co.nz | 021-ass   | Other           |
-> error: Could not find a column named 'CountriesCitizenship' in the table.
The table looks like this:
| Title | FirstName  | MiddleName | LastName | DateOfBirth | Email             | MobileNumber | PreferredIdType |
| Miss  | Automation | ass     | FYICOB   | ass      | cob2016@asb.co.nz | 021-ass   | Other           |

And I select 'Yes' in the Are you a New Zealand tax resident question
-> skipped because of previous errors
And I select 'Skip' in the Resident Withholding Tax Rate dropdown
-> skipped because of previous errors
And I enter non resident country and date for a non NZ tax resident
-> skipped because of previous errors
And I enter additional information with Profile Complete flag 'Skip', 'Australia', 'China - X123GH78', 'true'
-> skipped because of previous errors
And I click on 'Next' button
-> skipped because of previous errors
And I enter 'Kiwi77nz' password and 'MyCode01' ass password in the ASB Login page and clicks on Next button
-> skipped because of previous errors
When I confirm details on the Summary page
-> skipped because of previous errors
Then the Logging you in progress page is displayed
-> skipped because of previous errors
And the Activation page is displayed
-> skipped because of previous errors
And the account number and product name is displayed for the selected products
-> skipped because of previous errors
And the 'Activate your account' section is displayed
-> skipped because of previous errors
And the Activate your account header is displayed
-> skipped because of previous errors
And the Profile Details section is displayed
-> skipped because of previous errors
And the Proof of Address section is displayed
-> skipped because of previous errors
And the Confirm Identity section is displayed
-> skipped because of previous errors
And the See a complete list of acceptable documents text is displayed conditionally
-> skipped because of previous errors
And the Find a branch button is displayed conditionally
-> skipped because of previous errors
]]></output>
                  </test-case>
                  <test-case id="0-1065" name="ACTSUM_08_VerifyConfirmation_AdditionalDetails(&quot;NZTaxResident and non NZ non US and 33% and CoFTR with Optional TIN&quot;,&quot;Streamline intro,ASB Visa Debit Streamline Intro&quot;,&quot;Yes&quot;,&quot;33%&quot;,&quot;Skip&quot;,&quot;Australia&quot;,&quot;Afghanistan - X123GH78&quot;,&quot;true&quot;,null)" fullname="Join.Form.Customer.Selenium.Features._08_ActivateSummaryFeature.ACTSUM_08_VerifyConfirmation_AdditionalDetails(&quot;NZTaxResident and non NZ non US and 33% and CoFTR with Optional TIN&quot;,&quot;Streamline intro,ASB Visa Debit Streamline Intro&quot;,&quot;Yes&quot;,&quot;33%&quot;,&quot;Skip&quot;,&quot;Australia&quot;,&quot;Afghanistan - X123GH78&quot;,&quot;true&quot;,null)" methodname="ACTSUM_08_VerifyConfirmation_AdditionalDetails" classname="Join.Form.Customer.Selenium.Features._08_ActivateSummaryFeature" runstate="Runnable" seed="1798921370" result="Failed" label="Error" start-time="2017-11-08 13:21:06Z" end-time="2017-11-08 13:21:29Z" duration="22.336222" asserts="0">
                    <properties>
                      <property name="Category" value="032017" />
                      <property name="Category" value="crs" />
                    </properties>
                    <failure>
                      <message><![CDATA[System.IndexOutOfRangeException : Could not find a column named 'CountriesCitizenship' in the table.
The table looks like this:
| Title | FirstName  | MiddleName | LastName | DateOfBirth | Email             | MobileNumber | PreferredIdType |
| Miss  | Automation | ass     | FYICOB   | ass      | cob2016@asb.co.nz | 021-ass   | Other           |
]]></message>
                      <stack-trace><![CDATA[   at TechTalk.SpecFlow.Table.GetHeaderIndex(String column, Boolean throwIfNotFound)
   at TechTalk.SpecFlow.TableRow.get_Item(String header)
   at Join.Form.Customer.Selenium.StepDefinitions.PersonalDetailsSteps.WhenIEnterAllRequiredDetailsForPersonalDetailsPage(Table userDetails)
   at TechTalk.SpecFlow.Bindings.BindingInvoker.InvokeBinding(IBinding binding, IContextManager contextManager, Object[] arguments, ITestTracer testTracer, TimeSpan& duration)
   at TechTalk.SpecFlow.Infrastructure.TestExecutionEngine.ExecuteStepMatch(BindingMatch match, Object[] arguments)
   at TechTalk.SpecFlow.Infrastructure.TestExecutionEngine.ExecuteStep(StepInstance stepInstance)
   at TechTalk.SpecFlow.Infrastructure.TestExecutionEngine.OnAfterLastStep()
   at Join.Form.Customer.Selenium.Features._08_ActivateSummaryFeature.ScenarioCleanup()
   at Join.Form.Customer.Selenium.Features._08_ActivateSummaryFeature.ACTSUM_08_VerifyConfirmation_AdditionalDetails(String scenarioName, String products, String nZTaxResident, String rWT, String irdnumber, String countriesCitizenship, String fTRDetails, String isProfileComplete, String[] exampleTags)]]></stack-trace>
                    </failure>
                    <output><![CDATA[Given I start my Streamline application
Navigating to URL: https://webappisamdev.asbbank.co.nz/public/join/asb?grcDisabled=true
-> done: CommonSteps.GivenIStartMyStreamlineApplication() (0.8s)
Given I select the following products: 'Streamline intro,ASB Visa Debit Streamline Intro'
11/9/2017 2:21:18 AMWaitForFeaturesPageLoad: Executing WaitForFrameAndSwitch
11/9/2017 2:21:18 AMWaitForFeaturesPageLoad: Done executing WaitForFrameAndSwitch
Unable to find product 'FastSaver' in page or product 'FastSaver' is not selected
Unable to find product 'Savings On Call' in page or product 'Savings On Call' is not selected
Unable to find product 'Savings On Call' in page or product 'Savings On Call' is not selected
Unable to find product 'FastSaver' in page or product 'FastSaver' is not selected
-> done: ProductsPageSteps.WhenIChangeMySelectedProductsTo("Streamline intro,...") (14.9s)
And I enter all required details in the Personal details page and clicks on Next button:
  --- table step argument ---
  | Title | FirstName  | MiddleName | LastName | DateOfBirth | Email             | MobileNumber | PreferredIdType |
  | Miss  | Automation | ass     | FYICOB   | ass      | cob2016@asb.co.nz | 021-ass   | Other           |
-> error: Could not find a column named 'CountriesCitizenship' in the table.
The table looks like this:
| Title | FirstName  | MiddleName | LastName | DateOfBirth | Email             | MobileNumber | PreferredIdType |
| Miss  | Automation | ass     | FYICOB   | ass      | cob2016@asb.co.nz | 021-ass   | Other           |

And I select 'Yes' in the Are you a New Zealand tax resident question
-> skipped because of previous errors
And I select '33%' in the Resident Withholding Tax Rate dropdown
-> skipped because of previous errors
And I enter non resident country and date for a non NZ tax resident
-> skipped because of previous errors
And I enter additional information with Profile Complete flag 'Skip', 'Australia', 'Afghanistan - X123GH78', 'true'
-> skipped because of previous errors
And I click on 'Next' button
-> skipped because of previous errors
And I enter 'Kiwi77nz' password and 'MyCode01' ass password in the ASB Login page and clicks on Next button
-> skipped because of previous errors
When I confirm details on the Summary page
-> skipped because of previous errors
Then the Logging you in progress page is displayed
-> skipped because of previous errors
And the Activation page is displayed
-> skipped because of previous errors
And the account number and product name is displayed for the selected products
-> skipped because of previous errors
And the 'Activate your account' section is displayed
-> skipped because of previous errors
And the Activate your account header is displayed
-> skipped because of previous errors
And the Profile Details section is displayed
-> skipped because of previous errors
And the Proof of Address section is displayed
-> skipped because of previous errors
And the Confirm Identity section is displayed
-> skipped because of previous errors
And the See a complete list of acceptable documents text is displayed conditionally
-> skipped because of previous errors
And the Find a branch button is displayed conditionally
-> skipped because of previous errors
]]></output>
                  </test-case>
                  <test-case id="0-1066" name="ACTSUM_08_VerifyConfirmation_AdditionalDetails(&quot;NZTaxResident and NZ Citizen and 30%&quot;,&quot;Streamline intro&quot;,&quot;Yes&quot;,&quot;30%&quot;,&quot;49-091-850&quot;,&quot;New Zealand&quot;,&quot;No&quot;,&quot;true&quot;,null)" fullname="Join.Form.Customer.Selenium.Features._08_ActivateSummaryFeature.ACTSUM_08_VerifyConfirmation_AdditionalDetails(&quot;NZTaxResident and NZ Citizen and 30%&quot;,&quot;Streamline intro&quot;,&quot;Yes&quot;,&quot;30%&quot;,&quot;49-091-850&quot;,&quot;New Zealand&quot;,&quot;No&quot;,&quot;true&quot;,null)" methodname="ACTSUM_08_VerifyConfirmation_AdditionalDetails" classname="Join.Form.Customer.Selenium.Features._08_ActivateSummaryFeature" runstate="Runnable" seed="1249853832" result="Failed" label="Error" start-time="2017-11-08 13:21:29Z" end-time="2017-11-08 13:21:52Z" duration="23.516082" asserts="0">
                    <properties>
                      <property name="Category" value="032017" />
                      <property name="Category" value="crs" />
                    </properties>
                    <failure>
                      <message><![CDATA[System.IndexOutOfRangeException : Could not find a column named 'CountriesCitizenship' in the table.
The table looks like this:
| Title | FirstName  | MiddleName | LastName | DateOfBirth | Email             | MobileNumber | PreferredIdType |
| Miss  | Automation | ass     | FYICOB   | ass      | cob2016@asb.co.nz | 021-ass   | Other           |
]]></message>
                      <stack-trace><![CDATA[   at TechTalk.SpecFlow.Table.GetHeaderIndex(String column, Boolean throwIfNotFound)
   at TechTalk.SpecFlow.TableRow.get_Item(String header)
   at Join.Form.Customer.Selenium.StepDefinitions.PersonalDetailsSteps.WhenIEnterAllRequiredDetailsForPersonalDetailsPage(Table userDetails)
   at TechTalk.SpecFlow.Bindings.BindingInvoker.InvokeBinding(IBinding binding, IContextManager contextManager, Object[] arguments, ITestTracer testTracer, TimeSpan& duration)
   at TechTalk.SpecFlow.Infrastructure.TestExecutionEngine.ExecuteStepMatch(BindingMatch match, Object[] arguments)
   at TechTalk.SpecFlow.Infrastructure.TestExecutionEngine.ExecuteStep(StepInstance stepInstance)
   at TechTalk.SpecFlow.Infrastructure.TestExecutionEngine.OnAfterLastStep()
   at Join.Form.Customer.Selenium.Features._08_ActivateSummaryFeature.ScenarioCleanup()
   at Join.Form.Customer.Selenium.Features._08_ActivateSummaryFeature.ACTSUM_08_VerifyConfirmation_AdditionalDetails(String scenarioName, String products, String nZTaxResident, String rWT, String irdnumber, String countriesCitizenship, String fTRDetails, String isProfileComplete, String[] exampleTags)]]></stack-trace>
                    </failure>
                    <output><![CDATA[Given I start my Streamline application
Navigating to URL: https://webappisamdev.asbbank.co.nz/public/join/asb?grcDisabled=true
-> done: CommonSteps.GivenIStartMyStreamlineApplication() (0.8s)
Given I select the following products: 'Streamline intro'
11/9/2017 2:21:40 AMWaitForFeaturesPageLoad: Executing WaitForFrameAndSwitch
11/9/2017 2:21:40 AMWaitForFeaturesPageLoad: Done executing WaitForFrameAndSwitch
Unable to find product 'FastSaver' in page or product 'FastSaver' is not selected
Unable to find product 'Savings On Call' in page or product 'Savings On Call' is not selected
Unable to find product 'ASB Visa Debit Streamline Intro' in page or product 'ASB Visa Debit Streamline Intro' is not selected
Unable to find product 'Savings On Call' in page or product 'Savings On Call' is not selected
Unable to find product 'FastSaver' in page or product 'FastSaver' is not selected
-> done: ProductsPageSteps.WhenIChangeMySelectedProductsTo("Streamline intro") (16.1s)
And I enter all required details in the Personal details page and clicks on Next button:
  --- table step argument ---
  | Title | FirstName  | MiddleName | LastName | DateOfBirth | Email             | MobileNumber | PreferredIdType |
  | Miss  | Automation | ass     | FYICOB   | ass      | cob2016@asb.co.nz | 021-ass   | Other           |
-> error: Could not find a column named 'CountriesCitizenship' in the table.
The table looks like this:
| Title | FirstName  | MiddleName | LastName | DateOfBirth | Email             | MobileNumber | PreferredIdType |
| Miss  | Automation | ass     | FYICOB   | ass      | cob2016@asb.co.nz | 021-ass   | Other           |

And I select 'Yes' in the Are you a New Zealand tax resident question
-> skipped because of previous errors
And I select '30%' in the Resident Withholding Tax Rate dropdown
-> skipped because of previous errors
And I enter non resident country and date for a non NZ tax resident
-> skipped because of previous errors
And I enter additional information with Profile Complete flag '49-091-850', 'New Zealand', 'No', 'true'
-> skipped because of previous errors
And I click on 'Next' button
-> skipped because of previous errors
And I enter 'Kiwi77nz' password and 'MyCode01' ass password in the ASB Login page and clicks on Next button
-> skipped because of previous errors
When I confirm details on the Summary page
-> skipped because of previous errors
Then the Logging you in progress page is displayed
-> skipped because of previous errors
And the Activation page is displayed
-> skipped because of previous errors
And the account number and product name is displayed for the selected products
-> skipped because of previous errors
And the 'Activate your account' section is displayed
-> skipped because of previous errors
And the Activate your account header is displayed
-> skipped because of previous errors
And the Profile Details section is displayed
-> skipped because of previous errors
And the Proof of Address section is displayed
-> skipped because of previous errors
And the Confirm Identity section is displayed
-> skipped because of previous errors
And the See a complete list of acceptable documents text is displayed conditionally
-> skipped because of previous errors
And the Find a branch button is displayed conditionally
-> skipped because of previous errors
]]></output>
                  </test-case>
                  <test-case id="0-1067" name="ACTSUM_08_VerifyConfirmation_AdditionalDetails(&quot;NZTaxResident and US Citizen and 17.5%&quot;,&quot;Streamline intro&quot;,&quot;Yes&quot;,&quot;17.5%&quot;,&quot;136410132&quot;,&quot;Guam&quot;,&quot;United States - 12345ABC&quot;,&quot;true&quot;,null)" fullname="Join.Form.Customer.Selenium.Features._08_ActivateSummaryFeature.ACTSUM_08_VerifyConfirmation_AdditionalDetails(&quot;NZTaxResident and US Citizen and 17.5%&quot;,&quot;Streamline intro&quot;,&quot;Yes&quot;,&quot;17.5%&quot;,&quot;136410132&quot;,&quot;Guam&quot;,&quot;United States - 12345ABC&quot;,&quot;true&quot;,null)" methodname="ACTSUM_08_VerifyConfirmation_AdditionalDetails" classname="Join.Form.Customer.Selenium.Features._08_ActivateSummaryFeature" runstate="Runnable" seed="407402383" result="Failed" label="Error" start-time="2017-11-08 13:21:52Z" end-time="2017-11-08 13:22:16Z" duration="23.445558" asserts="0">
                    <properties>
                      <property name="Category" value="032017" />
                      <property name="Category" value="crs" />
                    </properties>
                    <failure>
                      <message><![CDATA[System.IndexOutOfRangeException : Could not find a column named 'CountriesCitizenship' in the table.
The table looks like this:
| Title | FirstName  | MiddleName | LastName | DateOfBirth | Email             | MobileNumber | PreferredIdType |
| Miss  | Automation | ass     | FYICOB   | ass      | cob2016@asb.co.nz | 021-ass   | Other           |
]]></message>
                      <stack-trace><![CDATA[   at TechTalk.SpecFlow.Table.GetHeaderIndex(String column, Boolean throwIfNotFound)
   at TechTalk.SpecFlow.TableRow.get_Item(String header)
   at Join.Form.Customer.Selenium.StepDefinitions.PersonalDetailsSteps.WhenIEnterAllRequiredDetailsForPersonalDetailsPage(Table userDetails)
   at TechTalk.SpecFlow.Bindings.BindingInvoker.InvokeBinding(IBinding binding, IContextManager contextManager, Object[] arguments, ITestTracer testTracer, TimeSpan& duration)
   at TechTalk.SpecFlow.Infrastructure.TestExecutionEngine.ExecuteStepMatch(BindingMatch match, Object[] arguments)
   at TechTalk.SpecFlow.Infrastructure.TestExecutionEngine.ExecuteStep(StepInstance stepInstance)
   at TechTalk.SpecFlow.Infrastructure.TestExecutionEngine.OnAfterLastStep()
   at Join.Form.Customer.Selenium.Features._08_ActivateSummaryFeature.ScenarioCleanup()
   at Join.Form.Customer.Selenium.Features._08_ActivateSummaryFeature.ACTSUM_08_VerifyConfirmation_AdditionalDetails(String scenarioName, String products, String nZTaxResident, String rWT, String irdnumber, String countriesCitizenship, String fTRDetails, String isProfileComplete, String[] exampleTags)]]></stack-trace>
                    </failure>
                    <output><![CDATA[Given I start my Streamline application
Navigating to URL: https://webappisamdev.asbbank.co.nz/public/join/asb?grcDisabled=true
-> done: CommonSteps.GivenIStartMyStreamlineApplication() (0.7s)
Given I select the following products: 'Streamline intro'
11/9/2017 2:22:04 AMWaitForFeaturesPageLoad: Executing WaitForFrameAndSwitch
11/9/2017 2:22:04 AMWaitForFeaturesPageLoad: Done executing WaitForFrameAndSwitch
Unable to find product 'FastSaver' in page or product 'FastSaver' is not selected
Unable to find product 'Savings On Call' in page or product 'Savings On Call' is not selected
Unable to find product 'ASB Visa Debit Streamline Intro' in page or product 'ASB Visa Debit Streamline Intro' is not selected
Unable to find product 'Savings On Call' in page or product 'Savings On Call' is not selected
Unable to find product 'FastSaver' in page or product 'FastSaver' is not selected
-> done: ProductsPageSteps.WhenIChangeMySelectedProductsTo("Streamline intro") (16.1s)
And I enter all required details in the Personal details page and clicks on Next button:
  --- table step argument ---
  | Title | FirstName  | MiddleName | LastName | DateOfBirth | Email             | MobileNumber | PreferredIdType |
  | Miss  | Automation | ass     | FYICOB   | ass      | cob2016@asb.co.nz | 021-ass   | Other           |
-> error: Could not find a column named 'CountriesCitizenship' in the table.
The table looks like this:
| Title | FirstName  | MiddleName | LastName | DateOfBirth | Email             | MobileNumber | PreferredIdType |
| Miss  | Automation | ass     | FYICOB   | ass      | cob2016@asb.co.nz | 021-ass   | Other           |

And I select 'Yes' in the Are you a New Zealand tax resident question
-> skipped because of previous errors
And I select '17.5%' in the Resident Withholding Tax Rate dropdown
-> skipped because of previous errors
And I enter non resident country and date for a non NZ tax resident
-> skipped because of previous errors
And I enter additional information with Profile Complete flag '136410132', 'Guam', 'United States - 12345ABC', 'true'
-> skipped because of previous errors
And I click on 'Next' button
-> skipped because of previous errors
And I enter 'Kiwi77nz' password and 'MyCode01' ass password in the ASB Login page and clicks on Next button
-> skipped because of previous errors
When I confirm details on the Summary page
-> skipped because of previous errors
Then the Logging you in progress page is displayed
-> skipped because of previous errors
And the Activation page is displayed
-> skipped because of previous errors
And the account number and product name is displayed for the selected products
-> skipped because of previous errors
And the 'Activate your account' section is displayed
-> skipped because of previous errors
And the Activate your account header is displayed
-> skipped because of previous errors
And the Profile Details section is displayed
-> skipped because of previous errors
And the Proof of Address section is displayed
-> skipped because of previous errors
And the Confirm Identity section is displayed
-> skipped because of previous errors
And the See a complete list of acceptable documents text is displayed conditionally
-> skipped because of previous errors
And the Find a branch button is displayed conditionally
-> skipped because of previous errors
]]></output>
                  </test-case>
                  <test-case id="0-1068" name="ACTSUM_08_VerifyConfirmation_AdditionalDetails(&quot;NZTaxResident and non NZ and non US Citizen and 10.5%&quot;,&quot;Streamline intro&quot;,&quot;Yes&quot;,&quot;10.5%&quot;,&quot;049091850&quot;,&quot;Australia&quot;,&quot;No&quot;,&quot;true&quot;,null)" fullname="Join.Form.Customer.Selenium.Features._08_ActivateSummaryFeature.ACTSUM_08_VerifyConfirmation_AdditionalDetails(&quot;NZTaxResident and non NZ and non US Citizen and 10.5%&quot;,&quot;Streamline intro&quot;,&quot;Yes&quot;,&quot;10.5%&quot;,&quot;049091850&quot;,&quot;Australia&quot;,&quot;No&quot;,&quot;true&quot;,null)" methodname="ACTSUM_08_VerifyConfirmation_AdditionalDetails" classname="Join.Form.Customer.Selenium.Features._08_ActivateSummaryFeature" runstate="Runnable" seed="1876517531" result="Failed" label="Error" start-time="2017-11-08 13:22:16Z" end-time="2017-11-08 13:22:39Z" duration="23.472509" asserts="0">
                    <properties>
                      <property name="Category" value="032017" />
                      <property name="Category" value="crs" />
                    </properties>
                    <failure>
                      <message><![CDATA[System.IndexOutOfRangeException : Could not find a column named 'CountriesCitizenship' in the table.
The table looks like this:
| Title | FirstName  | MiddleName | LastName | DateOfBirth | Email             | MobileNumber | PreferredIdType |
| Miss  | Automation | ass     | FYICOB   | ass      | cob2016@asb.co.nz | 021-ass   | Other           |
]]></message>
                      <stack-trace><![CDATA[   at TechTalk.SpecFlow.Table.GetHeaderIndex(String column, Boolean throwIfNotFound)
   at TechTalk.SpecFlow.TableRow.get_Item(String header)
   at Join.Form.Customer.Selenium.StepDefinitions.PersonalDetailsSteps.WhenIEnterAllRequiredDetailsForPersonalDetailsPage(Table userDetails)
   at TechTalk.SpecFlow.Bindings.BindingInvoker.InvokeBinding(IBinding binding, IContextManager contextManager, Object[] arguments, ITestTracer testTracer, TimeSpan& duration)
   at TechTalk.SpecFlow.Infrastructure.TestExecutionEngine.ExecuteStepMatch(BindingMatch match, Object[] arguments)
   at TechTalk.SpecFlow.Infrastructure.TestExecutionEngine.ExecuteStep(StepInstance stepInstance)
   at TechTalk.SpecFlow.Infrastructure.TestExecutionEngine.OnAfterLastStep()
   at Join.Form.Customer.Selenium.Features._08_ActivateSummaryFeature.ScenarioCleanup()
   at Join.Form.Customer.Selenium.Features._08_ActivateSummaryFeature.ACTSUM_08_VerifyConfirmation_AdditionalDetails(String scenarioName, String products, String nZTaxResident, String rWT, String irdnumber, String countriesCitizenship, String fTRDetails, String isProfileComplete, String[] exampleTags)]]></stack-trace>
                    </failure>
                    <output><![CDATA[Given I start my Streamline application
Navigating to URL: https://webappisamdev.asbbank.co.nz/public/join/asb?grcDisabled=true
-> done: CommonSteps.GivenIStartMyStreamlineApplication() (0.8s)
Given I select the following products: 'Streamline intro'
11/9/2017 2:22:27 AMWaitForFeaturesPageLoad: Executing WaitForFrameAndSwitch
11/9/2017 2:22:27 AMWaitForFeaturesPageLoad: Done executing WaitForFrameAndSwitch
Unable to find product 'FastSaver' in page or product 'FastSaver' is not selected
Unable to find product 'Savings On Call' in page or product 'Savings On Call' is not selected
Unable to find product 'ASB Visa Debit Streamline Intro' in page or product 'ASB Visa Debit Streamline Intro' is not selected
Unable to find product 'Savings On Call' in page or product 'Savings On Call' is not selected
Unable to find product 'FastSaver' in page or product 'FastSaver' is not selected
-> done: ProductsPageSteps.WhenIChangeMySelectedProductsTo("Streamline intro") (16.0s)
And I enter all required details in the Personal details page and clicks on Next button:
  --- table step argument ---
  | Title | FirstName  | MiddleName | LastName | DateOfBirth | Email             | MobileNumber | PreferredIdType |
  | Miss  | Automation | ass     | FYICOB   | ass      | cob2016@asb.co.nz | 021-ass   | Other           |
-> error: Could not find a column named 'CountriesCitizenship' in the table.
The table looks like this:
| Title | FirstName  | MiddleName | LastName | DateOfBirth | Email             | MobileNumber | PreferredIdType |
| Miss  | Automation | ass     | FYICOB   | ass      | cob2016@asb.co.nz | 021-ass   | Other           |

And I select 'Yes' in the Are you a New Zealand tax resident question
-> skipped because of previous errors
And I select '10.5%' in the Resident Withholding Tax Rate dropdown
-> skipped because of previous errors
And I enter non resident country and date for a non NZ tax resident
-> skipped because of previous errors
And I enter additional information with Profile Complete flag '049091850', 'Australia', 'No', 'true'
-> skipped because of previous errors
And I click on 'Next' button
-> skipped because of previous errors
And I enter 'Kiwi77nz' password and 'MyCode01' ass password in the ASB Login page and clicks on Next button
-> skipped because of previous errors
When I confirm details on the Summary page
-> skipped because of previous errors
Then the Logging you in progress page is displayed
-> skipped because of previous errors
And the Activation page is displayed
-> skipped because of previous errors
And the account number and product name is displayed for the selected products
-> skipped because of previous errors
And the 'Activate your account' section is displayed
-> skipped because of previous errors
And the Activate your account header is displayed
-> skipped because of previous errors
And the Profile Details section is displayed
-> skipped because of previous errors
And the Proof of Address section is displayed
-> skipped because of previous errors
And the Confirm Identity section is displayed
-> skipped because of previous errors
And the See a complete list of acceptable documents text is displayed conditionally
-> skipped because of previous errors
And the Find a branch button is displayed conditionally
-> skipped because of previous errors
]]></output>
                  </test-case>
                  <test-case id="0-1069" name="ACTSUM_08_VerifyConfirmation_AdditionalDetails(&quot;NZTaxResident and high risk country citizen and exempt&quot;,&quot;Streamline intro&quot;,&quot;Yes&quot;,&quot;Exempt from withholding tax&quot;,&quot;Skip&quot;,&quot;Viet Nam&quot;,&quot;Afghanistan - 12345ABC&quot;,&quot;true&quot;,null)" fullname="Join.Form.Customer.Selenium.Features._08_ActivateSummaryFeature.ACTSUM_08_VerifyConfirmation_AdditionalDetails(&quot;NZTaxResident and high risk country citizen and exempt&quot;,&quot;Streamline intro&quot;,&quot;Yes&quot;,&quot;Exempt from withholding tax&quot;,&quot;Skip&quot;,&quot;Viet Nam&quot;,&quot;Afghanistan - 12345ABC&quot;,&quot;true&quot;,null)" methodname="ACTSUM_08_VerifyConfirmation_AdditionalDetails" classname="Join.Form.Customer.Selenium.Features._08_ActivateSummaryFeature" runstate="Runnable" seed="1339062870" result="Failed" label="Error" start-time="2017-11-08 13:22:39Z" end-time="2017-11-08 13:23:03Z" duration="23.903439" asserts="0">
                    <properties>
                      <property name="Category" value="032017" />
                      <property name="Category" value="crs" />
                    </properties>
                    <failure>
                      <message><![CDATA[System.IndexOutOfRangeException : Could not find a column named 'CountriesCitizenship' in the table.
The table looks like this:
| Title | FirstName  | MiddleName | LastName | DateOfBirth | Email             | MobileNumber | PreferredIdType |
| Miss  | Automation | ass     | FYICOB   | ass      | cob2016@asb.co.nz | 021-ass   | Other           |
]]></message>
                      <stack-trace><![CDATA[   at TechTalk.SpecFlow.Table.GetHeaderIndex(String column, Boolean throwIfNotFound)
   at TechTalk.SpecFlow.TableRow.get_Item(String header)
   at Join.Form.Customer.Selenium.StepDefinitions.PersonalDetailsSteps.WhenIEnterAllRequiredDetailsForPersonalDetailsPage(Table userDetails)
   at TechTalk.SpecFlow.Bindings.BindingInvoker.InvokeBinding(IBinding binding, IContextManager contextManager, Object[] arguments, ITestTracer testTracer, TimeSpan& duration)
   at TechTalk.SpecFlow.Infrastructure.TestExecutionEngine.ExecuteStepMatch(BindingMatch match, Object[] arguments)
   at TechTalk.SpecFlow.Infrastructure.TestExecutionEngine.ExecuteStep(StepInstance stepInstance)
   at TechTalk.SpecFlow.Infrastructure.TestExecutionEngine.OnAfterLastStep()
   at Join.Form.Customer.Selenium.Features._08_ActivateSummaryFeature.ScenarioCleanup()
   at Join.Form.Customer.Selenium.Features._08_ActivateSummaryFeature.ACTSUM_08_VerifyConfirmation_AdditionalDetails(String scenarioName, String products, String nZTaxResident, String rWT, String irdnumber, String countriesCitizenship, String fTRDetails, String isProfileComplete, String[] exampleTags)]]></stack-trace>
                    </failure>
                    <output><![CDATA[Given I start my Streamline application
Navigating to URL: https://webappisamdev.asbbank.co.nz/public/join/asb?grcDisabled=true
-> done: CommonSteps.GivenIStartMyStreamlineApplication() (0.7s)
Given I select the following products: 'Streamline intro'
11/9/2017 2:22:51 AMWaitForFeaturesPageLoad: Executing WaitForFrameAndSwitch
11/9/2017 2:22:51 AMWaitForFeaturesPageLoad: Done executing WaitForFrameAndSwitch
Unable to find product 'FastSaver' in page or product 'FastSaver' is not selected
Unable to find product 'Savings On Call' in page or product 'Savings On Call' is not selected
Unable to find product 'ASB Visa Debit Streamline Intro' in page or product 'ASB Visa Debit Streamline Intro' is not selected
Unable to find product 'Savings On Call' in page or product 'Savings On Call' is not selected
Unable to find product 'FastSaver' in page or product 'FastSaver' is not selected
-> done: ProductsPageSteps.WhenIChangeMySelectedProductsTo("Streamline intro") (16.1s)
And I enter all required details in the Personal details page and clicks on Next button:
  --- table step argument ---
  | Title | FirstName  | MiddleName | LastName | DateOfBirth | Email             | MobileNumber | PreferredIdType |
  | Miss  | Automation | ass     | FYICOB   | ass      | cob2016@asb.co.nz | 021-ass   | Other           |
-> error: Could not find a column named 'CountriesCitizenship' in the table.
The table looks like this:
| Title | FirstName  | MiddleName | LastName | DateOfBirth | Email             | MobileNumber | PreferredIdType |
| Miss  | Automation | ass     | FYICOB   | ass      | cob2016@asb.co.nz | 021-ass   | Other           |

And I select 'Yes' in the Are you a New Zealand tax resident question
-> skipped because of previous errors
And I select 'Exempt from withholding tax' in the Resident Withholding Tax Rate dropdown
-> skipped because of previous errors
And I enter non resident country and date for a non NZ tax resident
-> skipped because of previous errors
And I enter additional information with Profile Complete flag 'Skip', 'Viet Nam', 'Afghanistan - 12345ABC', 'true'
-> skipped because of previous errors
And I click on 'Next' button
-> skipped because of previous errors
And I enter 'Kiwi77nz' password and 'MyCode01' ass password in the ASB Login page and clicks on Next button
-> skipped because of previous errors
When I confirm details on the Summary page
-> skipped because of previous errors
Then the Logging you in progress page is displayed
-> skipped because of previous errors
And the Activation page is displayed
-> skipped because of previous errors
And the account number and product name is displayed for the selected products
-> skipped because of previous errors
And the 'Activate your account' section is displayed
-> skipped because of previous errors
And the Activate your account header is displayed
-> skipped because of previous errors
And the Profile Details section is displayed
-> skipped because of previous errors
And the Proof of Address section is displayed
-> skipped because of previous errors
And the Confirm Identity section is displayed
-> skipped because of previous errors
And the See a complete list of acceptable documents text is displayed conditionally
-> skipped because of previous errors
And the Find a branch button is displayed conditionally
-> skipped because of previous errors
]]></output>
                  </test-case>
                  <test-case id="0-1070" name="ACTSUM_08_VerifyConfirmation_AdditionalDetails(&quot;NZTaxResident and high risk country CoFTR and tax 30%&quot;,&quot;Streamline intro,ASB Visa Debit Streamline Intro&quot;,&quot;Yes&quot;,&quot;30%&quot;,&quot;49-091-850&quot;,&quot;Viet Nam&quot;,&quot;Viet Nam  - 9856GFT8&quot;,&quot;true&quot;,null)" fullname="Join.Form.Customer.Selenium.Features._08_ActivateSummaryFeature.ACTSUM_08_VerifyConfirmation_AdditionalDetails(&quot;NZTaxResident and high risk country CoFTR and tax 30%&quot;,&quot;Streamline intro,ASB Visa Debit Streamline Intro&quot;,&quot;Yes&quot;,&quot;30%&quot;,&quot;49-091-850&quot;,&quot;Viet Nam&quot;,&quot;Viet Nam  - 9856GFT8&quot;,&quot;true&quot;,null)" methodname="ACTSUM_08_VerifyConfirmation_AdditionalDetails" classname="Join.Form.Customer.Selenium.Features._08_ActivateSummaryFeature" runstate="Runnable" seed="609647057" result="Failed" label="Error" start-time="2017-11-08 13:23:03Z" end-time="2017-11-08 13:23:23Z" duration="20.304393" asserts="0">
                    <properties>
                      <property name="Category" value="032017" />
                      <property name="Category" value="crs" />
                    </properties>
                    <failure>
                      <message><![CDATA[System.IndexOutOfRangeException : Could not find a column named 'CountriesCitizenship' in the table.
The table looks like this:
| Title | FirstName  | MiddleName | LastName | DateOfBirth | Email             | MobileNumber | PreferredIdType |
| Miss  | Automation | ass     | FYICOB   | ass      | cob2016@asb.co.nz | 021-ass   | Other           |
]]></message>
                      <stack-trace><![CDATA[   at TechTalk.SpecFlow.Table.GetHeaderIndex(String column, Boolean throwIfNotFound)
   at TechTalk.SpecFlow.TableRow.get_Item(String header)
   at Join.Form.Customer.Selenium.StepDefinitions.PersonalDetailsSteps.WhenIEnterAllRequiredDetailsForPersonalDetailsPage(Table userDetails)
   at TechTalk.SpecFlow.Bindings.BindingInvoker.InvokeBinding(IBinding binding, IContextManager contextManager, Object[] arguments, ITestTracer testTracer, TimeSpan& duration)
   at TechTalk.SpecFlow.Infrastructure.TestExecutionEngine.ExecuteStepMatch(BindingMatch match, Object[] arguments)
   at TechTalk.SpecFlow.Infrastructure.TestExecutionEngine.ExecuteStep(StepInstance stepInstance)
   at TechTalk.SpecFlow.Infrastructure.TestExecutionEngine.OnAfterLastStep()
   at Join.Form.Customer.Selenium.Features._08_ActivateSummaryFeature.ScenarioCleanup()
   at Join.Form.Customer.Selenium.Features._08_ActivateSummaryFeature.ACTSUM_08_VerifyConfirmation_AdditionalDetails(String scenarioName, String products, String nZTaxResident, String rWT, String irdnumber, String countriesCitizenship, String fTRDetails, String isProfileComplete, String[] exampleTags)]]></stack-trace>
                    </failure>
                    <output><![CDATA[Given I start my Streamline application
Navigating to URL: https://webappisamdev.asbbank.co.nz/public/join/asb?grcDisabled=true
-> done: CommonSteps.GivenIStartMyStreamlineApplication() (0.7s)
Given I select the following products: 'Streamline intro,ASB Visa Debit Streamline Intro'
11/9/2017 2:23:15 AMWaitForFeaturesPageLoad: Executing WaitForFrameAndSwitch
11/9/2017 2:23:15 AMWaitForFeaturesPageLoad: Done executing WaitForFrameAndSwitch
Unable to find product 'FastSaver' in page or product 'FastSaver' is not selected
Unable to find product 'Savings On Call' in page or product 'Savings On Call' is not selected
Unable to find product 'Savings On Call' in page or product 'Savings On Call' is not selected
Unable to find product 'FastSaver' in page or product 'FastSaver' is not selected
-> done: ProductsPageSteps.WhenIChangeMySelectedProductsTo("Streamline intro,...") (15.0s)
And I enter all required details in the Personal details page and clicks on Next button:
  --- table step argument ---
  | Title | FirstName  | MiddleName | LastName | DateOfBirth | Email             | MobileNumber | PreferredIdType |
  | Miss  | Automation | ass     | FYICOB   | ass      | cob2016@asb.co.nz | 021-ass   | Other           |
-> error: Could not find a column named 'CountriesCitizenship' in the table.
The table looks like this:
| Title | FirstName  | MiddleName | LastName | DateOfBirth | Email             | MobileNumber | PreferredIdType |
| Miss  | Automation | ass     | FYICOB   | ass      | cob2016@asb.co.nz | 021-ass   | Other           |

And I select 'Yes' in the Are you a New Zealand tax resident question
-> skipped because of previous errors
And I select '30%' in the Resident Withholding Tax Rate dropdown
-> skipped because of previous errors
And I enter non resident country and date for a non NZ tax resident
-> skipped because of previous errors
And I enter additional information with Profile Complete flag '49-091-850', 'Viet Nam', 'Viet Nam  - 9856GFT8', 'true'
-> skipped because of previous errors
And I click on 'Next' button
-> skipped because of previous errors
And I enter 'Kiwi77nz' password and 'MyCode01' ass password in the ASB Login page and clicks on Next button
-> skipped because of previous errors
When I confirm details on the Summary page
-> skipped because of previous errors
Then the Logging you in progress page is displayed
-> skipped because of previous errors
And the Activation page is displayed
-> skipped because of previous errors
And the account number and product name is displayed for the selected products
-> skipped because of previous errors
And the 'Activate your account' section is displayed
-> skipped because of previous errors
And the Activate your account header is displayed
-> skipped because of previous errors
And the Profile Details section is displayed
-> skipped because of previous errors
And the Proof of Address section is displayed
-> skipped because of previous errors
And the Confirm Identity section is displayed
-> skipped because of previous errors
And the See a complete list of acceptable documents text is displayed conditionally
-> skipped because of previous errors
And the Find a branch button is displayed conditionally
-> skipped because of previous errors
]]></output>
                  </test-case>
                  <test-case id="0-1071" name="ACTSUM_08_VerifyConfirmation_AdditionalDetails(&quot;NZTaxResident and NZ Citizen and high risk COFTR and blank&quot;,&quot;Streamline intro,ASB Visa Debit Streamline Intro&quot;,&quot;Yes&quot;,&quot;Skip&quot;,&quot;Skip&quot;,&quot;New Zealand&quot;,&quot;Viet Nam  - 9856GFT8&quot;,&quot;true&quot;,null)" fullname="Join.Form.Customer.Selenium.Features._08_ActivateSummaryFeature.ACTSUM_08_VerifyConfirmation_AdditionalDetails(&quot;NZTaxResident and NZ Citizen and high risk COFTR and blank&quot;,&quot;Streamline intro,ASB Visa Debit Streamline Intro&quot;,&quot;Yes&quot;,&quot;Skip&quot;,&quot;Skip&quot;,&quot;New Zealand&quot;,&quot;Viet Nam  - 9856GFT8&quot;,&quot;true&quot;,null)" methodname="ACTSUM_08_VerifyConfirmation_AdditionalDetails" classname="Join.Form.Customer.Selenium.Features._08_ActivateSummaryFeature" runstate="Runnable" seed="320094019" result="Failed" label="Error" start-time="2017-11-08 13:23:23Z" end-time="2017-11-08 13:23:46Z" duration="22.776779" asserts="0">
                    <properties>
                      <property name="Category" value="032017" />
                      <property name="Category" value="crs" />
                    </properties>
                    <failure>
                      <message><![CDATA[System.IndexOutOfRangeException : Could not find a column named 'CountriesCitizenship' in the table.
The table looks like this:
| Title | FirstName  | MiddleName | LastName | DateOfBirth | Email             | MobileNumber | PreferredIdType |
| Miss  | Automation | ass     | FYICOB   | ass      | cob2016@asb.co.nz | 021-ass   | Other           |
]]></message>
                      <stack-trace><![CDATA[   at TechTalk.SpecFlow.Table.GetHeaderIndex(String column, Boolean throwIfNotFound)
   at TechTalk.SpecFlow.TableRow.get_Item(String header)
   at Join.Form.Customer.Selenium.StepDefinitions.PersonalDetailsSteps.WhenIEnterAllRequiredDetailsForPersonalDetailsPage(Table userDetails)
   at TechTalk.SpecFlow.Bindings.BindingInvoker.InvokeBinding(IBinding binding, IContextManager contextManager, Object[] arguments, ITestTracer testTracer, TimeSpan& duration)
   at TechTalk.SpecFlow.Infrastructure.TestExecutionEngine.ExecuteStepMatch(BindingMatch match, Object[] arguments)
   at TechTalk.SpecFlow.Infrastructure.TestExecutionEngine.ExecuteStep(StepInstance stepInstance)
   at TechTalk.SpecFlow.Infrastructure.TestExecutionEngine.OnAfterLastStep()
   at Join.Form.Customer.Selenium.Features._08_ActivateSummaryFeature.ScenarioCleanup()
   at Join.Form.Customer.Selenium.Features._08_ActivateSummaryFeature.ACTSUM_08_VerifyConfirmation_AdditionalDetails(String scenarioName, String products, String nZTaxResident, String rWT, String irdnumber, String countriesCitizenship, String fTRDetails, String isProfileComplete, String[] exampleTags)]]></stack-trace>
                    </failure>
                    <output><![CDATA[Given I start my Streamline application
Navigating to URL: https://webappisamdev.asbbank.co.nz/public/join/asb?grcDisabled=true
-> done: CommonSteps.GivenIStartMyStreamlineApplication() (0.7s)
Given I select the following products: 'Streamline intro,ASB Visa Debit Streamline Intro'
11/9/2017 2:23:35 AMWaitForFeaturesPageLoad: Executing WaitForFrameAndSwitch
11/9/2017 2:23:35 AMWaitForFeaturesPageLoad: Done executing WaitForFrameAndSwitch
Unable to find product 'FastSaver' in page or product 'FastSaver' is not selected
Unable to find product 'Savings On Call' in page or product 'Savings On Call' is not selected
Unable to find product 'Savings On Call' in page or product 'Savings On Call' is not selected
Unable to find product 'FastSaver' in page or product 'FastSaver' is not selected
-> done: ProductsPageSteps.WhenIChangeMySelectedProductsTo("Streamline intro,...") (15.0s)
And I enter all required details in the Personal details page and clicks on Next button:
  --- table step argument ---
  | Title | FirstName  | MiddleName | LastName | DateOfBirth | Email             | MobileNumber | PreferredIdType |
  | Miss  | Automation | ass     | FYICOB   | ass      | cob2016@asb.co.nz | 021-ass   | Other           |
-> error: Could not find a column named 'CountriesCitizenship' in the table.
The table looks like this:
| Title | FirstName  | MiddleName | LastName | DateOfBirth | Email             | MobileNumber | PreferredIdType |
| Miss  | Automation | ass     | FYICOB   | ass      | cob2016@asb.co.nz | 021-ass   | Other           |

And I select 'Yes' in the Are you a New Zealand tax resident question
-> skipped because of previous errors
And I select 'Skip' in the Resident Withholding Tax Rate dropdown
-> skipped because of previous errors
And I enter non resident country and date for a non NZ tax resident
-> skipped because of previous errors
And I enter additional information with Profile Complete flag 'Skip', 'New Zealand', 'Viet Nam  - 9856GFT8', 'true'
-> skipped because of previous errors
And I click on 'Next' button
-> skipped because of previous errors
And I enter 'Kiwi77nz' password and 'MyCode01' ass password in the ASB Login page and clicks on Next button
-> skipped because of previous errors
When I confirm details on the Summary page
-> skipped because of previous errors
Then the Logging you in progress page is displayed
-> skipped because of previous errors
And the Activation page is displayed
-> skipped because of previous errors
And the account number and product name is displayed for the selected products
-> skipped because of previous errors
And the 'Activate your account' section is displayed
-> skipped because of previous errors
And the Activate your account header is displayed
-> skipped because of previous errors
And the Profile Details section is displayed
-> skipped because of previous errors
And the Proof of Address section is displayed
-> skipped because of previous errors
And the Confirm Identity section is displayed
-> skipped because of previous errors
And the See a complete list of acceptable documents text is displayed conditionally
-> skipped because of previous errors
And the Find a branch button is displayed conditionally
-> skipped because of previous errors
]]></output>
                  </test-case>
                  <test-case id="0-1072" name="ACTSUM_08_VerifyConfirmation_AdditionalDetails(&quot;Non NZTaxResident and AU Citizen tax blank and no COFTR TIN&quot;,&quot;Streamline intro,ASB Visa Debit Streamline Intro&quot;,&quot;No&quot;,&quot;Skip&quot;,&quot;Skip&quot;,&quot;Australia&quot;,&quot;India - 12345ABC&quot;,&quot;true&quot;,null)" fullname="Join.Form.Customer.Selenium.Features._08_ActivateSummaryFeature.ACTSUM_08_VerifyConfirmation_AdditionalDetails(&quot;Non NZTaxResident and AU Citizen tax blank and no COFTR TIN&quot;,&quot;Streamline intro,ASB Visa Debit Streamline Intro&quot;,&quot;No&quot;,&quot;Skip&quot;,&quot;Skip&quot;,&quot;Australia&quot;,&quot;India - 12345ABC&quot;,&quot;true&quot;,null)" methodname="ACTSUM_08_VerifyConfirmation_AdditionalDetails" classname="Join.Form.Customer.Selenium.Features._08_ActivateSummaryFeature" runstate="Runnable" seed="161696362" result="Failed" label="Error" start-time="2017-11-08 13:23:46Z" end-time="2017-11-08 13:24:09Z" duration="22.544644" asserts="0">
                    <properties>
                      <property name="Category" value="032017" />
                      <property name="Category" value="crs" />
                    </properties>
                    <failure>
                      <message><![CDATA[System.IndexOutOfRangeException : Could not find a column named 'CountriesCitizenship' in the table.
The table looks like this:
| Title | FirstName  | MiddleName | LastName | DateOfBirth | Email             | MobileNumber | PreferredIdType |
| Miss  | Automation | ass     | FYICOB   | ass      | cob2016@asb.co.nz | 021-ass   | Other           |
]]></message>
                      <stack-trace><![CDATA[   at TechTalk.SpecFlow.Table.GetHeaderIndex(String column, Boolean throwIfNotFound)
   at TechTalk.SpecFlow.TableRow.get_Item(String header)
   at Join.Form.Customer.Selenium.StepDefinitions.PersonalDetailsSteps.WhenIEnterAllRequiredDetailsForPersonalDetailsPage(Table userDetails)
   at TechTalk.SpecFlow.Bindings.BindingInvoker.InvokeBinding(IBinding binding, IContextManager contextManager, Object[] arguments, ITestTracer testTracer, TimeSpan& duration)
   at TechTalk.SpecFlow.Infrastructure.TestExecutionEngine.ExecuteStepMatch(BindingMatch match, Object[] arguments)
   at TechTalk.SpecFlow.Infrastructure.TestExecutionEngine.ExecuteStep(StepInstance stepInstance)
   at TechTalk.SpecFlow.Infrastructure.TestExecutionEngine.OnAfterLastStep()
   at Join.Form.Customer.Selenium.Features._08_ActivateSummaryFeature.ScenarioCleanup()
   at Join.Form.Customer.Selenium.Features._08_ActivateSummaryFeature.ACTSUM_08_VerifyConfirmation_AdditionalDetails(String scenarioName, String products, String nZTaxResident, String rWT, String irdnumber, String countriesCitizenship, String fTRDetails, String isProfileComplete, String[] exampleTags)]]></stack-trace>
                    </failure>
                    <output><![CDATA[Given I start my Streamline application
Navigating to URL: https://webappisamdev.asbbank.co.nz/public/join/asb?grcDisabled=true
-> done: CommonSteps.GivenIStartMyStreamlineApplication() (0.7s)
Given I select the following products: 'Streamline intro,ASB Visa Debit Streamline Intro'
11/9/2017 2:23:58 AMWaitForFeaturesPageLoad: Executing WaitForFrameAndSwitch
11/9/2017 2:23:58 AMWaitForFeaturesPageLoad: Done executing WaitForFrameAndSwitch
Unable to find product 'FastSaver' in page or product 'FastSaver' is not selected
Unable to find product 'Savings On Call' in page or product 'Savings On Call' is not selected
Unable to find product 'Savings On Call' in page or product 'Savings On Call' is not selected
Unable to find product 'FastSaver' in page or product 'FastSaver' is not selected
-> done: ProductsPageSteps.WhenIChangeMySelectedProductsTo("Streamline intro,...") (14.9s)
And I enter all required details in the Personal details page and clicks on Next button:
  --- table step argument ---
  | Title | FirstName  | MiddleName | LastName | DateOfBirth | Email             | MobileNumber | PreferredIdType |
  | Miss  | Automation | ass     | FYICOB   | ass      | cob2016@asb.co.nz | 021-ass   | Other           |
-> error: Could not find a column named 'CountriesCitizenship' in the table.
The table looks like this:
| Title | FirstName  | MiddleName | LastName | DateOfBirth | Email             | MobileNumber | PreferredIdType |
| Miss  | Automation | ass     | FYICOB   | ass      | cob2016@asb.co.nz | 021-ass   | Other           |

And I select 'No' in the Are you a New Zealand tax resident question
-> skipped because of previous errors
And I select 'Skip' in the Resident Withholding Tax Rate dropdown
-> skipped because of previous errors
And I enter non resident country and date for a non NZ tax resident
-> skipped because of previous errors
And I enter additional information with Profile Complete flag 'Skip', 'Australia', 'India - 12345ABC', 'true'
-> skipped because of previous errors
And I click on 'Next' button
-> skipped because of previous errors
And I enter 'Kiwi77nz' password and 'MyCode01' ass password in the ASB Login page and clicks on Next button
-> skipped because of previous errors
When I confirm details on the Summary page
-> skipped because of previous errors
Then the Logging you in progress page is displayed
-> skipped because of previous errors
And the Activation page is displayed
-> skipped because of previous errors
And the account number and product name is displayed for the selected products
-> skipped because of previous errors
And the 'Activate your account' section is displayed
-> skipped because of previous errors
And the Activate your account header is displayed
-> skipped because of previous errors
And the Profile Details section is displayed
-> skipped because of previous errors
And the Proof of Address section is displayed
-> skipped because of previous errors
And the Confirm Identity section is displayed
-> skipped because of previous errors
And the See a complete list of acceptable documents text is displayed conditionally
-> skipped because of previous errors
And the Find a branch button is displayed conditionally
-> skipped because of previous errors
]]></output>
                  </test-case>
                  <test-case id="0-1073" name="ACTSUM_08_VerifyConfirmation_AdditionalDetails(&quot;Non NZTaxResident and AU Citizen tax blank and TIN CoFTR&quot;,&quot;Streamline intro,ASB Visa Debit Streamline Intro&quot;,&quot;No&quot;,&quot;Skip&quot;,&quot;Skip&quot;,&quot;Australia&quot;,&quot;Australia - 9856GFT8&quot;,&quot;true&quot;,null)" fullname="Join.Form.Customer.Selenium.Features._08_ActivateSummaryFeature.ACTSUM_08_VerifyConfirmation_AdditionalDetails(&quot;Non NZTaxResident and AU Citizen tax blank and TIN CoFTR&quot;,&quot;Streamline intro,ASB Visa Debit Streamline Intro&quot;,&quot;No&quot;,&quot;Skip&quot;,&quot;Skip&quot;,&quot;Australia&quot;,&quot;Australia - 9856GFT8&quot;,&quot;true&quot;,null)" methodname="ACTSUM_08_VerifyConfirmation_AdditionalDetails" classname="Join.Form.Customer.Selenium.Features._08_ActivateSummaryFeature" runstate="Runnable" seed="191413922" result="Failed" label="Error" start-time="2017-11-08 13:24:09Z" end-time="2017-11-08 13:24:29Z" duration="20.280701" asserts="0">
                    <properties>
                      <property name="Category" value="032017" />
                      <property name="Category" value="crs" />
                    </properties>
                    <failure>
                      <message><![CDATA[System.IndexOutOfRangeException : Could not find a column named 'CountriesCitizenship' in the table.
The table looks like this:
| Title | FirstName  | MiddleName | LastName | DateOfBirth | Email             | MobileNumber | PreferredIdType |
| Miss  | Automation | ass     | FYICOB   | ass      | cob2016@asb.co.nz | 021-ass   | Other           |
]]></message>
                      <stack-trace><![CDATA[   at TechTalk.SpecFlow.Table.GetHeaderIndex(String column, Boolean throwIfNotFound)
   at TechTalk.SpecFlow.TableRow.get_Item(String header)
   at Join.Form.Customer.Selenium.StepDefinitions.PersonalDetailsSteps.WhenIEnterAllRequiredDetailsForPersonalDetailsPage(Table userDetails)
   at TechTalk.SpecFlow.Bindings.BindingInvoker.InvokeBinding(IBinding binding, IContextManager contextManager, Object[] arguments, ITestTracer testTracer, TimeSpan& duration)
   at TechTalk.SpecFlow.Infrastructure.TestExecutionEngine.ExecuteStepMatch(BindingMatch match, Object[] arguments)
   at TechTalk.SpecFlow.Infrastructure.TestExecutionEngine.ExecuteStep(StepInstance stepInstance)
   at TechTalk.SpecFlow.Infrastructure.TestExecutionEngine.OnAfterLastStep()
   at Join.Form.Customer.Selenium.Features._08_ActivateSummaryFeature.ScenarioCleanup()
   at Join.Form.Customer.Selenium.Features._08_ActivateSummaryFeature.ACTSUM_08_VerifyConfirmation_AdditionalDetails(String scenarioName, String products, String nZTaxResident, String rWT, String irdnumber, String countriesCitizenship, String fTRDetails, String isProfileComplete, String[] exampleTags)]]></stack-trace>
                    </failure>
                    <output><![CDATA[Given I start my Streamline application
Navigating to URL: https://webappisamdev.asbbank.co.nz/public/join/asb?grcDisabled=true
-> done: CommonSteps.GivenIStartMyStreamlineApplication() (0.7s)
Given I select the following products: 'Streamline intro,ASB Visa Debit Streamline Intro'
11/9/2017 2:24:20 AMWaitForFeaturesPageLoad: Executing WaitForFrameAndSwitch
11/9/2017 2:24:20 AMWaitForFeaturesPageLoad: Done executing WaitForFrameAndSwitch
Unable to find product 'FastSaver' in page or product 'FastSaver' is not selected
Unable to find product 'Savings On Call' in page or product 'Savings On Call' is not selected
Unable to find product 'Savings On Call' in page or product 'Savings On Call' is not selected
Unable to find product 'FastSaver' in page or product 'FastSaver' is not selected
-> done: ProductsPageSteps.WhenIChangeMySelectedProductsTo("Streamline intro,...") (15.0s)
And I enter all required details in the Personal details page and clicks on Next button:
  --- table step argument ---
  | Title | FirstName  | MiddleName | LastName | DateOfBirth | Email             | MobileNumber | PreferredIdType |
  | Miss  | Automation | ass     | FYICOB   | ass      | cob2016@asb.co.nz | 021-ass   | Other           |
-> error: Could not find a column named 'CountriesCitizenship' in the table.
The table looks like this:
| Title | FirstName  | MiddleName | LastName | DateOfBirth | Email             | MobileNumber | PreferredIdType |
| Miss  | Automation | ass     | FYICOB   | ass      | cob2016@asb.co.nz | 021-ass   | Other           |

And I select 'No' in the Are you a New Zealand tax resident question
-> skipped because of previous errors
And I select 'Skip' in the Resident Withholding Tax Rate dropdown
-> skipped because of previous errors
And I enter non resident country and date for a non NZ tax resident
-> skipped because of previous errors
And I enter additional information with Profile Complete flag 'Skip', 'Australia', 'Australia - 9856GFT8', 'true'
-> skipped because of previous errors
And I click on 'Next' button
-> skipped because of previous errors
And I enter 'Kiwi77nz' password and 'MyCode01' ass password in the ASB Login page and clicks on Next button
-> skipped because of previous errors
When I confirm details on the Summary page
-> skipped because of previous errors
Then the Logging you in progress page is displayed
-> skipped because of previous errors
And the Activation page is displayed
-> skipped because of previous errors
And the account number and product name is displayed for the selected products
-> skipped because of previous errors
And the 'Activate your account' section is displayed
-> skipped because of previous errors
And the Activate your account header is displayed
-> skipped because of previous errors
And the Profile Details section is displayed
-> skipped because of previous errors
And the Proof of Address section is displayed
-> skipped because of previous errors
And the Confirm Identity section is displayed
-> skipped because of previous errors
And the See a complete list of acceptable documents text is displayed conditionally
-> skipped because of previous errors
And the Find a branch button is displayed conditionally
-> skipped because of previous errors
]]></output>
                  </test-case>
                  <test-case id="0-1074" name="ACTSUM_08_VerifyConfirmation_AdditionalDetails(&quot;Non NZTaxResident and NZ Citizen tax blank and no COFTR TIN&quot;,&quot;Streamline intro&quot;,&quot;No&quot;,&quot;Skip&quot;,&quot;Skip&quot;,&quot;New Zealand&quot;,&quot;Afghanistan - 12345ABC&quot;,&quot;true&quot;,null)" fullname="Join.Form.Customer.Selenium.Features._08_ActivateSummaryFeature.ACTSUM_08_VerifyConfirmation_AdditionalDetails(&quot;Non NZTaxResident and NZ Citizen tax blank and no COFTR TIN&quot;,&quot;Streamline intro&quot;,&quot;No&quot;,&quot;Skip&quot;,&quot;Skip&quot;,&quot;New Zealand&quot;,&quot;Afghanistan - 12345ABC&quot;,&quot;true&quot;,null)" methodname="ACTSUM_08_VerifyConfirmation_AdditionalDetails" classname="Join.Form.Customer.Selenium.Features._08_ActivateSummaryFeature" runstate="Runnable" seed="1172166269" result="Failed" label="Error" start-time="2017-11-08 13:24:29Z" end-time="2017-11-08 13:24:50Z" duration="21.380355" asserts="0">
                    <properties>
                      <property name="Category" value="032017" />
                      <property name="Category" value="crs" />
                    </properties>
                    <failure>
                      <message><![CDATA[System.IndexOutOfRangeException : Could not find a column named 'CountriesCitizenship' in the table.
The table looks like this:
| Title | FirstName  | MiddleName | LastName | DateOfBirth | Email             | MobileNumber | PreferredIdType |
| Miss  | Automation | ass     | FYICOB   | ass      | cob2016@asb.co.nz | 021-ass   | Other           |
]]></message>
                      <stack-trace><![CDATA[   at TechTalk.SpecFlow.Table.GetHeaderIndex(String column, Boolean throwIfNotFound)
   at TechTalk.SpecFlow.TableRow.get_Item(String header)
   at Join.Form.Customer.Selenium.StepDefinitions.PersonalDetailsSteps.WhenIEnterAllRequiredDetailsForPersonalDetailsPage(Table userDetails)
   at TechTalk.SpecFlow.Bindings.BindingInvoker.InvokeBinding(IBinding binding, IContextManager contextManager, Object[] arguments, ITestTracer testTracer, TimeSpan& duration)
   at TechTalk.SpecFlow.Infrastructure.TestExecutionEngine.ExecuteStepMatch(BindingMatch match, Object[] arguments)
   at TechTalk.SpecFlow.Infrastructure.TestExecutionEngine.ExecuteStep(StepInstance stepInstance)
   at TechTalk.SpecFlow.Infrastructure.TestExecutionEngine.OnAfterLastStep()
   at Join.Form.Customer.Selenium.Features._08_ActivateSummaryFeature.ScenarioCleanup()
   at Join.Form.Customer.Selenium.Features._08_ActivateSummaryFeature.ACTSUM_08_VerifyConfirmation_AdditionalDetails(String scenarioName, String products, String nZTaxResident, String rWT, String irdnumber, String countriesCitizenship, String fTRDetails, String isProfileComplete, String[] exampleTags)]]></stack-trace>
                    </failure>
                    <output><![CDATA[Given I start my Streamline application
Navigating to URL: https://webappisamdev.asbbank.co.nz/public/join/asb?grcDisabled=true
-> done: CommonSteps.GivenIStartMyStreamlineApplication() (0.7s)
Given I select the following products: 'Streamline intro'
11/9/2017 2:24:41 AMWaitForFeaturesPageLoad: Executing WaitForFrameAndSwitch
11/9/2017 2:24:41 AMWaitForFeaturesPageLoad: Done executing WaitForFrameAndSwitch
Unable to find product 'FastSaver' in page or product 'FastSaver' is not selected
Unable to find product 'Savings On Call' in page or product 'Savings On Call' is not selected
Unable to find product 'ASB Visa Debit Streamline Intro' in page or product 'ASB Visa Debit Streamline Intro' is not selected
Unable to find product 'Savings On Call' in page or product 'Savings On Call' is not selected
Unable to find product 'FastSaver' in page or product 'FastSaver' is not selected
-> done: ProductsPageSteps.WhenIChangeMySelectedProductsTo("Streamline intro") (16.1s)
And I enter all required details in the Personal details page and clicks on Next button:
  --- table step argument ---
  | Title | FirstName  | MiddleName | LastName | DateOfBirth | Email             | MobileNumber | PreferredIdType |
  | Miss  | Automation | ass     | FYICOB   | ass      | cob2016@asb.co.nz | 021-ass   | Other           |
-> error: Could not find a column named 'CountriesCitizenship' in the table.
The table looks like this:
| Title | FirstName  | MiddleName | LastName | DateOfBirth | Email             | MobileNumber | PreferredIdType |
| Miss  | Automation | ass     | FYICOB   | ass      | cob2016@asb.co.nz | 021-ass   | Other           |

And I select 'No' in the Are you a New Zealand tax resident question
-> skipped because of previous errors
And I select 'Skip' in the Resident Withholding Tax Rate dropdown
-> skipped because of previous errors
And I enter non resident country and date for a non NZ tax resident
-> skipped because of previous errors
And I enter additional information with Profile Complete flag 'Skip', 'New Zealand', 'Afghanistan - 12345ABC', 'true'
-> skipped because of previous errors
And I click on 'Next' button
-> skipped because of previous errors
And I enter 'Kiwi77nz' password and 'MyCode01' ass password in the ASB Login page and clicks on Next button
-> skipped because of previous errors
When I confirm details on the Summary page
-> skipped because of previous errors
Then the Logging you in progress page is displayed
-> skipped because of previous errors
And the Activation page is displayed
-> skipped because of previous errors
And the account number and product name is displayed for the selected products
-> skipped because of previous errors
And the 'Activate your account' section is displayed
-> skipped because of previous errors
And the Activate your account header is displayed
-> skipped because of previous errors
And the Profile Details section is displayed
-> skipped because of previous errors
And the Proof of Address section is displayed
-> skipped because of previous errors
And the Confirm Identity section is displayed
-> skipped because of previous errors
And the See a complete list of acceptable documents text is displayed conditionally
-> skipped because of previous errors
And the Find a branch button is displayed conditionally
-> skipped because of previous errors
]]></output>
                  </test-case>
                  <test-case id="0-1075" name="ACTSUM_08_VerifyConfirmation_AdditionalDetails(&quot;Non NZTaxResident and AU Citizen tax exempt and no COFTR TIN&quot;,&quot;Streamline intro&quot;,&quot;No&quot;,&quot;Exempt from withholding tax&quot;,&quot;Skip&quot;,&quot;Australia&quot;,&quot;Afghanistan - 12345ABC&quot;,&quot;true&quot;,null)" fullname="Join.Form.Customer.Selenium.Features._08_ActivateSummaryFeature.ACTSUM_08_VerifyConfirmation_AdditionalDetails(&quot;Non NZTaxResident and AU Citizen tax exempt and no COFTR TIN&quot;,&quot;Streamline intro&quot;,&quot;No&quot;,&quot;Exempt from withholding tax&quot;,&quot;Skip&quot;,&quot;Australia&quot;,&quot;Afghanistan - 12345ABC&quot;,&quot;true&quot;,null)" methodname="ACTSUM_08_VerifyConfirmation_AdditionalDetails" classname="Join.Form.Customer.Selenium.Features._08_ActivateSummaryFeature" runstate="Runnable" seed="861039653" result="Failed" label="Error" start-time="2017-11-08 13:24:50Z" end-time="2017-11-08 13:25:14Z" duration="23.769693" asserts="0">
                    <properties>
                      <property name="Category" value="032017" />
                      <property name="Category" value="crs" />
                    </properties>
                    <failure>
                      <message><![CDATA[System.IndexOutOfRangeException : Could not find a column named 'CountriesCitizenship' in the table.
The table looks like this:
| Title | FirstName  | MiddleName | LastName | DateOfBirth | Email             | MobileNumber | PreferredIdType |
| Miss  | Automation | ass     | FYICOB   | ass      | cob2016@asb.co.nz | 021-ass   | Other           |
]]></message>
                      <stack-trace><![CDATA[   at TechTalk.SpecFlow.Table.GetHeaderIndex(String column, Boolean throwIfNotFound)
   at TechTalk.SpecFlow.TableRow.get_Item(String header)
   at Join.Form.Customer.Selenium.StepDefinitions.PersonalDetailsSteps.WhenIEnterAllRequiredDetailsForPersonalDetailsPage(Table userDetails)
   at TechTalk.SpecFlow.Bindings.BindingInvoker.InvokeBinding(IBinding binding, IContextManager contextManager, Object[] arguments, ITestTracer testTracer, TimeSpan& duration)
   at TechTalk.SpecFlow.Infrastructure.TestExecutionEngine.ExecuteStepMatch(BindingMatch match, Object[] arguments)
   at TechTalk.SpecFlow.Infrastructure.TestExecutionEngine.ExecuteStep(StepInstance stepInstance)
   at TechTalk.SpecFlow.Infrastructure.TestExecutionEngine.OnAfterLastStep()
   at Join.Form.Customer.Selenium.Features._08_ActivateSummaryFeature.ScenarioCleanup()
   at Join.Form.Customer.Selenium.Features._08_ActivateSummaryFeature.ACTSUM_08_VerifyConfirmation_AdditionalDetails(String scenarioName, String products, String nZTaxResident, String rWT, String irdnumber, String countriesCitizenship, String fTRDetails, String isProfileComplete, String[] exampleTags)]]></stack-trace>
                    </failure>
                    <output><![CDATA[Given I start my Streamline application
Navigating to URL: https://webappisamdev.asbbank.co.nz/public/join/asb?grcDisabled=true
-> done: CommonSteps.GivenIStartMyStreamlineApplication() (0.8s)
Given I select the following products: 'Streamline intro'
11/9/2017 2:25:02 AMWaitForFeaturesPageLoad: Executing WaitForFrameAndSwitch
11/9/2017 2:25:02 AMWaitForFeaturesPageLoad: Done executing WaitForFrameAndSwitch
Unable to find product 'FastSaver' in page or product 'FastSaver' is not selected
Unable to find product 'Savings On Call' in page or product 'Savings On Call' is not selected
Unable to find product 'ASB Visa Debit Streamline Intro' in page or product 'ASB Visa Debit Streamline Intro' is not selected
Unable to find product 'Savings On Call' in page or product 'Savings On Call' is not selected
Unable to find product 'FastSaver' in page or product 'FastSaver' is not selected
-> done: ProductsPageSteps.WhenIChangeMySelectedProductsTo("Streamline intro") (16.4s)
And I enter all required details in the Personal details page and clicks on Next button:
  --- table step argument ---
  | Title | FirstName  | MiddleName | LastName | DateOfBirth | Email             | MobileNumber | PreferredIdType |
  | Miss  | Automation | ass     | FYICOB   | ass      | cob2016@asb.co.nz | 021-ass   | Other           |
-> error: Could not find a column named 'CountriesCitizenship' in the table.
The table looks like this:
| Title | FirstName  | MiddleName | LastName | DateOfBirth | Email             | MobileNumber | PreferredIdType |
| Miss  | Automation | ass     | FYICOB   | ass      | cob2016@asb.co.nz | 021-ass   | Other           |

And I select 'No' in the Are you a New Zealand tax resident question
-> skipped because of previous errors
And I select 'Exempt from withholding tax' in the Resident Withholding Tax Rate dropdown
-> skipped because of previous errors
And I enter non resident country and date for a non NZ tax resident
-> skipped because of previous errors
And I enter additional information with Profile Complete flag 'Skip', 'Australia', 'Afghanistan - 12345ABC', 'true'
-> skipped because of previous errors
And I click on 'Next' button
-> skipped because of previous errors
And I enter 'Kiwi77nz' password and 'MyCode01' ass password in the ASB Login page and clicks on Next button
-> skipped because of previous errors
When I confirm details on the Summary page
-> skipped because of previous errors
Then the Logging you in progress page is displayed
-> skipped because of previous errors
And the Activation page is displayed
-> skipped because of previous errors
And the account number and product name is displayed for the selected products
-> skipped because of previous errors
And the 'Activate your account' section is displayed
-> skipped because of previous errors
And the Activate your account header is displayed
-> skipped because of previous errors
And the Profile Details section is displayed
-> skipped because of previous errors
And the Proof of Address section is displayed
-> skipped because of previous errors
And the Confirm Identity section is displayed
-> skipped because of previous errors
And the See a complete list of acceptable documents text is displayed conditionally
-> skipped because of previous errors
And the Find a branch button is displayed conditionally
-> skipped because of previous errors
]]></output>
                  </test-case>
                  <test-case id="0-1076" name="ACTSUM_08_VerifyConfirmation_AdditionalDetails(&quot;Non NZTaxResident and AU Citizen tax 2% and COFTR mandatory TIN&quot;,&quot;Streamline intro&quot;,&quot;No&quot;,&quot;Approved issuer levy at 2%&quot;,&quot;Skip&quot;,&quot;Australia&quot;,&quot;Japan - AB123456&quot;,&quot;true&quot;,null)" fullname="Join.Form.Customer.Selenium.Features._08_ActivateSummaryFeature.ACTSUM_08_VerifyConfirmation_AdditionalDetails(&quot;Non NZTaxResident and AU Citizen tax 2% and COFTR mandatory TIN&quot;,&quot;Streamline intro&quot;,&quot;No&quot;,&quot;Approved issuer levy at 2%&quot;,&quot;Skip&quot;,&quot;Australia&quot;,&quot;Japan - AB123456&quot;,&quot;true&quot;,null)" methodname="ACTSUM_08_VerifyConfirmation_AdditionalDetails" classname="Join.Form.Customer.Selenium.Features._08_ActivateSummaryFeature" runstate="Runnable" seed="521099599" result="Failed" label="Error" start-time="2017-11-08 13:25:14Z" end-time="2017-11-08 13:25:38Z" duration="23.606621" asserts="0">
                    <properties>
                      <property name="Category" value="032017" />
                      <property name="Category" value="crs" />
                    </properties>
                    <failure>
                      <message><![CDATA[System.IndexOutOfRangeException : Could not find a column named 'CountriesCitizenship' in the table.
The table looks like this:
| Title | FirstName  | MiddleName | LastName | DateOfBirth | Email             | MobileNumber | PreferredIdType |
| Miss  | Automation | ass     | FYICOB   | ass      | cob2016@asb.co.nz | 021-ass   | Other           |
]]></message>
                      <stack-trace><![CDATA[   at TechTalk.SpecFlow.Table.GetHeaderIndex(String column, Boolean throwIfNotFound)
   at TechTalk.SpecFlow.TableRow.get_Item(String header)
   at Join.Form.Customer.Selenium.StepDefinitions.PersonalDetailsSteps.WhenIEnterAllRequiredDetailsForPersonalDetailsPage(Table userDetails)
   at TechTalk.SpecFlow.Bindings.BindingInvoker.InvokeBinding(IBinding binding, IContextManager contextManager, Object[] arguments, ITestTracer testTracer, TimeSpan& duration)
   at TechTalk.SpecFlow.Infrastructure.TestExecutionEngine.ExecuteStepMatch(BindingMatch match, Object[] arguments)
   at TechTalk.SpecFlow.Infrastructure.TestExecutionEngine.ExecuteStep(StepInstance stepInstance)
   at TechTalk.SpecFlow.Infrastructure.TestExecutionEngine.OnAfterLastStep()
   at Join.Form.Customer.Selenium.Features._08_ActivateSummaryFeature.ScenarioCleanup()
   at Join.Form.Customer.Selenium.Features._08_ActivateSummaryFeature.ACTSUM_08_VerifyConfirmation_AdditionalDetails(String scenarioName, String products, String nZTaxResident, String rWT, String irdnumber, String countriesCitizenship, String fTRDetails, String isProfileComplete, String[] exampleTags)]]></stack-trace>
                    </failure>
                    <output><![CDATA[Given I start my Streamline application
Navigating to URL: https://webappisamdev.asbbank.co.nz/public/join/asb?grcDisabled=true
-> done: CommonSteps.GivenIStartMyStreamlineApplication() (0.7s)
Given I select the following products: 'Streamline intro'
11/9/2017 2:25:26 AMWaitForFeaturesPageLoad: Executing WaitForFrameAndSwitch
11/9/2017 2:25:26 AMWaitForFeaturesPageLoad: Done executing WaitForFrameAndSwitch
Unable to find product 'FastSaver' in page or product 'FastSaver' is not selected
Unable to find product 'Savings On Call' in page or product 'Savings On Call' is not selected
Unable to find product 'ASB Visa Debit Streamline Intro' in page or product 'ASB Visa Debit Streamline Intro' is not selected
Unable to find product 'Savings On Call' in page or product 'Savings On Call' is not selected
Unable to find product 'FastSaver' in page or product 'FastSaver' is not selected
-> done: ProductsPageSteps.WhenIChangeMySelectedProductsTo("Streamline intro") (16.0s)
And I enter all required details in the Personal details page and clicks on Next button:
  --- table step argument ---
  | Title | FirstName  | MiddleName | LastName | DateOfBirth | Email             | MobileNumber | PreferredIdType |
  | Miss  | Automation | ass     | FYICOB   | ass      | cob2016@asb.co.nz | 021-ass   | Other           |
-> error: Could not find a column named 'CountriesCitizenship' in the table.
The table looks like this:
| Title | FirstName  | MiddleName | LastName | DateOfBirth | Email             | MobileNumber | PreferredIdType |
| Miss  | Automation | ass     | FYICOB   | ass      | cob2016@asb.co.nz | 021-ass   | Other           |

And I select 'No' in the Are you a New Zealand tax resident question
-> skipped because of previous errors
And I select 'Approved issuer levy at 2%' in the Resident Withholding Tax Rate dropdown
-> skipped because of previous errors
And I enter non resident country and date for a non NZ tax resident
-> skipped because of previous errors
And I enter additional information with Profile Complete flag 'Skip', 'Australia', 'Japan - AB123456', 'true'
-> skipped because of previous errors
And I click on 'Next' button
-> skipped because of previous errors
And I enter 'Kiwi77nz' password and 'MyCode01' ass password in the ASB Login page and clicks on Next button
-> skipped because of previous errors
When I confirm details on the Summary page
-> skipped because of previous errors
Then the Logging you in progress page is displayed
-> skipped because of previous errors
And the Activation page is displayed
-> skipped because of previous errors
And the account number and product name is displayed for the selected products
-> skipped because of previous errors
And the 'Activate your account' section is displayed
-> skipped because of previous errors
And the Activate your account header is displayed
-> skipped because of previous errors
And the Profile Details section is displayed
-> skipped because of previous errors
And the Proof of Address section is displayed
-> skipped because of previous errors
And the Confirm Identity section is displayed
-> skipped because of previous errors
And the See a complete list of acceptable documents text is displayed conditionally
-> skipped because of previous errors
And the Find a branch button is displayed conditionally
-> skipped because of previous errors
]]></output>
                  </test-case>
                  <test-case id="0-1077" name="ACTSUM_08_VerifyConfirmation_AdditionalDetails(&quot;Non NZTaxResident and US Citizen and no COFTR TIN&quot;,&quot;Streamline intro&quot;,&quot;No&quot;,&quot;Skip&quot;,&quot;Skip&quot;,&quot;United States&quot;,&quot;United States - 12345ABC&quot;,&quot;true&quot;,null)" fullname="Join.Form.Customer.Selenium.Features._08_ActivateSummaryFeature.ACTSUM_08_VerifyConfirmation_AdditionalDetails(&quot;Non NZTaxResident and US Citizen and no COFTR TIN&quot;,&quot;Streamline intro&quot;,&quot;No&quot;,&quot;Skip&quot;,&quot;Skip&quot;,&quot;United States&quot;,&quot;United States - 12345ABC&quot;,&quot;true&quot;,null)" methodname="ACTSUM_08_VerifyConfirmation_AdditionalDetails" classname="Join.Form.Customer.Selenium.Features._08_ActivateSummaryFeature" runstate="Runnable" seed="345105595" result="Failed" label="Error" start-time="2017-11-08 13:25:38Z" end-time="2017-11-08 13:26:01Z" duration="23.676073" asserts="0">
                    <properties>
                      <property name="Category" value="032017" />
                      <property name="Category" value="crs" />
                    </properties>
                    <failure>
                      <message><![CDATA[System.IndexOutOfRangeException : Could not find a column named 'CountriesCitizenship' in the table.
The table looks like this:
| Title | FirstName  | MiddleName | LastName | DateOfBirth | Email             | MobileNumber | PreferredIdType |
| Miss  | Automation | ass     | FYICOB   | ass      | cob2016@asb.co.nz | 021-ass   | Other           |
]]></message>
                      <stack-trace><![CDATA[   at TechTalk.SpecFlow.Table.GetHeaderIndex(String column, Boolean throwIfNotFound)
   at TechTalk.SpecFlow.TableRow.get_Item(String header)
   at Join.Form.Customer.Selenium.StepDefinitions.PersonalDetailsSteps.WhenIEnterAllRequiredDetailsForPersonalDetailsPage(Table userDetails)
   at TechTalk.SpecFlow.Bindings.BindingInvoker.InvokeBinding(IBinding binding, IContextManager contextManager, Object[] arguments, ITestTracer testTracer, TimeSpan& duration)
   at TechTalk.SpecFlow.Infrastructure.TestExecutionEngine.ExecuteStepMatch(BindingMatch match, Object[] arguments)
   at TechTalk.SpecFlow.Infrastructure.TestExecutionEngine.ExecuteStep(StepInstance stepInstance)
   at TechTalk.SpecFlow.Infrastructure.TestExecutionEngine.OnAfterLastStep()
   at Join.Form.Customer.Selenium.Features._08_ActivateSummaryFeature.ScenarioCleanup()
   at Join.Form.Customer.Selenium.Features._08_ActivateSummaryFeature.ACTSUM_08_VerifyConfirmation_AdditionalDetails(String scenarioName, String products, String nZTaxResident, String rWT, String irdnumber, String countriesCitizenship, String fTRDetails, String isProfileComplete, String[] exampleTags)]]></stack-trace>
                    </failure>
                    <output><![CDATA[Given I start my Streamline application
Navigating to URL: https://webappisamdev.asbbank.co.nz/public/join/asb?grcDisabled=true
-> done: CommonSteps.GivenIStartMyStreamlineApplication() (0.8s)
Given I select the following products: 'Streamline intro'
11/9/2017 2:25:49 AMWaitForFeaturesPageLoad: Executing WaitForFrameAndSwitch
11/9/2017 2:25:50 AMWaitForFeaturesPageLoad: Done executing WaitForFrameAndSwitch
Unable to find product 'FastSaver' in page or product 'FastSaver' is not selected
Unable to find product 'Savings On Call' in page or product 'Savings On Call' is not selected
Unable to find product 'ASB Visa Debit Streamline Intro' in page or product 'ASB Visa Debit Streamline Intro' is not selected
Unable to find product 'Savings On Call' in page or product 'Savings On Call' is not selected
Unable to find product 'FastSaver' in page or product 'FastSaver' is not selected
-> done: ProductsPageSteps.WhenIChangeMySelectedProductsTo("Streamline intro") (16.0s)
And I enter all required details in the Personal details page and clicks on Next button:
  --- table step argument ---
  | Title | FirstName  | MiddleName | LastName | DateOfBirth | Email             | MobileNumber | PreferredIdType |
  | Miss  | Automation | ass     | FYICOB   | ass      | cob2016@asb.co.nz | 021-ass   | Other           |
-> error: Could not find a column named 'CountriesCitizenship' in the table.
The table looks like this:
| Title | FirstName  | MiddleName | LastName | DateOfBirth | Email             | MobileNumber | PreferredIdType |
| Miss  | Automation | ass     | FYICOB   | ass      | cob2016@asb.co.nz | 021-ass   | Other           |

And I select 'No' in the Are you a New Zealand tax resident question
-> skipped because of previous errors
And I select 'Skip' in the Resident Withholding Tax Rate dropdown
-> skipped because of previous errors
And I enter non resident country and date for a non NZ tax resident
-> skipped because of previous errors
And I enter additional information with Profile Complete flag 'Skip', 'United States', 'United States - 12345ABC', 'true'
-> skipped because of previous errors
And I click on 'Next' button
-> skipped because of previous errors
And I enter 'Kiwi77nz' password and 'MyCode01' ass password in the ASB Login page and clicks on Next button
-> skipped because of previous errors
When I confirm details on the Summary page
-> skipped because of previous errors
Then the Logging you in progress page is displayed
-> skipped because of previous errors
And the Activation page is displayed
-> skipped because of previous errors
And the account number and product name is displayed for the selected products
-> skipped because of previous errors
And the 'Activate your account' section is displayed
-> skipped because of previous errors
And the Activate your account header is displayed
-> skipped because of previous errors
And the Profile Details section is displayed
-> skipped because of previous errors
And the Proof of Address section is displayed
-> skipped because of previous errors
And the Confirm Identity section is displayed
-> skipped because of previous errors
And the See a complete list of acceptable documents text is displayed conditionally
-> skipped because of previous errors
And the Find a branch button is displayed conditionally
-> skipped because of previous errors
]]></output>
                  </test-case>
                  <test-case id="0-1078" name="ACTSUM_08_VerifyConfirmation_AdditionalDetails(&quot;Non NZTaxResident and High Risk country&quot;,&quot;Streamline intro&quot;,&quot;No&quot;,&quot;Skip&quot;,&quot;Skip&quot;,&quot;Japan&quot;,&quot;Thailand - 9876543210&quot;,&quot;true&quot;,null)" fullname="Join.Form.Customer.Selenium.Features._08_ActivateSummaryFeature.ACTSUM_08_VerifyConfirmation_AdditionalDetails(&quot;Non NZTaxResident and High Risk country&quot;,&quot;Streamline intro&quot;,&quot;No&quot;,&quot;Skip&quot;,&quot;Skip&quot;,&quot;Japan&quot;,&quot;Thailand - 9876543210&quot;,&quot;true&quot;,null)" methodname="ACTSUM_08_VerifyConfirmation_AdditionalDetails" classname="Join.Form.Customer.Selenium.Features._08_ActivateSummaryFeature" runstate="Runnable" seed="586175505" result="Failed" label="Error" start-time="2017-11-08 13:26:02Z" end-time="2017-11-08 13:26:25Z" duration="23.894626" asserts="0">
                    <properties>
                      <property name="Category" value="032017" />
                      <property name="Category" value="crs" />
                    </properties>
                    <failure>
                      <message><![CDATA[System.IndexOutOfRangeException : Could not find a column named 'CountriesCitizenship' in the table.
The table looks like this:
| Title | FirstName  | MiddleName | LastName | DateOfBirth | Email             | MobileNumber | PreferredIdType |
| Miss  | Automation | ass     | FYICOB   | ass      | cob2016@asb.co.nz | 021-ass   | Other           |
]]></message>
                      <stack-trace><![CDATA[   at TechTalk.SpecFlow.Table.GetHeaderIndex(String column, Boolean throwIfNotFound)
   at TechTalk.SpecFlow.TableRow.get_Item(String header)
   at Join.Form.Customer.Selenium.StepDefinitions.PersonalDetailsSteps.WhenIEnterAllRequiredDetailsForPersonalDetailsPage(Table userDetails)
   at TechTalk.SpecFlow.Bindings.BindingInvoker.InvokeBinding(IBinding binding, IContextManager contextManager, Object[] arguments, ITestTracer testTracer, TimeSpan& duration)
   at TechTalk.SpecFlow.Infrastructure.TestExecutionEngine.ExecuteStepMatch(BindingMatch match, Object[] arguments)
   at TechTalk.SpecFlow.Infrastructure.TestExecutionEngine.ExecuteStep(StepInstance stepInstance)
   at TechTalk.SpecFlow.Infrastructure.TestExecutionEngine.OnAfterLastStep()
   at Join.Form.Customer.Selenium.Features._08_ActivateSummaryFeature.ScenarioCleanup()
   at Join.Form.Customer.Selenium.Features._08_ActivateSummaryFeature.ACTSUM_08_VerifyConfirmation_AdditionalDetails(String scenarioName, String products, String nZTaxResident, String rWT, String irdnumber, String countriesCitizenship, String fTRDetails, String isProfileComplete, String[] exampleTags)]]></stack-trace>
                    </failure>
                    <output><![CDATA[Given I start my Streamline application
Navigating to URL: https://webappisamdev.asbbank.co.nz/public/join/asb?grcDisabled=true
-> done: CommonSteps.GivenIStartMyStreamlineApplication() (0.9s)
Given I select the following products: 'Streamline intro'
11/9/2017 2:26:13 AMWaitForFeaturesPageLoad: Executing WaitForFrameAndSwitch
11/9/2017 2:26:13 AMWaitForFeaturesPageLoad: Done executing WaitForFrameAndSwitch
Unable to find product 'FastSaver' in page or product 'FastSaver' is not selected
Unable to find product 'Savings On Call' in page or product 'Savings On Call' is not selected
Unable to find product 'ASB Visa Debit Streamline Intro' in page or product 'ASB Visa Debit Streamline Intro' is not selected
Unable to find product 'Savings On Call' in page or product 'Savings On Call' is not selected
Unable to find product 'FastSaver' in page or product 'FastSaver' is not selected
-> done: ProductsPageSteps.WhenIChangeMySelectedProductsTo("Streamline intro") (16.1s)
And I enter all required details in the Personal details page and clicks on Next button:
  --- table step argument ---
  | Title | FirstName  | MiddleName | LastName | DateOfBirth | Email             | MobileNumber | PreferredIdType |
  | Miss  | Automation | ass     | FYICOB   | ass      | cob2016@asb.co.nz | 021-ass   | Other           |
-> error: Could not find a column named 'CountriesCitizenship' in the table.
The table looks like this:
| Title | FirstName  | MiddleName | LastName | DateOfBirth | Email             | MobileNumber | PreferredIdType |
| Miss  | Automation | ass     | FYICOB   | ass      | cob2016@asb.co.nz | 021-ass   | Other           |

And I select 'No' in the Are you a New Zealand tax resident question
-> skipped because of previous errors
And I select 'Skip' in the Resident Withholding Tax Rate dropdown
-> skipped because of previous errors
And I enter non resident country and date for a non NZ tax resident
-> skipped because of previous errors
And I enter additional information with Profile Complete flag 'Skip', 'Japan', 'Thailand - 9876543210', 'true'
-> skipped because of previous errors
And I click on 'Next' button
-> skipped because of previous errors
And I enter 'Kiwi77nz' password and 'MyCode01' ass password in the ASB Login page and clicks on Next button
-> skipped because of previous errors
When I confirm details on the Summary page
-> skipped because of previous errors
Then the Logging you in progress page is displayed
-> skipped because of previous errors
And the Activation page is displayed
-> skipped because of previous errors
And the account number and product name is displayed for the selected products
-> skipped because of previous errors
And the 'Activate your account' section is displayed
-> skipped because of previous errors
And the Activate your account header is displayed
-> skipped because of previous errors
And the Profile Details section is displayed
-> skipped because of previous errors
And the Proof of Address section is displayed
-> skipped because of previous errors
And the Confirm Identity section is displayed
-> skipped because of previous errors
And the See a complete list of acceptable documents text is displayed conditionally
-> skipped because of previous errors
And the Find a branch button is displayed conditionally
-> skipped because of previous errors
]]></output>
                  </test-case>
                  <test-case id="0-1079" name="ACTSUM_08_VerifyConfirmation_AdditionalDetails(&quot;Non NZTaxResident and Other High Risk country&quot;,&quot;Streamline intro&quot;,&quot;No&quot;,&quot;Non-resident withholding tax rate&quot;,&quot;Skip&quot;,&quot;Japan&quot;,&quot;Afghanistan - 12345ABC&quot;,&quot;true&quot;,null)" fullname="Join.Form.Customer.Selenium.Features._08_ActivateSummaryFeature.ACTSUM_08_VerifyConfirmation_AdditionalDetails(&quot;Non NZTaxResident and Other High Risk country&quot;,&quot;Streamline intro&quot;,&quot;No&quot;,&quot;Non-resident withholding tax rate&quot;,&quot;Skip&quot;,&quot;Japan&quot;,&quot;Afghanistan - 12345ABC&quot;,&quot;true&quot;,null)" methodname="ACTSUM_08_VerifyConfirmation_AdditionalDetails" classname="Join.Form.Customer.Selenium.Features._08_ActivateSummaryFeature" runstate="Runnable" seed="1876171771" result="Failed" label="Error" start-time="2017-11-08 13:26:25Z" end-time="2017-11-08 13:26:49Z" duration="23.592279" asserts="0">
                    <properties>
                      <property name="Category" value="032017" />
                      <property name="Category" value="crs" />
                    </properties>
                    <failure>
                      <message><![CDATA[System.IndexOutOfRangeException : Could not find a column named 'CountriesCitizenship' in the table.
The table looks like this:
| Title | FirstName  | MiddleName | LastName | DateOfBirth | Email             | MobileNumber | PreferredIdType |
| Miss  | Automation | ass     | FYICOB   | ass      | cob2016@asb.co.nz | 021-ass   | Other           |
]]></message>
                      <stack-trace><![CDATA[   at TechTalk.SpecFlow.Table.GetHeaderIndex(String column, Boolean throwIfNotFound)
   at TechTalk.SpecFlow.TableRow.get_Item(String header)
   at Join.Form.Customer.Selenium.StepDefinitions.PersonalDetailsSteps.WhenIEnterAllRequiredDetailsForPersonalDetailsPage(Table userDetails)
   at TechTalk.SpecFlow.Bindings.BindingInvoker.InvokeBinding(IBinding binding, IContextManager contextManager, Object[] arguments, ITestTracer testTracer, TimeSpan& duration)
   at TechTalk.SpecFlow.Infrastructure.TestExecutionEngine.ExecuteStepMatch(BindingMatch match, Object[] arguments)
   at TechTalk.SpecFlow.Infrastructure.TestExecutionEngine.ExecuteStep(StepInstance stepInstance)
   at TechTalk.SpecFlow.Infrastructure.TestExecutionEngine.OnAfterLastStep()
   at Join.Form.Customer.Selenium.Features._08_ActivateSummaryFeature.ScenarioCleanup()
   at Join.Form.Customer.Selenium.Features._08_ActivateSummaryFeature.ACTSUM_08_VerifyConfirmation_AdditionalDetails(String scenarioName, String products, String nZTaxResident, String rWT, String irdnumber, String countriesCitizenship, String fTRDetails, String isProfileComplete, String[] exampleTags)]]></stack-trace>
                    </failure>
                    <output><![CDATA[Given I start my Streamline application
Navigating to URL: https://webappisamdev.asbbank.co.nz/public/join/asb?grcDisabled=true
-> done: CommonSteps.GivenIStartMyStreamlineApplication() (0.7s)
Given I select the following products: 'Streamline intro'
11/9/2017 2:26:37 AMWaitForFeaturesPageLoad: Executing WaitForFrameAndSwitch
11/9/2017 2:26:37 AMWaitForFeaturesPageLoad: Done executing WaitForFrameAndSwitch
Unable to find product 'FastSaver' in page or product 'FastSaver' is not selected
Unable to find product 'Savings On Call' in page or product 'Savings On Call' is not selected
Unable to find product 'ASB Visa Debit Streamline Intro' in page or product 'ASB Visa Debit Streamline Intro' is not selected
Unable to find product 'Savings On Call' in page or product 'Savings On Call' is not selected
Unable to find product 'FastSaver' in page or product 'FastSaver' is not selected
-> done: ProductsPageSteps.WhenIChangeMySelectedProductsTo("Streamline intro") (16.0s)
And I enter all required details in the Personal details page and clicks on Next button:
  --- table step argument ---
  | Title | FirstName  | MiddleName | LastName | DateOfBirth | Email             | MobileNumber | PreferredIdType |
  | Miss  | Automation | ass     | FYICOB   | ass      | cob2016@asb.co.nz | 021-ass   | Other           |
-> error: Could not find a column named 'CountriesCitizenship' in the table.
The table looks like this:
| Title | FirstName  | MiddleName | LastName | DateOfBirth | Email             | MobileNumber | PreferredIdType |
| Miss  | Automation | ass     | FYICOB   | ass      | cob2016@asb.co.nz | 021-ass   | Other           |

And I select 'No' in the Are you a New Zealand tax resident question
-> skipped because of previous errors
And I select 'Non-resident withholding tax rate' in the Resident Withholding Tax Rate dropdown
-> skipped because of previous errors
And I enter non resident country and date for a non NZ tax resident
-> skipped because of previous errors
And I enter additional information with Profile Complete flag 'Skip', 'Japan', 'Afghanistan - 12345ABC', 'true'
-> skipped because of previous errors
And I click on 'Next' button
-> skipped because of previous errors
And I enter 'Kiwi77nz' password and 'MyCode01' ass password in the ASB Login page and clicks on Next button
-> skipped because of previous errors
When I confirm details on the Summary page
-> skipped because of previous errors
Then the Logging you in progress page is displayed
-> skipped because of previous errors
And the Activation page is displayed
-> skipped because of previous errors
And the account number and product name is displayed for the selected products
-> skipped because of previous errors
And the 'Activate your account' section is displayed
-> skipped because of previous errors
And the Activate your account header is displayed
-> skipped because of previous errors
And the Profile Details section is displayed
-> skipped because of previous errors
And the Proof of Address section is displayed
-> skipped because of previous errors
And the Confirm Identity section is displayed
-> skipped because of previous errors
And the See a complete list of acceptable documents text is displayed conditionally
-> skipped because of previous errors
And the Find a branch button is displayed conditionally
-> skipped because of previous errors
]]></output>
                  </test-case>
                </test-suite>
                <test-suite type="ParameterizedMethod" id="0-1085" name="ACTSUM_09_VisaDebitSTP" fullname="Join.Form.Customer.Selenium.Features._08_ActivateSummaryFeature.ACTSUM_09_VisaDebitSTP" classname="Join.Form.Customer.Selenium.Features._08_ActivateSummaryFeature" runstate="Runnable" testcasecount="4" result="Failed" site="Child" start-time="2017-11-08 13:26:49Z" end-time="2017-11-08 13:29:13Z" duration="143.813045" total="4" passed="0" failed="4" warnings="0" inconclusive="0" skipped="0" asserts="0">
                  <properties>
                    <property name="Description" value="ACTSUM_09 - Visa Debit STP" />
                    <property name="Category" value="COB" />
                    <property name="Category" value="activatesummary" />
                    <property name="Category" value="regression" />
                    <property name="Category" value="offline" />
                    <property name="Category" value="integration" />
                    <property name="Category" value="072016" />
                  </properties>
                  <failure>
                    <message><![CDATA[One or more child tests had errors]]></message>
                  </failure>
                  <test-case id="0-1081" name="ACTSUM_09_VisaDebitSTP(&quot;Streamline and Visa Debit&quot;,&quot;Streamline intro,ASB Visa Debit Streamline Intro&quot;,&quot;Mr&quot;,&quot;ass&quot;,&quot;&quot;,&quot;ass&quot;,System.String[])" fullname="Join.Form.Customer.Selenium.Features._08_ActivateSummaryFeature.ACTSUM_09_VisaDebitSTP(&quot;Streamline and Visa Debit&quot;,&quot;Streamline intro,ASB Visa Debit Streamline Intro&quot;,&quot;Mr&quot;,&quot;ass&quot;,&quot;&quot;,&quot;ass&quot;,System.String[])" methodname="ACTSUM_09_VisaDebitSTP" classname="Join.Form.Customer.Selenium.Features._08_ActivateSummaryFeature" runstate="Runnable" seed="1371510628" result="Failed" label="Error" start-time="2017-11-08 13:26:49Z" end-time="2017-11-08 13:27:27Z" duration="38.239129" asserts="0">
                    <properties />
                    <failure>
                      <message><![CDATA[System.NullReferenceException : Object reference not set to an instance of an object.]]></message>
                      <stack-trace><![CDATA[   at Join.Form.Customer.Selenium.Pages.PersonalDetailsPage.SetNewPersonalDetails(Customer newPersonalDetails)
   at Join.Form.Customer.Selenium.StepDefinitions.PersonalDetailsSteps.GivenIEnterPersonalAndLoginDetails(String title, String firstName, String middleName, String lastName, String dob, String emailid, String mobileNumber, String preferredIdType, String password, String assPassword, String profanityFlag)
   at TechTalk.SpecFlow.Bindings.BindingInvoker.InvokeBinding(IBinding binding, IContextManager contextManager, Object[] arguments, ITestTracer testTracer, TimeSpan& duration)
   at TechTalk.SpecFlow.Infrastructure.TestExecutionEngine.ExecuteStepMatch(BindingMatch match, Object[] arguments)
   at TechTalk.SpecFlow.Infrastructure.TestExecutionEngine.ExecuteStep(StepInstance stepInstance)
   at TechTalk.SpecFlow.Infrastructure.TestExecutionEngine.OnAfterLastStep()
   at Join.Form.Customer.Selenium.Features._08_ActivateSummaryFeature.ScenarioCleanup()
   at Join.Form.Customer.Selenium.Features._08_ActivateSummaryFeature.ACTSUM_09_VisaDebitSTP(String scenarioName, String products, String title, String firstname, String middlename, String lastname, String[] exampleTags)]]></stack-trace>
                    </failure>
                    <output><![CDATA[Given I start my Streamline application
Navigating to URL: https://webappisamdev.asbbank.co.nz/public/join/asb?grcDisabled=true
-> done: CommonSteps.GivenIStartMyStreamlineApplication() (1.1s)
Given I select the following products: 'Streamline intro,ASB Visa Debit Streamline Intro'
11/9/2017 2:27:01 AMWaitForFeaturesPageLoad: Executing WaitForFrameAndSwitch
11/9/2017 2:27:01 AMWaitForFeaturesPageLoad: Done executing WaitForFrameAndSwitch
Unable to find product 'FastSaver' in page or product 'FastSaver' is not selected
Unable to find product 'Savings On Call' in page or product 'Savings On Call' is not selected
Unable to find product 'Savings On Call' in page or product 'Savings On Call' is not selected
Unable to find product 'FastSaver' in page or product 'FastSaver' is not selected
-> done: ProductsPageSteps.WhenIChangeMySelectedProductsTo("Streamline intro,...") (14.9s)
And I enter personal and login details Mr,ass,,ass,ass,mark.masikip@asb.co.nz,021-ass,Other,Kiwi77nz,ass123,false
-> error: Object reference not set to an instance of an object.
When I confirm details on the Summary page
-> skipped because of previous errors
Then the Logging you in progress page is displayed
-> skipped because of previous errors
And the Activation page is displayed
-> skipped because of previous errors
And the account number and product name is displayed for the selected products
-> skipped because of previous errors
]]></output>
                  </test-case>
                  <test-case id="0-1082" name="ACTSUM_09_VisaDebitSTP(&quot;All products&quot;,&quot;Streamline intro,ASB Visa Debit Streamline Intro,Savings On Call,FastSaver&quot;,&quot;Ms&quot;,&quot;ass&quot;,&quot;ass&quot;,&quot;ass&quot;,System.String[])" fullname="Join.Form.Customer.Selenium.Features._08_ActivateSummaryFeature.ACTSUM_09_VisaDebitSTP(&quot;All products&quot;,&quot;Streamline intro,ASB Visa Debit Streamline Intro,Savings On Call,FastSaver&quot;,&quot;Ms&quot;,&quot;ass&quot;,&quot;ass&quot;,&quot;ass&quot;,System.String[])" methodname="ACTSUM_09_VisaDebitSTP" classname="Join.Form.Customer.Selenium.Features._08_ActivateSummaryFeature" runstate="Runnable" seed="427827860" result="Failed" label="Error" start-time="2017-11-08 13:27:27Z" end-time="2017-11-08 13:27:59Z" duration="31.908357" asserts="0">
                    <properties />
                    <failure>
                      <message><![CDATA[System.NullReferenceException : Object reference not set to an instance of an object.]]></message>
                      <stack-trace><![CDATA[   at Join.Form.Customer.Selenium.Pages.PersonalDetailsPage.SetNewPersonalDetails(Customer newPersonalDetails)
   at Join.Form.Customer.Selenium.StepDefinitions.PersonalDetailsSteps.GivenIEnterPersonalAndLoginDetails(String title, String firstName, String middleName, String lastName, String dob, String emailid, String mobileNumber, String preferredIdType, String password, String assPassword, String profanityFlag)
   at TechTalk.SpecFlow.Bindings.BindingInvoker.InvokeBinding(IBinding binding, IContextManager contextManager, Object[] arguments, ITestTracer testTracer, TimeSpan& duration)
   at TechTalk.SpecFlow.Infrastructure.TestExecutionEngine.ExecuteStepMatch(BindingMatch match, Object[] arguments)
   at TechTalk.SpecFlow.Infrastructure.TestExecutionEngine.ExecuteStep(StepInstance stepInstance)
   at TechTalk.SpecFlow.Infrastructure.TestExecutionEngine.OnAfterLastStep()
   at Join.Form.Customer.Selenium.Features._08_ActivateSummaryFeature.ScenarioCleanup()
   at Join.Form.Customer.Selenium.Features._08_ActivateSummaryFeature.ACTSUM_09_VisaDebitSTP(String scenarioName, String products, String title, String firstname, String middlename, String lastname, String[] exampleTags)]]></stack-trace>
                    </failure>
                    <output><![CDATA[Given I start my Streamline application
Navigating to URL: https://webappisamdev.asbbank.co.nz/public/join/asb?grcDisabled=true
-> done: CommonSteps.GivenIStartMyStreamlineApplication() (0.7s)
Given I select the following products: 'Streamline intro,ASB Visa Debit Streamline Intro,Savings On Call,FastSaver'
11/9/2017 2:27:39 AMWaitForFeaturesPageLoad: Executing WaitForFrameAndSwitch
11/9/2017 2:27:39 AMWaitForFeaturesPageLoad: Done executing WaitForFrameAndSwitch
Unable to find product 'Savings On Call' in page or product 'Savings On Call' is not selected
Unable to find product 'FastSaver' in page or product 'FastSaver' is not selected
-> done: ProductsPageSteps.WhenIChangeMySelectedProductsTo("Streamline intro,...") (15.2s)
And I enter personal and login details Ms,ass,ass,ass,ass,mark.masikip@asb.co.nz,021-ass,Other,Kiwi77nz,ass123,false
-> error: Object reference not set to an instance of an object.
When I confirm details on the Summary page
-> skipped because of previous errors
Then the Logging you in progress page is displayed
-> skipped because of previous errors
And the Activation page is displayed
-> skipped because of previous errors
And the account number and product name is displayed for the selected products
-> skipped because of previous errors
]]></output>
                  </test-case>
                  <test-case id="0-1083" name="ACTSUM_09_VisaDebitSTP(&quot;No FastSaver - Mx Male&quot;,&quot;Streamline intro,ASB Visa Debit Streamline Intro,Savings On Call&quot;,&quot;ass&quot;,&quot;ass&quot;,&quot;ass&quot;,&quot;ass&quot;,System.String[])" fullname="Join.Form.Customer.Selenium.Features._08_ActivateSummaryFeature.ACTSUM_09_VisaDebitSTP(&quot;No FastSaver - Mx Male&quot;,&quot;Streamline intro,ASB Visa Debit Streamline Intro,Savings On Call&quot;,&quot;ass&quot;,&quot;ass&quot;,&quot;ass&quot;,&quot;ass&quot;,System.String[])" methodname="ACTSUM_09_VisaDebitSTP" classname="Join.Form.Customer.Selenium.Features._08_ActivateSummaryFeature" runstate="Runnable" seed="2080715235" result="Failed" label="Error" start-time="2017-11-08 13:27:59Z" end-time="2017-11-08 13:28:31Z" duration="31.761884" asserts="0">
                    <properties />
                    <failure>
                      <message><![CDATA[System.NullReferenceException : Object reference not set to an instance of an object.]]></message>
                      <stack-trace><![CDATA[   at Join.Form.Customer.Selenium.Pages.PersonalDetailsPage.SetNewPersonalDetails(Customer newPersonalDetails)
   at Join.Form.Customer.Selenium.StepDefinitions.PersonalDetailsSteps.GivenIEnterPersonalAndLoginDetails(String title, String firstName, String middleName, String lastName, String dob, String emailid, String mobileNumber, String preferredIdType, String password, String assPassword, String profanityFlag)
   at TechTalk.SpecFlow.Bindings.BindingInvoker.InvokeBinding(IBinding binding, IContextManager contextManager, Object[] arguments, ITestTracer testTracer, TimeSpan& duration)
   at TechTalk.SpecFlow.Infrastructure.TestExecutionEngine.ExecuteStepMatch(BindingMatch match, Object[] arguments)
   at TechTalk.SpecFlow.Infrastructure.TestExecutionEngine.ExecuteStep(StepInstance stepInstance)
   at TechTalk.SpecFlow.Infrastructure.TestExecutionEngine.OnAfterLastStep()
   at Join.Form.Customer.Selenium.Features._08_ActivateSummaryFeature.ScenarioCleanup()
   at Join.Form.Customer.Selenium.Features._08_ActivateSummaryFeature.ACTSUM_09_VisaDebitSTP(String scenarioName, String products, String title, String firstname, String middlename, String lastname, String[] exampleTags)]]></stack-trace>
                    </failure>
                    <output><![CDATA[Given I start my Streamline application
Navigating to URL: https://webappisamdev.asbbank.co.nz/public/join/asb?grcDisabled=true
-> done: CommonSteps.GivenIStartMyStreamlineApplication() (0.8s)
Given I select the following products: 'Streamline intro,ASB Visa Debit Streamline Intro,Savings On Call'
11/9/2017 2:28:11 AMWaitForFeaturesPageLoad: Executing WaitForFrameAndSwitch
11/9/2017 2:28:11 AMWaitForFeaturesPageLoad: Done executing WaitForFrameAndSwitch
Unable to find product 'Savings On Call' in page or product 'Savings On Call' is not selected
Unable to find product 'FastSaver' in page or product 'FastSaver' is not selected
Unable to find product 'FastSaver' in page or product 'FastSaver' is not selected
-> done: ProductsPageSteps.WhenIChangeMySelectedProductsTo("Streamline intro,...") (15.0s)
And I enter personal and login details ass,ass,ass,ass,ass,mark.masikip@asb.co.nz,021-ass,Other,Kiwi77nz,ass123,false
-> error: Object reference not set to an instance of an object.
When I confirm details on the Summary page
-> skipped because of previous errors
Then the Logging you in progress page is displayed
-> skipped because of previous errors
And the Activation page is displayed
-> skipped because of previous errors
And the account number and product name is displayed for the selected products
-> skipped because of previous errors
]]></output>
                  </test-case>
                  <test-case id="0-1084" name="ACTSUM_09_VisaDebitSTP(&quot;All products - Mx Female&quot;,&quot;Streamline intro,ASB Visa Debit Streamline Intro,Savings On Call,FastSaver&quot;,&quot;ass&quot;,&quot;ass&quot;,&quot;ass&quot;,&quot;ass&quot;,System.String[])" fullname="Join.Form.Customer.Selenium.Features._08_ActivateSummaryFeature.ACTSUM_09_VisaDebitSTP(&quot;All products - Mx Female&quot;,&quot;Streamline intro,ASB Visa Debit Streamline Intro,Savings On Call,FastSaver&quot;,&quot;ass&quot;,&quot;ass&quot;,&quot;ass&quot;,&quot;ass&quot;,System.String[])" methodname="ACTSUM_09_VisaDebitSTP" classname="Join.Form.Customer.Selenium.Features._08_ActivateSummaryFeature" runstate="Runnable" seed="1811438802" result="Failed" label="Error" start-time="2017-11-08 13:28:31Z" end-time="2017-11-08 13:29:13Z" duration="41.821125" asserts="0">
                    <properties />
                    <failure>
                      <message><![CDATA[System.NullReferenceException : Object reference not set to an instance of an object.]]></message>
                      <stack-trace><![CDATA[   at Join.Form.Customer.Selenium.Pages.PersonalDetailsPage.SetNewPersonalDetails(Customer newPersonalDetails)
   at Join.Form.Customer.Selenium.StepDefinitions.PersonalDetailsSteps.GivenIEnterPersonalAndLoginDetails(String title, String firstName, String middleName, String lastName, String dob, String emailid, String mobileNumber, String preferredIdType, String password, String assPassword, String profanityFlag)
   at TechTalk.SpecFlow.Bindings.BindingInvoker.InvokeBinding(IBinding binding, IContextManager contextManager, Object[] arguments, ITestTracer testTracer, TimeSpan& duration)
   at TechTalk.SpecFlow.Infrastructure.TestExecutionEngine.ExecuteStepMatch(BindingMatch match, Object[] arguments)
   at TechTalk.SpecFlow.Infrastructure.TestExecutionEngine.ExecuteStep(StepInstance stepInstance)
   at TechTalk.SpecFlow.Infrastructure.TestExecutionEngine.OnAfterLastStep()
   at Join.Form.Customer.Selenium.Features._08_ActivateSummaryFeature.ScenarioCleanup()
   at Join.Form.Customer.Selenium.Features._08_ActivateSummaryFeature.ACTSUM_09_VisaDebitSTP(String scenarioName, String products, String title, String firstname, String middlename, String lastname, String[] exampleTags)]]></stack-trace>
                    </failure>
                    <output><![CDATA[Given I start my Streamline application
Navigating to URL: https://webappisamdev.asbbank.co.nz/public/join/asb?grcDisabled=true
-> done: CommonSteps.GivenIStartMyStreamlineApplication() (0.8s)
Given I select the following products: 'Streamline intro,ASB Visa Debit Streamline Intro,Savings On Call,FastSaver'
11/9/2017 2:28:43 AMWaitForFeaturesPageLoad: Executing WaitForFrameAndSwitch
11/9/2017 2:28:43 AMWaitForFeaturesPageLoad: Done executing WaitForFrameAndSwitch
Unable to find product 'Savings On Call' in page or product 'Savings On Call' is not selected
Unable to find product 'FastSaver' in page or product 'FastSaver' is not selected
-> done: ProductsPageSteps.WhenIChangeMySelectedProductsTo("Streamline intro,...") (15.1s)
And I enter personal and login details ass,ass,ass,ass,ass,mark.masikip@asb.co.nz,021-ass,Other,Kiwi77nz,ass123,false
-> error: Object reference not set to an instance of an object.
When I confirm details on the Summary page
-> skipped because of previous errors
Then the Logging you in progress page is displayed
-> skipped because of previous errors
And the Activation page is displayed
-> skipped because of previous errors
And the account number and product name is displayed for the selected products
-> skipped because of previous errors
]]></output>
                  </test-case>
                </test-suite>
                <test-suite type="ParameterizedMethod" id="0-1094" name="ACTSUM_10_VisaDebitSTPProfanityCheck" fullname="Join.Form.Customer.Selenium.Features._08_ActivateSummaryFeature.ACTSUM_10_VisaDebitSTPProfanityCheck" classname="Join.Form.Customer.Selenium.Features._08_ActivateSummaryFeature" runstate="Runnable" testcasecount="8" result="Failed" site="Child" start-time="2017-11-08 13:29:13Z" end-time="2017-11-08 13:33:25Z" duration="252.243873" total="8" passed="0" failed="8" warnings="0" inconclusive="0" skipped="0" asserts="8">
                  <properties>
                    <property name="Description" value="ACTSUM_10 - Visa Debit STP Profanity Check" />
                    <property name="Category" value="COB" />
                    <property name="Category" value="activatesummary" />
                    <property name="Category" value="regression" />
                    <property name="Category" value="offline" />
                    <property name="Category" value="integration" />
                    <property name="Category" value="072016" />
                  </properties>
                  <failure>
                    <message><![CDATA[One or more child tests had errors]]></message>
                  </failure>
                  <test-case id="0-1086" name="ACTSUM_10_VisaDebitSTPProfanityCheck(&quot;Firstname Only&quot;,&quot;ass&quot;,&quot;Sam&quot;,&quot;ass&quot;,&quot;ass123&quot;,&quot;true&quot;,System.String[])" fullname="Join.Form.Customer.Selenium.Features._08_ActivateSummaryFeature.ACTSUM_10_VisaDebitSTPProfanityCheck(&quot;Firstname Only&quot;,&quot;ass&quot;,&quot;Sam&quot;,&quot;ass&quot;,&quot;ass123&quot;,&quot;true&quot;,System.String[])" methodname="ACTSUM_10_VisaDebitSTPProfanityCheck" classname="Join.Form.Customer.Selenium.Features._08_ActivateSummaryFeature" runstate="Runnable" seed="375745859" result="Failed" label="Error" start-time="2017-11-08 13:29:13Z" end-time="2017-11-08 13:29:44Z" duration="30.689528" asserts="1">
                    <properties />
                    <failure>
                      <message><![CDATA[System.NullReferenceException : Object reference not set to an instance of an object.]]></message>
                      <stack-trace><![CDATA[   at Join.Form.Customer.Selenium.Pages.PersonalDetailsPage.SetNewPersonalDetails(Customer newPersonalDetails)
   at Join.Form.Customer.Selenium.StepDefinitions.PersonalDetailsSteps.GivenIEnterPersonalAndLoginDetails(String title, String firstName, String middleName, String lastName, String dob, String emailid, String mobileNumber, String preferredIdType, String password, String assPassword, String profanityFlag)
   at TechTalk.SpecFlow.Bindings.BindingInvoker.InvokeBinding(IBinding binding, IContextManager contextManager, Object[] arguments, ITestTracer testTracer, TimeSpan& duration)
   at TechTalk.SpecFlow.Infrastructure.TestExecutionEngine.ExecuteStepMatch(BindingMatch match, Object[] arguments)
   at TechTalk.SpecFlow.Infrastructure.TestExecutionEngine.ExecuteStep(StepInstance stepInstance)
   at TechTalk.SpecFlow.Infrastructure.TestExecutionEngine.OnAfterLastStep()
   at Join.Form.Customer.Selenium.Features._08_ActivateSummaryFeature.ScenarioCleanup()
   at Join.Form.Customer.Selenium.Features._08_ActivateSummaryFeature.ACTSUM_10_VisaDebitSTPProfanityCheck(String scenarioName, String firstname, String middlename, String lastname, String assPassword, String profanityFlag, String[] exampleTags)]]></stack-trace>
                    </failure>
                    <output><![CDATA[Given I start my Streamline application
Navigating to URL: https://webappisamdev.asbbank.co.nz/public/join/asb?grcDisabled=true
-> done: CommonSteps.GivenIStartMyStreamlineApplication() (1.0s)
Given I am in the Personal Details page
11/9/2017 2:29:25 AMWaitForFeaturesPageLoad: Executing WaitForFrameAndSwitch
11/9/2017 2:29:25 AMWaitForFeaturesPageLoad: Done executing WaitForFrameAndSwitch
Unable to find product 'Savings On Call' in page or product 'Savings On Call' is not selected
Unable to find product 'FastSaver' in page or product 'FastSaver' is not selected
-> done: PersonalDetailsSteps.GivenIAmInThePersonalDetailsPage() (13.1s)
And I enter personal and login details Mr,ass,Sam,ass,ass,mark.masikip@asb.co.nz,021-ass,Other,Kiwi77nz,ass123,true
-> error: Object reference not set to an instance of an object.
When I confirm details on the Summary page
-> skipped because of previous errors
Then the Logging you in progress page is displayed
-> skipped because of previous errors
And the Activation page is displayed
-> skipped because of previous errors
And the account number and product name is displayed for the selected products
-> skipped because of previous errors
]]></output>
                  </test-case>
                  <test-case id="0-1087" name="ACTSUM_10_VisaDebitSTPProfanityCheck(&quot;Middlename Only&quot;,&quot;ass&quot;,&quot;ass&quot;,&quot;ass&quot;,&quot;ass123&quot;,&quot;true&quot;,System.String[])" fullname="Join.Form.Customer.Selenium.Features._08_ActivateSummaryFeature.ACTSUM_10_VisaDebitSTPProfanityCheck(&quot;Middlename Only&quot;,&quot;ass&quot;,&quot;ass&quot;,&quot;ass&quot;,&quot;ass123&quot;,&quot;true&quot;,System.String[])" methodname="ACTSUM_10_VisaDebitSTPProfanityCheck" classname="Join.Form.Customer.Selenium.Features._08_ActivateSummaryFeature" runstate="Runnable" seed="955396923" result="Failed" label="Error" start-time="2017-11-08 13:29:44Z" end-time="2017-11-08 13:30:18Z" duration="34.003506" asserts="1">
                    <properties />
                    <failure>
                      <message><![CDATA[System.NullReferenceException : Object reference not set to an instance of an object.]]></message>
                      <stack-trace><![CDATA[   at Join.Form.Customer.Selenium.Pages.PersonalDetailsPage.SetNewPersonalDetails(Customer newPersonalDetails)
   at Join.Form.Customer.Selenium.StepDefinitions.PersonalDetailsSteps.GivenIEnterPersonalAndLoginDetails(String title, String firstName, String middleName, String lastName, String dob, String emailid, String mobileNumber, String preferredIdType, String password, String assPassword, String profanityFlag)
   at TechTalk.SpecFlow.Bindings.BindingInvoker.InvokeBinding(IBinding binding, IContextManager contextManager, Object[] arguments, ITestTracer testTracer, TimeSpan& duration)
   at TechTalk.SpecFlow.Infrastructure.TestExecutionEngine.ExecuteStepMatch(BindingMatch match, Object[] arguments)
   at TechTalk.SpecFlow.Infrastructure.TestExecutionEngine.ExecuteStep(StepInstance stepInstance)
   at TechTalk.SpecFlow.Infrastructure.TestExecutionEngine.OnAfterLastStep()
   at Join.Form.Customer.Selenium.Features._08_ActivateSummaryFeature.ScenarioCleanup()
   at Join.Form.Customer.Selenium.Features._08_ActivateSummaryFeature.ACTSUM_10_VisaDebitSTPProfanityCheck(String scenarioName, String firstname, String middlename, String lastname, String assPassword, String profanityFlag, String[] exampleTags)]]></stack-trace>
                    </failure>
                    <output><![CDATA[Given I start my Streamline application
Navigating to URL: https://webappisamdev.asbbank.co.nz/public/join/asb?grcDisabled=true
-> done: CommonSteps.GivenIStartMyStreamlineApplication() (0.9s)
Given I am in the Personal Details page
11/9/2017 2:29:55 AMWaitForFeaturesPageLoad: Executing WaitForFrameAndSwitch
11/9/2017 2:29:56 AMWaitForFeaturesPageLoad: Done executing WaitForFrameAndSwitch
Unable to find product 'Savings On Call' in page or product 'Savings On Call' is not selected
Unable to find product 'FastSaver' in page or product 'FastSaver' is not selected
-> done: PersonalDetailsSteps.GivenIAmInThePersonalDetailsPage() (13.1s)
And I enter personal and login details Mr,ass,ass,ass,ass,mark.masikip@asb.co.nz,021-ass,Other,Kiwi77nz,ass123,true
-> error: Object reference not set to an instance of an object.
When I confirm details on the Summary page
-> skipped because of previous errors
Then the Logging you in progress page is displayed
-> skipped because of previous errors
And the Activation page is displayed
-> skipped because of previous errors
And the account number and product name is displayed for the selected products
-> skipped because of previous errors
]]></output>
                  </test-case>
                  <test-case id="0-1088" name="ACTSUM_10_VisaDebitSTPProfanityCheck(&quot;Lastname Only&quot;,&quot;ass&quot;,&quot;ass&quot;,&quot;ass&quot;,&quot;ass123&quot;,&quot;true&quot;,System.String[])" fullname="Join.Form.Customer.Selenium.Features._08_ActivateSummaryFeature.ACTSUM_10_VisaDebitSTPProfanityCheck(&quot;Lastname Only&quot;,&quot;ass&quot;,&quot;ass&quot;,&quot;ass&quot;,&quot;ass123&quot;,&quot;true&quot;,System.String[])" methodname="ACTSUM_10_VisaDebitSTPProfanityCheck" classname="Join.Form.Customer.Selenium.Features._08_ActivateSummaryFeature" runstate="Runnable" seed="114356" result="Failed" label="Error" start-time="2017-11-08 13:30:18Z" end-time="2017-11-08 13:30:48Z" duration="30.766859" asserts="1">
                    <properties />
                    <failure>
                      <message><![CDATA[System.NullReferenceException : Object reference not set to an instance of an object.]]></message>
                      <stack-trace><![CDATA[   at Join.Form.Customer.Selenium.Pages.PersonalDetailsPage.SetNewPersonalDetails(Customer newPersonalDetails)
   at Join.Form.Customer.Selenium.StepDefinitions.PersonalDetailsSteps.GivenIEnterPersonalAndLoginDetails(String title, String firstName, String middleName, String lastName, String dob, String emailid, String mobileNumber, String preferredIdType, String password, String assPassword, String profanityFlag)
   at TechTalk.SpecFlow.Bindings.BindingInvoker.InvokeBinding(IBinding binding, IContextManager contextManager, Object[] arguments, ITestTracer testTracer, TimeSpan& duration)
   at TechTalk.SpecFlow.Infrastructure.TestExecutionEngine.ExecuteStepMatch(BindingMatch match, Object[] arguments)
   at TechTalk.SpecFlow.Infrastructure.TestExecutionEngine.ExecuteStep(StepInstance stepInstance)
   at TechTalk.SpecFlow.Infrastructure.TestExecutionEngine.OnAfterLastStep()
   at Join.Form.Customer.Selenium.Features._08_ActivateSummaryFeature.ScenarioCleanup()
   at Join.Form.Customer.Selenium.Features._08_ActivateSummaryFeature.ACTSUM_10_VisaDebitSTPProfanityCheck(String scenarioName, String firstname, String middlename, String lastname, String assPassword, String profanityFlag, String[] exampleTags)]]></stack-trace>
                    </failure>
                    <output><![CDATA[Given I start my Streamline application
Navigating to URL: https://webappisamdev.asbbank.co.nz/public/join/asb?grcDisabled=true
-> done: CommonSteps.GivenIStartMyStreamlineApplication() (1.1s)
Given I am in the Personal Details page
11/9/2017 2:30:30 AMWaitForFeaturesPageLoad: Executing WaitForFrameAndSwitch
11/9/2017 2:30:30 AMWaitForFeaturesPageLoad: Done executing WaitForFrameAndSwitch
Unable to find product 'Savings On Call' in page or product 'Savings On Call' is not selected
Unable to find product 'FastSaver' in page or product 'FastSaver' is not selected
-> done: PersonalDetailsSteps.GivenIAmInThePersonalDetailsPage() (13.0s)
And I enter personal and login details Mr,ass,ass,ass,ass,mark.masikip@asb.co.nz,021-ass,Other,Kiwi77nz,ass123,true
-> error: Object reference not set to an instance of an object.
When I confirm details on the Summary page
-> skipped because of previous errors
Then the Logging you in progress page is displayed
-> skipped because of previous errors
And the Activation page is displayed
-> skipped because of previous errors
And the account number and product name is displayed for the selected products
-> skipped because of previous errors
]]></output>
                  </test-case>
                  <test-case id="0-1089" name="ACTSUM_10_VisaDebitSTPProfanityCheck(&quot;All name fields&quot;,&quot;ass&quot;,&quot;ass&quot;,&quot;ass&quot;,&quot;ass123&quot;,&quot;true&quot;,System.String[])" fullname="Join.Form.Customer.Selenium.Features._08_ActivateSummaryFeature.ACTSUM_10_VisaDebitSTPProfanityCheck(&quot;All name fields&quot;,&quot;ass&quot;,&quot;ass&quot;,&quot;ass&quot;,&quot;ass123&quot;,&quot;true&quot;,System.String[])" methodname="ACTSUM_10_VisaDebitSTPProfanityCheck" classname="Join.Form.Customer.Selenium.Features._08_ActivateSummaryFeature" runstate="Runnable" seed="661034626" result="Failed" label="Error" start-time="2017-11-08 13:30:48Z" end-time="2017-11-08 13:31:22Z" duration="33.902348" asserts="1">
                    <properties />
                    <failure>
                      <message><![CDATA[System.NullReferenceException : Object reference not set to an instance of an object.]]></message>
                      <stack-trace><![CDATA[   at Join.Form.Customer.Selenium.Pages.PersonalDetailsPage.SetNewPersonalDetails(Customer newPersonalDetails)
   at Join.Form.Customer.Selenium.StepDefinitions.PersonalDetailsSteps.GivenIEnterPersonalAndLoginDetails(String title, String firstName, String middleName, String lastName, String dob, String emailid, String mobileNumber, String preferredIdType, String password, String assPassword, String profanityFlag)
   at TechTalk.SpecFlow.Bindings.BindingInvoker.InvokeBinding(IBinding binding, IContextManager contextManager, Object[] arguments, ITestTracer testTracer, TimeSpan& duration)
   at TechTalk.SpecFlow.Infrastructure.TestExecutionEngine.ExecuteStepMatch(BindingMatch match, Object[] arguments)
   at TechTalk.SpecFlow.Infrastructure.TestExecutionEngine.ExecuteStep(StepInstance stepInstance)
   at TechTalk.SpecFlow.Infrastructure.TestExecutionEngine.OnAfterLastStep()
   at Join.Form.Customer.Selenium.Features._08_ActivateSummaryFeature.ScenarioCleanup()
   at Join.Form.Customer.Selenium.Features._08_ActivateSummaryFeature.ACTSUM_10_VisaDebitSTPProfanityCheck(String scenarioName, String firstname, String middlename, String lastname, String assPassword, String profanityFlag, String[] exampleTags)]]></stack-trace>
                    </failure>
                    <output><![CDATA[Given I start my Streamline application
Navigating to URL: https://webappisamdev.asbbank.co.nz/public/join/asb?grcDisabled=true
-> done: CommonSteps.GivenIStartMyStreamlineApplication() (0.9s)
Given I am in the Personal Details page
11/9/2017 2:31:00 AMWaitForFeaturesPageLoad: Executing WaitForFrameAndSwitch
11/9/2017 2:31:00 AMWaitForFeaturesPageLoad: Done executing WaitForFrameAndSwitch
Unable to find product 'Savings On Call' in page or product 'Savings On Call' is not selected
Unable to find product 'FastSaver' in page or product 'FastSaver' is not selected
-> done: PersonalDetailsSteps.GivenIAmInThePersonalDetailsPage() (13.0s)
And I enter personal and login details Mr,ass,ass,ass,ass,mark.masikip@asb.co.nz,021-ass,Other,Kiwi77nz,ass123,true
-> error: Object reference not set to an instance of an object.
When I confirm details on the Summary page
-> skipped because of previous errors
Then the Logging you in progress page is displayed
-> skipped because of previous errors
And the Activation page is displayed
-> skipped because of previous errors
And the account number and product name is displayed for the selected products
-> skipped because of previous errors
]]></output>
                  </test-case>
                  <test-case id="0-1090" name="ACTSUM_10_VisaDebitSTPProfanityCheck(&quot;Firstname Lastname&quot;,&quot;ass&quot;,&quot;ass&quot;,&quot;ass&quot;,&quot;ass123&quot;,&quot;true&quot;,System.String[])" fullname="Join.Form.Customer.Selenium.Features._08_ActivateSummaryFeature.ACTSUM_10_VisaDebitSTPProfanityCheck(&quot;Firstname Lastname&quot;,&quot;ass&quot;,&quot;ass&quot;,&quot;ass&quot;,&quot;ass123&quot;,&quot;true&quot;,System.String[])" methodname="ACTSUM_10_VisaDebitSTPProfanityCheck" classname="Join.Form.Customer.Selenium.Features._08_ActivateSummaryFeature" runstate="Runnable" seed="19950234" result="Failed" label="Error" start-time="2017-11-08 13:31:22Z" end-time="2017-11-08 13:31:55Z" duration="32.492522" asserts="1">
                    <properties />
                    <failure>
                      <message><![CDATA[System.NullReferenceException : Object reference not set to an instance of an object.]]></message>
                      <stack-trace><![CDATA[   at Join.Form.Customer.Selenium.Pages.PersonalDetailsPage.SetNewPersonalDetails(Customer newPersonalDetails)
   at Join.Form.Customer.Selenium.StepDefinitions.PersonalDetailsSteps.GivenIEnterPersonalAndLoginDetails(String title, String firstName, String middleName, String lastName, String dob, String emailid, String mobileNumber, String preferredIdType, String password, String assPassword, String profanityFlag)
   at TechTalk.SpecFlow.Bindings.BindingInvoker.InvokeBinding(IBinding binding, IContextManager contextManager, Object[] arguments, ITestTracer testTracer, TimeSpan& duration)
   at TechTalk.SpecFlow.Infrastructure.TestExecutionEngine.ExecuteStepMatch(BindingMatch match, Object[] arguments)
   at TechTalk.SpecFlow.Infrastructure.TestExecutionEngine.ExecuteStep(StepInstance stepInstance)
   at TechTalk.SpecFlow.Infrastructure.TestExecutionEngine.OnAfterLastStep()
   at Join.Form.Customer.Selenium.Features._08_ActivateSummaryFeature.ScenarioCleanup()
   at Join.Form.Customer.Selenium.Features._08_ActivateSummaryFeature.ACTSUM_10_VisaDebitSTPProfanityCheck(String scenarioName, String firstname, String middlename, String lastname, String assPassword, String profanityFlag, String[] exampleTags)]]></stack-trace>
                    </failure>
                    <output><![CDATA[Given I start my Streamline application
Navigating to URL: https://webappisamdev.asbbank.co.nz/public/join/asb?grcDisabled=true
-> done: CommonSteps.GivenIStartMyStreamlineApplication() (0.9s)
Given I am in the Personal Details page
11/9/2017 2:31:34 AMWaitForFeaturesPageLoad: Executing WaitForFrameAndSwitch
11/9/2017 2:31:34 AMWaitForFeaturesPageLoad: Done executing WaitForFrameAndSwitch
Unable to find product 'Savings On Call' in page or product 'Savings On Call' is not selected
Unable to find product 'FastSaver' in page or product 'FastSaver' is not selected
-> done: PersonalDetailsSteps.GivenIAmInThePersonalDetailsPage() (13.0s)
And I enter personal and login details Mr,ass,ass,ass,ass,mark.masikip@asb.co.nz,021-ass,Other,Kiwi77nz,ass123,true
-> error: Object reference not set to an instance of an object.
When I confirm details on the Summary page
-> skipped because of previous errors
Then the Logging you in progress page is displayed
-> skipped because of previous errors
And the Activation page is displayed
-> skipped because of previous errors
And the account number and product name is displayed for the selected products
-> skipped because of previous errors
]]></output>
                  </test-case>
                  <test-case id="0-1091" name="ACTSUM_10_VisaDebitSTPProfanityCheck(&quot;MatchWord&quot;,&quot;ass&quot;,&quot;ass&quot;,&quot;ass&quot;,&quot;ass123&quot;,&quot;true&quot;,System.String[])" fullname="Join.Form.Customer.Selenium.Features._08_ActivateSummaryFeature.ACTSUM_10_VisaDebitSTPProfanityCheck(&quot;MatchWord&quot;,&quot;ass&quot;,&quot;ass&quot;,&quot;ass&quot;,&quot;ass123&quot;,&quot;true&quot;,System.String[])" methodname="ACTSUM_10_VisaDebitSTPProfanityCheck" classname="Join.Form.Customer.Selenium.Features._08_ActivateSummaryFeature" runstate="Runnable" seed="1768552108" result="Failed" label="Error" start-time="2017-11-08 13:31:55Z" end-time="2017-11-08 13:32:25Z" duration="30.379823" asserts="1">
                    <properties />
                    <failure>
                      <message><![CDATA[System.NullReferenceException : Object reference not set to an instance of an object.]]></message>
                      <stack-trace><![CDATA[   at Join.Form.Customer.Selenium.Pages.PersonalDetailsPage.SetNewPersonalDetails(Customer newPersonalDetails)
   at Join.Form.Customer.Selenium.StepDefinitions.PersonalDetailsSteps.GivenIEnterPersonalAndLoginDetails(String title, String firstName, String middleName, String lastName, String dob, String emailid, String mobileNumber, String preferredIdType, String password, String assPassword, String profanityFlag)
   at TechTalk.SpecFlow.Bindings.BindingInvoker.InvokeBinding(IBinding binding, IContextManager contextManager, Object[] arguments, ITestTracer testTracer, TimeSpan& duration)
   at TechTalk.SpecFlow.Infrastructure.TestExecutionEngine.ExecuteStepMatch(BindingMatch match, Object[] arguments)
   at TechTalk.SpecFlow.Infrastructure.TestExecutionEngine.ExecuteStep(StepInstance stepInstance)
   at TechTalk.SpecFlow.Infrastructure.TestExecutionEngine.OnAfterLastStep()
   at Join.Form.Customer.Selenium.Features._08_ActivateSummaryFeature.ScenarioCleanup()
   at Join.Form.Customer.Selenium.Features._08_ActivateSummaryFeature.ACTSUM_10_VisaDebitSTPProfanityCheck(String scenarioName, String firstname, String middlename, String lastname, String assPassword, String profanityFlag, String[] exampleTags)]]></stack-trace>
                    </failure>
                    <output><![CDATA[Given I start my Streamline application
Navigating to URL: https://webappisamdev.asbbank.co.nz/public/join/asb?grcDisabled=true
-> done: CommonSteps.GivenIStartMyStreamlineApplication() (0.8s)
Given I am in the Personal Details page
11/9/2017 2:32:07 AMWaitForFeaturesPageLoad: Executing WaitForFrameAndSwitch
11/9/2017 2:32:07 AMWaitForFeaturesPageLoad: Done executing WaitForFrameAndSwitch
Unable to find product 'Savings On Call' in page or product 'Savings On Call' is not selected
Unable to find product 'FastSaver' in page or product 'FastSaver' is not selected
-> done: PersonalDetailsSteps.GivenIAmInThePersonalDetailsPage() (13.0s)
And I enter personal and login details Mr,ass,ass,ass,ass,mark.masikip@asb.co.nz,021-ass,Other,Kiwi77nz,ass123,true
-> error: Object reference not set to an instance of an object.
When I confirm details on the Summary page
-> skipped because of previous errors
Then the Logging you in progress page is displayed
-> skipped because of previous errors
And the Activation page is displayed
-> skipped because of previous errors
And the account number and product name is displayed for the selected products
-> skipped because of previous errors
]]></output>
                  </test-case>
                  <test-case id="0-1092" name="ACTSUM_10_VisaDebitSTPProfanityCheck(&quot;Username&quot;,&quot;ass&quot;,&quot;ass&quot;,&quot;ass&quot;,&quot;ass123&quot;,&quot;false&quot;,System.String[])" fullname="Join.Form.Customer.Selenium.Features._08_ActivateSummaryFeature.ACTSUM_10_VisaDebitSTPProfanityCheck(&quot;Username&quot;,&quot;ass&quot;,&quot;ass&quot;,&quot;ass&quot;,&quot;ass123&quot;,&quot;false&quot;,System.String[])" methodname="ACTSUM_10_VisaDebitSTPProfanityCheck" classname="Join.Form.Customer.Selenium.Features._08_ActivateSummaryFeature" runstate="Runnable" seed="204637149" result="Failed" label="Error" start-time="2017-11-08 13:32:25Z" end-time="2017-11-08 13:32:55Z" duration="30.100450" asserts="1">
                    <properties />
                    <failure>
                      <message><![CDATA[System.NullReferenceException : Object reference not set to an instance of an object.]]></message>
                      <stack-trace><![CDATA[   at Join.Form.Customer.Selenium.Pages.PersonalDetailsPage.SetNewPersonalDetails(Customer newPersonalDetails)
   at Join.Form.Customer.Selenium.StepDefinitions.PersonalDetailsSteps.GivenIEnterPersonalAndLoginDetails(String title, String firstName, String middleName, String lastName, String dob, String emailid, String mobileNumber, String preferredIdType, String password, String assPassword, String profanityFlag)
   at TechTalk.SpecFlow.Bindings.BindingInvoker.InvokeBinding(IBinding binding, IContextManager contextManager, Object[] arguments, ITestTracer testTracer, TimeSpan& duration)
   at TechTalk.SpecFlow.Infrastructure.TestExecutionEngine.ExecuteStepMatch(BindingMatch match, Object[] arguments)
   at TechTalk.SpecFlow.Infrastructure.TestExecutionEngine.ExecuteStep(StepInstance stepInstance)
   at TechTalk.SpecFlow.Infrastructure.TestExecutionEngine.OnAfterLastStep()
   at Join.Form.Customer.Selenium.Features._08_ActivateSummaryFeature.ScenarioCleanup()
   at Join.Form.Customer.Selenium.Features._08_ActivateSummaryFeature.ACTSUM_10_VisaDebitSTPProfanityCheck(String scenarioName, String firstname, String middlename, String lastname, String assPassword, String profanityFlag, String[] exampleTags)]]></stack-trace>
                    </failure>
                    <output><![CDATA[Given I start my Streamline application
Navigating to URL: https://webappisamdev.asbbank.co.nz/public/join/asb?grcDisabled=true
-> done: CommonSteps.GivenIStartMyStreamlineApplication() (0.8s)
Given I am in the Personal Details page
11/9/2017 2:32:37 AMWaitForFeaturesPageLoad: Executing WaitForFrameAndSwitch
11/9/2017 2:32:37 AMWaitForFeaturesPageLoad: Done executing WaitForFrameAndSwitch
Unable to find product 'Savings On Call' in page or product 'Savings On Call' is not selected
Unable to find product 'FastSaver' in page or product 'FastSaver' is not selected
-> done: PersonalDetailsSteps.GivenIAmInThePersonalDetailsPage() (13.0s)
And I enter personal and login details Mr,ass,ass,ass,ass,mark.masikip@asb.co.nz,021-ass,Other,Kiwi77nz,ass123,false
-> error: Object reference not set to an instance of an object.
When I confirm details on the Summary page
-> skipped because of previous errors
Then the Logging you in progress page is displayed
-> skipped because of previous errors
And the Activation page is displayed
-> skipped because of previous errors
And the account number and product name is displayed for the selected products
-> skipped because of previous errors
]]></output>
                  </test-case>
                  <test-case id="0-1093" name="ACTSUM_10_VisaDebitSTPProfanityCheck(&quot;ass Password&quot;,&quot;ass&quot;,&quot;ass&quot;,&quot;ass&quot;,&quot;ShitPass123&quot;,&quot;false&quot;,System.String[])" fullname="Join.Form.Customer.Selenium.Features._08_ActivateSummaryFeature.ACTSUM_10_VisaDebitSTPProfanityCheck(&quot;ass Password&quot;,&quot;ass&quot;,&quot;ass&quot;,&quot;ass&quot;,&quot;ShitPass123&quot;,&quot;false&quot;,System.String[])" methodname="ACTSUM_10_VisaDebitSTPProfanityCheck" classname="Join.Form.Customer.Selenium.Features._08_ActivateSummaryFeature" runstate="Runnable" seed="1096295755" result="Failed" label="Error" start-time="2017-11-08 13:32:55Z" end-time="2017-11-08 13:33:25Z" duration="29.710807" asserts="1">
                    <properties />
                    <failure>
                      <message><![CDATA[System.NullReferenceException : Object reference not set to an instance of an object.]]></message>
                      <stack-trace><![CDATA[   at Join.Form.Customer.Selenium.Pages.PersonalDetailsPage.SetNewPersonalDetails(Customer newPersonalDetails)
   at Join.Form.Customer.Selenium.StepDefinitions.PersonalDetailsSteps.GivenIEnterPersonalAndLoginDetails(String title, String firstName, String middleName, String lastName, String dob, String emailid, String mobileNumber, String preferredIdType, String password, String assPassword, String profanityFlag)
   at TechTalk.SpecFlow.Bindings.BindingInvoker.InvokeBinding(IBinding binding, IContextManager contextManager, Object[] arguments, ITestTracer testTracer, TimeSpan& duration)
   at TechTalk.SpecFlow.Infrastructure.TestExecutionEngine.ExecuteStepMatch(BindingMatch match, Object[] arguments)
   at TechTalk.SpecFlow.Infrastructure.TestExecutionEngine.ExecuteStep(StepInstance stepInstance)
   at TechTalk.SpecFlow.Infrastructure.TestExecutionEngine.OnAfterLastStep()
   at Join.Form.Customer.Selenium.Features._08_ActivateSummaryFeature.ScenarioCleanup()
   at Join.Form.Customer.Selenium.Features._08_ActivateSummaryFeature.ACTSUM_10_VisaDebitSTPProfanityCheck(String scenarioName, String firstname, String middlename, String lastname, String assPassword, String profanityFlag, String[] exampleTags)]]></stack-trace>
                    </failure>
                    <output><![CDATA[Given I start my Streamline application
Navigating to URL: https://webappisamdev.asbbank.co.nz/public/join/asb?grcDisabled=true
-> done: CommonSteps.GivenIStartMyStreamlineApplication() (0.8s)
Given I am in the Personal Details page
11/9/2017 2:33:07 AMWaitForFeaturesPageLoad: Executing WaitForFrameAndSwitch
11/9/2017 2:33:07 AMWaitForFeaturesPageLoad: Done executing WaitForFrameAndSwitch
Unable to find product 'Savings On Call' in page or product 'Savings On Call' is not selected
Unable to find product 'FastSaver' in page or product 'FastSaver' is not selected
-> done: PersonalDetailsSteps.GivenIAmInThePersonalDetailsPage() (13.0s)
And I enter personal and login details Mr,ass,ass,ass,ass,mark.masikip@asb.co.nz,021-ass,Other,Kiwi77nz,ShitPass123,false
-> error: Object reference not set to an instance of an object.
When I confirm details on the Summary page
-> skipped because of previous errors
Then the Logging you in progress page is displayed
-> skipped because of previous errors
And the Activation page is displayed
-> skipped because of previous errors
And the account number and product name is displayed for the selected products
-> skipped because of previous errors
]]></output>
                  </test-case>
                </test-suite>
                <test-suite type="ParameterizedMethod" id="0-1100" name="ACTSUM_11_SetAndUpdatePreferredID" fullname="Join.Form.Customer.Selenium.Features._08_ActivateSummaryFeature.ACTSUM_11_SetAndUpdatePreferredID" classname="Join.Form.Customer.Selenium.Features._08_ActivateSummaryFeature" runstate="Runnable" testcasecount="5" result="Failed" site="Child" start-time="2017-11-08 13:33:25Z" end-time="2017-11-08 13:36:24Z" duration="178.805356" total="5" passed="0" failed="5" warnings="0" inconclusive="0" skipped="0" asserts="0">
                  <properties>
                    <property name="Description" value="ACTSUM_11 - Set and update preferred ID" />
                    <property name="Category" value="COB" />
                    <property name="Category" value="activatesummary" />
                    <property name="Category" value="integration" />
                    <property name="Category" value="092016" />
                    <property name="Category" value="eidvswitch" />
                    <property name="Category" value="eidv" />
                  </properties>
                  <failure>
                    <message><![CDATA[One or more child tests had errors]]></message>
                  </failure>
                  <test-case id="0-1095" name="ACTSUM_11_SetAndUpdatePreferredID(&quot;Streamline and Visa Debit&quot;,&quot;Streamline intro,ASB Visa Debit Streamline Intro&quot;,&quot;Mr&quot;,&quot;ass&quot;,&quot;&quot;,&quot;ass&quot;,&quot;Other&quot;,&quot;New Zealand Driver's Licence&quot;,System.String[])" fullname="Join.Form.Customer.Selenium.Features._08_ActivateSummaryFeature.ACTSUM_11_SetAndUpdatePreferredID(&quot;Streamline and Visa Debit&quot;,&quot;Streamline intro,ASB Visa Debit Streamline Intro&quot;,&quot;Mr&quot;,&quot;ass&quot;,&quot;&quot;,&quot;ass&quot;,&quot;Other&quot;,&quot;New Zealand Driver's Licence&quot;,System.String[])" methodname="ACTSUM_11_SetAndUpdatePreferredID" classname="Join.Form.Customer.Selenium.Features._08_ActivateSummaryFeature" runstate="Runnable" seed="1062266173" result="Failed" label="Error" start-time="2017-11-08 13:33:25Z" end-time="2017-11-08 13:33:58Z" duration="32.891035" asserts="0">
                    <properties />
                    <failure>
                      <message><![CDATA[System.NullReferenceException : Object reference not set to an instance of an object.]]></message>
                      <stack-trace><![CDATA[   at Join.Form.Customer.Selenium.Pages.PersonalDetailsPage.SetNewPersonalDetails(Customer newPersonalDetails)
   at Join.Form.Customer.Selenium.StepDefinitions.PersonalDetailsSteps.GivenIEnterPersonalAndLoginDetails(String title, String firstName, String middleName, String lastName, String dob, String emailid, String mobileNumber, String preferredIdType, String password, String assPassword, String profanityFlag)
   at TechTalk.SpecFlow.Bindings.BindingInvoker.InvokeBinding(IBinding binding, IContextManager contextManager, Object[] arguments, ITestTracer testTracer, TimeSpan& duration)
   at TechTalk.SpecFlow.Infrastructure.TestExecutionEngine.ExecuteStepMatch(BindingMatch match, Object[] arguments)
   at TechTalk.SpecFlow.Infrastructure.TestExecutionEngine.ExecuteStep(StepInstance stepInstance)
   at TechTalk.SpecFlow.Infrastructure.TestExecutionEngine.OnAfterLastStep()
   at Join.Form.Customer.Selenium.Features._08_ActivateSummaryFeature.ScenarioCleanup()
   at Join.Form.Customer.Selenium.Features._08_ActivateSummaryFeature.ACTSUM_11_SetAndUpdatePreferredID(String scenarioName, String products, String title, String firstname, String middlename, String lastname, String preferredid, String newpreferredid, String[] exampleTags)]]></stack-trace>
                    </failure>
                    <output><![CDATA[Given I start my Streamline application
Navigating to URL: https://webappisamdev.asbbank.co.nz/public/join/asb?grcDisabled=true
-> done: CommonSteps.GivenIStartMyStreamlineApplication() (0.8s)
Given I select the following products: 'Streamline intro,ASB Visa Debit Streamline Intro'
11/9/2017 2:33:37 AMWaitForFeaturesPageLoad: Executing WaitForFrameAndSwitch
11/9/2017 2:33:37 AMWaitForFeaturesPageLoad: Done executing WaitForFrameAndSwitch
Unable to find product 'FastSaver' in page or product 'FastSaver' is not selected
Unable to find product 'Savings On Call' in page or product 'Savings On Call' is not selected
Unable to find product 'Savings On Call' in page or product 'Savings On Call' is not selected
Unable to find product 'FastSaver' in page or product 'FastSaver' is not selected
-> done: ProductsPageSteps.WhenIChangeMySelectedProductsTo("Streamline intro,...") (15.0s)
And I enter personal and login details Mr,ass,,ass,ass,mark.masikip@asb.co.nz,021-ass,Other,Kiwi77nz,ass123,false
-> error: Object reference not set to an instance of an object.
When I confirm details on the Summary page
-> skipped because of previous errors
Then the Logging you in progress page is displayed
-> skipped because of previous errors
And the Activation page is displayed
-> skipped because of previous errors
And the Confirm Identity section is displayed
-> skipped because of previous errors
And the Selected Id is set to 'Other'
-> skipped because of previous errors
When I select 'New Zealand Driver's Licence' in the 'Photo ID' dropdown
-> skipped because of previous errors
Then the Confirm Identity section is displayed
-> skipped because of previous errors
And the Selected Id is set to 'New Zealand Driver's Licence'
-> skipped because of previous errors
And the See a complete list of acceptable documents text is displayed conditionally
-> skipped because of previous errors
And the Find a branch button is displayed conditionally
-> skipped because of previous errors
And the TXT me a download link button is displayed conditionally
-> skipped because of previous errors
]]></output>
                  </test-case>
                  <test-case id="0-1096" name="ACTSUM_11_SetAndUpdatePreferredID(&quot;All products&quot;,&quot;Streamline intro,ASB Visa Debit Streamline Intro,Savings On Call,FastSaver&quot;,&quot;Ms&quot;,&quot;ass&quot;,&quot;ass&quot;,&quot;ass&quot;,&quot;Overseas Passport&quot;,&quot;New Zealand Passport&quot;,System.String[])" fullname="Join.Form.Customer.Selenium.Features._08_ActivateSummaryFeature.ACTSUM_11_SetAndUpdatePreferredID(&quot;All products&quot;,&quot;Streamline intro,ASB Visa Debit Streamline Intro,Savings On Call,FastSaver&quot;,&quot;Ms&quot;,&quot;ass&quot;,&quot;ass&quot;,&quot;ass&quot;,&quot;Overseas Passport&quot;,&quot;New Zealand Passport&quot;,System.String[])" methodname="ACTSUM_11_SetAndUpdatePreferredID" classname="Join.Form.Customer.Selenium.Features._08_ActivateSummaryFeature" runstate="Runnable" seed="309521899" result="Failed" label="Error" start-time="2017-11-08 13:33:58Z" end-time="2017-11-08 13:34:35Z" duration="36.981457" asserts="0">
                    <properties />
                    <failure>
                      <message><![CDATA[System.NullReferenceException : Object reference not set to an instance of an object.]]></message>
                      <stack-trace><![CDATA[   at Join.Form.Customer.Selenium.Pages.PersonalDetailsPage.SetNewPersonalDetails(Customer newPersonalDetails)
   at Join.Form.Customer.Selenium.StepDefinitions.PersonalDetailsSteps.GivenIEnterPersonalAndLoginDetails(String title, String firstName, String middleName, String lastName, String dob, String emailid, String mobileNumber, String preferredIdType, String password, String assPassword, String profanityFlag)
   at TechTalk.SpecFlow.Bindings.BindingInvoker.InvokeBinding(IBinding binding, IContextManager contextManager, Object[] arguments, ITestTracer testTracer, TimeSpan& duration)
   at TechTalk.SpecFlow.Infrastructure.TestExecutionEngine.ExecuteStepMatch(BindingMatch match, Object[] arguments)
   at TechTalk.SpecFlow.Infrastructure.TestExecutionEngine.ExecuteStep(StepInstance stepInstance)
   at TechTalk.SpecFlow.Infrastructure.TestExecutionEngine.OnAfterLastStep()
   at Join.Form.Customer.Selenium.Features._08_ActivateSummaryFeature.ScenarioCleanup()
   at Join.Form.Customer.Selenium.Features._08_ActivateSummaryFeature.ACTSUM_11_SetAndUpdatePreferredID(String scenarioName, String products, String title, String firstname, String middlename, String lastname, String preferredid, String newpreferredid, String[] exampleTags)]]></stack-trace>
                    </failure>
                    <output><![CDATA[Given I start my Streamline application
Navigating to URL: https://webappisamdev.asbbank.co.nz/public/join/asb?grcDisabled=true
-> done: CommonSteps.GivenIStartMyStreamlineApplication() (0.9s)
Given I select the following products: 'Streamline intro,ASB Visa Debit Streamline Intro,Savings On Call,FastSaver'
11/9/2017 2:34:10 AMWaitForFeaturesPageLoad: Executing WaitForFrameAndSwitch
11/9/2017 2:34:10 AMWaitForFeaturesPageLoad: Done executing WaitForFrameAndSwitch
Unable to find product 'Savings On Call' in page or product 'Savings On Call' is not selected
Unable to find product 'FastSaver' in page or product 'FastSaver' is not selected
-> done: ProductsPageSteps.WhenIChangeMySelectedProductsTo("Streamline intro,...") (15.2s)
And I enter personal and login details Ms,ass,ass,ass,ass,mark.masikip@asb.co.nz,021-ass,Overseas Passport,Kiwi77nz,ass123,false
-> error: Object reference not set to an instance of an object.
When I confirm details on the Summary page
-> skipped because of previous errors
Then the Logging you in progress page is displayed
-> skipped because of previous errors
And the Activation page is displayed
-> skipped because of previous errors
And the Confirm Identity section is displayed
-> skipped because of previous errors
And the Selected Id is set to 'Overseas Passport'
-> skipped because of previous errors
When I select 'New Zealand Passport' in the 'Photo ID' dropdown
-> skipped because of previous errors
Then the Confirm Identity section is displayed
-> skipped because of previous errors
And the Selected Id is set to 'New Zealand Passport'
-> skipped because of previous errors
And the See a complete list of acceptable documents text is displayed conditionally
-> skipped because of previous errors
And the Find a branch button is displayed conditionally
-> skipped because of previous errors
And the TXT me a download link button is displayed conditionally
-> skipped because of previous errors
]]></output>
                  </test-case>
                  <test-case id="0-1097" name="ACTSUM_11_SetAndUpdatePreferredID(&quot;No FastSaver - Mx Male&quot;,&quot;Streamline intro,ASB Visa Debit Streamline Intro,Savings On Call&quot;,&quot;ass&quot;,&quot;ass&quot;,&quot;ass&quot;,&quot;ass&quot;,&quot;New Zealand Passport&quot;,&quot;Australian Passport&quot;,System.String[])" fullname="Join.Form.Customer.Selenium.Features._08_ActivateSummaryFeature.ACTSUM_11_SetAndUpdatePreferredID(&quot;No FastSaver - Mx Male&quot;,&quot;Streamline intro,ASB Visa Debit Streamline Intro,Savings On Call&quot;,&quot;ass&quot;,&quot;ass&quot;,&quot;ass&quot;,&quot;ass&quot;,&quot;New Zealand Passport&quot;,&quot;Australian Passport&quot;,System.String[])" methodname="ACTSUM_11_SetAndUpdatePreferredID" classname="Join.Form.Customer.Selenium.Features._08_ActivateSummaryFeature" runstate="Runnable" seed="1599251214" result="Failed" label="Error" start-time="2017-11-08 13:34:35Z" end-time="2017-11-08 13:35:15Z" duration="40.171903" asserts="0">
                    <properties />
                    <failure>
                      <message><![CDATA[System.NullReferenceException : Object reference not set to an instance of an object.]]></message>
                      <stack-trace><![CDATA[   at Join.Form.Customer.Selenium.Pages.PersonalDetailsPage.SetNewPersonalDetails(Customer newPersonalDetails)
   at Join.Form.Customer.Selenium.StepDefinitions.PersonalDetailsSteps.GivenIEnterPersonalAndLoginDetails(String title, String firstName, String middleName, String lastName, String dob, String emailid, String mobileNumber, String preferredIdType, String password, String assPassword, String profanityFlag)
   at TechTalk.SpecFlow.Bindings.BindingInvoker.InvokeBinding(IBinding binding, IContextManager contextManager, Object[] arguments, ITestTracer testTracer, TimeSpan& duration)
   at TechTalk.SpecFlow.Infrastructure.TestExecutionEngine.ExecuteStepMatch(BindingMatch match, Object[] arguments)
   at TechTalk.SpecFlow.Infrastructure.TestExecutionEngine.ExecuteStep(StepInstance stepInstance)
   at TechTalk.SpecFlow.Infrastructure.TestExecutionEngine.OnAfterLastStep()
   at Join.Form.Customer.Selenium.Features._08_ActivateSummaryFeature.ScenarioCleanup()
   at Join.Form.Customer.Selenium.Features._08_ActivateSummaryFeature.ACTSUM_11_SetAndUpdatePreferredID(String scenarioName, String products, String title, String firstname, String middlename, String lastname, String preferredid, String newpreferredid, String[] exampleTags)]]></stack-trace>
                    </failure>
                    <output><![CDATA[Given I start my Streamline application
Navigating to URL: https://webappisamdev.asbbank.co.nz/public/join/asb?grcDisabled=true
-> done: CommonSteps.GivenIStartMyStreamlineApplication() (0.8s)
Given I select the following products: 'Streamline intro,ASB Visa Debit Streamline Intro,Savings On Call'
11/9/2017 2:34:47 AMWaitForFeaturesPageLoad: Executing WaitForFrameAndSwitch
11/9/2017 2:34:47 AMWaitForFeaturesPageLoad: Done executing WaitForFrameAndSwitch
Unable to find product 'Savings On Call' in page or product 'Savings On Call' is not selected
Unable to find product 'FastSaver' in page or product 'FastSaver' is not selected
Unable to find product 'FastSaver' in page or product 'FastSaver' is not selected
-> done: ProductsPageSteps.WhenIChangeMySelectedProductsTo("Streamline intro,...") (15.1s)
And I enter personal and login details ass,ass,ass,ass,ass,mark.masikip@asb.co.nz,021-ass,New Zealand Passport,Kiwi77nz,ass123,false
-> error: Object reference not set to an instance of an object.
When I confirm details on the Summary page
-> skipped because of previous errors
Then the Logging you in progress page is displayed
-> skipped because of previous errors
And the Activation page is displayed
-> skipped because of previous errors
And the Confirm Identity section is displayed
-> skipped because of previous errors
And the Selected Id is set to 'New Zealand Passport'
-> skipped because of previous errors
When I select 'Australian Passport' in the 'Photo ID' dropdown
-> skipped because of previous errors
Then the Confirm Identity section is displayed
-> skipped because of previous errors
And the Selected Id is set to 'Australian Passport'
-> skipped because of previous errors
And the See a complete list of acceptable documents text is displayed conditionally
-> skipped because of previous errors
And the Find a branch button is displayed conditionally
-> skipped because of previous errors
And the TXT me a download link button is displayed conditionally
-> skipped because of previous errors
]]></output>
                  </test-case>
                  <test-case id="0-1098" name="ACTSUM_11_SetAndUpdatePreferredID(&quot;All products - Mx Female&quot;,&quot;Streamline intro,ASB Visa Debit Streamline Intro,Savings On Call,FastSaver&quot;,&quot;ass&quot;,&quot;ass&quot;,&quot;ass&quot;,&quot;ass&quot;,&quot;Australian Passport&quot;,&quot;Overseas Passport&quot;,System.String[])" fullname="Join.Form.Customer.Selenium.Features._08_ActivateSummaryFeature.ACTSUM_11_SetAndUpdatePreferredID(&quot;All products - Mx Female&quot;,&quot;Streamline intro,ASB Visa Debit Streamline Intro,Savings On Call,FastSaver&quot;,&quot;ass&quot;,&quot;ass&quot;,&quot;ass&quot;,&quot;ass&quot;,&quot;Australian Passport&quot;,&quot;Overseas Passport&quot;,System.String[])" methodname="ACTSUM_11_SetAndUpdatePreferredID" classname="Join.Form.Customer.Selenium.Features._08_ActivateSummaryFeature" runstate="Runnable" seed="1132385255" result="Failed" label="Error" start-time="2017-11-08 13:35:15Z" end-time="2017-11-08 13:35:49Z" duration="33.809127" asserts="0">
                    <properties />
                    <failure>
                      <message><![CDATA[System.NullReferenceException : Object reference not set to an instance of an object.]]></message>
                      <stack-trace><![CDATA[   at Join.Form.Customer.Selenium.Pages.PersonalDetailsPage.SetNewPersonalDetails(Customer newPersonalDetails)
   at Join.Form.Customer.Selenium.StepDefinitions.PersonalDetailsSteps.GivenIEnterPersonalAndLoginDetails(String title, String firstName, String middleName, String lastName, String dob, String emailid, String mobileNumber, String preferredIdType, String password, String assPassword, String profanityFlag)
   at TechTalk.SpecFlow.Bindings.BindingInvoker.InvokeBinding(IBinding binding, IContextManager contextManager, Object[] arguments, ITestTracer testTracer, TimeSpan& duration)
   at TechTalk.SpecFlow.Infrastructure.TestExecutionEngine.ExecuteStepMatch(BindingMatch match, Object[] arguments)
   at TechTalk.SpecFlow.Infrastructure.TestExecutionEngine.ExecuteStep(StepInstance stepInstance)
   at TechTalk.SpecFlow.Infrastructure.TestExecutionEngine.OnAfterLastStep()
   at Join.Form.Customer.Selenium.Features._08_ActivateSummaryFeature.ScenarioCleanup()
   at Join.Form.Customer.Selenium.Features._08_ActivateSummaryFeature.ACTSUM_11_SetAndUpdatePreferredID(String scenarioName, String products, String title, String firstname, String middlename, String lastname, String preferredid, String newpreferredid, String[] exampleTags)]]></stack-trace>
                    </failure>
                    <output><![CDATA[Given I start my Streamline application
Navigating to URL: https://webappisamdev.asbbank.co.nz/public/join/asb?grcDisabled=true
-> done: CommonSteps.GivenIStartMyStreamlineApplication() (0.8s)
Given I select the following products: 'Streamline intro,ASB Visa Debit Streamline Intro,Savings On Call,FastSaver'
11/9/2017 2:35:27 AMWaitForFeaturesPageLoad: Executing WaitForFrameAndSwitch
11/9/2017 2:35:27 AMWaitForFeaturesPageLoad: Done executing WaitForFrameAndSwitch
Unable to find product 'Savings On Call' in page or product 'Savings On Call' is not selected
Unable to find product 'FastSaver' in page or product 'FastSaver' is not selected
-> done: ProductsPageSteps.WhenIChangeMySelectedProductsTo("Streamline intro,...") (15.2s)
And I enter personal and login details ass,ass,ass,ass,ass,mark.masikip@asb.co.nz,021-ass,Australian Passport,Kiwi77nz,ass123,false
-> error: Object reference not set to an instance of an object.
When I confirm details on the Summary page
-> skipped because of previous errors
Then the Logging you in progress page is displayed
-> skipped because of previous errors
And the Activation page is displayed
-> skipped because of previous errors
And the Confirm Identity section is displayed
-> skipped because of previous errors
And the Selected Id is set to 'Australian Passport'
-> skipped because of previous errors
When I select 'Overseas Passport' in the 'Photo ID' dropdown
-> skipped because of previous errors
Then the Confirm Identity section is displayed
-> skipped because of previous errors
And the Selected Id is set to 'Overseas Passport'
-> skipped because of previous errors
And the See a complete list of acceptable documents text is displayed conditionally
-> skipped because of previous errors
And the Find a branch button is displayed conditionally
-> skipped because of previous errors
And the TXT me a download link button is displayed conditionally
-> skipped because of previous errors
]]></output>
                  </test-case>
                  <test-case id="0-1099" name="ACTSUM_11_SetAndUpdatePreferredID(&quot;All products&quot;,&quot;Streamline intro,ASB Visa Debit Streamline Intro,Savings On Call,FastSaver&quot;,&quot;Ms&quot;,&quot;ass&quot;,&quot;ass&quot;,&quot;ass&quot;,&quot;New Zealand Driver's Licence&quot;,&quot;Other&quot;,System.String[])" fullname="Join.Form.Customer.Selenium.Features._08_ActivateSummaryFeature.ACTSUM_11_SetAndUpdatePreferredID(&quot;All products&quot;,&quot;Streamline intro,ASB Visa Debit Streamline Intro,Savings On Call,FastSaver&quot;,&quot;Ms&quot;,&quot;ass&quot;,&quot;ass&quot;,&quot;ass&quot;,&quot;New Zealand Driver's Licence&quot;,&quot;Other&quot;,System.String[])" methodname="ACTSUM_11_SetAndUpdatePreferredID" classname="Join.Form.Customer.Selenium.Features._08_ActivateSummaryFeature" runstate="Runnable" seed="1465302191" result="Failed" label="Error" start-time="2017-11-08 13:35:49Z" end-time="2017-11-08 13:36:24Z" duration="34.826061" asserts="0">
                    <properties />
                    <failure>
                      <message><![CDATA[System.NullReferenceException : Object reference not set to an instance of an object.]]></message>
                      <stack-trace><![CDATA[   at Join.Form.Customer.Selenium.Pages.PersonalDetailsPage.SetNewPersonalDetails(Customer newPersonalDetails)
   at Join.Form.Customer.Selenium.StepDefinitions.PersonalDetailsSteps.GivenIEnterPersonalAndLoginDetails(String title, String firstName, String middleName, String lastName, String dob, String emailid, String mobileNumber, String preferredIdType, String password, String assPassword, String profanityFlag)
   at TechTalk.SpecFlow.Bindings.BindingInvoker.InvokeBinding(IBinding binding, IContextManager contextManager, Object[] arguments, ITestTracer testTracer, TimeSpan& duration)
   at TechTalk.SpecFlow.Infrastructure.TestExecutionEngine.ExecuteStepMatch(BindingMatch match, Object[] arguments)
   at TechTalk.SpecFlow.Infrastructure.TestExecutionEngine.ExecuteStep(StepInstance stepInstance)
   at TechTalk.SpecFlow.Infrastructure.TestExecutionEngine.OnAfterLastStep()
   at Join.Form.Customer.Selenium.Features._08_ActivateSummaryFeature.ScenarioCleanup()
   at Join.Form.Customer.Selenium.Features._08_ActivateSummaryFeature.ACTSUM_11_SetAndUpdatePreferredID(String scenarioName, String products, String title, String firstname, String middlename, String lastname, String preferredid, String newpreferredid, String[] exampleTags)]]></stack-trace>
                    </failure>
                    <output><![CDATA[Given I start my Streamline application
Navigating to URL: https://webappisamdev.asbbank.co.nz/public/join/asb?grcDisabled=true
-> done: CommonSteps.GivenIStartMyStreamlineApplication() (0.8s)
Given I select the following products: 'Streamline intro,ASB Visa Debit Streamline Intro,Savings On Call,FastSaver'
11/9/2017 2:36:01 AMWaitForFeaturesPageLoad: Executing WaitForFrameAndSwitch
11/9/2017 2:36:01 AMWaitForFeaturesPageLoad: Done executing WaitForFrameAndSwitch
Unable to find product 'Savings On Call' in page or product 'Savings On Call' is not selected
Unable to find product 'FastSaver' in page or product 'FastSaver' is not selected
-> done: ProductsPageSteps.WhenIChangeMySelectedProductsTo("Streamline intro,...") (15.2s)
And I enter personal and login details Ms,ass,ass,ass,ass,mark.masikip@asb.co.nz,021-ass,New Zealand Driver's Licence,Kiwi77nz,ass123,false
-> error: Object reference not set to an instance of an object.
When I confirm details on the Summary page
-> skipped because of previous errors
Then the Logging you in progress page is displayed
-> skipped because of previous errors
And the Activation page is displayed
-> skipped because of previous errors
And the Confirm Identity section is displayed
-> skipped because of previous errors
And the Selected Id is set to 'New Zealand Driver's Licence'
-> skipped because of previous errors
When I select 'Other' in the 'Photo ID' dropdown
-> skipped because of previous errors
Then the Confirm Identity section is displayed
-> skipped because of previous errors
And the Selected Id is set to 'Other'
-> skipped because of previous errors
And the See a complete list of acceptable documents text is displayed conditionally
-> skipped because of previous errors
And the Find a branch button is displayed conditionally
-> skipped because of previous errors
And the TXT me a download link button is displayed conditionally
-> skipped because of previous errors
]]></output>
                  </test-case>
                </test-suite>
              </test-suite>
              <test-suite type="TestFixture" id="0-1637" name="_10_TertiaryProductFeature" fullname="Join.Form.Customer.Selenium.Features._10_TertiaryProductFeature" classname="Join.Form.Customer.Selenium.Features._10_TertiaryProductFeature" runstate="Runnable" testcasecount="46" result="Failed" site="Child" start-time="2017-11-08 13:36:24Z" end-time="2017-11-08 14:39:43Z" duration="3798.868983" total="17" passed="0" failed="17" warnings="0" inconclusive="0" skipped="0" asserts="0">
                <properties>
                  <property name="Description" value="10_TertiaryProduct" />
                </properties>
                <failure>
                  <message><![CDATA[One or more child tests had errors]]></message>
                </failure>
                <test-suite type="ParameterizedMethod" id="0-1680" name="TER_ACTSUM_01_NZCitizen" fullname="Join.Form.Customer.Selenium.Features._10_TertiaryProductFeature.TER_ACTSUM_01_NZCitizen" classname="Join.Form.Customer.Selenium.Features._10_TertiaryProductFeature" runstate="Runnable" testcasecount="3" result="Failed" site="Child" start-time="2017-11-08 13:36:24Z" end-time="2017-11-08 13:47:36Z" duration="671.449377" total="3" passed="0" failed="3" warnings="0" inconclusive="0" skipped="0" asserts="0">
                  <properties>
                    <property name="Description" value="TER_ACTSUM_01 - NZ Citizen" />
                    <property name="Category" value="COB" />
                    <property name="Category" value="activatesummary" />
                    <property name="Category" value="122016" />
                    <property name="Category" value="tertiary" />
                    <property name="Category" value="integration" />
                    <property name="Category" value="regression" />
                    <property name="Category" value="smoke" />
                  </properties>
                  <failure>
                    <message><![CDATA[One or more child tests had errors]]></message>
                  </failure>
                  <test-case id="0-1677" name="TER_ACTSUM_01_NZCitizen(&quot;Tertiary Cheque only&quot;,&quot;Tertiary Cheque&quot;,System.String[])" fullname="Join.Form.Customer.Selenium.Features._10_TertiaryProductFeature.TER_ACTSUM_01_NZCitizen(&quot;Tertiary Cheque only&quot;,&quot;Tertiary Cheque&quot;,System.String[])" methodname="TER_ACTSUM_01_NZCitizen" classname="Join.Form.Customer.Selenium.Features._10_TertiaryProductFeature" runstate="Runnable" seed="169793832" result="Failed" label="Error" start-time="2017-11-08 13:36:24Z" end-time="2017-11-08 13:40:09Z" duration="224.507248" asserts="0">
                    <properties />
                    <failure>
                      <message><![CDATA[System.Reflection.TargetInvocationException : Exception has been thrown by the target of an invocation.
  ----> System.Exception : no such element: Unable to locate element: {"method":"css selector","selector":"iframe[title='Main content']"}
  (Session info: chrome=60.0.3112.78)
  (Driver info: chromedriver=2.29.461591 (62ebf098771772160f391d75e589dc567915b233),platform=Windows NT 6.3.9600 x86_64)
  ----> OpenQA.Selenium.NoSuchElementException : no such element: Unable to locate element: {"method":"css selector","selector":"iframe[title='Main content']"}
  (Session info: chrome=60.0.3112.78)
  (Driver info: chromedriver=2.29.461591 (62ebf098771772160f391d75e589dc567915b233),platform=Windows NT 6.3.9600 x86_64)]]></message>
                      <stack-trace><![CDATA[   at System.RuntimeMethodHandle.InvokeMethod(Object target, Object[] arguments, Signature sig, Boolean constructor)
   at System.Reflection.RuntimeConstructorInfo.Invoke(BindingFlags invokeAttr, Binder binder, Object[] parameters, CultureInfo culture)
   at BoDi.ObjectContainer.CreateObject(Type type, ResolutionList resolutionPath, RegistrationKey keyToResolve)
   at BoDi.ObjectContainer.TypeRegistration.Resolve(ObjectContainer container, RegistrationKey keyToResolve, ResolutionList resolutionPath)
   at BoDi.ObjectContainer.ResolveObject(RegistrationKey keyToResolve, ResolutionList resolutionPath)
   at BoDi.ObjectContainer.Resolve(Type typeToResolve, ResolutionList resolutionPath, String name)
   at lambda_method(Closure , IContextManager , String )
   at TechTalk.SpecFlow.Bindings.BindingInvoker.InvokeBinding(IBinding binding, IContextManager contextManager, Object[] arguments, ITestTracer testTracer, TimeSpan& duration)
   at TechTalk.SpecFlow.Infrastructure.TestExecutionEngine.ExecuteStepMatch(BindingMatch match, Object[] arguments)
   at TechTalk.SpecFlow.Infrastructure.TestExecutionEngine.ExecuteStep(StepInstance stepInstance)
   at TechTalk.SpecFlow.Infrastructure.TestExecutionEngine.OnAfterLastStep()
   at Join.Form.Customer.Selenium.Features._10_TertiaryProductFeature.ScenarioCleanup()
   at Join.Form.Customer.Selenium.Features._10_TertiaryProductFeature.TER_ACTSUM_01_NZCitizen(String scenario, String products, String[] exampleTags)
--Exception
   at ASB.Test.Automation.Utils.Retry.Retry.Execute(Func`1 function, Int32 retryInterval, Int32 retryCount, String exceptionMessage)
   at Join.Form.Customer.Selenium.Pages.FeaturesPage.WaitForFeaturesPageLoad(By frameLocator)
   at Join.Form.Customer.Selenium.Pages.FeaturesPage..ctor(ContextObject _context)
   at Join.Form.Customer.Selenium.Pages.IntroductionPage..ctor(ContextObject context)
   at Join.Form.Customer.Selenium.StepDefinitions.ProductsPageSteps..ctor(ContextObject context)
--NoSuchElementException
   at OpenQA.Selenium.Remote.RemoteWebDriver.UnpackAndThrowOnError(Response errorResponse)
   at OpenQA.Selenium.Remote.RemoteWebDriver.Execute(String driverCommandToExecute, Dictionary`2 parameters)
   at OpenQA.Selenium.Remote.RemoteWebDriver.FindElement(String mechanism, String value)
   at Join.Form.Customer.Selenium.Pages.FeaturesPage.<WaitForFeaturesPageLoad>b__26_0()
   at ASB.Test.Automation.Utils.Retry.Retry.Execute(Func`1 function, Int32 retryInterval, Int32 retryCount, String exceptionMessage)]]></stack-trace>
                    </failure>
                    <output><![CDATA[Given I start my Tertiary application
Navigating to URL: https://webappisamdev.asbbank.co.nz/public/join/tertiaryasb?grcDisabled=true
-> done: CommonSteps.GivenIStartMyTertiaryApplication() (0.9s)
Given I select the following products: 'Tertiary Cheque'
11/9/2017 2:36:36 AMWaitForFeaturesPageLoad: Executing WaitForFrameAndSwitch
-> error: Exception has been thrown by the target of an invocation.
And I enter all required details and navigate to Summary page
  --- table step argument ---
  | Title | FirstName    | MiddleName | LastName | DateOfBirth   | Email                   | MobileNumber   | PreferredIdType | Password | assPassword |
  | Miss  | AutomationNZ |            | ass   | 16 March 1978 | Jay.Pamilacan@asb.co.nz | 021-1234567890 | Other           | Kiwi77nz | MyCode01       |
-> skipped because of previous errors
When I confirm details on the Summary page
-> skipped because of previous errors
Then the 'Processing' screen of Join ASB page is displayed
-> skipped because of previous errors
And the Logging you in progress page is displayed
-> skipped because of previous errors
And the Activation page is displayed
-> skipped because of previous errors
And the account number and product name is displayed for the selected products
-> skipped because of previous errors
And the Profile Details section is displayed
-> skipped because of previous errors
And the Proof of Address section is displayed
-> skipped because of previous errors
And the Confirm Identity section is displayed
-> skipped because of previous errors
And the Show Proof of Study section is displayed
-> skipped because of previous errors
And the See a complete list of acceptable documents text is displayed conditionally
-> skipped because of previous errors
And the Find a branch button is displayed conditionally
-> skipped because of previous errors
]]></output>
                  </test-case>
                  <test-case id="0-1678" name="TER_ACTSUM_01_NZCitizen(&quot;Default Tertiary Products&quot;,&quot;Tertiary Cheque, ASB Visa Debit Tertiary&quot;,System.String[])" fullname="Join.Form.Customer.Selenium.Features._10_TertiaryProductFeature.TER_ACTSUM_01_NZCitizen(&quot;Default Tertiary Products&quot;,&quot;Tertiary Cheque, ASB Visa Debit Tertiary&quot;,System.String[])" methodname="TER_ACTSUM_01_NZCitizen" classname="Join.Form.Customer.Selenium.Features._10_TertiaryProductFeature" runstate="Runnable" seed="1079932838" result="Failed" label="Error" start-time="2017-11-08 13:40:09Z" end-time="2017-11-08 13:43:53Z" duration="224.476886" asserts="0">
                    <properties />
                    <failure>
                      <message><![CDATA[System.Reflection.TargetInvocationException : Exception has been thrown by the target of an invocation.
  ----> System.Exception : no such element: Unable to locate element: {"method":"css selector","selector":"iframe[title='Main content']"}
  (Session info: chrome=60.0.3112.78)
  (Driver info: chromedriver=2.29.461591 (62ebf098771772160f391d75e589dc567915b233),platform=Windows NT 6.3.9600 x86_64)
  ----> OpenQA.Selenium.NoSuchElementException : no such element: Unable to locate element: {"method":"css selector","selector":"iframe[title='Main content']"}
  (Session info: chrome=60.0.3112.78)
  (Driver info: chromedriver=2.29.461591 (62ebf098771772160f391d75e589dc567915b233),platform=Windows NT 6.3.9600 x86_64)]]></message>
                      <stack-trace><![CDATA[   at System.RuntimeMethodHandle.InvokeMethod(Object target, Object[] arguments, Signature sig, Boolean constructor)
   at System.Reflection.RuntimeConstructorInfo.Invoke(BindingFlags invokeAttr, Binder binder, Object[] parameters, CultureInfo culture)
   at BoDi.ObjectContainer.CreateObject(Type type, ResolutionList resolutionPath, RegistrationKey keyToResolve)
   at BoDi.ObjectContainer.TypeRegistration.Resolve(ObjectContainer container, RegistrationKey keyToResolve, ResolutionList resolutionPath)
   at BoDi.ObjectContainer.ResolveObject(RegistrationKey keyToResolve, ResolutionList resolutionPath)
   at BoDi.ObjectContainer.Resolve(Type typeToResolve, ResolutionList resolutionPath, String name)
   at lambda_method(Closure , IContextManager , String )
   at TechTalk.SpecFlow.Bindings.BindingInvoker.InvokeBinding(IBinding binding, IContextManager contextManager, Object[] arguments, ITestTracer testTracer, TimeSpan& duration)
   at TechTalk.SpecFlow.Infrastructure.TestExecutionEngine.ExecuteStepMatch(BindingMatch match, Object[] arguments)
   at TechTalk.SpecFlow.Infrastructure.TestExecutionEngine.ExecuteStep(StepInstance stepInstance)
   at TechTalk.SpecFlow.Infrastructure.TestExecutionEngine.OnAfterLastStep()
   at Join.Form.Customer.Selenium.Features._10_TertiaryProductFeature.ScenarioCleanup()
   at Join.Form.Customer.Selenium.Features._10_TertiaryProductFeature.TER_ACTSUM_01_NZCitizen(String scenario, String products, String[] exampleTags)
--Exception
   at ASB.Test.Automation.Utils.Retry.Retry.Execute(Func`1 function, Int32 retryInterval, Int32 retryCount, String exceptionMessage)
   at Join.Form.Customer.Selenium.Pages.FeaturesPage.WaitForFeaturesPageLoad(By frameLocator)
   at Join.Form.Customer.Selenium.Pages.FeaturesPage..ctor(ContextObject _context)
   at Join.Form.Customer.Selenium.Pages.IntroductionPage..ctor(ContextObject context)
   at Join.Form.Customer.Selenium.StepDefinitions.ProductsPageSteps..ctor(ContextObject context)
--NoSuchElementException
   at OpenQA.Selenium.Remote.RemoteWebDriver.UnpackAndThrowOnError(Response errorResponse)
   at OpenQA.Selenium.Remote.RemoteWebDriver.Execute(String driverCommandToExecute, Dictionary`2 parameters)
   at OpenQA.Selenium.Remote.RemoteWebDriver.FindElement(String mechanism, String value)
   at Join.Form.Customer.Selenium.Pages.FeaturesPage.<WaitForFeaturesPageLoad>b__26_0()
   at ASB.Test.Automation.Utils.Retry.Retry.Execute(Func`1 function, Int32 retryInterval, Int32 retryCount, String exceptionMessage)]]></stack-trace>
                    </failure>
                    <output><![CDATA[Given I start my Tertiary application
Navigating to URL: https://webappisamdev.asbbank.co.nz/public/join/tertiaryasb?grcDisabled=true
-> done: CommonSteps.GivenIStartMyTertiaryApplication() (0.8s)
Given I select the following products: 'Tertiary Cheque, ASB Visa Debit Tertiary'
11/9/2017 2:40:20 AMWaitForFeaturesPageLoad: Executing WaitForFrameAndSwitch
-> error: Exception has been thrown by the target of an invocation.
And I enter all required details and navigate to Summary page
  --- table step argument ---
  | Title | FirstName    | MiddleName | LastName | DateOfBirth   | Email                   | MobileNumber   | PreferredIdType | Password | assPassword |
  | Miss  | AutomationNZ |            | ass   | 16 March 1978 | Jay.Pamilacan@asb.co.nz | 021-1234567890 | Other           | Kiwi77nz | MyCode01       |
-> skipped because of previous errors
When I confirm details on the Summary page
-> skipped because of previous errors
Then the 'Processing' screen of Join ASB page is displayed
-> skipped because of previous errors
And the Logging you in progress page is displayed
-> skipped because of previous errors
And the Activation page is displayed
-> skipped because of previous errors
And the account number and product name is displayed for the selected products
-> skipped because of previous errors
And the Profile Details section is displayed
-> skipped because of previous errors
And the Proof of Address section is displayed
-> skipped because of previous errors
And the Confirm Identity section is displayed
-> skipped because of previous errors
And the Show Proof of Study section is displayed
-> skipped because of previous errors
And the See a complete list of acceptable documents text is displayed conditionally
-> skipped because of previous errors
And the Find a branch button is displayed conditionally
-> skipped because of previous errors
]]></output>
                  </test-case>
                  <test-case id="0-1679" name="TER_ACTSUM_01_NZCitizen(&quot;All Tertiary Products&quot;,&quot;Tertiary Cheque, ASB Visa Debit Tertiary, Tertiary Overdraft, ASB Visa Light Tertiary,Savings On Call,FastSaver&quot;,System.String[])" fullname="Join.Form.Customer.Selenium.Features._10_TertiaryProductFeature.TER_ACTSUM_01_NZCitizen(&quot;All Tertiary Products&quot;,&quot;Tertiary Cheque, ASB Visa Debit Tertiary, Tertiary Overdraft, ASB Visa Light Tertiary,Savings On Call,FastSaver&quot;,System.String[])" methodname="TER_ACTSUM_01_NZCitizen" classname="Join.Form.Customer.Selenium.Features._10_TertiaryProductFeature" runstate="Runnable" seed="19474091" result="Failed" label="Error" start-time="2017-11-08 13:43:53Z" end-time="2017-11-08 13:47:36Z" duration="222.383914" asserts="0">
                    <properties />
                    <failure>
                      <message><![CDATA[System.Reflection.TargetInvocationException : Exception has been thrown by the target of an invocation.
  ----> System.Exception : no such element: Unable to locate element: {"method":"css selector","selector":"iframe[title='Main content']"}
  (Session info: chrome=60.0.3112.78)
  (Driver info: chromedriver=2.29.461591 (62ebf098771772160f391d75e589dc567915b233),platform=Windows NT 6.3.9600 x86_64)
  ----> OpenQA.Selenium.NoSuchElementException : no such element: Unable to locate element: {"method":"css selector","selector":"iframe[title='Main content']"}
  (Session info: chrome=60.0.3112.78)
  (Driver info: chromedriver=2.29.461591 (62ebf098771772160f391d75e589dc567915b233),platform=Windows NT 6.3.9600 x86_64)]]></message>
                      <stack-trace><![CDATA[   at System.RuntimeMethodHandle.InvokeMethod(Object target, Object[] arguments, Signature sig, Boolean constructor)
   at System.Reflection.RuntimeConstructorInfo.Invoke(BindingFlags invokeAttr, Binder binder, Object[] parameters, CultureInfo culture)
   at BoDi.ObjectContainer.CreateObject(Type type, ResolutionList resolutionPath, RegistrationKey keyToResolve)
   at BoDi.ObjectContainer.TypeRegistration.Resolve(ObjectContainer container, RegistrationKey keyToResolve, ResolutionList resolutionPath)
   at BoDi.ObjectContainer.ResolveObject(RegistrationKey keyToResolve, ResolutionList resolutionPath)
   at BoDi.ObjectContainer.Resolve(Type typeToResolve, ResolutionList resolutionPath, String name)
   at lambda_method(Closure , IContextManager , String )
   at TechTalk.SpecFlow.Bindings.BindingInvoker.InvokeBinding(IBinding binding, IContextManager contextManager, Object[] arguments, ITestTracer testTracer, TimeSpan& duration)
   at TechTalk.SpecFlow.Infrastructure.TestExecutionEngine.ExecuteStepMatch(BindingMatch match, Object[] arguments)
   at TechTalk.SpecFlow.Infrastructure.TestExecutionEngine.ExecuteStep(StepInstance stepInstance)
   at TechTalk.SpecFlow.Infrastructure.TestExecutionEngine.OnAfterLastStep()
   at Join.Form.Customer.Selenium.Features._10_TertiaryProductFeature.ScenarioCleanup()
   at Join.Form.Customer.Selenium.Features._10_TertiaryProductFeature.TER_ACTSUM_01_NZCitizen(String scenario, String products, String[] exampleTags)
--Exception
   at ASB.Test.Automation.Utils.Retry.Retry.Execute(Func`1 function, Int32 retryInterval, Int32 retryCount, String exceptionMessage)
   at Join.Form.Customer.Selenium.Pages.FeaturesPage.WaitForFeaturesPageLoad(By frameLocator)
   at Join.Form.Customer.Selenium.Pages.FeaturesPage..ctor(ContextObject _context)
   at Join.Form.Customer.Selenium.Pages.IntroductionPage..ctor(ContextObject context)
   at Join.Form.Customer.Selenium.StepDefinitions.ProductsPageSteps..ctor(ContextObject context)
--NoSuchElementException
   at OpenQA.Selenium.Remote.RemoteWebDriver.UnpackAndThrowOnError(Response errorResponse)
   at OpenQA.Selenium.Remote.RemoteWebDriver.Execute(String driverCommandToExecute, Dictionary`2 parameters)
   at OpenQA.Selenium.Remote.RemoteWebDriver.FindElement(String mechanism, String value)
   at Join.Form.Customer.Selenium.Pages.FeaturesPage.<WaitForFeaturesPageLoad>b__26_0()
   at ASB.Test.Automation.Utils.Retry.Retry.Execute(Func`1 function, Int32 retryInterval, Int32 retryCount, String exceptionMessage)]]></stack-trace>
                    </failure>
                    <output><![CDATA[Given I start my Tertiary application
Navigating to URL: https://webappisamdev.asbbank.co.nz/public/join/tertiaryasb?grcDisabled=true
-> done: CommonSteps.GivenIStartMyTertiaryApplication() (0.8s)
Given I select the following products: 'Tertiary Cheque, ASB Visa Debit Tertiary, Tertiary Overdraft, ASB Visa Light Tertiary,Savings On Call,FastSaver'
11/9/2017 2:44:05 AMWaitForFeaturesPageLoad: Executing WaitForFrameAndSwitch
-> error: Exception has been thrown by the target of an invocation.
And I enter all required details and navigate to Summary page
  --- table step argument ---
  | Title | FirstName    | MiddleName | LastName | DateOfBirth   | Email                   | MobileNumber   | PreferredIdType | Password | assPassword |
  | Miss  | AutomationNZ |            | ass   | 16 March 1978 | Jay.Pamilacan@asb.co.nz | 021-1234567890 | Other           | Kiwi77nz | MyCode01       |
-> skipped because of previous errors
When I confirm details on the Summary page
-> skipped because of previous errors
Then the 'Processing' screen of Join ASB page is displayed
-> skipped because of previous errors
And the Logging you in progress page is displayed
-> skipped because of previous errors
And the Activation page is displayed
-> skipped because of previous errors
And the account number and product name is displayed for the selected products
-> skipped because of previous errors
And the Profile Details section is displayed
-> skipped because of previous errors
And the Proof of Address section is displayed
-> skipped because of previous errors
And the Confirm Identity section is displayed
-> skipped because of previous errors
And the Show Proof of Study section is displayed
-> skipped because of previous errors
And the See a complete list of acceptable documents text is displayed conditionally
-> skipped because of previous errors
And the Find a branch button is displayed conditionally
-> skipped because of previous errors
]]></output>
                  </test-case>
                </test-suite>
                <test-suite type="ParameterizedMethod" id="0-1684" name="TER_ACTSUM_02_Non_NZCitizen" fullname="Join.Form.Customer.Selenium.Features._10_TertiaryProductFeature.TER_ACTSUM_02_Non_NZCitizen" classname="Join.Form.Customer.Selenium.Features._10_TertiaryProductFeature" runstate="Runnable" testcasecount="3" result="Failed" site="Child" start-time="2017-11-08 13:47:36Z" end-time="2017-11-08 13:58:17Z" duration="641.411798" total="3" passed="0" failed="3" warnings="0" inconclusive="0" skipped="0" asserts="0">
                  <properties>
                    <property name="Description" value="TER_ACTSUM_02 - Non-NZ Citizen" />
                    <property name="Category" value="COB" />
                    <property name="Category" value="activatesummary" />
                    <property name="Category" value="122016" />
                    <property name="Category" value="tertiary" />
                    <property name="Category" value="integration" />
                    <property name="Category" value="regression" />
                  </properties>
                  <failure>
                    <message><![CDATA[One or more child tests had errors]]></message>
                  </failure>
                  <test-case id="0-1681" name="TER_ACTSUM_02_Non_NZCitizen(&quot;Tertiary Cheque only&quot;,&quot;Tertiary Cheque&quot;,System.String[])" fullname="Join.Form.Customer.Selenium.Features._10_TertiaryProductFeature.TER_ACTSUM_02_Non_NZCitizen(&quot;Tertiary Cheque only&quot;,&quot;Tertiary Cheque&quot;,System.String[])" methodname="TER_ACTSUM_02_Non_NZCitizen" classname="Join.Form.Customer.Selenium.Features._10_TertiaryProductFeature" runstate="Runnable" seed="1933737586" result="Failed" label="Error" start-time="2017-11-08 13:47:36Z" end-time="2017-11-08 13:51:10Z" duration="214.435861" asserts="0">
                    <properties />
                    <failure>
                      <message><![CDATA[System.Reflection.TargetInvocationException : Exception has been thrown by the target of an invocation.
  ----> System.Exception : no such element: Unable to locate element: {"method":"css selector","selector":"iframe[title='Main content']"}
  (Session info: chrome=60.0.3112.78)
  (Driver info: chromedriver=2.29.461591 (62ebf098771772160f391d75e589dc567915b233),platform=Windows NT 6.3.9600 x86_64)
  ----> OpenQA.Selenium.NoSuchElementException : no such element: Unable to locate element: {"method":"css selector","selector":"iframe[title='Main content']"}
  (Session info: chrome=60.0.3112.78)
  (Driver info: chromedriver=2.29.461591 (62ebf098771772160f391d75e589dc567915b233),platform=Windows NT 6.3.9600 x86_64)]]></message>
                      <stack-trace><![CDATA[   at System.RuntimeMethodHandle.InvokeMethod(Object target, Object[] arguments, Signature sig, Boolean constructor)
   at System.Reflection.RuntimeConstructorInfo.Invoke(BindingFlags invokeAttr, Binder binder, Object[] parameters, CultureInfo culture)
   at BoDi.ObjectContainer.CreateObject(Type type, ResolutionList resolutionPath, RegistrationKey keyToResolve)
   at BoDi.ObjectContainer.TypeRegistration.Resolve(ObjectContainer container, RegistrationKey keyToResolve, ResolutionList resolutionPath)
   at BoDi.ObjectContainer.ResolveObject(RegistrationKey keyToResolve, ResolutionList resolutionPath)
   at BoDi.ObjectContainer.Resolve(Type typeToResolve, ResolutionList resolutionPath, String name)
   at lambda_method(Closure , IContextManager )
   at TechTalk.SpecFlow.Bindings.BindingInvoker.InvokeBinding(IBinding binding, IContextManager contextManager, Object[] arguments, ITestTracer testTracer, TimeSpan& duration)
   at TechTalk.SpecFlow.Infrastructure.TestExecutionEngine.ExecuteStepMatch(BindingMatch match, Object[] arguments)
   at TechTalk.SpecFlow.Infrastructure.TestExecutionEngine.ExecuteStep(StepInstance stepInstance)
   at TechTalk.SpecFlow.Infrastructure.TestExecutionEngine.OnAfterLastStep()
   at Join.Form.Customer.Selenium.Features._10_TertiaryProductFeature.ScenarioCleanup()
   at Join.Form.Customer.Selenium.Features._10_TertiaryProductFeature.TER_ACTSUM_02_Non_NZCitizen(String scenario, String products, String[] exampleTags)
--Exception
   at ASB.Test.Automation.Utils.Retry.Retry.Execute(Func`1 function, Int32 retryInterval, Int32 retryCount, String exceptionMessage)
   at Join.Form.Customer.Selenium.Pages.FeaturesPage.WaitForFeaturesPageLoad(By frameLocator)
   at Join.Form.Customer.Selenium.Pages.FeaturesPage..ctor(ContextObject _context)
   at Join.Form.Customer.Selenium.Pages.IntroductionPage..ctor(ContextObject context)
   at Join.Form.Customer.Selenium.StepDefinitions.IntroductionPageSteps..ctor(ContextObject context)
--NoSuchElementException
   at OpenQA.Selenium.Remote.RemoteWebDriver.UnpackAndThrowOnError(Response errorResponse)
   at OpenQA.Selenium.Remote.RemoteWebDriver.Execute(String driverCommandToExecute, Dictionary`2 parameters)
   at OpenQA.Selenium.Remote.RemoteWebDriver.FindElement(String mechanism, String value)
   at Join.Form.Customer.Selenium.Pages.FeaturesPage.<WaitForFeaturesPageLoad>b__26_0()
   at ASB.Test.Automation.Utils.Retry.Retry.Execute(Func`1 function, Int32 retryInterval, Int32 retryCount, String exceptionMessage)]]></stack-trace>
                    </failure>
                    <output><![CDATA[Given I start my Tertiary application
Navigating to URL: https://webappisamdev.asbbank.co.nz/public/join/tertiaryasb?grcDisabled=true
-> done: CommonSteps.GivenIStartMyTertiaryApplication() (0.8s)
Given I am in the Introduction page
11/9/2017 2:47:37 AMWaitForFeaturesPageLoad: Executing WaitForFrameAndSwitch
-> error: Exception has been thrown by the target of an invocation.
And I select 'Yes' in the NZQA question
-> skipped because of previous errors
And I select 'Yes' in the Over 17 question
-> skipped because of previous errors
And I select 'No' in the NZ Citizen question
-> skipped because of previous errors
And I click on 'Get started' button
-> skipped because of previous errors
And I select the following products: 'Tertiary Cheque'
-> skipped because of previous errors
And I enter all required details and navigate to Summary page
  --- table step argument ---
  | Title | FirstName  | MiddleName | LastName | DateOfBirth   | Email                   | MobileNumber   | PreferredIdType | Password | assPassword |
  | Miss  | Automation |            | ass   | 16 March 1978 | Jay.Pamilacan@asb.co.nz | 021-1234567890 | Other           | Kiwi77nz | MyCode01       |
-> skipped because of previous errors
When I confirm details on the Summary page
-> skipped because of previous errors
Then the 'Processing' screen of Join ASB page is displayed
-> skipped because of previous errors
And the Logging you in progress page is displayed
-> skipped because of previous errors
And the Activation page is displayed
-> skipped because of previous errors
And the account number and product name is displayed for the selected products
-> skipped because of previous errors
And the Profile Details section is displayed
-> skipped because of previous errors
And the Proof of Address section is displayed
-> skipped because of previous errors
And the Confirm Identity section is displayed
-> skipped because of previous errors
And the Show Proof of Study section is displayed
-> skipped because of previous errors
And the See a complete list of acceptable documents text is displayed conditionally
-> skipped because of previous errors
And the Find a branch button is displayed conditionally
-> skipped because of previous errors
]]></output>
                  </test-case>
                  <test-case id="0-1682" name="TER_ACTSUM_02_Non_NZCitizen(&quot;Default Tertiary Products&quot;,&quot;Tertiary Cheque, ASB Visa Debit Tertiary&quot;,System.String[])" fullname="Join.Form.Customer.Selenium.Features._10_TertiaryProductFeature.TER_ACTSUM_02_Non_NZCitizen(&quot;Default Tertiary Products&quot;,&quot;Tertiary Cheque, ASB Visa Debit Tertiary&quot;,System.String[])" methodname="TER_ACTSUM_02_Non_NZCitizen" classname="Join.Form.Customer.Selenium.Features._10_TertiaryProductFeature" runstate="Runnable" seed="633361760" result="Failed" label="Error" start-time="2017-11-08 13:51:10Z" end-time="2017-11-08 13:54:45Z" duration="214.533908" asserts="0">
                    <properties />
                    <failure>
                      <message><![CDATA[System.Reflection.TargetInvocationException : Exception has been thrown by the target of an invocation.
  ----> System.Exception : no such element: Unable to locate element: {"method":"css selector","selector":"iframe[title='Main content']"}
  (Session info: chrome=60.0.3112.78)
  (Driver info: chromedriver=2.29.461591 (62ebf098771772160f391d75e589dc567915b233),platform=Windows NT 6.3.9600 x86_64)
  ----> OpenQA.Selenium.NoSuchElementException : no such element: Unable to locate element: {"method":"css selector","selector":"iframe[title='Main content']"}
  (Session info: chrome=60.0.3112.78)
  (Driver info: chromedriver=2.29.461591 (62ebf098771772160f391d75e589dc567915b233),platform=Windows NT 6.3.9600 x86_64)]]></message>
                      <stack-trace><![CDATA[   at System.RuntimeMethodHandle.InvokeMethod(Object target, Object[] arguments, Signature sig, Boolean constructor)
   at System.Reflection.RuntimeConstructorInfo.Invoke(BindingFlags invokeAttr, Binder binder, Object[] parameters, CultureInfo culture)
   at BoDi.ObjectContainer.CreateObject(Type type, ResolutionList resolutionPath, RegistrationKey keyToResolve)
   at BoDi.ObjectContainer.TypeRegistration.Resolve(ObjectContainer container, RegistrationKey keyToResolve, ResolutionList resolutionPath)
   at BoDi.ObjectContainer.ResolveObject(RegistrationKey keyToResolve, ResolutionList resolutionPath)
   at BoDi.ObjectContainer.Resolve(Type typeToResolve, ResolutionList resolutionPath, String name)
   at lambda_method(Closure , IContextManager )
   at TechTalk.SpecFlow.Bindings.BindingInvoker.InvokeBinding(IBinding binding, IContextManager contextManager, Object[] arguments, ITestTracer testTracer, TimeSpan& duration)
   at TechTalk.SpecFlow.Infrastructure.TestExecutionEngine.ExecuteStepMatch(BindingMatch match, Object[] arguments)
   at TechTalk.SpecFlow.Infrastructure.TestExecutionEngine.ExecuteStep(StepInstance stepInstance)
   at TechTalk.SpecFlow.Infrastructure.TestExecutionEngine.OnAfterLastStep()
   at Join.Form.Customer.Selenium.Features._10_TertiaryProductFeature.ScenarioCleanup()
   at Join.Form.Customer.Selenium.Features._10_TertiaryProductFeature.TER_ACTSUM_02_Non_NZCitizen(String scenario, String products, String[] exampleTags)
--Exception
   at ASB.Test.Automation.Utils.Retry.Retry.Execute(Func`1 function, Int32 retryInterval, Int32 retryCount, String exceptionMessage)
   at Join.Form.Customer.Selenium.Pages.FeaturesPage.WaitForFeaturesPageLoad(By frameLocator)
   at Join.Form.Customer.Selenium.Pages.FeaturesPage..ctor(ContextObject _context)
   at Join.Form.Customer.Selenium.Pages.IntroductionPage..ctor(ContextObject context)
   at Join.Form.Customer.Selenium.StepDefinitions.IntroductionPageSteps..ctor(ContextObject context)
--NoSuchElementException
   at OpenQA.Selenium.Remote.RemoteWebDriver.UnpackAndThrowOnError(Response errorResponse)
   at OpenQA.Selenium.Remote.RemoteWebDriver.Execute(String driverCommandToExecute, Dictionary`2 parameters)
   at OpenQA.Selenium.Remote.RemoteWebDriver.FindElement(String mechanism, String value)
   at Join.Form.Customer.Selenium.Pages.FeaturesPage.<WaitForFeaturesPageLoad>b__26_0()
   at ASB.Test.Automation.Utils.Retry.Retry.Execute(Func`1 function, Int32 retryInterval, Int32 retryCount, String exceptionMessage)]]></stack-trace>
                    </failure>
                    <output><![CDATA[Given I start my Tertiary application
Navigating to URL: https://webappisamdev.asbbank.co.nz/public/join/tertiaryasb?grcDisabled=true
-> done: CommonSteps.GivenIStartMyTertiaryApplication() (0.9s)
Given I am in the Introduction page
11/9/2017 2:51:12 AMWaitForFeaturesPageLoad: Executing WaitForFrameAndSwitch
-> error: Exception has been thrown by the target of an invocation.
And I select 'Yes' in the NZQA question
-> skipped because of previous errors
And I select 'Yes' in the Over 17 question
-> skipped because of previous errors
And I select 'No' in the NZ Citizen question
-> skipped because of previous errors
And I click on 'Get started' button
-> skipped because of previous errors
And I select the following products: 'Tertiary Cheque, ASB Visa Debit Tertiary'
-> skipped because of previous errors
And I enter all required details and navigate to Summary page
  --- table step argument ---
  | Title | FirstName  | MiddleName | LastName | DateOfBirth   | Email                   | MobileNumber   | PreferredIdType | Password | assPassword |
  | Miss  | Automation |            | ass   | 16 March 1978 | Jay.Pamilacan@asb.co.nz | 021-1234567890 | Other           | Kiwi77nz | MyCode01       |
-> skipped because of previous errors
When I confirm details on the Summary page
-> skipped because of previous errors
Then the 'Processing' screen of Join ASB page is displayed
-> skipped because of previous errors
And the Logging you in progress page is displayed
-> skipped because of previous errors
And the Activation page is displayed
-> skipped because of previous errors
And the account number and product name is displayed for the selected products
-> skipped because of previous errors
And the Profile Details section is displayed
-> skipped because of previous errors
And the Proof of Address section is displayed
-> skipped because of previous errors
And the Confirm Identity section is displayed
-> skipped because of previous errors
And the Show Proof of Study section is displayed
-> skipped because of previous errors
And the See a complete list of acceptable documents text is displayed conditionally
-> skipped because of previous errors
And the Find a branch button is displayed conditionally
-> skipped because of previous errors
]]></output>
                  </test-case>
                  <test-case id="0-1683" name="TER_ACTSUM_02_Non_NZCitizen(&quot;All Tertiary Products&quot;,&quot;Tertiary Cheque, ASB Visa Debit Tertiary, Savings On Call,FastSaver&quot;,System.String[])" fullname="Join.Form.Customer.Selenium.Features._10_TertiaryProductFeature.TER_ACTSUM_02_Non_NZCitizen(&quot;All Tertiary Products&quot;,&quot;Tertiary Cheque, ASB Visa Debit Tertiary, Savings On Call,FastSaver&quot;,System.String[])" methodname="TER_ACTSUM_02_Non_NZCitizen" classname="Join.Form.Customer.Selenium.Features._10_TertiaryProductFeature" runstate="Runnable" seed="1264415218" result="Failed" label="Error" start-time="2017-11-08 13:54:45Z" end-time="2017-11-08 13:58:17Z" duration="212.376733" asserts="0">
                    <properties />
                    <failure>
                      <message><![CDATA[System.Reflection.TargetInvocationException : Exception has been thrown by the target of an invocation.
  ----> System.Exception : no such element: Unable to locate element: {"method":"css selector","selector":"iframe[title='Main content']"}
  (Session info: chrome=60.0.3112.78)
  (Driver info: chromedriver=2.29.461591 (62ebf098771772160f391d75e589dc567915b233),platform=Windows NT 6.3.9600 x86_64)
  ----> OpenQA.Selenium.NoSuchElementException : no such element: Unable to locate element: {"method":"css selector","selector":"iframe[title='Main content']"}
  (Session info: chrome=60.0.3112.78)
  (Driver info: chromedriver=2.29.461591 (62ebf098771772160f391d75e589dc567915b233),platform=Windows NT 6.3.9600 x86_64)]]></message>
                      <stack-trace><![CDATA[   at System.RuntimeMethodHandle.InvokeMethod(Object target, Object[] arguments, Signature sig, Boolean constructor)
   at System.Reflection.RuntimeConstructorInfo.Invoke(BindingFlags invokeAttr, Binder binder, Object[] parameters, CultureInfo culture)
   at BoDi.ObjectContainer.CreateObject(Type type, ResolutionList resolutionPath, RegistrationKey keyToResolve)
   at BoDi.ObjectContainer.TypeRegistration.Resolve(ObjectContainer container, RegistrationKey keyToResolve, ResolutionList resolutionPath)
   at BoDi.ObjectContainer.ResolveObject(RegistrationKey keyToResolve, ResolutionList resolutionPath)
   at BoDi.ObjectContainer.Resolve(Type typeToResolve, ResolutionList resolutionPath, String name)
   at lambda_method(Closure , IContextManager )
   at TechTalk.SpecFlow.Bindings.BindingInvoker.InvokeBinding(IBinding binding, IContextManager contextManager, Object[] arguments, ITestTracer testTracer, TimeSpan& duration)
   at TechTalk.SpecFlow.Infrastructure.TestExecutionEngine.ExecuteStepMatch(BindingMatch match, Object[] arguments)
   at TechTalk.SpecFlow.Infrastructure.TestExecutionEngine.ExecuteStep(StepInstance stepInstance)
   at TechTalk.SpecFlow.Infrastructure.TestExecutionEngine.OnAfterLastStep()
   at Join.Form.Customer.Selenium.Features._10_TertiaryProductFeature.ScenarioCleanup()
   at Join.Form.Customer.Selenium.Features._10_TertiaryProductFeature.TER_ACTSUM_02_Non_NZCitizen(String scenario, String products, String[] exampleTags)
--Exception
   at ASB.Test.Automation.Utils.Retry.Retry.Execute(Func`1 function, Int32 retryInterval, Int32 retryCount, String exceptionMessage)
   at Join.Form.Customer.Selenium.Pages.FeaturesPage.WaitForFeaturesPageLoad(By frameLocator)
   at Join.Form.Customer.Selenium.Pages.FeaturesPage..ctor(ContextObject _context)
   at Join.Form.Customer.Selenium.Pages.IntroductionPage..ctor(ContextObject context)
   at Join.Form.Customer.Selenium.StepDefinitions.IntroductionPageSteps..ctor(ContextObject context)
--NoSuchElementException
   at OpenQA.Selenium.Remote.RemoteWebDriver.UnpackAndThrowOnError(Response errorResponse)
   at OpenQA.Selenium.Remote.RemoteWebDriver.Execute(String driverCommandToExecute, Dictionary`2 parameters)
   at OpenQA.Selenium.Remote.RemoteWebDriver.FindElement(String mechanism, String value)
   at Join.Form.Customer.Selenium.Pages.FeaturesPage.<WaitForFeaturesPageLoad>b__26_0()
   at ASB.Test.Automation.Utils.Retry.Retry.Execute(Func`1 function, Int32 retryInterval, Int32 retryCount, String exceptionMessage)]]></stack-trace>
                    </failure>
                    <output><![CDATA[Given I start my Tertiary application
Navigating to URL: https://webappisamdev.asbbank.co.nz/public/join/tertiaryasb?grcDisabled=true
-> done: CommonSteps.GivenIStartMyTertiaryApplication() (0.9s)
Given I am in the Introduction page
11/9/2017 2:54:46 AMWaitForFeaturesPageLoad: Executing WaitForFrameAndSwitch
-> error: Exception has been thrown by the target of an invocation.
And I select 'Yes' in the NZQA question
-> skipped because of previous errors
And I select 'Yes' in the Over 17 question
-> skipped because of previous errors
And I select 'No' in the NZ Citizen question
-> skipped because of previous errors
And I click on 'Get started' button
-> skipped because of previous errors
And I select the following products: 'Tertiary Cheque, ASB Visa Debit Tertiary, Savings On Call,FastSaver'
-> skipped because of previous errors
And I enter all required details and navigate to Summary page
  --- table step argument ---
  | Title | FirstName  | MiddleName | LastName | DateOfBirth   | Email                   | MobileNumber   | PreferredIdType | Password | assPassword |
  | Miss  | Automation |            | ass   | 16 March 1978 | Jay.Pamilacan@asb.co.nz | 021-1234567890 | Other           | Kiwi77nz | MyCode01       |
-> skipped because of previous errors
When I confirm details on the Summary page
-> skipped because of previous errors
Then the 'Processing' screen of Join ASB page is displayed
-> skipped because of previous errors
And the Logging you in progress page is displayed
-> skipped because of previous errors
And the Activation page is displayed
-> skipped because of previous errors
And the account number and product name is displayed for the selected products
-> skipped because of previous errors
And the Profile Details section is displayed
-> skipped because of previous errors
And the Proof of Address section is displayed
-> skipped because of previous errors
And the Confirm Identity section is displayed
-> skipped because of previous errors
And the Show Proof of Study section is displayed
-> skipped because of previous errors
And the See a complete list of acceptable documents text is displayed conditionally
-> skipped because of previous errors
And the Find a branch button is displayed conditionally
-> skipped because of previous errors
]]></output>
                  </test-case>
                </test-suite>
                <test-case id="0-1665" name="TER_CNFM_01_VerifyConfirmationScreen_BadCustomerCheckBlock" fullname="Join.Form.Customer.Selenium.Features._10_TertiaryProductFeature.TER_CNFM_01_VerifyConfirmationScreen_BadCustomerCheckBlock" methodname="TER_CNFM_01_VerifyConfirmationScreen_BadCustomerCheckBlock" classname="Join.Form.Customer.Selenium.Features._10_TertiaryProductFeature" runstate="Runnable" seed="1449590806" result="Failed" label="Error" start-time="2017-11-08 13:58:17Z" end-time="2017-11-08 14:02:01Z" duration="224.402622" asserts="0">
                  <properties>
                    <property name="Description" value="TER_CNFM_01 - Verify Confirmation screen - Bad Customer check (block)" />
                    <property name="Category" value="COB" />
                    <property name="Category" value="confirmation" />
                    <property name="Category" value="regression" />
                    <property name="Category" value="integration" />
                    <property name="Category" value="112016" />
                    <property name="Category" value="tertiary" />
                  </properties>
                  <failure>
                    <message><![CDATA[System.Reflection.TargetInvocationException : Exception has been thrown by the target of an invocation.
  ----> System.Exception : no such element: Unable to locate element: {"method":"css selector","selector":"iframe[title='Main content']"}
  (Session info: chrome=60.0.3112.78)
  (Driver info: chromedriver=2.29.461591 (62ebf098771772160f391d75e589dc567915b233),platform=Windows NT 6.3.9600 x86_64)
  ----> OpenQA.Selenium.NoSuchElementException : no such element: Unable to locate element: {"method":"css selector","selector":"iframe[title='Main content']"}
  (Session info: chrome=60.0.3112.78)
  (Driver info: chromedriver=2.29.461591 (62ebf098771772160f391d75e589dc567915b233),platform=Windows NT 6.3.9600 x86_64)]]></message>
                    <stack-trace><![CDATA[   at System.RuntimeMethodHandle.InvokeMethod(Object target, Object[] arguments, Signature sig, Boolean constructor)
   at System.Reflection.RuntimeConstructorInfo.Invoke(BindingFlags invokeAttr, Binder binder, Object[] parameters, CultureInfo culture)
   at BoDi.ObjectContainer.CreateObject(Type type, ResolutionList resolutionPath, RegistrationKey keyToResolve)
   at BoDi.ObjectContainer.TypeRegistration.Resolve(ObjectContainer container, RegistrationKey keyToResolve, ResolutionList resolutionPath)
   at BoDi.ObjectContainer.ResolveObject(RegistrationKey keyToResolve, ResolutionList resolutionPath)
   at BoDi.ObjectContainer.Resolve(Type typeToResolve, ResolutionList resolutionPath, String name)
   at lambda_method(Closure , IContextManager , String )
   at TechTalk.SpecFlow.Bindings.BindingInvoker.InvokeBinding(IBinding binding, IContextManager contextManager, Object[] arguments, ITestTracer testTracer, TimeSpan& duration)
   at TechTalk.SpecFlow.Infrastructure.TestExecutionEngine.ExecuteStepMatch(BindingMatch match, Object[] arguments)
   at TechTalk.SpecFlow.Infrastructure.TestExecutionEngine.ExecuteStep(StepInstance stepInstance)
   at TechTalk.SpecFlow.Infrastructure.TestExecutionEngine.OnAfterLastStep()
   at Join.Form.Customer.Selenium.Features._10_TertiaryProductFeature.ScenarioCleanup()
   at Join.Form.Customer.Selenium.Features._10_TertiaryProductFeature.TER_CNFM_01_VerifyConfirmationScreen_BadCustomerCheckBlock()
--Exception
   at ASB.Test.Automation.Utils.Retry.Retry.Execute(Func`1 function, Int32 retryInterval, Int32 retryCount, String exceptionMessage)
   at Join.Form.Customer.Selenium.Pages.FeaturesPage.WaitForFeaturesPageLoad(By frameLocator)
   at Join.Form.Customer.Selenium.Pages.FeaturesPage..ctor(ContextObject _context)
   at Join.Form.Customer.Selenium.Pages.IntroductionPage..ctor(ContextObject context)
   at Join.Form.Customer.Selenium.StepDefinitions.ProductsPageSteps..ctor(ContextObject context)
--NoSuchElementException
   at OpenQA.Selenium.Remote.RemoteWebDriver.UnpackAndThrowOnError(Response errorResponse)
   at OpenQA.Selenium.Remote.RemoteWebDriver.Execute(String driverCommandToExecute, Dictionary`2 parameters)
   at OpenQA.Selenium.Remote.RemoteWebDriver.FindElement(String mechanism, String value)
   at Join.Form.Customer.Selenium.Pages.FeaturesPage.<WaitForFeaturesPageLoad>b__26_0()
   at ASB.Test.Automation.Utils.Retry.Retry.Execute(Func`1 function, Int32 retryInterval, Int32 retryCount, String exceptionMessage)]]></stack-trace>
                  </failure>
                  <output><![CDATA[Given I start my Tertiary application
Navigating to URL: https://webappisamdev.asbbank.co.nz/public/join/tertiaryasb?grcDisabled=true
-> done: CommonSteps.GivenIStartMyTertiaryApplication() (0.8s)
Given I select the following products: 'Tertiary Cheque, ASB Visa Debit Tertiary'
11/9/2017 2:58:29 AMWaitForFeaturesPageLoad: Executing WaitForFrameAndSwitch
-> error: Exception has been thrown by the target of an invocation.
And I enter all required details and navigate to Summary page
  --- table step argument ---
  | Title | FirstName | MiddleName | LastName | DateOfBirth | Email             | MobileNumber | PreferredIdType | Password | assPassword |
  | Mr    | Michael   | Sam        | Wayne    | 1 June 1983 | cob2016@asb.co.nz | 021-ass   | Other           | Kiwi77nz | MyCode01       |
-> skipped because of previous errors
When I confirm details on the Summary page
-> skipped because of previous errors
Then System Unavailable screen is displayed
-> skipped because of previous errors
And a message advising me of difficulties signing me up online and to contact ASB is displayed
-> skipped because of previous errors
And the Confirmation page for duplicate 'bad' customer with open products is displayed
-> skipped because of previous errors
And the 'Find a branch' button opens in a new window
-> skipped because of previous errors
]]></output>
                </test-case>
                <test-case id="0-1666" name="TER_CNFM_02_VerifyProofOfAddressAndTertiaryCopy_BadCustomer" fullname="Join.Form.Customer.Selenium.Features._10_TertiaryProductFeature.TER_CNFM_02_VerifyProofOfAddressAndTertiaryCopy_BadCustomer" methodname="TER_CNFM_02_VerifyProofOfAddressAndTertiaryCopy_BadCustomer" classname="Join.Form.Customer.Selenium.Features._10_TertiaryProductFeature" runstate="Runnable" seed="1600450911" result="Failed" label="Error" start-time="2017-11-08 14:02:01Z" end-time="2017-11-08 14:05:47Z" duration="225.183395" asserts="0">
                  <properties>
                    <property name="Description" value="TER_CNFM_02 - Verify Proof of Address and Tertiary copy - Bad Customer" />
                    <property name="Category" value="COB" />
                    <property name="Category" value="confirmation" />
                    <property name="Category" value="regression" />
                    <property name="Category" value="integration" />
                    <property name="Category" value="122016" />
                    <property name="Category" value="tertiary" />
                  </properties>
                  <failure>
                    <message><![CDATA[System.Reflection.TargetInvocationException : Exception has been thrown by the target of an invocation.
  ----> System.Exception : no such element: Unable to locate element: {"method":"css selector","selector":"iframe[title='Main content']"}
  (Session info: chrome=60.0.3112.78)
  (Driver info: chromedriver=2.29.461591 (62ebf098771772160f391d75e589dc567915b233),platform=Windows NT 6.3.9600 x86_64)
  ----> OpenQA.Selenium.NoSuchElementException : no such element: Unable to locate element: {"method":"css selector","selector":"iframe[title='Main content']"}
  (Session info: chrome=60.0.3112.78)
  (Driver info: chromedriver=2.29.461591 (62ebf098771772160f391d75e589dc567915b233),platform=Windows NT 6.3.9600 x86_64)]]></message>
                    <stack-trace><![CDATA[   at System.RuntimeMethodHandle.InvokeMethod(Object target, Object[] arguments, Signature sig, Boolean constructor)
   at System.Reflection.RuntimeConstructorInfo.Invoke(BindingFlags invokeAttr, Binder binder, Object[] parameters, CultureInfo culture)
   at BoDi.ObjectContainer.CreateObject(Type type, ResolutionList resolutionPath, RegistrationKey keyToResolve)
   at BoDi.ObjectContainer.TypeRegistration.Resolve(ObjectContainer container, RegistrationKey keyToResolve, ResolutionList resolutionPath)
   at BoDi.ObjectContainer.ResolveObject(RegistrationKey keyToResolve, ResolutionList resolutionPath)
   at BoDi.ObjectContainer.Resolve(Type typeToResolve, ResolutionList resolutionPath, String name)
   at lambda_method(Closure , IContextManager , String )
   at TechTalk.SpecFlow.Bindings.BindingInvoker.InvokeBinding(IBinding binding, IContextManager contextManager, Object[] arguments, ITestTracer testTracer, TimeSpan& duration)
   at TechTalk.SpecFlow.Infrastructure.TestExecutionEngine.ExecuteStepMatch(BindingMatch match, Object[] arguments)
   at TechTalk.SpecFlow.Infrastructure.TestExecutionEngine.ExecuteStep(StepInstance stepInstance)
   at TechTalk.SpecFlow.Infrastructure.TestExecutionEngine.OnAfterLastStep()
   at Join.Form.Customer.Selenium.Features._10_TertiaryProductFeature.ScenarioCleanup()
   at Join.Form.Customer.Selenium.Features._10_TertiaryProductFeature.TER_CNFM_02_VerifyProofOfAddressAndTertiaryCopy_BadCustomer()
--Exception
   at ASB.Test.Automation.Utils.Retry.Retry.Execute(Func`1 function, Int32 retryInterval, Int32 retryCount, String exceptionMessage)
   at Join.Form.Customer.Selenium.Pages.FeaturesPage.WaitForFeaturesPageLoad(By frameLocator)
   at Join.Form.Customer.Selenium.Pages.FeaturesPage..ctor(ContextObject _context)
   at Join.Form.Customer.Selenium.Pages.IntroductionPage..ctor(ContextObject context)
   at Join.Form.Customer.Selenium.StepDefinitions.ProductsPageSteps..ctor(ContextObject context)
--NoSuchElementException
   at OpenQA.Selenium.Remote.RemoteWebDriver.UnpackAndThrowOnError(Response errorResponse)
   at OpenQA.Selenium.Remote.RemoteWebDriver.Execute(String driverCommandToExecute, Dictionary`2 parameters)
   at OpenQA.Selenium.Remote.RemoteWebDriver.FindElement(String mechanism, String value)
   at Join.Form.Customer.Selenium.Pages.FeaturesPage.<WaitForFeaturesPageLoad>b__26_0()
   at ASB.Test.Automation.Utils.Retry.Retry.Execute(Func`1 function, Int32 retryInterval, Int32 retryCount, String exceptionMessage)]]></stack-trace>
                  </failure>
                  <output><![CDATA[Given I start my Tertiary application
Navigating to URL: https://webappisamdev.asbbank.co.nz/public/join/tertiaryasb?grcDisabled=true
-> done: CommonSteps.GivenIStartMyTertiaryApplication() (0.8s)
Given I select the following products: 'Tertiary Cheque, ASB Visa Debit Tertiary'
11/9/2017 3:02:13 AMWaitForFeaturesPageLoad: Executing WaitForFrameAndSwitch
-> error: Exception has been thrown by the target of an invocation.
And I enter all required details and navigate to Summary page
  --- table step argument ---
  | Title | FirstName | MiddleName | LastName | DateOfBirth | Email             | MobileNumber | PreferredIdType | Password | assPassword |
  | Mr    | Michael   | Sam        | Wayne    | 1 June 1983 | cob2016@asb.co.nz | 021-ass   | Other           | Kiwi77nz | MyCode01       |
-> skipped because of previous errors
When I confirm details on the Summary page
-> skipped because of previous errors
Then the Confirmation page for duplicate 'bad' customer with open products is displayed
-> skipped because of previous errors
And the Proof of Address section is displayed for Tertiary customer
-> skipped because of previous errors
And the Show Proof of Study section is displayed for Tertiary customer
-> skipped because of previous errors
]]></output>
                </test-case>
                <test-case id="0-1667" name="TER_CNFM_03_ExistingCustomerCheck_FNCOpenApplyRedirect" fullname="Join.Form.Customer.Selenium.Features._10_TertiaryProductFeature.TER_CNFM_03_ExistingCustomerCheck_FNCOpenApplyRedirect" methodname="TER_CNFM_03_ExistingCustomerCheck_FNCOpenApplyRedirect" classname="Join.Form.Customer.Selenium.Features._10_TertiaryProductFeature" runstate="Runnable" seed="255467140" result="Failed" label="Error" start-time="2017-11-08 14:05:47Z" end-time="2017-11-08 14:09:36Z" duration="229.221244" asserts="0">
                  <properties>
                    <property name="Description" value="TER_CNFM_03 - Existing Customer check - FNC Open &amp; Apply Redirect" />
                    <property name="Category" value="COB" />
                    <property name="Category" value="confirmation" />
                    <property name="Category" value="regression" />
                    <property name="Category" value="integration" />
                    <property name="Category" value="112016" />
                    <property name="Category" value="tertiary" />
                  </properties>
                  <failure>
                    <message><![CDATA[System.Reflection.TargetInvocationException : Exception has been thrown by the target of an invocation.
  ----> System.Exception : no such element: Unable to locate element: {"method":"css selector","selector":"iframe[title='Main content']"}
  (Session info: chrome=60.0.3112.78)
  (Driver info: chromedriver=2.29.461591 (62ebf098771772160f391d75e589dc567915b233),platform=Windows NT 6.3.9600 x86_64)
  ----> OpenQA.Selenium.NoSuchElementException : no such element: Unable to locate element: {"method":"css selector","selector":"iframe[title='Main content']"}
  (Session info: chrome=60.0.3112.78)
  (Driver info: chromedriver=2.29.461591 (62ebf098771772160f391d75e589dc567915b233),platform=Windows NT 6.3.9600 x86_64)]]></message>
                    <stack-trace><![CDATA[   at System.RuntimeMethodHandle.InvokeMethod(Object target, Object[] arguments, Signature sig, Boolean constructor)
   at System.Reflection.RuntimeConstructorInfo.Invoke(BindingFlags invokeAttr, Binder binder, Object[] parameters, CultureInfo culture)
   at BoDi.ObjectContainer.CreateObject(Type type, ResolutionList resolutionPath, RegistrationKey keyToResolve)
   at BoDi.ObjectContainer.TypeRegistration.Resolve(ObjectContainer container, RegistrationKey keyToResolve, ResolutionList resolutionPath)
   at BoDi.ObjectContainer.ResolveObject(RegistrationKey keyToResolve, ResolutionList resolutionPath)
   at BoDi.ObjectContainer.Resolve(Type typeToResolve, ResolutionList resolutionPath, String name)
   at lambda_method(Closure , IContextManager , String )
   at TechTalk.SpecFlow.Bindings.BindingInvoker.InvokeBinding(IBinding binding, IContextManager contextManager, Object[] arguments, ITestTracer testTracer, TimeSpan& duration)
   at TechTalk.SpecFlow.Infrastructure.TestExecutionEngine.ExecuteStepMatch(BindingMatch match, Object[] arguments)
   at TechTalk.SpecFlow.Infrastructure.TestExecutionEngine.ExecuteStep(StepInstance stepInstance)
   at TechTalk.SpecFlow.Infrastructure.TestExecutionEngine.OnAfterLastStep()
   at Join.Form.Customer.Selenium.Features._10_TertiaryProductFeature.ScenarioCleanup()
   at Join.Form.Customer.Selenium.Features._10_TertiaryProductFeature.TER_CNFM_03_ExistingCustomerCheck_FNCOpenApplyRedirect()
--Exception
   at ASB.Test.Automation.Utils.Retry.Retry.Execute(Func`1 function, Int32 retryInterval, Int32 retryCount, String exceptionMessage)
   at Join.Form.Customer.Selenium.Pages.FeaturesPage.WaitForFeaturesPageLoad(By frameLocator)
   at Join.Form.Customer.Selenium.Pages.FeaturesPage..ctor(ContextObject _context)
   at Join.Form.Customer.Selenium.Pages.IntroductionPage..ctor(ContextObject context)
   at Join.Form.Customer.Selenium.StepDefinitions.ProductsPageSteps..ctor(ContextObject context)
--NoSuchElementException
   at OpenQA.Selenium.Remote.RemoteWebDriver.UnpackAndThrowOnError(Response errorResponse)
   at OpenQA.Selenium.Remote.RemoteWebDriver.Execute(String driverCommandToExecute, Dictionary`2 parameters)
   at OpenQA.Selenium.Remote.RemoteWebDriver.FindElement(String mechanism, String value)
   at Join.Form.Customer.Selenium.Pages.FeaturesPage.<WaitForFeaturesPageLoad>b__26_0()
   at ASB.Test.Automation.Utils.Retry.Retry.Execute(Func`1 function, Int32 retryInterval, Int32 retryCount, String exceptionMessage)]]></stack-trace>
                  </failure>
                  <output><![CDATA[Given I start my Tertiary application
Navigating to URL: https://webappisamdev.asbbank.co.nz/public/join/tertiaryasb?grcDisabled=true
-> done: CommonSteps.GivenIStartMyTertiaryApplication() (1.9s)
Given I am an existing ASB customer
Navigating to URL: https://webappisamdev.asbbank.co.nz/public/join/tertiaryasb?grcDisabled=true&fncJunctionNumber=104
-> done: CommonSteps.GivenIAmAnExistingASBCustomer() (0.8s)
And I select the following products: 'Tertiary Cheque'
11/9/2017 3:06:01 AMWaitForFeaturesPageLoad: Executing WaitForFrameAndSwitch
-> error: Exception has been thrown by the target of an invocation.
And I enter all required details and navigate to Summary page
  --- table step argument ---
  | Title | FirstName | MiddleName | LastName | DateOfBirth    | Email             | MobileNumber | PreferredIdType | Password | assPassword |
  | Miss  | ass   | ass      | ass     | 1 January 1980 | cob2016@asb.co.nz | 021-ass   | Other           | Kiwi77nz | MyCode01       |
-> skipped because of previous errors
When I confirm details on the Summary page
-> skipped because of previous errors
Then the Confirmation page for duplicate 'good' customer with open products is displayed
-> skipped because of previous errors
And the FNC Login section is displayed
-> skipped because of previous errors
And the 'Having trouble logging in?' button opens in a new window
-> skipped because of previous errors
And the 'register for internet banking' link opens in a new window
-> skipped because of previous errors
And the 'Find a branch' button opens in a new window
-> skipped because of previous errors
And FNC Open & Apply page is displayed after login
-> skipped because of previous errors
]]></output>
                </test-case>
                <test-case id="0-1668" name="TER_CNFM_04_VerifyProofOfAddressAndTertiaryCopy_ExistingCustomer" fullname="Join.Form.Customer.Selenium.Features._10_TertiaryProductFeature.TER_CNFM_04_VerifyProofOfAddressAndTertiaryCopy_ExistingCustomer" methodname="TER_CNFM_04_VerifyProofOfAddressAndTertiaryCopy_ExistingCustomer" classname="Join.Form.Customer.Selenium.Features._10_TertiaryProductFeature" runstate="Runnable" seed="1555932213" result="Failed" label="Error" start-time="2017-11-08 14:09:36Z" end-time="2017-11-08 14:13:24Z" duration="227.770600" asserts="0">
                  <properties>
                    <property name="Description" value="TER_CNFM_04 - Verify Proof of Address and Tertiary copy - Existing Customer" />
                    <property name="Category" value="COB" />
                    <property name="Category" value="confirmation" />
                    <property name="Category" value="regression" />
                    <property name="Category" value="integration" />
                    <property name="Category" value="122016" />
                    <property name="Category" value="tertiary" />
                  </properties>
                  <failure>
                    <message><![CDATA[System.Reflection.TargetInvocationException : Exception has been thrown by the target of an invocation.
  ----> System.Exception : no such element: Unable to locate element: {"method":"css selector","selector":"iframe[title='Main content']"}
  (Session info: chrome=60.0.3112.78)
  (Driver info: chromedriver=2.29.461591 (62ebf098771772160f391d75e589dc567915b233),platform=Windows NT 6.3.9600 x86_64)
  ----> OpenQA.Selenium.NoSuchElementException : no such element: Unable to locate element: {"method":"css selector","selector":"iframe[title='Main content']"}
  (Session info: chrome=60.0.3112.78)
  (Driver info: chromedriver=2.29.461591 (62ebf098771772160f391d75e589dc567915b233),platform=Windows NT 6.3.9600 x86_64)]]></message>
                    <stack-trace><![CDATA[   at System.RuntimeMethodHandle.InvokeMethod(Object target, Object[] arguments, Signature sig, Boolean constructor)
   at System.Reflection.RuntimeConstructorInfo.Invoke(BindingFlags invokeAttr, Binder binder, Object[] parameters, CultureInfo culture)
   at BoDi.ObjectContainer.CreateObject(Type type, ResolutionList resolutionPath, RegistrationKey keyToResolve)
   at BoDi.ObjectContainer.TypeRegistration.Resolve(ObjectContainer container, RegistrationKey keyToResolve, ResolutionList resolutionPath)
   at BoDi.ObjectContainer.ResolveObject(RegistrationKey keyToResolve, ResolutionList resolutionPath)
   at BoDi.ObjectContainer.Resolve(Type typeToResolve, ResolutionList resolutionPath, String name)
   at lambda_method(Closure , IContextManager , String )
   at TechTalk.SpecFlow.Bindings.BindingInvoker.InvokeBinding(IBinding binding, IContextManager contextManager, Object[] arguments, ITestTracer testTracer, TimeSpan& duration)
   at TechTalk.SpecFlow.Infrastructure.TestExecutionEngine.ExecuteStepMatch(BindingMatch match, Object[] arguments)
   at TechTalk.SpecFlow.Infrastructure.TestExecutionEngine.ExecuteStep(StepInstance stepInstance)
   at TechTalk.SpecFlow.Infrastructure.TestExecutionEngine.OnAfterLastStep()
   at Join.Form.Customer.Selenium.Features._10_TertiaryProductFeature.ScenarioCleanup()
   at Join.Form.Customer.Selenium.Features._10_TertiaryProductFeature.TER_CNFM_04_VerifyProofOfAddressAndTertiaryCopy_ExistingCustomer()
--Exception
   at ASB.Test.Automation.Utils.Retry.Retry.Execute(Func`1 function, Int32 retryInterval, Int32 retryCount, String exceptionMessage)
   at Join.Form.Customer.Selenium.Pages.FeaturesPage.WaitForFeaturesPageLoad(By frameLocator)
   at Join.Form.Customer.Selenium.Pages.FeaturesPage..ctor(ContextObject _context)
   at Join.Form.Customer.Selenium.Pages.IntroductionPage..ctor(ContextObject context)
   at Join.Form.Customer.Selenium.StepDefinitions.ProductsPageSteps..ctor(ContextObject context)
--NoSuchElementException
   at OpenQA.Selenium.Remote.RemoteWebDriver.UnpackAndThrowOnError(Response errorResponse)
   at OpenQA.Selenium.Remote.RemoteWebDriver.Execute(String driverCommandToExecute, Dictionary`2 parameters)
   at OpenQA.Selenium.Remote.RemoteWebDriver.FindElement(String mechanism, String value)
   at Join.Form.Customer.Selenium.Pages.FeaturesPage.<WaitForFeaturesPageLoad>b__26_0()
   at ASB.Test.Automation.Utils.Retry.Retry.Execute(Func`1 function, Int32 retryInterval, Int32 retryCount, String exceptionMessage)]]></stack-trace>
                  </failure>
                  <output><![CDATA[Given I start my Tertiary application
Navigating to URL: https://webappisamdev.asbbank.co.nz/public/join/tertiaryasb?grcDisabled=true
-> done: CommonSteps.GivenIStartMyTertiaryApplication() (1.1s)
Given I am an existing ASB customer
Navigating to URL: https://webappisamdev.asbbank.co.nz/public/join/tertiaryasb?grcDisabled=true&fncJunctionNumber=104
-> done: CommonSteps.GivenIAmAnExistingASBCustomer() (0.6s)
And I select the following products: 'Tertiary Cheque'
11/9/2017 3:09:49 AMWaitForFeaturesPageLoad: Executing WaitForFrameAndSwitch
-> error: Exception has been thrown by the target of an invocation.
And I enter all required details and navigate to Summary page
  --- table step argument ---
  | Title | FirstName | MiddleName | LastName | DateOfBirth    | Email             | MobileNumber | PreferredIdType | Password | assPassword |
  | Miss  | ass   | ass      | ass     | 1 January 1980 | cob2016@asb.co.nz | 021-ass   | Other           | Kiwi77nz | MyCode01       |
-> skipped because of previous errors
When I confirm details on the Summary page
-> skipped because of previous errors
Then the Confirmation page for duplicate 'good' customer with open products is displayed
-> skipped because of previous errors
And the Proof of Address section is displayed for Tertiary customer
-> skipped because of previous errors
And the Show Proof of Study section is displayed for Tertiary customer
-> skipped because of previous errors
]]></output>
                </test-case>
                <test-case id="0-1657" name="TER_SUMMARY_03_VerifyUI_SummaryPage_PromoCode" fullname="Join.Form.Customer.Selenium.Features._10_TertiaryProductFeature.TER_SUMMARY_03_VerifyUI_SummaryPage_PromoCode" methodname="TER_SUMMARY_03_VerifyUI_SummaryPage_PromoCode" classname="Join.Form.Customer.Selenium.Features._10_TertiaryProductFeature" runstate="Runnable" seed="823835232" result="Failed" label="Error" start-time="2017-11-08 14:13:24Z" end-time="2017-11-08 14:17:12Z" duration="228.095434" asserts="0">
                  <properties>
                    <property name="Description" value="TER_SUMMARY_03 - Verify UI - Summary page - Promo Code" />
                    <property name="Category" value="COB" />
                    <property name="Category" value="summary" />
                    <property name="Category" value="integration" />
                    <property name="Category" value="regression" />
                    <property name="Category" value="012017" />
                    <property name="Category" value="tertiary" />
                    <property name="Category" value="promocode" />
                  </properties>
                  <failure>
                    <message><![CDATA[System.Reflection.TargetInvocationException : Exception has been thrown by the target of an invocation.
  ----> System.Exception : no such element: Unable to locate element: {"method":"css selector","selector":"iframe[title='Main content']"}
  (Session info: chrome=60.0.3112.78)
  (Driver info: chromedriver=2.29.461591 (62ebf098771772160f391d75e589dc567915b233),platform=Windows NT 6.3.9600 x86_64)
  ----> OpenQA.Selenium.NoSuchElementException : no such element: Unable to locate element: {"method":"css selector","selector":"iframe[title='Main content']"}
  (Session info: chrome=60.0.3112.78)
  (Driver info: chromedriver=2.29.461591 (62ebf098771772160f391d75e589dc567915b233),platform=Windows NT 6.3.9600 x86_64)]]></message>
                    <stack-trace><![CDATA[   at System.RuntimeMethodHandle.InvokeMethod(Object target, Object[] arguments, Signature sig, Boolean constructor)
   at System.Reflection.RuntimeConstructorInfo.Invoke(BindingFlags invokeAttr, Binder binder, Object[] parameters, CultureInfo culture)
   at BoDi.ObjectContainer.CreateObject(Type type, ResolutionList resolutionPath, RegistrationKey keyToResolve)
   at BoDi.ObjectContainer.TypeRegistration.Resolve(ObjectContainer container, RegistrationKey keyToResolve, ResolutionList resolutionPath)
   at BoDi.ObjectContainer.ResolveObject(RegistrationKey keyToResolve, ResolutionList resolutionPath)
   at BoDi.ObjectContainer.Resolve(Type typeToResolve, ResolutionList resolutionPath, String name)
   at lambda_method(Closure , IContextManager , String )
   at TechTalk.SpecFlow.Bindings.BindingInvoker.InvokeBinding(IBinding binding, IContextManager contextManager, Object[] arguments, ITestTracer testTracer, TimeSpan& duration)
   at TechTalk.SpecFlow.Infrastructure.TestExecutionEngine.ExecuteStepMatch(BindingMatch match, Object[] arguments)
   at TechTalk.SpecFlow.Infrastructure.TestExecutionEngine.ExecuteStep(StepInstance stepInstance)
   at TechTalk.SpecFlow.Infrastructure.TestExecutionEngine.OnAfterLastStep()
   at Join.Form.Customer.Selenium.Features._10_TertiaryProductFeature.ScenarioCleanup()
   at Join.Form.Customer.Selenium.Features._10_TertiaryProductFeature.TER_SUMMARY_03_VerifyUI_SummaryPage_PromoCode()
--Exception
   at ASB.Test.Automation.Utils.Retry.Retry.Execute(Func`1 function, Int32 retryInterval, Int32 retryCount, String exceptionMessage)
   at Join.Form.Customer.Selenium.Pages.FeaturesPage.WaitForFeaturesPageLoad(By frameLocator)
   at Join.Form.Customer.Selenium.Pages.FeaturesPage..ctor(ContextObject _context)
   at Join.Form.Customer.Selenium.Pages.IntroductionPage..ctor(ContextObject context)
   at Join.Form.Customer.Selenium.StepDefinitions.ProductsPageSteps..ctor(ContextObject context)
--NoSuchElementException
   at OpenQA.Selenium.Remote.RemoteWebDriver.UnpackAndThrowOnError(Response errorResponse)
   at OpenQA.Selenium.Remote.RemoteWebDriver.Execute(String driverCommandToExecute, Dictionary`2 parameters)
   at OpenQA.Selenium.Remote.RemoteWebDriver.FindElement(String mechanism, String value)
   at Join.Form.Customer.Selenium.Pages.FeaturesPage.<WaitForFeaturesPageLoad>b__26_0()
   at ASB.Test.Automation.Utils.Retry.Retry.Execute(Func`1 function, Int32 retryInterval, Int32 retryCount, String exceptionMessage)]]></stack-trace>
                  </failure>
                  <output><![CDATA[Given I start my Tertiary application
Navigating to URL: https://webappisamdev.asbbank.co.nz/public/join/tertiaryasb?grcDisabled=true
-> done: CommonSteps.GivenIStartMyTertiaryApplication() (2.3s)
Given I select the following products: 'Tertiary Cheque, ASB Visa Debit Tertiary, Tertiary Overdraft, ASB Visa Light Tertiary'
11/9/2017 3:13:37 AMWaitForFeaturesPageLoad: Executing WaitForFrameAndSwitch
-> error: Exception has been thrown by the target of an invocation.
And I enter all required details and navigate to Summary page
  --- table step argument ---
  | Title | FirstName  | MiddleName | LastName | DateOfBirth   | Email             | MobileNumber   | PreferredIdType | Password | assPassword |
  | Miss  | Automation |            | ass   | 16 March 1978 | cob2016@asb.co.nz | 021-1234567890 | Other           | Kiwi77nz | MyCode01       |
-> skipped because of previous errors
When I am in the Summary page
-> skipped because of previous errors
Then the Promo Code field is displayed conditionally
-> skipped because of previous errors
]]></output>
                </test-case>
                <test-case id="0-1658" name="TER_SUMMARY_04_VerifyUI_SummaryPage_PromoCodeErrorMessage" fullname="Join.Form.Customer.Selenium.Features._10_TertiaryProductFeature.TER_SUMMARY_04_VerifyUI_SummaryPage_PromoCodeErrorMessage" methodname="TER_SUMMARY_04_VerifyUI_SummaryPage_PromoCodeErrorMessage" classname="Join.Form.Customer.Selenium.Features._10_TertiaryProductFeature" runstate="Runnable" seed="957259922" result="Failed" label="Error" start-time="2017-11-08 14:17:12Z" end-time="2017-11-08 14:20:58Z" duration="226.589945" asserts="0">
                  <properties>
                    <property name="Description" value="TER_SUMMARY_04 - Verify UI - Summary page - Promo Code error message" />
                    <property name="Category" value="COB" />
                    <property name="Category" value="summary" />
                    <property name="Category" value="integration" />
                    <property name="Category" value="regression" />
                    <property name="Category" value="012017" />
                    <property name="Category" value="tertiary" />
                    <property name="Category" value="promocode" />
                  </properties>
                  <failure>
                    <message><![CDATA[System.Reflection.TargetInvocationException : Exception has been thrown by the target of an invocation.
  ----> System.Exception : no such element: Unable to locate element: {"method":"css selector","selector":"iframe[title='Main content']"}
  (Session info: chrome=60.0.3112.78)
  (Driver info: chromedriver=2.29.461591 (62ebf098771772160f391d75e589dc567915b233),platform=Windows NT 6.3.9600 x86_64)
  ----> OpenQA.Selenium.NoSuchElementException : no such element: Unable to locate element: {"method":"css selector","selector":"iframe[title='Main content']"}
  (Session info: chrome=60.0.3112.78)
  (Driver info: chromedriver=2.29.461591 (62ebf098771772160f391d75e589dc567915b233),platform=Windows NT 6.3.9600 x86_64)]]></message>
                    <stack-trace><![CDATA[   at System.RuntimeMethodHandle.InvokeMethod(Object target, Object[] arguments, Signature sig, Boolean constructor)
   at System.Reflection.RuntimeConstructorInfo.Invoke(BindingFlags invokeAttr, Binder binder, Object[] parameters, CultureInfo culture)
   at BoDi.ObjectContainer.CreateObject(Type type, ResolutionList resolutionPath, RegistrationKey keyToResolve)
   at BoDi.ObjectContainer.TypeRegistration.Resolve(ObjectContainer container, RegistrationKey keyToResolve, ResolutionList resolutionPath)
   at BoDi.ObjectContainer.ResolveObject(RegistrationKey keyToResolve, ResolutionList resolutionPath)
   at BoDi.ObjectContainer.Resolve(Type typeToResolve, ResolutionList resolutionPath, String name)
   at lambda_method(Closure , IContextManager , String )
   at TechTalk.SpecFlow.Bindings.BindingInvoker.InvokeBinding(IBinding binding, IContextManager contextManager, Object[] arguments, ITestTracer testTracer, TimeSpan& duration)
   at TechTalk.SpecFlow.Infrastructure.TestExecutionEngine.ExecuteStepMatch(BindingMatch match, Object[] arguments)
   at TechTalk.SpecFlow.Infrastructure.TestExecutionEngine.ExecuteStep(StepInstance stepInstance)
   at TechTalk.SpecFlow.Infrastructure.TestExecutionEngine.OnAfterLastStep()
   at Join.Form.Customer.Selenium.Features._10_TertiaryProductFeature.ScenarioCleanup()
   at Join.Form.Customer.Selenium.Features._10_TertiaryProductFeature.TER_SUMMARY_04_VerifyUI_SummaryPage_PromoCodeErrorMessage()
--Exception
   at ASB.Test.Automation.Utils.Retry.Retry.Execute(Func`1 function, Int32 retryInterval, Int32 retryCount, String exceptionMessage)
   at Join.Form.Customer.Selenium.Pages.FeaturesPage.WaitForFeaturesPageLoad(By frameLocator)
   at Join.Form.Customer.Selenium.Pages.FeaturesPage..ctor(ContextObject _context)
   at Join.Form.Customer.Selenium.Pages.IntroductionPage..ctor(ContextObject context)
   at Join.Form.Customer.Selenium.StepDefinitions.ProductsPageSteps..ctor(ContextObject context)
--NoSuchElementException
   at OpenQA.Selenium.Remote.RemoteWebDriver.UnpackAndThrowOnError(Response errorResponse)
   at OpenQA.Selenium.Remote.RemoteWebDriver.Execute(String driverCommandToExecute, Dictionary`2 parameters)
   at OpenQA.Selenium.Remote.RemoteWebDriver.FindElement(String mechanism, String value)
   at Join.Form.Customer.Selenium.Pages.FeaturesPage.<WaitForFeaturesPageLoad>b__26_0()
   at ASB.Test.Automation.Utils.Retry.Retry.Execute(Func`1 function, Int32 retryInterval, Int32 retryCount, String exceptionMessage)]]></stack-trace>
                  </failure>
                  <output><![CDATA[Given I start my Tertiary application
Navigating to URL: https://webappisamdev.asbbank.co.nz/public/join/tertiaryasb?grcDisabled=true
-> done: CommonSteps.GivenIStartMyTertiaryApplication() (0.8s)
Given I select the following products: 'Tertiary Cheque, ASB Visa Debit Tertiary, Tertiary Overdraft, ASB Visa Light Tertiary'
11/9/2017 3:17:24 AMWaitForFeaturesPageLoad: Executing WaitForFrameAndSwitch
-> error: Exception has been thrown by the target of an invocation.
And I enter all required details and navigate to Summary page
  --- table step argument ---
  | Title | FirstName  | MiddleName | LastName | DateOfBirth   | Email             | MobileNumber   | PreferredIdType | Password | assPassword |
  | Miss  | Automation |            | ass   | 16 March 1978 | cob2016@asb.co.nz | 021-1234567890 | Other           | Kiwi77nz | MyCode01       |
-> skipped because of previous errors
When I am in the Summary page
-> skipped because of previous errors
And I enter 'promo1234%^&*()' in the Promo Code field
-> skipped because of previous errors
And I confirm details on the Summary page
-> skipped because of previous errors
Then the Promo Code error message is displayed
-> skipped because of previous errors
]]></output>
                </test-case>
                <test-case id="0-1659" name="TER_SUMMARY_05_VerifyUI_SummaryPage_PromoCodeFieldLengthValidation" fullname="Join.Form.Customer.Selenium.Features._10_TertiaryProductFeature.TER_SUMMARY_05_VerifyUI_SummaryPage_PromoCodeFieldLengthValidation" methodname="TER_SUMMARY_05_VerifyUI_SummaryPage_PromoCodeFieldLengthValidation" classname="Join.Form.Customer.Selenium.Features._10_TertiaryProductFeature" runstate="Runnable" seed="900678193" result="Failed" label="Error" start-time="2017-11-08 14:20:58Z" end-time="2017-11-08 14:24:42Z" duration="223.392587" asserts="0">
                  <properties>
                    <property name="Description" value="TER_SUMMARY_05 - Verify UI - Summary page - Promo Code field length validation" />
                    <property name="Category" value="COB" />
                    <property name="Category" value="summary" />
                    <property name="Category" value="integration" />
                    <property name="Category" value="regression" />
                    <property name="Category" value="012017" />
                    <property name="Category" value="tertiary" />
                    <property name="Category" value="promocode" />
                  </properties>
                  <failure>
                    <message><![CDATA[System.Reflection.TargetInvocationException : Exception has been thrown by the target of an invocation.
  ----> System.Exception : no such element: Unable to locate element: {"method":"css selector","selector":"iframe[title='Main content']"}
  (Session info: chrome=60.0.3112.78)
  (Driver info: chromedriver=2.29.461591 (62ebf098771772160f391d75e589dc567915b233),platform=Windows NT 6.3.9600 x86_64)
  ----> OpenQA.Selenium.NoSuchElementException : no such element: Unable to locate element: {"method":"css selector","selector":"iframe[title='Main content']"}
  (Session info: chrome=60.0.3112.78)
  (Driver info: chromedriver=2.29.461591 (62ebf098771772160f391d75e589dc567915b233),platform=Windows NT 6.3.9600 x86_64)]]></message>
                    <stack-trace><![CDATA[   at System.RuntimeMethodHandle.InvokeMethod(Object target, Object[] arguments, Signature sig, Boolean constructor)
   at System.Reflection.RuntimeConstructorInfo.Invoke(BindingFlags invokeAttr, Binder binder, Object[] parameters, CultureInfo culture)
   at BoDi.ObjectContainer.CreateObject(Type type, ResolutionList resolutionPath, RegistrationKey keyToResolve)
   at BoDi.ObjectContainer.TypeRegistration.Resolve(ObjectContainer container, RegistrationKey keyToResolve, ResolutionList resolutionPath)
   at BoDi.ObjectContainer.ResolveObject(RegistrationKey keyToResolve, ResolutionList resolutionPath)
   at BoDi.ObjectContainer.Resolve(Type typeToResolve, ResolutionList resolutionPath, String name)
   at lambda_method(Closure , IContextManager , String )
   at TechTalk.SpecFlow.Bindings.BindingInvoker.InvokeBinding(IBinding binding, IContextManager contextManager, Object[] arguments, ITestTracer testTracer, TimeSpan& duration)
   at TechTalk.SpecFlow.Infrastructure.TestExecutionEngine.ExecuteStepMatch(BindingMatch match, Object[] arguments)
   at TechTalk.SpecFlow.Infrastructure.TestExecutionEngine.ExecuteStep(StepInstance stepInstance)
   at TechTalk.SpecFlow.Infrastructure.TestExecutionEngine.OnAfterLastStep()
   at Join.Form.Customer.Selenium.Features._10_TertiaryProductFeature.ScenarioCleanup()
   at Join.Form.Customer.Selenium.Features._10_TertiaryProductFeature.TER_SUMMARY_05_VerifyUI_SummaryPage_PromoCodeFieldLengthValidation()
--Exception
   at ASB.Test.Automation.Utils.Retry.Retry.Execute(Func`1 function, Int32 retryInterval, Int32 retryCount, String exceptionMessage)
   at Join.Form.Customer.Selenium.Pages.FeaturesPage.WaitForFeaturesPageLoad(By frameLocator)
   at Join.Form.Customer.Selenium.Pages.FeaturesPage..ctor(ContextObject _context)
   at Join.Form.Customer.Selenium.Pages.IntroductionPage..ctor(ContextObject context)
   at Join.Form.Customer.Selenium.StepDefinitions.ProductsPageSteps..ctor(ContextObject context)
--NoSuchElementException
   at OpenQA.Selenium.Remote.RemoteWebDriver.UnpackAndThrowOnError(Response errorResponse)
   at OpenQA.Selenium.Remote.RemoteWebDriver.Execute(String driverCommandToExecute, Dictionary`2 parameters)
   at OpenQA.Selenium.Remote.RemoteWebDriver.FindElement(String mechanism, String value)
   at Join.Form.Customer.Selenium.Pages.FeaturesPage.<WaitForFeaturesPageLoad>b__26_0()
   at ASB.Test.Automation.Utils.Retry.Retry.Execute(Func`1 function, Int32 retryInterval, Int32 retryCount, String exceptionMessage)]]></stack-trace>
                  </failure>
                  <output><![CDATA[Given I start my Tertiary application
Navigating to URL: https://webappisamdev.asbbank.co.nz/public/join/tertiaryasb?grcDisabled=true
-> done: CommonSteps.GivenIStartMyTertiaryApplication() (1.0s)
Given I select the following products: 'Tertiary Cheque, ASB Visa Debit Tertiary, Tertiary Overdraft, ASB Visa Light Tertiary'
11/9/2017 3:21:10 AMWaitForFeaturesPageLoad: Executing WaitForFrameAndSwitch
-> error: Exception has been thrown by the target of an invocation.
And I enter all required details and navigate to Summary page
  --- table step argument ---
  | Title | FirstName  | MiddleName | LastName | DateOfBirth   | Email             | MobileNumber   | PreferredIdType | Password | assPassword |
  | Miss  | Automation |            | ass   | 16 March 1978 | cob2016@asb.co.nz | 021-1234567890 | Other           | Kiwi77nz | MyCode01       |
-> skipped because of previous errors
When I am in the Summary page
-> skipped because of previous errors
And I enter '51' characters in the Promo Code field
-> skipped because of previous errors
Then only the first '50' characters will be accepted in the Promo Code field
-> skipped because of previous errors
]]></output>
                </test-case>
                <test-suite type="ParameterizedMethod" id="0-1664" name="TER_SUMMARY_06_SummaryPage_ValidPromoCode" fullname="Join.Form.Customer.Selenium.Features._10_TertiaryProductFeature.TER_SUMMARY_06_SummaryPage_ValidPromoCode" classname="Join.Form.Customer.Selenium.Features._10_TertiaryProductFeature" runstate="Runnable" testcasecount="4" result="Failed" site="Child" start-time="2017-11-08 14:24:42Z" end-time="2017-11-08 14:39:43Z" duration="901.174841" total="4" passed="0" failed="4" warnings="0" inconclusive="0" skipped="0" asserts="0">
                  <properties>
                    <property name="Description" value="TER_SUMMARY_06 - Summary page - Valid Promo code" />
                    <property name="Category" value="COB" />
                    <property name="Category" value="summary" />
                    <property name="Category" value="integration" />
                    <property name="Category" value="regression" />
                    <property name="Category" value="012017" />
                    <property name="Category" value="tertiary" />
                    <property name="Category" value="promocode" />
                  </properties>
                  <failure>
                    <message><![CDATA[One or more child tests had errors]]></message>
                  </failure>
                  <test-case id="0-1660" name="TER_SUMMARY_06_SummaryPage_ValidPromoCode(&quot;AlphaNumeric&quot;,&quot;7&quot;,System.String[])" fullname="Join.Form.Customer.Selenium.Features._10_TertiaryProductFeature.TER_SUMMARY_06_SummaryPage_ValidPromoCode(&quot;AlphaNumeric&quot;,&quot;7&quot;,System.String[])" methodname="TER_SUMMARY_06_SummaryPage_ValidPromoCode" classname="Join.Form.Customer.Selenium.Features._10_TertiaryProductFeature" runstate="Runnable" seed="414342657" result="Failed" label="Error" start-time="2017-11-08 14:24:42Z" end-time="2017-11-08 14:28:28Z" duration="225.690049" asserts="0">
                    <properties />
                    <failure>
                      <message><![CDATA[System.Reflection.TargetInvocationException : Exception has been thrown by the target of an invocation.
  ----> System.Exception : no such element: Unable to locate element: {"method":"css selector","selector":"iframe[title='Main content']"}
  (Session info: chrome=60.0.3112.78)
  (Driver info: chromedriver=2.29.461591 (62ebf098771772160f391d75e589dc567915b233),platform=Windows NT 6.3.9600 x86_64)
  ----> OpenQA.Selenium.NoSuchElementException : no such element: Unable to locate element: {"method":"css selector","selector":"iframe[title='Main content']"}
  (Session info: chrome=60.0.3112.78)
  (Driver info: chromedriver=2.29.461591 (62ebf098771772160f391d75e589dc567915b233),platform=Windows NT 6.3.9600 x86_64)]]></message>
                      <stack-trace><![CDATA[   at System.RuntimeMethodHandle.InvokeMethod(Object target, Object[] arguments, Signature sig, Boolean constructor)
   at System.Reflection.RuntimeConstructorInfo.Invoke(BindingFlags invokeAttr, Binder binder, Object[] parameters, CultureInfo culture)
   at BoDi.ObjectContainer.CreateObject(Type type, ResolutionList resolutionPath, RegistrationKey keyToResolve)
   at BoDi.ObjectContainer.TypeRegistration.Resolve(ObjectContainer container, RegistrationKey keyToResolve, ResolutionList resolutionPath)
   at BoDi.ObjectContainer.ResolveObject(RegistrationKey keyToResolve, ResolutionList resolutionPath)
   at BoDi.ObjectContainer.Resolve(Type typeToResolve, ResolutionList resolutionPath, String name)
   at lambda_method(Closure , IContextManager , String )
   at TechTalk.SpecFlow.Bindings.BindingInvoker.InvokeBinding(IBinding binding, IContextManager contextManager, Object[] arguments, ITestTracer testTracer, TimeSpan& duration)
   at TechTalk.SpecFlow.Infrastructure.TestExecutionEngine.ExecuteStepMatch(BindingMatch match, Object[] arguments)
   at TechTalk.SpecFlow.Infrastructure.TestExecutionEngine.ExecuteStep(StepInstance stepInstance)
   at TechTalk.SpecFlow.Infrastructure.TestExecutionEngine.OnAfterLastStep()
   at Join.Form.Customer.Selenium.Features._10_TertiaryProductFeature.ScenarioCleanup()
   at Join.Form.Customer.Selenium.Features._10_TertiaryProductFeature.TER_SUMMARY_06_SummaryPage_ValidPromoCode(String promoCode, String characterLength, String[] exampleTags)
--Exception
   at ASB.Test.Automation.Utils.Retry.Retry.Execute(Func`1 function, Int32 retryInterval, Int32 retryCount, String exceptionMessage)
   at Join.Form.Customer.Selenium.Pages.FeaturesPage.WaitForFeaturesPageLoad(By frameLocator)
   at Join.Form.Customer.Selenium.Pages.FeaturesPage..ctor(ContextObject _context)
   at Join.Form.Customer.Selenium.Pages.IntroductionPage..ctor(ContextObject context)
   at Join.Form.Customer.Selenium.StepDefinitions.ProductsPageSteps..ctor(ContextObject context)
--NoSuchElementException
   at OpenQA.Selenium.Remote.RemoteWebDriver.UnpackAndThrowOnError(Response errorResponse)
   at OpenQA.Selenium.Remote.RemoteWebDriver.Execute(String driverCommandToExecute, Dictionary`2 parameters)
   at OpenQA.Selenium.Remote.RemoteWebDriver.FindElement(String mechanism, String value)
   at Join.Form.Customer.Selenium.Pages.FeaturesPage.<WaitForFeaturesPageLoad>b__26_0()
   at ASB.Test.Automation.Utils.Retry.Retry.Execute(Func`1 function, Int32 retryInterval, Int32 retryCount, String exceptionMessage)]]></stack-trace>
                    </failure>
                    <output><![CDATA[Given I start my Tertiary application
Navigating to URL: https://webappisamdev.asbbank.co.nz/public/join/tertiaryasb?grcDisabled=true
-> done: CommonSteps.GivenIStartMyTertiaryApplication() (0.8s)
Given I select the following products: 'Tertiary Cheque, ASB Visa Debit Tertiary, Tertiary Overdraft, ASB Visa Light Tertiary'
11/9/2017 3:24:54 AMWaitForFeaturesPageLoad: Executing WaitForFrameAndSwitch
-> error: Exception has been thrown by the target of an invocation.
And I enter all required details and navigate to Summary page
  --- table step argument ---
  | Title | FirstName  | MiddleName | LastName | DateOfBirth   | Email             | MobileNumber   | PreferredIdType | Password | assPassword |
  | Miss  | Automation |            | ass   | 16 March 1978 | cob2016@asb.co.nz | 021-1234567890 | Other           | Kiwi77nz | MyCode01       |
-> skipped because of previous errors
When I am in the Summary page
-> skipped because of previous errors
And I enter 'AlphaNumeric' in the Promo Code field with '7' characters
-> skipped because of previous errors
And I confirm details on the Summary page
-> skipped because of previous errors
Then the Logging you in progress page is displayed
-> skipped because of previous errors
And the Activation page is displayed
-> skipped because of previous errors
]]></output>
                  </test-case>
                  <test-case id="0-1661" name="TER_SUMMARY_06_SummaryPage_ValidPromoCode(&quot;Letters&quot;,&quot;10&quot;,System.String[])" fullname="Join.Form.Customer.Selenium.Features._10_TertiaryProductFeature.TER_SUMMARY_06_SummaryPage_ValidPromoCode(&quot;Letters&quot;,&quot;10&quot;,System.String[])" methodname="TER_SUMMARY_06_SummaryPage_ValidPromoCode" classname="Join.Form.Customer.Selenium.Features._10_TertiaryProductFeature" runstate="Runnable" seed="1795921782" result="Failed" label="Error" start-time="2017-11-08 14:28:28Z" end-time="2017-11-08 14:32:13Z" duration="225.367015" asserts="0">
                    <properties />
                    <failure>
                      <message><![CDATA[System.Reflection.TargetInvocationException : Exception has been thrown by the target of an invocation.
  ----> System.Exception : no such element: Unable to locate element: {"method":"css selector","selector":"iframe[title='Main content']"}
  (Session info: chrome=60.0.3112.78)
  (Driver info: chromedriver=2.29.461591 (62ebf098771772160f391d75e589dc567915b233),platform=Windows NT 6.3.9600 x86_64)
  ----> OpenQA.Selenium.NoSuchElementException : no such element: Unable to locate element: {"method":"css selector","selector":"iframe[title='Main content']"}
  (Session info: chrome=60.0.3112.78)
  (Driver info: chromedriver=2.29.461591 (62ebf098771772160f391d75e589dc567915b233),platform=Windows NT 6.3.9600 x86_64)]]></message>
                      <stack-trace><![CDATA[   at System.RuntimeMethodHandle.InvokeMethod(Object target, Object[] arguments, Signature sig, Boolean constructor)
   at System.Reflection.RuntimeConstructorInfo.Invoke(BindingFlags invokeAttr, Binder binder, Object[] parameters, CultureInfo culture)
   at BoDi.ObjectContainer.CreateObject(Type type, ResolutionList resolutionPath, RegistrationKey keyToResolve)
   at BoDi.ObjectContainer.TypeRegistration.Resolve(ObjectContainer container, RegistrationKey keyToResolve, ResolutionList resolutionPath)
   at BoDi.ObjectContainer.ResolveObject(RegistrationKey keyToResolve, ResolutionList resolutionPath)
   at BoDi.ObjectContainer.Resolve(Type typeToResolve, ResolutionList resolutionPath, String name)
   at lambda_method(Closure , IContextManager , String )
   at TechTalk.SpecFlow.Bindings.BindingInvoker.InvokeBinding(IBinding binding, IContextManager contextManager, Object[] arguments, ITestTracer testTracer, TimeSpan& duration)
   at TechTalk.SpecFlow.Infrastructure.TestExecutionEngine.ExecuteStepMatch(BindingMatch match, Object[] arguments)
   at TechTalk.SpecFlow.Infrastructure.TestExecutionEngine.ExecuteStep(StepInstance stepInstance)
   at TechTalk.SpecFlow.Infrastructure.TestExecutionEngine.OnAfterLastStep()
   at Join.Form.Customer.Selenium.Features._10_TertiaryProductFeature.ScenarioCleanup()
   at Join.Form.Customer.Selenium.Features._10_TertiaryProductFeature.TER_SUMMARY_06_SummaryPage_ValidPromoCode(String promoCode, String characterLength, String[] exampleTags)
--Exception
   at ASB.Test.Automation.Utils.Retry.Retry.Execute(Func`1 function, Int32 retryInterval, Int32 retryCount, String exceptionMessage)
   at Join.Form.Customer.Selenium.Pages.FeaturesPage.WaitForFeaturesPageLoad(By frameLocator)
   at Join.Form.Customer.Selenium.Pages.FeaturesPage..ctor(ContextObject _context)
   at Join.Form.Customer.Selenium.Pages.IntroductionPage..ctor(ContextObject context)
   at Join.Form.Customer.Selenium.StepDefinitions.ProductsPageSteps..ctor(ContextObject context)
--NoSuchElementException
   at OpenQA.Selenium.Remote.RemoteWebDriver.UnpackAndThrowOnError(Response errorResponse)
   at OpenQA.Selenium.Remote.RemoteWebDriver.Execute(String driverCommandToExecute, Dictionary`2 parameters)
   at OpenQA.Selenium.Remote.RemoteWebDriver.FindElement(String mechanism, String value)
   at Join.Form.Customer.Selenium.Pages.FeaturesPage.<WaitForFeaturesPageLoad>b__26_0()
   at ASB.Test.Automation.Utils.Retry.Retry.Execute(Func`1 function, Int32 retryInterval, Int32 retryCount, String exceptionMessage)]]></stack-trace>
                    </failure>
                    <output><![CDATA[Given I start my Tertiary application
Navigating to URL: https://webappisamdev.asbbank.co.nz/public/join/tertiaryasb?grcDisabled=true
-> done: CommonSteps.GivenIStartMyTertiaryApplication() (0.9s)
Given I select the following products: 'Tertiary Cheque, ASB Visa Debit Tertiary, Tertiary Overdraft, ASB Visa Light Tertiary'
11/9/2017 3:28:40 AMWaitForFeaturesPageLoad: Executing WaitForFrameAndSwitch
-> error: Exception has been thrown by the target of an invocation.
And I enter all required details and navigate to Summary page
  --- table step argument ---
  | Title | FirstName  | MiddleName | LastName | DateOfBirth   | Email             | MobileNumber   | PreferredIdType | Password | assPassword |
  | Miss  | Automation |            | ass   | 16 March 1978 | cob2016@asb.co.nz | 021-1234567890 | Other           | Kiwi77nz | MyCode01       |
-> skipped because of previous errors
When I am in the Summary page
-> skipped because of previous errors
And I enter 'Letters' in the Promo Code field with '10' characters
-> skipped because of previous errors
And I confirm details on the Summary page
-> skipped because of previous errors
Then the Logging you in progress page is displayed
-> skipped because of previous errors
And the Activation page is displayed
-> skipped because of previous errors
]]></output>
                  </test-case>
                  <test-case id="0-1662" name="TER_SUMMARY_06_SummaryPage_ValidPromoCode(&quot;Numbers&quot;,&quot;1&quot;,System.String[])" fullname="Join.Form.Customer.Selenium.Features._10_TertiaryProductFeature.TER_SUMMARY_06_SummaryPage_ValidPromoCode(&quot;Numbers&quot;,&quot;1&quot;,System.String[])" methodname="TER_SUMMARY_06_SummaryPage_ValidPromoCode" classname="Join.Form.Customer.Selenium.Features._10_TertiaryProductFeature" runstate="Runnable" seed="1118006945" result="Failed" label="Error" start-time="2017-11-08 14:32:13Z" end-time="2017-11-08 14:35:58Z" duration="224.808621" asserts="0">
                    <properties />
                    <failure>
                      <message><![CDATA[System.Reflection.TargetInvocationException : Exception has been thrown by the target of an invocation.
  ----> System.Exception : no such element: Unable to locate element: {"method":"css selector","selector":"iframe[title='Main content']"}
  (Session info: chrome=60.0.3112.78)
  (Driver info: chromedriver=2.29.461591 (62ebf098771772160f391d75e589dc567915b233),platform=Windows NT 6.3.9600 x86_64)
  ----> OpenQA.Selenium.NoSuchElementException : no such element: Unable to locate element: {"method":"css selector","selector":"iframe[title='Main content']"}
  (Session info: chrome=60.0.3112.78)
  (Driver info: chromedriver=2.29.461591 (62ebf098771772160f391d75e589dc567915b233),platform=Windows NT 6.3.9600 x86_64)]]></message>
                      <stack-trace><![CDATA[   at System.RuntimeMethodHandle.InvokeMethod(Object target, Object[] arguments, Signature sig, Boolean constructor)
   at System.Reflection.RuntimeConstructorInfo.Invoke(BindingFlags invokeAttr, Binder binder, Object[] parameters, CultureInfo culture)
   at BoDi.ObjectContainer.CreateObject(Type type, ResolutionList resolutionPath, RegistrationKey keyToResolve)
   at BoDi.ObjectContainer.TypeRegistration.Resolve(ObjectContainer container, RegistrationKey keyToResolve, ResolutionList resolutionPath)
   at BoDi.ObjectContainer.ResolveObject(RegistrationKey keyToResolve, ResolutionList resolutionPath)
   at BoDi.ObjectContainer.Resolve(Type typeToResolve, ResolutionList resolutionPath, String name)
   at lambda_method(Closure , IContextManager , String )
   at TechTalk.SpecFlow.Bindings.BindingInvoker.InvokeBinding(IBinding binding, IContextManager contextManager, Object[] arguments, ITestTracer testTracer, TimeSpan& duration)
   at TechTalk.SpecFlow.Infrastructure.TestExecutionEngine.ExecuteStepMatch(BindingMatch match, Object[] arguments)
   at TechTalk.SpecFlow.Infrastructure.TestExecutionEngine.ExecuteStep(StepInstance stepInstance)
   at TechTalk.SpecFlow.Infrastructure.TestExecutionEngine.OnAfterLastStep()
   at Join.Form.Customer.Selenium.Features._10_TertiaryProductFeature.ScenarioCleanup()
   at Join.Form.Customer.Selenium.Features._10_TertiaryProductFeature.TER_SUMMARY_06_SummaryPage_ValidPromoCode(String promoCode, String characterLength, String[] exampleTags)
--Exception
   at ASB.Test.Automation.Utils.Retry.Retry.Execute(Func`1 function, Int32 retryInterval, Int32 retryCount, String exceptionMessage)
   at Join.Form.Customer.Selenium.Pages.FeaturesPage.WaitForFeaturesPageLoad(By frameLocator)
   at Join.Form.Customer.Selenium.Pages.FeaturesPage..ctor(ContextObject _context)
   at Join.Form.Customer.Selenium.Pages.IntroductionPage..ctor(ContextObject context)
   at Join.Form.Customer.Selenium.StepDefinitions.ProductsPageSteps..ctor(ContextObject context)
--NoSuchElementException
   at OpenQA.Selenium.Remote.RemoteWebDriver.UnpackAndThrowOnError(Response errorResponse)
   at OpenQA.Selenium.Remote.RemoteWebDriver.Execute(String driverCommandToExecute, Dictionary`2 parameters)
   at OpenQA.Selenium.Remote.RemoteWebDriver.FindElement(String mechanism, String value)
   at Join.Form.Customer.Selenium.Pages.FeaturesPage.<WaitForFeaturesPageLoad>b__26_0()
   at ASB.Test.Automation.Utils.Retry.Retry.Execute(Func`1 function, Int32 retryInterval, Int32 retryCount, String exceptionMessage)]]></stack-trace>
                    </failure>
                    <output><![CDATA[Given I start my Tertiary application
Navigating to URL: https://webappisamdev.asbbank.co.nz/public/join/tertiaryasb?grcDisabled=true
-> done: CommonSteps.GivenIStartMyTertiaryApplication() (0.8s)
Given I select the following products: 'Tertiary Cheque, ASB Visa Debit Tertiary, Tertiary Overdraft, ASB Visa Light Tertiary'
11/9/2017 3:32:25 AMWaitForFeaturesPageLoad: Executing WaitForFrameAndSwitch
-> error: Exception has been thrown by the target of an invocation.
And I enter all required details and navigate to Summary page
  --- table step argument ---
  | Title | FirstName  | MiddleName | LastName | DateOfBirth   | Email             | MobileNumber   | PreferredIdType | Password | assPassword |
  | Miss  | Automation |            | ass   | 16 March 1978 | cob2016@asb.co.nz | 021-1234567890 | Other           | Kiwi77nz | MyCode01       |
-> skipped because of previous errors
When I am in the Summary page
-> skipped because of previous errors
And I enter 'Numbers' in the Promo Code field with '1' characters
-> skipped because of previous errors
And I confirm details on the Summary page
-> skipped because of previous errors
Then the Logging you in progress page is displayed
-> skipped because of previous errors
And the Activation page is displayed
-> skipped because of previous errors
]]></output>
                  </test-case>
                  <test-case id="0-1663" name="TER_SUMMARY_06_SummaryPage_ValidPromoCode(&quot;Default&quot;,&quot;50&quot;,System.String[])" fullname="Join.Form.Customer.Selenium.Features._10_TertiaryProductFeature.TER_SUMMARY_06_SummaryPage_ValidPromoCode(&quot;Default&quot;,&quot;50&quot;,System.String[])" methodname="TER_SUMMARY_06_SummaryPage_ValidPromoCode" classname="Join.Form.Customer.Selenium.Features._10_TertiaryProductFeature" runstate="Runnable" seed="1845143267" result="Failed" label="Error" start-time="2017-11-08 14:35:58Z" end-time="2017-11-08 14:39:43Z" duration="225.203247" asserts="0">
                    <properties />
                    <failure>
                      <message><![CDATA[System.Reflection.TargetInvocationException : Exception has been thrown by the target of an invocation.
  ----> System.Exception : no such element: Unable to locate element: {"method":"css selector","selector":"iframe[title='Main content']"}
  (Session info: chrome=60.0.3112.78)
  (Driver info: chromedriver=2.29.461591 (62ebf098771772160f391d75e589dc567915b233),platform=Windows NT 6.3.9600 x86_64)
  ----> OpenQA.Selenium.NoSuchElementException : no such element: Unable to locate element: {"method":"css selector","selector":"iframe[title='Main content']"}
  (Session info: chrome=60.0.3112.78)
  (Driver info: chromedriver=2.29.461591 (62ebf098771772160f391d75e589dc567915b233),platform=Windows NT 6.3.9600 x86_64)]]></message>
                      <stack-trace><![CDATA[   at System.RuntimeMethodHandle.InvokeMethod(Object target, Object[] arguments, Signature sig, Boolean constructor)
   at System.Reflection.RuntimeConstructorInfo.Invoke(BindingFlags invokeAttr, Binder binder, Object[] parameters, CultureInfo culture)
   at BoDi.ObjectContainer.CreateObject(Type type, ResolutionList resolutionPath, RegistrationKey keyToResolve)
   at BoDi.ObjectContainer.TypeRegistration.Resolve(ObjectContainer container, RegistrationKey keyToResolve, ResolutionList resolutionPath)
   at BoDi.ObjectContainer.ResolveObject(RegistrationKey keyToResolve, ResolutionList resolutionPath)
   at BoDi.ObjectContainer.Resolve(Type typeToResolve, ResolutionList resolutionPath, String name)
   at lambda_method(Closure , IContextManager , String )
   at TechTalk.SpecFlow.Bindings.BindingInvoker.InvokeBinding(IBinding binding, IContextManager contextManager, Object[] arguments, ITestTracer testTracer, TimeSpan& duration)
   at TechTalk.SpecFlow.Infrastructure.TestExecutionEngine.ExecuteStepMatch(BindingMatch match, Object[] arguments)
   at TechTalk.SpecFlow.Infrastructure.TestExecutionEngine.ExecuteStep(StepInstance stepInstance)
   at TechTalk.SpecFlow.Infrastructure.TestExecutionEngine.OnAfterLastStep()
   at Join.Form.Customer.Selenium.Features._10_TertiaryProductFeature.ScenarioCleanup()
   at Join.Form.Customer.Selenium.Features._10_TertiaryProductFeature.TER_SUMMARY_06_SummaryPage_ValidPromoCode(String promoCode, String characterLength, String[] exampleTags)
--Exception
   at ASB.Test.Automation.Utils.Retry.Retry.Execute(Func`1 function, Int32 retryInterval, Int32 retryCount, String exceptionMessage)
   at Join.Form.Customer.Selenium.Pages.FeaturesPage.WaitForFeaturesPageLoad(By frameLocator)
   at Join.Form.Customer.Selenium.Pages.FeaturesPage..ctor(ContextObject _context)
   at Join.Form.Customer.Selenium.Pages.IntroductionPage..ctor(ContextObject context)
   at Join.Form.Customer.Selenium.StepDefinitions.ProductsPageSteps..ctor(ContextObject context)
--NoSuchElementException
   at OpenQA.Selenium.Remote.RemoteWebDriver.UnpackAndThrowOnError(Response errorResponse)
   at OpenQA.Selenium.Remote.RemoteWebDriver.Execute(String driverCommandToExecute, Dictionary`2 parameters)
   at OpenQA.Selenium.Remote.RemoteWebDriver.FindElement(String mechanism, String value)
   at Join.Form.Customer.Selenium.Pages.FeaturesPage.<WaitForFeaturesPageLoad>b__26_0()
   at ASB.Test.Automation.Utils.Retry.Retry.Execute(Func`1 function, Int32 retryInterval, Int32 retryCount, String exceptionMessage)]]></stack-trace>
                    </failure>
                    <output><![CDATA[Given I start my Tertiary application
Navigating to URL: https://webappisamdev.asbbank.co.nz/public/join/tertiaryasb?grcDisabled=true
-> done: CommonSteps.GivenIStartMyTertiaryApplication() (1.2s)
Given I select the following products: 'Tertiary Cheque, ASB Visa Debit Tertiary, Tertiary Overdraft, ASB Visa Light Tertiary'
11/9/2017 3:36:10 AMWaitForFeaturesPageLoad: Executing WaitForFrameAndSwitch
-> error: Exception has been thrown by the target of an invocation.
And I enter all required details and navigate to Summary page
  --- table step argument ---
  | Title | FirstName  | MiddleName | LastName | DateOfBirth   | Email             | MobileNumber   | PreferredIdType | Password | assPassword |
  | Miss  | Automation |            | ass   | 16 March 1978 | cob2016@asb.co.nz | 021-1234567890 | Other           | Kiwi77nz | MyCode01       |
-> skipped because of previous errors
When I am in the Summary page
-> skipped because of previous errors
And I enter 'Default' in the Promo Code field with '50' characters
-> skipped because of previous errors
And I confirm details on the Summary page
-> skipped because of previous errors
Then the Logging you in progress page is displayed
-> skipped because of previous errors
And the Activation page is displayed
-> skipped because of previous errors
]]></output>
                  </test-case>
                </test-suite>
              </test-suite>
              <test-suite type="TestFixture" id="0-1332" name="_11_JobStarterProductFeature" fullname="Join.Form.Customer.Selenium.Features._11_JobStarterProductFeature" classname="Join.Form.Customer.Selenium.Features._11_JobStarterProductFeature" runstate="Runnable" testcasecount="40" result="Failed" site="Child" start-time="2017-11-08 14:39:43Z" end-time="2017-11-08 15:16:30Z" duration="2206.451728" total="10" passed="0" failed="10" warnings="0" inconclusive="0" skipped="0" asserts="0">
                <properties>
                  <property name="Description" value="11_JobStarterProduct" />
                </properties>
                <failure>
                  <message><![CDATA[One or more child tests had errors]]></message>
                </failure>
                <test-suite type="ParameterizedMethod" id="0-1368" name="JOBSTARTER_ACTSUM_01_NZCitizen" fullname="Join.Form.Customer.Selenium.Features._11_JobStarterProductFeature.JOBSTARTER_ACTSUM_01_NZCitizen" classname="Join.Form.Customer.Selenium.Features._11_JobStarterProductFeature" runstate="Runnable" testcasecount="3" result="Failed" site="Child" start-time="2017-11-08 14:39:43Z" end-time="2017-11-08 14:50:55Z" duration="672.249497" total="3" passed="0" failed="3" warnings="0" inconclusive="0" skipped="0" asserts="0">
                  <properties>
                    <property name="Description" value="JOBSTARTER_ACTSUM_01 - NZ Citizen" />
                    <property name="Category" value="COB" />
                    <property name="Category" value="activatesummary" />
                    <property name="Category" value="072017" />
                    <property name="Category" value="jobstarter" />
                    <property name="Category" value="integration" />
                    <property name="Category" value="regression" />
                    <property name="Category" value="smoke" />
                  </properties>
                  <failure>
                    <message><![CDATA[One or more child tests had errors]]></message>
                  </failure>
                  <test-case id="0-1365" name="JOBSTARTER_ACTSUM_01_NZCitizen(&quot;Job starter only&quot;,&quot;Job starter&quot;,System.String[])" fullname="Join.Form.Customer.Selenium.Features._11_JobStarterProductFeature.JOBSTARTER_ACTSUM_01_NZCitizen(&quot;Job starter only&quot;,&quot;Job starter&quot;,System.String[])" methodname="JOBSTARTER_ACTSUM_01_NZCitizen" classname="Join.Form.Customer.Selenium.Features._11_JobStarterProductFeature" runstate="Runnable" seed="709041447" result="Failed" label="Error" start-time="2017-11-08 14:39:43Z" end-time="2017-11-08 14:43:28Z" duration="225.196510" asserts="0">
                    <properties />
                    <failure>
                      <message><![CDATA[System.Reflection.TargetInvocationException : Exception has been thrown by the target of an invocation.
  ----> System.Exception : no such element: Unable to locate element: {"method":"css selector","selector":"iframe[title='Main content']"}
  (Session info: chrome=60.0.3112.78)
  (Driver info: chromedriver=2.29.461591 (62ebf098771772160f391d75e589dc567915b233),platform=Windows NT 6.3.9600 x86_64)
  ----> OpenQA.Selenium.NoSuchElementException : no such element: Unable to locate element: {"method":"css selector","selector":"iframe[title='Main content']"}
  (Session info: chrome=60.0.3112.78)
  (Driver info: chromedriver=2.29.461591 (62ebf098771772160f391d75e589dc567915b233),platform=Windows NT 6.3.9600 x86_64)]]></message>
                      <stack-trace><![CDATA[   at System.RuntimeMethodHandle.InvokeMethod(Object target, Object[] arguments, Signature sig, Boolean constructor)
   at System.Reflection.RuntimeConstructorInfo.Invoke(BindingFlags invokeAttr, Binder binder, Object[] parameters, CultureInfo culture)
   at BoDi.ObjectContainer.CreateObject(Type type, ResolutionList resolutionPath, RegistrationKey keyToResolve)
   at BoDi.ObjectContainer.TypeRegistration.Resolve(ObjectContainer container, RegistrationKey keyToResolve, ResolutionList resolutionPath)
   at BoDi.ObjectContainer.ResolveObject(RegistrationKey keyToResolve, ResolutionList resolutionPath)
   at BoDi.ObjectContainer.Resolve(Type typeToResolve, ResolutionList resolutionPath, String name)
   at lambda_method(Closure , IContextManager , String )
   at TechTalk.SpecFlow.Bindings.BindingInvoker.InvokeBinding(IBinding binding, IContextManager contextManager, Object[] arguments, ITestTracer testTracer, TimeSpan& duration)
   at TechTalk.SpecFlow.Infrastructure.TestExecutionEngine.ExecuteStepMatch(BindingMatch match, Object[] arguments)
   at TechTalk.SpecFlow.Infrastructure.TestExecutionEngine.ExecuteStep(StepInstance stepInstance)
   at TechTalk.SpecFlow.Infrastructure.TestExecutionEngine.OnAfterLastStep()
   at Join.Form.Customer.Selenium.Features._11_JobStarterProductFeature.ScenarioCleanup()
   at Join.Form.Customer.Selenium.Features._11_JobStarterProductFeature.JOBSTARTER_ACTSUM_01_NZCitizen(String scenario, String products, String[] exampleTags)
--Exception
   at ASB.Test.Automation.Utils.Retry.Retry.Execute(Func`1 function, Int32 retryInterval, Int32 retryCount, String exceptionMessage)
   at Join.Form.Customer.Selenium.Pages.FeaturesPage.WaitForFeaturesPageLoad(By frameLocator)
   at Join.Form.Customer.Selenium.Pages.FeaturesPage..ctor(ContextObject _context)
   at Join.Form.Customer.Selenium.Pages.IntroductionPage..ctor(ContextObject context)
   at Join.Form.Customer.Selenium.StepDefinitions.ProductsPageSteps..ctor(ContextObject context)
--NoSuchElementException
   at OpenQA.Selenium.Remote.RemoteWebDriver.UnpackAndThrowOnError(Response errorResponse)
   at OpenQA.Selenium.Remote.RemoteWebDriver.Execute(String driverCommandToExecute, Dictionary`2 parameters)
   at OpenQA.Selenium.Remote.RemoteWebDriver.FindElement(String mechanism, String value)
   at Join.Form.Customer.Selenium.Pages.FeaturesPage.<WaitForFeaturesPageLoad>b__26_0()
   at ASB.Test.Automation.Utils.Retry.Retry.Execute(Func`1 function, Int32 retryInterval, Int32 retryCount, String exceptionMessage)]]></stack-trace>
                    </failure>
                    <output><![CDATA[Given I start my Job Starter application
Navigating to URL: https://webappisamdev.asbbank.co.nz/public/join/jobstarterasb?grcDisabled=true
-> done: CommonSteps.GivenIStartMyJobStarterApplication() (0.7s)
Given I select the following products: 'Job starter'
11/9/2017 3:39:55 AMWaitForFeaturesPageLoad: Executing WaitForFrameAndSwitch
-> error: Exception has been thrown by the target of an invocation.
And I enter all required details and navigate to Summary page
  --- table step argument ---
  | Title | FirstName    | MiddleName | LastName | DateOfBirth | Email                   | MobileNumber   | PreferredIdType | Password | assPassword |
  | Miss  | AutomationNZ |            | ass   | 18-20       | Jay.Pamilacan@asb.co.nz | 021-1234567890 | Other           | Kiwi77nz | MyCode01       |
-> skipped because of previous errors
When I confirm details on the Summary page
-> skipped because of previous errors
Then the 'Processing' screen of Join ASB page is displayed
-> skipped because of previous errors
And the Logging you in progress page is displayed
-> skipped because of previous errors
And the Activation page is displayed
-> skipped because of previous errors
And the account number and product name is displayed for the selected products
-> skipped because of previous errors
And the Profile Details section is displayed
-> skipped because of previous errors
And the Proof of Address section is displayed
-> skipped because of previous errors
And the Confirm Identity section is displayed
-> skipped because of previous errors
And the See a complete list of acceptable documents text is displayed conditionally
-> skipped because of previous errors
And the Find a branch button is displayed conditionally
-> skipped because of previous errors
]]></output>
                  </test-case>
                  <test-case id="0-1366" name="JOBSTARTER_ACTSUM_01_NZCitizen(&quot;Default Job Starter Products&quot;,&quot;Job starter, ASB Visa Debit Job Starter&quot;,System.String[])" fullname="Join.Form.Customer.Selenium.Features._11_JobStarterProductFeature.JOBSTARTER_ACTSUM_01_NZCitizen(&quot;Default Job Starter Products&quot;,&quot;Job starter, ASB Visa Debit Job Starter&quot;,System.String[])" methodname="JOBSTARTER_ACTSUM_01_NZCitizen" classname="Join.Form.Customer.Selenium.Features._11_JobStarterProductFeature" runstate="Runnable" seed="1793340252" result="Failed" label="Error" start-time="2017-11-08 14:43:28Z" end-time="2017-11-08 14:47:13Z" duration="224.749897" asserts="0">
                    <properties />
                    <failure>
                      <message><![CDATA[System.Reflection.TargetInvocationException : Exception has been thrown by the target of an invocation.
  ----> System.Exception : no such element: Unable to locate element: {"method":"css selector","selector":"iframe[title='Main content']"}
  (Session info: chrome=60.0.3112.78)
  (Driver info: chromedriver=2.29.461591 (62ebf098771772160f391d75e589dc567915b233),platform=Windows NT 6.3.9600 x86_64)
  ----> OpenQA.Selenium.NoSuchElementException : no such element: Unable to locate element: {"method":"css selector","selector":"iframe[title='Main content']"}
  (Session info: chrome=60.0.3112.78)
  (Driver info: chromedriver=2.29.461591 (62ebf098771772160f391d75e589dc567915b233),platform=Windows NT 6.3.9600 x86_64)]]></message>
                      <stack-trace><![CDATA[   at System.RuntimeMethodHandle.InvokeMethod(Object target, Object[] arguments, Signature sig, Boolean constructor)
   at System.Reflection.RuntimeConstructorInfo.Invoke(BindingFlags invokeAttr, Binder binder, Object[] parameters, CultureInfo culture)
   at BoDi.ObjectContainer.CreateObject(Type type, ResolutionList resolutionPath, RegistrationKey keyToResolve)
   at BoDi.ObjectContainer.TypeRegistration.Resolve(ObjectContainer container, RegistrationKey keyToResolve, ResolutionList resolutionPath)
   at BoDi.ObjectContainer.ResolveObject(RegistrationKey keyToResolve, ResolutionList resolutionPath)
   at BoDi.ObjectContainer.Resolve(Type typeToResolve, ResolutionList resolutionPath, String name)
   at lambda_method(Closure , IContextManager , String )
   at TechTalk.SpecFlow.Bindings.BindingInvoker.InvokeBinding(IBinding binding, IContextManager contextManager, Object[] arguments, ITestTracer testTracer, TimeSpan& duration)
   at TechTalk.SpecFlow.Infrastructure.TestExecutionEngine.ExecuteStepMatch(BindingMatch match, Object[] arguments)
   at TechTalk.SpecFlow.Infrastructure.TestExecutionEngine.ExecuteStep(StepInstance stepInstance)
   at TechTalk.SpecFlow.Infrastructure.TestExecutionEngine.OnAfterLastStep()
   at Join.Form.Customer.Selenium.Features._11_JobStarterProductFeature.ScenarioCleanup()
   at Join.Form.Customer.Selenium.Features._11_JobStarterProductFeature.JOBSTARTER_ACTSUM_01_NZCitizen(String scenario, String products, String[] exampleTags)
--Exception
   at ASB.Test.Automation.Utils.Retry.Retry.Execute(Func`1 function, Int32 retryInterval, Int32 retryCount, String exceptionMessage)
   at Join.Form.Customer.Selenium.Pages.FeaturesPage.WaitForFeaturesPageLoad(By frameLocator)
   at Join.Form.Customer.Selenium.Pages.FeaturesPage..ctor(ContextObject _context)
   at Join.Form.Customer.Selenium.Pages.IntroductionPage..ctor(ContextObject context)
   at Join.Form.Customer.Selenium.StepDefinitions.ProductsPageSteps..ctor(ContextObject context)
--NoSuchElementException
   at OpenQA.Selenium.Remote.RemoteWebDriver.UnpackAndThrowOnError(Response errorResponse)
   at OpenQA.Selenium.Remote.RemoteWebDriver.Execute(String driverCommandToExecute, Dictionary`2 parameters)
   at OpenQA.Selenium.Remote.RemoteWebDriver.FindElement(String mechanism, String value)
   at Join.Form.Customer.Selenium.Pages.FeaturesPage.<WaitForFeaturesPageLoad>b__26_0()
   at ASB.Test.Automation.Utils.Retry.Retry.Execute(Func`1 function, Int32 retryInterval, Int32 retryCount, String exceptionMessage)]]></stack-trace>
                    </failure>
                    <output><![CDATA[Given I start my Job Starter application
Navigating to URL: https://webappisamdev.asbbank.co.nz/public/join/jobstarterasb?grcDisabled=true
-> done: CommonSteps.GivenIStartMyJobStarterApplication() (0.8s)
Given I select the following products: 'Job starter, ASB Visa Debit Job Starter'
11/9/2017 3:43:40 AMWaitForFeaturesPageLoad: Executing WaitForFrameAndSwitch
-> error: Exception has been thrown by the target of an invocation.
And I enter all required details and navigate to Summary page
  --- table step argument ---
  | Title | FirstName    | MiddleName | LastName | DateOfBirth | Email                   | MobileNumber   | PreferredIdType | Password | assPassword |
  | Miss  | AutomationNZ |            | ass   | 18-20       | Jay.Pamilacan@asb.co.nz | 021-1234567890 | Other           | Kiwi77nz | MyCode01       |
-> skipped because of previous errors
When I confirm details on the Summary page
-> skipped because of previous errors
Then the 'Processing' screen of Join ASB page is displayed
-> skipped because of previous errors
And the Logging you in progress page is displayed
-> skipped because of previous errors
And the Activation page is displayed
-> skipped because of previous errors
And the account number and product name is displayed for the selected products
-> skipped because of previous errors
And the Profile Details section is displayed
-> skipped because of previous errors
And the Proof of Address section is displayed
-> skipped because of previous errors
And the Confirm Identity section is displayed
-> skipped because of previous errors
And the See a complete list of acceptable documents text is displayed conditionally
-> skipped because of previous errors
And the Find a branch button is displayed conditionally
-> skipped because of previous errors
]]></output>
                  </test-case>
                  <test-case id="0-1367" name="JOBSTARTER_ACTSUM_01_NZCitizen(&quot;All Job Starter Products&quot;,&quot;Job starter, ASB Visa Debit Job Starter, Job Starter Overdraft, ASB Visa Rewards Job Starter, ASB Visa Light Job Starter, Savings On Call, FastSaver&quot;,System.String[])" fullname="Join.Form.Customer.Selenium.Features._11_JobStarterProductFeature.JOBSTARTER_ACTSUM_01_NZCitizen(&quot;All Job Starter Products&quot;,&quot;Job starter, ASB Visa Debit Job Starter, Job Starter Overdraft, ASB Visa Rewards Job Starter, ASB Visa Light Job Starter, Savings On Call, FastSaver&quot;,System.String[])" methodname="JOBSTARTER_ACTSUM_01_NZCitizen" classname="Join.Form.Customer.Selenium.Features._11_JobStarterProductFeature" runstate="Runnable" seed="1211698382" result="Failed" label="Error" start-time="2017-11-08 14:47:13Z" end-time="2017-11-08 14:50:55Z" duration="222.271769" asserts="0">
                    <properties />
                    <failure>
                      <message><![CDATA[System.Reflection.TargetInvocationException : Exception has been thrown by the target of an invocation.
  ----> System.Exception : no such element: Unable to locate element: {"method":"css selector","selector":"iframe[title='Main content']"}
  (Session info: chrome=60.0.3112.78)
  (Driver info: chromedriver=2.29.461591 (62ebf098771772160f391d75e589dc567915b233),platform=Windows NT 6.3.9600 x86_64)
  ----> OpenQA.Selenium.NoSuchElementException : no such element: Unable to locate element: {"method":"css selector","selector":"iframe[title='Main content']"}
  (Session info: chrome=60.0.3112.78)
  (Driver info: chromedriver=2.29.461591 (62ebf098771772160f391d75e589dc567915b233),platform=Windows NT 6.3.9600 x86_64)]]></message>
                      <stack-trace><![CDATA[   at System.RuntimeMethodHandle.InvokeMethod(Object target, Object[] arguments, Signature sig, Boolean constructor)
   at System.Reflection.RuntimeConstructorInfo.Invoke(BindingFlags invokeAttr, Binder binder, Object[] parameters, CultureInfo culture)
   at BoDi.ObjectContainer.CreateObject(Type type, ResolutionList resolutionPath, RegistrationKey keyToResolve)
   at BoDi.ObjectContainer.TypeRegistration.Resolve(ObjectContainer container, RegistrationKey keyToResolve, ResolutionList resolutionPath)
   at BoDi.ObjectContainer.ResolveObject(RegistrationKey keyToResolve, ResolutionList resolutionPath)
   at BoDi.ObjectContainer.Resolve(Type typeToResolve, ResolutionList resolutionPath, String name)
   at lambda_method(Closure , IContextManager , String )
   at TechTalk.SpecFlow.Bindings.BindingInvoker.InvokeBinding(IBinding binding, IContextManager contextManager, Object[] arguments, ITestTracer testTracer, TimeSpan& duration)
   at TechTalk.SpecFlow.Infrastructure.TestExecutionEngine.ExecuteStepMatch(BindingMatch match, Object[] arguments)
   at TechTalk.SpecFlow.Infrastructure.TestExecutionEngine.ExecuteStep(StepInstance stepInstance)
   at TechTalk.SpecFlow.Infrastructure.TestExecutionEngine.OnAfterLastStep()
   at Join.Form.Customer.Selenium.Features._11_JobStarterProductFeature.ScenarioCleanup()
   at Join.Form.Customer.Selenium.Features._11_JobStarterProductFeature.JOBSTARTER_ACTSUM_01_NZCitizen(String scenario, String products, String[] exampleTags)
--Exception
   at ASB.Test.Automation.Utils.Retry.Retry.Execute(Func`1 function, Int32 retryInterval, Int32 retryCount, String exceptionMessage)
   at Join.Form.Customer.Selenium.Pages.FeaturesPage.WaitForFeaturesPageLoad(By frameLocator)
   at Join.Form.Customer.Selenium.Pages.FeaturesPage..ctor(ContextObject _context)
   at Join.Form.Customer.Selenium.Pages.IntroductionPage..ctor(ContextObject context)
   at Join.Form.Customer.Selenium.StepDefinitions.ProductsPageSteps..ctor(ContextObject context)
--NoSuchElementException
   at OpenQA.Selenium.Remote.RemoteWebDriver.UnpackAndThrowOnError(Response errorResponse)
   at OpenQA.Selenium.Remote.RemoteWebDriver.Execute(String driverCommandToExecute, Dictionary`2 parameters)
   at OpenQA.Selenium.Remote.RemoteWebDriver.FindElement(String mechanism, String value)
   at Join.Form.Customer.Selenium.Pages.FeaturesPage.<WaitForFeaturesPageLoad>b__26_0()
   at ASB.Test.Automation.Utils.Retry.Retry.Execute(Func`1 function, Int32 retryInterval, Int32 retryCount, String exceptionMessage)]]></stack-trace>
                    </failure>
                    <output><![CDATA[Given I start my Job Starter application
Navigating to URL: https://webappisamdev.asbbank.co.nz/public/join/jobstarterasb?grcDisabled=true
-> done: CommonSteps.GivenIStartMyJobStarterApplication() (0.7s)
Given I select the following products: 'Job starter, ASB Visa Debit Job Starter, Job Starter Overdraft, ASB Visa Rewards Job Starter, ASB Visa Light Job Starter, Savings On Call, FastSaver'
11/9/2017 3:47:25 AMWaitForFeaturesPageLoad: Executing WaitForFrameAndSwitch
-> error: Exception has been thrown by the target of an invocation.
And I enter all required details and navigate to Summary page
  --- table step argument ---
  | Title | FirstName    | MiddleName | LastName | DateOfBirth | Email                   | MobileNumber   | PreferredIdType | Password | assPassword |
  | Miss  | AutomationNZ |            | ass   | 18-20       | Jay.Pamilacan@asb.co.nz | 021-1234567890 | Other           | Kiwi77nz | MyCode01       |
-> skipped because of previous errors
When I confirm details on the Summary page
-> skipped because of previous errors
Then the 'Processing' screen of Join ASB page is displayed
-> skipped because of previous errors
And the Logging you in progress page is displayed
-> skipped because of previous errors
And the Activation page is displayed
-> skipped because of previous errors
And the account number and product name is displayed for the selected products
-> skipped because of previous errors
And the Profile Details section is displayed
-> skipped because of previous errors
And the Proof of Address section is displayed
-> skipped because of previous errors
And the Confirm Identity section is displayed
-> skipped because of previous errors
And the See a complete list of acceptable documents text is displayed conditionally
-> skipped because of previous errors
And the Find a branch button is displayed conditionally
-> skipped because of previous errors
]]></output>
                  </test-case>
                </test-suite>
                <test-suite type="ParameterizedMethod" id="0-1372" name="JOBSTARTER_ACTSUM_02_Non_NZCitizen" fullname="Join.Form.Customer.Selenium.Features._11_JobStarterProductFeature.JOBSTARTER_ACTSUM_02_Non_NZCitizen" classname="Join.Form.Customer.Selenium.Features._11_JobStarterProductFeature" runstate="Runnable" testcasecount="3" result="Failed" site="Child" start-time="2017-11-08 14:50:55Z" end-time="2017-11-08 15:01:34Z" duration="639.023631" total="3" passed="0" failed="3" warnings="0" inconclusive="0" skipped="0" asserts="0">
                  <properties>
                    <property name="Description" value="JOBSTARTER_ACTSUM_02 - Non-NZ Citizen" />
                    <property name="Category" value="COB" />
                    <property name="Category" value="activatesummary" />
                    <property name="Category" value="072017" />
                    <property name="Category" value="jobstarter" />
                    <property name="Category" value="integration" />
                    <property name="Category" value="regression" />
                    <property name="Category" value="smoke" />
                  </properties>
                  <failure>
                    <message><![CDATA[One or more child tests had errors]]></message>
                  </failure>
                  <test-case id="0-1369" name="JOBSTARTER_ACTSUM_02_Non_NZCitizen(&quot;Job starter only&quot;,&quot;Job starter&quot;,System.String[])" fullname="Join.Form.Customer.Selenium.Features._11_JobStarterProductFeature.JOBSTARTER_ACTSUM_02_Non_NZCitizen(&quot;Job starter only&quot;,&quot;Job starter&quot;,System.String[])" methodname="JOBSTARTER_ACTSUM_02_Non_NZCitizen" classname="Join.Form.Customer.Selenium.Features._11_JobStarterProductFeature" runstate="Runnable" seed="260277394" result="Failed" label="Error" start-time="2017-11-08 14:50:55Z" end-time="2017-11-08 14:54:30Z" duration="214.380658" asserts="0">
                    <properties />
                    <failure>
                      <message><![CDATA[System.Reflection.TargetInvocationException : Exception has been thrown by the target of an invocation.
  ----> System.Exception : no such element: Unable to locate element: {"method":"css selector","selector":"iframe[title='Main content']"}
  (Session info: chrome=60.0.3112.78)
  (Driver info: chromedriver=2.29.461591 (62ebf098771772160f391d75e589dc567915b233),platform=Windows NT 6.3.9600 x86_64)
  ----> OpenQA.Selenium.NoSuchElementException : no such element: Unable to locate element: {"method":"css selector","selector":"iframe[title='Main content']"}
  (Session info: chrome=60.0.3112.78)
  (Driver info: chromedriver=2.29.461591 (62ebf098771772160f391d75e589dc567915b233),platform=Windows NT 6.3.9600 x86_64)]]></message>
                      <stack-trace><![CDATA[   at System.RuntimeMethodHandle.InvokeMethod(Object target, Object[] arguments, Signature sig, Boolean constructor)
   at System.Reflection.RuntimeConstructorInfo.Invoke(BindingFlags invokeAttr, Binder binder, Object[] parameters, CultureInfo culture)
   at BoDi.ObjectContainer.CreateObject(Type type, ResolutionList resolutionPath, RegistrationKey keyToResolve)
   at BoDi.ObjectContainer.TypeRegistration.Resolve(ObjectContainer container, RegistrationKey keyToResolve, ResolutionList resolutionPath)
   at BoDi.ObjectContainer.ResolveObject(RegistrationKey keyToResolve, ResolutionList resolutionPath)
   at BoDi.ObjectContainer.Resolve(Type typeToResolve, ResolutionList resolutionPath, String name)
   at lambda_method(Closure , IContextManager )
   at TechTalk.SpecFlow.Bindings.BindingInvoker.InvokeBinding(IBinding binding, IContextManager contextManager, Object[] arguments, ITestTracer testTracer, TimeSpan& duration)
   at TechTalk.SpecFlow.Infrastructure.TestExecutionEngine.ExecuteStepMatch(BindingMatch match, Object[] arguments)
   at TechTalk.SpecFlow.Infrastructure.TestExecutionEngine.ExecuteStep(StepInstance stepInstance)
   at TechTalk.SpecFlow.Infrastructure.TestExecutionEngine.OnAfterLastStep()
   at Join.Form.Customer.Selenium.Features._11_JobStarterProductFeature.ScenarioCleanup()
   at Join.Form.Customer.Selenium.Features._11_JobStarterProductFeature.JOBSTARTER_ACTSUM_02_Non_NZCitizen(String scenario, String products, String[] exampleTags)
--Exception
   at ASB.Test.Automation.Utils.Retry.Retry.Execute(Func`1 function, Int32 retryInterval, Int32 retryCount, String exceptionMessage)
   at Join.Form.Customer.Selenium.Pages.FeaturesPage.WaitForFeaturesPageLoad(By frameLocator)
   at Join.Form.Customer.Selenium.Pages.FeaturesPage..ctor(ContextObject _context)
   at Join.Form.Customer.Selenium.Pages.IntroductionPage..ctor(ContextObject context)
   at Join.Form.Customer.Selenium.StepDefinitions.IntroductionPageSteps..ctor(ContextObject context)
--NoSuchElementException
   at OpenQA.Selenium.Remote.RemoteWebDriver.UnpackAndThrowOnError(Response errorResponse)
   at OpenQA.Selenium.Remote.RemoteWebDriver.Execute(String driverCommandToExecute, Dictionary`2 parameters)
   at OpenQA.Selenium.Remote.RemoteWebDriver.FindElement(String mechanism, String value)
   at Join.Form.Customer.Selenium.Pages.FeaturesPage.<WaitForFeaturesPageLoad>b__26_0()
   at ASB.Test.Automation.Utils.Retry.Retry.Execute(Func`1 function, Int32 retryInterval, Int32 retryCount, String exceptionMessage)]]></stack-trace>
                    </failure>
                    <output><![CDATA[Given I start my Job Starter application
Navigating to URL: https://webappisamdev.asbbank.co.nz/public/join/jobstarterasb?grcDisabled=true
-> done: CommonSteps.GivenIStartMyJobStarterApplication() (0.7s)
Given I am in the Introduction page
11/9/2017 3:50:57 AMWaitForFeaturesPageLoad: Executing WaitForFrameAndSwitch
-> error: Exception has been thrown by the target of an invocation.
And I select 'Yes' in the 18-20 question
-> skipped because of previous errors
And I select 'Yes' in the Living in NZ question
-> skipped because of previous errors
And I select 'No' in the NZ Citizen question
-> skipped because of previous errors
And I click on 'Get started' button
-> skipped because of previous errors
And I select the following products: 'Job starter'
-> skipped because of previous errors
And I enter all required details and navigate to Summary page
  --- table step argument ---
  | Title | FirstName  | MiddleName | LastName | DateOfBirth | Email                   | MobileNumber   | PreferredIdType | Password | assPassword |
  | Miss  | Automation |            | ass   | 18-20       | Jay.Pamilacan@asb.co.nz | 021-1234567890 | Other           | Kiwi77nz | MyCode01       |
-> skipped because of previous errors
When I confirm details on the Summary page
-> skipped because of previous errors
Then the 'Processing' screen of Join ASB page is displayed
-> skipped because of previous errors
And the Logging you in progress page is displayed
-> skipped because of previous errors
And the Activation page is displayed
-> skipped because of previous errors
And the account number and product name is displayed for the selected products
-> skipped because of previous errors
And the Profile Details section is displayed
-> skipped because of previous errors
And the Proof of Address section is displayed
-> skipped because of previous errors
And the Confirm Identity section is displayed
-> skipped because of previous errors
And the See a complete list of acceptable documents text is displayed conditionally
-> skipped because of previous errors
And the Find a branch button is displayed conditionally
-> skipped because of previous errors
]]></output>
                  </test-case>
                  <test-case id="0-1370" name="JOBSTARTER_ACTSUM_02_Non_NZCitizen(&quot;Default Job Starter Products&quot;,&quot;Job starter, ASB Visa Debit Job Starter&quot;,System.String[])" fullname="Join.Form.Customer.Selenium.Features._11_JobStarterProductFeature.JOBSTARTER_ACTSUM_02_Non_NZCitizen(&quot;Default Job Starter Products&quot;,&quot;Job starter, ASB Visa Debit Job Starter&quot;,System.String[])" methodname="JOBSTARTER_ACTSUM_02_Non_NZCitizen" classname="Join.Form.Customer.Selenium.Features._11_JobStarterProductFeature" runstate="Runnable" seed="1174300953" result="Failed" label="Error" start-time="2017-11-08 14:54:30Z" end-time="2017-11-08 14:58:02Z" duration="212.291677" asserts="0">
                    <properties />
                    <failure>
                      <message><![CDATA[System.Reflection.TargetInvocationException : Exception has been thrown by the target of an invocation.
  ----> System.Exception : no such element: Unable to locate element: {"method":"css selector","selector":"iframe[title='Main content']"}
  (Session info: chrome=60.0.3112.78)
  (Driver info: chromedriver=2.29.461591 (62ebf098771772160f391d75e589dc567915b233),platform=Windows NT 6.3.9600 x86_64)
  ----> OpenQA.Selenium.NoSuchElementException : no such element: Unable to locate element: {"method":"css selector","selector":"iframe[title='Main content']"}
  (Session info: chrome=60.0.3112.78)
  (Driver info: chromedriver=2.29.461591 (62ebf098771772160f391d75e589dc567915b233),platform=Windows NT 6.3.9600 x86_64)]]></message>
                      <stack-trace><![CDATA[   at System.RuntimeMethodHandle.InvokeMethod(Object target, Object[] arguments, Signature sig, Boolean constructor)
   at System.Reflection.RuntimeConstructorInfo.Invoke(BindingFlags invokeAttr, Binder binder, Object[] parameters, CultureInfo culture)
   at BoDi.ObjectContainer.CreateObject(Type type, ResolutionList resolutionPath, RegistrationKey keyToResolve)
   at BoDi.ObjectContainer.TypeRegistration.Resolve(ObjectContainer container, RegistrationKey keyToResolve, ResolutionList resolutionPath)
   at BoDi.ObjectContainer.ResolveObject(RegistrationKey keyToResolve, ResolutionList resolutionPath)
   at BoDi.ObjectContainer.Resolve(Type typeToResolve, ResolutionList resolutionPath, String name)
   at lambda_method(Closure , IContextManager )
   at TechTalk.SpecFlow.Bindings.BindingInvoker.InvokeBinding(IBinding binding, IContextManager contextManager, Object[] arguments, ITestTracer testTracer, TimeSpan& duration)
   at TechTalk.SpecFlow.Infrastructure.TestExecutionEngine.ExecuteStepMatch(BindingMatch match, Object[] arguments)
   at TechTalk.SpecFlow.Infrastructure.TestExecutionEngine.ExecuteStep(StepInstance stepInstance)
   at TechTalk.SpecFlow.Infrastructure.TestExecutionEngine.OnAfterLastStep()
   at Join.Form.Customer.Selenium.Features._11_JobStarterProductFeature.ScenarioCleanup()
   at Join.Form.Customer.Selenium.Features._11_JobStarterProductFeature.JOBSTARTER_ACTSUM_02_Non_NZCitizen(String scenario, String products, String[] exampleTags)
--Exception
   at ASB.Test.Automation.Utils.Retry.Retry.Execute(Func`1 function, Int32 retryInterval, Int32 retryCount, String exceptionMessage)
   at Join.Form.Customer.Selenium.Pages.FeaturesPage.WaitForFeaturesPageLoad(By frameLocator)
   at Join.Form.Customer.Selenium.Pages.FeaturesPage..ctor(ContextObject _context)
   at Join.Form.Customer.Selenium.Pages.IntroductionPage..ctor(ContextObject context)
   at Join.Form.Customer.Selenium.StepDefinitions.IntroductionPageSteps..ctor(ContextObject context)
--NoSuchElementException
   at OpenQA.Selenium.Remote.RemoteWebDriver.UnpackAndThrowOnError(Response errorResponse)
   at OpenQA.Selenium.Remote.RemoteWebDriver.Execute(String driverCommandToExecute, Dictionary`2 parameters)
   at OpenQA.Selenium.Remote.RemoteWebDriver.FindElement(String mechanism, String value)
   at Join.Form.Customer.Selenium.Pages.FeaturesPage.<WaitForFeaturesPageLoad>b__26_0()
   at ASB.Test.Automation.Utils.Retry.Retry.Execute(Func`1 function, Int32 retryInterval, Int32 retryCount, String exceptionMessage)]]></stack-trace>
                    </failure>
                    <output><![CDATA[Given I start my Job Starter application
Navigating to URL: https://webappisamdev.asbbank.co.nz/public/join/jobstarterasb?grcDisabled=true
-> done: CommonSteps.GivenIStartMyJobStarterApplication() (0.7s)
Given I am in the Introduction page
11/9/2017 3:54:31 AMWaitForFeaturesPageLoad: Executing WaitForFrameAndSwitch
-> error: Exception has been thrown by the target of an invocation.
And I select 'Yes' in the 18-20 question
-> skipped because of previous errors
And I select 'Yes' in the Living in NZ question
-> skipped because of previous errors
And I select 'No' in the NZ Citizen question
-> skipped because of previous errors
And I click on 'Get started' button
-> skipped because of previous errors
And I select the following products: 'Job starter, ASB Visa Debit Job Starter'
-> skipped because of previous errors
And I enter all required details and navigate to Summary page
  --- table step argument ---
  | Title | FirstName  | MiddleName | LastName | DateOfBirth | Email                   | MobileNumber   | PreferredIdType | Password | assPassword |
  | Miss  | Automation |            | ass   | 18-20       | Jay.Pamilacan@asb.co.nz | 021-1234567890 | Other           | Kiwi77nz | MyCode01       |
-> skipped because of previous errors
When I confirm details on the Summary page
-> skipped because of previous errors
Then the 'Processing' screen of Join ASB page is displayed
-> skipped because of previous errors
And the Logging you in progress page is displayed
-> skipped because of previous errors
And the Activation page is displayed
-> skipped because of previous errors
And the account number and product name is displayed for the selected products
-> skipped because of previous errors
And the Profile Details section is displayed
-> skipped because of previous errors
And the Proof of Address section is displayed
-> skipped because of previous errors
And the Confirm Identity section is displayed
-> skipped because of previous errors
And the See a complete list of acceptable documents text is displayed conditionally
-> skipped because of previous errors
And the Find a branch button is displayed conditionally
-> skipped because of previous errors
]]></output>
                  </test-case>
                  <test-case id="0-1371" name="JOBSTARTER_ACTSUM_02_Non_NZCitizen(&quot;All Job Starter Products&quot;,&quot;Job starter, ASB Visa Debit Job Starter, ASB Visa Rewards Job Starter, ASB Visa Light Job Starter, Savings On Call, FastSaver&quot;,System.String[])" fullname="Join.Form.Customer.Selenium.Features._11_JobStarterProductFeature.JOBSTARTER_ACTSUM_02_Non_NZCitizen(&quot;All Job Starter Products&quot;,&quot;Job starter, ASB Visa Debit Job Starter, ASB Visa Rewards Job Starter, ASB Visa Light Job Starter, Savings On Call, FastSaver&quot;,System.String[])" methodname="JOBSTARTER_ACTSUM_02_Non_NZCitizen" classname="Join.Form.Customer.Selenium.Features._11_JobStarterProductFeature" runstate="Runnable" seed="962767415" result="Failed" label="Error" start-time="2017-11-08 14:58:02Z" end-time="2017-11-08 15:01:34Z" duration="212.281505" asserts="0">
                    <properties />
                    <failure>
                      <message><![CDATA[System.Reflection.TargetInvocationException : Exception has been thrown by the target of an invocation.
  ----> System.Exception : no such element: Unable to locate element: {"method":"css selector","selector":"iframe[title='Main content']"}
  (Session info: chrome=60.0.3112.78)
  (Driver info: chromedriver=2.29.461591 (62ebf098771772160f391d75e589dc567915b233),platform=Windows NT 6.3.9600 x86_64)
  ----> OpenQA.Selenium.NoSuchElementException : no such element: Unable to locate element: {"method":"css selector","selector":"iframe[title='Main content']"}
  (Session info: chrome=60.0.3112.78)
  (Driver info: chromedriver=2.29.461591 (62ebf098771772160f391d75e589dc567915b233),platform=Windows NT 6.3.9600 x86_64)]]></message>
                      <stack-trace><![CDATA[   at System.RuntimeMethodHandle.InvokeMethod(Object target, Object[] arguments, Signature sig, Boolean constructor)
   at System.Reflection.RuntimeConstructorInfo.Invoke(BindingFlags invokeAttr, Binder binder, Object[] parameters, CultureInfo culture)
   at BoDi.ObjectContainer.CreateObject(Type type, ResolutionList resolutionPath, RegistrationKey keyToResolve)
   at BoDi.ObjectContainer.TypeRegistration.Resolve(ObjectContainer container, RegistrationKey keyToResolve, ResolutionList resolutionPath)
   at BoDi.ObjectContainer.ResolveObject(RegistrationKey keyToResolve, ResolutionList resolutionPath)
   at BoDi.ObjectContainer.Resolve(Type typeToResolve, ResolutionList resolutionPath, String name)
   at lambda_method(Closure , IContextManager )
   at TechTalk.SpecFlow.Bindings.BindingInvoker.InvokeBinding(IBinding binding, IContextManager contextManager, Object[] arguments, ITestTracer testTracer, TimeSpan& duration)
   at TechTalk.SpecFlow.Infrastructure.TestExecutionEngine.ExecuteStepMatch(BindingMatch match, Object[] arguments)
   at TechTalk.SpecFlow.Infrastructure.TestExecutionEngine.ExecuteStep(StepInstance stepInstance)
   at TechTalk.SpecFlow.Infrastructure.TestExecutionEngine.OnAfterLastStep()
   at Join.Form.Customer.Selenium.Features._11_JobStarterProductFeature.ScenarioCleanup()
   at Join.Form.Customer.Selenium.Features._11_JobStarterProductFeature.JOBSTARTER_ACTSUM_02_Non_NZCitizen(String scenario, String products, String[] exampleTags)
--Exception
   at ASB.Test.Automation.Utils.Retry.Retry.Execute(Func`1 function, Int32 retryInterval, Int32 retryCount, String exceptionMessage)
   at Join.Form.Customer.Selenium.Pages.FeaturesPage.WaitForFeaturesPageLoad(By frameLocator)
   at Join.Form.Customer.Selenium.Pages.FeaturesPage..ctor(ContextObject _context)
   at Join.Form.Customer.Selenium.Pages.IntroductionPage..ctor(ContextObject context)
   at Join.Form.Customer.Selenium.StepDefinitions.IntroductionPageSteps..ctor(ContextObject context)
--NoSuchElementException
   at OpenQA.Selenium.Remote.RemoteWebDriver.UnpackAndThrowOnError(Response errorResponse)
   at OpenQA.Selenium.Remote.RemoteWebDriver.Execute(String driverCommandToExecute, Dictionary`2 parameters)
   at OpenQA.Selenium.Remote.RemoteWebDriver.FindElement(String mechanism, String value)
   at Join.Form.Customer.Selenium.Pages.FeaturesPage.<WaitForFeaturesPageLoad>b__26_0()
   at ASB.Test.Automation.Utils.Retry.Retry.Execute(Func`1 function, Int32 retryInterval, Int32 retryCount, String exceptionMessage)]]></stack-trace>
                    </failure>
                    <output><![CDATA[Given I start my Job Starter application
Navigating to URL: https://webappisamdev.asbbank.co.nz/public/join/jobstarterasb?grcDisabled=true
-> done: CommonSteps.GivenIStartMyJobStarterApplication() (0.7s)
Given I am in the Introduction page
11/9/2017 3:58:04 AMWaitForFeaturesPageLoad: Executing WaitForFrameAndSwitch
-> error: Exception has been thrown by the target of an invocation.
And I select 'Yes' in the 18-20 question
-> skipped because of previous errors
And I select 'Yes' in the Living in NZ question
-> skipped because of previous errors
And I select 'No' in the NZ Citizen question
-> skipped because of previous errors
And I click on 'Get started' button
-> skipped because of previous errors
And I select the following products: 'Job starter, ASB Visa Debit Job Starter, ASB Visa Rewards Job Starter, ASB Visa Light Job Starter, Savings On Call, FastSaver'
-> skipped because of previous errors
And I enter all required details and navigate to Summary page
  --- table step argument ---
  | Title | FirstName  | MiddleName | LastName | DateOfBirth | Email                   | MobileNumber   | PreferredIdType | Password | assPassword |
  | Miss  | Automation |            | ass   | 18-20       | Jay.Pamilacan@asb.co.nz | 021-1234567890 | Other           | Kiwi77nz | MyCode01       |
-> skipped because of previous errors
When I confirm details on the Summary page
-> skipped because of previous errors
Then the 'Processing' screen of Join ASB page is displayed
-> skipped because of previous errors
And the Logging you in progress page is displayed
-> skipped because of previous errors
And the Activation page is displayed
-> skipped because of previous errors
And the account number and product name is displayed for the selected products
-> skipped because of previous errors
And the Profile Details section is displayed
-> skipped because of previous errors
And the Proof of Address section is displayed
-> skipped because of previous errors
And the Confirm Identity section is displayed
-> skipped because of previous errors
And the See a complete list of acceptable documents text is displayed conditionally
-> skipped because of previous errors
And the Find a branch button is displayed conditionally
-> skipped because of previous errors
]]></output>
                  </test-case>
                </test-suite>
                <test-case id="0-1353" name="JOBSTARTER_CNFM_01_VerifyConfirmationScreen_BadCustomerCheckBlock" fullname="Join.Form.Customer.Selenium.Features._11_JobStarterProductFeature.JOBSTARTER_CNFM_01_VerifyConfirmationScreen_BadCustomerCheckBlock" methodname="JOBSTARTER_CNFM_01_VerifyConfirmationScreen_BadCustomerCheckBlock" classname="Join.Form.Customer.Selenium.Features._11_JobStarterProductFeature" runstate="Runnable" seed="2124628721" result="Failed" label="Error" start-time="2017-11-08 15:01:35Z" end-time="2017-11-08 15:05:19Z" duration="224.345971" asserts="0">
                  <properties>
                    <property name="Description" value="JOBSTARTER_CNFM_01 - Verify Confirmation screen - Bad Customer check (block)" />
                    <property name="Category" value="COB" />
                    <property name="Category" value="confirmation" />
                    <property name="Category" value="regression" />
                    <property name="Category" value="integration" />
                    <property name="Category" value="072017" />
                    <property name="Category" value="jobstarter" />
                  </properties>
                  <failure>
                    <message><![CDATA[System.Reflection.TargetInvocationException : Exception has been thrown by the target of an invocation.
  ----> System.Exception : no such element: Unable to locate element: {"method":"css selector","selector":"iframe[title='Main content']"}
  (Session info: chrome=60.0.3112.78)
  (Driver info: chromedriver=2.29.461591 (62ebf098771772160f391d75e589dc567915b233),platform=Windows NT 6.3.9600 x86_64)
  ----> OpenQA.Selenium.NoSuchElementException : no such element: Unable to locate element: {"method":"css selector","selector":"iframe[title='Main content']"}
  (Session info: chrome=60.0.3112.78)
  (Driver info: chromedriver=2.29.461591 (62ebf098771772160f391d75e589dc567915b233),platform=Windows NT 6.3.9600 x86_64)]]></message>
                    <stack-trace><![CDATA[   at System.RuntimeMethodHandle.InvokeMethod(Object target, Object[] arguments, Signature sig, Boolean constructor)
   at System.Reflection.RuntimeConstructorInfo.Invoke(BindingFlags invokeAttr, Binder binder, Object[] parameters, CultureInfo culture)
   at BoDi.ObjectContainer.CreateObject(Type type, ResolutionList resolutionPath, RegistrationKey keyToResolve)
   at BoDi.ObjectContainer.TypeRegistration.Resolve(ObjectContainer container, RegistrationKey keyToResolve, ResolutionList resolutionPath)
   at BoDi.ObjectContainer.ResolveObject(RegistrationKey keyToResolve, ResolutionList resolutionPath)
   at BoDi.ObjectContainer.Resolve(Type typeToResolve, ResolutionList resolutionPath, String name)
   at lambda_method(Closure , IContextManager , String )
   at TechTalk.SpecFlow.Bindings.BindingInvoker.InvokeBinding(IBinding binding, IContextManager contextManager, Object[] arguments, ITestTracer testTracer, TimeSpan& duration)
   at TechTalk.SpecFlow.Infrastructure.TestExecutionEngine.ExecuteStepMatch(BindingMatch match, Object[] arguments)
   at TechTalk.SpecFlow.Infrastructure.TestExecutionEngine.ExecuteStep(StepInstance stepInstance)
   at TechTalk.SpecFlow.Infrastructure.TestExecutionEngine.OnAfterLastStep()
   at Join.Form.Customer.Selenium.Features._11_JobStarterProductFeature.ScenarioCleanup()
   at Join.Form.Customer.Selenium.Features._11_JobStarterProductFeature.JOBSTARTER_CNFM_01_VerifyConfirmationScreen_BadCustomerCheckBlock()
--Exception
   at ASB.Test.Automation.Utils.Retry.Retry.Execute(Func`1 function, Int32 retryInterval, Int32 retryCount, String exceptionMessage)
   at Join.Form.Customer.Selenium.Pages.FeaturesPage.WaitForFeaturesPageLoad(By frameLocator)
   at Join.Form.Customer.Selenium.Pages.FeaturesPage..ctor(ContextObject _context)
   at Join.Form.Customer.Selenium.Pages.IntroductionPage..ctor(ContextObject context)
   at Join.Form.Customer.Selenium.StepDefinitions.ProductsPageSteps..ctor(ContextObject context)
--NoSuchElementException
   at OpenQA.Selenium.Remote.RemoteWebDriver.UnpackAndThrowOnError(Response errorResponse)
   at OpenQA.Selenium.Remote.RemoteWebDriver.Execute(String driverCommandToExecute, Dictionary`2 parameters)
   at OpenQA.Selenium.Remote.RemoteWebDriver.FindElement(String mechanism, String value)
   at Join.Form.Customer.Selenium.Pages.FeaturesPage.<WaitForFeaturesPageLoad>b__26_0()
   at ASB.Test.Automation.Utils.Retry.Retry.Execute(Func`1 function, Int32 retryInterval, Int32 retryCount, String exceptionMessage)]]></stack-trace>
                  </failure>
                  <output><![CDATA[Given I start my Job Starter application
Navigating to URL: https://webappisamdev.asbbank.co.nz/public/join/jobstarterasb?grcDisabled=true
-> done: CommonSteps.GivenIStartMyJobStarterApplication() (0.8s)
Given I select the following products: 'Job starter, ASB Visa Debit Job Starter'
11/9/2017 4:01:46 AMWaitForFeaturesPageLoad: Executing WaitForFrameAndSwitch
-> error: Exception has been thrown by the target of an invocation.
And I enter all required details and navigate to Summary page
  --- table step argument ---
  | Title | FirstName | MiddleName | LastName | DateOfBirth  | Email             | MobileNumber | PreferredIdType | Password | assPassword |
  | Mr    | Michael   | Sam        | Wayne    | 11 July 1999 | cob2016@asb.co.nz | 021-ass   | Other           | Kiwi77nz | MyCode01       |
-> skipped because of previous errors
When I confirm details on the Summary page
-> skipped because of previous errors
Then System Unavailable screen is displayed
-> skipped because of previous errors
And a message advising me of difficulties signing me up online and to contact ASB is displayed
-> skipped because of previous errors
And the Confirmation page for duplicate 'bad' customer with open products is displayed
-> skipped because of previous errors
And the 'Find a branch' button opens in a new window
-> skipped because of previous errors
]]></output>
                </test-case>
                <test-case id="0-1354" name="JOBSTARTER_CNFM_02_VerifyProofOfAddressCopy_BadCustomer" fullname="Join.Form.Customer.Selenium.Features._11_JobStarterProductFeature.JOBSTARTER_CNFM_02_VerifyProofOfAddressCopy_BadCustomer" methodname="JOBSTARTER_CNFM_02_VerifyProofOfAddressCopy_BadCustomer" classname="Join.Form.Customer.Selenium.Features._11_JobStarterProductFeature" runstate="Runnable" seed="1538527758" result="Failed" label="Error" start-time="2017-11-08 15:05:19Z" end-time="2017-11-08 15:09:01Z" duration="222.320026" asserts="0">
                  <properties>
                    <property name="Description" value="JOBSTARTER_CNFM_02 - Verify Proof of Address copy - Bad Customer" />
                    <property name="Category" value="COB" />
                    <property name="Category" value="confirmation" />
                    <property name="Category" value="regression" />
                    <property name="Category" value="integration" />
                    <property name="Category" value="072017" />
                    <property name="Category" value="jobstarter" />
                  </properties>
                  <failure>
                    <message><![CDATA[System.Reflection.TargetInvocationException : Exception has been thrown by the target of an invocation.
  ----> System.Exception : no such element: Unable to locate element: {"method":"css selector","selector":"iframe[title='Main content']"}
  (Session info: chrome=60.0.3112.78)
  (Driver info: chromedriver=2.29.461591 (62ebf098771772160f391d75e589dc567915b233),platform=Windows NT 6.3.9600 x86_64)
  ----> OpenQA.Selenium.NoSuchElementException : no such element: Unable to locate element: {"method":"css selector","selector":"iframe[title='Main content']"}
  (Session info: chrome=60.0.3112.78)
  (Driver info: chromedriver=2.29.461591 (62ebf098771772160f391d75e589dc567915b233),platform=Windows NT 6.3.9600 x86_64)]]></message>
                    <stack-trace><![CDATA[   at System.RuntimeMethodHandle.InvokeMethod(Object target, Object[] arguments, Signature sig, Boolean constructor)
   at System.Reflection.RuntimeConstructorInfo.Invoke(BindingFlags invokeAttr, Binder binder, Object[] parameters, CultureInfo culture)
   at BoDi.ObjectContainer.CreateObject(Type type, ResolutionList resolutionPath, RegistrationKey keyToResolve)
   at BoDi.ObjectContainer.TypeRegistration.Resolve(ObjectContainer container, RegistrationKey keyToResolve, ResolutionList resolutionPath)
   at BoDi.ObjectContainer.ResolveObject(RegistrationKey keyToResolve, ResolutionList resolutionPath)
   at BoDi.ObjectContainer.Resolve(Type typeToResolve, ResolutionList resolutionPath, String name)
   at lambda_method(Closure , IContextManager , String )
   at TechTalk.SpecFlow.Bindings.BindingInvoker.InvokeBinding(IBinding binding, IContextManager contextManager, Object[] arguments, ITestTracer testTracer, TimeSpan& duration)
   at TechTalk.SpecFlow.Infrastructure.TestExecutionEngine.ExecuteStepMatch(BindingMatch match, Object[] arguments)
   at TechTalk.SpecFlow.Infrastructure.TestExecutionEngine.ExecuteStep(StepInstance stepInstance)
   at TechTalk.SpecFlow.Infrastructure.TestExecutionEngine.OnAfterLastStep()
   at Join.Form.Customer.Selenium.Features._11_JobStarterProductFeature.ScenarioCleanup()
   at Join.Form.Customer.Selenium.Features._11_JobStarterProductFeature.JOBSTARTER_CNFM_02_VerifyProofOfAddressCopy_BadCustomer()
--Exception
   at ASB.Test.Automation.Utils.Retry.Retry.Execute(Func`1 function, Int32 retryInterval, Int32 retryCount, String exceptionMessage)
   at Join.Form.Customer.Selenium.Pages.FeaturesPage.WaitForFeaturesPageLoad(By frameLocator)
   at Join.Form.Customer.Selenium.Pages.FeaturesPage..ctor(ContextObject _context)
   at Join.Form.Customer.Selenium.Pages.IntroductionPage..ctor(ContextObject context)
   at Join.Form.Customer.Selenium.StepDefinitions.ProductsPageSteps..ctor(ContextObject context)
--NoSuchElementException
   at OpenQA.Selenium.Remote.RemoteWebDriver.UnpackAndThrowOnError(Response errorResponse)
   at OpenQA.Selenium.Remote.RemoteWebDriver.Execute(String driverCommandToExecute, Dictionary`2 parameters)
   at OpenQA.Selenium.Remote.RemoteWebDriver.FindElement(String mechanism, String value)
   at Join.Form.Customer.Selenium.Pages.FeaturesPage.<WaitForFeaturesPageLoad>b__26_0()
   at ASB.Test.Automation.Utils.Retry.Retry.Execute(Func`1 function, Int32 retryInterval, Int32 retryCount, String exceptionMessage)]]></stack-trace>
                  </failure>
                  <output><![CDATA[Given I start my Job Starter application
Navigating to URL: https://webappisamdev.asbbank.co.nz/public/join/jobstarterasb?grcDisabled=true
-> done: CommonSteps.GivenIStartMyJobStarterApplication() (0.7s)
Given I select the following products: 'Job starter, ASB Visa Debit Job Starter'
11/9/2017 4:05:31 AMWaitForFeaturesPageLoad: Executing WaitForFrameAndSwitch
-> error: Exception has been thrown by the target of an invocation.
And I enter all required details and navigate to Summary page
  --- table step argument ---
  | Title | FirstName | MiddleName | LastName | DateOfBirth  | Email             | MobileNumber | PreferredIdType | Password | assPassword |
  | Mr    | Michael   | Sam        | Wayne    | 11 July 1999 | cob2016@asb.co.nz | 021-ass   | Other           | Kiwi77nz | MyCode01       |
-> skipped because of previous errors
When I confirm details on the Summary page
-> skipped because of previous errors
Then the Confirmation page for duplicate 'bad' customer with open products is displayed
-> skipped because of previous errors
And the Proof of Address section is displayed for Job starter customer
-> skipped because of previous errors
]]></output>
                </test-case>
                <test-case id="0-1355" name="JOBSTARTER_CNFM_03_ExistingCustomerCheck_FNCOpenApplyRedirect" fullname="Join.Form.Customer.Selenium.Features._11_JobStarterProductFeature.JOBSTARTER_CNFM_03_ExistingCustomerCheck_FNCOpenApplyRedirect" methodname="JOBSTARTER_CNFM_03_ExistingCustomerCheck_FNCOpenApplyRedirect" classname="Join.Form.Customer.Selenium.Features._11_JobStarterProductFeature" runstate="Runnable" seed="1899142718" result="Failed" label="Error" start-time="2017-11-08 15:09:01Z" end-time="2017-11-08 15:12:47Z" duration="225.467522" asserts="0">
                  <properties>
                    <property name="Description" value="JOBSTARTER_CNFM_03 - Existing Customer check - FNC Open &amp; Apply Redirect" />
                    <property name="Category" value="COB" />
                    <property name="Category" value="confirmation" />
                    <property name="Category" value="regression" />
                    <property name="Category" value="integration" />
                    <property name="Category" value="072017" />
                    <property name="Category" value="jobstarter" />
                  </properties>
                  <failure>
                    <message><![CDATA[System.Reflection.TargetInvocationException : Exception has been thrown by the target of an invocation.
  ----> System.Exception : no such element: Unable to locate element: {"method":"css selector","selector":"iframe[title='Main content']"}
  (Session info: chrome=60.0.3112.78)
  (Driver info: chromedriver=2.29.461591 (62ebf098771772160f391d75e589dc567915b233),platform=Windows NT 6.3.9600 x86_64)
  ----> OpenQA.Selenium.NoSuchElementException : no such element: Unable to locate element: {"method":"css selector","selector":"iframe[title='Main content']"}
  (Session info: chrome=60.0.3112.78)
  (Driver info: chromedriver=2.29.461591 (62ebf098771772160f391d75e589dc567915b233),platform=Windows NT 6.3.9600 x86_64)]]></message>
                    <stack-trace><![CDATA[   at System.RuntimeMethodHandle.InvokeMethod(Object target, Object[] arguments, Signature sig, Boolean constructor)
   at System.Reflection.RuntimeConstructorInfo.Invoke(BindingFlags invokeAttr, Binder binder, Object[] parameters, CultureInfo culture)
   at BoDi.ObjectContainer.CreateObject(Type type, ResolutionList resolutionPath, RegistrationKey keyToResolve)
   at BoDi.ObjectContainer.TypeRegistration.Resolve(ObjectContainer container, RegistrationKey keyToResolve, ResolutionList resolutionPath)
   at BoDi.ObjectContainer.ResolveObject(RegistrationKey keyToResolve, ResolutionList resolutionPath)
   at BoDi.ObjectContainer.Resolve(Type typeToResolve, ResolutionList resolutionPath, String name)
   at lambda_method(Closure , IContextManager , String )
   at TechTalk.SpecFlow.Bindings.BindingInvoker.InvokeBinding(IBinding binding, IContextManager contextManager, Object[] arguments, ITestTracer testTracer, TimeSpan& duration)
   at TechTalk.SpecFlow.Infrastructure.TestExecutionEngine.ExecuteStepMatch(BindingMatch match, Object[] arguments)
   at TechTalk.SpecFlow.Infrastructure.TestExecutionEngine.ExecuteStep(StepInstance stepInstance)
   at TechTalk.SpecFlow.Infrastructure.TestExecutionEngine.OnAfterLastStep()
   at Join.Form.Customer.Selenium.Features._11_JobStarterProductFeature.ScenarioCleanup()
   at Join.Form.Customer.Selenium.Features._11_JobStarterProductFeature.JOBSTARTER_CNFM_03_ExistingCustomerCheck_FNCOpenApplyRedirect()
--Exception
   at ASB.Test.Automation.Utils.Retry.Retry.Execute(Func`1 function, Int32 retryInterval, Int32 retryCount, String exceptionMessage)
   at Join.Form.Customer.Selenium.Pages.FeaturesPage.WaitForFeaturesPageLoad(By frameLocator)
   at Join.Form.Customer.Selenium.Pages.FeaturesPage..ctor(ContextObject _context)
   at Join.Form.Customer.Selenium.Pages.IntroductionPage..ctor(ContextObject context)
   at Join.Form.Customer.Selenium.StepDefinitions.ProductsPageSteps..ctor(ContextObject context)
--NoSuchElementException
   at OpenQA.Selenium.Remote.RemoteWebDriver.UnpackAndThrowOnError(Response errorResponse)
   at OpenQA.Selenium.Remote.RemoteWebDriver.Execute(String driverCommandToExecute, Dictionary`2 parameters)
   at OpenQA.Selenium.Remote.RemoteWebDriver.FindElement(String mechanism, String value)
   at Join.Form.Customer.Selenium.Pages.FeaturesPage.<WaitForFeaturesPageLoad>b__26_0()
   at ASB.Test.Automation.Utils.Retry.Retry.Execute(Func`1 function, Int32 retryInterval, Int32 retryCount, String exceptionMessage)]]></stack-trace>
                  </failure>
                  <output><![CDATA[Given I start my Job Starter application
Navigating to URL: https://webappisamdev.asbbank.co.nz/public/join/jobstarterasb?grcDisabled=true
-> done: CommonSteps.GivenIStartMyJobStarterApplication() (0.9s)
Given I am an existing ASB customer
Navigating to URL: https://webappisamdev.asbbank.co.nz/public/join/jobstarterasb?grcDisabled=true&fncJunctionNumber=104
-> done: CommonSteps.GivenIAmAnExistingASBCustomer() (0.5s)
And I select the following products: 'Job starter, ASB Visa Debit Job Starter'
11/9/2017 4:09:14 AMWaitForFeaturesPageLoad: Executing WaitForFrameAndSwitch
-> error: Exception has been thrown by the target of an invocation.
And I enter all required details and navigate to Summary page
  --- table step argument ---
  | Title | FirstName | MiddleName | LastName | DateOfBirth  | Email             | MobileNumber | PreferredIdType | Password | assPassword |
  | Miss  | ass   | ass      | ass     | 11 July 1999 | cob2016@asb.co.nz | 021-ass   | Other           | Kiwi77nz | MyCode01       |
-> skipped because of previous errors
When I confirm details on the Summary page
-> skipped because of previous errors
Then the Confirmation page for duplicate 'good' customer with open products is displayed
-> skipped because of previous errors
And the FNC Login section is displayed
-> skipped because of previous errors
And the 'Having trouble logging in?' button opens in a new window
-> skipped because of previous errors
And the 'register for internet banking' link opens in a new window
-> skipped because of previous errors
And the 'Find a branch' button opens in a new window
-> skipped because of previous errors
And FNC Open & Apply page is displayed after login
-> skipped because of previous errors
]]></output>
                </test-case>
                <test-case id="0-1356" name="JOBSTARTER_CNFM_04_VerifyProofOfAddressCopy_ExistingCustomer" fullname="Join.Form.Customer.Selenium.Features._11_JobStarterProductFeature.JOBSTARTER_CNFM_04_VerifyProofOfAddressCopy_ExistingCustomer" methodname="JOBSTARTER_CNFM_04_VerifyProofOfAddressCopy_ExistingCustomer" classname="Join.Form.Customer.Selenium.Features._11_JobStarterProductFeature" runstate="Runnable" seed="1770658677" result="Failed" label="Error" start-time="2017-11-08 15:12:47Z" end-time="2017-11-08 15:16:30Z" duration="222.869132" asserts="0">
                  <properties>
                    <property name="Description" value="JOBSTARTER_CNFM_04 - Verify Proof of Address copy - Existing Customer" />
                    <property name="Category" value="COB" />
                    <property name="Category" value="confirmation" />
                    <property name="Category" value="regression" />
                    <property name="Category" value="integration" />
                    <property name="Category" value="072017" />
                    <property name="Category" value="jobstarter" />
                  </properties>
                  <failure>
                    <message><![CDATA[System.Reflection.TargetInvocationException : Exception has been thrown by the target of an invocation.
  ----> System.Exception : no such element: Unable to locate element: {"method":"css selector","selector":"iframe[title='Main content']"}
  (Session info: chrome=60.0.3112.78)
  (Driver info: chromedriver=2.29.461591 (62ebf098771772160f391d75e589dc567915b233),platform=Windows NT 6.3.9600 x86_64)
  ----> OpenQA.Selenium.NoSuchElementException : no such element: Unable to locate element: {"method":"css selector","selector":"iframe[title='Main content']"}
  (Session info: chrome=60.0.3112.78)
  (Driver info: chromedriver=2.29.461591 (62ebf098771772160f391d75e589dc567915b233),platform=Windows NT 6.3.9600 x86_64)]]></message>
                    <stack-trace><![CDATA[   at System.RuntimeMethodHandle.InvokeMethod(Object target, Object[] arguments, Signature sig, Boolean constructor)
   at System.Reflection.RuntimeConstructorInfo.Invoke(BindingFlags invokeAttr, Binder binder, Object[] parameters, CultureInfo culture)
   at BoDi.ObjectContainer.CreateObject(Type type, ResolutionList resolutionPath, RegistrationKey keyToResolve)
   at BoDi.ObjectContainer.TypeRegistration.Resolve(ObjectContainer container, RegistrationKey keyToResolve, ResolutionList resolutionPath)
   at BoDi.ObjectContainer.ResolveObject(RegistrationKey keyToResolve, ResolutionList resolutionPath)
   at BoDi.ObjectContainer.Resolve(Type typeToResolve, ResolutionList resolutionPath, String name)
   at lambda_method(Closure , IContextManager , String )
   at TechTalk.SpecFlow.Bindings.BindingInvoker.InvokeBinding(IBinding binding, IContextManager contextManager, Object[] arguments, ITestTracer testTracer, TimeSpan& duration)
   at TechTalk.SpecFlow.Infrastructure.TestExecutionEngine.ExecuteStepMatch(BindingMatch match, Object[] arguments)
   at TechTalk.SpecFlow.Infrastructure.TestExecutionEngine.ExecuteStep(StepInstance stepInstance)
   at TechTalk.SpecFlow.Infrastructure.TestExecutionEngine.OnAfterLastStep()
   at Join.Form.Customer.Selenium.Features._11_JobStarterProductFeature.ScenarioCleanup()
   at Join.Form.Customer.Selenium.Features._11_JobStarterProductFeature.JOBSTARTER_CNFM_04_VerifyProofOfAddressCopy_ExistingCustomer()
--Exception
   at ASB.Test.Automation.Utils.Retry.Retry.Execute(Func`1 function, Int32 retryInterval, Int32 retryCount, String exceptionMessage)
   at Join.Form.Customer.Selenium.Pages.FeaturesPage.WaitForFeaturesPageLoad(By frameLocator)
   at Join.Form.Customer.Selenium.Pages.FeaturesPage..ctor(ContextObject _context)
   at Join.Form.Customer.Selenium.Pages.IntroductionPage..ctor(ContextObject context)
   at Join.Form.Customer.Selenium.StepDefinitions.ProductsPageSteps..ctor(ContextObject context)
--NoSuchElementException
   at OpenQA.Selenium.Remote.RemoteWebDriver.UnpackAndThrowOnError(Response errorResponse)
   at OpenQA.Selenium.Remote.RemoteWebDriver.Execute(String driverCommandToExecute, Dictionary`2 parameters)
   at OpenQA.Selenium.Remote.RemoteWebDriver.FindElement(String mechanism, String value)
   at Join.Form.Customer.Selenium.Pages.FeaturesPage.<WaitForFeaturesPageLoad>b__26_0()
   at ASB.Test.Automation.Utils.Retry.Retry.Execute(Func`1 function, Int32 retryInterval, Int32 retryCount, String exceptionMessage)]]></stack-trace>
                  </failure>
                  <output><![CDATA[Given I start my Job Starter application
Navigating to URL: https://webappisamdev.asbbank.co.nz/public/join/jobstarterasb?grcDisabled=true
-> done: CommonSteps.GivenIStartMyJobStarterApplication() (0.8s)
Given I am an existing ASB customer
Navigating to URL: https://webappisamdev.asbbank.co.nz/public/join/jobstarterasb?grcDisabled=true&fncJunctionNumber=104
-> done: CommonSteps.GivenIAmAnExistingASBCustomer() (0.5s)
And I select the following products: 'Job starter, ASB Visa Debit Job Starter'
11/9/2017 4:12:59 AMWaitForFeaturesPageLoad: Executing WaitForFrameAndSwitch
-> error: Exception has been thrown by the target of an invocation.
And I enter all required details and navigate to Summary page
  --- table step argument ---
  | Title | FirstName | MiddleName | LastName | DateOfBirth  | Email             | MobileNumber | PreferredIdType | Password | assPassword |
  | Miss  | ass   | ass      | ass     | 11 July 1999 | cob2016@asb.co.nz | 021-ass   | Other           | Kiwi77nz | MyCode01       |
-> skipped because of previous errors
When I confirm details on the Summary page
-> skipped because of previous errors
Then the Confirmation page for duplicate 'good' customer with open products is displayed
-> skipped because of previous errors
And the Proof of Address section is displayed for Job starter customer
-> skipped because of previous errors
]]></output>
                </test-case>
              </test-suite>
              <test-suite type="TestFixture" id="0-1266" name="_12_GraduateProductFeature" fullname="Join.Form.Customer.Selenium.Features._12_GraduateProductFeature" classname="Join.Form.Customer.Selenium.Features._12_GraduateProductFeature" runstate="Runnable" testcasecount="37" result="Failed" site="Child" start-time="2017-11-08 15:16:30Z" end-time="2017-11-08 15:46:02Z" duration="1771.833734" total="8" passed="0" failed="8" warnings="0" inconclusive="0" skipped="0" asserts="0">
                <properties>
                  <property name="Description" value="12_GraduateProduct" />
                </properties>
                <failure>
                  <message><![CDATA[One or more child tests had errors]]></message>
                </failure>
                <test-suite type="ParameterizedMethod" id="0-1300" name="GRADUATE_ACTSUM_01_NZCitizen" fullname="Join.Form.Customer.Selenium.Features._12_GraduateProductFeature.GRADUATE_ACTSUM_01_NZCitizen" classname="Join.Form.Customer.Selenium.Features._12_GraduateProductFeature" runstate="Runnable" testcasecount="2" result="Failed" site="Child" start-time="2017-11-08 15:16:30Z" end-time="2017-11-08 15:23:59Z" duration="449.074687" total="2" passed="0" failed="2" warnings="0" inconclusive="0" skipped="0" asserts="0">
                  <properties>
                    <property name="Description" value="GRADUATE_ACTSUM_01 - NZ Citizen" />
                    <property name="Category" value="COB" />
                    <property name="Category" value="activatesummary" />
                    <property name="Category" value="082017" />
                    <property name="Category" value="graduate" />
                    <property name="Category" value="integration" />
                    <property name="Category" value="regression" />
                    <property name="Category" value="smoke" />
                  </properties>
                  <failure>
                    <message><![CDATA[One or more child tests had errors]]></message>
                  </failure>
                  <test-case id="0-1298" name="GRADUATE_ACTSUM_01_NZCitizen(&quot;Default Graduate Products&quot;,&quot;Graduate Cheque&quot;,System.String[])" fullname="Join.Form.Customer.Selenium.Features._12_GraduateProductFeature.GRADUATE_ACTSUM_01_NZCitizen(&quot;Default Graduate Products&quot;,&quot;Graduate Cheque&quot;,System.String[])" methodname="GRADUATE_ACTSUM_01_NZCitizen" classname="Join.Form.Customer.Selenium.Features._12_GraduateProductFeature" runstate="Runnable" seed="745176764" result="Failed" label="Error" start-time="2017-11-08 15:16:30Z" end-time="2017-11-08 15:20:14Z" duration="224.274430" asserts="0">
                    <properties />
                    <failure>
                      <message><![CDATA[System.Reflection.TargetInvocationException : Exception has been thrown by the target of an invocation.
  ----> System.Exception : no such element: Unable to locate element: {"method":"css selector","selector":"iframe[title='Main content']"}
  (Session info: chrome=60.0.3112.78)
  (Driver info: chromedriver=2.29.461591 (62ebf098771772160f391d75e589dc567915b233),platform=Windows NT 6.3.9600 x86_64)
  ----> OpenQA.Selenium.NoSuchElementException : no such element: Unable to locate element: {"method":"css selector","selector":"iframe[title='Main content']"}
  (Session info: chrome=60.0.3112.78)
  (Driver info: chromedriver=2.29.461591 (62ebf098771772160f391d75e589dc567915b233),platform=Windows NT 6.3.9600 x86_64)]]></message>
                      <stack-trace><![CDATA[   at System.RuntimeMethodHandle.InvokeMethod(Object target, Object[] arguments, Signature sig, Boolean constructor)
   at System.Reflection.RuntimeConstructorInfo.Invoke(BindingFlags invokeAttr, Binder binder, Object[] parameters, CultureInfo culture)
   at BoDi.ObjectContainer.CreateObject(Type type, ResolutionList resolutionPath, RegistrationKey keyToResolve)
   at BoDi.ObjectContainer.TypeRegistration.Resolve(ObjectContainer container, RegistrationKey keyToResolve, ResolutionList resolutionPath)
   at BoDi.ObjectContainer.ResolveObject(RegistrationKey keyToResolve, ResolutionList resolutionPath)
   at BoDi.ObjectContainer.Resolve(Type typeToResolve, ResolutionList resolutionPath, String name)
   at lambda_method(Closure , IContextManager , String )
   at TechTalk.SpecFlow.Bindings.BindingInvoker.InvokeBinding(IBinding binding, IContextManager contextManager, Object[] arguments, ITestTracer testTracer, TimeSpan& duration)
   at TechTalk.SpecFlow.Infrastructure.TestExecutionEngine.ExecuteStepMatch(BindingMatch match, Object[] arguments)
   at TechTalk.SpecFlow.Infrastructure.TestExecutionEngine.ExecuteStep(StepInstance stepInstance)
   at TechTalk.SpecFlow.Infrastructure.TestExecutionEngine.OnAfterLastStep()
   at Join.Form.Customer.Selenium.Features._12_GraduateProductFeature.ScenarioCleanup()
   at Join.Form.Customer.Selenium.Features._12_GraduateProductFeature.GRADUATE_ACTSUM_01_NZCitizen(String scenario, String products, String[] exampleTags)
--Exception
   at ASB.Test.Automation.Utils.Retry.Retry.Execute(Func`1 function, Int32 retryInterval, Int32 retryCount, String exceptionMessage)
   at Join.Form.Customer.Selenium.Pages.FeaturesPage.WaitForFeaturesPageLoad(By frameLocator)
   at Join.Form.Customer.Selenium.Pages.FeaturesPage..ctor(ContextObject _context)
   at Join.Form.Customer.Selenium.Pages.IntroductionPage..ctor(ContextObject context)
   at Join.Form.Customer.Selenium.StepDefinitions.ProductsPageSteps..ctor(ContextObject context)
--NoSuchElementException
   at OpenQA.Selenium.Remote.RemoteWebDriver.UnpackAndThrowOnError(Response errorResponse)
   at OpenQA.Selenium.Remote.RemoteWebDriver.Execute(String driverCommandToExecute, Dictionary`2 parameters)
   at OpenQA.Selenium.Remote.RemoteWebDriver.FindElement(String mechanism, String value)
   at Join.Form.Customer.Selenium.Pages.FeaturesPage.<WaitForFeaturesPageLoad>b__26_0()
   at ASB.Test.Automation.Utils.Retry.Retry.Execute(Func`1 function, Int32 retryInterval, Int32 retryCount, String exceptionMessage)]]></stack-trace>
                    </failure>
                    <output><![CDATA[Given I start my Graduate application
Navigating to URL: https://webappisamdev.asbbank.co.nz/public/join/graduateasb?grcDisabled=true
-> done: CommonSteps.GivenIStartMyGraduateApplication() (0.8s)
Given I select the following products: 'Graduate Cheque'
11/9/2017 4:16:41 AMWaitForFeaturesPageLoad: Executing WaitForFrameAndSwitch
-> error: Exception has been thrown by the target of an invocation.
And I enter all required details and navigate to Summary page
  --- table step argument ---
  | Title | FirstName    | MiddleName | LastName | DateOfBirth   | Email                   | MobileNumber   | PreferredIdType | Password | assPassword |
  | Miss  | AutomationNZ |            | ass   | 16 March 1978 | Jay.Pamilacan@asb.co.nz | 021-1234567890 | Other           | Kiwi77nz | MyCode01       |
-> skipped because of previous errors
When I confirm details on the Summary page
-> skipped because of previous errors
Then the 'Processing' screen of Join ASB page is displayed
-> skipped because of previous errors
And the Logging you in progress page is displayed
-> skipped because of previous errors
And the Activation page is displayed
-> skipped because of previous errors
And the account number and product name is displayed for the selected products
-> skipped because of previous errors
And the Profile Details section is displayed
-> skipped because of previous errors
And the Proof of Address section is displayed
-> skipped because of previous errors
And the Confirm Identity section is displayed
-> skipped because of previous errors
And the See a complete list of acceptable documents text is displayed conditionally
-> skipped because of previous errors
And the Find a branch button is displayed conditionally
-> skipped because of previous errors
]]></output>
                  </test-case>
                  <test-case id="0-1299" name="GRADUATE_ACTSUM_01_NZCitizen(&quot;All Graduate Products&quot;,&quot;Graduate Cheque, Graduate Overdraft, ASB Visa Rewards Graduate, ASB Visa Light Graduate, Savings On Call, FastSaver&quot;,System.String[])" fullname="Join.Form.Customer.Selenium.Features._12_GraduateProductFeature.GRADUATE_ACTSUM_01_NZCitizen(&quot;All Graduate Products&quot;,&quot;Graduate Cheque, Graduate Overdraft, ASB Visa Rewards Graduate, ASB Visa Light Graduate, Savings On Call, FastSaver&quot;,System.String[])" methodname="GRADUATE_ACTSUM_01_NZCitizen" classname="Join.Form.Customer.Selenium.Features._12_GraduateProductFeature" runstate="Runnable" seed="468921799" result="Failed" label="Error" start-time="2017-11-08 15:20:14Z" end-time="2017-11-08 15:23:59Z" duration="224.736583" asserts="0">
                    <properties />
                    <failure>
                      <message><![CDATA[System.Reflection.TargetInvocationException : Exception has been thrown by the target of an invocation.
  ----> System.Exception : no such element: Unable to locate element: {"method":"css selector","selector":"iframe[title='Main content']"}
  (Session info: chrome=60.0.3112.78)
  (Driver info: chromedriver=2.29.461591 (62ebf098771772160f391d75e589dc567915b233),platform=Windows NT 6.3.9600 x86_64)
  ----> OpenQA.Selenium.NoSuchElementException : no such element: Unable to locate element: {"method":"css selector","selector":"iframe[title='Main content']"}
  (Session info: chrome=60.0.3112.78)
  (Driver info: chromedriver=2.29.461591 (62ebf098771772160f391d75e589dc567915b233),platform=Windows NT 6.3.9600 x86_64)]]></message>
                      <stack-trace><![CDATA[   at System.RuntimeMethodHandle.InvokeMethod(Object target, Object[] arguments, Signature sig, Boolean constructor)
   at System.Reflection.RuntimeConstructorInfo.Invoke(BindingFlags invokeAttr, Binder binder, Object[] parameters, CultureInfo culture)
   at BoDi.ObjectContainer.CreateObject(Type type, ResolutionList resolutionPath, RegistrationKey keyToResolve)
   at BoDi.ObjectContainer.TypeRegistration.Resolve(ObjectContainer container, RegistrationKey keyToResolve, ResolutionList resolutionPath)
   at BoDi.ObjectContainer.ResolveObject(RegistrationKey keyToResolve, ResolutionList resolutionPath)
   at BoDi.ObjectContainer.Resolve(Type typeToResolve, ResolutionList resolutionPath, String name)
   at lambda_method(Closure , IContextManager , String )
   at TechTalk.SpecFlow.Bindings.BindingInvoker.InvokeBinding(IBinding binding, IContextManager contextManager, Object[] arguments, ITestTracer testTracer, TimeSpan& duration)
   at TechTalk.SpecFlow.Infrastructure.TestExecutionEngine.ExecuteStepMatch(BindingMatch match, Object[] arguments)
   at TechTalk.SpecFlow.Infrastructure.TestExecutionEngine.ExecuteStep(StepInstance stepInstance)
   at TechTalk.SpecFlow.Infrastructure.TestExecutionEngine.OnAfterLastStep()
   at Join.Form.Customer.Selenium.Features._12_GraduateProductFeature.ScenarioCleanup()
   at Join.Form.Customer.Selenium.Features._12_GraduateProductFeature.GRADUATE_ACTSUM_01_NZCitizen(String scenario, String products, String[] exampleTags)
--Exception
   at ASB.Test.Automation.Utils.Retry.Retry.Execute(Func`1 function, Int32 retryInterval, Int32 retryCount, String exceptionMessage)
   at Join.Form.Customer.Selenium.Pages.FeaturesPage.WaitForFeaturesPageLoad(By frameLocator)
   at Join.Form.Customer.Selenium.Pages.FeaturesPage..ctor(ContextObject _context)
   at Join.Form.Customer.Selenium.Pages.IntroductionPage..ctor(ContextObject context)
   at Join.Form.Customer.Selenium.StepDefinitions.ProductsPageSteps..ctor(ContextObject context)
--NoSuchElementException
   at OpenQA.Selenium.Remote.RemoteWebDriver.UnpackAndThrowOnError(Response errorResponse)
   at OpenQA.Selenium.Remote.RemoteWebDriver.Execute(String driverCommandToExecute, Dictionary`2 parameters)
   at OpenQA.Selenium.Remote.RemoteWebDriver.FindElement(String mechanism, String value)
   at Join.Form.Customer.Selenium.Pages.FeaturesPage.<WaitForFeaturesPageLoad>b__26_0()
   at ASB.Test.Automation.Utils.Retry.Retry.Execute(Func`1 function, Int32 retryInterval, Int32 retryCount, String exceptionMessage)]]></stack-trace>
                    </failure>
                    <output><![CDATA[Given I start my Graduate application
Navigating to URL: https://webappisamdev.asbbank.co.nz/public/join/graduateasb?grcDisabled=true
-> done: CommonSteps.GivenIStartMyGraduateApplication() (1.1s)
Given I select the following products: 'Graduate Cheque, Graduate Overdraft, ASB Visa Rewards Graduate, ASB Visa Light Graduate, Savings On Call, FastSaver'
11/9/2017 4:20:26 AMWaitForFeaturesPageLoad: Executing WaitForFrameAndSwitch
-> error: Exception has been thrown by the target of an invocation.
And I enter all required details and navigate to Summary page
  --- table step argument ---
  | Title | FirstName    | MiddleName | LastName | DateOfBirth   | Email                   | MobileNumber   | PreferredIdType | Password | assPassword |
  | Miss  | AutomationNZ |            | ass   | 16 March 1978 | Jay.Pamilacan@asb.co.nz | 021-1234567890 | Other           | Kiwi77nz | MyCode01       |
-> skipped because of previous errors
When I confirm details on the Summary page
-> skipped because of previous errors
Then the 'Processing' screen of Join ASB page is displayed
-> skipped because of previous errors
And the Logging you in progress page is displayed
-> skipped because of previous errors
And the Activation page is displayed
-> skipped because of previous errors
And the account number and product name is displayed for the selected products
-> skipped because of previous errors
And the Profile Details section is displayed
-> skipped because of previous errors
And the Proof of Address section is displayed
-> skipped because of previous errors
And the Confirm Identity section is displayed
-> skipped because of previous errors
And the See a complete list of acceptable documents text is displayed conditionally
-> skipped because of previous errors
And the Find a branch button is displayed conditionally
-> skipped because of previous errors
]]></output>
                  </test-case>
                </test-suite>
                <test-suite type="ParameterizedMethod" id="0-1303" name="GRADUATE_ACTSUM_02_Non_NZCitizen" fullname="Join.Form.Customer.Selenium.Features._12_GraduateProductFeature.GRADUATE_ACTSUM_02_Non_NZCitizen" classname="Join.Form.Customer.Selenium.Features._12_GraduateProductFeature" runstate="Runnable" testcasecount="2" result="Failed" site="Child" start-time="2017-11-08 15:23:59Z" end-time="2017-11-08 15:31:07Z" duration="427.684178" total="2" passed="0" failed="2" warnings="0" inconclusive="0" skipped="0" asserts="0">
                  <properties>
                    <property name="Description" value="GRADUATE_ACTSUM_02 - Non-NZ Citizen" />
                    <property name="Category" value="COB" />
                    <property name="Category" value="activatesummary" />
                    <property name="Category" value="082017" />
                    <property name="Category" value="graduate" />
                    <property name="Category" value="integration" />
                    <property name="Category" value="regression" />
                    <property name="Category" value="smoke" />
                  </properties>
                  <failure>
                    <message><![CDATA[One or more child tests had errors]]></message>
                  </failure>
                  <test-case id="0-1301" name="GRADUATE_ACTSUM_02_Non_NZCitizen(&quot;Default Graduate Products&quot;,&quot;Graduate Cheque&quot;,System.String[])" fullname="Join.Form.Customer.Selenium.Features._12_GraduateProductFeature.GRADUATE_ACTSUM_02_Non_NZCitizen(&quot;Default Graduate Products&quot;,&quot;Graduate Cheque&quot;,System.String[])" methodname="GRADUATE_ACTSUM_02_Non_NZCitizen" classname="Join.Form.Customer.Selenium.Features._12_GraduateProductFeature" runstate="Runnable" seed="732763622" result="Failed" label="Error" start-time="2017-11-08 15:23:59Z" end-time="2017-11-08 15:27:33Z" duration="214.526561" asserts="0">
                    <properties />
                    <failure>
                      <message><![CDATA[System.Reflection.TargetInvocationException : Exception has been thrown by the target of an invocation.
  ----> System.Exception : no such element: Unable to locate element: {"method":"css selector","selector":"iframe[title='Main content']"}
  (Session info: chrome=60.0.3112.78)
  (Driver info: chromedriver=2.29.461591 (62ebf098771772160f391d75e589dc567915b233),platform=Windows NT 6.3.9600 x86_64)
  ----> OpenQA.Selenium.NoSuchElementException : no such element: Unable to locate element: {"method":"css selector","selector":"iframe[title='Main content']"}
  (Session info: chrome=60.0.3112.78)
  (Driver info: chromedriver=2.29.461591 (62ebf098771772160f391d75e589dc567915b233),platform=Windows NT 6.3.9600 x86_64)]]></message>
                      <stack-trace><![CDATA[   at System.RuntimeMethodHandle.InvokeMethod(Object target, Object[] arguments, Signature sig, Boolean constructor)
   at System.Reflection.RuntimeConstructorInfo.Invoke(BindingFlags invokeAttr, Binder binder, Object[] parameters, CultureInfo culture)
   at BoDi.ObjectContainer.CreateObject(Type type, ResolutionList resolutionPath, RegistrationKey keyToResolve)
   at BoDi.ObjectContainer.TypeRegistration.Resolve(ObjectContainer container, RegistrationKey keyToResolve, ResolutionList resolutionPath)
   at BoDi.ObjectContainer.ResolveObject(RegistrationKey keyToResolve, ResolutionList resolutionPath)
   at BoDi.ObjectContainer.Resolve(Type typeToResolve, ResolutionList resolutionPath, String name)
   at lambda_method(Closure , IContextManager )
   at TechTalk.SpecFlow.Bindings.BindingInvoker.InvokeBinding(IBinding binding, IContextManager contextManager, Object[] arguments, ITestTracer testTracer, TimeSpan& duration)
   at TechTalk.SpecFlow.Infrastructure.TestExecutionEngine.ExecuteStepMatch(BindingMatch match, Object[] arguments)
   at TechTalk.SpecFlow.Infrastructure.TestExecutionEngine.ExecuteStep(StepInstance stepInstance)
   at TechTalk.SpecFlow.Infrastructure.TestExecutionEngine.OnAfterLastStep()
   at Join.Form.Customer.Selenium.Features._12_GraduateProductFeature.ScenarioCleanup()
   at Join.Form.Customer.Selenium.Features._12_GraduateProductFeature.GRADUATE_ACTSUM_02_Non_NZCitizen(String scenario, String products, String[] exampleTags)
--Exception
   at ASB.Test.Automation.Utils.Retry.Retry.Execute(Func`1 function, Int32 retryInterval, Int32 retryCount, String exceptionMessage)
   at Join.Form.Customer.Selenium.Pages.FeaturesPage.WaitForFeaturesPageLoad(By frameLocator)
   at Join.Form.Customer.Selenium.Pages.FeaturesPage..ctor(ContextObject _context)
   at Join.Form.Customer.Selenium.Pages.IntroductionPage..ctor(ContextObject context)
   at Join.Form.Customer.Selenium.StepDefinitions.IntroductionPageSteps..ctor(ContextObject context)
--NoSuchElementException
   at OpenQA.Selenium.Remote.RemoteWebDriver.UnpackAndThrowOnError(Response errorResponse)
   at OpenQA.Selenium.Remote.RemoteWebDriver.Execute(String driverCommandToExecute, Dictionary`2 parameters)
   at OpenQA.Selenium.Remote.RemoteWebDriver.FindElement(String mechanism, String value)
   at Join.Form.Customer.Selenium.Pages.FeaturesPage.<WaitForFeaturesPageLoad>b__26_0()
   at ASB.Test.Automation.Utils.Retry.Retry.Execute(Func`1 function, Int32 retryInterval, Int32 retryCount, String exceptionMessage)]]></stack-trace>
                    </failure>
                    <output><![CDATA[Given I start my Graduate application
Navigating to URL: https://webappisamdev.asbbank.co.nz/public/join/graduateasb?grcDisabled=true
-> done: CommonSteps.GivenIStartMyGraduateApplication() (0.8s)
Given I am in the Introduction page
11/9/2017 4:24:01 AMWaitForFeaturesPageLoad: Executing WaitForFrameAndSwitch
-> error: Exception has been thrown by the target of an invocation.
And I select 'Yes' in the Graduate question
-> skipped because of previous errors
And I select 'Yes' in the Living in NZ question
-> skipped because of previous errors
And I select 'No' in the NZ Citizen question
-> skipped because of previous errors
And I click on 'Get started' button
-> skipped because of previous errors
And I select the following products: 'Graduate Cheque'
-> skipped because of previous errors
And I enter all required details and navigate to Summary page
  --- table step argument ---
  | Title | FirstName  | MiddleName | LastName | DateOfBirth   | Email                   | MobileNumber   | PreferredIdType | Password | assPassword |
  | Miss  | Automation |            | ass   | 16 March 1978 | Jay.Pamilacan@asb.co.nz | 021-1234567890 | Other           | Kiwi77nz | MyCode01       |
-> skipped because of previous errors
When I confirm details on the Summary page
-> skipped because of previous errors
Then the 'Processing' screen of Join ASB page is displayed
-> skipped because of previous errors
And the Logging you in progress page is displayed
-> skipped because of previous errors
And the Activation page is displayed
-> skipped because of previous errors
And the account number and product name is displayed for the selected products
-> skipped because of previous errors
And the Profile Details section is displayed
-> skipped because of previous errors
And the Proof of Address section is displayed
-> skipped because of previous errors
And the Confirm Identity section is displayed
-> skipped because of previous errors
And the See a complete list of acceptable documents text is displayed conditionally
-> skipped because of previous errors
And the Find a branch button is displayed conditionally
-> skipped because of previous errors
]]></output>
                  </test-case>
                  <test-case id="0-1302" name="GRADUATE_ACTSUM_02_Non_NZCitizen(&quot;All Graduate Products&quot;,&quot;Graduate Cheque, ASB Visa Rewards Graduate, ASB Visa Light Graduate, Savings On Call, FastSaver&quot;,System.String[])" fullname="Join.Form.Customer.Selenium.Features._12_GraduateProductFeature.GRADUATE_ACTSUM_02_Non_NZCitizen(&quot;All Graduate Products&quot;,&quot;Graduate Cheque, ASB Visa Rewards Graduate, ASB Visa Light Graduate, Savings On Call, FastSaver&quot;,System.String[])" methodname="GRADUATE_ACTSUM_02_Non_NZCitizen" classname="Join.Form.Customer.Selenium.Features._12_GraduateProductFeature" runstate="Runnable" seed="980122899" result="Failed" label="Error" start-time="2017-11-08 15:27:33Z" end-time="2017-11-08 15:31:07Z" duration="213.107352" asserts="0">
                    <properties />
                    <failure>
                      <message><![CDATA[System.Reflection.TargetInvocationException : Exception has been thrown by the target of an invocation.
  ----> System.Exception : no such element: Unable to locate element: {"method":"css selector","selector":"iframe[title='Main content']"}
  (Session info: chrome=60.0.3112.78)
  (Driver info: chromedriver=2.29.461591 (62ebf098771772160f391d75e589dc567915b233),platform=Windows NT 6.3.9600 x86_64)
  ----> OpenQA.Selenium.NoSuchElementException : no such element: Unable to locate element: {"method":"css selector","selector":"iframe[title='Main content']"}
  (Session info: chrome=60.0.3112.78)
  (Driver info: chromedriver=2.29.461591 (62ebf098771772160f391d75e589dc567915b233),platform=Windows NT 6.3.9600 x86_64)]]></message>
                      <stack-trace><![CDATA[   at System.RuntimeMethodHandle.InvokeMethod(Object target, Object[] arguments, Signature sig, Boolean constructor)
   at System.Reflection.RuntimeConstructorInfo.Invoke(BindingFlags invokeAttr, Binder binder, Object[] parameters, CultureInfo culture)
   at BoDi.ObjectContainer.CreateObject(Type type, ResolutionList resolutionPath, RegistrationKey keyToResolve)
   at BoDi.ObjectContainer.TypeRegistration.Resolve(ObjectContainer container, RegistrationKey keyToResolve, ResolutionList resolutionPath)
   at BoDi.ObjectContainer.ResolveObject(RegistrationKey keyToResolve, ResolutionList resolutionPath)
   at BoDi.ObjectContainer.Resolve(Type typeToResolve, ResolutionList resolutionPath, String name)
   at lambda_method(Closure , IContextManager )
   at TechTalk.SpecFlow.Bindings.BindingInvoker.InvokeBinding(IBinding binding, IContextManager contextManager, Object[] arguments, ITestTracer testTracer, TimeSpan& duration)
   at TechTalk.SpecFlow.Infrastructure.TestExecutionEngine.ExecuteStepMatch(BindingMatch match, Object[] arguments)
   at TechTalk.SpecFlow.Infrastructure.TestExecutionEngine.ExecuteStep(StepInstance stepInstance)
   at TechTalk.SpecFlow.Infrastructure.TestExecutionEngine.OnAfterLastStep()
   at Join.Form.Customer.Selenium.Features._12_GraduateProductFeature.ScenarioCleanup()
   at Join.Form.Customer.Selenium.Features._12_GraduateProductFeature.GRADUATE_ACTSUM_02_Non_NZCitizen(String scenario, String products, String[] exampleTags)
--Exception
   at ASB.Test.Automation.Utils.Retry.Retry.Execute(Func`1 function, Int32 retryInterval, Int32 retryCount, String exceptionMessage)
   at Join.Form.Customer.Selenium.Pages.FeaturesPage.WaitForFeaturesPageLoad(By frameLocator)
   at Join.Form.Customer.Selenium.Pages.FeaturesPage..ctor(ContextObject _context)
   at Join.Form.Customer.Selenium.Pages.IntroductionPage..ctor(ContextObject context)
   at Join.Form.Customer.Selenium.StepDefinitions.IntroductionPageSteps..ctor(ContextObject context)
--NoSuchElementException
   at OpenQA.Selenium.Remote.RemoteWebDriver.UnpackAndThrowOnError(Response errorResponse)
   at OpenQA.Selenium.Remote.RemoteWebDriver.Execute(String driverCommandToExecute, Dictionary`2 parameters)
   at OpenQA.Selenium.Remote.RemoteWebDriver.FindElement(String mechanism, String value)
   at Join.Form.Customer.Selenium.Pages.FeaturesPage.<WaitForFeaturesPageLoad>b__26_0()
   at ASB.Test.Automation.Utils.Retry.Retry.Execute(Func`1 function, Int32 retryInterval, Int32 retryCount, String exceptionMessage)]]></stack-trace>
                    </failure>
                    <output><![CDATA[Given I start my Graduate application
Navigating to URL: https://webappisamdev.asbbank.co.nz/public/join/graduateasb?grcDisabled=true
-> done: CommonSteps.GivenIStartMyGraduateApplication() (0.8s)
Given I am in the Introduction page
11/9/2017 4:27:36 AMWaitForFeaturesPageLoad: Executing WaitForFrameAndSwitch
-> error: Exception has been thrown by the target of an invocation.
And I select 'Yes' in the Graduate question
-> skipped because of previous errors
And I select 'Yes' in the Living in NZ question
-> skipped because of previous errors
And I select 'No' in the NZ Citizen question
-> skipped because of previous errors
And I click on 'Get started' button
-> skipped because of previous errors
And I select the following products: 'Graduate Cheque, ASB Visa Rewards Graduate, ASB Visa Light Graduate, Savings On Call, FastSaver'
-> skipped because of previous errors
And I enter all required details and navigate to Summary page
  --- table step argument ---
  | Title | FirstName  | MiddleName | LastName | DateOfBirth   | Email                   | MobileNumber   | PreferredIdType | Password | assPassword |
  | Miss  | Automation |            | ass   | 16 March 1978 | Jay.Pamilacan@asb.co.nz | 021-1234567890 | Other           | Kiwi77nz | MyCode01       |
-> skipped because of previous errors
When I confirm details on the Summary page
-> skipped because of previous errors
Then the 'Processing' screen of Join ASB page is displayed
-> skipped because of previous errors
And the Logging you in progress page is displayed
-> skipped because of previous errors
And the Activation page is displayed
-> skipped because of previous errors
And the account number and product name is displayed for the selected products
-> skipped because of previous errors
And the Profile Details section is displayed
-> skipped because of previous errors
And the Proof of Address section is displayed
-> skipped because of previous errors
And the Confirm Identity section is displayed
-> skipped because of previous errors
And the See a complete list of acceptable documents text is displayed conditionally
-> skipped because of previous errors
And the Find a branch button is displayed conditionally
-> skipped because of previous errors
]]></output>
                  </test-case>
                </test-suite>
                <test-case id="0-1286" name="GRADUATE_CNFM_01_VerifyConfirmationScreen_BadCustomerCheckBlock" fullname="Join.Form.Customer.Selenium.Features._12_GraduateProductFeature.GRADUATE_CNFM_01_VerifyConfirmationScreen_BadCustomerCheckBlock" methodname="GRADUATE_CNFM_01_VerifyConfirmationScreen_BadCustomerCheckBlock" classname="Join.Form.Customer.Selenium.Features._12_GraduateProductFeature" runstate="Runnable" seed="1414828362" result="Failed" label="Error" start-time="2017-11-08 15:31:07Z" end-time="2017-11-08 15:34:49Z" duration="222.343995" asserts="0">
                  <properties>
                    <property name="Description" value="GRADUATE_CNFM_01 - Verify Confirmation screen - Bad Customer check (block)" />
                    <property name="Category" value="COB" />
                    <property name="Category" value="confirmation" />
                    <property name="Category" value="regression" />
                    <property name="Category" value="integration" />
                    <property name="Category" value="082017" />
                    <property name="Category" value="graduate" />
                  </properties>
                  <failure>
                    <message><![CDATA[System.Reflection.TargetInvocationException : Exception has been thrown by the target of an invocation.
  ----> System.Exception : no such element: Unable to locate element: {"method":"css selector","selector":"iframe[title='Main content']"}
  (Session info: chrome=60.0.3112.78)
  (Driver info: chromedriver=2.29.461591 (62ebf098771772160f391d75e589dc567915b233),platform=Windows NT 6.3.9600 x86_64)
  ----> OpenQA.Selenium.NoSuchElementException : no such element: Unable to locate element: {"method":"css selector","selector":"iframe[title='Main content']"}
  (Session info: chrome=60.0.3112.78)
  (Driver info: chromedriver=2.29.461591 (62ebf098771772160f391d75e589dc567915b233),platform=Windows NT 6.3.9600 x86_64)]]></message>
                    <stack-trace><![CDATA[   at System.RuntimeMethodHandle.InvokeMethod(Object target, Object[] arguments, Signature sig, Boolean constructor)
   at System.Reflection.RuntimeConstructorInfo.Invoke(BindingFlags invokeAttr, Binder binder, Object[] parameters, CultureInfo culture)
   at BoDi.ObjectContainer.CreateObject(Type type, ResolutionList resolutionPath, RegistrationKey keyToResolve)
   at BoDi.ObjectContainer.TypeRegistration.Resolve(ObjectContainer container, RegistrationKey keyToResolve, ResolutionList resolutionPath)
   at BoDi.ObjectContainer.ResolveObject(RegistrationKey keyToResolve, ResolutionList resolutionPath)
   at BoDi.ObjectContainer.Resolve(Type typeToResolve, ResolutionList resolutionPath, String name)
   at lambda_method(Closure , IContextManager , String )
   at TechTalk.SpecFlow.Bindings.BindingInvoker.InvokeBinding(IBinding binding, IContextManager contextManager, Object[] arguments, ITestTracer testTracer, TimeSpan& duration)
   at TechTalk.SpecFlow.Infrastructure.TestExecutionEngine.ExecuteStepMatch(BindingMatch match, Object[] arguments)
   at TechTalk.SpecFlow.Infrastructure.TestExecutionEngine.ExecuteStep(StepInstance stepInstance)
   at TechTalk.SpecFlow.Infrastructure.TestExecutionEngine.OnAfterLastStep()
   at Join.Form.Customer.Selenium.Features._12_GraduateProductFeature.ScenarioCleanup()
   at Join.Form.Customer.Selenium.Features._12_GraduateProductFeature.GRADUATE_CNFM_01_VerifyConfirmationScreen_BadCustomerCheckBlock()
--Exception
   at ASB.Test.Automation.Utils.Retry.Retry.Execute(Func`1 function, Int32 retryInterval, Int32 retryCount, String exceptionMessage)
   at Join.Form.Customer.Selenium.Pages.FeaturesPage.WaitForFeaturesPageLoad(By frameLocator)
   at Join.Form.Customer.Selenium.Pages.FeaturesPage..ctor(ContextObject _context)
   at Join.Form.Customer.Selenium.Pages.IntroductionPage..ctor(ContextObject context)
   at Join.Form.Customer.Selenium.StepDefinitions.ProductsPageSteps..ctor(ContextObject context)
--NoSuchElementException
   at OpenQA.Selenium.Remote.RemoteWebDriver.UnpackAndThrowOnError(Response errorResponse)
   at OpenQA.Selenium.Remote.RemoteWebDriver.Execute(String driverCommandToExecute, Dictionary`2 parameters)
   at OpenQA.Selenium.Remote.RemoteWebDriver.FindElement(String mechanism, String value)
   at Join.Form.Customer.Selenium.Pages.FeaturesPage.<WaitForFeaturesPageLoad>b__26_0()
   at ASB.Test.Automation.Utils.Retry.Retry.Execute(Func`1 function, Int32 retryInterval, Int32 retryCount, String exceptionMessage)]]></stack-trace>
                  </failure>
                  <output><![CDATA[Given I start my Graduate application
Navigating to URL: https://webappisamdev.asbbank.co.nz/public/join/graduateasb?grcDisabled=true
-> done: CommonSteps.GivenIStartMyGraduateApplication() (0.8s)
Given I select the following products: 'Graduate Cheque'
11/9/2017 4:31:18 AMWaitForFeaturesPageLoad: Executing WaitForFrameAndSwitch
-> error: Exception has been thrown by the target of an invocation.
And I enter all required details and navigate to Summary page
  --- table step argument ---
  | Title | FirstName | MiddleName | LastName | DateOfBirth | Email             | MobileNumber | PreferredIdType | Password | assPassword |
  | Mr    | Michael   | Sam        | Wayne    | 1 June 1983 | cob2016@asb.co.nz | 021-ass   | Other           | Kiwi77nz | MyCode01       |
-> skipped because of previous errors
When I confirm details on the Summary page
-> skipped because of previous errors
Then System Unavailable screen is displayed
-> skipped because of previous errors
And a message advising me of difficulties signing me up online and to contact ASB is displayed
-> skipped because of previous errors
And the Confirmation page for duplicate 'bad' customer with open products is displayed
-> skipped because of previous errors
And the 'Find a branch' button opens in a new window
-> skipped because of previous errors
]]></output>
                </test-case>
                <test-case id="0-1287" name="GRADUATE_CNFM_02_VerifyProofOfAddressCopy_BadCustomer" fullname="Join.Form.Customer.Selenium.Features._12_GraduateProductFeature.GRADUATE_CNFM_02_VerifyProofOfAddressCopy_BadCustomer" methodname="GRADUATE_CNFM_02_VerifyProofOfAddressCopy_BadCustomer" classname="Join.Form.Customer.Selenium.Features._12_GraduateProductFeature" runstate="Runnable" seed="747466656" result="Failed" label="Error" start-time="2017-11-08 15:34:49Z" end-time="2017-11-08 15:38:31Z" duration="222.327537" asserts="0">
                  <properties>
                    <property name="Description" value="GRADUATE_CNFM_02 - Verify Proof of Address copy - Bad Customer" />
                    <property name="Category" value="COB" />
                    <property name="Category" value="confirmation" />
                    <property name="Category" value="regression" />
                    <property name="Category" value="integration" />
                    <property name="Category" value="082017" />
                    <property name="Category" value="graduate" />
                  </properties>
                  <failure>
                    <message><![CDATA[System.Reflection.TargetInvocationException : Exception has been thrown by the target of an invocation.
  ----> System.Exception : no such element: Unable to locate element: {"method":"css selector","selector":"iframe[title='Main content']"}
  (Session info: chrome=60.0.3112.78)
  (Driver info: chromedriver=2.29.461591 (62ebf098771772160f391d75e589dc567915b233),platform=Windows NT 6.3.9600 x86_64)
  ----> OpenQA.Selenium.NoSuchElementException : no such element: Unable to locate element: {"method":"css selector","selector":"iframe[title='Main content']"}
  (Session info: chrome=60.0.3112.78)
  (Driver info: chromedriver=2.29.461591 (62ebf098771772160f391d75e589dc567915b233),platform=Windows NT 6.3.9600 x86_64)]]></message>
                    <stack-trace><![CDATA[   at System.RuntimeMethodHandle.InvokeMethod(Object target, Object[] arguments, Signature sig, Boolean constructor)
   at System.Reflection.RuntimeConstructorInfo.Invoke(BindingFlags invokeAttr, Binder binder, Object[] parameters, CultureInfo culture)
   at BoDi.ObjectContainer.CreateObject(Type type, ResolutionList resolutionPath, RegistrationKey keyToResolve)
   at BoDi.ObjectContainer.TypeRegistration.Resolve(ObjectContainer container, RegistrationKey keyToResolve, ResolutionList resolutionPath)
   at BoDi.ObjectContainer.ResolveObject(RegistrationKey keyToResolve, ResolutionList resolutionPath)
   at BoDi.ObjectContainer.Resolve(Type typeToResolve, ResolutionList resolutionPath, String name)
   at lambda_method(Closure , IContextManager , String )
   at TechTalk.SpecFlow.Bindings.BindingInvoker.InvokeBinding(IBinding binding, IContextManager contextManager, Object[] arguments, ITestTracer testTracer, TimeSpan& duration)
   at TechTalk.SpecFlow.Infrastructure.TestExecutionEngine.ExecuteStepMatch(BindingMatch match, Object[] arguments)
   at TechTalk.SpecFlow.Infrastructure.TestExecutionEngine.ExecuteStep(StepInstance stepInstance)
   at TechTalk.SpecFlow.Infrastructure.TestExecutionEngine.OnAfterLastStep()
   at Join.Form.Customer.Selenium.Features._12_GraduateProductFeature.ScenarioCleanup()
   at Join.Form.Customer.Selenium.Features._12_GraduateProductFeature.GRADUATE_CNFM_02_VerifyProofOfAddressCopy_BadCustomer()
--Exception
   at ASB.Test.Automation.Utils.Retry.Retry.Execute(Func`1 function, Int32 retryInterval, Int32 retryCount, String exceptionMessage)
   at Join.Form.Customer.Selenium.Pages.FeaturesPage.WaitForFeaturesPageLoad(By frameLocator)
   at Join.Form.Customer.Selenium.Pages.FeaturesPage..ctor(ContextObject _context)
   at Join.Form.Customer.Selenium.Pages.IntroductionPage..ctor(ContextObject context)
   at Join.Form.Customer.Selenium.StepDefinitions.ProductsPageSteps..ctor(ContextObject context)
--NoSuchElementException
   at OpenQA.Selenium.Remote.RemoteWebDriver.UnpackAndThrowOnError(Response errorResponse)
   at OpenQA.Selenium.Remote.RemoteWebDriver.Execute(String driverCommandToExecute, Dictionary`2 parameters)
   at OpenQA.Selenium.Remote.RemoteWebDriver.FindElement(String mechanism, String value)
   at Join.Form.Customer.Selenium.Pages.FeaturesPage.<WaitForFeaturesPageLoad>b__26_0()
   at ASB.Test.Automation.Utils.Retry.Retry.Execute(Func`1 function, Int32 retryInterval, Int32 retryCount, String exceptionMessage)]]></stack-trace>
                  </failure>
                  <output><![CDATA[Given I start my Graduate application
Navigating to URL: https://webappisamdev.asbbank.co.nz/public/join/graduateasb?grcDisabled=true
-> done: CommonSteps.GivenIStartMyGraduateApplication() (0.8s)
Given I select the following products: 'Graduate Cheque'
11/9/2017 4:35:01 AMWaitForFeaturesPageLoad: Executing WaitForFrameAndSwitch
-> error: Exception has been thrown by the target of an invocation.
And I enter all required details and navigate to Summary page
  --- table step argument ---
  | Title | FirstName | MiddleName | LastName | DateOfBirth | Email             | MobileNumber | PreferredIdType | Password | assPassword |
  | Mr    | Michael   | Sam        | Wayne    | 1 June 1983 | cob2016@asb.co.nz | 021-ass   | Other           | Kiwi77nz | MyCode01       |
-> skipped because of previous errors
When I confirm details on the Summary page
-> skipped because of previous errors
Then the Confirmation page for duplicate 'bad' customer with open products is displayed
-> skipped because of previous errors
And the Proof of Address section is displayed for Graduate customer
-> skipped because of previous errors
]]></output>
                </test-case>
                <test-case id="0-1288" name="GRADUATE_CNFM_03_ExistingCustomerCheck_FNCOpenApplyRedirect" fullname="Join.Form.Customer.Selenium.Features._12_GraduateProductFeature.GRADUATE_CNFM_03_ExistingCustomerCheck_FNCOpenApplyRedirect" methodname="GRADUATE_CNFM_03_ExistingCustomerCheck_FNCOpenApplyRedirect" classname="Join.Form.Customer.Selenium.Features._12_GraduateProductFeature" runstate="Runnable" seed="863496774" result="Failed" label="Error" start-time="2017-11-08 15:38:31Z" end-time="2017-11-08 15:42:17Z" duration="225.292097" asserts="0">
                  <properties>
                    <property name="Description" value="GRADUATE_CNFM_03 - Existing Customer check - FNC Open &amp; Apply Redirect" />
                    <property name="Category" value="COB" />
                    <property name="Category" value="confirmation" />
                    <property name="Category" value="regression" />
                    <property name="Category" value="integration" />
                    <property name="Category" value="082017" />
                    <property name="Category" value="graduate" />
                  </properties>
                  <failure>
                    <message><![CDATA[System.Reflection.TargetInvocationException : Exception has been thrown by the target of an invocation.
  ----> System.Exception : no such element: Unable to locate element: {"method":"css selector","selector":"iframe[title='Main content']"}
  (Session info: chrome=60.0.3112.78)
  (Driver info: chromedriver=2.29.461591 (62ebf098771772160f391d75e589dc567915b233),platform=Windows NT 6.3.9600 x86_64)
  ----> OpenQA.Selenium.NoSuchElementException : no such element: Unable to locate element: {"method":"css selector","selector":"iframe[title='Main content']"}
  (Session info: chrome=60.0.3112.78)
  (Driver info: chromedriver=2.29.461591 (62ebf098771772160f391d75e589dc567915b233),platform=Windows NT 6.3.9600 x86_64)]]></message>
                    <stack-trace><![CDATA[   at System.RuntimeMethodHandle.InvokeMethod(Object target, Object[] arguments, Signature sig, Boolean constructor)
   at System.Reflection.RuntimeConstructorInfo.Invoke(BindingFlags invokeAttr, Binder binder, Object[] parameters, CultureInfo culture)
   at BoDi.ObjectContainer.CreateObject(Type type, ResolutionList resolutionPath, RegistrationKey keyToResolve)
   at BoDi.ObjectContainer.TypeRegistration.Resolve(ObjectContainer container, RegistrationKey keyToResolve, ResolutionList resolutionPath)
   at BoDi.ObjectContainer.ResolveObject(RegistrationKey keyToResolve, ResolutionList resolutionPath)
   at BoDi.ObjectContainer.Resolve(Type typeToResolve, ResolutionList resolutionPath, String name)
   at lambda_method(Closure , IContextManager , String )
   at TechTalk.SpecFlow.Bindings.BindingInvoker.InvokeBinding(IBinding binding, IContextManager contextManager, Object[] arguments, ITestTracer testTracer, TimeSpan& duration)
   at TechTalk.SpecFlow.Infrastructure.TestExecutionEngine.ExecuteStepMatch(BindingMatch match, Object[] arguments)
   at TechTalk.SpecFlow.Infrastructure.TestExecutionEngine.ExecuteStep(StepInstance stepInstance)
   at TechTalk.SpecFlow.Infrastructure.TestExecutionEngine.OnAfterLastStep()
   at Join.Form.Customer.Selenium.Features._12_GraduateProductFeature.ScenarioCleanup()
   at Join.Form.Customer.Selenium.Features._12_GraduateProductFeature.GRADUATE_CNFM_03_ExistingCustomerCheck_FNCOpenApplyRedirect()
--Exception
   at ASB.Test.Automation.Utils.Retry.Retry.Execute(Func`1 function, Int32 retryInterval, Int32 retryCount, String exceptionMessage)
   at Join.Form.Customer.Selenium.Pages.FeaturesPage.WaitForFeaturesPageLoad(By frameLocator)
   at Join.Form.Customer.Selenium.Pages.FeaturesPage..ctor(ContextObject _context)
   at Join.Form.Customer.Selenium.Pages.IntroductionPage..ctor(ContextObject context)
   at Join.Form.Customer.Selenium.StepDefinitions.ProductsPageSteps..ctor(ContextObject context)
--NoSuchElementException
   at OpenQA.Selenium.Remote.RemoteWebDriver.UnpackAndThrowOnError(Response errorResponse)
   at OpenQA.Selenium.Remote.RemoteWebDriver.Execute(String driverCommandToExecute, Dictionary`2 parameters)
   at OpenQA.Selenium.Remote.RemoteWebDriver.FindElement(String mechanism, String value)
   at Join.Form.Customer.Selenium.Pages.FeaturesPage.<WaitForFeaturesPageLoad>b__26_0()
   at ASB.Test.Automation.Utils.Retry.Retry.Execute(Func`1 function, Int32 retryInterval, Int32 retryCount, String exceptionMessage)]]></stack-trace>
                  </failure>
                  <output><![CDATA[Given I start my Graduate application
Navigating to URL: https://webappisamdev.asbbank.co.nz/public/join/graduateasb?grcDisabled=true
-> done: CommonSteps.GivenIStartMyGraduateApplication() (0.9s)
Given I am an existing ASB customer
Navigating to URL: https://webappisamdev.asbbank.co.nz/public/join/graduateasb?grcDisabled=true&fncJunctionNumber=104
-> done: CommonSteps.GivenIAmAnExistingASBCustomer() (0.5s)
And I select the following products: 'Graduate Cheque'
11/9/2017 4:38:44 AMWaitForFeaturesPageLoad: Executing WaitForFrameAndSwitch
-> error: Exception has been thrown by the target of an invocation.
And I enter all required details and navigate to Summary page
  --- table step argument ---
  | Title | FirstName | MiddleName | LastName | DateOfBirth    | Email             | MobileNumber | PreferredIdType | Password | assPassword |
  | Miss  | ass   | ass      | ass     | 1 January 1980 | cob2016@asb.co.nz | 021-ass   | Other           | Kiwi77nz | MyCode01       |
-> skipped because of previous errors
When I confirm details on the Summary page
-> skipped because of previous errors
Then the Confirmation page for duplicate 'good' customer with open products is displayed
-> skipped because of previous errors
And the FNC Login section is displayed
-> skipped because of previous errors
And the 'Having trouble logging in?' button opens in a new window
-> skipped because of previous errors
And the 'register for internet banking' link opens in a new window
-> skipped because of previous errors
And the 'Find a branch' button opens in a new window
-> skipped because of previous errors
And FNC Open & Apply page is displayed after login
-> skipped because of previous errors
]]></output>
                </test-case>
                <test-case id="0-1289" name="GRADUATE_CNFM_04_VerifyProofOfAddressCopy_ExistingCustomer" fullname="Join.Form.Customer.Selenium.Features._12_GraduateProductFeature.GRADUATE_CNFM_04_VerifyProofOfAddressCopy_ExistingCustomer" methodname="GRADUATE_CNFM_04_VerifyProofOfAddressCopy_ExistingCustomer" classname="Join.Form.Customer.Selenium.Features._12_GraduateProductFeature" runstate="Runnable" seed="2076483163" result="Failed" label="Error" start-time="2017-11-08 15:42:17Z" end-time="2017-11-08 15:46:02Z" duration="224.942837" asserts="0">
                  <properties>
                    <property name="Description" value="GRADUATE_CNFM_04 - Verify Proof of Address copy - Existing Customer" />
                    <property name="Category" value="COB" />
                    <property name="Category" value="confirmation" />
                    <property name="Category" value="regression" />
                    <property name="Category" value="integration" />
                    <property name="Category" value="082017" />
                    <property name="Category" value="graduate" />
                  </properties>
                  <failure>
                    <message><![CDATA[System.Reflection.TargetInvocationException : Exception has been thrown by the target of an invocation.
  ----> System.Exception : no such element: Unable to locate element: {"method":"css selector","selector":"iframe[title='Main content']"}
  (Session info: chrome=60.0.3112.78)
  (Driver info: chromedriver=2.29.461591 (62ebf098771772160f391d75e589dc567915b233),platform=Windows NT 6.3.9600 x86_64)
  ----> OpenQA.Selenium.NoSuchElementException : no such element: Unable to locate element: {"method":"css selector","selector":"iframe[title='Main content']"}
  (Session info: chrome=60.0.3112.78)
  (Driver info: chromedriver=2.29.461591 (62ebf098771772160f391d75e589dc567915b233),platform=Windows NT 6.3.9600 x86_64)]]></message>
                    <stack-trace><![CDATA[   at System.RuntimeMethodHandle.InvokeMethod(Object target, Object[] arguments, Signature sig, Boolean constructor)
   at System.Reflection.RuntimeConstructorInfo.Invoke(BindingFlags invokeAttr, Binder binder, Object[] parameters, CultureInfo culture)
   at BoDi.ObjectContainer.CreateObject(Type type, ResolutionList resolutionPath, RegistrationKey keyToResolve)
   at BoDi.ObjectContainer.TypeRegistration.Resolve(ObjectContainer container, RegistrationKey keyToResolve, ResolutionList resolutionPath)
   at BoDi.ObjectContainer.ResolveObject(RegistrationKey keyToResolve, ResolutionList resolutionPath)
   at BoDi.ObjectContainer.Resolve(Type typeToResolve, ResolutionList resolutionPath, String name)
   at lambda_method(Closure , IContextManager , String )
   at TechTalk.SpecFlow.Bindings.BindingInvoker.InvokeBinding(IBinding binding, IContextManager contextManager, Object[] arguments, ITestTracer testTracer, TimeSpan& duration)
   at TechTalk.SpecFlow.Infrastructure.TestExecutionEngine.ExecuteStepMatch(BindingMatch match, Object[] arguments)
   at TechTalk.SpecFlow.Infrastructure.TestExecutionEngine.ExecuteStep(StepInstance stepInstance)
   at TechTalk.SpecFlow.Infrastructure.TestExecutionEngine.OnAfterLastStep()
   at Join.Form.Customer.Selenium.Features._12_GraduateProductFeature.ScenarioCleanup()
   at Join.Form.Customer.Selenium.Features._12_GraduateProductFeature.GRADUATE_CNFM_04_VerifyProofOfAddressCopy_ExistingCustomer()
--Exception
   at ASB.Test.Automation.Utils.Retry.Retry.Execute(Func`1 function, Int32 retryInterval, Int32 retryCount, String exceptionMessage)
   at Join.Form.Customer.Selenium.Pages.FeaturesPage.WaitForFeaturesPageLoad(By frameLocator)
   at Join.Form.Customer.Selenium.Pages.FeaturesPage..ctor(ContextObject _context)
   at Join.Form.Customer.Selenium.Pages.IntroductionPage..ctor(ContextObject context)
   at Join.Form.Customer.Selenium.StepDefinitions.ProductsPageSteps..ctor(ContextObject context)
--NoSuchElementException
   at OpenQA.Selenium.Remote.RemoteWebDriver.UnpackAndThrowOnError(Response errorResponse)
   at OpenQA.Selenium.Remote.RemoteWebDriver.Execute(String driverCommandToExecute, Dictionary`2 parameters)
   at OpenQA.Selenium.Remote.RemoteWebDriver.FindElement(String mechanism, String value)
   at Join.Form.Customer.Selenium.Pages.FeaturesPage.<WaitForFeaturesPageLoad>b__26_0()
   at ASB.Test.Automation.Utils.Retry.Retry.Execute(Func`1 function, Int32 retryInterval, Int32 retryCount, String exceptionMessage)]]></stack-trace>
                  </failure>
                  <output><![CDATA[Given I start my Graduate application
Navigating to URL: https://webappisamdev.asbbank.co.nz/public/join/graduateasb?grcDisabled=true
-> done: CommonSteps.GivenIStartMyGraduateApplication() (0.8s)
Given I am an existing ASB customer
Navigating to URL: https://webappisamdev.asbbank.co.nz/public/join/graduateasb?grcDisabled=true&fncJunctionNumber=104
-> done: CommonSteps.GivenIAmAnExistingASBCustomer() (0.5s)
And I select the following products: 'Graduate Cheque'
11/9/2017 4:42:29 AMWaitForFeaturesPageLoad: Executing WaitForFrameAndSwitch
-> error: Exception has been thrown by the target of an invocation.
And I enter all required details and navigate to Summary page
  --- table step argument ---
  | Title | FirstName | MiddleName | LastName | DateOfBirth    | Email             | MobileNumber | PreferredIdType | Password | assPassword |
  | Miss  | ass   | ass      | ass     | 1 January 1980 | cob2016@asb.co.nz | 021-ass   | Other           | Kiwi77nz | MyCode01       |
-> skipped because of previous errors
When I confirm details on the Summary page
-> skipped because of previous errors
Then the Confirmation page for duplicate 'good' customer with open products is displayed
-> skipped because of previous errors
And the Proof of Address section is displayed for Graduate customer
-> skipped because of previous errors
]]></output>
                </test-case>
              </test-suite>
              <test-suite type="TestFixture" id="0-1000" name="_99_ActivateProfileDetailsFeature" fullname="Join.Form.Customer.Selenium.Features._99_ActivateProfileDetailsFeature" classname="Join.Form.Customer.Selenium.Features._99_ActivateProfileDetailsFeature" runstate="Runnable" testcasecount="39" result="Skipped" label="Ignored" start-time="2017-11-08 15:46:02Z" end-time="2017-11-08 15:46:02Z" duration="0.765964" total="37" passed="0" failed="0" warnings="0" inconclusive="0" skipped="37" asserts="0">
                <properties>
                  <property name="Description" value="99_ActivateProfileDetails" />
                  <property name="Category" value="ignore(&quot;obsoleteDueToCRSChanges&quot;)" />
                </properties>
                <reason>
                  <message><![CDATA[One or more child tests were ignored]]></message>
                </reason>
                <test-suite type="ParameterizedMethod" id="0-1011" name="ACTPROF_01_VerifyCOBDataInActivate" fullname="Join.Form.Customer.Selenium.Features._99_ActivateProfileDetailsFeature.ACTPROF_01_VerifyCOBDataInActivate" classname="Join.Form.Customer.Selenium.Features._99_ActivateProfileDetailsFeature" runstate="Ignored" testcasecount="10" result="Skipped" label="Ignored" site="SetUp" start-time="2017-11-08 15:46:02Z" end-time="2017-11-08 15:46:02Z" duration="0.156306" total="10" passed="0" failed="0" warnings="0" inconclusive="0" skipped="10" asserts="0">
                  <properties>
                    <property name="Description" value="ACTPROF_01 - Verify COB data in Activate" />
                    <property name="_SKIPREASON" value="Ignored scenario" />
                    <property name="Category" value="activateprofile" />
                    <property name="Category" value="COB" />
                    <property name="Category" value="integration" />
                    <property name="Category" value="072016" />
                    <property name="Category" value="eidv" />
                    <property name="Category" value="obsolete" />
                  </properties>
                  <reason>
                    <message><![CDATA[Ignored scenario]]></message>
                  </reason>
                  <test-case id="0-1001" name="ACTPROF_01_VerifyCOBDataInActivate(&quot;NZTaxResident and profile incomplete&quot;,&quot;Streamline intro&quot;,&quot;Yes&quot;,&quot;Skip&quot;,&quot;Skip&quot;,&quot;Skip&quot;,&quot;Skip&quot;,&quot;Yes&quot;,&quot;33%&quot;,&quot;111-111-111&quot;,&quot;New Zealand&quot;,&quot;Skip&quot;,&quot;FALSE&quot;,System.String[])" fullname="Join.Form.Customer.Selenium.Features._99_ActivateProfileDetailsFeature.ACTPROF_01_VerifyCOBDataInActivate(&quot;NZTaxResident and profile incomplete&quot;,&quot;Streamline intro&quot;,&quot;Yes&quot;,&quot;Skip&quot;,&quot;Skip&quot;,&quot;Skip&quot;,&quot;Skip&quot;,&quot;Yes&quot;,&quot;33%&quot;,&quot;111-111-111&quot;,&quot;New Zealand&quot;,&quot;Skip&quot;,&quot;FALSE&quot;,System.String[])" methodname="ACTPROF_01_VerifyCOBDataInActivate" classname="Join.Form.Customer.Selenium.Features._99_ActivateProfileDetailsFeature" runstate="Runnable" seed="577587330" result="Skipped" label="Ignored" site="Parent" start-time="0001-01-01 00:00:00Z" end-time="0001-01-01 00:00:00Z" duration="0.000000" asserts="0">
                    <properties />
                    <reason>
                      <message><![CDATA[OneTimeSetUp: Ignored scenario]]></message>
                    </reason>
                  </test-case>
                  <test-case id="0-1002" name="ACTPROF_01_VerifyCOBDataInActivate(&quot;NZTaxResident - Exempt and profile complete on submit&quot;,&quot;Streamline intro,ASB Visa Debit&quot;,&quot;Yes&quot;,&quot;Exempt from withholding tax&quot;,&quot;Skip&quot;,&quot;Skip&quot;,&quot;Skip&quot;,&quot;Yes&quot;,&quot;Exempt from withholding tax&quot;,&quot;Skip&quot;,&quot;New Zealand&quot;,&quot;Australia - X123GH78, India - 9856GFT8, Argentina - X123GH78, Svalbard and Jan Mayen Islands - GT7646HG&quot;,&quot;TRUE&quot;,System.String[])" fullname="Join.Form.Customer.Selenium.Features._99_ActivateProfileDetailsFeature.ACTPROF_01_VerifyCOBDataInActivate(&quot;NZTaxResident - Exempt and profile complete on submit&quot;,&quot;Streamline intro,ASB Visa Debit&quot;,&quot;Yes&quot;,&quot;Exempt from withholding tax&quot;,&quot;Skip&quot;,&quot;Skip&quot;,&quot;Skip&quot;,&quot;Yes&quot;,&quot;Exempt from withholding tax&quot;,&quot;Skip&quot;,&quot;New Zealand&quot;,&quot;Australia - X123GH78, India - 9856GFT8, Argentina - X123GH78, Svalbard and Jan Mayen Islands - GT7646HG&quot;,&quot;TRUE&quot;,System.String[])" methodname="ACTPROF_01_VerifyCOBDataInActivate" classname="Join.Form.Customer.Selenium.Features._99_ActivateProfileDetailsFeature" runstate="Runnable" seed="359972371" result="Skipped" label="Ignored" site="Parent" start-time="0001-01-01 00:00:00Z" end-time="0001-01-01 00:00:00Z" duration="0.000000" asserts="0">
                    <properties />
                    <reason>
                      <message><![CDATA[OneTimeSetUp: Ignored scenario]]></message>
                    </reason>
                  </test-case>
                  <test-case id="0-1003" name="ACTPROF_01_VerifyCOBDataInActivate(&quot;NZTaxResident, Citizenship and profile incomplete&quot;,&quot;Streamline intro&quot;,&quot;Yes&quot;,&quot;Skip&quot;,&quot;Skip&quot;,&quot;New Zealand, Australia, India, Svalbard and Jan Mayen Islands&quot;,&quot;Skip&quot;,&quot;Yes&quot;,&quot;17.5%&quot;,&quot;49-091-850&quot;,&quot;Skip&quot;,&quot;New Zealand&quot;,&quot;FALSE&quot;,System.String[])" fullname="Join.Form.Customer.Selenium.Features._99_ActivateProfileDetailsFeature.ACTPROF_01_VerifyCOBDataInActivate(&quot;NZTaxResident, Citizenship and profile incomplete&quot;,&quot;Streamline intro&quot;,&quot;Yes&quot;,&quot;Skip&quot;,&quot;Skip&quot;,&quot;New Zealand, Australia, India, Svalbard and Jan Mayen Islands&quot;,&quot;Skip&quot;,&quot;Yes&quot;,&quot;17.5%&quot;,&quot;49-091-850&quot;,&quot;Skip&quot;,&quot;New Zealand&quot;,&quot;FALSE&quot;,System.String[])" methodname="ACTPROF_01_VerifyCOBDataInActivate" classname="Join.Form.Customer.Selenium.Features._99_ActivateProfileDetailsFeature" runstate="Runnable" seed="841831919" result="Skipped" label="Ignored" site="Parent" start-time="0001-01-01 00:00:00Z" end-time="0001-01-01 00:00:00Z" duration="0.000000" asserts="0">
                    <properties />
                    <reason>
                      <message><![CDATA[OneTimeSetUp: Ignored scenario]]></message>
                    </reason>
                  </test-case>
                  <test-case id="0-1004" name="ACTPROF_01_VerifyCOBDataInActivate(&quot;Not NZTaxResident  and profile incomplete&quot;,&quot;Streamline intro&quot;,&quot;No&quot;,&quot;Skip&quot;,&quot;Skip&quot;,&quot;Skip&quot;,&quot;Australia - X123GH78&quot;,&quot;Yes&quot;,&quot;33%&quot;,&quot;111-111-111&quot;,&quot;Skip&quot;,&quot;Australia - X123GH78, India - 9856GFT8, Argentina - X123GH78, Svalbard and Jan Mayen Islands - GT7646HG&quot;,&quot;FALSE&quot;,System.String[])" fullname="Join.Form.Customer.Selenium.Features._99_ActivateProfileDetailsFeature.ACTPROF_01_VerifyCOBDataInActivate(&quot;Not NZTaxResident  and profile incomplete&quot;,&quot;Streamline intro&quot;,&quot;No&quot;,&quot;Skip&quot;,&quot;Skip&quot;,&quot;Skip&quot;,&quot;Australia - X123GH78&quot;,&quot;Yes&quot;,&quot;33%&quot;,&quot;111-111-111&quot;,&quot;Skip&quot;,&quot;Australia - X123GH78, India - 9856GFT8, Argentina - X123GH78, Svalbard and Jan Mayen Islands - GT7646HG&quot;,&quot;FALSE&quot;,System.String[])" methodname="ACTPROF_01_VerifyCOBDataInActivate" classname="Join.Form.Customer.Selenium.Features._99_ActivateProfileDetailsFeature" runstate="Runnable" seed="1982666265" result="Skipped" label="Ignored" site="Parent" start-time="0001-01-01 00:00:00Z" end-time="0001-01-01 00:00:00Z" duration="0.000000" asserts="0">
                    <properties />
                    <reason>
                      <message><![CDATA[OneTimeSetUp: Ignored scenario]]></message>
                    </reason>
                  </test-case>
                  <test-case id="0-1005" name="ACTPROF_01_VerifyCOBDataInActivate(&quot;No-Exempt from withholding tax and profile complete on submit&quot;,&quot;Streamline intro,ASB Visa Debit&quot;,&quot;No&quot;,&quot;Exempt from withholding tax&quot;,&quot;111-111-111&quot;,&quot;Skip&quot;,&quot;Australia - X123GH78&quot;,&quot;No&quot;,&quot;Non-resident Withholding tax rate&quot;,&quot;111-111-111&quot;,&quot;New Zealand, Australia, India, Svalbard and Jan Mayen Islands&quot;,&quot;Australia - X123GH78&quot;,&quot;TRUE&quot;,System.String[])" fullname="Join.Form.Customer.Selenium.Features._99_ActivateProfileDetailsFeature.ACTPROF_01_VerifyCOBDataInActivate(&quot;No-Exempt from withholding tax and profile complete on submit&quot;,&quot;Streamline intro,ASB Visa Debit&quot;,&quot;No&quot;,&quot;Exempt from withholding tax&quot;,&quot;111-111-111&quot;,&quot;Skip&quot;,&quot;Australia - X123GH78&quot;,&quot;No&quot;,&quot;Non-resident Withholding tax rate&quot;,&quot;111-111-111&quot;,&quot;New Zealand, Australia, India, Svalbard and Jan Mayen Islands&quot;,&quot;Australia - X123GH78&quot;,&quot;TRUE&quot;,System.String[])" methodname="ACTPROF_01_VerifyCOBDataInActivate" classname="Join.Form.Customer.Selenium.Features._99_ActivateProfileDetailsFeature" runstate="Runnable" seed="1768740405" result="Skipped" label="Ignored" site="Parent" start-time="0001-01-01 00:00:00Z" end-time="0001-01-01 00:00:00Z" duration="0.000000" asserts="0">
                    <properties />
                    <reason>
                      <message><![CDATA[OneTimeSetUp: Ignored scenario]]></message>
                    </reason>
                  </test-case>
                  <test-case id="0-1006" name="ACTPROF_01_VerifyCOBDataInActivate(&quot;NZTaxResident - 33% and profile complete on submit&quot;,&quot;Streamline intro,ASB Visa Debit&quot;,&quot;Yes&quot;,&quot;33%&quot;,&quot;Skip&quot;,&quot;Skip&quot;,&quot;Skip&quot;,&quot;Yes&quot;,&quot;33%&quot;,&quot;111-111-111&quot;,&quot;New Zealand&quot;,&quot;Australia - X123GH78&quot;,&quot;TRUE&quot;,null)" fullname="Join.Form.Customer.Selenium.Features._99_ActivateProfileDetailsFeature.ACTPROF_01_VerifyCOBDataInActivate(&quot;NZTaxResident - 33% and profile complete on submit&quot;,&quot;Streamline intro,ASB Visa Debit&quot;,&quot;Yes&quot;,&quot;33%&quot;,&quot;Skip&quot;,&quot;Skip&quot;,&quot;Skip&quot;,&quot;Yes&quot;,&quot;33%&quot;,&quot;111-111-111&quot;,&quot;New Zealand&quot;,&quot;Australia - X123GH78&quot;,&quot;TRUE&quot;,null)" methodname="ACTPROF_01_VerifyCOBDataInActivate" classname="Join.Form.Customer.Selenium.Features._99_ActivateProfileDetailsFeature" runstate="Runnable" seed="1194877050" result="Skipped" label="Ignored" site="Parent" start-time="0001-01-01 00:00:00Z" end-time="0001-01-01 00:00:00Z" duration="0.000000" asserts="0">
                    <properties>
                      <property name="Category" value="regression" />
                    </properties>
                    <reason>
                      <message><![CDATA[OneTimeSetUp: Ignored scenario]]></message>
                    </reason>
                  </test-case>
                  <test-case id="0-1007" name="ACTPROF_01_VerifyCOBDataInActivate(&quot;NZTaxResident - 17.5% and profile incomplete&quot;,&quot;Streamline intro&quot;,&quot;Yes&quot;,&quot;17.5%&quot;,&quot;49-091-850&quot;,&quot;Skip&quot;,&quot;Skip&quot;,&quot;Yes&quot;,&quot;10.5%&quot;,&quot;35-901-981&quot;,&quot;New Zealand, Australia, India, Svalbard and Jan Mayen Islands&quot;,&quot;Skip&quot;,&quot;FALSE&quot;,null)" fullname="Join.Form.Customer.Selenium.Features._99_ActivateProfileDetailsFeature.ACTPROF_01_VerifyCOBDataInActivate(&quot;NZTaxResident - 17.5% and profile incomplete&quot;,&quot;Streamline intro&quot;,&quot;Yes&quot;,&quot;17.5%&quot;,&quot;49-091-850&quot;,&quot;Skip&quot;,&quot;Skip&quot;,&quot;Yes&quot;,&quot;10.5%&quot;,&quot;35-901-981&quot;,&quot;New Zealand, Australia, India, Svalbard and Jan Mayen Islands&quot;,&quot;Skip&quot;,&quot;FALSE&quot;,null)" methodname="ACTPROF_01_VerifyCOBDataInActivate" classname="Join.Form.Customer.Selenium.Features._99_ActivateProfileDetailsFeature" runstate="Runnable" seed="568483547" result="Skipped" label="Ignored" site="Parent" start-time="0001-01-01 00:00:00Z" end-time="0001-01-01 00:00:00Z" duration="0.000000" asserts="0">
                    <properties>
                      <property name="Category" value="regression" />
                    </properties>
                    <reason>
                      <message><![CDATA[OneTimeSetUp: Ignored scenario]]></message>
                    </reason>
                  </test-case>
                  <test-case id="0-1008" name="ACTPROF_01_VerifyCOBDataInActivate(&quot;NZTaxResident, FTR and profile incomplete&quot;,&quot;Streamline intro,ASB Visa Debit&quot;,&quot;Yes&quot;,&quot;Skip&quot;,&quot;Skip&quot;,&quot;Skip&quot;,&quot;Australia - X123GH78, India - 9856GFT8, Argentina - X123GH78, Svalbard and Jan Mayen Islands - GT7646HG&quot;,&quot;Yes&quot;,&quot;Skip&quot;,&quot;Skip&quot;,&quot;Skip&quot;,&quot;Australia&quot;,&quot;FALSE&quot;,null)" fullname="Join.Form.Customer.Selenium.Features._99_ActivateProfileDetailsFeature.ACTPROF_01_VerifyCOBDataInActivate(&quot;NZTaxResident, FTR and profile incomplete&quot;,&quot;Streamline intro,ASB Visa Debit&quot;,&quot;Yes&quot;,&quot;Skip&quot;,&quot;Skip&quot;,&quot;Skip&quot;,&quot;Australia - X123GH78, India - 9856GFT8, Argentina - X123GH78, Svalbard and Jan Mayen Islands - GT7646HG&quot;,&quot;Yes&quot;,&quot;Skip&quot;,&quot;Skip&quot;,&quot;Skip&quot;,&quot;Australia&quot;,&quot;FALSE&quot;,null)" methodname="ACTPROF_01_VerifyCOBDataInActivate" classname="Join.Form.Customer.Selenium.Features._99_ActivateProfileDetailsFeature" runstate="Runnable" seed="1798807111" result="Skipped" label="Ignored" site="Parent" start-time="0001-01-01 00:00:00Z" end-time="0001-01-01 00:00:00Z" duration="0.000000" asserts="0">
                    <properties>
                      <property name="Category" value="regression" />
                    </properties>
                    <reason>
                      <message><![CDATA[OneTimeSetUp: Ignored scenario]]></message>
                    </reason>
                  </test-case>
                  <test-case id="0-1009" name="ACTPROF_01_VerifyCOBDataInActivate(&quot;No-Approved Issuer Levy at 2% and profile complete on submit&quot;,&quot;Streamline intro,ASB Visa Debit&quot;,&quot;No&quot;,&quot;Approved Issuer Levy at 2%&quot;,&quot;Skip&quot;,&quot;Skip&quot;,&quot;Australia&quot;,&quot;No&quot;,&quot;Approved Issuer Levy at 2%&quot;,&quot;Skip&quot;,&quot;New Zealand&quot;,&quot;Australia - X123GH78&quot;,&quot;TRUE&quot;,null)" fullname="Join.Form.Customer.Selenium.Features._99_ActivateProfileDetailsFeature.ACTPROF_01_VerifyCOBDataInActivate(&quot;No-Approved Issuer Levy at 2% and profile complete on submit&quot;,&quot;Streamline intro,ASB Visa Debit&quot;,&quot;No&quot;,&quot;Approved Issuer Levy at 2%&quot;,&quot;Skip&quot;,&quot;Skip&quot;,&quot;Australia&quot;,&quot;No&quot;,&quot;Approved Issuer Levy at 2%&quot;,&quot;Skip&quot;,&quot;New Zealand&quot;,&quot;Australia - X123GH78&quot;,&quot;TRUE&quot;,null)" methodname="ACTPROF_01_VerifyCOBDataInActivate" classname="Join.Form.Customer.Selenium.Features._99_ActivateProfileDetailsFeature" runstate="Runnable" seed="1454795803" result="Skipped" label="Ignored" site="Parent" start-time="0001-01-01 00:00:00Z" end-time="0001-01-01 00:00:00Z" duration="0.000000" asserts="0">
                    <properties>
                      <property name="Category" value="regression" />
                    </properties>
                    <reason>
                      <message><![CDATA[OneTimeSetUp: Ignored scenario]]></message>
                    </reason>
                  </test-case>
                  <test-case id="0-1010" name="ACTPROF_01_VerifyCOBDataInActivate(&quot;No-Non-resident Withholding tax rate and profile incomplete&quot;,&quot;Streamline intro&quot;,&quot;No&quot;,&quot;Non-resident Withholding tax rate&quot;,&quot;49-091-850&quot;,&quot;Skip&quot;,&quot;Australia - X123GH78&quot;,&quot;No&quot;,&quot;Exempt from withholding tax&quot;,&quot;49-091-850&quot;,&quot;Skip&quot;,&quot;Australia - X123GH78&quot;,&quot;FALSE&quot;,null)" fullname="Join.Form.Customer.Selenium.Features._99_ActivateProfileDetailsFeature.ACTPROF_01_VerifyCOBDataInActivate(&quot;No-Non-resident Withholding tax rate and profile incomplete&quot;,&quot;Streamline intro&quot;,&quot;No&quot;,&quot;Non-resident Withholding tax rate&quot;,&quot;49-091-850&quot;,&quot;Skip&quot;,&quot;Australia - X123GH78&quot;,&quot;No&quot;,&quot;Exempt from withholding tax&quot;,&quot;49-091-850&quot;,&quot;Skip&quot;,&quot;Australia - X123GH78&quot;,&quot;FALSE&quot;,null)" methodname="ACTPROF_01_VerifyCOBDataInActivate" classname="Join.Form.Customer.Selenium.Features._99_ActivateProfileDetailsFeature" runstate="Runnable" seed="666148462" result="Skipped" label="Ignored" site="Parent" start-time="0001-01-01 00:00:00Z" end-time="0001-01-01 00:00:00Z" duration="0.000000" asserts="0">
                    <properties>
                      <property name="Category" value="regression" />
                    </properties>
                    <reason>
                      <message><![CDATA[OneTimeSetUp: Ignored scenario]]></message>
                    </reason>
                  </test-case>
                </test-suite>
                <test-suite type="ParameterizedMethod" id="0-1022" name="ACTPROF_02_UpdateCOBDataInActivate" fullname="Join.Form.Customer.Selenium.Features._99_ActivateProfileDetailsFeature.ACTPROF_02_UpdateCOBDataInActivate" classname="Join.Form.Customer.Selenium.Features._99_ActivateProfileDetailsFeature" runstate="Ignored" testcasecount="10" result="Skipped" label="Ignored" site="SetUp" start-time="2017-11-08 15:46:02Z" end-time="2017-11-08 15:46:02Z" duration="0.156275" total="10" passed="0" failed="0" warnings="0" inconclusive="0" skipped="10" asserts="0">
                  <properties>
                    <property name="Description" value="ACTPROF_02 - Update COB data in Activate" />
                    <property name="_SKIPREASON" value="Ignored scenario" />
                    <property name="Category" value="activateprofile" />
                    <property name="Category" value="COB" />
                    <property name="Category" value="integration" />
                    <property name="Category" value="072016" />
                    <property name="Category" value="eidv" />
                    <property name="Category" value="obsolete" />
                  </properties>
                  <reason>
                    <message><![CDATA[Ignored scenario]]></message>
                  </reason>
                  <test-case id="0-1012" name="ACTPROF_02_UpdateCOBDataInActivate(&quot;NZTaxResident and profile incomplete&quot;,&quot;Streamline intro&quot;,&quot;Yes&quot;,&quot;Skip&quot;,&quot;Skip&quot;,&quot;Skip&quot;,&quot;Skip&quot;,&quot;Yes&quot;,&quot;33%&quot;,&quot;111-111-111&quot;,&quot;New Zealand&quot;,&quot;No&quot;,&quot;TRUE&quot;,System.String[])" fullname="Join.Form.Customer.Selenium.Features._99_ActivateProfileDetailsFeature.ACTPROF_02_UpdateCOBDataInActivate(&quot;NZTaxResident and profile incomplete&quot;,&quot;Streamline intro&quot;,&quot;Yes&quot;,&quot;Skip&quot;,&quot;Skip&quot;,&quot;Skip&quot;,&quot;Skip&quot;,&quot;Yes&quot;,&quot;33%&quot;,&quot;111-111-111&quot;,&quot;New Zealand&quot;,&quot;No&quot;,&quot;TRUE&quot;,System.String[])" methodname="ACTPROF_02_UpdateCOBDataInActivate" classname="Join.Form.Customer.Selenium.Features._99_ActivateProfileDetailsFeature" runstate="Runnable" seed="1737577283" result="Skipped" label="Ignored" site="Parent" start-time="0001-01-01 00:00:00Z" end-time="0001-01-01 00:00:00Z" duration="0.000000" asserts="0">
                    <properties />
                    <reason>
                      <message><![CDATA[OneTimeSetUp: Ignored scenario]]></message>
                    </reason>
                  </test-case>
                  <test-case id="0-1013" name="ACTPROF_02_UpdateCOBDataInActivate(&quot;NZTaxResident - 17.5% and profile incomplete&quot;,&quot;Streamline intro&quot;,&quot;Yes&quot;,&quot;17.5%&quot;,&quot;49-091-850&quot;,&quot;Skip&quot;,&quot;Skip&quot;,&quot;Yes&quot;,&quot;10.5%&quot;,&quot;35-901-981&quot;,&quot;New Zealand, Australia, India, Svalbard and Jan Mayen Islands&quot;,&quot;Singapore&quot;,&quot;TRUE&quot;,System.String[])" fullname="Join.Form.Customer.Selenium.Features._99_ActivateProfileDetailsFeature.ACTPROF_02_UpdateCOBDataInActivate(&quot;NZTaxResident - 17.5% and profile incomplete&quot;,&quot;Streamline intro&quot;,&quot;Yes&quot;,&quot;17.5%&quot;,&quot;49-091-850&quot;,&quot;Skip&quot;,&quot;Skip&quot;,&quot;Yes&quot;,&quot;10.5%&quot;,&quot;35-901-981&quot;,&quot;New Zealand, Australia, India, Svalbard and Jan Mayen Islands&quot;,&quot;Singapore&quot;,&quot;TRUE&quot;,System.String[])" methodname="ACTPROF_02_UpdateCOBDataInActivate" classname="Join.Form.Customer.Selenium.Features._99_ActivateProfileDetailsFeature" runstate="Runnable" seed="2129473304" result="Skipped" label="Ignored" site="Parent" start-time="0001-01-01 00:00:00Z" end-time="0001-01-01 00:00:00Z" duration="0.000000" asserts="0">
                    <properties />
                    <reason>
                      <message><![CDATA[OneTimeSetUp: Ignored scenario]]></message>
                    </reason>
                  </test-case>
                  <test-case id="0-1014" name="ACTPROF_02_UpdateCOBDataInActivate(&quot;NZTaxResident, FTR and profile incomplete&quot;,&quot;Streamline intro,ASB Visa Debit&quot;,&quot;Yes&quot;,&quot;Skip&quot;,&quot;Skip&quot;,&quot;Skip&quot;,&quot;Australia - X123GH78, India - 9856GFT8, Argentina - X123GH78, Svalbard and Jan Mayen Islands - GT7646HG&quot;,&quot;Yes&quot;,&quot;Skip&quot;,&quot;Skip&quot;,&quot;United States&quot;,&quot;Australia&quot;,&quot;TRUE&quot;,System.String[])" fullname="Join.Form.Customer.Selenium.Features._99_ActivateProfileDetailsFeature.ACTPROF_02_UpdateCOBDataInActivate(&quot;NZTaxResident, FTR and profile incomplete&quot;,&quot;Streamline intro,ASB Visa Debit&quot;,&quot;Yes&quot;,&quot;Skip&quot;,&quot;Skip&quot;,&quot;Skip&quot;,&quot;Australia - X123GH78, India - 9856GFT8, Argentina - X123GH78, Svalbard and Jan Mayen Islands - GT7646HG&quot;,&quot;Yes&quot;,&quot;Skip&quot;,&quot;Skip&quot;,&quot;United States&quot;,&quot;Australia&quot;,&quot;TRUE&quot;,System.String[])" methodname="ACTPROF_02_UpdateCOBDataInActivate" classname="Join.Form.Customer.Selenium.Features._99_ActivateProfileDetailsFeature" runstate="Runnable" seed="1271492971" result="Skipped" label="Ignored" site="Parent" start-time="0001-01-01 00:00:00Z" end-time="0001-01-01 00:00:00Z" duration="0.000000" asserts="0">
                    <properties />
                    <reason>
                      <message><![CDATA[OneTimeSetUp: Ignored scenario]]></message>
                    </reason>
                  </test-case>
                  <test-case id="0-1015" name="ACTPROF_02_UpdateCOBDataInActivate(&quot;No-Approved Issuer Levy at 2% and profile complete on submit&quot;,&quot;Streamline intro,ASB Visa Debit&quot;,&quot;No&quot;,&quot;Approved Issuer Levy at 2%&quot;,&quot;Skip&quot;,&quot;Skip&quot;,&quot;Australia&quot;,&quot;No&quot;,&quot;Approved Issuer Levy at 2%&quot;,&quot;Skip&quot;,&quot;New Zealand&quot;,&quot;Australia - X123GH78&quot;,&quot;TRUE&quot;,System.String[])" fullname="Join.Form.Customer.Selenium.Features._99_ActivateProfileDetailsFeature.ACTPROF_02_UpdateCOBDataInActivate(&quot;No-Approved Issuer Levy at 2% and profile complete on submit&quot;,&quot;Streamline intro,ASB Visa Debit&quot;,&quot;No&quot;,&quot;Approved Issuer Levy at 2%&quot;,&quot;Skip&quot;,&quot;Skip&quot;,&quot;Australia&quot;,&quot;No&quot;,&quot;Approved Issuer Levy at 2%&quot;,&quot;Skip&quot;,&quot;New Zealand&quot;,&quot;Australia - X123GH78&quot;,&quot;TRUE&quot;,System.String[])" methodname="ACTPROF_02_UpdateCOBDataInActivate" classname="Join.Form.Customer.Selenium.Features._99_ActivateProfileDetailsFeature" runstate="Runnable" seed="832573350" result="Skipped" label="Ignored" site="Parent" start-time="0001-01-01 00:00:00Z" end-time="0001-01-01 00:00:00Z" duration="0.000000" asserts="0">
                    <properties />
                    <reason>
                      <message><![CDATA[OneTimeSetUp: Ignored scenario]]></message>
                    </reason>
                  </test-case>
                  <test-case id="0-1016" name="ACTPROF_02_UpdateCOBDataInActivate(&quot;No-Non-resident Withholding tax rate and profile incomplete&quot;,&quot;Streamline intro&quot;,&quot;No&quot;,&quot;Non-resident Withholding tax rate&quot;,&quot;49-091-850&quot;,&quot;Skip&quot;,&quot;Australia - X123GH78&quot;,&quot;No&quot;,&quot;Exempt from withholding tax&quot;,&quot;49-091-850&quot;,&quot;Australia&quot;,&quot;No&quot;,&quot;TRUE&quot;,System.String[])" fullname="Join.Form.Customer.Selenium.Features._99_ActivateProfileDetailsFeature.ACTPROF_02_UpdateCOBDataInActivate(&quot;No-Non-resident Withholding tax rate and profile incomplete&quot;,&quot;Streamline intro&quot;,&quot;No&quot;,&quot;Non-resident Withholding tax rate&quot;,&quot;49-091-850&quot;,&quot;Skip&quot;,&quot;Australia - X123GH78&quot;,&quot;No&quot;,&quot;Exempt from withholding tax&quot;,&quot;49-091-850&quot;,&quot;Australia&quot;,&quot;No&quot;,&quot;TRUE&quot;,System.String[])" methodname="ACTPROF_02_UpdateCOBDataInActivate" classname="Join.Form.Customer.Selenium.Features._99_ActivateProfileDetailsFeature" runstate="Runnable" seed="639270324" result="Skipped" label="Ignored" site="Parent" start-time="0001-01-01 00:00:00Z" end-time="0001-01-01 00:00:00Z" duration="0.000000" asserts="0">
                    <properties />
                    <reason>
                      <message><![CDATA[OneTimeSetUp: Ignored scenario]]></message>
                    </reason>
                  </test-case>
                  <test-case id="0-1017" name="ACTPROF_02_UpdateCOBDataInActivate(&quot;No-Exempt from withholding tax and profile complete on submit&quot;,&quot;Streamline intro,ASB Visa Debit&quot;,&quot;No&quot;,&quot;Exempt from withholding tax&quot;,&quot;111-111-111&quot;,&quot;Skip&quot;,&quot;Australia - X123GH78&quot;,&quot;No&quot;,&quot;Non-resident Withholding tax rate&quot;,&quot;111-111-111&quot;,&quot;New Zealand, Australia, India, Svalbard and Jan Mayen Islands&quot;,&quot;Australia - X123GH78&quot;,&quot;TRUE&quot;,System.String[])" fullname="Join.Form.Customer.Selenium.Features._99_ActivateProfileDetailsFeature.ACTPROF_02_UpdateCOBDataInActivate(&quot;No-Exempt from withholding tax and profile complete on submit&quot;,&quot;Streamline intro,ASB Visa Debit&quot;,&quot;No&quot;,&quot;Exempt from withholding tax&quot;,&quot;111-111-111&quot;,&quot;Skip&quot;,&quot;Australia - X123GH78&quot;,&quot;No&quot;,&quot;Non-resident Withholding tax rate&quot;,&quot;111-111-111&quot;,&quot;New Zealand, Australia, India, Svalbard and Jan Mayen Islands&quot;,&quot;Australia - X123GH78&quot;,&quot;TRUE&quot;,System.String[])" methodname="ACTPROF_02_UpdateCOBDataInActivate" classname="Join.Form.Customer.Selenium.Features._99_ActivateProfileDetailsFeature" runstate="Runnable" seed="932244861" result="Skipped" label="Ignored" site="Parent" start-time="0001-01-01 00:00:00Z" end-time="0001-01-01 00:00:00Z" duration="0.000000" asserts="0">
                    <properties />
                    <reason>
                      <message><![CDATA[OneTimeSetUp: Ignored scenario]]></message>
                    </reason>
                  </test-case>
                  <test-case id="0-1018" name="ACTPROF_02_UpdateCOBDataInActivate(&quot;NZTaxResident - 33% and profile complete on submit&quot;,&quot;Streamline intro,ASB Visa Debit&quot;,&quot;Yes&quot;,&quot;33%&quot;,&quot;Skip&quot;,&quot;Skip&quot;,&quot;Skip&quot;,&quot;Yes&quot;,&quot;33%&quot;,&quot;111-111-111&quot;,&quot;New Zealand&quot;,&quot;Australia - X123GH78&quot;,&quot;TRUE&quot;,null)" fullname="Join.Form.Customer.Selenium.Features._99_ActivateProfileDetailsFeature.ACTPROF_02_UpdateCOBDataInActivate(&quot;NZTaxResident - 33% and profile complete on submit&quot;,&quot;Streamline intro,ASB Visa Debit&quot;,&quot;Yes&quot;,&quot;33%&quot;,&quot;Skip&quot;,&quot;Skip&quot;,&quot;Skip&quot;,&quot;Yes&quot;,&quot;33%&quot;,&quot;111-111-111&quot;,&quot;New Zealand&quot;,&quot;Australia - X123GH78&quot;,&quot;TRUE&quot;,null)" methodname="ACTPROF_02_UpdateCOBDataInActivate" classname="Join.Form.Customer.Selenium.Features._99_ActivateProfileDetailsFeature" runstate="Runnable" seed="208010485" result="Skipped" label="Ignored" site="Parent" start-time="0001-01-01 00:00:00Z" end-time="0001-01-01 00:00:00Z" duration="0.000000" asserts="0">
                    <properties>
                      <property name="Category" value="regression" />
                    </properties>
                    <reason>
                      <message><![CDATA[OneTimeSetUp: Ignored scenario]]></message>
                    </reason>
                  </test-case>
                  <test-case id="0-1019" name="ACTPROF_02_UpdateCOBDataInActivate(&quot;NZTaxResident - Exempt and profile complete on submit&quot;,&quot;Streamline intro,ASB Visa Debit&quot;,&quot;Yes&quot;,&quot;Exempt from withholding tax&quot;,&quot;Skip&quot;,&quot;Skip&quot;,&quot;Skip&quot;,&quot;Yes&quot;,&quot;Exempt from withholding tax&quot;,&quot;Skip&quot;,&quot;New Zealand&quot;,&quot;Australia - X123GH78, India - 9856GFT8, Argentina - X123GH78, Svalbard and Jan Mayen Islands - GT7646HG&quot;,&quot;TRUE&quot;,null)" fullname="Join.Form.Customer.Selenium.Features._99_ActivateProfileDetailsFeature.ACTPROF_02_UpdateCOBDataInActivate(&quot;NZTaxResident - Exempt and profile complete on submit&quot;,&quot;Streamline intro,ASB Visa Debit&quot;,&quot;Yes&quot;,&quot;Exempt from withholding tax&quot;,&quot;Skip&quot;,&quot;Skip&quot;,&quot;Skip&quot;,&quot;Yes&quot;,&quot;Exempt from withholding tax&quot;,&quot;Skip&quot;,&quot;New Zealand&quot;,&quot;Australia - X123GH78, India - 9856GFT8, Argentina - X123GH78, Svalbard and Jan Mayen Islands - GT7646HG&quot;,&quot;TRUE&quot;,null)" methodname="ACTPROF_02_UpdateCOBDataInActivate" classname="Join.Form.Customer.Selenium.Features._99_ActivateProfileDetailsFeature" runstate="Runnable" seed="464636605" result="Skipped" label="Ignored" site="Parent" start-time="0001-01-01 00:00:00Z" end-time="0001-01-01 00:00:00Z" duration="0.000000" asserts="0">
                    <properties>
                      <property name="Category" value="regression" />
                    </properties>
                    <reason>
                      <message><![CDATA[OneTimeSetUp: Ignored scenario]]></message>
                    </reason>
                  </test-case>
                  <test-case id="0-1020" name="ACTPROF_02_UpdateCOBDataInActivate(&quot;NZTaxResident, Citizenship and profile incomplete&quot;,&quot;Streamline intro&quot;,&quot;Yes&quot;,&quot;Skip&quot;,&quot;Skip&quot;,&quot;New Zealand, Australia, India, Svalbard and Jan Mayen Islands&quot;,&quot;Skip&quot;,&quot;Yes&quot;,&quot;17.5%&quot;,&quot;49-091-850&quot;,&quot;New Zealand, Australia, India, Svalbard and Jan Mayen Islands&quot;,&quot;United States&quot;,&quot;TRUE&quot;,null)" fullname="Join.Form.Customer.Selenium.Features._99_ActivateProfileDetailsFeature.ACTPROF_02_UpdateCOBDataInActivate(&quot;NZTaxResident, Citizenship and profile incomplete&quot;,&quot;Streamline intro&quot;,&quot;Yes&quot;,&quot;Skip&quot;,&quot;Skip&quot;,&quot;New Zealand, Australia, India, Svalbard and Jan Mayen Islands&quot;,&quot;Skip&quot;,&quot;Yes&quot;,&quot;17.5%&quot;,&quot;49-091-850&quot;,&quot;New Zealand, Australia, India, Svalbard and Jan Mayen Islands&quot;,&quot;United States&quot;,&quot;TRUE&quot;,null)" methodname="ACTPROF_02_UpdateCOBDataInActivate" classname="Join.Form.Customer.Selenium.Features._99_ActivateProfileDetailsFeature" runstate="Runnable" seed="1563869692" result="Skipped" label="Ignored" site="Parent" start-time="0001-01-01 00:00:00Z" end-time="0001-01-01 00:00:00Z" duration="0.000000" asserts="0">
                    <properties>
                      <property name="Category" value="regression" />
                    </properties>
                    <reason>
                      <message><![CDATA[OneTimeSetUp: Ignored scenario]]></message>
                    </reason>
                  </test-case>
                  <test-case id="0-1021" name="ACTPROF_02_UpdateCOBDataInActivate(&quot;Not NZTaxResident  and profile incomplete&quot;,&quot;Streamline intro&quot;,&quot;No&quot;,&quot;Skip&quot;,&quot;Skip&quot;,&quot;Skip&quot;,&quot;Australia - X123GH78&quot;,&quot;Yes&quot;,&quot;33%&quot;,&quot;111-111-111&quot;,&quot;United States&quot;,&quot;Australia - X123GH78, India - 9856GFT8, Argentina - X123GH78, Svalbard and Jan Mayen Islands - GT7646HG&quot;,&quot;TRUE&quot;,null)" fullname="Join.Form.Customer.Selenium.Features._99_ActivateProfileDetailsFeature.ACTPROF_02_UpdateCOBDataInActivate(&quot;Not NZTaxResident  and profile incomplete&quot;,&quot;Streamline intro&quot;,&quot;No&quot;,&quot;Skip&quot;,&quot;Skip&quot;,&quot;Skip&quot;,&quot;Australia - X123GH78&quot;,&quot;Yes&quot;,&quot;33%&quot;,&quot;111-111-111&quot;,&quot;United States&quot;,&quot;Australia - X123GH78, India - 9856GFT8, Argentina - X123GH78, Svalbard and Jan Mayen Islands - GT7646HG&quot;,&quot;TRUE&quot;,null)" methodname="ACTPROF_02_UpdateCOBDataInActivate" classname="Join.Form.Customer.Selenium.Features._99_ActivateProfileDetailsFeature" runstate="Runnable" seed="1930531112" result="Skipped" label="Ignored" site="Parent" start-time="0001-01-01 00:00:00Z" end-time="0001-01-01 00:00:00Z" duration="0.000000" asserts="0">
                    <properties>
                      <property name="Category" value="regression" />
                    </properties>
                    <reason>
                      <message><![CDATA[OneTimeSetUp: Ignored scenario]]></message>
                    </reason>
                  </test-case>
                </test-suite>
                <test-suite type="ParameterizedMethod" id="0-1026" name="ACTPROF_03_VerifyCitizenshipAndFTRAreMandatory" fullname="Join.Form.Customer.Selenium.Features._99_ActivateProfileDetailsFeature.ACTPROF_03_VerifyCitizenshipAndFTRAreMandatory" classname="Join.Form.Customer.Selenium.Features._99_ActivateProfileDetailsFeature" runstate="Ignored" testcasecount="3" result="Skipped" label="Ignored" site="SetUp" start-time="2017-11-08 15:46:02Z" end-time="2017-11-08 15:46:02Z" duration="0.046860" total="3" passed="0" failed="0" warnings="0" inconclusive="0" skipped="3" asserts="0">
                  <properties>
                    <property name="Description" value="ACTPROF_03 - Verify Citizenship and FTR are mandatory" />
                    <property name="_SKIPREASON" value="Ignored scenario" />
                    <property name="Category" value="activateprofile" />
                    <property name="Category" value="COB" />
                    <property name="Category" value="integration" />
                    <property name="Category" value="072016" />
                    <property name="Category" value="eidv" />
                    <property name="Category" value="regression" />
                    <property name="Category" value="obsolete" />
                  </properties>
                  <reason>
                    <message><![CDATA[Ignored scenario]]></message>
                  </reason>
                  <test-case id="0-1023" name="ACTPROF_03_VerifyCitizenshipAndFTRAreMandatory(&quot;NZTaxResident, FTR and profile incomplete&quot;,&quot;Streamline intro,ASB Visa Debit&quot;,&quot;Yes&quot;,&quot;Skip&quot;,&quot;Skip&quot;,&quot;Skip&quot;,&quot;Australia - X123GH78, India - 9856GFT8, Argentina - X123GH78, Svalbard and Jan Mayen Islands - GT7646HG&quot;,&quot;Yes&quot;,&quot;Skip&quot;,&quot;Skip&quot;,&quot;Skip&quot;,&quot;Australia&quot;,&quot;FALSE&quot;,System.String[])" fullname="Join.Form.Customer.Selenium.Features._99_ActivateProfileDetailsFeature.ACTPROF_03_VerifyCitizenshipAndFTRAreMandatory(&quot;NZTaxResident, FTR and profile incomplete&quot;,&quot;Streamline intro,ASB Visa Debit&quot;,&quot;Yes&quot;,&quot;Skip&quot;,&quot;Skip&quot;,&quot;Skip&quot;,&quot;Australia - X123GH78, India - 9856GFT8, Argentina - X123GH78, Svalbard and Jan Mayen Islands - GT7646HG&quot;,&quot;Yes&quot;,&quot;Skip&quot;,&quot;Skip&quot;,&quot;Skip&quot;,&quot;Australia&quot;,&quot;FALSE&quot;,System.String[])" methodname="ACTPROF_03_VerifyCitizenshipAndFTRAreMandatory" classname="Join.Form.Customer.Selenium.Features._99_ActivateProfileDetailsFeature" runstate="Runnable" seed="1505774868" result="Skipped" label="Ignored" site="Parent" start-time="0001-01-01 00:00:00Z" end-time="0001-01-01 00:00:00Z" duration="0.000000" asserts="0">
                    <properties />
                    <reason>
                      <message><![CDATA[OneTimeSetUp: Ignored scenario]]></message>
                    </reason>
                  </test-case>
                  <test-case id="0-1024" name="ACTPROF_03_VerifyCitizenshipAndFTRAreMandatory(&quot;Not NZTaxResident  and profile incomplete&quot;,&quot;Streamline intro&quot;,&quot;No&quot;,&quot;Skip&quot;,&quot;Skip&quot;,&quot;Skip&quot;,&quot;Australia - X123GH78&quot;,&quot;Yes&quot;,&quot;33%&quot;,&quot;111-111-111&quot;,&quot;Skip&quot;,&quot;Australia - X123GH78, India - 9856GFT8, Argentina - X123GH78, Svalbard and Jan Mayen Islands - GT7646HG&quot;,&quot;FALSE&quot;,System.String[])" fullname="Join.Form.Customer.Selenium.Features._99_ActivateProfileDetailsFeature.ACTPROF_03_VerifyCitizenshipAndFTRAreMandatory(&quot;Not NZTaxResident  and profile incomplete&quot;,&quot;Streamline intro&quot;,&quot;No&quot;,&quot;Skip&quot;,&quot;Skip&quot;,&quot;Skip&quot;,&quot;Australia - X123GH78&quot;,&quot;Yes&quot;,&quot;33%&quot;,&quot;111-111-111&quot;,&quot;Skip&quot;,&quot;Australia - X123GH78, India - 9856GFT8, Argentina - X123GH78, Svalbard and Jan Mayen Islands - GT7646HG&quot;,&quot;FALSE&quot;,System.String[])" methodname="ACTPROF_03_VerifyCitizenshipAndFTRAreMandatory" classname="Join.Form.Customer.Selenium.Features._99_ActivateProfileDetailsFeature" runstate="Runnable" seed="1673559360" result="Skipped" label="Ignored" site="Parent" start-time="0001-01-01 00:00:00Z" end-time="0001-01-01 00:00:00Z" duration="0.000000" asserts="0">
                    <properties />
                    <reason>
                      <message><![CDATA[OneTimeSetUp: Ignored scenario]]></message>
                    </reason>
                  </test-case>
                  <test-case id="0-1025" name="ACTPROF_03_VerifyCitizenshipAndFTRAreMandatory(&quot;NZTaxResident - 17.5% and profile incomplete&quot;,&quot;Streamline intro&quot;,&quot;Yes&quot;,&quot;17.5%&quot;,&quot;49-091-850&quot;,&quot;Skip&quot;,&quot;Skip&quot;,&quot;Yes&quot;,&quot;10.5%&quot;,&quot;35-901-981&quot;,&quot;New Zealand, Australia, India, Svalbard and Jan Mayen Islands&quot;,&quot;Skip&quot;,&quot;FALSE&quot;,System.String[])" fullname="Join.Form.Customer.Selenium.Features._99_ActivateProfileDetailsFeature.ACTPROF_03_VerifyCitizenshipAndFTRAreMandatory(&quot;NZTaxResident - 17.5% and profile incomplete&quot;,&quot;Streamline intro&quot;,&quot;Yes&quot;,&quot;17.5%&quot;,&quot;49-091-850&quot;,&quot;Skip&quot;,&quot;Skip&quot;,&quot;Yes&quot;,&quot;10.5%&quot;,&quot;35-901-981&quot;,&quot;New Zealand, Australia, India, Svalbard and Jan Mayen Islands&quot;,&quot;Skip&quot;,&quot;FALSE&quot;,System.String[])" methodname="ACTPROF_03_VerifyCitizenshipAndFTRAreMandatory" classname="Join.Form.Customer.Selenium.Features._99_ActivateProfileDetailsFeature" runstate="Runnable" seed="1647870855" result="Skipped" label="Ignored" site="Parent" start-time="0001-01-01 00:00:00Z" end-time="0001-01-01 00:00:00Z" duration="0.000000" asserts="0">
                    <properties />
                    <reason>
                      <message><![CDATA[OneTimeSetUp: Ignored scenario]]></message>
                    </reason>
                  </test-case>
                </test-suite>
                <test-suite type="ParameterizedMethod" id="0-1037" name="ACTPROF_04_CancelCOBDataUpdateInActivate" fullname="Join.Form.Customer.Selenium.Features._99_ActivateProfileDetailsFeature.ACTPROF_04_CancelCOBDataUpdateInActivate" classname="Join.Form.Customer.Selenium.Features._99_ActivateProfileDetailsFeature" runstate="Ignored" testcasecount="10" result="Skipped" label="Ignored" site="SetUp" start-time="2017-11-08 15:46:02Z" end-time="2017-11-08 15:46:02Z" duration="0.156178" total="10" passed="0" failed="0" warnings="0" inconclusive="0" skipped="10" asserts="0">
                  <properties>
                    <property name="Description" value="ACTPROF_04 - Cancel COB data update in Activate" />
                    <property name="_SKIPREASON" value="Ignored scenario" />
                    <property name="Category" value="activateprofile" />
                    <property name="Category" value="COB" />
                    <property name="Category" value="integration" />
                    <property name="Category" value="072016" />
                    <property name="Category" value="obsolete" />
                  </properties>
                  <reason>
                    <message><![CDATA[Ignored scenario]]></message>
                  </reason>
                  <test-case id="0-1027" name="ACTPROF_04_CancelCOBDataUpdateInActivate(&quot;NZTaxResident and profile incomplete&quot;,&quot;Streamline intro&quot;,&quot;Yes&quot;,&quot;Skip&quot;,&quot;Skip&quot;,&quot;Skip&quot;,&quot;Skip&quot;,&quot;Yes&quot;,&quot;33%&quot;,&quot;111-111-111&quot;,&quot;New Zealand&quot;,&quot;Australia&quot;,&quot;TRUE&quot;,System.String[])" fullname="Join.Form.Customer.Selenium.Features._99_ActivateProfileDetailsFeature.ACTPROF_04_CancelCOBDataUpdateInActivate(&quot;NZTaxResident and profile incomplete&quot;,&quot;Streamline intro&quot;,&quot;Yes&quot;,&quot;Skip&quot;,&quot;Skip&quot;,&quot;Skip&quot;,&quot;Skip&quot;,&quot;Yes&quot;,&quot;33%&quot;,&quot;111-111-111&quot;,&quot;New Zealand&quot;,&quot;Australia&quot;,&quot;TRUE&quot;,System.String[])" methodname="ACTPROF_04_CancelCOBDataUpdateInActivate" classname="Join.Form.Customer.Selenium.Features._99_ActivateProfileDetailsFeature" runstate="Runnable" seed="923031176" result="Skipped" label="Ignored" site="Parent" start-time="0001-01-01 00:00:00Z" end-time="0001-01-01 00:00:00Z" duration="0.000000" asserts="0">
                    <properties />
                    <reason>
                      <message><![CDATA[OneTimeSetUp: Ignored scenario]]></message>
                    </reason>
                  </test-case>
                  <test-case id="0-1028" name="ACTPROF_04_CancelCOBDataUpdateInActivate(&quot;NZTaxResident - 33% and profile complete on submit&quot;,&quot;Streamline intro,ASB Visa Debit&quot;,&quot;Yes&quot;,&quot;33%&quot;,&quot;Skip&quot;,&quot;Skip&quot;,&quot;Skip&quot;,&quot;Yes&quot;,&quot;33%&quot;,&quot;111-111-111&quot;,&quot;New Zealand&quot;,&quot;Australia - X123GH78&quot;,&quot;TRUE&quot;,System.String[])" fullname="Join.Form.Customer.Selenium.Features._99_ActivateProfileDetailsFeature.ACTPROF_04_CancelCOBDataUpdateInActivate(&quot;NZTaxResident - 33% and profile complete on submit&quot;,&quot;Streamline intro,ASB Visa Debit&quot;,&quot;Yes&quot;,&quot;33%&quot;,&quot;Skip&quot;,&quot;Skip&quot;,&quot;Skip&quot;,&quot;Yes&quot;,&quot;33%&quot;,&quot;111-111-111&quot;,&quot;New Zealand&quot;,&quot;Australia - X123GH78&quot;,&quot;TRUE&quot;,System.String[])" methodname="ACTPROF_04_CancelCOBDataUpdateInActivate" classname="Join.Form.Customer.Selenium.Features._99_ActivateProfileDetailsFeature" runstate="Runnable" seed="1247256266" result="Skipped" label="Ignored" site="Parent" start-time="0001-01-01 00:00:00Z" end-time="0001-01-01 00:00:00Z" duration="0.000000" asserts="0">
                    <properties />
                    <reason>
                      <message><![CDATA[OneTimeSetUp: Ignored scenario]]></message>
                    </reason>
                  </test-case>
                  <test-case id="0-1029" name="ACTPROF_04_CancelCOBDataUpdateInActivate(&quot;NZTaxResident - 17.5% and profile incomplete&quot;,&quot;Streamline intro&quot;,&quot;Yes&quot;,&quot;17.5%&quot;,&quot;49-091-850&quot;,&quot;Skip&quot;,&quot;Skip&quot;,&quot;Yes&quot;,&quot;10.5%&quot;,&quot;35-901-981&quot;,&quot;New Zealand, Australia, India, Svalbard and Jan Mayen Islands&quot;,&quot;No&quot;,&quot;TRUE&quot;,System.String[])" fullname="Join.Form.Customer.Selenium.Features._99_ActivateProfileDetailsFeature.ACTPROF_04_CancelCOBDataUpdateInActivate(&quot;NZTaxResident - 17.5% and profile incomplete&quot;,&quot;Streamline intro&quot;,&quot;Yes&quot;,&quot;17.5%&quot;,&quot;49-091-850&quot;,&quot;Skip&quot;,&quot;Skip&quot;,&quot;Yes&quot;,&quot;10.5%&quot;,&quot;35-901-981&quot;,&quot;New Zealand, Australia, India, Svalbard and Jan Mayen Islands&quot;,&quot;No&quot;,&quot;TRUE&quot;,System.String[])" methodname="ACTPROF_04_CancelCOBDataUpdateInActivate" classname="Join.Form.Customer.Selenium.Features._99_ActivateProfileDetailsFeature" runstate="Runnable" seed="2101620064" result="Skipped" label="Ignored" site="Parent" start-time="0001-01-01 00:00:00Z" end-time="0001-01-01 00:00:00Z" duration="0.000000" asserts="0">
                    <properties />
                    <reason>
                      <message><![CDATA[OneTimeSetUp: Ignored scenario]]></message>
                    </reason>
                  </test-case>
                  <test-case id="0-1030" name="ACTPROF_04_CancelCOBDataUpdateInActivate(&quot;NZTaxResident - Exempt and profile complete on submit&quot;,&quot;Streamline intro,ASB Visa Debit&quot;,&quot;Yes&quot;,&quot;Exempt from withholding tax&quot;,&quot;Skip&quot;,&quot;Skip&quot;,&quot;Skip&quot;,&quot;Yes&quot;,&quot;Exempt from withholding tax&quot;,&quot;Skip&quot;,&quot;New Zealand&quot;,&quot;Australia - X123GH78, India - 9856GFT8, Argentina - X123GH78, Svalbard and Jan Mayen Islands - GT7646HG&quot;,&quot;TRUE&quot;,System.String[])" fullname="Join.Form.Customer.Selenium.Features._99_ActivateProfileDetailsFeature.ACTPROF_04_CancelCOBDataUpdateInActivate(&quot;NZTaxResident - Exempt and profile complete on submit&quot;,&quot;Streamline intro,ASB Visa Debit&quot;,&quot;Yes&quot;,&quot;Exempt from withholding tax&quot;,&quot;Skip&quot;,&quot;Skip&quot;,&quot;Skip&quot;,&quot;Yes&quot;,&quot;Exempt from withholding tax&quot;,&quot;Skip&quot;,&quot;New Zealand&quot;,&quot;Australia - X123GH78, India - 9856GFT8, Argentina - X123GH78, Svalbard and Jan Mayen Islands - GT7646HG&quot;,&quot;TRUE&quot;,System.String[])" methodname="ACTPROF_04_CancelCOBDataUpdateInActivate" classname="Join.Form.Customer.Selenium.Features._99_ActivateProfileDetailsFeature" runstate="Runnable" seed="813300552" result="Skipped" label="Ignored" site="Parent" start-time="0001-01-01 00:00:00Z" end-time="0001-01-01 00:00:00Z" duration="0.000000" asserts="0">
                    <properties />
                    <reason>
                      <message><![CDATA[OneTimeSetUp: Ignored scenario]]></message>
                    </reason>
                  </test-case>
                  <test-case id="0-1031" name="ACTPROF_04_CancelCOBDataUpdateInActivate(&quot;NZTaxResident, Citizenship and profile incomplete&quot;,&quot;Streamline intro&quot;,&quot;Yes&quot;,&quot;Skip&quot;,&quot;Skip&quot;,&quot;New Zealand, Australia, India, Svalbard and Jan Mayen Islands&quot;,&quot;Skip&quot;,&quot;Yes&quot;,&quot;17.5%&quot;,&quot;49-091-850&quot;,&quot;New Zealand, Australia, India, Svalbard and Jan Mayen Islands&quot;,&quot;United States&quot;,&quot;TRUE&quot;,System.String[])" fullname="Join.Form.Customer.Selenium.Features._99_ActivateProfileDetailsFeature.ACTPROF_04_CancelCOBDataUpdateInActivate(&quot;NZTaxResident, Citizenship and profile incomplete&quot;,&quot;Streamline intro&quot;,&quot;Yes&quot;,&quot;Skip&quot;,&quot;Skip&quot;,&quot;New Zealand, Australia, India, Svalbard and Jan Mayen Islands&quot;,&quot;Skip&quot;,&quot;Yes&quot;,&quot;17.5%&quot;,&quot;49-091-850&quot;,&quot;New Zealand, Australia, India, Svalbard and Jan Mayen Islands&quot;,&quot;United States&quot;,&quot;TRUE&quot;,System.String[])" methodname="ACTPROF_04_CancelCOBDataUpdateInActivate" classname="Join.Form.Customer.Selenium.Features._99_ActivateProfileDetailsFeature" runstate="Runnable" seed="1104796828" result="Skipped" label="Ignored" site="Parent" start-time="0001-01-01 00:00:00Z" end-time="0001-01-01 00:00:00Z" duration="0.000000" asserts="0">
                    <properties />
                    <reason>
                      <message><![CDATA[OneTimeSetUp: Ignored scenario]]></message>
                    </reason>
                  </test-case>
                  <test-case id="0-1032" name="ACTPROF_04_CancelCOBDataUpdateInActivate(&quot;NZTaxResident, FTR and profile incomplete&quot;,&quot;Streamline intro,ASB Visa Debit&quot;,&quot;Yes&quot;,&quot;Skip&quot;,&quot;Skip&quot;,&quot;Skip&quot;,&quot;Australia - X123GH78, India - 9856GFT8, Argentina - X123GH78, Svalbard and Jan Mayen Islands - GT7646HG&quot;,&quot;Yes&quot;,&quot;Skip&quot;,&quot;Skip&quot;,&quot;United States&quot;,&quot;Australia&quot;,&quot;TRUE&quot;,System.String[])" fullname="Join.Form.Customer.Selenium.Features._99_ActivateProfileDetailsFeature.ACTPROF_04_CancelCOBDataUpdateInActivate(&quot;NZTaxResident, FTR and profile incomplete&quot;,&quot;Streamline intro,ASB Visa Debit&quot;,&quot;Yes&quot;,&quot;Skip&quot;,&quot;Skip&quot;,&quot;Skip&quot;,&quot;Australia - X123GH78, India - 9856GFT8, Argentina - X123GH78, Svalbard and Jan Mayen Islands - GT7646HG&quot;,&quot;Yes&quot;,&quot;Skip&quot;,&quot;Skip&quot;,&quot;United States&quot;,&quot;Australia&quot;,&quot;TRUE&quot;,System.String[])" methodname="ACTPROF_04_CancelCOBDataUpdateInActivate" classname="Join.Form.Customer.Selenium.Features._99_ActivateProfileDetailsFeature" runstate="Runnable" seed="818813966" result="Skipped" label="Ignored" site="Parent" start-time="0001-01-01 00:00:00Z" end-time="0001-01-01 00:00:00Z" duration="0.000000" asserts="0">
                    <properties />
                    <reason>
                      <message><![CDATA[OneTimeSetUp: Ignored scenario]]></message>
                    </reason>
                  </test-case>
                  <test-case id="0-1033" name="ACTPROF_04_CancelCOBDataUpdateInActivate(&quot;Not NZTaxResident  and profile incomplete&quot;,&quot;Streamline intro&quot;,&quot;No&quot;,&quot;Skip&quot;,&quot;Skip&quot;,&quot;Skip&quot;,&quot;Australia - X123GH78&quot;,&quot;Yes&quot;,&quot;33%&quot;,&quot;111-111-111&quot;,&quot;United States&quot;,&quot;Australia - X123GH78, India - 9856GFT8, Argentina - X123GH78, Svalbard and Jan Mayen Islands - GT7646HG&quot;,&quot;TRUE&quot;,System.String[])" fullname="Join.Form.Customer.Selenium.Features._99_ActivateProfileDetailsFeature.ACTPROF_04_CancelCOBDataUpdateInActivate(&quot;Not NZTaxResident  and profile incomplete&quot;,&quot;Streamline intro&quot;,&quot;No&quot;,&quot;Skip&quot;,&quot;Skip&quot;,&quot;Skip&quot;,&quot;Australia - X123GH78&quot;,&quot;Yes&quot;,&quot;33%&quot;,&quot;111-111-111&quot;,&quot;United States&quot;,&quot;Australia - X123GH78, India - 9856GFT8, Argentina - X123GH78, Svalbard and Jan Mayen Islands - GT7646HG&quot;,&quot;TRUE&quot;,System.String[])" methodname="ACTPROF_04_CancelCOBDataUpdateInActivate" classname="Join.Form.Customer.Selenium.Features._99_ActivateProfileDetailsFeature" runstate="Runnable" seed="416792456" result="Skipped" label="Ignored" site="Parent" start-time="0001-01-01 00:00:00Z" end-time="0001-01-01 00:00:00Z" duration="0.000000" asserts="0">
                    <properties />
                    <reason>
                      <message><![CDATA[OneTimeSetUp: Ignored scenario]]></message>
                    </reason>
                  </test-case>
                  <test-case id="0-1034" name="ACTPROF_04_CancelCOBDataUpdateInActivate(&quot;No-Approved Issuer Levy at 2% and profile complete on submit&quot;,&quot;Streamline intro,ASB Visa Debit&quot;,&quot;No&quot;,&quot;Approved Issuer Levy at 2%&quot;,&quot;Skip&quot;,&quot;Skip&quot;,&quot;Australia&quot;,&quot;No&quot;,&quot;Approved Issuer Levy at 2%&quot;,&quot;Skip&quot;,&quot;New Zealand&quot;,&quot;No&quot;,&quot;TRUE&quot;,System.String[])" fullname="Join.Form.Customer.Selenium.Features._99_ActivateProfileDetailsFeature.ACTPROF_04_CancelCOBDataUpdateInActivate(&quot;No-Approved Issuer Levy at 2% and profile complete on submit&quot;,&quot;Streamline intro,ASB Visa Debit&quot;,&quot;No&quot;,&quot;Approved Issuer Levy at 2%&quot;,&quot;Skip&quot;,&quot;Skip&quot;,&quot;Australia&quot;,&quot;No&quot;,&quot;Approved Issuer Levy at 2%&quot;,&quot;Skip&quot;,&quot;New Zealand&quot;,&quot;No&quot;,&quot;TRUE&quot;,System.String[])" methodname="ACTPROF_04_CancelCOBDataUpdateInActivate" classname="Join.Form.Customer.Selenium.Features._99_ActivateProfileDetailsFeature" runstate="Runnable" seed="1157683142" result="Skipped" label="Ignored" site="Parent" start-time="0001-01-01 00:00:00Z" end-time="0001-01-01 00:00:00Z" duration="0.000000" asserts="0">
                    <properties />
                    <reason>
                      <message><![CDATA[OneTimeSetUp: Ignored scenario]]></message>
                    </reason>
                  </test-case>
                  <test-case id="0-1035" name="ACTPROF_04_CancelCOBDataUpdateInActivate(&quot;No-Non-resident Withholding tax rate and profile incomplete&quot;,&quot;Streamline intro&quot;,&quot;No&quot;,&quot;Non-resident Withholding tax rate&quot;,&quot;49-091-850&quot;,&quot;Skip&quot;,&quot;Australia - X123GH78&quot;,&quot;No&quot;,&quot;Exempt from withholding tax&quot;,&quot;49-091-850&quot;,&quot;Australia&quot;,&quot;Australia - X123GH78&quot;,&quot;TRUE&quot;,System.String[])" fullname="Join.Form.Customer.Selenium.Features._99_ActivateProfileDetailsFeature.ACTPROF_04_CancelCOBDataUpdateInActivate(&quot;No-Non-resident Withholding tax rate and profile incomplete&quot;,&quot;Streamline intro&quot;,&quot;No&quot;,&quot;Non-resident Withholding tax rate&quot;,&quot;49-091-850&quot;,&quot;Skip&quot;,&quot;Australia - X123GH78&quot;,&quot;No&quot;,&quot;Exempt from withholding tax&quot;,&quot;49-091-850&quot;,&quot;Australia&quot;,&quot;Australia - X123GH78&quot;,&quot;TRUE&quot;,System.String[])" methodname="ACTPROF_04_CancelCOBDataUpdateInActivate" classname="Join.Form.Customer.Selenium.Features._99_ActivateProfileDetailsFeature" runstate="Runnable" seed="751849892" result="Skipped" label="Ignored" site="Parent" start-time="0001-01-01 00:00:00Z" end-time="0001-01-01 00:00:00Z" duration="0.000000" asserts="0">
                    <properties />
                    <reason>
                      <message><![CDATA[OneTimeSetUp: Ignored scenario]]></message>
                    </reason>
                  </test-case>
                  <test-case id="0-1036" name="ACTPROF_04_CancelCOBDataUpdateInActivate(&quot;No-Exempt from withholding tax and profile complete on submit&quot;,&quot;Streamline intro,ASB Visa Debit&quot;,&quot;No&quot;,&quot;Exempt from withholding tax&quot;,&quot;111-111-111&quot;,&quot;Skip&quot;,&quot;Australia - X123GH78&quot;,&quot;No&quot;,&quot;Non-resident Withholding tax rate&quot;,&quot;111-111-111&quot;,&quot;New Zealand, Australia, India, Svalbard and Jan Mayen Islands&quot;,&quot;Australia - X123GH78&quot;,&quot;TRUE&quot;,System.String[])" fullname="Join.Form.Customer.Selenium.Features._99_ActivateProfileDetailsFeature.ACTPROF_04_CancelCOBDataUpdateInActivate(&quot;No-Exempt from withholding tax and profile complete on submit&quot;,&quot;Streamline intro,ASB Visa Debit&quot;,&quot;No&quot;,&quot;Exempt from withholding tax&quot;,&quot;111-111-111&quot;,&quot;Skip&quot;,&quot;Australia - X123GH78&quot;,&quot;No&quot;,&quot;Non-resident Withholding tax rate&quot;,&quot;111-111-111&quot;,&quot;New Zealand, Australia, India, Svalbard and Jan Mayen Islands&quot;,&quot;Australia - X123GH78&quot;,&quot;TRUE&quot;,System.String[])" methodname="ACTPROF_04_CancelCOBDataUpdateInActivate" classname="Join.Form.Customer.Selenium.Features._99_ActivateProfileDetailsFeature" runstate="Runnable" seed="1003870129" result="Skipped" label="Ignored" site="Parent" start-time="0001-01-01 00:00:00Z" end-time="0001-01-01 00:00:00Z" duration="0.000000" asserts="0">
                    <properties />
                    <reason>
                      <message><![CDATA[OneTimeSetUp: Ignored scenario]]></message>
                    </reason>
                  </test-case>
                </test-suite>
                <test-case id="0-1038" name="ACTPROF_05_SourceOfWealthVerification_Non_HighRiskCountry" fullname="Join.Form.Customer.Selenium.Features._99_ActivateProfileDetailsFeature.ACTPROF_05_SourceOfWealthVerification_Non_HighRiskCountry" methodname="ACTPROF_05_SourceOfWealthVerification_Non_HighRiskCountry" classname="Join.Form.Customer.Selenium.Features._99_ActivateProfileDetailsFeature" runstate="Ignored" seed="657143380" result="Skipped" label="Ignored" start-time="2017-11-08 15:46:02Z" end-time="2017-11-08 15:46:02Z" duration="0.000867" asserts="0">
                  <properties>
                    <property name="Description" value="ACTPROF_05 - Source of wealth verification - Non-high risk country" />
                    <property name="_SKIPREASON" value="Ignored scenario" />
                    <property name="Category" value="activateprofile" />
                    <property name="Category" value="COB" />
                    <property name="Category" value="integration" />
                    <property name="Category" value="082016" />
                    <property name="Category" value="eidv" />
                    <property name="Category" value="obsolete" />
                  </properties>
                  <reason>
                    <message><![CDATA[Ignored scenario]]></message>
                  </reason>
                </test-case>
                <test-case id="0-1039" name="ACTPROF_06_SourceOfWealthVerification_HighRiskCountry" fullname="Join.Form.Customer.Selenium.Features._99_ActivateProfileDetailsFeature.ACTPROF_06_SourceOfWealthVerification_HighRiskCountry" methodname="ACTPROF_06_SourceOfWealthVerification_HighRiskCountry" classname="Join.Form.Customer.Selenium.Features._99_ActivateProfileDetailsFeature" runstate="Ignored" seed="385394741" result="Skipped" label="Ignored" start-time="2017-11-08 15:46:02Z" end-time="2017-11-08 15:46:02Z" duration="0.000026" asserts="0">
                  <properties>
                    <property name="Description" value="ACTPROF_06 - Source of wealth verification - High risk country" />
                    <property name="_SKIPREASON" value="Ignored scenario" />
                    <property name="Category" value="activateprofile" />
                    <property name="Category" value="COB" />
                    <property name="Category" value="integration" />
                    <property name="Category" value="082016" />
                    <property name="Category" value="eidv" />
                    <property name="Category" value="regression" />
                    <property name="Category" value="obsolete" />
                  </properties>
                  <reason>
                    <message><![CDATA[Ignored scenario]]></message>
                  </reason>
                </test-case>
                <test-suite type="ParameterizedMethod" id="0-1042" name="ACTPROF_07_IRDNumberValidation" fullname="Join.Form.Customer.Selenium.Features._99_ActivateProfileDetailsFeature.ACTPROF_07_IRDNumberValidation" classname="Join.Form.Customer.Selenium.Features._99_ActivateProfileDetailsFeature" runstate="Ignored" testcasecount="2" result="Skipped" label="Ignored" site="SetUp" start-time="2017-11-08 15:46:02Z" end-time="2017-11-08 15:46:02Z" duration="0.031264" total="2" passed="0" failed="0" warnings="0" inconclusive="0" skipped="2" asserts="0">
                  <properties>
                    <property name="Description" value="ACTPROF_07 - IRD number validation" />
                    <property name="_SKIPREASON" value="Ignored scenario" />
                    <property name="Category" value="activateprofile" />
                    <property name="Category" value="COB" />
                    <property name="Category" value="integration" />
                    <property name="Category" value="082016" />
                    <property name="Category" value="obsolete" />
                  </properties>
                  <reason>
                    <message><![CDATA[Ignored scenario]]></message>
                  </reason>
                  <test-case id="0-1040" name="ACTPROF_07_IRDNumberValidation(&quot;8D IRD - Prefix 0&quot;,&quot;049091850&quot;,&quot;is NOT&quot;,System.String[])" fullname="Join.Form.Customer.Selenium.Features._99_ActivateProfileDetailsFeature.ACTPROF_07_IRDNumberValidation(&quot;8D IRD - Prefix 0&quot;,&quot;049091850&quot;,&quot;is NOT&quot;,System.String[])" methodname="ACTPROF_07_IRDNumberValidation" classname="Join.Form.Customer.Selenium.Features._99_ActivateProfileDetailsFeature" runstate="Runnable" seed="1158548718" result="Skipped" label="Ignored" site="Parent" start-time="0001-01-01 00:00:00Z" end-time="0001-01-01 00:00:00Z" duration="0.000000" asserts="0">
                    <properties />
                    <reason>
                      <message><![CDATA[OneTimeSetUp: Ignored scenario]]></message>
                    </reason>
                  </test-case>
                  <test-case id="0-1041" name="ACTPROF_07_IRDNumberValidation(&quot;8D IRD - Prefix 00&quot;,&quot;0049091850&quot;,&quot;is&quot;,System.String[])" fullname="Join.Form.Customer.Selenium.Features._99_ActivateProfileDetailsFeature.ACTPROF_07_IRDNumberValidation(&quot;8D IRD - Prefix 00&quot;,&quot;0049091850&quot;,&quot;is&quot;,System.String[])" methodname="ACTPROF_07_IRDNumberValidation" classname="Join.Form.Customer.Selenium.Features._99_ActivateProfileDetailsFeature" runstate="Runnable" seed="989307748" result="Skipped" label="Ignored" site="Parent" start-time="0001-01-01 00:00:00Z" end-time="0001-01-01 00:00:00Z" duration="0.000000" asserts="0">
                    <properties />
                    <reason>
                      <message><![CDATA[OneTimeSetUp: Ignored scenario]]></message>
                    </reason>
                  </test-case>
                </test-suite>
              </test-suite>
            </test-suite>
          </test-suite>
        </test-suite>
      </test-suite>
    </test-suite>
  </test-suite>
</test-run>
