<?xml version="1.0" encoding="utf-8" standalone="no"?>
<test-run id="2" testcasecount="584" result="Failed" total="136" passed="55" failed="9" inconclusive="0" skipped="72" asserts="1625" engine-version="3.0.5813.39036" clr-version="4.0.30319.42000" start-time="2017-11-22 13:05:10Z" end-time="2017-11-22 15:13:48Z" duration="7717.403353">
  <command-line><![CDATA["D:\FeaturesUIAutomationTest\Join.Form.Customer\Features Test\NunitRunner\nunit3-console.exe"  --result=D:\FeaturesUIAutomationTestResults\Join.Form.Customer\FeaturesTest\3.0.0-meta2017112301\2017-11-23-02-05\TestResult.xml Join.Form.Customer.Selenium.dll --where cat=~'(?i)integration']]></command-line>
  <filter>
    <cat re="1">(?i)integration</cat>
  </filter>
  <test-suite type="assembly" id="0-1666" name="Join.Form.Customer.Selenium.dll" fullname="D:\FeaturesUIAutomationTest\Join.Form.Customer\Features Test\Join.Form.Customer.Selenium.dll" runstate="Runnable" testcasecount="584" result="Failed" site="Child" start-time="2017-11-22 13:05:10Z" end-time="2017-11-22 15:13:48Z" duration="7717.035313" total="136" passed="55" failed="9" warnings="0" inconclusive="0" skipped="72" asserts="1625">
    <environment framework-version="3.6.0.0" clr-version="4.0.30319.42000" os-version="Microsoft Windows NT 6.3.9600.0" platform="Win32NT" cwd="D:\FeaturesUIAutomationTest\Join.Form.Customer\Features Test" machine-name="WINATCA4795" user="zOctopusDEV2" user-domain="BRANCH" culture="en-NZ" uiculture="en-US" os-architecture="x64" />
    <settings>
      <setting name="WorkDirectory" value="D:\FeaturesUIAutomationTest\Join.Form.Customer\Features Test" />
      <setting name="NumberOfTestWorkers" value="2" />
    </settings>
    <properties>
      <property name="ParallelScope" value="None" />
      <property name="_PID" value="876" />
      <property name="_APPDOMAIN" value="test-domain-" />
    </properties>
    <failure>
      <message><![CDATA[One or more child tests had errors]]></message>
    </failure>
    <test-suite type="TestSuite" id="0-1667" name="Join" fullname="Join" runstate="Runnable" testcasecount="584" result="Failed" site="Child" start-time="2017-11-22 13:05:10Z" end-time="2017-11-22 15:13:48Z" duration="7716.994564" total="136" passed="55" failed="9" warnings="0" inconclusive="0" skipped="72" asserts="1625">
      <properties />
      <failure>
        <message><![CDATA[One or more child tests had errors]]></message>
      </failure>
      <test-suite type="TestSuite" id="0-1668" name="Form" fullname="Join.Form" runstate="Runnable" testcasecount="584" result="Failed" site="Child" start-time="2017-11-22 13:05:10Z" end-time="2017-11-22 15:13:48Z" duration="7716.976975" total="136" passed="55" failed="9" warnings="0" inconclusive="0" skipped="72" asserts="1625">
        <properties />
        <failure>
          <message><![CDATA[One or more child tests had errors]]></message>
        </failure>
        <test-suite type="TestSuite" id="0-1669" name="Customer" fullname="Join.Form.Customer" runstate="Runnable" testcasecount="584" result="Failed" site="Child" start-time="2017-11-22 13:05:10Z" end-time="2017-11-22 15:13:48Z" duration="7716.959350" total="136" passed="55" failed="9" warnings="0" inconclusive="0" skipped="72" asserts="1625">
          <properties />
          <failure>
            <message><![CDATA[One or more child tests had errors]]></message>
          </failure>
          <test-suite type="TestSuite" id="0-1670" name="Selenium" fullname="Join.Form.Customer.Selenium" runstate="Runnable" testcasecount="584" result="Failed" site="Child" start-time="2017-11-22 13:05:10Z" end-time="2017-11-22 15:13:48Z" duration="7716.941715" total="136" passed="55" failed="9" warnings="0" inconclusive="0" skipped="72" asserts="1625">
            <properties />
            <failure>
              <message><![CDATA[One or more child tests had errors]]></message>
            </failure>
            <test-suite type="TestSuite" id="0-1671" name="Features" fullname="Join.Form.Customer.Selenium.Features" runstate="Runnable" testcasecount="584" result="Failed" site="Child" start-time="2017-11-22 13:05:10Z" end-time="2017-11-22 15:13:48Z" duration="7716.924157" total="136" passed="55" failed="9" warnings="0" inconclusive="0" skipped="72" asserts="1625">
              <properties />
              <failure>
                <message><![CDATA[One or more child tests had errors]]></message>
              </failure>
              <test-suite type="TestFixture" id="0-1308" name="_01_IntroductionPageFeature" fullname="Join.Form.Customer.Selenium.Features._01_IntroductionPageFeature" classname="Join.Form.Customer.Selenium.Features._01_IntroductionPageFeature" runstate="Runnable" testcasecount="18" result="Passed" start-time="2017-11-22 13:05:10Z" end-time="2017-11-22 13:05:41Z" duration="30.999359" total="1" passed="1" failed="0" warnings="0" inconclusive="0" skipped="0" asserts="23">
                <properties>
                  <property name="Description" value="01_IntroductionPage" />
                </properties>
                <test-case id="0-1322" name="INTRO_09_VerifyIntroductionPageForCleverKash" fullname="Join.Form.Customer.Selenium.Features._01_IntroductionPageFeature.INTRO_09_VerifyIntroductionPageForCleverKash" methodname="INTRO_09_VerifyIntroductionPageForCleverKash" classname="Join.Form.Customer.Selenium.Features._01_IntroductionPageFeature" runstate="Runnable" seed="1627278354" result="Passed" start-time="2017-11-22 13:05:11Z" end-time="2017-11-22 13:05:41Z" duration="30.473994" asserts="23">
                  <properties>
                    <property name="Description" value="INTRO_09 - Verify Introduction page for Clever Kash" />
                    <property name="Category" value="COB" />
                    <property name="Category" value="intro" />
                    <property name="Category" value="integration" />
                    <property name="Category" value="regression" />
                    <property name="Category" value="092016" />
                  </properties>
                  <output><![CDATA[Given I start my Streamline application
Navigating to URL: https://webappisamdev.asbbank.co.nz/public/join/asb/max?grcDisabled=true&fncJunction=fnc104
-> done: CommonSteps.GivenIStartMyStreamlineApplication() (0.7s)
Given I am in the Clever Kash Introduction page
Navigating to URL: https://webappisamdev.asbbank.co.nz/public/join/cleverkash/max?grcDisabled=true&fncJunction=fnc104
-> done: CommonSteps.GivenIAmInTheCleverKashIntroductionPage() (0.4s)
And I am in the Introduction page
11/23/2017 2:05:14 AMWaitForFeaturesPageLoad: Executing WaitForFrameAndSwitch
11/23/2017 2:05:15 AMWaitForFeaturesPageLoad: Done executing WaitForFrameAndSwitch
-> done: IntroductionPageSteps.GivenIAmInTheIntroductionPage() (14.0s)
Then the header image is displayed
-> done: IntroductionPageSteps.ThenTheHeaderImageIsDisplayed() (0.1s)
And the Introduction heading and info text is displayed
-> done: IntroductionPageSteps.ThenTheIntroductionHeadingAndInfoTextIsDisplayed() (0.1s)
And the It's easy to join section for Clever Kash is not displayed
-> done: IntroductionPageSteps.ThenTheItSEasyToJoinSectionForCleverKashIsNotDisplayed() (10.2s)
And the Before you start section is displayed
-> done: IntroductionPageSteps.ThenTheBeforeYouStartSectionIsDisplayed() (0.2s)
And the 'Over 18' tri-state controls has no default selection
-> done: IntroductionPageSteps.ThenTheTriStateControlsHasNoDefaultSelection("Over 18") (0.1s)
And the 'NZ Resident' tri-state controls has no default selection
-> done: IntroductionPageSteps.ThenTheTriStateControlsHasNoDefaultSelection("NZ Resident") (0.1s)
And the footer elements are displayed
-> done: IntroductionPageSteps.ThenTheFooterElementsAreDisplayed() (0.4s)
]]></output>
                </test-case>
              </test-suite>
              <test-suite type="TestFixture" id="0-1415" name="_02_ProductsPageFeature" fullname="Join.Form.Customer.Selenium.Features._02_ProductsPageFeature" classname="Join.Form.Customer.Selenium.Features._02_ProductsPageFeature" runstate="Runnable" testcasecount="8" result="Passed" start-time="2017-11-22 13:05:41Z" end-time="2017-11-22 13:05:59Z" duration="17.808041" total="1" passed="1" failed="0" warnings="0" inconclusive="0" skipped="0" asserts="18">
                <properties>
                  <property name="Description" value="02_ProductsPage" />
                </properties>
                <test-case id="0-1416" name="PRODUCTS_01_VerifyUI_SelectProductsPage" fullname="Join.Form.Customer.Selenium.Features._02_ProductsPageFeature.PRODUCTS_01_VerifyUI_SelectProductsPage" methodname="PRODUCTS_01_VerifyUI_SelectProductsPage" classname="Join.Form.Customer.Selenium.Features._02_ProductsPageFeature" runstate="Runnable" seed="1749638994" result="Passed" start-time="2017-11-22 13:05:41Z" end-time="2017-11-22 13:05:59Z" duration="17.802452" asserts="18">
                  <properties>
                    <property name="Description" value="PRODUCTS_01 - Verify UI - Select Products page" />
                    <property name="Category" value="COB" />
                    <property name="Category" value="products" />
                    <property name="Category" value="ui" />
                    <property name="Category" value="regression" />
                    <property name="Category" value="smoke" />
                    <property name="Category" value="integration" />
                    <property name="Category" value="072016" />
                  </properties>
                  <output><![CDATA[Given I start my Streamline application
Navigating to URL: https://webappisamdev.asbbank.co.nz/public/join/asb/max?grcDisabled=true&fncJunction=fnc104
-> done: CommonSteps.GivenIStartMyStreamlineApplication() (0.7s)
Given I am in the Select Products page
11/23/2017 2:05:53 AMWaitForFeaturesPageLoad: Executing WaitForFrameAndSwitch
11/23/2017 2:05:53 AMWaitForFeaturesPageLoad: Done executing WaitForFrameAndSwitch
-> done: ProductsPageSteps.GivenIAmInTheSelectProductsPage() (11.1s)
Then the Streamline transaction account details are displayed
-> done: ProductsPageSteps.ThenTheStreamlineTransactionAccountDetailsAreDisplayed() (0.2s)
And the 'ASB Visa Debit Streamline Intro' details are displayed with preselected checkbox
-> done: ProductsPageSteps.ThenTheIsPreselected("ASB Visa Debit St...") (0.2s)
And the 'FastSaver' account details are displayed with an unselected checkbox
Unable to find product 'FastSaver' in page or product 'FastSaver' is not selected
-> done: ProductsPageSteps.ThenTheAccountDetailsAreDisplayedWithAnUnselectedCheckbox("FastSaver") (1.3s)
And the 'Savings On Call' account details are displayed with an unselected checkbox
Unable to find product 'Savings On Call' in page or product 'Savings On Call' is not selected
-> done: ProductsPageSteps.ThenTheAccountDetailsAreDisplayedWithAnUnselectedCheckbox("Savings On Call") (1.2s)
And the products disclaimer is displayed
-> done: ProductsPageSteps.ThenTheProductsDisclaimerIsDisplayed() (0.1s)
]]></output>
                </test-case>
              </test-suite>
              <test-suite type="TestFixture" id="0-1377" name="_03_PersonalDetailsFeature" fullname="Join.Form.Customer.Selenium.Features._03_PersonalDetailsFeature" classname="Join.Form.Customer.Selenium.Features._03_PersonalDetailsFeature" runstate="Runnable" testcasecount="35" result="Passed" start-time="2017-11-22 13:05:59Z" end-time="2017-11-22 13:07:07Z" duration="67.452976" total="2" passed="2" failed="0" warnings="0" inconclusive="0" skipped="0" asserts="4">
                <properties>
                  <property name="Description" value="03_PersonalDetails" />
                </properties>
                <test-case id="0-1393" name="PDETAILS_14_SearchAndSelectStandardAddress" fullname="Join.Form.Customer.Selenium.Features._03_PersonalDetailsFeature.PDETAILS_14_SearchAndSelectStandardAddress" methodname="PDETAILS_14_SearchAndSelectStandardAddress" classname="Join.Form.Customer.Selenium.Features._03_PersonalDetailsFeature" runstate="Runnable" seed="2056093244" result="Passed" start-time="2017-11-22 13:05:59Z" end-time="2017-11-22 13:06:35Z" duration="35.312244" asserts="2">
                  <properties>
                    <property name="Description" value="PDETAILS_14 - Search and select standard address" />
                    <property name="Category" value="COB" />
                    <property name="Category" value="personaldetails" />
                    <property name="Category" value="regression" />
                    <property name="Category" value="smoke" />
                    <property name="Category" value="ui" />
                    <property name="Category" value="integration" />
                    <property name="Category" value="072016" />
                  </properties>
                  <output><![CDATA[Given I start my Streamline application
Navigating to URL: https://webappisamdev.asbbank.co.nz/public/join/asb/max?grcDisabled=true&fncJunction=fnc104
-> done: CommonSteps.GivenIStartMyStreamlineApplication() (0.8s)
Given I am in the Personal Details page
11/23/2017 2:06:11 AMWaitForFeaturesPageLoad: Executing WaitForFrameAndSwitch
11/23/2017 2:06:11 AMWaitForFeaturesPageLoad: Done executing WaitForFrameAndSwitch
Unable to find product 'Savings On Call' in page or product 'Savings On Call' is not selected
Unable to find product 'FastSaver' in page or product 'FastSaver' is not selected
-> done: PersonalDetailsSteps.GivenIAmInThePersonalDetailsPage() (13.2s)
When I search and select '12 Lake Road, Kaitaia' as 'Standard' address
-> done: PersonalDetailsSteps.WhenISearchAndSelectAsAddress("12 Lake Road, Kai...", "Standard") (18.0s)
Then my 'Standard' address is displayed
-> done: PersonalDetailsSteps.ThenMyAddressIsDisplayed("Standard") (0.3s)
]]></output>
                </test-case>
                <test-case id="0-1394" name="PDETAILS_15_SearchAndSelectRuralDeliveryAddress" fullname="Join.Form.Customer.Selenium.Features._03_PersonalDetailsFeature.PDETAILS_15_SearchAndSelectRuralDeliveryAddress" methodname="PDETAILS_15_SearchAndSelectRuralDeliveryAddress" classname="Join.Form.Customer.Selenium.Features._03_PersonalDetailsFeature" runstate="Runnable" seed="1452324352" result="Passed" start-time="2017-11-22 13:06:35Z" end-time="2017-11-22 13:07:07Z" duration="32.127344" asserts="2">
                  <properties>
                    <property name="Description" value="PDETAILS_15 - Search and select rural delivery address" />
                    <property name="Category" value="COB" />
                    <property name="Category" value="personaldetails" />
                    <property name="Category" value="regression" />
                    <property name="Category" value="ui" />
                    <property name="Category" value="integration" />
                    <property name="Category" value="072016" />
                  </properties>
                  <output><![CDATA[Given I start my Streamline application
Navigating to URL: https://webappisamdev.asbbank.co.nz/public/join/asb/max?grcDisabled=true&fncJunction=fnc104
-> done: CommonSteps.GivenIStartMyStreamlineApplication() (0.9s)
Given I am in the Personal Details page
11/23/2017 2:06:47 AMWaitForFeaturesPageLoad: Executing WaitForFrameAndSwitch
11/23/2017 2:06:47 AMWaitForFeaturesPageLoad: Done executing WaitForFrameAndSwitch
Unable to find product 'Savings On Call' in page or product 'Savings On Call' is not selected
Unable to find product 'FastSaver' in page or product 'FastSaver' is not selected
-> done: PersonalDetailsSteps.GivenIAmInThePersonalDetailsPage() (13.1s)
When I search and select '21 Greens Road, RD 1, Kaiapoi' as 'Rural Delivery' address
-> done: PersonalDetailsSteps.WhenISearchAndSelectAsAddress("21 Greens Road, R...", "Rural Delivery") (14.8s)
Then my 'Rural Delivery' address is displayed
-> done: PersonalDetailsSteps.ThenMyAddressIsDisplayed("Rural Delivery") (0.2s)
]]></output>
                </test-case>
              </test-suite>
              <test-suite type="TestFixture" id="0-1485" name="_04_TaxDetailsFeature" fullname="Join.Form.Customer.Selenium.Features._04_TaxDetailsFeature" classname="Join.Form.Customer.Selenium.Features._04_TaxDetailsFeature" runstate="Runnable" testcasecount="95" result="Failed" site="Child" start-time="2017-11-22 13:07:07Z" end-time="2017-11-22 13:08:14Z" duration="67.479869" total="1" passed="0" failed="1" warnings="0" inconclusive="0" skipped="0" asserts="3">
                <properties>
                  <property name="Description" value="04_TaxDetails" />
                </properties>
                <failure>
                  <message><![CDATA[One or more child tests had errors]]></message>
                </failure>
                <test-case id="0-1584" name="TAXINFO_27_TINNumberAddCoTR" fullname="Join.Form.Customer.Selenium.Features._04_TaxDetailsFeature.TAXINFO_27_TINNumberAddCoTR" methodname="TAXINFO_27_TINNumberAddCoTR" classname="Join.Form.Customer.Selenium.Features._04_TaxDetailsFeature" runstate="Runnable" seed="1647374399" result="Failed" label="Error" start-time="2017-11-22 13:07:07Z" end-time="2017-11-22 13:08:14Z" duration="67.461682" asserts="3">
                  <properties>
                    <property name="Description" value="TAXINFO_27 - TIN number Add CoTR" />
                    <property name="Category" value="112017" />
                    <property name="Category" value="taxdetails" />
                    <property name="Category" value="ui" />
                    <property name="Category" value="smoke" />
                    <property name="Category" value="regression" />
                    <property name="Category" value="integration" />
                    <property name="Category" value="securitytest" />
                  </properties>
                  <failure>
                    <message><![CDATA[System.TimeoutException : Retry Timed Out while trying to execute - <GetElement>b__0]]></message>
                    <stack-trace><![CDATA[   at ASB.Selenium.Pages.BasePage.Helper.Retry(Func`1 function, Int32 retryInterval, Int32 retryCount, String exceptionMessage)
   at ASB.Selenium.Pages.BasePage.BasePage.GetElement(By locator)
   at ASB.Selenium.Pages.BasePage.BasePage.GetText(By locator)
   at Selenium.Pages.COB.AdditionalPersonalDetails.AdditionalDetailsPage.GetAddCotrLabel()
   at Selenium.Steps.COB.AdditionalPersonalDetails.AdditionalPersonalDetailsSteps.ThenTheAddCoTRTakeoverDisplayed(String expectedDisplay)
   at TechTalk.SpecFlow.Bindings.BindingInvoker.InvokeBinding(IBinding binding, IContextManager contextManager, Object[] arguments, ITestTracer testTracer, TimeSpan& duration)
   at TechTalk.SpecFlow.Infrastructure.TestExecutionEngine.ExecuteStepMatch(BindingMatch match, Object[] arguments)
   at TechTalk.SpecFlow.Infrastructure.TestExecutionEngine.ExecuteStep(StepInstance stepInstance)
   at TechTalk.SpecFlow.Infrastructure.TestExecutionEngine.OnAfterLastStep()
   at Join.Form.Customer.Selenium.Features._04_TaxDetailsFeature.ScenarioCleanup()
   at Join.Form.Customer.Selenium.Features._04_TaxDetailsFeature.TAXINFO_27_TINNumberAddCoTR()]]></stack-trace>
                  </failure>
                  <output><![CDATA[Given I start my Streamline application
Navigating to URL: https://webappisamdev.asbbank.co.nz/public/join/asb/max?grcDisabled=true&fncJunction=fnc104
-> done: CommonSteps.GivenIStartMyStreamlineApplication() (0.7s)
And I am in the Personal Details page
11/23/2017 2:07:19 AMWaitForFeaturesPageLoad: Executing WaitForFrameAndSwitch
11/23/2017 2:07:19 AMWaitForFeaturesPageLoad: Done executing WaitForFrameAndSwitch
Unable to find product 'Savings On Call' in page or product 'Savings On Call' is not selected
Unable to find product 'FastSaver' in page or product 'FastSaver' is not selected
-> done: PersonalDetailsSteps.GivenIAmInThePersonalDetailsPage() (13.1s)
Given I enter all required details in the Personal details page and clicks on Next button:
  --- table step argument ---
  | Title | FirstName  | MiddleName | LastName | DateOfBirth   | Email             | MobileNumber   | CountriesCitizenship | PreferredIdType |
  | Miss  | Automation |            | FYICOB   | 16 March 1978 | cob2016@asb.co.nz | 021-1234567890 | New Zealand          | Other           |
Inline error message for 'home address' field displayed: False
Inline error message for 'countries where you have citizenship' field displayed: False
-> done: PersonalDetailsSteps.WhenIEnterAllRequiredDetailsForPersonalDetailsPage(<table>) (19.0s)
Then the Tax Details page is displayed
-> done: AdditionalPersonalDetailsSteps.GivenIAmInTheTaxInformationPage() (0.0s)
When I select 'Yes' in the Are you currently a New Zealand tax resident question
-> done: AdditionalPersonalDetailsSteps.WhenISelectInTheAreYouANewZealandTaxResidentQuestion("Yes") (0.1s)
And I select 'Yes' in the Foreign tax resident question
-> done: AdditionalPersonalDetailsSteps.WhenISelectInTheForeignTaxResidentQuestion("Yes") (0.2s)
And I click Add a country button
-> done: AdditionalPersonalDetailsSteps.WhenIClickAddACountryButton() (0.2s)
Then the add CoTR takeover 'is' displayed
-> error: Retry Timed Out while trying to execute - <GetElement>b__0
When I select the country 'Australia' in the Countries where you have Foreign Tax Residence dropdown
-> skipped because of previous errors
Then the Foreign Tax Number field 'is' displayed
-> skipped because of previous errors
And the Where can I find this number? link opens in a new window
-> skipped because of previous errors
And the following blacklisted TINs are not accepted in Foreign Tax Number field
  --- table step argument ---
  | tin         |
  | n/a         |
  | na          |
  | n.a         |
  | n.a.        |
  | n a         |
  | tbd         |
  | t.b.d       |
  | t.b.d.      |
  | t b d       |
  | tbc         |
  | t.b.c       |
  | t.b.c.      |
  | t b c       |
  | unknown     |
  | -           |
  | --          |
  | ---         |
  | ----        |
  | -----       |
  | none        |
  | non         |
  | don't know  |
  | do not know |
  | <>          |
-> skipped because of previous errors
]]></output>
                </test-case>
              </test-suite>
              <test-suite type="TestFixture" id="0-1102" name="_05_ASBLoginPageFeature" fullname="Join.Form.Customer.Selenium.Features._05_ASBLoginPageFeature" classname="Join.Form.Customer.Selenium.Features._05_ASBLoginPageFeature" runstate="Runnable" testcasecount="133" result="Passed" start-time="2017-11-22 13:08:14Z" end-time="2017-11-22 13:10:35Z" duration="140.547459" total="4" passed="4" failed="0" warnings="0" inconclusive="0" skipped="0" asserts="34">
                <properties>
                  <property name="Description" value="05_ASBLoginPage" />
                </properties>
                <test-suite type="ParameterizedMethod" id="0-1108" name="LOGIN_02_VerifyUsernameGeneration" fullname="Join.Form.Customer.Selenium.Features._05_ASBLoginPageFeature.LOGIN_02_VerifyUsernameGeneration" classname="Join.Form.Customer.Selenium.Features._05_ASBLoginPageFeature" runstate="Runnable" testcasecount="4" result="Passed" start-time="2017-11-22 13:08:14Z" end-time="2017-11-22 13:10:35Z" duration="140.515867" total="4" passed="4" failed="0" warnings="0" inconclusive="0" skipped="0" asserts="34">
                  <properties>
                    <property name="Description" value="LOGIN_02 - Verify username generation" />
                    <property name="Category" value="COB" />
                    <property name="Category" value="asblogin" />
                    <property name="Category" value="integration" />
                    <property name="Category" value="072016" />
                  </properties>
                  <test-case id="0-1104" name="LOGIN_02_VerifyUsernameGeneration(&quot;Update all&quot;,&quot;new First&quot;,&quot;new Last&quot;,&quot;true&quot;,null)" fullname="Join.Form.Customer.Selenium.Features._05_ASBLoginPageFeature.LOGIN_02_VerifyUsernameGeneration(&quot;Update all&quot;,&quot;new First&quot;,&quot;new Last&quot;,&quot;true&quot;,null)" methodname="LOGIN_02_VerifyUsernameGeneration" classname="Join.Form.Customer.Selenium.Features._05_ASBLoginPageFeature" runstate="Runnable" seed="1598955996" result="Passed" start-time="2017-11-22 13:08:14Z" end-time="2017-11-22 13:08:48Z" duration="34.085706" asserts="9">
                    <properties>
                      <property name="Category" value="regression" />
                      <property name="Category" value="smoke" />
                    </properties>
                    <output><![CDATA[Given I start my Streamline application
Navigating to URL: https://webappisamdev.asbbank.co.nz/public/join/asb/max?grcDisabled=true&fncJunction=fnc104
-> done: CommonSteps.GivenIStartMyStreamlineApplication() (0.6s)
And I am in the Personal Details page
11/23/2017 2:08:26 AMWaitForFeaturesPageLoad: Executing WaitForFrameAndSwitch
11/23/2017 2:08:26 AMWaitForFeaturesPageLoad: Done executing WaitForFrameAndSwitch
Unable to find product 'Savings On Call' in page or product 'Savings On Call' is not selected
Unable to find product 'FastSaver' in page or product 'FastSaver' is not selected
-> done: PersonalDetailsSteps.GivenIAmInThePersonalDetailsPage() (13.0s)
And I enter all required details in the Personal details page and clicks on Next button:
  --- table step argument ---
  | Title | FirstName | MiddleName | LastName | DateOfBirth   | Email             | MobileNumber   | CountriesCitizenship | PreferredIdType |
  | Miss  | Mary      | Middle     | Thomas   | 16 March 1978 | cob2016@asb.co.nz | 021-1234567890 | New Zealand          | Other           |
Inline error message for 'home address' field displayed: False
Inline error message for 'countries where you have citizenship' field displayed: False
-> done: PersonalDetailsSteps.WhenIEnterAllRequiredDetailsForPersonalDetailsPage(<table>) (13.4s)
And I enter mandatory Tax Information for NZ citizen and clicks on Next button
-> done: AdditionalPersonalDetailsSteps.GivenIEnterMandatoryTaxInformationForNZCitizen() (0.5s)
Given I am in the ASB Login page
-> done: ASBLoginPageSteps.GivenIAmInTheASBLoginPage() (0.7s)
And the generated username is displayed
-> done: ASBLoginPageSteps.GivenTheGeneratedUsernameIsDisplayed() (0.5s)
When I click on 'Previous' button
-> done: CommonSteps.WhenIClickOnButton("Previous") (0.1s)
And I click on 'Previous' button
-> done: CommonSteps.WhenIClickOnButton("Previous") (0.2s)
And the 'Personal Details' screen of Join ASB page is displayed
-> done: CommonSteps.ThenTheScreenOfJoinASBPageIsDisplayed("Personal Details") (0.0s)
And I enter my Firstname as 'new First' and Lastname as 'new Last'
-> done: PersonalDetailsSteps.WhenIEnterMyFirstnameAsAndLastnameAs("new First", "new Last") (1.5s)
And I click on 'Next' button
-> done: CommonSteps.WhenIClickOnButton("Next") (0.1s)
And I click on 'Next' button
-> done: CommonSteps.WhenIClickOnButton("Next") (0.1s)
And the 'ASB Login' screen of Join ASB page is displayed
-> done: CommonSteps.ThenTheScreenOfJoinASBPageIsDisplayed("ASB Login") (0.2s)
Then I expect my username to be 'true'
-> done: ASBLoginPageSteps.ThenIExpectMyUsernameToBe(True) (0.2s)
]]></output>
                  </test-case>
                  <test-case id="0-1105" name="LOGIN_02_VerifyUsernameGeneration(&quot;No change&quot;,&quot;same&quot;,&quot;same&quot;,&quot;false&quot;,null)" fullname="Join.Form.Customer.Selenium.Features._05_ASBLoginPageFeature.LOGIN_02_VerifyUsernameGeneration(&quot;No change&quot;,&quot;same&quot;,&quot;same&quot;,&quot;false&quot;,null)" methodname="LOGIN_02_VerifyUsernameGeneration" classname="Join.Form.Customer.Selenium.Features._05_ASBLoginPageFeature" runstate="Runnable" seed="2016402758" result="Passed" start-time="2017-11-22 13:08:48Z" end-time="2017-11-22 13:09:21Z" duration="32.234344" asserts="7">
                    <properties>
                      <property name="Category" value="regression" />
                    </properties>
                    <output><![CDATA[Given I start my Streamline application
Navigating to URL: https://webappisamdev.asbbank.co.nz/public/join/asb/max?grcDisabled=true&fncJunction=fnc104
-> done: CommonSteps.GivenIStartMyStreamlineApplication() (0.5s)
And I am in the Personal Details page
11/23/2017 2:09:00 AMWaitForFeaturesPageLoad: Executing WaitForFrameAndSwitch
11/23/2017 2:09:00 AMWaitForFeaturesPageLoad: Done executing WaitForFrameAndSwitch
Unable to find product 'Savings On Call' in page or product 'Savings On Call' is not selected
Unable to find product 'FastSaver' in page or product 'FastSaver' is not selected
-> done: PersonalDetailsSteps.GivenIAmInThePersonalDetailsPage() (13.0s)
And I enter all required details in the Personal details page and clicks on Next button:
  --- table step argument ---
  | Title | FirstName | MiddleName | LastName | DateOfBirth   | Email             | MobileNumber   | CountriesCitizenship | PreferredIdType |
  | Miss  | Mary      | Middle     | Thomas   | 16 March 1978 | cob2016@asb.co.nz | 021-1234567890 | New Zealand          | Other           |
Inline error message for 'home address' field displayed: False
Inline error message for 'countries where you have citizenship' field displayed: False
-> done: PersonalDetailsSteps.WhenIEnterAllRequiredDetailsForPersonalDetailsPage(<table>) (13.2s)
And I enter mandatory Tax Information for NZ citizen and clicks on Next button
-> done: AdditionalPersonalDetailsSteps.GivenIEnterMandatoryTaxInformationForNZCitizen() (0.5s)
Given I am in the ASB Login page
-> done: ASBLoginPageSteps.GivenIAmInTheASBLoginPage() (0.3s)
And the generated username is displayed
-> done: ASBLoginPageSteps.GivenTheGeneratedUsernameIsDisplayed() (0.2s)
When I click on 'Previous' button
-> done: CommonSteps.WhenIClickOnButton("Previous") (0.2s)
And I click on 'Previous' button
-> done: CommonSteps.WhenIClickOnButton("Previous") (0.2s)
And the 'Personal Details' screen of Join ASB page is displayed
-> done: CommonSteps.ThenTheScreenOfJoinASBPageIsDisplayed("Personal Details") (0.0s)
And I enter my Firstname as 'same' and Lastname as 'same'
-> done: PersonalDetailsSteps.WhenIEnterMyFirstnameAsAndLastnameAs("same", "same") (0.0s)
And I click on 'Next' button
-> done: CommonSteps.WhenIClickOnButton("Next") (0.1s)
And I click on 'Next' button
-> done: CommonSteps.WhenIClickOnButton("Next") (0.1s)
And the 'ASB Login' screen of Join ASB page is displayed
-> done: CommonSteps.ThenTheScreenOfJoinASBPageIsDisplayed("ASB Login") (0.1s)
Then I expect my username to be 'false'
-> done: ASBLoginPageSteps.ThenIExpectMyUsernameToBe(False) (0.1s)
]]></output>
                  </test-case>
                  <test-case id="0-1106" name="LOGIN_02_VerifyUsernameGeneration(&quot;Update Firstname&quot;,&quot;new First&quot;,&quot;same&quot;,&quot;true&quot;,null)" fullname="Join.Form.Customer.Selenium.Features._05_ASBLoginPageFeature.LOGIN_02_VerifyUsernameGeneration(&quot;Update Firstname&quot;,&quot;new First&quot;,&quot;same&quot;,&quot;true&quot;,null)" methodname="LOGIN_02_VerifyUsernameGeneration" classname="Join.Form.Customer.Selenium.Features._05_ASBLoginPageFeature" runstate="Runnable" seed="1331038983" result="Passed" start-time="2017-11-22 13:09:21Z" end-time="2017-11-22 13:09:51Z" duration="30.391574" asserts="9">
                    <properties>
                      <property name="Category" value="regression" />
                    </properties>
                    <output><![CDATA[Given I start my Streamline application
Navigating to URL: https://webappisamdev.asbbank.co.nz/public/join/asb/max?grcDisabled=true&fncJunction=fnc104
-> done: CommonSteps.GivenIStartMyStreamlineApplication() (0.6s)
And I am in the Personal Details page
11/23/2017 2:09:32 AMWaitForFeaturesPageLoad: Executing WaitForFrameAndSwitch
11/23/2017 2:09:32 AMWaitForFeaturesPageLoad: Done executing WaitForFrameAndSwitch
Unable to find product 'Savings On Call' in page or product 'Savings On Call' is not selected
Unable to find product 'FastSaver' in page or product 'FastSaver' is not selected
-> done: PersonalDetailsSteps.GivenIAmInThePersonalDetailsPage() (13.1s)
And I enter all required details in the Personal details page and clicks on Next button:
  --- table step argument ---
  | Title | FirstName | MiddleName | LastName | DateOfBirth   | Email             | MobileNumber   | CountriesCitizenship | PreferredIdType |
  | Miss  | Mary      | Middle     | Thomas   | 16 March 1978 | cob2016@asb.co.nz | 021-1234567890 | New Zealand          | Other           |
Inline error message for 'home address' field displayed: False
Inline error message for 'countries where you have citizenship' field displayed: False
-> done: PersonalDetailsSteps.WhenIEnterAllRequiredDetailsForPersonalDetailsPage(<table>) (13.2s)
And I enter mandatory Tax Information for NZ citizen and clicks on Next button
-> done: AdditionalPersonalDetailsSteps.GivenIEnterMandatoryTaxInformationForNZCitizen() (0.5s)
Given I am in the ASB Login page
-> done: ASBLoginPageSteps.GivenIAmInTheASBLoginPage() (0.2s)
And the generated username is displayed
-> done: ASBLoginPageSteps.GivenTheGeneratedUsernameIsDisplayed() (0.2s)
When I click on 'Previous' button
-> done: CommonSteps.WhenIClickOnButton("Previous") (0.1s)
And I click on 'Previous' button
-> done: CommonSteps.WhenIClickOnButton("Previous") (0.2s)
And the 'Personal Details' screen of Join ASB page is displayed
-> done: CommonSteps.ThenTheScreenOfJoinASBPageIsDisplayed("Personal Details") (0.0s)
And I enter my Firstname as 'new First' and Lastname as 'same'
-> done: PersonalDetailsSteps.WhenIEnterMyFirstnameAsAndLastnameAs("new First", "same") (0.8s)
And I click on 'Next' button
-> done: CommonSteps.WhenIClickOnButton("Next") (0.1s)
And I click on 'Next' button
-> done: CommonSteps.WhenIClickOnButton("Next") (0.1s)
And the 'ASB Login' screen of Join ASB page is displayed
-> done: CommonSteps.ThenTheScreenOfJoinASBPageIsDisplayed("ASB Login") (0.1s)
Then I expect my username to be 'true'
-> done: ASBLoginPageSteps.ThenIExpectMyUsernameToBe(True) (0.2s)
]]></output>
                  </test-case>
                  <test-case id="0-1107" name="LOGIN_02_VerifyUsernameGeneration(&quot;Update Lastname&quot;,&quot;same&quot;,&quot;new Last&quot;,&quot;true&quot;,null)" fullname="Join.Form.Customer.Selenium.Features._05_ASBLoginPageFeature.LOGIN_02_VerifyUsernameGeneration(&quot;Update Lastname&quot;,&quot;same&quot;,&quot;new Last&quot;,&quot;true&quot;,null)" methodname="LOGIN_02_VerifyUsernameGeneration" classname="Join.Form.Customer.Selenium.Features._05_ASBLoginPageFeature" runstate="Runnable" seed="1145463658" result="Passed" start-time="2017-11-22 13:09:51Z" end-time="2017-11-22 13:10:35Z" duration="43.724183" asserts="9">
                    <properties>
                      <property name="Category" value="regression" />
                    </properties>
                    <output><![CDATA[Given I start my Streamline application
Navigating to URL: https://webappisamdev.asbbank.co.nz/public/join/asb/max?grcDisabled=true&fncJunction=fnc104
-> done: CommonSteps.GivenIStartMyStreamlineApplication() (0.7s)
And I am in the Personal Details page
11/23/2017 2:10:03 AMWaitForFeaturesPageLoad: Executing WaitForFrameAndSwitch
11/23/2017 2:10:03 AMWaitForFeaturesPageLoad: Done executing WaitForFrameAndSwitch
Unable to find product 'Savings On Call' in page or product 'Savings On Call' is not selected
Unable to find product 'FastSaver' in page or product 'FastSaver' is not selected
-> done: PersonalDetailsSteps.GivenIAmInThePersonalDetailsPage() (13.1s)
And I enter all required details in the Personal details page and clicks on Next button:
  --- table step argument ---
  | Title | FirstName | MiddleName | LastName | DateOfBirth   | Email             | MobileNumber   | CountriesCitizenship | PreferredIdType |
  | Miss  | Mary      | Middle     | Thomas   | 16 March 1978 | cob2016@asb.co.nz | 021-1234567890 | New Zealand          | Other           |
Inline error message for 'home address' field displayed: False
Inline error message for 'countries where you have citizenship' field displayed: False
-> done: PersonalDetailsSteps.WhenIEnterAllRequiredDetailsForPersonalDetailsPage(<table>) (19.8s)
And I enter mandatory Tax Information for NZ citizen and clicks on Next button
-> done: AdditionalPersonalDetailsSteps.GivenIEnterMandatoryTaxInformationForNZCitizen() (0.5s)
Given I am in the ASB Login page
-> done: ASBLoginPageSteps.GivenIAmInTheASBLoginPage() (1.6s)
And the generated username is displayed
-> done: ASBLoginPageSteps.GivenTheGeneratedUsernameIsDisplayed() (1.0s)
When I click on 'Previous' button
-> done: CommonSteps.WhenIClickOnButton("Previous") (0.1s)
And I click on 'Previous' button
-> done: CommonSteps.WhenIClickOnButton("Previous") (0.2s)
And the 'Personal Details' screen of Join ASB page is displayed
-> done: CommonSteps.ThenTheScreenOfJoinASBPageIsDisplayed("Personal Details") (0.0s)
And I enter my Firstname as 'same' and Lastname as 'new Last'
-> done: PersonalDetailsSteps.WhenIEnterMyFirstnameAsAndLastnameAs("same", "new Last") (0.8s)
And I click on 'Next' button
-> done: CommonSteps.WhenIClickOnButton("Next") (0.1s)
And I click on 'Next' button
-> done: CommonSteps.WhenIClickOnButton("Next") (0.1s)
And the 'ASB Login' screen of Join ASB page is displayed
-> done: CommonSteps.ThenTheScreenOfJoinASBPageIsDisplayed("ASB Login") (0.6s)
Then I expect my username to be 'true'
-> done: ASBLoginPageSteps.ThenIExpectMyUsernameToBe(True) (1.8s)
]]></output>
                  </test-case>
                </test-suite>
              </test-suite>
              <test-suite type="TestFixture" id="0-1437" name="_06_SummaryPageFeature" fullname="Join.Form.Customer.Selenium.Features._06_SummaryPageFeature" classname="Join.Form.Customer.Selenium.Features._06_SummaryPageFeature" runstate="Runnable" testcasecount="42" result="Failed" site="Child" start-time="2017-11-22 13:10:35Z" end-time="2017-11-22 13:16:53Z" duration="378.520829" total="1" passed="0" failed="1" warnings="0" inconclusive="0" skipped="0" asserts="3">
                <properties>
                  <property name="Description" value="06_SummaryPage" />
                </properties>
                <failure>
                  <message><![CDATA[One or more child tests had errors]]></message>
                </failure>
                <test-case id="0-1462" name="SUMMARY_09_VerifyThePageBehaviourWhenTheUserClicksOnConfirmButton" fullname="Join.Form.Customer.Selenium.Features._06_SummaryPageFeature.SUMMARY_09_VerifyThePageBehaviourWhenTheUserClicksOnConfirmButton" methodname="SUMMARY_09_VerifyThePageBehaviourWhenTheUserClicksOnConfirmButton" classname="Join.Form.Customer.Selenium.Features._06_SummaryPageFeature" runstate="Runnable" seed="2024825890" result="Failed" label="Error" start-time="2017-11-22 13:10:35Z" end-time="2017-11-22 13:16:53Z" duration="378.502446" asserts="3">
                  <properties>
                    <property name="Description" value="SUMMARY_09 - Verify the page behaviour when the user clicks on Confirm button" />
                    <property name="Category" value="COB" />
                    <property name="Category" value="summary" />
                    <property name="Category" value="integration" />
                    <property name="Category" value="072016" />
                    <property name="Category" value="112017" />
                  </properties>
                  <failure>
                    <message><![CDATA[System.Exception : no such element: Unable to locate element: {"method":"css selector","selector":"#loggingYouIn"}
  (Session info: chrome=60.0.3112.78)
  (Driver info: chromedriver=2.29.461591 (62ebf098771772160f391d75e589dc567915b233),platform=Windows NT 6.3.9600 x86_64)
  ----> OpenQA.Selenium.NoSuchElementException : no such element: Unable to locate element: {"method":"css selector","selector":"#loggingYouIn"}
  (Session info: chrome=60.0.3112.78)
  (Driver info: chromedriver=2.29.461591 (62ebf098771772160f391d75e589dc567915b233),platform=Windows NT 6.3.9600 x86_64)]]></message>
                    <stack-trace><![CDATA[   at ASB.Test.Automation.Utils.Retry.Retry.Execute(Func`1 function, Int32 retryInterval, Int32 retryCount, String exceptionMessage)
   at Join.Form.Customer.Selenium.StepDefinitions.ConfirmationPageSteps.ThenTheLoggingYouInProgressPageIsDisplayed()
   at TechTalk.SpecFlow.Bindings.BindingInvoker.InvokeBinding(IBinding binding, IContextManager contextManager, Object[] arguments, ITestTracer testTracer, TimeSpan& duration)
   at TechTalk.SpecFlow.Infrastructure.TestExecutionEngine.ExecuteStepMatch(BindingMatch match, Object[] arguments)
   at TechTalk.SpecFlow.Infrastructure.TestExecutionEngine.ExecuteStep(StepInstance stepInstance)
   at TechTalk.SpecFlow.Infrastructure.TestExecutionEngine.OnAfterLastStep()
   at Join.Form.Customer.Selenium.Features._06_SummaryPageFeature.ScenarioCleanup()
   at Join.Form.Customer.Selenium.Features._06_SummaryPageFeature.SUMMARY_09_VerifyThePageBehaviourWhenTheUserClicksOnConfirmButton()
--NoSuchElementException
   at OpenQA.Selenium.Remote.RemoteWebDriver.UnpackAndThrowOnError(Response errorResponse)
   at OpenQA.Selenium.Remote.RemoteWebDriver.Execute(String driverCommandToExecute, Dictionary`2 parameters)
   at OpenQA.Selenium.Remote.RemoteWebDriver.FindElement(String mechanism, String value)
   at Join.Form.Customer.Selenium.Pages.FeaturesPage.IsPageActive(String pageName, IWebDriver driver)
   at Join.Form.Customer.Selenium.StepDefinitions.ConfirmationPageSteps.<ThenTheLoggingYouInProgressPageIsDisplayed>b__9_0()
   at ASB.Test.Automation.Utils.Retry.Retry.Execute(Func`1 function, Int32 retryInterval, Int32 retryCount, String exceptionMessage)]]></stack-trace>
                  </failure>
                  <output><![CDATA[Given I start my Streamline application
Navigating to URL: https://webappisamdev.asbbank.co.nz/public/join/asb/max?grcDisabled=true&fncJunction=fnc104
-> done: CommonSteps.GivenIStartMyStreamlineApplication() (0.8s)
And I am in the Personal Details page
11/23/2017 2:10:47 AMWaitForFeaturesPageLoad: Executing WaitForFrameAndSwitch
11/23/2017 2:10:47 AMWaitForFeaturesPageLoad: Done executing WaitForFrameAndSwitch
Unable to find product 'Savings On Call' in page or product 'Savings On Call' is not selected
Unable to find product 'FastSaver' in page or product 'FastSaver' is not selected
-> done: PersonalDetailsSteps.GivenIAmInThePersonalDetailsPage() (13.2s)
And I enter all required details in the Personal details page and clicks on Next button:
  --- table step argument ---
  | Title | FirstName  | MiddleName | LastName | DateOfBirth   | Email             | MobileNumber   | CountriesCitizenship | PreferredIdType |
  | Miss  | Automation | Middle     | ass   | 16 March 1978 | cob2016@asb.co.nz | 021-1234567890 | New Zealand          | Other           |
Inline error message for 'home address' field displayed: False
Inline error message for 'countries where you have citizenship' field displayed: False
-> done: PersonalDetailsSteps.WhenIEnterAllRequiredDetailsForPersonalDetailsPage(<table>) (19.3s)
And I enter mandatory Tax Information for NZ citizen and clicks on Next button
-> done: AdditionalPersonalDetailsSteps.GivenIEnterMandatoryTaxInformationForNZCitizen() (0.5s)
And I enter 'Kiwi77nz' password and 'MyCode01' ass password in the ASB Login page and clicks on Next button
-> done: ASBLoginPageSteps.WhenIEnterPasswordAndassPasswordInTheASBLoginPageAndClicksOnNextButton("Kiwi77nz", "MyCode01") (1.0s)
Given I am in the Summary page
-> done: SummaryPageSteps.GivenIAmInTheSummaryPage() (0.1s)
When I 'mark' the I agree to the Terms and Conditions checkbox
-> done: SummaryPageSteps.WhenITheIAgreeCheckbox("mark") (1.1s)
And I 'mark' the I agree to the Background Address verification checkbox
-> done: SummaryPageSteps.WhenITheIAgreeToTheBackgroundAddressVerificationCheckbox("mark") (1.1s)
And I click on 'Confirm' button
-> done: CommonSteps.WhenIClickOnButton("Confirm") (0.1s)
Then the 'Processing' screen of Join ASB page is displayed
-> done: CommonSteps.ThenTheScreenOfJoinASBPageIsDisplayed("Processing") (0.0s)
And the Logging you in progress page is displayed
-> error: no such element: Unable to locate element: {"method":"css selector","selector":"#loggingYouIn"}
  (Session info: chrome=60.0.3112.78)
  (Driver info: chromedriver=2.29.461591 (62ebf098771772160f391d75e589dc567915b233),platform=Windows NT 6.3.9600 x86_64)
And the Activation page is displayed
-> skipped because of previous errors
]]></output>
                </test-case>
              </test-suite>
              <test-suite type="TestFixture" id="0-1251" name="_07_ConfirmationFeature" fullname="Join.Form.Customer.Selenium.Features._07_ConfirmationFeature" classname="Join.Form.Customer.Selenium.Features._07_ConfirmationFeature" runstate="Runnable" testcasecount="9" result="Failed" site="Child" start-time="2017-11-22 13:16:53Z" end-time="2017-11-22 13:48:54Z" duration="1920.705995" total="6" passed="0" failed="6" warnings="0" inconclusive="0" skipped="0" asserts="54">
                <properties>
                  <property name="Description" value="07_Confirmation" />
                </properties>
                <failure>
                  <message><![CDATA[One or more child tests had errors]]></message>
                </failure>
                <test-case id="0-1252" name="CNFM_01_VerifyConfirmationScreen_BadCustomerCheckBlock" fullname="Join.Form.Customer.Selenium.Features._07_ConfirmationFeature.CNFM_01_VerifyConfirmationScreen_BadCustomerCheckBlock" methodname="CNFM_01_VerifyConfirmationScreen_BadCustomerCheckBlock" classname="Join.Form.Customer.Selenium.Features._07_ConfirmationFeature" runstate="Runnable" seed="1972419874" result="Failed" label="Error" start-time="2017-11-22 13:16:53Z" end-time="2017-11-22 13:17:34Z" duration="40.186789" asserts="9">
                  <properties>
                    <property name="Description" value="CNFM_01 - Verify Confirmation screen - Bad Customer check (block)" />
                    <property name="Category" value="COB" />
                    <property name="Category" value="confirmation" />
                    <property name="Category" value="regression" />
                    <property name="Category" value="integration" />
                    <property name="Category" value="072016" />
                  </properties>
                  <failure>
                    <message><![CDATA[OpenQA.Selenium.NoSuchElementException : no such element: Unable to locate element: {"method":"css selector","selector":"h2"}
  (Session info: chrome=60.0.3112.78)
  (Driver info: chromedriver=2.29.461591 (62ebf098771772160f391d75e589dc567915b233),platform=Windows NT 6.3.9600 x86_64)]]></message>
                    <stack-trace><![CDATA[   at OpenQA.Selenium.Remote.RemoteWebDriver.UnpackAndThrowOnError(Response errorResponse)
   at OpenQA.Selenium.Remote.RemoteWebDriver.Execute(String driverCommandToExecute, Dictionary`2 parameters)
   at OpenQA.Selenium.Remote.RemoteWebDriver.FindElement(String mechanism, String value)
   at Join.Form.Customer.Selenium.Pages.ErrorPage.GetDifficultyMessageDisplayed(String presentOrNot)
   at Join.Form.Customer.Selenium.StepDefinitions.ConfirmationPageSteps.ThenSystemUnavailableScreenIsDisplayed(String presentOrNot)
   at TechTalk.SpecFlow.Bindings.BindingInvoker.InvokeBinding(IBinding binding, IContextManager contextManager, Object[] arguments, ITestTracer testTracer, TimeSpan& duration)
   at TechTalk.SpecFlow.Infrastructure.TestExecutionEngine.ExecuteStepMatch(BindingMatch match, Object[] arguments)
   at TechTalk.SpecFlow.Infrastructure.TestExecutionEngine.ExecuteStep(StepInstance stepInstance)
   at TechTalk.SpecFlow.Infrastructure.TestExecutionEngine.OnAfterLastStep()
   at Join.Form.Customer.Selenium.Features._07_ConfirmationFeature.ScenarioCleanup()
   at Join.Form.Customer.Selenium.Features._07_ConfirmationFeature.CNFM_01_VerifyConfirmationScreen_BadCustomerCheckBlock()]]></stack-trace>
                  </failure>
                  <output><![CDATA[Given I start my Streamline application
Navigating to URL: https://webappisamdev.asbbank.co.nz/public/join/asb/max?grcDisabled=true&fncJunction=fnc104
-> done: CommonSteps.GivenIStartMyStreamlineApplication() (1.0s)
Given I select the following products: 'Streamline intro, ASB Visa Debit Streamline Intro'
11/23/2017 2:17:05 AMWaitForFeaturesPageLoad: Executing WaitForFrameAndSwitch
11/23/2017 2:17:06 AMWaitForFeaturesPageLoad: Done executing WaitForFrameAndSwitch
Unable to find product 'FastSaver' in page or product 'FastSaver' is not selected
Unable to find product 'Savings On Call' in page or product 'Savings On Call' is not selected
Unable to find product 'Savings On Call' in page or product 'Savings On Call' is not selected
Unable to find product 'FastSaver' in page or product 'FastSaver' is not selected
-> done: ProductsPageSteps.WhenIChangeMySelectedProductsTo("Streamline intro,...") (15.2s)
And I enter all required details and navigate to Summary page
  --- table step argument ---
  | Title | FirstName | MiddleName | LastName | DateOfBirth | Email             | MobileNumber | CountriesCitizenship | PreferredIdType | Password | assPassword |
  | Mr    | Michael   | Sam        | Wayne    | 1 June 1983 | cob2016@asb.co.nz | 021-ass   | New Zealand          | Other           | Kiwi77nz | MyCode01       |
Given I enter mandatory Tax Information for NZ citizen and clicks on Next button
-> done: AdditionalPersonalDetailsSteps.GivenIEnterMandatoryTaxInformationForNZCitizen() (0.6s)
-> done: PersonalDetailsSteps.GivenIEnterAllRequiredDetailsAndNavigateToSummaryPage(<table>) (15.1s)
When I confirm details on the Summary page
UniqueId: 
Title: Mr
FirstName: Michael
MiddleName: Sam
LastName: Wayne
Email: cob2016@asb.co.nz
Gender: 
DateOfBirth: 6/1/1983 12:00:00 AM
DateCreated: 
LastReviewDate: 
Cals: 
IsIndividual: 
NzCitizen: 
NzResidence: 
HighValueCustomer: 
StaffMember: 
AmlVerified: 
VipCustomer: 
Addresses: System.Collections.Generic.List`1[ASB.Selenium.DataModel.Customer.Address]
AddressInformation: ASB.Selenium.DataModel.Customer.AddressInformation
CompanyName: 
CompanyType: 
CompanySubType: 
CustomerTypeCode: 
IrdNumber: 
TaxClass: 
TaxClassDate: 
IsNzTaxResident: True
NonResidentCountryCode: 
IsForeignTaxResident: False
ForeignTaxResidencyStatus: 
IsProfileEnhanced: 
Phones: System.Collections.Generic.List`1[ASB.Selenium.DataModel.Customer.Phone]
NextOfKin: 
EmploymentDetails: 
LinkedCustomers: 
AccountRelationships: 
IdType: 
Fatca: ASB.Selenium.DataModel.Customer.Fatca
CitizenshipCountryCodes: 
CitizenshipCountryNames: System.Collections.Generic.List`1[System.String]
ForeignTaxResidenceTypes: System.Collections.Generic.List`1[ASB.Selenium.DataModel.Customer.ForeignTaxResidenceTypes]
OnboardingDetail: ASB.Selenium.DataModel.Customer.OnboardingDetail
AddressVerificationStatus: 
IdVerificationStatus: 
PreferredIdType: Other
IsProfileComplete: True
DaysRemaining: 0
OnboardingStatus: 
NewAccounts: System.Collections.Generic.List`1[ASB.Selenium.DataModel.Customer.Accounts]
FailedAccounts: System.Collections.Generic.List`1[ASB.Selenium.DataModel.Customer.Accounts]
OnboardingSource: JoinASB
CustomerCreated: 
LoginCreated: 
RegisteredForNetcode: 
AccountsCreated: 
CustomerAccessToken: 
VerificationPassword: MyCode01
LoginDetail: ASB.Selenium.DataModel.Customer.Login
CustomerType: 
Cif: 
Username: mway78979
UsernameApi: 
Password: Kiwi77nz
PublicKey: 
AcceptedTermsAndConditions: 
BackgroundCheckConsent: 
PreferredIdType: 
-> done: SummaryPageSteps.WhenIConfirmDetailsOnTheSummaryPage() (2.9s)
Then System Unavailable screen is displayed
-> error: no such element: Unable to locate element: {"method":"css selector","selector":"h2"}
  (Session info: chrome=60.0.3112.78)
  (Driver info: chromedriver=2.29.461591 (62ebf098771772160f391d75e589dc567915b233),platform=Windows NT 6.3.9600 x86_64)
And a message advising me of difficulties signing me up online and to contact ASB is displayed
-> skipped because of previous errors
And the Confirmation page for duplicate 'bad' customer with open products is displayed
-> skipped because of previous errors
And the 'Find a branch' button opens in a new window
-> skipped because of previous errors
]]></output>
                </test-case>
                <test-suite type="ParameterizedMethod" id="0-1257" name="CNFM_02_ExistingCustomerCheck_DifferentOpenProducts" fullname="Join.Form.Customer.Selenium.Features._07_ConfirmationFeature.CNFM_02_ExistingCustomerCheck_DifferentOpenProducts" classname="Join.Form.Customer.Selenium.Features._07_ConfirmationFeature" runstate="Runnable" testcasecount="4" result="Failed" site="Child" start-time="2017-11-22 13:17:34Z" end-time="2017-11-22 13:42:33Z" duration="1499.803709" total="4" passed="0" failed="4" warnings="0" inconclusive="0" skipped="0" asserts="36">
                  <properties>
                    <property name="Description" value="CNFM_02 - Existing Customer check - Different Open Products" />
                    <property name="Category" value="COB" />
                    <property name="Category" value="confirmation" />
                    <property name="Category" value="offline" />
                    <property name="Category" value="integration" />
                    <property name="Category" value="regression" />
                    <property name="Category" value="072016" />
                  </properties>
                  <failure>
                    <message><![CDATA[One or more child tests had errors]]></message>
                  </failure>
                  <test-case id="0-1253" name="CNFM_02_ExistingCustomerCheck_DifferentOpenProducts(&quot;Open Good&quot;,&quot;Mr&quot;,&quot;Good&quot;,&quot;Sam&quot;,&quot;Man&quot;,&quot;1 January 1980&quot;,System.String[])" fullname="Join.Form.Customer.Selenium.Features._07_ConfirmationFeature.CNFM_02_ExistingCustomerCheck_DifferentOpenProducts(&quot;Open Good&quot;,&quot;Mr&quot;,&quot;Good&quot;,&quot;Sam&quot;,&quot;Man&quot;,&quot;1 January 1980&quot;,System.String[])" methodname="CNFM_02_ExistingCustomerCheck_DifferentOpenProducts" classname="Join.Form.Customer.Selenium.Features._07_ConfirmationFeature" runstate="Runnable" seed="1319024573" result="Failed" label="Error" start-time="2017-11-22 13:17:34Z" end-time="2017-11-22 13:23:52Z" duration="378.324710" asserts="9">
                    <properties />
                    <failure>
                      <message><![CDATA[System.Exception : no such element: Unable to locate element: {"method":"css selector","selector":"#duplicateProfile"}
  (Session info: chrome=60.0.3112.78)
  (Driver info: chromedriver=2.29.461591 (62ebf098771772160f391d75e589dc567915b233),platform=Windows NT 6.3.9600 x86_64)
  ----> OpenQA.Selenium.NoSuchElementException : no such element: Unable to locate element: {"method":"css selector","selector":"#duplicateProfile"}
  (Session info: chrome=60.0.3112.78)
  (Driver info: chromedriver=2.29.461591 (62ebf098771772160f391d75e589dc567915b233),platform=Windows NT 6.3.9600 x86_64)]]></message>
                      <stack-trace><![CDATA[   at ASB.Test.Automation.Utils.Retry.Retry.Execute(Func`1 function, Int32 retryInterval, Int32 retryCount, String exceptionMessage)
   at Join.Form.Customer.Selenium.StepDefinitions.ConfirmationPageSteps.ThenTheConfirmationPageForCustomerIsDisplayed(String customerType)
   at TechTalk.SpecFlow.Bindings.BindingInvoker.InvokeBinding(IBinding binding, IContextManager contextManager, Object[] arguments, ITestTracer testTracer, TimeSpan& duration)
   at TechTalk.SpecFlow.Infrastructure.TestExecutionEngine.ExecuteStepMatch(BindingMatch match, Object[] arguments)
   at TechTalk.SpecFlow.Infrastructure.TestExecutionEngine.ExecuteStep(StepInstance stepInstance)
   at TechTalk.SpecFlow.Infrastructure.TestExecutionEngine.OnAfterLastStep()
   at Join.Form.Customer.Selenium.Features._07_ConfirmationFeature.ScenarioCleanup()
   at Join.Form.Customer.Selenium.Features._07_ConfirmationFeature.CNFM_02_ExistingCustomerCheck_DifferentOpenProducts(String scenarioName, String title, String firstname, String middlename, String lastname, String dateOfBirth, String[] exampleTags)
--NoSuchElementException
   at OpenQA.Selenium.Remote.RemoteWebDriver.UnpackAndThrowOnError(Response errorResponse)
   at OpenQA.Selenium.Remote.RemoteWebDriver.Execute(String driverCommandToExecute, Dictionary`2 parameters)
   at OpenQA.Selenium.Remote.RemoteWebDriver.FindElement(String mechanism, String value)
   at Join.Form.Customer.Selenium.Pages.FeaturesPage.IsPageActive(String pageName, IWebDriver driver)
   at Join.Form.Customer.Selenium.StepDefinitions.ConfirmationPageSteps.<ThenTheConfirmationPageForCustomerIsDisplayed>b__12_1()
   at ASB.Test.Automation.Utils.Retry.Retry.Execute(Func`1 function, Int32 retryInterval, Int32 retryCount, String exceptionMessage)]]></stack-trace>
                    </failure>
                    <output><![CDATA[Given I start my Streamline application
Navigating to URL: https://webappisamdev.asbbank.co.nz/public/join/asb/max?grcDisabled=true&fncJunction=fnc104
-> done: CommonSteps.GivenIStartMyStreamlineApplication() (0.7s)
Given I select the following products: 'Streamline intro,ASB Visa Debit Streamline Intro'
11/23/2017 2:17:45 AMWaitForFeaturesPageLoad: Executing WaitForFrameAndSwitch
11/23/2017 2:17:45 AMWaitForFeaturesPageLoad: Done executing WaitForFrameAndSwitch
Unable to find product 'FastSaver' in page or product 'FastSaver' is not selected
Unable to find product 'Savings On Call' in page or product 'Savings On Call' is not selected
Unable to find product 'Savings On Call' in page or product 'Savings On Call' is not selected
Unable to find product 'FastSaver' in page or product 'FastSaver' is not selected
-> done: ProductsPageSteps.WhenIChangeMySelectedProductsTo("Streamline intro,...") (15.1s)
And I enter personal and login details Mr,Good,Sam,Man,1 January 1980,cob2016@asb.co.nz,021-ass,New Zealand,Other,Kiwi77nz,ass123,false
Given I enter mandatory Tax Information for NZ citizen and clicks on Next button
-> done: AdditionalPersonalDetailsSteps.GivenIEnterMandatoryTaxInformationForNZCitizen() (0.5s)
-> done: PersonalDetailsSteps.GivenIEnterPersonalAndLoginDetails("Mr", "Good", "Sam", "Man", "1 January 1980", "cob2016@asb.co.nz", "021-ass", "New Zealand", "Other", "Kiwi77nz", "ass123", "false") (21.2s)
When I confirm details on the Summary page
UniqueId: 
Title: Mr
FirstName: Good
MiddleName: Sam
LastName: Man
Email: cob2016@asb.co.nz
Gender: 
DateOfBirth: 1/1/1980 12:00:00 AM
DateCreated: 
LastReviewDate: 
Cals: 
IsIndividual: 
NzCitizen: 
NzResidence: 
HighValueCustomer: 
StaffMember: 
AmlVerified: 
VipCustomer: 
Addresses: System.Collections.Generic.List`1[ASB.Selenium.DataModel.Customer.Address]
AddressInformation: ASB.Selenium.DataModel.Customer.AddressInformation
CompanyName: 
CompanyType: 
CompanySubType: 
CustomerTypeCode: 
IrdNumber: 
TaxClass: 
TaxClassDate: 
IsNzTaxResident: True
NonResidentCountryCode: 
IsForeignTaxResident: False
ForeignTaxResidencyStatus: 
IsProfileEnhanced: 
Phones: System.Collections.Generic.List`1[ASB.Selenium.DataModel.Customer.Phone]
NextOfKin: 
EmploymentDetails: 
LinkedCustomers: 
AccountRelationships: 
IdType: 
Fatca: ASB.Selenium.DataModel.Customer.Fatca
CitizenshipCountryCodes: 
CitizenshipCountryNames: System.Collections.Generic.List`1[System.String]
ForeignTaxResidenceTypes: System.Collections.Generic.List`1[ASB.Selenium.DataModel.Customer.ForeignTaxResidenceTypes]
OnboardingDetail: ASB.Selenium.DataModel.Customer.OnboardingDetail
AddressVerificationStatus: 
IdVerificationStatus: 
PreferredIdType: Other
IsProfileComplete: True
DaysRemaining: 0
OnboardingStatus: 
NewAccounts: System.Collections.Generic.List`1[ASB.Selenium.DataModel.Customer.Accounts]
FailedAccounts: System.Collections.Generic.List`1[ASB.Selenium.DataModel.Customer.Accounts]
OnboardingSource: JoinASB
CustomerCreated: 
LoginCreated: 
RegisteredForNetcode: 
AccountsCreated: 
CustomerAccessToken: 
VerificationPassword: ass123
LoginDetail: ASB.Selenium.DataModel.Customer.Login
CustomerType: 
Cif: 
Username: gman31180
UsernameApi: 
Password: Kiwi77nz
PublicKey: 
AcceptedTermsAndConditions: 
BackgroundCheckConsent: 
PreferredIdType: 
-> done: SummaryPageSteps.WhenIConfirmDetailsOnTheSummaryPage() (2.8s)
Then the Confirmation page for duplicate 'good' customer with open products is displayed
-> error: no such element: Unable to locate element: {"method":"css selector","selector":"#duplicateProfile"}
  (Session info: chrome=60.0.3112.78)
  (Driver info: chromedriver=2.29.461591 (62ebf098771772160f391d75e589dc567915b233),platform=Windows NT 6.3.9600 x86_64)
]]></output>
                  </test-case>
                  <test-case id="0-1254" name="CNFM_02_ExistingCustomerCheck_DifferentOpenProducts(&quot;assd Bad&quot;,&quot;Mrs&quot;,&quot;ass&quot;,&quot;ass&quot;,&quot;ass&quot;,&quot;1 January 1980&quot;,System.String[])" fullname="Join.Form.Customer.Selenium.Features._07_ConfirmationFeature.CNFM_02_ExistingCustomerCheck_DifferentOpenProducts(&quot;assd Bad&quot;,&quot;Mrs&quot;,&quot;ass&quot;,&quot;ass&quot;,&quot;ass&quot;,&quot;1 January 1980&quot;,System.String[])" methodname="CNFM_02_ExistingCustomerCheck_DifferentOpenProducts" classname="Join.Form.Customer.Selenium.Features._07_ConfirmationFeature" runstate="Runnable" seed="2123367685" result="Failed" label="Error" start-time="2017-11-22 13:23:52Z" end-time="2017-11-22 13:30:04Z" duration="371.765168" asserts="9">
                    <properties />
                    <failure>
                      <message><![CDATA[System.Exception : no such element: Unable to locate element: {"method":"css selector","selector":"#duplicateProfile"}
  (Session info: chrome=60.0.3112.78)
  (Driver info: chromedriver=2.29.461591 (62ebf098771772160f391d75e589dc567915b233),platform=Windows NT 6.3.9600 x86_64)
  ----> OpenQA.Selenium.NoSuchElementException : no such element: Unable to locate element: {"method":"css selector","selector":"#duplicateProfile"}
  (Session info: chrome=60.0.3112.78)
  (Driver info: chromedriver=2.29.461591 (62ebf098771772160f391d75e589dc567915b233),platform=Windows NT 6.3.9600 x86_64)]]></message>
                      <stack-trace><![CDATA[   at ASB.Test.Automation.Utils.Retry.Retry.Execute(Func`1 function, Int32 retryInterval, Int32 retryCount, String exceptionMessage)
   at Join.Form.Customer.Selenium.StepDefinitions.ConfirmationPageSteps.ThenTheConfirmationPageForCustomerIsDisplayed(String customerType)
   at TechTalk.SpecFlow.Bindings.BindingInvoker.InvokeBinding(IBinding binding, IContextManager contextManager, Object[] arguments, ITestTracer testTracer, TimeSpan& duration)
   at TechTalk.SpecFlow.Infrastructure.TestExecutionEngine.ExecuteStepMatch(BindingMatch match, Object[] arguments)
   at TechTalk.SpecFlow.Infrastructure.TestExecutionEngine.ExecuteStep(StepInstance stepInstance)
   at TechTalk.SpecFlow.Infrastructure.TestExecutionEngine.OnAfterLastStep()
   at Join.Form.Customer.Selenium.Features._07_ConfirmationFeature.ScenarioCleanup()
   at Join.Form.Customer.Selenium.Features._07_ConfirmationFeature.CNFM_02_ExistingCustomerCheck_DifferentOpenProducts(String scenarioName, String title, String firstname, String middlename, String lastname, String dateOfBirth, String[] exampleTags)
--NoSuchElementException
   at OpenQA.Selenium.Remote.RemoteWebDriver.UnpackAndThrowOnError(Response errorResponse)
   at OpenQA.Selenium.Remote.RemoteWebDriver.Execute(String driverCommandToExecute, Dictionary`2 parameters)
   at OpenQA.Selenium.Remote.RemoteWebDriver.FindElement(String mechanism, String value)
   at Join.Form.Customer.Selenium.Pages.FeaturesPage.IsPageActive(String pageName, IWebDriver driver)
   at Join.Form.Customer.Selenium.StepDefinitions.ConfirmationPageSteps.<ThenTheConfirmationPageForCustomerIsDisplayed>b__12_1()
   at ASB.Test.Automation.Utils.Retry.Retry.Execute(Func`1 function, Int32 retryInterval, Int32 retryCount, String exceptionMessage)]]></stack-trace>
                    </failure>
                    <output><![CDATA[Given I start my Streamline application
Navigating to URL: https://webappisamdev.asbbank.co.nz/public/join/asb/max?grcDisabled=true&fncJunction=fnc104
-> done: CommonSteps.GivenIStartMyStreamlineApplication() (0.7s)
Given I select the following products: 'Streamline intro,ASB Visa Debit Streamline Intro'
11/23/2017 2:24:04 AMWaitForFeaturesPageLoad: Executing WaitForFrameAndSwitch
11/23/2017 2:24:04 AMWaitForFeaturesPageLoad: Done executing WaitForFrameAndSwitch
Unable to find product 'FastSaver' in page or product 'FastSaver' is not selected
Unable to find product 'Savings On Call' in page or product 'Savings On Call' is not selected
Unable to find product 'Savings On Call' in page or product 'Savings On Call' is not selected
Unable to find product 'FastSaver' in page or product 'FastSaver' is not selected
-> done: ProductsPageSteps.WhenIChangeMySelectedProductsTo("Streamline intro,...") (15.1s)
And I enter personal and login details Mrs,ass,ass,ass,1 January 1980,cob2016@asb.co.nz,021-ass,New Zealand,Other,Kiwi77nz,ass123,false
Given I enter mandatory Tax Information for NZ citizen and clicks on Next button
-> done: AdditionalPersonalDetailsSteps.GivenIEnterMandatoryTaxInformationForNZCitizen() (0.5s)
-> done: PersonalDetailsSteps.GivenIEnterPersonalAndLoginDetails("Mrs", "ass", "ass", "ass", "1 January 1980", "cob2016@asb.co.nz", "021-ass", "New Zealand", "Other", "Kiwi77nz", "ass123", "false") (15.7s)
When I confirm details on the Summary page
UniqueId: 
Title: Mrs
FirstName: ass
MiddleName: ass
LastName: ass
Email: cob2016@asb.co.nz
Gender: 
DateOfBirth: 1/1/1980 12:00:00 AM
DateCreated: 
LastReviewDate: 
Cals: 
IsIndividual: 
NzCitizen: 
NzResidence: 
HighValueCustomer: 
StaffMember: 
AmlVerified: 
VipCustomer: 
Addresses: System.Collections.Generic.List`1[ASB.Selenium.DataModel.Customer.Address]
AddressInformation: ASB.Selenium.DataModel.Customer.AddressInformation
CompanyName: 
CompanyType: 
CompanySubType: 
CustomerTypeCode: 
IrdNumber: 
TaxClass: 
TaxClassDate: 
IsNzTaxResident: True
NonResidentCountryCode: 
IsForeignTaxResident: False
ForeignTaxResidencyStatus: 
IsProfileEnhanced: 
Phones: System.Collections.Generic.List`1[ASB.Selenium.DataModel.Customer.Phone]
NextOfKin: 
EmploymentDetails: 
LinkedCustomers: 
AccountRelationships: 
IdType: 
Fatca: ASB.Selenium.DataModel.Customer.Fatca
CitizenshipCountryCodes: 
CitizenshipCountryNames: System.Collections.Generic.List`1[System.String]
ForeignTaxResidenceTypes: System.Collections.Generic.List`1[ASB.Selenium.DataModel.Customer.ForeignTaxResidenceTypes]
OnboardingDetail: ASB.Selenium.DataModel.Customer.OnboardingDetail
AddressVerificationStatus: 
IdVerificationStatus: 
PreferredIdType: Other
IsProfileComplete: True
DaysRemaining: 0
OnboardingStatus: 
NewAccounts: System.Collections.Generic.List`1[ASB.Selenium.DataModel.Customer.Accounts]
FailedAccounts: System.Collections.Generic.List`1[ASB.Selenium.DataModel.Customer.Accounts]
OnboardingSource: JoinASB
CustomerCreated: 
LoginCreated: 
RegisteredForNetcode: 
AccountsCreated: 
CustomerAccessToken: 
VerificationPassword: ass123
LoginDetail: ASB.Selenium.DataModel.Customer.Login
CustomerType: 
Cif: 
Username: bwol18417
UsernameApi: 
Password: Kiwi77nz
PublicKey: 
AcceptedTermsAndConditions: 
BackgroundCheckConsent: 
PreferredIdType: 
-> done: SummaryPageSteps.WhenIConfirmDetailsOnTheSummaryPage() (2.8s)
Then the Confirmation page for duplicate 'good' customer with open products is displayed
-> error: no such element: Unable to locate element: {"method":"css selector","selector":"#duplicateProfile"}
  (Session info: chrome=60.0.3112.78)
  (Driver info: chromedriver=2.29.461591 (62ebf098771772160f391d75e589dc567915b233),platform=Windows NT 6.3.9600 x86_64)
]]></output>
                  </test-case>
                  <test-case id="0-1255" name="CNFM_02_ExistingCustomerCheck_DifferentOpenProducts(&quot;Transactional Only&quot;,&quot;Ms&quot;,&quot;Hamel&quot;,&quot;Ineunt&quot;,&quot;GIPSYWEED&quot;,&quot;29 October 1958&quot;,System.String[])" fullname="Join.Form.Customer.Selenium.Features._07_ConfirmationFeature.CNFM_02_ExistingCustomerCheck_DifferentOpenProducts(&quot;Transactional Only&quot;,&quot;Ms&quot;,&quot;Hamel&quot;,&quot;Ineunt&quot;,&quot;GIPSYWEED&quot;,&quot;29 October 1958&quot;,System.String[])" methodname="CNFM_02_ExistingCustomerCheck_DifferentOpenProducts" classname="Join.Form.Customer.Selenium.Features._07_ConfirmationFeature" runstate="Runnable" seed="1302969207" result="Failed" label="Error" start-time="2017-11-22 13:30:04Z" end-time="2017-11-22 13:36:22Z" duration="377.813451" asserts="9">
                    <properties />
                    <failure>
                      <message><![CDATA[System.Exception : no such element: Unable to locate element: {"method":"css selector","selector":"#duplicateProfile"}
  (Session info: chrome=60.0.3112.78)
  (Driver info: chromedriver=2.29.461591 (62ebf098771772160f391d75e589dc567915b233),platform=Windows NT 6.3.9600 x86_64)
  ----> OpenQA.Selenium.NoSuchElementException : no such element: Unable to locate element: {"method":"css selector","selector":"#duplicateProfile"}
  (Session info: chrome=60.0.3112.78)
  (Driver info: chromedriver=2.29.461591 (62ebf098771772160f391d75e589dc567915b233),platform=Windows NT 6.3.9600 x86_64)]]></message>
                      <stack-trace><![CDATA[   at ASB.Test.Automation.Utils.Retry.Retry.Execute(Func`1 function, Int32 retryInterval, Int32 retryCount, String exceptionMessage)
   at Join.Form.Customer.Selenium.StepDefinitions.ConfirmationPageSteps.ThenTheConfirmationPageForCustomerIsDisplayed(String customerType)
   at TechTalk.SpecFlow.Bindings.BindingInvoker.InvokeBinding(IBinding binding, IContextManager contextManager, Object[] arguments, ITestTracer testTracer, TimeSpan& duration)
   at TechTalk.SpecFlow.Infrastructure.TestExecutionEngine.ExecuteStepMatch(BindingMatch match, Object[] arguments)
   at TechTalk.SpecFlow.Infrastructure.TestExecutionEngine.ExecuteStep(StepInstance stepInstance)
   at TechTalk.SpecFlow.Infrastructure.TestExecutionEngine.OnAfterLastStep()
   at Join.Form.Customer.Selenium.Features._07_ConfirmationFeature.ScenarioCleanup()
   at Join.Form.Customer.Selenium.Features._07_ConfirmationFeature.CNFM_02_ExistingCustomerCheck_DifferentOpenProducts(String scenarioName, String title, String firstname, String middlename, String lastname, String dateOfBirth, String[] exampleTags)
--NoSuchElementException
   at OpenQA.Selenium.Remote.RemoteWebDriver.UnpackAndThrowOnError(Response errorResponse)
   at OpenQA.Selenium.Remote.RemoteWebDriver.Execute(String driverCommandToExecute, Dictionary`2 parameters)
   at OpenQA.Selenium.Remote.RemoteWebDriver.FindElement(String mechanism, String value)
   at Join.Form.Customer.Selenium.Pages.FeaturesPage.IsPageActive(String pageName, IWebDriver driver)
   at Join.Form.Customer.Selenium.StepDefinitions.ConfirmationPageSteps.<ThenTheConfirmationPageForCustomerIsDisplayed>b__12_1()
   at ASB.Test.Automation.Utils.Retry.Retry.Execute(Func`1 function, Int32 retryInterval, Int32 retryCount, String exceptionMessage)]]></stack-trace>
                    </failure>
                    <output><![CDATA[Given I start my Streamline application
Navigating to URL: https://webappisamdev.asbbank.co.nz/public/join/asb/max?grcDisabled=true&fncJunction=fnc104
-> done: CommonSteps.GivenIStartMyStreamlineApplication() (0.8s)
Given I select the following products: 'Streamline intro,ASB Visa Debit Streamline Intro'
11/23/2017 2:30:16 AMWaitForFeaturesPageLoad: Executing WaitForFrameAndSwitch
11/23/2017 2:30:16 AMWaitForFeaturesPageLoad: Done executing WaitForFrameAndSwitch
Unable to find product 'FastSaver' in page or product 'FastSaver' is not selected
Unable to find product 'Savings On Call' in page or product 'Savings On Call' is not selected
Unable to find product 'Savings On Call' in page or product 'Savings On Call' is not selected
Unable to find product 'FastSaver' in page or product 'FastSaver' is not selected
-> done: ProductsPageSteps.WhenIChangeMySelectedProductsTo("Streamline intro,...") (15.7s)
And I enter personal and login details Ms,Hamel,Ineunt,GIPSYWEED,29 October 1958,cob2016@asb.co.nz,021-ass,New Zealand,Other,Kiwi77nz,ass123,false
Given I enter mandatory Tax Information for NZ citizen and clicks on Next button
-> done: AdditionalPersonalDetailsSteps.GivenIEnterMandatoryTaxInformationForNZCitizen() (0.5s)
-> done: PersonalDetailsSteps.GivenIEnterPersonalAndLoginDetails("Ms", "Hamel", "Ineunt", "GIPSYWEED", "29 October 1958", "cob2016@asb.co.nz", "021-ass", "New Zealand", "Other", "Kiwi77nz", "ass123", "false") (21.6s)
When I confirm details on the Summary page
UniqueId: 
Title: Ms
FirstName: Hamel
MiddleName: Ineunt
LastName: GIPSYWEED
Email: cob2016@asb.co.nz
Gender: 
DateOfBirth: 10/29/1958 12:00:00 AM
DateCreated: 
LastReviewDate: 
Cals: 
IsIndividual: 
NzCitizen: 
NzResidence: 
HighValueCustomer: 
StaffMember: 
AmlVerified: 
VipCustomer: 
Addresses: System.Collections.Generic.List`1[ASB.Selenium.DataModel.Customer.Address]
AddressInformation: ASB.Selenium.DataModel.Customer.AddressInformation
CompanyName: 
CompanyType: 
CompanySubType: 
CustomerTypeCode: 
IrdNumber: 
TaxClass: 
TaxClassDate: 
IsNzTaxResident: True
NonResidentCountryCode: 
IsForeignTaxResident: False
ForeignTaxResidencyStatus: 
IsProfileEnhanced: 
Phones: System.Collections.Generic.List`1[ASB.Selenium.DataModel.Customer.Phone]
NextOfKin: 
EmploymentDetails: 
LinkedCustomers: 
AccountRelationships: 
IdType: 
Fatca: ASB.Selenium.DataModel.Customer.Fatca
CitizenshipCountryCodes: 
CitizenshipCountryNames: System.Collections.Generic.List`1[System.String]
ForeignTaxResidenceTypes: System.Collections.Generic.List`1[ASB.Selenium.DataModel.Customer.ForeignTaxResidenceTypes]
OnboardingDetail: ASB.Selenium.DataModel.Customer.OnboardingDetail
AddressVerificationStatus: 
IdVerificationStatus: 
PreferredIdType: Other
IsProfileComplete: True
DaysRemaining: 0
OnboardingStatus: 
NewAccounts: System.Collections.Generic.List`1[ASB.Selenium.DataModel.Customer.Accounts]
FailedAccounts: System.Collections.Generic.List`1[ASB.Selenium.DataModel.Customer.Accounts]
OnboardingSource: JoinASB
CustomerCreated: 
LoginCreated: 
RegisteredForNetcode: 
AccountsCreated: 
CustomerAccessToken: 
VerificationPassword: ass123
LoginDetail: ASB.Selenium.DataModel.Customer.Login
CustomerType: 
Cif: 
Username: hgip65251
UsernameApi: 
Password: Kiwi77nz
PublicKey: 
AcceptedTermsAndConditions: 
BackgroundCheckConsent: 
PreferredIdType: 
-> done: SummaryPageSteps.WhenIConfirmDetailsOnTheSummaryPage() (2.8s)
Then the Confirmation page for duplicate 'good' customer with open products is displayed
-> error: no such element: Unable to locate element: {"method":"css selector","selector":"#duplicateProfile"}
  (Session info: chrome=60.0.3112.78)
  (Driver info: chromedriver=2.29.461591 (62ebf098771772160f391d75e589dc567915b233),platform=Windows NT 6.3.9600 x86_64)
]]></output>
                  </test-case>
                  <test-case id="0-1256" name="CNFM_02_ExistingCustomerCheck_DifferentOpenProducts(&quot;KiwiSaver Only&quot;,&quot;Miss&quot;,&quot;ass&quot;,&quot;&quot;,&quot;Kiwisaver&quot;,&quot;4 July 1985&quot;,System.String[])" fullname="Join.Form.Customer.Selenium.Features._07_ConfirmationFeature.CNFM_02_ExistingCustomerCheck_DifferentOpenProducts(&quot;KiwiSaver Only&quot;,&quot;Miss&quot;,&quot;ass&quot;,&quot;&quot;,&quot;Kiwisaver&quot;,&quot;4 July 1985&quot;,System.String[])" methodname="CNFM_02_ExistingCustomerCheck_DifferentOpenProducts" classname="Join.Form.Customer.Selenium.Features._07_ConfirmationFeature" runstate="Runnable" seed="2125193560" result="Failed" label="Error" start-time="2017-11-22 13:36:22Z" end-time="2017-11-22 13:42:33Z" duration="371.797263" asserts="9">
                    <properties />
                    <failure>
                      <message><![CDATA[System.Exception : no such element: Unable to locate element: {"method":"css selector","selector":"#duplicateProfile"}
  (Session info: chrome=60.0.3112.78)
  (Driver info: chromedriver=2.29.461591 (62ebf098771772160f391d75e589dc567915b233),platform=Windows NT 6.3.9600 x86_64)
  ----> OpenQA.Selenium.NoSuchElementException : no such element: Unable to locate element: {"method":"css selector","selector":"#duplicateProfile"}
  (Session info: chrome=60.0.3112.78)
  (Driver info: chromedriver=2.29.461591 (62ebf098771772160f391d75e589dc567915b233),platform=Windows NT 6.3.9600 x86_64)]]></message>
                      <stack-trace><![CDATA[   at ASB.Test.Automation.Utils.Retry.Retry.Execute(Func`1 function, Int32 retryInterval, Int32 retryCount, String exceptionMessage)
   at Join.Form.Customer.Selenium.StepDefinitions.ConfirmationPageSteps.ThenTheConfirmationPageForCustomerIsDisplayed(String customerType)
   at TechTalk.SpecFlow.Bindings.BindingInvoker.InvokeBinding(IBinding binding, IContextManager contextManager, Object[] arguments, ITestTracer testTracer, TimeSpan& duration)
   at TechTalk.SpecFlow.Infrastructure.TestExecutionEngine.ExecuteStepMatch(BindingMatch match, Object[] arguments)
   at TechTalk.SpecFlow.Infrastructure.TestExecutionEngine.ExecuteStep(StepInstance stepInstance)
   at TechTalk.SpecFlow.Infrastructure.TestExecutionEngine.OnAfterLastStep()
   at Join.Form.Customer.Selenium.Features._07_ConfirmationFeature.ScenarioCleanup()
   at Join.Form.Customer.Selenium.Features._07_ConfirmationFeature.CNFM_02_ExistingCustomerCheck_DifferentOpenProducts(String scenarioName, String title, String firstname, String middlename, String lastname, String dateOfBirth, String[] exampleTags)
--NoSuchElementException
   at OpenQA.Selenium.Remote.RemoteWebDriver.UnpackAndThrowOnError(Response errorResponse)
   at OpenQA.Selenium.Remote.RemoteWebDriver.Execute(String driverCommandToExecute, Dictionary`2 parameters)
   at OpenQA.Selenium.Remote.RemoteWebDriver.FindElement(String mechanism, String value)
   at Join.Form.Customer.Selenium.Pages.FeaturesPage.IsPageActive(String pageName, IWebDriver driver)
   at Join.Form.Customer.Selenium.StepDefinitions.ConfirmationPageSteps.<ThenTheConfirmationPageForCustomerIsDisplayed>b__12_1()
   at ASB.Test.Automation.Utils.Retry.Retry.Execute(Func`1 function, Int32 retryInterval, Int32 retryCount, String exceptionMessage)]]></stack-trace>
                    </failure>
                    <output><![CDATA[Given I start my Streamline application
Navigating to URL: https://webappisamdev.asbbank.co.nz/public/join/asb/max?grcDisabled=true&fncJunction=fnc104
-> done: CommonSteps.GivenIStartMyStreamlineApplication() (0.7s)
Given I select the following products: 'Streamline intro,ASB Visa Debit Streamline Intro'
11/23/2017 2:36:33 AMWaitForFeaturesPageLoad: Executing WaitForFrameAndSwitch
11/23/2017 2:36:33 AMWaitForFeaturesPageLoad: Done executing WaitForFrameAndSwitch
Unable to find product 'FastSaver' in page or product 'FastSaver' is not selected
Unable to find product 'Savings On Call' in page or product 'Savings On Call' is not selected
Unable to find product 'Savings On Call' in page or product 'Savings On Call' is not selected
Unable to find product 'FastSaver' in page or product 'FastSaver' is not selected
-> done: ProductsPageSteps.WhenIChangeMySelectedProductsTo("Streamline intro,...") (15.0s)
And I enter personal and login details Miss,ass,,Kiwisaver,4 July 1985,cob2016@asb.co.nz,021-ass,New Zealand,Other,Kiwi77nz,ass123,false
Given I enter mandatory Tax Information for NZ citizen and clicks on Next button
-> done: AdditionalPersonalDetailsSteps.GivenIEnterMandatoryTaxInformationForNZCitizen() (0.5s)
-> done: PersonalDetailsSteps.GivenIEnterPersonalAndLoginDetails("Miss", "ass", "", "Kiwisaver", "4 July 1985", "cob2016@asb.co.nz", "021-ass", "New Zealand", "Other", "Kiwi77nz", "ass123", "false") (16.1s)
When I confirm details on the Summary page
UniqueId: 
Title: Miss
FirstName: ass
MiddleName: 
LastName: Kiwisaver
Email: cob2016@asb.co.nz
Gender: 
DateOfBirth: 7/4/1985 12:00:00 AM
DateCreated: 
LastReviewDate: 
Cals: 
IsIndividual: 
NzCitizen: 
NzResidence: 
HighValueCustomer: 
StaffMember: 
AmlVerified: 
VipCustomer: 
Addresses: System.Collections.Generic.List`1[ASB.Selenium.DataModel.Customer.Address]
AddressInformation: ASB.Selenium.DataModel.Customer.AddressInformation
CompanyName: 
CompanyType: 
CompanySubType: 
CustomerTypeCode: 
IrdNumber: 
TaxClass: 
TaxClassDate: 
IsNzTaxResident: True
NonResidentCountryCode: 
IsForeignTaxResident: False
ForeignTaxResidencyStatus: 
IsProfileEnhanced: 
Phones: System.Collections.Generic.List`1[ASB.Selenium.DataModel.Customer.Phone]
NextOfKin: 
EmploymentDetails: 
LinkedCustomers: 
AccountRelationships: 
IdType: 
Fatca: ASB.Selenium.DataModel.Customer.Fatca
CitizenshipCountryCodes: 
CitizenshipCountryNames: System.Collections.Generic.List`1[System.String]
ForeignTaxResidenceTypes: System.Collections.Generic.List`1[ASB.Selenium.DataModel.Customer.ForeignTaxResidenceTypes]
OnboardingDetail: ASB.Selenium.DataModel.Customer.OnboardingDetail
AddressVerificationStatus: 
IdVerificationStatus: 
PreferredIdType: Other
IsProfileComplete: True
DaysRemaining: 0
OnboardingStatus: 
NewAccounts: System.Collections.Generic.List`1[ASB.Selenium.DataModel.Customer.Accounts]
FailedAccounts: System.Collections.Generic.List`1[ASB.Selenium.DataModel.Customer.Accounts]
OnboardingSource: JoinASB
CustomerCreated: 
LoginCreated: 
RegisteredForNetcode: 
AccountsCreated: 
CustomerAccessToken: 
VerificationPassword: ass123
LoginDetail: ASB.Selenium.DataModel.Customer.Login
CustomerType: 
Cif: 
Username: mkiw27123
UsernameApi: 
Password: Kiwi77nz
PublicKey: 
AcceptedTermsAndConditions: 
BackgroundCheckConsent: 
PreferredIdType: 
-> done: SummaryPageSteps.WhenIConfirmDetailsOnTheSummaryPage() (2.8s)
Then the Confirmation page for duplicate 'good' customer with open products is displayed
-> error: no such element: Unable to locate element: {"method":"css selector","selector":"#duplicateProfile"}
  (Session info: chrome=60.0.3112.78)
  (Driver info: chromedriver=2.29.461591 (62ebf098771772160f391d75e589dc567915b233),platform=Windows NT 6.3.9600 x86_64)
]]></output>
                  </test-case>
                </test-suite>
                <test-case id="0-1261" name="CNFM_04_ExistingCustomerCheck_FNCOpenApplyRedirect" fullname="Join.Form.Customer.Selenium.Features._07_ConfirmationFeature.CNFM_04_ExistingCustomerCheck_FNCOpenApplyRedirect" methodname="CNFM_04_ExistingCustomerCheck_FNCOpenApplyRedirect" classname="Join.Form.Customer.Selenium.Features._07_ConfirmationFeature" runstate="Runnable" seed="39200667" result="Failed" label="Error" start-time="2017-11-22 13:42:34Z" end-time="2017-11-22 13:48:54Z" duration="380.635539" asserts="9">
                  <properties>
                    <property name="Description" value="CNFM_04 - Existing Customer check - FNC Open &amp; Apply Redirect" />
                    <property name="Category" value="COB" />
                    <property name="Category" value="confirmation" />
                    <property name="Category" value="regression" />
                    <property name="Category" value="integration" />
                    <property name="Category" value="072016" />
                  </properties>
                  <failure>
                    <message><![CDATA[System.Exception : no such element: Unable to locate element: {"method":"css selector","selector":"#duplicateProfile"}
  (Session info: chrome=60.0.3112.78)
  (Driver info: chromedriver=2.29.461591 (62ebf098771772160f391d75e589dc567915b233),platform=Windows NT 6.3.9600 x86_64)
  ----> OpenQA.Selenium.NoSuchElementException : no such element: Unable to locate element: {"method":"css selector","selector":"#duplicateProfile"}
  (Session info: chrome=60.0.3112.78)
  (Driver info: chromedriver=2.29.461591 (62ebf098771772160f391d75e589dc567915b233),platform=Windows NT 6.3.9600 x86_64)]]></message>
                    <stack-trace><![CDATA[   at ASB.Test.Automation.Utils.Retry.Retry.Execute(Func`1 function, Int32 retryInterval, Int32 retryCount, String exceptionMessage)
   at Join.Form.Customer.Selenium.StepDefinitions.ConfirmationPageSteps.ThenTheConfirmationPageForCustomerIsDisplayed(String customerType)
   at TechTalk.SpecFlow.Bindings.BindingInvoker.InvokeBinding(IBinding binding, IContextManager contextManager, Object[] arguments, ITestTracer testTracer, TimeSpan& duration)
   at TechTalk.SpecFlow.Infrastructure.TestExecutionEngine.ExecuteStepMatch(BindingMatch match, Object[] arguments)
   at TechTalk.SpecFlow.Infrastructure.TestExecutionEngine.ExecuteStep(StepInstance stepInstance)
   at TechTalk.SpecFlow.Infrastructure.TestExecutionEngine.OnAfterLastStep()
   at Join.Form.Customer.Selenium.Features._07_ConfirmationFeature.ScenarioCleanup()
   at Join.Form.Customer.Selenium.Features._07_ConfirmationFeature.CNFM_04_ExistingCustomerCheck_FNCOpenApplyRedirect()
--NoSuchElementException
   at OpenQA.Selenium.Remote.RemoteWebDriver.UnpackAndThrowOnError(Response errorResponse)
   at OpenQA.Selenium.Remote.RemoteWebDriver.Execute(String driverCommandToExecute, Dictionary`2 parameters)
   at OpenQA.Selenium.Remote.RemoteWebDriver.FindElement(String mechanism, String value)
   at Join.Form.Customer.Selenium.Pages.FeaturesPage.IsPageActive(String pageName, IWebDriver driver)
   at Join.Form.Customer.Selenium.StepDefinitions.ConfirmationPageSteps.<ThenTheConfirmationPageForCustomerIsDisplayed>b__12_1()
   at ASB.Test.Automation.Utils.Retry.Retry.Execute(Func`1 function, Int32 retryInterval, Int32 retryCount, String exceptionMessage)]]></stack-trace>
                  </failure>
                  <output><![CDATA[Given I start my Streamline application
Navigating to URL: https://webappisamdev.asbbank.co.nz/public/join/asb/max?grcDisabled=true&fncJunction=fnc104
-> done: CommonSteps.GivenIStartMyStreamlineApplication() (0.6s)
Given I am an existing ASB customer
Navigating to URL: https://webappisamdev.asbbank.co.nz/public/join/asb/max?grcDisabled=true&fncJunction=fnc104&fncJunctionNumber=104
-> done: CommonSteps.GivenIAmAnExistingASBCustomer() (0.4s)
And I select the following products: 'Streamline intro,ASB Visa Debit Streamline Intro,Savings On Call,FastSaver'
11/23/2017 2:42:45 AMWaitForFeaturesPageLoad: Executing WaitForFrameAndSwitch
11/23/2017 2:42:46 AMWaitForFeaturesPageLoad: Done executing WaitForFrameAndSwitch
Unable to find product 'Savings On Call' in page or product 'Savings On Call' is not selected
Unable to find product 'FastSaver' in page or product 'FastSaver' is not selected
-> done: ProductsPageSteps.WhenIChangeMySelectedProductsTo("Streamline intro,...") (19.2s)
And I enter all required details and navigate to Summary page
  --- table step argument ---
  | Title | FirstName | MiddleName | LastName | DateOfBirth    | Email             | MobileNumber | CountriesCitizenship | PreferredIdType | Password | assPassword |
  | Miss  | ass   | ass      | ass     | 1 January 1980 | cob2016@asb.co.nz | 021-ass   | New Zealand          | Other           | Kiwi77nz | MyCode01       |
Given I enter mandatory Tax Information for NZ citizen and clicks on Next button
-> done: AdditionalPersonalDetailsSteps.GivenIEnterMandatoryTaxInformationForNZCitizen() (0.5s)
-> done: PersonalDetailsSteps.GivenIEnterAllRequiredDetailsAndNavigateToSummaryPage(<table>) (20.7s)
When I confirm details on the Summary page
UniqueId: 
Title: Miss
FirstName: ass
MiddleName: ass
LastName: ass
Email: cob2016@asb.co.nz
Gender: 
DateOfBirth: 1/1/1980 12:00:00 AM
DateCreated: 
LastReviewDate: 
Cals: 
IsIndividual: 
NzCitizen: 
NzResidence: 
HighValueCustomer: 
StaffMember: 
AmlVerified: 
VipCustomer: 
Addresses: System.Collections.Generic.List`1[ASB.Selenium.DataModel.Customer.Address]
AddressInformation: ASB.Selenium.DataModel.Customer.AddressInformation
CompanyName: 
CompanyType: 
CompanySubType: 
CustomerTypeCode: 
IrdNumber: 
TaxClass: 
TaxClassDate: 
IsNzTaxResident: True
NonResidentCountryCode: 
IsForeignTaxResident: False
ForeignTaxResidencyStatus: 
IsProfileEnhanced: 
Phones: System.Collections.Generic.List`1[ASB.Selenium.DataModel.Customer.Phone]
NextOfKin: 
EmploymentDetails: 
LinkedCustomers: 
AccountRelationships: 
IdType: 
Fatca: ASB.Selenium.DataModel.Customer.Fatca
CitizenshipCountryCodes: 
CitizenshipCountryNames: System.Collections.Generic.List`1[System.String]
ForeignTaxResidenceTypes: System.Collections.Generic.List`1[ASB.Selenium.DataModel.Customer.ForeignTaxResidenceTypes]
OnboardingDetail: ASB.Selenium.DataModel.Customer.OnboardingDetail
AddressVerificationStatus: 
IdVerificationStatus: 
PreferredIdType: Other
IsProfileComplete: True
DaysRemaining: 0
OnboardingStatus: 
NewAccounts: System.Collections.Generic.List`1[ASB.Selenium.DataModel.Customer.Accounts]
FailedAccounts: System.Collections.Generic.List`1[ASB.Selenium.DataModel.Customer.Accounts]
OnboardingSource: JoinASB
CustomerCreated: 
LoginCreated: 
RegisteredForNetcode: 
AccountsCreated: 
CustomerAccessToken: 
VerificationPassword: MyCode01
LoginDetail: ASB.Selenium.DataModel.Customer.Login
CustomerType: 
Cif: 
Username: bwol85565
UsernameApi: 
Password: Kiwi77nz
PublicKey: 
AcceptedTermsAndConditions: 
BackgroundCheckConsent: 
PreferredIdType: 
-> done: SummaryPageSteps.WhenIConfirmDetailsOnTheSummaryPage() (2.9s)
Then the Confirmation page for duplicate 'good' customer with open products is displayed
-> error: no such element: Unable to locate element: {"method":"css selector","selector":"#duplicateProfile"}
  (Session info: chrome=60.0.3112.78)
  (Driver info: chromedriver=2.29.461591 (62ebf098771772160f391d75e589dc567915b233),platform=Windows NT 6.3.9600 x86_64)
And the FNC Login section is displayed
-> skipped because of previous errors
And the 'Having trouble logging in?' button opens in a new window
-> skipped because of previous errors
And the 'register for internet banking' link opens in a new window
-> skipped because of previous errors
And the 'Find a branch' button opens in a new window
-> skipped because of previous errors
And FNC Open & Apply page is displayed after login
-> skipped because of previous errors
]]></output>
                </test-case>
              </test-suite>
              <test-suite type="TestFixture" id="0-1045" name="_08_ActivateSummaryFeature" fullname="Join.Form.Customer.Selenium.Features._08_ActivateSummaryFeature" classname="Join.Form.Customer.Selenium.Features._08_ActivateSummaryFeature" runstate="Runnable" testcasecount="51" result="Failed" site="Child" start-time="2017-11-22 13:48:54Z" end-time="2017-11-22 15:13:46Z" duration="5091.694147" total="48" passed="47" failed="1" warnings="0" inconclusive="0" skipped="0" asserts="1486">
                <properties>
                  <property name="Description" value="08_ActivateSummary" />
                </properties>
                <failure>
                  <message><![CDATA[One or more child tests had errors]]></message>
                </failure>
                <test-case id="0-1046" name="ACTSUM_01_VerifyThatCustomerSetupSubmissionIsSuccessful_WelcomeMessage" fullname="Join.Form.Customer.Selenium.Features._08_ActivateSummaryFeature.ACTSUM_01_VerifyThatCustomerSetupSubmissionIsSuccessful_WelcomeMessage" methodname="ACTSUM_01_VerifyThatCustomerSetupSubmissionIsSuccessful_WelcomeMessage" classname="Join.Form.Customer.Selenium.Features._08_ActivateSummaryFeature" runstate="Runnable" seed="1788863715" result="Passed" start-time="2017-11-22 13:48:54Z" end-time="2017-11-22 13:50:49Z" duration="114.867389" asserts="16">
                  <properties>
                    <property name="Description" value="ACTSUM_01 - Verify that customer setup submission is successful - Welcome message" />
                    <property name="Category" value="COB" />
                    <property name="Category" value="activatesummary" />
                    <property name="Category" value="regression" />
                    <property name="Category" value="online" />
                    <property name="Category" value="integration" />
                    <property name="Category" value="eidv" />
                    <property name="Category" value="072016" />
                    <property name="Category" value="securitypatch" />
                    <property name="Category" value="112017" />
                  </properties>
                  <output><![CDATA[Given I start my Streamline application
Navigating to URL: https://webappisamdev.asbbank.co.nz/public/join/asb/max?grcDisabled=true&fncJunction=fnc104
-> done: CommonSteps.GivenIStartMyStreamlineApplication() (0.7s)
Given I select the following products: 'Streamline intro'
11/23/2017 2:49:06 AMWaitForFeaturesPageLoad: Executing WaitForFrameAndSwitch
11/23/2017 2:49:06 AMWaitForFeaturesPageLoad: Done executing WaitForFrameAndSwitch
Unable to find product 'FastSaver' in page or product 'FastSaver' is not selected
Unable to find product 'Savings On Call' in page or product 'Savings On Call' is not selected
Unable to find product 'ASB Visa Debit Streamline Intro' in page or product 'ASB Visa Debit Streamline Intro' is not selected
Unable to find product 'Savings On Call' in page or product 'Savings On Call' is not selected
Unable to find product 'FastSaver' in page or product 'FastSaver' is not selected
-> done: ProductsPageSteps.WhenIChangeMySelectedProductsTo("Streamline intro") (16.1s)
And I enter all required details and navigate to Summary page
  --- table step argument ---
  | Title | FirstName  | MiddleName | LastName | DateOfBirth | Email             | MobileNumber | CountriesCitizenship | PreferredIdType | Password | assPassword |
  | Miss  | Automation | ass     | FYICOB   | ass      | cob2016@asb.co.nz | 021-ass   | New Zealand          | Other           | Kiwi77nz | MyCode01       |
Given I enter mandatory Tax Information for NZ citizen and clicks on Next button
-> done: AdditionalPersonalDetailsSteps.GivenIEnterMandatoryTaxInformationForNZCitizen() (0.6s)
-> done: PersonalDetailsSteps.GivenIEnterAllRequiredDetailsAndNavigateToSummaryPage(<table>) (21.6s)
When I confirm details on the Summary page
UniqueId: 
Title: Miss
FirstName: Automation
MiddleName: COB-iJfLa
LastName: FYICOB
Email: cob2016@asb.co.nz
Gender: 
DateOfBirth: 7/1/1934 12:00:00 AM
DateCreated: 
LastReviewDate: 
Cals: 
IsIndividual: 
NzCitizen: 
NzResidence: 
HighValueCustomer: 
StaffMember: 
AmlVerified: 
VipCustomer: 
Addresses: System.Collections.Generic.List`1[ASB.Selenium.DataModel.Customer.Address]
AddressInformation: ASB.Selenium.DataModel.Customer.AddressInformation
CompanyName: 
CompanyType: 
CompanySubType: 
CustomerTypeCode: 
IrdNumber: 
TaxClass: 
TaxClassDate: 
IsNzTaxResident: True
NonResidentCountryCode: 
IsForeignTaxResident: False
ForeignTaxResidencyStatus: 
IsProfileEnhanced: 
Phones: System.Collections.Generic.List`1[ASB.Selenium.DataModel.Customer.Phone]
NextOfKin: 
EmploymentDetails: 
LinkedCustomers: 
AccountRelationships: 
IdType: 
Fatca: ASB.Selenium.DataModel.Customer.Fatca
CitizenshipCountryCodes: 
CitizenshipCountryNames: System.Collections.Generic.List`1[System.String]
ForeignTaxResidenceTypes: System.Collections.Generic.List`1[ASB.Selenium.DataModel.Customer.ForeignTaxResidenceTypes]
OnboardingDetail: ASB.Selenium.DataModel.Customer.OnboardingDetail
AddressVerificationStatus: 
IdVerificationStatus: 
PreferredIdType: Other
IsProfileComplete: True
DaysRemaining: 0
OnboardingStatus: 
NewAccounts: System.Collections.Generic.List`1[ASB.Selenium.DataModel.Customer.Accounts]
FailedAccounts: System.Collections.Generic.List`1[ASB.Selenium.DataModel.Customer.Accounts]
OnboardingSource: JoinASB
CustomerCreated: 
LoginCreated: 
RegisteredForNetcode: 
AccountsCreated: 
CustomerAccessToken: 
VerificationPassword: MyCode01
LoginDetail: ASB.Selenium.DataModel.Customer.Login
CustomerType: 
Cif: 
Username: afyi36695
UsernameApi: 
Password: Kiwi77nz
PublicKey: 
AcceptedTermsAndConditions: 
BackgroundCheckConsent: 
PreferredIdType: 
-> done: SummaryPageSteps.WhenIConfirmDetailsOnTheSummaryPage() (2.9s)
Then the Logging you in progress page is displayed
-> done: ConfirmationPageSteps.ThenTheLoggingYouInProgressPageIsDisplayed() (19.1s)
And the Activation page is displayed
11/23/2017 2:50:06 AMThenTheActivationPageIsDisplayed: IsActivationPageDisplayed STARTED
11/23/2017 2:50:06 AMThenTheActivationPageIsDisplayed: IsActivationPageDisplayed DONE
11/23/2017 2:50:06 AMThenTheActivationPageIsDisplayed: IsSectionDisplayed STARTED
11/23/2017 2:50:17 AMThenTheActivationPageIsDisplayed: IsSectionDisplayed DONE
-> done: ActivationSummarySteps.ThenTheActivationPageIsDisplayed() (24.1s)
And the welcome message is displayed
-> done: ActivationSummarySteps.ThenWelcomeMessageIsDisplayed() (0.1s)
And the activation text is displayed
-> done: ActivationSummarySteps.ThenTheActivationTextIsDisplayed() (0.1s)
And the activation information text is displayed
-> done: ActivationSummarySteps.ThenTheActivationInformationTextIsDisplayed() (0.1s)
And the account number and product name is displayed for the selected products
==> Successfully created: Streamline transaction account:
12-3629-0375700-00
-> done: ActivationSummarySteps.ThenTheAccountNumberAndProductNameIsDisplayedForTheSelectedProducts() (26.8s)
]]></output>
                </test-case>
                <test-case id="0-1047" name="ACTSUM_02_VerifyActivateSummaryPageAccountSetupSection" fullname="Join.Form.Customer.Selenium.Features._08_ActivateSummaryFeature.ACTSUM_02_VerifyActivateSummaryPageAccountSetupSection" methodname="ACTSUM_02_VerifyActivateSummaryPageAccountSetupSection" classname="Join.Form.Customer.Selenium.Features._08_ActivateSummaryFeature" runstate="Runnable" seed="173118319" result="Passed" start-time="2017-11-22 13:50:49Z" end-time="2017-11-22 13:52:36Z" duration="106.611948" asserts="16">
                  <properties>
                    <property name="Description" value="ACTSUM_02 - Verify Activate Summary page Account Setup section" />
                    <property name="Category" value="COB" />
                    <property name="Category" value="activatesummary" />
                    <property name="Category" value="regression" />
                    <property name="Category" value="smoke" />
                    <property name="Category" value="integration" />
                    <property name="Category" value="eidv" />
                    <property name="Category" value="072016" />
                    <property name="Category" value="112017" />
                  </properties>
                  <output><![CDATA[Given I start my Streamline application
Navigating to URL: https://webappisamdev.asbbank.co.nz/public/join/asb/max?grcDisabled=true&fncJunction=fnc104
-> done: CommonSteps.GivenIStartMyStreamlineApplication() (0.6s)
Given I select the following products: 'Streamline intro,ASB Visa Debit Streamline Intro,Savings On Call,FastSaver'
11/23/2017 2:51:01 AMWaitForFeaturesPageLoad: Executing WaitForFrameAndSwitch
11/23/2017 2:51:01 AMWaitForFeaturesPageLoad: Done executing WaitForFrameAndSwitch
Unable to find product 'Savings On Call' in page or product 'Savings On Call' is not selected
Unable to find product 'FastSaver' in page or product 'FastSaver' is not selected
-> done: ProductsPageSteps.WhenIChangeMySelectedProductsTo("Streamline intro,...") (19.1s)
And I enter all required details and navigate to Summary page
  --- table step argument ---
  | Title | FirstName  | MiddleName | LastName | DateOfBirth | Email             | MobileNumber | CountriesCitizenship | PreferredIdType | Password | assPassword |
  | Miss  | Automation | ass     | FYICOB   | ass      | cob2016@asb.co.nz | 021-ass   | New Zealand          | Other           | Kiwi77nz | MyCode01       |
Given I enter mandatory Tax Information for NZ citizen and clicks on Next button
-> done: AdditionalPersonalDetailsSteps.GivenIEnterMandatoryTaxInformationForNZCitizen() (0.5s)
-> done: PersonalDetailsSteps.GivenIEnterAllRequiredDetailsAndNavigateToSummaryPage(<table>) (26.7s)
When I confirm details on the Summary page
UniqueId: 
Title: Miss
FirstName: Automation
MiddleName: COB-SUiuO
LastName: FYICOB
Email: cob2016@asb.co.nz
Gender: 
DateOfBirth: 2/17/1927 12:00:00 AM
DateCreated: 
LastReviewDate: 
Cals: 
IsIndividual: 
NzCitizen: 
NzResidence: 
HighValueCustomer: 
StaffMember: 
AmlVerified: 
VipCustomer: 
Addresses: System.Collections.Generic.List`1[ASB.Selenium.DataModel.Customer.Address]
AddressInformation: ASB.Selenium.DataModel.Customer.AddressInformation
CompanyName: 
CompanyType: 
CompanySubType: 
CustomerTypeCode: 
IrdNumber: 
TaxClass: 
TaxClassDate: 
IsNzTaxResident: True
NonResidentCountryCode: 
IsForeignTaxResident: False
ForeignTaxResidencyStatus: 
IsProfileEnhanced: 
Phones: System.Collections.Generic.List`1[ASB.Selenium.DataModel.Customer.Phone]
NextOfKin: 
EmploymentDetails: 
LinkedCustomers: 
AccountRelationships: 
IdType: 
Fatca: ASB.Selenium.DataModel.Customer.Fatca
CitizenshipCountryCodes: 
CitizenshipCountryNames: System.Collections.Generic.List`1[System.String]
ForeignTaxResidenceTypes: System.Collections.Generic.List`1[ASB.Selenium.DataModel.Customer.ForeignTaxResidenceTypes]
OnboardingDetail: ASB.Selenium.DataModel.Customer.OnboardingDetail
AddressVerificationStatus: 
IdVerificationStatus: 
PreferredIdType: Other
IsProfileComplete: True
DaysRemaining: 0
OnboardingStatus: 
NewAccounts: System.Collections.Generic.List`1[ASB.Selenium.DataModel.Customer.Accounts]
FailedAccounts: System.Collections.Generic.List`1[ASB.Selenium.DataModel.Customer.Accounts]
OnboardingSource: JoinASB
CustomerCreated: 
LoginCreated: 
RegisteredForNetcode: 
AccountsCreated: 
CustomerAccessToken: 
VerificationPassword: MyCode01
LoginDetail: ASB.Selenium.DataModel.Customer.Login
CustomerType: 
Cif: 
Username: afyi29823
UsernameApi: 
Password: Kiwi77nz
PublicKey: 
AcceptedTermsAndConditions: 
BackgroundCheckConsent: 
PreferredIdType: 
-> done: SummaryPageSteps.WhenIConfirmDetailsOnTheSummaryPage() (2.8s)
Then the Logging you in progress page is displayed
-> done: ConfirmationPageSteps.ThenTheLoggingYouInProgressPageIsDisplayed() (17.9s)
And the Activation page is displayed
11/23/2017 2:51:59 AMThenTheActivationPageIsDisplayed: IsActivationPageDisplayed STARTED
11/23/2017 2:51:59 AMThenTheActivationPageIsDisplayed: IsActivationPageDisplayed DONE
11/23/2017 2:51:59 AMThenTheActivationPageIsDisplayed: IsSectionDisplayed STARTED
11/23/2017 2:52:03 AMThenTheActivationPageIsDisplayed: IsSectionDisplayed DONE
-> done: ActivationSummarySteps.ThenTheActivationPageIsDisplayed() (9.0s)
And the account number and product name is displayed for the selected products
==> Successfully created: Streamline transaction account:
12-3629-0375719-00
==> Successfully created: ASB Visa Debit card:
Issued for delivery within a week
==> Successfully created: Savings On Call:
12-3629-0375719-50
==> Successfully created: FastSaver:
12-3629-0375719-51
-> done: ActivationSummarySteps.ThenTheAccountNumberAndProductNameIsDisplayedForTheSelectedProducts() (27.2s)
]]></output>
                </test-case>
                <test-case id="0-1048" name="ACTSUM_03_VerifyActivateSummaryPageActivateYourAccountSection" fullname="Join.Form.Customer.Selenium.Features._08_ActivateSummaryFeature.ACTSUM_03_VerifyActivateSummaryPageActivateYourAccountSection" methodname="ACTSUM_03_VerifyActivateSummaryPageActivateYourAccountSection" classname="Join.Form.Customer.Selenium.Features._08_ActivateSummaryFeature" runstate="Runnable" seed="1624022977" result="Passed" start-time="2017-11-22 13:52:36Z" end-time="2017-11-22 13:53:45Z" duration="69.596554" asserts="13">
                  <properties>
                    <property name="Description" value="ACTSUM_03 -  Verify Activate Summary page Activate your account section" />
                    <property name="Category" value="COB" />
                    <property name="Category" value="activatesummary" />
                    <property name="Category" value="regression" />
                    <property name="Category" value="integration" />
                    <property name="Category" value="072016" />
                    <property name="Category" value="112017" />
                  </properties>
                  <output><![CDATA[Given I start my Streamline application
Navigating to URL: https://webappisamdev.asbbank.co.nz/public/join/asb/max?grcDisabled=true&fncJunction=fnc104
-> done: CommonSteps.GivenIStartMyStreamlineApplication() (0.6s)
Given I select the following products: 'Streamline intro'
11/23/2017 2:52:47 AMWaitForFeaturesPageLoad: Executing WaitForFrameAndSwitch
11/23/2017 2:52:47 AMWaitForFeaturesPageLoad: Done executing WaitForFrameAndSwitch
Unable to find product 'FastSaver' in page or product 'FastSaver' is not selected
Unable to find product 'Savings On Call' in page or product 'Savings On Call' is not selected
Unable to find product 'ASB Visa Debit Streamline Intro' in page or product 'ASB Visa Debit Streamline Intro' is not selected
Unable to find product 'Savings On Call' in page or product 'Savings On Call' is not selected
Unable to find product 'FastSaver' in page or product 'FastSaver' is not selected
-> done: ProductsPageSteps.WhenIChangeMySelectedProductsTo("Streamline intro") (16.1s)
And I enter all required details and navigate to Summary page
  --- table step argument ---
  | Title | FirstName  | MiddleName | LastName | DateOfBirth | Email             | MobileNumber | CountriesCitizenship | PreferredIdType | Password | assPassword |
  | Miss  | Automation | ass     | FYICOB   | ass      | cob2016@asb.co.nz | 021-ass   | New Zealand          | Other           | Kiwi77nz | MyCode01       |
Given I enter mandatory Tax Information for NZ citizen and clicks on Next button
-> done: AdditionalPersonalDetailsSteps.GivenIEnterMandatoryTaxInformationForNZCitizen() (0.5s)
-> done: PersonalDetailsSteps.GivenIEnterAllRequiredDetailsAndNavigateToSummaryPage(<table>) (25.1s)
When I confirm details on the Summary page
UniqueId: 
Title: Miss
FirstName: Automation
MiddleName: COB-ISCMc
LastName: FYICOB
Email: cob2016@asb.co.nz
Gender: 
DateOfBirth: 11/6/1961 12:00:00 AM
DateCreated: 
LastReviewDate: 
Cals: 
IsIndividual: 
NzCitizen: 
NzResidence: 
HighValueCustomer: 
StaffMember: 
AmlVerified: 
VipCustomer: 
Addresses: System.Collections.Generic.List`1[ASB.Selenium.DataModel.Customer.Address]
AddressInformation: ASB.Selenium.DataModel.Customer.AddressInformation
CompanyName: 
CompanyType: 
CompanySubType: 
CustomerTypeCode: 
IrdNumber: 
TaxClass: 
TaxClassDate: 
IsNzTaxResident: True
NonResidentCountryCode: 
IsForeignTaxResident: False
ForeignTaxResidencyStatus: 
IsProfileEnhanced: 
Phones: System.Collections.Generic.List`1[ASB.Selenium.DataModel.Customer.Phone]
NextOfKin: 
EmploymentDetails: 
LinkedCustomers: 
AccountRelationships: 
IdType: 
Fatca: ASB.Selenium.DataModel.Customer.Fatca
CitizenshipCountryCodes: 
CitizenshipCountryNames: System.Collections.Generic.List`1[System.String]
ForeignTaxResidenceTypes: System.Collections.Generic.List`1[ASB.Selenium.DataModel.Customer.ForeignTaxResidenceTypes]
OnboardingDetail: ASB.Selenium.DataModel.Customer.OnboardingDetail
AddressVerificationStatus: 
IdVerificationStatus: 
PreferredIdType: Other
IsProfileComplete: True
DaysRemaining: 0
OnboardingStatus: 
NewAccounts: System.Collections.Generic.List`1[ASB.Selenium.DataModel.Customer.Accounts]
FailedAccounts: System.Collections.Generic.List`1[ASB.Selenium.DataModel.Customer.Accounts]
OnboardingSource: JoinASB
CustomerCreated: 
LoginCreated: 
RegisteredForNetcode: 
AccountsCreated: 
CustomerAccessToken: 
VerificationPassword: MyCode01
LoginDetail: ASB.Selenium.DataModel.Customer.Login
CustomerType: 
Cif: 
Username: afyi24541
UsernameApi: 
Password: Kiwi77nz
PublicKey: 
AcceptedTermsAndConditions: 
BackgroundCheckConsent: 
PreferredIdType: 
-> done: SummaryPageSteps.WhenIConfirmDetailsOnTheSummaryPage() (2.8s)
Then the Logging you in progress page is displayed
-> done: ConfirmationPageSteps.ThenTheLoggingYouInProgressPageIsDisplayed() (13.9s)
And the Activation page is displayed
11/23/2017 2:53:38 AMThenTheActivationPageIsDisplayed: IsActivationPageDisplayed STARTED
11/23/2017 2:53:38 AMThenTheActivationPageIsDisplayed: IsActivationPageDisplayed DONE
11/23/2017 2:53:38 AMThenTheActivationPageIsDisplayed: IsSectionDisplayed STARTED
11/23/2017 2:53:40 AMThenTheActivationPageIsDisplayed: IsSectionDisplayed DONE
-> done: ActivationSummarySteps.ThenTheActivationPageIsDisplayed() (7.7s)
And the 'Activate your account' section is displayed
-> done: ActivationSummarySteps.ThenTheSectionIsDisplayed("Activate your acc...") (0.0s)
And the Activate your account header is displayed
-> done: ActivationSummarySteps.ThenTheActivateYourAccountHeaderIsDisplayed() (0.0s)
]]></output>
                </test-case>
                <test-case id="0-1049" name="ACTSUM_04_VerifyActivateSummaryPageProfileDetailsSection" fullname="Join.Form.Customer.Selenium.Features._08_ActivateSummaryFeature.ACTSUM_04_VerifyActivateSummaryPageProfileDetailsSection" methodname="ACTSUM_04_VerifyActivateSummaryPageProfileDetailsSection" classname="Join.Form.Customer.Selenium.Features._08_ActivateSummaryFeature" runstate="Runnable" seed="918423450" result="Passed" start-time="2017-11-22 13:53:45Z" end-time="2017-11-22 13:55:16Z" duration="90.618180" asserts="17">
                  <properties>
                    <property name="Description" value="ACTSUM_04 - Verify Activate Summary page Profile Details section" />
                    <property name="Category" value="COB" />
                    <property name="Category" value="activatesummary" />
                    <property name="Category" value="regression" />
                    <property name="Category" value="integration" />
                    <property name="Category" value="eidv" />
                    <property name="Category" value="072016" />
                    <property name="Category" value="112017" />
                  </properties>
                  <output><![CDATA[Given I start my Streamline application
Navigating to URL: https://webappisamdev.asbbank.co.nz/public/join/asb/max?grcDisabled=true&fncJunction=fnc104
-> done: CommonSteps.GivenIStartMyStreamlineApplication() (0.7s)
Given I select the following products: 'Streamline intro,ASB Visa Debit Streamline Intro'
11/23/2017 2:53:57 AMWaitForFeaturesPageLoad: Executing WaitForFrameAndSwitch
11/23/2017 2:53:57 AMWaitForFeaturesPageLoad: Done executing WaitForFrameAndSwitch
Unable to find product 'FastSaver' in page or product 'FastSaver' is not selected
Unable to find product 'Savings On Call' in page or product 'Savings On Call' is not selected
Unable to find product 'Savings On Call' in page or product 'Savings On Call' is not selected
Unable to find product 'FastSaver' in page or product 'FastSaver' is not selected
-> done: ProductsPageSteps.WhenIChangeMySelectedProductsTo("Streamline intro,...") (15.1s)
And I enter all required details and navigate to Summary page
  --- table step argument ---
  | Title | FirstName  | MiddleName | LastName | DateOfBirth | Email             | MobileNumber | CountriesCitizenship | PreferredIdType | Password | assPassword |
  | Miss  | Automation | ass     | FYICOB   | ass      | cob2016@asb.co.nz | 021-ass   | New Zealand          | Other           | Kiwi77nz | MyCode01       |
Given I enter mandatory Tax Information for NZ citizen and clicks on Next button
-> done: AdditionalPersonalDetailsSteps.GivenIEnterMandatoryTaxInformationForNZCitizen() (0.5s)
-> done: PersonalDetailsSteps.GivenIEnterAllRequiredDetailsAndNavigateToSummaryPage(<table>) (17.9s)
When I confirm details on the Summary page
UniqueId: 
Title: Miss
FirstName: Automation
MiddleName: COB-aDajZ
LastName: FYICOB
Email: cob2016@asb.co.nz
Gender: 
DateOfBirth: 5/18/1997 12:00:00 AM
DateCreated: 
LastReviewDate: 
Cals: 
IsIndividual: 
NzCitizen: 
NzResidence: 
HighValueCustomer: 
StaffMember: 
AmlVerified: 
VipCustomer: 
Addresses: System.Collections.Generic.List`1[ASB.Selenium.DataModel.Customer.Address]
AddressInformation: ASB.Selenium.DataModel.Customer.AddressInformation
CompanyName: 
CompanyType: 
CompanySubType: 
CustomerTypeCode: 
IrdNumber: 
TaxClass: 
TaxClassDate: 
IsNzTaxResident: True
NonResidentCountryCode: 
IsForeignTaxResident: False
ForeignTaxResidencyStatus: 
IsProfileEnhanced: 
Phones: System.Collections.Generic.List`1[ASB.Selenium.DataModel.Customer.Phone]
NextOfKin: 
EmploymentDetails: 
LinkedCustomers: 
AccountRelationships: 
IdType: 
Fatca: ASB.Selenium.DataModel.Customer.Fatca
CitizenshipCountryCodes: 
CitizenshipCountryNames: System.Collections.Generic.List`1[System.String]
ForeignTaxResidenceTypes: System.Collections.Generic.List`1[ASB.Selenium.DataModel.Customer.ForeignTaxResidenceTypes]
OnboardingDetail: ASB.Selenium.DataModel.Customer.OnboardingDetail
AddressVerificationStatus: 
IdVerificationStatus: 
PreferredIdType: Other
IsProfileComplete: True
DaysRemaining: 0
OnboardingStatus: 
NewAccounts: System.Collections.Generic.List`1[ASB.Selenium.DataModel.Customer.Accounts]
FailedAccounts: System.Collections.Generic.List`1[ASB.Selenium.DataModel.Customer.Accounts]
OnboardingSource: JoinASB
CustomerCreated: 
LoginCreated: 
RegisteredForNetcode: 
AccountsCreated: 
CustomerAccessToken: 
VerificationPassword: MyCode01
LoginDetail: ASB.Selenium.DataModel.Customer.Login
CustomerType: 
Cif: 
Username: afyi84368
UsernameApi: 
Password: Kiwi77nz
PublicKey: 
AcceptedTermsAndConditions: 
BackgroundCheckConsent: 
PreferredIdType: 
-> done: SummaryPageSteps.WhenIConfirmDetailsOnTheSummaryPage() (2.9s)
Then the Logging you in progress page is displayed
-> done: ConfirmationPageSteps.ThenTheLoggingYouInProgressPageIsDisplayed() (14.9s)
And the Activation page is displayed
11/23/2017 2:54:40 AMThenTheActivationPageIsDisplayed: IsActivationPageDisplayed STARTED
11/23/2017 2:54:40 AMThenTheActivationPageIsDisplayed: IsActivationPageDisplayed DONE
11/23/2017 2:54:40 AMThenTheActivationPageIsDisplayed: IsSectionDisplayed STARTED
11/23/2017 2:54:43 AMThenTheActivationPageIsDisplayed: IsSectionDisplayed DONE
-> done: ActivationSummarySteps.ThenTheActivationPageIsDisplayed() (7.8s)
And the account number and product name is displayed for the selected products
==> Successfully created: Streamline transaction account:
12-3629-0375735-00
==> Successfully created: ASB Visa Debit card:
Issued for delivery within a week
-> done: ActivationSummarySteps.ThenTheAccountNumberAndProductNameIsDisplayedForTheSelectedProducts() (26.9s)
And the Profile Details section is displayed
*** Verifying section for non-Profile Enhanced customer ***
*** Verifying section for Profile Complete customer ***
-> done: ActivationSummarySteps.ThenTheProfileDetailsSectionIsDisplayed() (1.1s)
]]></output>
                </test-case>
                <test-case id="0-1050" name="ACTSUM_05_VerifyActivateSummaryPageProofOfAddressSection" fullname="Join.Form.Customer.Selenium.Features._08_ActivateSummaryFeature.ACTSUM_05_VerifyActivateSummaryPageProofOfAddressSection" methodname="ACTSUM_05_VerifyActivateSummaryPageProofOfAddressSection" classname="Join.Form.Customer.Selenium.Features._08_ActivateSummaryFeature" runstate="Runnable" seed="1577793493" result="Passed" start-time="2017-11-22 13:55:16Z" end-time="2017-11-22 13:56:56Z" duration="100.280576" asserts="23">
                  <properties>
                    <property name="Description" value="ACTSUM_05 - Verify Activate Summary page Proof of Address section" />
                    <property name="Category" value="COB" />
                    <property name="Category" value="activatesummary" />
                    <property name="Category" value="regression" />
                    <property name="Category" value="integration" />
                    <property name="Category" value="eidv" />
                    <property name="Category" value="072016" />
                    <property name="Category" value="112017" />
                  </properties>
                  <output><![CDATA[Given I start my Streamline application
Navigating to URL: https://webappisamdev.asbbank.co.nz/public/join/asb/max?grcDisabled=true&fncJunction=fnc104
-> done: CommonSteps.GivenIStartMyStreamlineApplication() (0.7s)
Given I select the following products: 'Streamline intro,ASB Visa Debit Streamline Intro,Savings On Call'
11/23/2017 2:55:28 AMWaitForFeaturesPageLoad: Executing WaitForFrameAndSwitch
11/23/2017 2:55:28 AMWaitForFeaturesPageLoad: Done executing WaitForFrameAndSwitch
Unable to find product 'Savings On Call' in page or product 'Savings On Call' is not selected
Unable to find product 'FastSaver' in page or product 'FastSaver' is not selected
Unable to find product 'FastSaver' in page or product 'FastSaver' is not selected
-> done: ProductsPageSteps.WhenIChangeMySelectedProductsTo("Streamline intro,...") (17.7s)
And I enter all required details and navigate to Summary page
  --- table step argument ---
  | Title | FirstName  | MiddleName | LastName | DateOfBirth | Email             | MobileNumber | CountriesCitizenship | PreferredIdType | Password | assPassword |
  | Miss  | Automation | ass     | FYICOB   | ass      | cob2016@asb.co.nz | 021-ass   | New Zealand          | Other           | Kiwi77nz | MyCode01       |
Given I enter mandatory Tax Information for NZ citizen and clicks on Next button
-> done: AdditionalPersonalDetailsSteps.GivenIEnterMandatoryTaxInformationForNZCitizen() (0.5s)
-> done: PersonalDetailsSteps.GivenIEnterAllRequiredDetailsAndNavigateToSummaryPage(<table>) (21.1s)
When I confirm details on the Summary page
UniqueId: 
Title: Miss
FirstName: Automation
MiddleName: COB-NeiOp
LastName: FYICOB
Email: cob2016@asb.co.nz
Gender: 
DateOfBirth: 9/5/1942 12:00:00 AM
DateCreated: 
LastReviewDate: 
Cals: 
IsIndividual: 
NzCitizen: 
NzResidence: 
HighValueCustomer: 
StaffMember: 
AmlVerified: 
VipCustomer: 
Addresses: System.Collections.Generic.List`1[ASB.Selenium.DataModel.Customer.Address]
AddressInformation: ASB.Selenium.DataModel.Customer.AddressInformation
CompanyName: 
CompanyType: 
CompanySubType: 
CustomerTypeCode: 
IrdNumber: 
TaxClass: 
TaxClassDate: 
IsNzTaxResident: True
NonResidentCountryCode: 
IsForeignTaxResident: False
ForeignTaxResidencyStatus: 
IsProfileEnhanced: 
Phones: System.Collections.Generic.List`1[ASB.Selenium.DataModel.Customer.Phone]
NextOfKin: 
EmploymentDetails: 
LinkedCustomers: 
AccountRelationships: 
IdType: 
Fatca: ASB.Selenium.DataModel.Customer.Fatca
CitizenshipCountryCodes: 
CitizenshipCountryNames: System.Collections.Generic.List`1[System.String]
ForeignTaxResidenceTypes: System.Collections.Generic.List`1[ASB.Selenium.DataModel.Customer.ForeignTaxResidenceTypes]
OnboardingDetail: ASB.Selenium.DataModel.Customer.OnboardingDetail
AddressVerificationStatus: 
IdVerificationStatus: 
PreferredIdType: Other
IsProfileComplete: True
DaysRemaining: 0
OnboardingStatus: 
NewAccounts: System.Collections.Generic.List`1[ASB.Selenium.DataModel.Customer.Accounts]
FailedAccounts: System.Collections.Generic.List`1[ASB.Selenium.DataModel.Customer.Accounts]
OnboardingSource: JoinASB
CustomerCreated: 
LoginCreated: 
RegisteredForNetcode: 
AccountsCreated: 
CustomerAccessToken: 
VerificationPassword: MyCode01
LoginDetail: ASB.Selenium.DataModel.Customer.Login
CustomerType: 
Cif: 
Username: afyi51490
UsernameApi: 
Password: Kiwi77nz
PublicKey: 
AcceptedTermsAndConditions: 
BackgroundCheckConsent: 
PreferredIdType: 
-> done: SummaryPageSteps.WhenIConfirmDetailsOnTheSummaryPage() (2.8s)
Then the 'Processing' screen of Join ASB page is displayed
-> done: CommonSteps.ThenTheScreenOfJoinASBPageIsDisplayed("Processing") (0.0s)
And the Logging you in progress page is displayed
-> done: ConfirmationPageSteps.ThenTheLoggingYouInProgressPageIsDisplayed() (18.5s)
And the Activation page is displayed
11/23/2017 2:56:19 AMThenTheActivationPageIsDisplayed: IsActivationPageDisplayed STARTED
11/23/2017 2:56:20 AMThenTheActivationPageIsDisplayed: IsActivationPageDisplayed DONE
11/23/2017 2:56:20 AMThenTheActivationPageIsDisplayed: IsSectionDisplayed STARTED
11/23/2017 2:56:24 AMThenTheActivationPageIsDisplayed: IsSectionDisplayed DONE
-> done: ActivationSummarySteps.ThenTheActivationPageIsDisplayed() (9.0s)
And the account number and product name is displayed for the selected products
==> Successfully created: Streamline transaction account:
12-3629-0375743-00
==> Successfully created: ASB Visa Debit card:
Issued for delivery within a week
==> Successfully created: Savings On Call:
12-3629-0375743-50
-> done: ActivationSummarySteps.ThenTheAccountNumberAndProductNameIsDisplayedForTheSelectedProducts() (27.0s)
And the Proof of Address section is displayed
*** Verifying section for non-Address Verified customer ***
*** Verifying section for non-Address Verified customer ***
-> done: ActivationSummarySteps.ThenTheProofOfAddressSectionIsDisplayed() (0.3s)
]]></output>
                </test-case>
                <test-case id="0-1051" name="ACTSUM_06_VerifyActivateSummaryPageConfirmIdentitySection" fullname="Join.Form.Customer.Selenium.Features._08_ActivateSummaryFeature.ACTSUM_06_VerifyActivateSummaryPageConfirmIdentitySection" methodname="ACTSUM_06_VerifyActivateSummaryPageConfirmIdentitySection" classname="Join.Form.Customer.Selenium.Features._08_ActivateSummaryFeature" runstate="Runnable" seed="616860850" result="Passed" start-time="2017-11-22 13:56:56Z" end-time="2017-11-22 13:58:41Z" duration="104.291565" asserts="25">
                  <properties>
                    <property name="Description" value="ACTSUM_06 - Verify Activate Summary page Confirm Identity section" />
                    <property name="Category" value="COB" />
                    <property name="Category" value="activatesummary" />
                    <property name="Category" value="regression" />
                    <property name="Category" value="integration" />
                    <property name="Category" value="eidv" />
                    <property name="Category" value="072016" />
                    <property name="Category" value="112017" />
                  </properties>
                  <output><![CDATA[Given I start my Streamline application
Navigating to URL: https://webappisamdev.asbbank.co.nz/public/join/asb/max?grcDisabled=true&fncJunction=fnc104
-> done: CommonSteps.GivenIStartMyStreamlineApplication() (0.7s)
Given I select the following products: 'Streamline intro,Savings On Call,FastSaver'
11/23/2017 2:57:08 AMWaitForFeaturesPageLoad: Executing WaitForFrameAndSwitch
11/23/2017 2:57:08 AMWaitForFeaturesPageLoad: Done executing WaitForFrameAndSwitch
Unable to find product 'Savings On Call' in page or product 'Savings On Call' is not selected
Unable to find product 'FastSaver' in page or product 'FastSaver' is not selected
Unable to find product 'ASB Visa Debit Streamline Intro' in page or product 'ASB Visa Debit Streamline Intro' is not selected
-> done: ProductsPageSteps.WhenIChangeMySelectedProductsTo("Streamline intro,...") (20.2s)
And I enter all required details and navigate to Summary page
  --- table step argument ---
  | Title | FirstName  | MiddleName | LastName | DateOfBirth | Email             | MobileNumber | CountriesCitizenship | PreferredIdType | Password | assPassword |
  | Miss  | Automation | ass     | FYICOB   | ass      | cob2016@asb.co.nz | 021-ass   | New Zealand          | Other           | Kiwi77nz | MyCode01       |
Given I enter mandatory Tax Information for NZ citizen and clicks on Next button
-> done: AdditionalPersonalDetailsSteps.GivenIEnterMandatoryTaxInformationForNZCitizen() (0.5s)
-> done: PersonalDetailsSteps.GivenIEnterAllRequiredDetailsAndNavigateToSummaryPage(<table>) (23.9s)
When I confirm details on the Summary page
UniqueId: 
Title: Miss
FirstName: Automation
MiddleName: COB-FDnJD
LastName: FYICOB
Email: cob2016@asb.co.nz
Gender: 
DateOfBirth: 1/13/1988 12:00:00 AM
DateCreated: 
LastReviewDate: 
Cals: 
IsIndividual: 
NzCitizen: 
NzResidence: 
HighValueCustomer: 
StaffMember: 
AmlVerified: 
VipCustomer: 
Addresses: System.Collections.Generic.List`1[ASB.Selenium.DataModel.Customer.Address]
AddressInformation: ASB.Selenium.DataModel.Customer.AddressInformation
CompanyName: 
CompanyType: 
CompanySubType: 
CustomerTypeCode: 
IrdNumber: 
TaxClass: 
TaxClassDate: 
IsNzTaxResident: True
NonResidentCountryCode: 
IsForeignTaxResident: False
ForeignTaxResidencyStatus: 
IsProfileEnhanced: 
Phones: System.Collections.Generic.List`1[ASB.Selenium.DataModel.Customer.Phone]
NextOfKin: 
EmploymentDetails: 
LinkedCustomers: 
AccountRelationships: 
IdType: 
Fatca: ASB.Selenium.DataModel.Customer.Fatca
CitizenshipCountryCodes: 
CitizenshipCountryNames: System.Collections.Generic.List`1[System.String]
ForeignTaxResidenceTypes: System.Collections.Generic.List`1[ASB.Selenium.DataModel.Customer.ForeignTaxResidenceTypes]
OnboardingDetail: ASB.Selenium.DataModel.Customer.OnboardingDetail
AddressVerificationStatus: 
IdVerificationStatus: 
PreferredIdType: Other
IsProfileComplete: True
DaysRemaining: 0
OnboardingStatus: 
NewAccounts: System.Collections.Generic.List`1[ASB.Selenium.DataModel.Customer.Accounts]
FailedAccounts: System.Collections.Generic.List`1[ASB.Selenium.DataModel.Customer.Accounts]
OnboardingSource: JoinASB
CustomerCreated: 
LoginCreated: 
RegisteredForNetcode: 
AccountsCreated: 
CustomerAccessToken: 
VerificationPassword: MyCode01
LoginDetail: ASB.Selenium.DataModel.Customer.Login
CustomerType: 
Cif: 
Username: afyi01105
UsernameApi: 
Password: Kiwi77nz
PublicKey: 
AcceptedTermsAndConditions: 
BackgroundCheckConsent: 
PreferredIdType: 
-> done: SummaryPageSteps.WhenIConfirmDetailsOnTheSummaryPage() (2.9s)
Then the 'Processing' screen of Join ASB page is displayed
-> done: CommonSteps.ThenTheScreenOfJoinASBPageIsDisplayed("Processing") (0.0s)
And the Logging you in progress page is displayed
-> done: ConfirmationPageSteps.ThenTheLoggingYouInProgressPageIsDisplayed() (16.9s)
And the Activation page is displayed
11/23/2017 2:58:04 AMThenTheActivationPageIsDisplayed: IsActivationPageDisplayed STARTED
11/23/2017 2:58:04 AMThenTheActivationPageIsDisplayed: IsActivationPageDisplayed DONE
11/23/2017 2:58:04 AMThenTheActivationPageIsDisplayed: IsSectionDisplayed STARTED
11/23/2017 2:58:08 AMThenTheActivationPageIsDisplayed: IsSectionDisplayed DONE
-> done: ActivationSummarySteps.ThenTheActivationPageIsDisplayed() (8.9s)
And the account number and product name is displayed for the selected products
==> Successfully created: Streamline transaction account:
12-3629-0375751-00
==> Successfully created: Savings On Call:
12-3629-0375751-50
==> Successfully created: FastSaver:
12-3629-0375751-51
-> done: ActivationSummarySteps.ThenTheAccountNumberAndProductNameIsDisplayedForTheSelectedProducts() (27.1s)
And the Confirm Identity section is displayed
*** Verifying section for non-ID Verified customer ***
*** Verifying section for customer with Preferred ID = 'Other' ***
*** Verifying EIDV-Switched OFF Confirm Identity section for customer with Preferred ID: Other
-> done: ActivationSummarySteps.ThenTheConfirmIdentitySectionIsDisplayed() (0.5s)
]]></output>
                </test-case>
                <test-case id="0-1052" name="ACTSUM_07_VerifyActivateSummaryPageAcceptableDocumentsAndFindABranchSection" fullname="Join.Form.Customer.Selenium.Features._08_ActivateSummaryFeature.ACTSUM_07_VerifyActivateSummaryPageAcceptableDocumentsAndFindABranchSection" methodname="ACTSUM_07_VerifyActivateSummaryPageAcceptableDocumentsAndFindABranchSection" classname="Join.Form.Customer.Selenium.Features._08_ActivateSummaryFeature" runstate="Runnable" seed="1280976770" result="Passed" start-time="2017-11-22 13:58:41Z" end-time="2017-11-22 13:59:46Z" duration="65.345755" asserts="18">
                  <properties>
                    <property name="Description" value="ACTSUM_07 - Verify Activate Summary page Acceptable documents and Find a branch section" />
                    <property name="Category" value="COB" />
                    <property name="Category" value="activatesummary" />
                    <property name="Category" value="regression" />
                    <property name="Category" value="smoke" />
                    <property name="Category" value="integration" />
                    <property name="Category" value="eidv" />
                    <property name="Category" value="072016" />
                    <property name="Category" value="112017" />
                  </properties>
                  <output><![CDATA[Given I start my Streamline application
Navigating to URL: https://webappisamdev.asbbank.co.nz/public/join/asb/max?grcDisabled=true&fncJunction=fnc104
-> done: CommonSteps.GivenIStartMyStreamlineApplication() (0.7s)
Given I select the following products: 'Streamline intro,ASB Visa Debit Streamline Intro'
11/23/2017 2:58:52 AMWaitForFeaturesPageLoad: Executing WaitForFrameAndSwitch
11/23/2017 2:58:52 AMWaitForFeaturesPageLoad: Done executing WaitForFrameAndSwitch
Unable to find product 'FastSaver' in page or product 'FastSaver' is not selected
Unable to find product 'Savings On Call' in page or product 'Savings On Call' is not selected
Unable to find product 'Savings On Call' in page or product 'Savings On Call' is not selected
Unable to find product 'FastSaver' in page or product 'FastSaver' is not selected
-> done: ProductsPageSteps.WhenIChangeMySelectedProductsTo("Streamline intro,...") (15.1s)
And I enter all required details and navigate to Summary page
  --- table step argument ---
  | Title | FirstName  | MiddleName | LastName | DateOfBirth | Email             | MobileNumber | CountriesCitizenship | PreferredIdType | Password | assPassword |
  | Miss  | Automation | ass     | FYICOB   | ass      | cob2016@asb.co.nz | 021-ass   | New Zealand          | Other           | Kiwi77nz | MyCode01       |
Given I enter mandatory Tax Information for NZ citizen and clicks on Next button
-> done: AdditionalPersonalDetailsSteps.GivenIEnterMandatoryTaxInformationForNZCitizen() (0.5s)
-> done: PersonalDetailsSteps.GivenIEnterAllRequiredDetailsAndNavigateToSummaryPage(<table>) (18.5s)
When I confirm details on the Summary page
UniqueId: 
Title: Miss
FirstName: Automation
MiddleName: COB-WLhuN
LastName: FYICOB
Email: cob2016@asb.co.nz
Gender: 
DateOfBirth: 12/18/1984 12:00:00 AM
DateCreated: 
LastReviewDate: 
Cals: 
IsIndividual: 
NzCitizen: 
NzResidence: 
HighValueCustomer: 
StaffMember: 
AmlVerified: 
VipCustomer: 
Addresses: System.Collections.Generic.List`1[ASB.Selenium.DataModel.Customer.Address]
AddressInformation: ASB.Selenium.DataModel.Customer.AddressInformation
CompanyName: 
CompanyType: 
CompanySubType: 
CustomerTypeCode: 
IrdNumber: 
TaxClass: 
TaxClassDate: 
IsNzTaxResident: True
NonResidentCountryCode: 
IsForeignTaxResident: False
ForeignTaxResidencyStatus: 
IsProfileEnhanced: 
Phones: System.Collections.Generic.List`1[ASB.Selenium.DataModel.Customer.Phone]
NextOfKin: 
EmploymentDetails: 
LinkedCustomers: 
AccountRelationships: 
IdType: 
Fatca: ASB.Selenium.DataModel.Customer.Fatca
CitizenshipCountryCodes: 
CitizenshipCountryNames: System.Collections.Generic.List`1[System.String]
ForeignTaxResidenceTypes: System.Collections.Generic.List`1[ASB.Selenium.DataModel.Customer.ForeignTaxResidenceTypes]
OnboardingDetail: ASB.Selenium.DataModel.Customer.OnboardingDetail
AddressVerificationStatus: 
IdVerificationStatus: 
PreferredIdType: Other
IsProfileComplete: True
DaysRemaining: 0
OnboardingStatus: 
NewAccounts: System.Collections.Generic.List`1[ASB.Selenium.DataModel.Customer.Accounts]
FailedAccounts: System.Collections.Generic.List`1[ASB.Selenium.DataModel.Customer.Accounts]
OnboardingSource: JoinASB
CustomerCreated: 
LoginCreated: 
RegisteredForNetcode: 
AccountsCreated: 
CustomerAccessToken: 
VerificationPassword: MyCode01
LoginDetail: ASB.Selenium.DataModel.Customer.Login
CustomerType: 
Cif: 
Username: afyi15969
UsernameApi: 
Password: Kiwi77nz
PublicKey: 
AcceptedTermsAndConditions: 
BackgroundCheckConsent: 
PreferredIdType: 
-> done: SummaryPageSteps.WhenIConfirmDetailsOnTheSummaryPage() (2.8s)
Then the Logging you in progress page is displayed
-> done: ConfirmationPageSteps.ThenTheLoggingYouInProgressPageIsDisplayed() (15.8s)
And the Activation page is displayed
11/23/2017 2:59:36 AMThenTheActivationPageIsDisplayed: IsActivationPageDisplayed STARTED
11/23/2017 2:59:36 AMThenTheActivationPageIsDisplayed: IsActivationPageDisplayed DONE
11/23/2017 2:59:36 AMThenTheActivationPageIsDisplayed: IsSectionDisplayed STARTED
11/23/2017 2:59:38 AMThenTheActivationPageIsDisplayed: IsSectionDisplayed DONE
-> done: ActivationSummarySteps.ThenTheActivationPageIsDisplayed() (6.7s)
And the See a complete list of acceptable documents text is displayed conditionally
Verifying acceptable documents link should be displayed
Clicking on link: acceptable documents
-> done: ActivationSummarySteps.ThenTheSeeACompleteListOfAcceptableDocumentsTextIsDisplayedConditionally() (1.2s)
And the Find a branch button is displayed conditionally
Verifying Find a branch button should be displayed
-> done: ActivationSummarySteps.ThenTheFindABranchButtonOpensInANewWindow() (3.7s)
]]></output>
                </test-case>
                <test-suite type="ParameterizedMethod" id="0-1077" name="ACTSUM_08_VerifyConfirmation_AdditionalDetails" fullname="Join.Form.Customer.Selenium.Features._08_ActivateSummaryFeature.ACTSUM_08_VerifyConfirmation_AdditionalDetails" classname="Join.Form.Customer.Selenium.Features._08_ActivateSummaryFeature" runstate="Runnable" testcasecount="24" result="Failed" site="Child" start-time="2017-11-22 13:59:46Z" end-time="2017-11-22 14:47:33Z" duration="2866.361919" total="24" passed="23" failed="1" warnings="0" inconclusive="0" skipped="0" asserts="1008">
                  <properties>
                    <property name="Description" value="ACTSUM_08 - Verify Confirmation - Additional Details" />
                    <property name="Category" value="COB" />
                    <property name="Category" value="activatesummary" />
                    <property name="Category" value="regression" />
                    <property name="Category" value="integration" />
                    <property name="Category" value="esm" />
                    <property name="Category" value="eidv" />
                    <property name="Category" value="072016" />
                    <property name="Category" value="crscotr" />
                    <property name="Category" value="112017" />
                  </properties>
                  <failure>
                    <message><![CDATA[One or more child tests had errors]]></message>
                  </failure>
                  <test-case id="0-1053" name="ACTSUM_08_VerifyConfirmation_AdditionalDetails(&quot;Yes-33%&quot;,&quot;Streamline intro&quot;,&quot;Yes&quot;,&quot;33%&quot;,&quot;111-111-111&quot;,&quot;New Zealand&quot;,&quot;Australia - X123GH78&quot;,&quot;true&quot;,System.String[])" fullname="Join.Form.Customer.Selenium.Features._08_ActivateSummaryFeature.ACTSUM_08_VerifyConfirmation_AdditionalDetails(&quot;Yes-33%&quot;,&quot;Streamline intro&quot;,&quot;Yes&quot;,&quot;33%&quot;,&quot;111-111-111&quot;,&quot;New Zealand&quot;,&quot;Australia - X123GH78&quot;,&quot;true&quot;,System.String[])" methodname="ACTSUM_08_VerifyConfirmation_AdditionalDetails" classname="Join.Form.Customer.Selenium.Features._08_ActivateSummaryFeature" runstate="Runnable" seed="1928211088" result="Passed" start-time="2017-11-22 13:59:46Z" end-time="2017-11-22 14:01:38Z" duration="111.823899" asserts="41">
                    <properties />
                    <output><![CDATA[Given I start my Streamline application
Navigating to URL: https://webappisamdev.asbbank.co.nz/public/join/asb/max?grcDisabled=true&fncJunction=fnc104
-> done: CommonSteps.GivenIStartMyStreamlineApplication() (0.6s)
Given I select the following products: 'Streamline intro'
11/23/2017 2:59:58 AMWaitForFeaturesPageLoad: Executing WaitForFrameAndSwitch
11/23/2017 2:59:58 AMWaitForFeaturesPageLoad: Done executing WaitForFrameAndSwitch
Unable to find product 'FastSaver' in page or product 'FastSaver' is not selected
Unable to find product 'Savings On Call' in page or product 'Savings On Call' is not selected
Unable to find product 'ASB Visa Debit Streamline Intro' in page or product 'ASB Visa Debit Streamline Intro' is not selected
Unable to find product 'Savings On Call' in page or product 'Savings On Call' is not selected
Unable to find product 'FastSaver' in page or product 'FastSaver' is not selected
-> done: ProductsPageSteps.WhenIChangeMySelectedProductsTo("Streamline intro") (16.0s)
And I enter all required details in the Personal details page and clicks on Next button:
  --- table step argument ---
  | Title | FirstName  | MiddleName | LastName | DateOfBirth | Email             | MobileNumber | CountriesCitizenship | PreferredIdType |
  | Miss  | Automation | ass     | FYICOB   | ass      | cob2016@asb.co.nz | 021-ass   | New Zealand          | Other           |
Inline error message for 'home address' field displayed: False
Inline error message for 'countries where you have citizenship' field displayed: False
-> done: PersonalDetailsSteps.WhenIEnterAllRequiredDetailsForPersonalDetailsPage(<table>) (24.9s)
And I select 'Yes' in the Are you a New Zealand tax resident question
-> done: AdditionalPersonalDetailsSteps.WhenISelectInTheAreYouANewZealandTaxResidentQuestion("Yes") (0.1s)
And I select '33%' in the Resident Withholding Tax Rate dropdown
-> done: AdditionalPersonalDetailsSteps.WhenISelectInTheResidentWithholdingTaxRateDropdown("33%") (0.1s)
And I enter non resident country and date for a non NZ tax resident
-> done: AdditionalPersonalDetailsSteps.WhenIEnterNonResidentCountryAndDateForANonNZTaxResident() (0.0s)
And I enter additional information with Profile Complete flag '111-111-111', 'New Zealand', 'Australia - X123GH78', 'true'
-> done: AdditionalPersonalDetailsSteps.GivenIEnterAdditionalInformationWithProfileCompleteFlag("111-111-111", "New Zealand", "Australia - X123GH78", "true") (2.2s)
And I click on 'Next' button
-> done: CommonSteps.WhenIClickOnButton("Next") (0.1s)
And I enter 'Kiwi77nz' password and 'MyCode01' ass password in the ASB Login page and clicks on Next button
-> done: ASBLoginPageSteps.WhenIEnterPasswordAndassPasswordInTheASBLoginPageAndClicksOnNextButton("Kiwi77nz", "MyCode01") (1.9s)
When I confirm details on the Summary page
UniqueId: 
Title: Miss
FirstName: Automation
MiddleName: COB-YECzV
LastName: FYICOB
Email: cob2016@asb.co.nz
Gender: 
DateOfBirth: 4/11/1961 12:00:00 AM
DateCreated: 
LastReviewDate: 
Cals: 
IsIndividual: 
NzCitizen: 
NzResidence: 
HighValueCustomer: 
StaffMember: 
AmlVerified: 
VipCustomer: 
Addresses: System.Collections.Generic.List`1[ASB.Selenium.DataModel.Customer.Address]
AddressInformation: ASB.Selenium.DataModel.Customer.AddressInformation
CompanyName: 
CompanyType: 
CompanySubType: 
CustomerTypeCode: 
IrdNumber: 111-111-111
TaxClass: 33%
TaxClassDate: 
IsNzTaxResident: True
NonResidentCountryCode: 
IsForeignTaxResident: True
ForeignTaxResidencyStatus: 
IsProfileEnhanced: 
Phones: System.Collections.Generic.List`1[ASB.Selenium.DataModel.Customer.Phone]
NextOfKin: 
EmploymentDetails: 
LinkedCustomers: 
AccountRelationships: 
IdType: 
Fatca: ASB.Selenium.DataModel.Customer.Fatca
CitizenshipCountryCodes: 
CitizenshipCountryNames: System.Collections.Generic.List`1[System.String]
ForeignTaxResidenceTypes: System.Collections.Generic.List`1[ASB.Selenium.DataModel.Customer.ForeignTaxResidenceTypes]
OnboardingDetail: ASB.Selenium.DataModel.Customer.OnboardingDetail
AddressVerificationStatus: 
IdVerificationStatus: 
PreferredIdType: Other
IsProfileComplete: True
DaysRemaining: 0
OnboardingStatus: 
NewAccounts: System.Collections.Generic.List`1[ASB.Selenium.DataModel.Customer.Accounts]
FailedAccounts: System.Collections.Generic.List`1[ASB.Selenium.DataModel.Customer.Accounts]
OnboardingSource: JoinASB
CustomerCreated: 
LoginCreated: 
RegisteredForNetcode: 
AccountsCreated: 
CustomerAccessToken: 
VerificationPassword: MyCode01
LoginDetail: ASB.Selenium.DataModel.Customer.Login
CustomerType: 
Cif: 
Username: afyi76958
UsernameApi: 
Password: Kiwi77nz
PublicKey: 
AcceptedTermsAndConditions: 
BackgroundCheckConsent: 
PreferredIdType: 
-> done: SummaryPageSteps.WhenIConfirmDetailsOnTheSummaryPage() (2.8s)
Then the Logging you in progress page is displayed
-> done: ConfirmationPageSteps.ThenTheLoggingYouInProgressPageIsDisplayed() (21.4s)
And the Activation page is displayed
11/23/2017 3:00:59 AMThenTheActivationPageIsDisplayed: IsActivationPageDisplayed STARTED
11/23/2017 3:00:59 AMThenTheActivationPageIsDisplayed: IsActivationPageDisplayed DONE
11/23/2017 3:00:59 AMThenTheActivationPageIsDisplayed: IsSectionDisplayed STARTED
11/23/2017 3:01:03 AMThenTheActivationPageIsDisplayed: IsSectionDisplayed DONE
-> done: ActivationSummarySteps.ThenTheActivationPageIsDisplayed() (9.3s)
And the account number and product name is displayed for the selected products
==> Successfully created: Streamline transaction account:
12-3629-0375786-00
-> done: ActivationSummarySteps.ThenTheAccountNumberAndProductNameIsDisplayedForTheSelectedProducts() (26.8s)
And the 'Activate your account' section is displayed
-> done: ActivationSummarySteps.ThenTheSectionIsDisplayed("Activate your acc...") (0.0s)
And the Activate your account header is displayed
-> done: ActivationSummarySteps.ThenTheActivateYourAccountHeaderIsDisplayed() (0.0s)
And the Profile Details section is displayed
*** Verifying section for non-Profile Enhanced customer ***
*** Verifying section for Profile Complete customer ***
-> done: ActivationSummarySteps.ThenTheProfileDetailsSectionIsDisplayed() (1.1s)
And the Proof of Address section is displayed
*** Verifying section for non-Address Verified customer ***
*** Verifying section for non-Address Verified customer ***
-> done: ActivationSummarySteps.ThenTheProofOfAddressSectionIsDisplayed() (0.2s)
And the Confirm Identity section is displayed
*** Verifying section for non-ID Verified customer ***
*** Verifying section for customer with Preferred ID = 'Other' ***
*** Verifying EIDV-Switched OFF Confirm Identity section for customer with Preferred ID: Other
-> done: ActivationSummarySteps.ThenTheConfirmIdentitySectionIsDisplayed() (0.5s)
And the See a complete list of acceptable documents text is displayed conditionally
Verifying acceptable documents link should be displayed
Clicking on link: acceptable documents
-> done: ActivationSummarySteps.ThenTheSeeACompleteListOfAcceptableDocumentsTextIsDisplayedConditionally() (1.1s)
And the Find a branch button is displayed conditionally
Verifying Find a branch button should be displayed
-> done: ActivationSummarySteps.ThenTheFindABranchButtonOpensInANewWindow() (1.6s)
]]></output>
                  </test-case>
                  <test-case id="0-1054" name="ACTSUM_08_VerifyConfirmation_AdditionalDetails(&quot;Yes-30% - COFTR in NRC, Optional TIN&quot;,&quot;Streamline intro,ASB Visa Debit Streamline Intro&quot;,&quot;Yes&quot;,&quot;30%&quot;,&quot;111-111-111&quot;,&quot;New Zealand&quot;,&quot;Taiwan - 12345ABC&quot;,&quot;true&quot;,System.String[])" fullname="Join.Form.Customer.Selenium.Features._08_ActivateSummaryFeature.ACTSUM_08_VerifyConfirmation_AdditionalDetails(&quot;Yes-30% - COFTR in NRC, Optional TIN&quot;,&quot;Streamline intro,ASB Visa Debit Streamline Intro&quot;,&quot;Yes&quot;,&quot;30%&quot;,&quot;111-111-111&quot;,&quot;New Zealand&quot;,&quot;Taiwan - 12345ABC&quot;,&quot;true&quot;,System.String[])" methodname="ACTSUM_08_VerifyConfirmation_AdditionalDetails" classname="Join.Form.Customer.Selenium.Features._08_ActivateSummaryFeature" runstate="Runnable" seed="1573566969" result="Failed" label="Error" start-time="2017-11-22 14:01:38Z" end-time="2017-11-22 14:03:47Z" duration="129.231766" asserts="43">
                    <properties />
                    <failure>
                      <message><![CDATA[  ASB Visa Debit card format is not valid!
  Expected: True
  But was:  False

TearDown : NUnit.Framework.assertionException :   Verification failures exist. Please check output for details.
  Expected: False
  But was:  True
]]></message>
                      <stack-trace><![CDATA[at ASB.Test.Automation.Verify.Verify.IsTrue(Boolean actual, String message)
at Selenium.Steps.COB.ActivationSummary.ActivationSummarySteps.GetProductsNotFound(List`1 expectedAccounts, Boolean isCreatedAccounts)
at Selenium.Steps.COB.ActivationSummary.ActivationSummarySteps.ThenTheAccountNumberAndProductNameIsDisplayedForTheSelectedProducts()

--TearDown
   at NUnit.Framework.assert.ReportFailure(String message)
   at NUnit.Framework.assert.That[TActual](TActual actual, IResolveConstraint expression, String message, Object[] args)
   at ASB.Test.Automation.Verify.Verify.FailTest()
   at Join.Form.Customer.Selenium.WebDriverSupport.CheckForFailures()
   at Join.Form.Customer.Selenium.WebDriverSupport.DestroyDriver()
   at TechTalk.SpecFlow.Bindings.BindingInvoker.InvokeBinding(IBinding binding, IContextManager contextManager, Object[] arguments, ITestTracer testTracer, TimeSpan& duration)
   at TechTalk.SpecFlow.Infrastructure.TestExecutionEngine.FireEvents(HookType bindingEvent)
   at TechTalk.SpecFlow.Infrastructure.TestExecutionEngine.OnScenarioEnd()
   at Join.Form.Customer.Selenium.Features._08_ActivateSummaryFeature.ScenarioTearDown()]]></stack-trace>
                    </failure>
                    <output><![CDATA[Given I start my Streamline application
Navigating to URL: https://webappisamdev.asbbank.co.nz/public/join/asb/max?grcDisabled=true&fncJunction=fnc104
-> done: CommonSteps.GivenIStartMyStreamlineApplication() (0.8s)
Given I select the following products: 'Streamline intro,ASB Visa Debit Streamline Intro'
11/23/2017 3:01:50 AMWaitForFeaturesPageLoad: Executing WaitForFrameAndSwitch
11/23/2017 3:01:50 AMWaitForFeaturesPageLoad: Done executing WaitForFrameAndSwitch
Unable to find product 'FastSaver' in page or product 'FastSaver' is not selected
Unable to find product 'Savings On Call' in page or product 'Savings On Call' is not selected
Unable to find product 'Savings On Call' in page or product 'Savings On Call' is not selected
Unable to find product 'FastSaver' in page or product 'FastSaver' is not selected
-> done: ProductsPageSteps.WhenIChangeMySelectedProductsTo("Streamline intro,...") (15.1s)
And I enter all required details in the Personal details page and clicks on Next button:
  --- table step argument ---
  | Title | FirstName  | MiddleName | LastName | DateOfBirth | Email             | MobileNumber | CountriesCitizenship | PreferredIdType |
  | Miss  | Automation | ass     | FYICOB   | ass      | cob2016@asb.co.nz | 021-ass   | New Zealand          | Other           |
Inline error message for 'home address' field displayed: False
Inline error message for 'countries where you have citizenship' field displayed: False
-> done: PersonalDetailsSteps.WhenIEnterAllRequiredDetailsForPersonalDetailsPage(<table>) (19.7s)
And I select 'Yes' in the Are you a New Zealand tax resident question
-> done: AdditionalPersonalDetailsSteps.WhenISelectInTheAreYouANewZealandTaxResidentQuestion("Yes") (0.1s)
And I select '30%' in the Resident Withholding Tax Rate dropdown
-> done: AdditionalPersonalDetailsSteps.WhenISelectInTheResidentWithholdingTaxRateDropdown("30%") (0.1s)
And I enter non resident country and date for a non NZ tax resident
-> done: AdditionalPersonalDetailsSteps.WhenIEnterNonResidentCountryAndDateForANonNZTaxResident() (0.0s)
And I enter additional information with Profile Complete flag '111-111-111', 'New Zealand', 'Taiwan - 12345ABC', 'true'
-> done: AdditionalPersonalDetailsSteps.GivenIEnterAdditionalInformationWithProfileCompleteFlag("111-111-111", "New Zealand", "Taiwan - 12345ABC", "true") (2.3s)
And I click on 'Next' button
-> done: CommonSteps.WhenIClickOnButton("Next") (0.1s)
And I enter 'Kiwi77nz' password and 'MyCode01' ass password in the ASB Login page and clicks on Next button
-> done: ASBLoginPageSteps.WhenIEnterPasswordAndassPasswordInTheASBLoginPageAndClicksOnNextButton("Kiwi77nz", "MyCode01") (1.0s)
When I confirm details on the Summary page
UniqueId: 
Title: Miss
FirstName: Automation
MiddleName: COB-Amdvx
LastName: FYICOB
Email: cob2016@asb.co.nz
Gender: 
DateOfBirth: 1/25/1921 12:00:00 AM
DateCreated: 
LastReviewDate: 
Cals: 
IsIndividual: 
NzCitizen: 
NzResidence: 
HighValueCustomer: 
StaffMember: 
AmlVerified: 
VipCustomer: 
Addresses: System.Collections.Generic.List`1[ASB.Selenium.DataModel.Customer.Address]
AddressInformation: ASB.Selenium.DataModel.Customer.AddressInformation
CompanyName: 
CompanyType: 
CompanySubType: 
CustomerTypeCode: 
IrdNumber: 111-111-111
TaxClass: 30%
TaxClassDate: 
IsNzTaxResident: True
NonResidentCountryCode: 
IsForeignTaxResident: True
ForeignTaxResidencyStatus: 
IsProfileEnhanced: 
Phones: System.Collections.Generic.List`1[ASB.Selenium.DataModel.Customer.Phone]
NextOfKin: 
EmploymentDetails: 
LinkedCustomers: 
AccountRelationships: 
IdType: 
Fatca: ASB.Selenium.DataModel.Customer.Fatca
CitizenshipCountryCodes: 
CitizenshipCountryNames: System.Collections.Generic.List`1[System.String]
ForeignTaxResidenceTypes: System.Collections.Generic.List`1[ASB.Selenium.DataModel.Customer.ForeignTaxResidenceTypes]
OnboardingDetail: ASB.Selenium.DataModel.Customer.OnboardingDetail
AddressVerificationStatus: 
IdVerificationStatus: 
PreferredIdType: Other
IsProfileComplete: True
DaysRemaining: 0
OnboardingStatus: 
NewAccounts: System.Collections.Generic.List`1[ASB.Selenium.DataModel.Customer.Accounts]
FailedAccounts: System.Collections.Generic.List`1[ASB.Selenium.DataModel.Customer.Accounts]
OnboardingSource: JoinASB
CustomerCreated: 
LoginCreated: 
RegisteredForNetcode: 
AccountsCreated: 
CustomerAccessToken: 
VerificationPassword: MyCode01
LoginDetail: ASB.Selenium.DataModel.Customer.Login
CustomerType: 
Cif: 
Username: afyi10215
UsernameApi: 
Password: Kiwi77nz
PublicKey: 
AcceptedTermsAndConditions: 
BackgroundCheckConsent: 
PreferredIdType: 
-> done: SummaryPageSteps.WhenIConfirmDetailsOnTheSummaryPage() (2.8s)
Then the Logging you in progress page is displayed
-> done: ConfirmationPageSteps.ThenTheLoggingYouInProgressPageIsDisplayed() (40.6s)
And the Activation page is displayed
11/23/2017 3:03:03 AMThenTheActivationPageIsDisplayed: IsActivationPageDisplayed STARTED
11/23/2017 3:03:04 AMThenTheActivationPageIsDisplayed: IsActivationPageDisplayed DONE
11/23/2017 3:03:04 AMThenTheActivationPageIsDisplayed: IsSectionDisplayed STARTED
11/23/2017 3:03:08 AMThenTheActivationPageIsDisplayed: IsSectionDisplayed DONE
-> done: ActivationSummarySteps.ThenTheActivationPageIsDisplayed() (9.2s)
And the account number and product name is displayed for the selected products
==> Successfully created: Streamline transaction account:
12-3629-0375794-00
==> Successfully created: ASB Visa Debit card:
Successfully requested
Failed reason: ASB Visa Debit card format is not valid!
-> done: ActivationSummarySteps.ThenTheAccountNumberAndProductNameIsDisplayedForTheSelectedProducts() (26.9s)
And the 'Activate your account' section is displayed
-> done: ActivationSummarySteps.ThenTheSectionIsDisplayed("Activate your acc...") (0.0s)
And the Activate your account header is displayed
-> done: ActivationSummarySteps.ThenTheActivateYourAccountHeaderIsDisplayed() (0.0s)
And the Profile Details section is displayed
*** Verifying section for non-Profile Enhanced customer ***
*** Verifying section for Profile Complete customer ***
-> done: ActivationSummarySteps.ThenTheProfileDetailsSectionIsDisplayed() (1.1s)
And the Proof of Address section is displayed
*** Verifying section for non-Address Verified customer ***
*** Verifying section for non-Address Verified customer ***
-> done: ActivationSummarySteps.ThenTheProofOfAddressSectionIsDisplayed() (0.2s)
And the Confirm Identity section is displayed
*** Verifying section for non-ID Verified customer ***
*** Verifying section for customer with Preferred ID = 'Other' ***
*** Verifying EIDV-Switched OFF Confirm Identity section for customer with Preferred ID: Other
-> done: ActivationSummarySteps.ThenTheConfirmIdentitySectionIsDisplayed() (0.5s)
And the See a complete list of acceptable documents text is displayed conditionally
Verifying acceptable documents link should be displayed
Clicking on link: acceptable documents
-> done: ActivationSummarySteps.ThenTheSeeACompleteListOfAcceptableDocumentsTextIsDisplayedConditionally() (1.2s)
And the Find a branch button is displayed conditionally
Verifying Find a branch button should be displayed
-> done: ActivationSummarySteps.ThenTheFindABranchButtonOpensInANewWindow() (3.8s)
  ASB Visa Debit card format is not valid!
  Expected: True
  But was:  False

]]></output>
                    <assertions>
                      <assertion result="Failed">
                        <message><![CDATA[  ASB Visa Debit card format is not valid!
  Expected: True
  But was:  False
]]></message>
                        <stack-trace><![CDATA[at ASB.Test.Automation.Verify.Verify.IsTrue(Boolean actual, String message)
at Selenium.Steps.COB.ActivationSummary.ActivationSummarySteps.GetProductsNotFound(List`1 expectedAccounts, Boolean isCreatedAccounts)
at Selenium.Steps.COB.ActivationSummary.ActivationSummarySteps.ThenTheAccountNumberAndProductNameIsDisplayedForTheSelectedProducts()
]]></stack-trace>
                      </assertion>
                      <assertion result="Failed">
                        <message><![CDATA[  Verification failures exist. Please check output for details.
  Expected: False
  But was:  True
]]></message>
                        <stack-trace><![CDATA[at ASB.Test.Automation.Verify.Verify.FailTest()
at Join.Form.Customer.Selenium.WebDriverSupport.CheckForFailures()
at Join.Form.Customer.Selenium.WebDriverSupport.DestroyDriver()
]]></stack-trace>
                      </assertion>
                    </assertions>
                  </test-case>
                  <test-case id="0-1055" name="ACTSUM_08_VerifyConfirmation_AdditionalDetails(&quot;Yes-17.5%&quot;,&quot;Streamline intro,ASB Visa Debit Streamline Intro,Savings On Call&quot;,&quot;Yes&quot;,&quot;17.5%&quot;,&quot;49-091-850&quot;,&quot;New Zealand&quot;,&quot;Skip&quot;,&quot;true&quot;,System.String[])" fullname="Join.Form.Customer.Selenium.Features._08_ActivateSummaryFeature.ACTSUM_08_VerifyConfirmation_AdditionalDetails(&quot;Yes-17.5%&quot;,&quot;Streamline intro,ASB Visa Debit Streamline Intro,Savings On Call&quot;,&quot;Yes&quot;,&quot;17.5%&quot;,&quot;49-091-850&quot;,&quot;New Zealand&quot;,&quot;Skip&quot;,&quot;true&quot;,System.String[])" methodname="ACTSUM_08_VerifyConfirmation_AdditionalDetails" classname="Join.Form.Customer.Selenium.Features._08_ActivateSummaryFeature" runstate="Runnable" seed="135677550" result="Passed" start-time="2017-11-22 14:03:47Z" end-time="2017-11-22 14:05:51Z" duration="124.258938" asserts="43">
                    <properties />
                    <output><![CDATA[-> warning: The previous ScenarioContext was not disposed.
Given I start my Streamline application
Navigating to URL: https://webappisamdev.asbbank.co.nz/public/join/asb/max?grcDisabled=true&fncJunction=fnc104
-> done: CommonSteps.GivenIStartMyStreamlineApplication() (0.7s)
Given I select the following products: 'Streamline intro,ASB Visa Debit Streamline Intro,Savings On Call'
11/23/2017 3:03:59 AMWaitForFeaturesPageLoad: Executing WaitForFrameAndSwitch
11/23/2017 3:03:59 AMWaitForFeaturesPageLoad: Done executing WaitForFrameAndSwitch
Unable to find product 'Savings On Call' in page or product 'Savings On Call' is not selected
Unable to find product 'FastSaver' in page or product 'FastSaver' is not selected
Unable to find product 'FastSaver' in page or product 'FastSaver' is not selected
-> done: ProductsPageSteps.WhenIChangeMySelectedProductsTo("Streamline intro,...") (17.1s)
And I enter all required details in the Personal details page and clicks on Next button:
  --- table step argument ---
  | Title | FirstName  | MiddleName | LastName | DateOfBirth | Email             | MobileNumber | CountriesCitizenship | PreferredIdType |
  | Miss  | Automation | ass     | FYICOB   | ass      | cob2016@asb.co.nz | 021-ass   | New Zealand          | Other           |
Inline error message for 'home address' field displayed: False
Inline error message for 'countries where you have citizenship' field displayed: False
-> done: PersonalDetailsSteps.WhenIEnterAllRequiredDetailsForPersonalDetailsPage(<table>) (25.9s)
And I select 'Yes' in the Are you a New Zealand tax resident question
-> done: AdditionalPersonalDetailsSteps.WhenISelectInTheAreYouANewZealandTaxResidentQuestion("Yes") (1.8s)
And I select '17.5%' in the Resident Withholding Tax Rate dropdown
-> done: AdditionalPersonalDetailsSteps.WhenISelectInTheResidentWithholdingTaxRateDropdown("17.5%") (0.7s)
And I enter non resident country and date for a non NZ tax resident
-> done: AdditionalPersonalDetailsSteps.WhenIEnterNonResidentCountryAndDateForANonNZTaxResident() (0.0s)
And I enter additional information with Profile Complete flag '49-091-850', 'New Zealand', 'Skip', 'true'
-> done: AdditionalPersonalDetailsSteps.GivenIEnterAdditionalInformationWithProfileCompleteFlag("49-091-850", "New Zealand", "Skip", "true") (0.8s)
And I click on 'Next' button
-> done: CommonSteps.WhenIClickOnButton("Next") (0.2s)
And I enter 'Kiwi77nz' password and 'MyCode01' ass password in the ASB Login page and clicks on Next button
-> done: ASBLoginPageSteps.WhenIEnterPasswordAndassPasswordInTheASBLoginPageAndClicksOnNextButton("Kiwi77nz", "MyCode01") (2.9s)
When I confirm details on the Summary page
UniqueId: 
Title: Miss
FirstName: Automation
MiddleName: COB-ZZAcR
LastName: FYICOB
Email: cob2016@asb.co.nz
Gender: 
DateOfBirth: 10/25/1939 12:00:00 AM
DateCreated: 
LastReviewDate: 
Cals: 
IsIndividual: 
NzCitizen: 
NzResidence: 
HighValueCustomer: 
StaffMember: 
AmlVerified: 
VipCustomer: 
Addresses: System.Collections.Generic.List`1[ASB.Selenium.DataModel.Customer.Address]
AddressInformation: ASB.Selenium.DataModel.Customer.AddressInformation
CompanyName: 
CompanyType: 
CompanySubType: 
CustomerTypeCode: 
IrdNumber: 49-091-850
TaxClass: 17.5%
TaxClassDate: 
IsNzTaxResident: True
NonResidentCountryCode: 
IsForeignTaxResident: False
ForeignTaxResidencyStatus: 
IsProfileEnhanced: 
Phones: System.Collections.Generic.List`1[ASB.Selenium.DataModel.Customer.Phone]
NextOfKin: 
EmploymentDetails: 
LinkedCustomers: 
AccountRelationships: 
IdType: 
Fatca: ASB.Selenium.DataModel.Customer.Fatca
CitizenshipCountryCodes: 
CitizenshipCountryNames: System.Collections.Generic.List`1[System.String]
ForeignTaxResidenceTypes: System.Collections.Generic.List`1[ASB.Selenium.DataModel.Customer.ForeignTaxResidenceTypes]
OnboardingDetail: ASB.Selenium.DataModel.Customer.OnboardingDetail
AddressVerificationStatus: 
IdVerificationStatus: 
PreferredIdType: Other
IsProfileComplete: True
DaysRemaining: 0
OnboardingStatus: 
NewAccounts: System.Collections.Generic.List`1[ASB.Selenium.DataModel.Customer.Accounts]
FailedAccounts: System.Collections.Generic.List`1[ASB.Selenium.DataModel.Customer.Accounts]
OnboardingSource: JoinASB
CustomerCreated: 
LoginCreated: 
RegisteredForNetcode: 
AccountsCreated: 
CustomerAccessToken: 
VerificationPassword: MyCode01
LoginDetail: ASB.Selenium.DataModel.Customer.Login
CustomerType: 
Cif: 
Username: afyi87525
UsernameApi: 
Password: Kiwi77nz
PublicKey: 
AcceptedTermsAndConditions: 
BackgroundCheckConsent: 
PreferredIdType: 
-> done: SummaryPageSteps.WhenIConfirmDetailsOnTheSummaryPage() (4.7s)
Then the Logging you in progress page is displayed
-> done: ConfirmationPageSteps.ThenTheLoggingYouInProgressPageIsDisplayed() (20.7s)
And the Activation page is displayed
11/23/2017 3:05:06 AMThenTheActivationPageIsDisplayed: IsActivationPageDisplayed STARTED
11/23/2017 3:05:07 AMThenTheActivationPageIsDisplayed: IsActivationPageDisplayed DONE
11/23/2017 3:05:07 AMThenTheActivationPageIsDisplayed: IsSectionDisplayed STARTED
11/23/2017 3:05:15 AMThenTheActivationPageIsDisplayed: IsSectionDisplayed DONE
-> done: ActivationSummarySteps.ThenTheActivationPageIsDisplayed() (14.7s)
And the account number and product name is displayed for the selected products
==> Successfully created: Streamline transaction account:
12-3629-0375807-00
==> Successfully created: ASB Visa Debit card:
Issued for delivery within a week
==> Successfully created: Savings On Call:
12-3629-0375807-50
-> done: ActivationSummarySteps.ThenTheAccountNumberAndProductNameIsDisplayedForTheSelectedProducts() (27.4s)
And the 'Activate your account' section is displayed
-> done: ActivationSummarySteps.ThenTheSectionIsDisplayed("Activate your acc...") (0.0s)
And the Activate your account header is displayed
-> done: ActivationSummarySteps.ThenTheActivateYourAccountHeaderIsDisplayed() (0.1s)
And the Profile Details section is displayed
*** Verifying section for non-Profile Enhanced customer ***
*** Verifying section for Profile Complete customer ***
-> done: ActivationSummarySteps.ThenTheProfileDetailsSectionIsDisplayed() (1.2s)
And the Proof of Address section is displayed
*** Verifying section for non-Address Verified customer ***
*** Verifying section for non-Address Verified customer ***
-> done: ActivationSummarySteps.ThenTheProofOfAddressSectionIsDisplayed() (0.3s)
And the Confirm Identity section is displayed
*** Verifying section for non-ID Verified customer ***
*** Verifying section for customer with Preferred ID = 'Other' ***
*** Verifying EIDV-Switched OFF Confirm Identity section for customer with Preferred ID: Other
-> done: ActivationSummarySteps.ThenTheConfirmIdentitySectionIsDisplayed() (0.5s)
And the See a complete list of acceptable documents text is displayed conditionally
Verifying acceptable documents link should be displayed
Clicking on link: acceptable documents
-> done: ActivationSummarySteps.ThenTheSeeACompleteListOfAcceptableDocumentsTextIsDisplayedConditionally() (1.2s)
And the Find a branch button is displayed conditionally
Verifying Find a branch button should be displayed
-> done: ActivationSummarySteps.ThenTheFindABranchButtonOpensInANewWindow() (2.5s)
]]></output>
                  </test-case>
                  <test-case id="0-1056" name="ACTSUM_08_VerifyConfirmation_AdditionalDetails(&quot;Yes-10.5%&quot;,&quot;Streamline intro,Savings On Call,FastSaver&quot;,&quot;Yes&quot;,&quot;10.5%&quot;,&quot;35-901-981&quot;,&quot;Australia&quot;,&quot;Australia - X123GH78&quot;,&quot;true&quot;,System.String[])" fullname="Join.Form.Customer.Selenium.Features._08_ActivateSummaryFeature.ACTSUM_08_VerifyConfirmation_AdditionalDetails(&quot;Yes-10.5%&quot;,&quot;Streamline intro,Savings On Call,FastSaver&quot;,&quot;Yes&quot;,&quot;10.5%&quot;,&quot;35-901-981&quot;,&quot;Australia&quot;,&quot;Australia - X123GH78&quot;,&quot;true&quot;,System.String[])" methodname="ACTSUM_08_VerifyConfirmation_AdditionalDetails" classname="Join.Form.Customer.Selenium.Features._08_ActivateSummaryFeature" runstate="Runnable" seed="1251720436" result="Passed" start-time="2017-11-22 14:05:51Z" end-time="2017-11-22 14:08:35Z" duration="163.513402" asserts="43">
                    <properties />
                    <output><![CDATA[Given I start my Streamline application
Navigating to URL: https://webappisamdev.asbbank.co.nz/public/join/asb/max?grcDisabled=true&fncJunction=fnc104
-> done: CommonSteps.GivenIStartMyStreamlineApplication() (1.1s)
Given I select the following products: 'Streamline intro,Savings On Call,FastSaver'
11/23/2017 3:06:04 AMWaitForFeaturesPageLoad: Executing WaitForFrameAndSwitch
11/23/2017 3:06:04 AMWaitForFeaturesPageLoad: Done executing WaitForFrameAndSwitch
Unable to find product 'Savings On Call' in page or product 'Savings On Call' is not selected
Unable to find product 'FastSaver' in page or product 'FastSaver' is not selected
Unable to find product 'ASB Visa Debit Streamline Intro' in page or product 'ASB Visa Debit Streamline Intro' is not selected
-> done: ProductsPageSteps.WhenIChangeMySelectedProductsTo("Streamline intro,...") (20.5s)
And I enter all required details in the Personal details page and clicks on Next button:
  --- table step argument ---
  | Title | FirstName  | MiddleName | LastName | DateOfBirth | Email             | MobileNumber | CountriesCitizenship | PreferredIdType |
  | Miss  | Automation | ass     | FYICOB   | ass      | cob2016@asb.co.nz | 021-ass   | Australia            | Other           |
Inline error message for 'home address' field displayed: False
Inline error message for 'countries where you have citizenship' field displayed: False
-> done: PersonalDetailsSteps.WhenIEnterAllRequiredDetailsForPersonalDetailsPage(<table>) (41.9s)
And I select 'Yes' in the Are you a New Zealand tax resident question
-> done: AdditionalPersonalDetailsSteps.WhenISelectInTheAreYouANewZealandTaxResidentQuestion("Yes") (0.7s)
And I select '10.5%' in the Resident Withholding Tax Rate dropdown
-> done: AdditionalPersonalDetailsSteps.WhenISelectInTheResidentWithholdingTaxRateDropdown("10.5%") (0.5s)
And I enter non resident country and date for a non NZ tax resident
-> done: AdditionalPersonalDetailsSteps.WhenIEnterNonResidentCountryAndDateForANonNZTaxResident() (0.0s)
And I enter additional information with Profile Complete flag '35-901-981', 'Australia', 'Australia - X123GH78', 'true'
-> done: AdditionalPersonalDetailsSteps.GivenIEnterAdditionalInformationWithProfileCompleteFlag("35-901-981", "Australia", "Australia - X123GH78", "true") (15.0s)
And I click on 'Next' button
-> done: CommonSteps.WhenIClickOnButton("Next") (0.4s)
And I enter 'Kiwi77nz' password and 'MyCode01' ass password in the ASB Login page and clicks on Next button
-> done: ASBLoginPageSteps.WhenIEnterPasswordAndassPasswordInTheASBLoginPageAndClicksOnNextButton("Kiwi77nz", "MyCode01") (3.3s)
When I confirm details on the Summary page
UniqueId: 
Title: Miss
FirstName: Automation
MiddleName: COB-nyZRF
LastName: FYICOB
Email: cob2016@asb.co.nz
Gender: 
DateOfBirth: 8/21/1925 12:00:00 AM
DateCreated: 
LastReviewDate: 
Cals: 
IsIndividual: 
NzCitizen: 
NzResidence: 
HighValueCustomer: 
StaffMember: 
AmlVerified: 
VipCustomer: 
Addresses: System.Collections.Generic.List`1[ASB.Selenium.DataModel.Customer.Address]
AddressInformation: ASB.Selenium.DataModel.Customer.AddressInformation
CompanyName: 
CompanyType: 
CompanySubType: 
CustomerTypeCode: 
IrdNumber: 35-901-981
TaxClass: 10.5%
TaxClassDate: 
IsNzTaxResident: True
NonResidentCountryCode: 
IsForeignTaxResident: True
ForeignTaxResidencyStatus: 
IsProfileEnhanced: 
Phones: System.Collections.Generic.List`1[ASB.Selenium.DataModel.Customer.Phone]
NextOfKin: 
EmploymentDetails: 
LinkedCustomers: 
AccountRelationships: 
IdType: 
Fatca: ASB.Selenium.DataModel.Customer.Fatca
CitizenshipCountryCodes: 
CitizenshipCountryNames: System.Collections.Generic.List`1[System.String]
ForeignTaxResidenceTypes: System.Collections.Generic.List`1[ASB.Selenium.DataModel.Customer.ForeignTaxResidenceTypes]
OnboardingDetail: ASB.Selenium.DataModel.Customer.OnboardingDetail
AddressVerificationStatus: 
IdVerificationStatus: 
PreferredIdType: Other
IsProfileComplete: True
DaysRemaining: 0
OnboardingStatus: 
NewAccounts: System.Collections.Generic.List`1[ASB.Selenium.DataModel.Customer.Accounts]
FailedAccounts: System.Collections.Generic.List`1[ASB.Selenium.DataModel.Customer.Accounts]
OnboardingSource: JoinASB
CustomerCreated: 
LoginCreated: 
RegisteredForNetcode: 
AccountsCreated: 
CustomerAccessToken: 
VerificationPassword: MyCode01
LoginDetail: ASB.Selenium.DataModel.Customer.Login
CustomerType: 
Cif: 
Username: afyi57757
UsernameApi: 
Password: Kiwi77nz
PublicKey: 
AcceptedTermsAndConditions: 
BackgroundCheckConsent: 
PreferredIdType: 
-> done: SummaryPageSteps.WhenIConfirmDetailsOnTheSummaryPage() (4.1s)
Then the Logging you in progress page is displayed
-> done: ConfirmationPageSteps.ThenTheLoggingYouInProgressPageIsDisplayed() (23.7s)
And the Activation page is displayed
11/23/2017 3:07:47 AMThenTheActivationPageIsDisplayed: IsActivationPageDisplayed STARTED
11/23/2017 3:07:48 AMThenTheActivationPageIsDisplayed: IsActivationPageDisplayed DONE
11/23/2017 3:07:48 AMThenTheActivationPageIsDisplayed: IsSectionDisplayed STARTED
11/23/2017 3:07:50 AMThenTheActivationPageIsDisplayed: IsSectionDisplayed DONE
-> done: ActivationSummarySteps.ThenTheActivationPageIsDisplayed() (8.9s)
And the account number and product name is displayed for the selected products
==> Successfully created: Streamline transaction account:
12-3629-0375815-00
==> Successfully created: Savings On Call:
12-3629-0375815-50
==> Successfully created: FastSaver:
12-3629-0375815-51
-> done: ActivationSummarySteps.ThenTheAccountNumberAndProductNameIsDisplayedForTheSelectedProducts() (29.4s)
And the 'Activate your account' section is displayed
-> done: ActivationSummarySteps.ThenTheSectionIsDisplayed("Activate your acc...") (0.1s)
And the Activate your account header is displayed
-> done: ActivationSummarySteps.ThenTheActivateYourAccountHeaderIsDisplayed() (0.1s)
And the Profile Details section is displayed
*** Verifying section for non-Profile Enhanced customer ***
*** Verifying section for Profile Complete customer ***
-> done: ActivationSummarySteps.ThenTheProfileDetailsSectionIsDisplayed() (1.4s)
And the Proof of Address section is displayed
*** Verifying section for non-Address Verified customer ***
*** Verifying section for non-Address Verified customer ***
-> done: ActivationSummarySteps.ThenTheProofOfAddressSectionIsDisplayed() (0.6s)
And the Confirm Identity section is displayed
*** Verifying section for non-ID Verified customer ***
*** Verifying section for customer with Preferred ID = 'Other' ***
*** Verifying EIDV-Switched OFF Confirm Identity section for customer with Preferred ID: Other
-> done: ActivationSummarySteps.ThenTheConfirmIdentitySectionIsDisplayed() (2.6s)
And the See a complete list of acceptable documents text is displayed conditionally
Verifying acceptable documents link should be displayed
Clicking on link: acceptable documents
-> done: ActivationSummarySteps.ThenTheSeeACompleteListOfAcceptableDocumentsTextIsDisplayedConditionally() (2.1s)
And the Find a branch button is displayed conditionally
Verifying Find a branch button should be displayed
-> done: ActivationSummarySteps.ThenTheFindABranchButtonOpensInANewWindow() (3.1s)
]]></output>
                  </test-case>
                  <test-case id="0-1057" name="ACTSUM_08_VerifyConfirmation_AdditionalDetails(&quot;Yes-Exempt from withholding tax&quot;,&quot;Streamline intro,ASB Visa Debit Streamline Intro,Savings On Call,FastSaver&quot;,&quot;Yes&quot;,&quot;Exempt from withholding tax&quot;,&quot;same&quot;,&quot;India&quot;,&quot;India - 12345ABC11&quot;,&quot;true&quot;,System.String[])" fullname="Join.Form.Customer.Selenium.Features._08_ActivateSummaryFeature.ACTSUM_08_VerifyConfirmation_AdditionalDetails(&quot;Yes-Exempt from withholding tax&quot;,&quot;Streamline intro,ASB Visa Debit Streamline Intro,Savings On Call,FastSaver&quot;,&quot;Yes&quot;,&quot;Exempt from withholding tax&quot;,&quot;same&quot;,&quot;India&quot;,&quot;India - 12345ABC11&quot;,&quot;true&quot;,System.String[])" methodname="ACTSUM_08_VerifyConfirmation_AdditionalDetails" classname="Join.Form.Customer.Selenium.Features._08_ActivateSummaryFeature" runstate="Runnable" seed="177888729" result="Passed" start-time="2017-11-22 14:08:35Z" end-time="2017-11-22 14:11:22Z" duration="167.193089" asserts="44">
                    <properties />
                    <output><![CDATA[Given I start my Streamline application
Navigating to URL: https://webappisamdev.asbbank.co.nz/public/join/asb/max?grcDisabled=true&fncJunction=fnc104
-> done: CommonSteps.GivenIStartMyStreamlineApplication() (0.8s)
Given I select the following products: 'Streamline intro,ASB Visa Debit Streamline Intro,Savings On Call,FastSaver'
11/23/2017 3:08:47 AMWaitForFeaturesPageLoad: Executing WaitForFrameAndSwitch
11/23/2017 3:08:47 AMWaitForFeaturesPageLoad: Done executing WaitForFrameAndSwitch
Unable to find product 'Savings On Call' in page or product 'Savings On Call' is not selected
Unable to find product 'FastSaver' in page or product 'FastSaver' is not selected
-> done: ProductsPageSteps.WhenIChangeMySelectedProductsTo("Streamline intro,...") (21.3s)
And I enter all required details in the Personal details page and clicks on Next button:
  --- table step argument ---
  | Title | FirstName  | MiddleName | LastName | DateOfBirth | Email             | MobileNumber | CountriesCitizenship | PreferredIdType |
  | Miss  | Automation | ass     | FYICOB   | ass      | cob2016@asb.co.nz | 021-ass   | India                | Other           |
Inline error message for 'home address' field displayed: False
Inline error message for 'countries where you have citizenship' field displayed: False
-> done: PersonalDetailsSteps.WhenIEnterAllRequiredDetailsForPersonalDetailsPage(<table>) (45.2s)
And I select 'Yes' in the Are you a New Zealand tax resident question
-> done: AdditionalPersonalDetailsSteps.WhenISelectInTheAreYouANewZealandTaxResidentQuestion("Yes") (0.2s)
And I select 'Exempt from withholding tax' in the Resident Withholding Tax Rate dropdown
-> done: AdditionalPersonalDetailsSteps.WhenISelectInTheResidentWithholdingTaxRateDropdown("Exempt from withh...") (0.3s)
And I enter non resident country and date for a non NZ tax resident
-> done: AdditionalPersonalDetailsSteps.WhenIEnterNonResidentCountryAndDateForANonNZTaxResident() (0.0s)
And I enter additional information with Profile Complete flag 'same', 'India', 'India - 12345ABC11', 'true'
-> done: AdditionalPersonalDetailsSteps.GivenIEnterAdditionalInformationWithProfileCompleteFlag("same", "India", "India - 12345ABC11", "true") (13.9s)
And I click on 'Next' button
-> done: CommonSteps.WhenIClickOnButton("Next") (0.2s)
And I enter 'Kiwi77nz' password and 'MyCode01' ass password in the ASB Login page and clicks on Next button
-> done: ASBLoginPageSteps.WhenIEnterPasswordAndassPasswordInTheASBLoginPageAndClicksOnNextButton("Kiwi77nz", "MyCode01") (1.6s)
When I confirm details on the Summary page
UniqueId: 
Title: Miss
FirstName: Automation
MiddleName: COB-JdUul
LastName: FYICOB
Email: cob2016@asb.co.nz
Gender: 
DateOfBirth: 2/19/1958 12:00:00 AM
DateCreated: 
LastReviewDate: 
Cals: 
IsIndividual: 
NzCitizen: 
NzResidence: 
HighValueCustomer: 
StaffMember: 
AmlVerified: 
VipCustomer: 
Addresses: System.Collections.Generic.List`1[ASB.Selenium.DataModel.Customer.Address]
AddressInformation: ASB.Selenium.DataModel.Customer.AddressInformation
CompanyName: 
CompanyType: 
CompanySubType: 
CustomerTypeCode: 
IrdNumber: 
TaxClass: 33%
TaxClassDate: 
IsNzTaxResident: True
NonResidentCountryCode: 
IsForeignTaxResident: True
ForeignTaxResidencyStatus: 
IsProfileEnhanced: 
Phones: System.Collections.Generic.List`1[ASB.Selenium.DataModel.Customer.Phone]
NextOfKin: 
EmploymentDetails: 
LinkedCustomers: 
AccountRelationships: 
IdType: 
Fatca: ASB.Selenium.DataModel.Customer.Fatca
CitizenshipCountryCodes: 
CitizenshipCountryNames: System.Collections.Generic.List`1[System.String]
ForeignTaxResidenceTypes: System.Collections.Generic.List`1[ASB.Selenium.DataModel.Customer.ForeignTaxResidenceTypes]
OnboardingDetail: ASB.Selenium.DataModel.Customer.OnboardingDetail
AddressVerificationStatus: 
IdVerificationStatus: 
PreferredIdType: Other
IsProfileComplete: True
DaysRemaining: 0
OnboardingStatus: 
NewAccounts: System.Collections.Generic.List`1[ASB.Selenium.DataModel.Customer.Accounts]
FailedAccounts: System.Collections.Generic.List`1[ASB.Selenium.DataModel.Customer.Accounts]
OnboardingSource: JoinASB
CustomerCreated: 
LoginCreated: 
RegisteredForNetcode: 
AccountsCreated: 
CustomerAccessToken: 
VerificationPassword: MyCode01
LoginDetail: ASB.Selenium.DataModel.Customer.Login
CustomerType: 
Cif: 
Username: afyi31375
UsernameApi: 
Password: Kiwi77nz
PublicKey: 
AcceptedTermsAndConditions: 
BackgroundCheckConsent: 
PreferredIdType: 
-> done: SummaryPageSteps.WhenIConfirmDetailsOnTheSummaryPage() (3.6s)
Then the Logging you in progress page is displayed
-> done: ConfirmationPageSteps.ThenTheLoggingYouInProgressPageIsDisplayed() (26.9s)
And the Activation page is displayed
11/23/2017 3:10:35 AMThenTheActivationPageIsDisplayed: IsActivationPageDisplayed STARTED
11/23/2017 3:10:35 AMThenTheActivationPageIsDisplayed: IsActivationPageDisplayed DONE
11/23/2017 3:10:35 AMThenTheActivationPageIsDisplayed: IsSectionDisplayed STARTED
11/23/2017 3:10:39 AMThenTheActivationPageIsDisplayed: IsSectionDisplayed DONE
-> done: ActivationSummarySteps.ThenTheActivationPageIsDisplayed() (11.9s)
And the account number and product name is displayed for the selected products
==> Successfully created: Streamline transaction account:
12-3629-0375823-00
==> Successfully created: ASB Visa Debit card:
Issued for delivery within a week
==> Successfully created: Savings On Call:
12-3629-0375823-50
==> Successfully created: FastSaver:
12-3629-0375823-51
-> done: ActivationSummarySteps.ThenTheAccountNumberAndProductNameIsDisplayedForTheSelectedProducts() (29.5s)
And the 'Activate your account' section is displayed
-> done: ActivationSummarySteps.ThenTheSectionIsDisplayed("Activate your acc...") (0.1s)
And the Activate your account header is displayed
-> done: ActivationSummarySteps.ThenTheActivateYourAccountHeaderIsDisplayed() (0.2s)
And the Profile Details section is displayed
*** Verifying section for non-Profile Enhanced customer ***
*** Verifying section for Profile Complete customer ***
-> done: ActivationSummarySteps.ThenTheProfileDetailsSectionIsDisplayed() (1.3s)
And the Proof of Address section is displayed
*** Verifying section for non-Address Verified customer ***
*** Verifying section for non-Address Verified customer ***
-> done: ActivationSummarySteps.ThenTheProofOfAddressSectionIsDisplayed() (0.4s)
And the Confirm Identity section is displayed
*** Verifying section for non-ID Verified customer ***
*** Verifying section for customer with Preferred ID = 'Other' ***
*** Verifying EIDV-Switched OFF Confirm Identity section for customer with Preferred ID: Other
-> done: ActivationSummarySteps.ThenTheConfirmIdentitySectionIsDisplayed() (0.5s)
And the See a complete list of acceptable documents text is displayed conditionally
Verifying acceptable documents link should be displayed
Clicking on link: acceptable documents
-> done: ActivationSummarySteps.ThenTheSeeACompleteListOfAcceptableDocumentsTextIsDisplayedConditionally() (1.3s)
And the Find a branch button is displayed conditionally
Verifying Find a branch button should be displayed
-> done: ActivationSummarySteps.ThenTheFindABranchButtonOpensInANewWindow() (4.2s)
]]></output>
                  </test-case>
                  <test-case id="0-1058" name="ACTSUM_08_VerifyConfirmation_AdditionalDetails(&quot;No-Non-resident – 2% Approved Issuer Levy - Other NRC, Optional TIN&quot;,&quot;Streamline intro&quot;,&quot;No&quot;,&quot;Non-resident – 2% Approved Issuer Levy&quot;,&quot;same&quot;,&quot;United States&quot;,&quot;Yemen - 12345ABC&quot;,&quot;true&quot;,System.String[])" fullname="Join.Form.Customer.Selenium.Features._08_ActivateSummaryFeature.ACTSUM_08_VerifyConfirmation_AdditionalDetails(&quot;No-Non-resident – 2% Approved Issuer Levy - Other NRC, Optional TIN&quot;,&quot;Streamline intro&quot;,&quot;No&quot;,&quot;Non-resident – 2% Approved Issuer Levy&quot;,&quot;same&quot;,&quot;United States&quot;,&quot;Yemen - 12345ABC&quot;,&quot;true&quot;,System.String[])" methodname="ACTSUM_08_VerifyConfirmation_AdditionalDetails" classname="Join.Form.Customer.Selenium.Features._08_ActivateSummaryFeature" runstate="Runnable" seed="1282058855" result="Passed" start-time="2017-11-22 14:11:22Z" end-time="2017-11-22 14:13:21Z" duration="118.837836" asserts="42">
                    <properties />
                    <output><![CDATA[Given I start my Streamline application
Navigating to URL: https://webappisamdev.asbbank.co.nz/public/join/asb/max?grcDisabled=true&fncJunction=fnc104
-> done: CommonSteps.GivenIStartMyStreamlineApplication() (2.7s)
Given I select the following products: 'Streamline intro'
11/23/2017 3:11:36 AMWaitForFeaturesPageLoad: Executing WaitForFrameAndSwitch
11/23/2017 3:11:36 AMWaitForFeaturesPageLoad: Done executing WaitForFrameAndSwitch
Unable to find product 'FastSaver' in page or product 'FastSaver' is not selected
Unable to find product 'Savings On Call' in page or product 'Savings On Call' is not selected
Unable to find product 'ASB Visa Debit Streamline Intro' in page or product 'ASB Visa Debit Streamline Intro' is not selected
Unable to find product 'Savings On Call' in page or product 'Savings On Call' is not selected
Unable to find product 'FastSaver' in page or product 'FastSaver' is not selected
-> done: ProductsPageSteps.WhenIChangeMySelectedProductsTo("Streamline intro") (17.2s)
And I enter all required details in the Personal details page and clicks on Next button:
  --- table step argument ---
  | Title | FirstName  | MiddleName | LastName | DateOfBirth | Email             | MobileNumber | CountriesCitizenship | PreferredIdType |
  | Miss  | Automation | ass     | FYICOB   | ass      | cob2016@asb.co.nz | 021-ass   | United States        | Other           |
Inline error message for 'home address' field displayed: False
Inline error message for 'countries where you have citizenship' field displayed: False
-> done: PersonalDetailsSteps.WhenIEnterAllRequiredDetailsForPersonalDetailsPage(<table>) (27.1s)
And I select 'No' in the Are you a New Zealand tax resident question
-> done: AdditionalPersonalDetailsSteps.WhenISelectInTheAreYouANewZealandTaxResidentQuestion("No") (0.2s)
And I select 'Non-resident – 2% Approved Issuer Levy' in the Resident Withholding Tax Rate dropdown
-> done: AdditionalPersonalDetailsSteps.WhenISelectInTheResidentWithholdingTaxRateDropdown("Non-resident – 2%...") (0.2s)
And I enter non resident country and date for a non NZ tax resident
-> done: AdditionalPersonalDetailsSteps.WhenIEnterNonResidentCountryAndDateForANonNZTaxResident() (2.5s)
And I enter additional information with Profile Complete flag 'same', 'United States', 'Yemen - 12345ABC', 'true'
-> done: AdditionalPersonalDetailsSteps.GivenIEnterAdditionalInformationWithProfileCompleteFlag("same", "United States", "Yemen - 12345ABC", "true") (1.6s)
And I click on 'Next' button
-> done: CommonSteps.WhenIClickOnButton("Next") (0.1s)
And I enter 'Kiwi77nz' password and 'MyCode01' ass password in the ASB Login page and clicks on Next button
-> done: ASBLoginPageSteps.WhenIEnterPasswordAndassPasswordInTheASBLoginPageAndClicksOnNextButton("Kiwi77nz", "MyCode01") (1.3s)
When I confirm details on the Summary page
UniqueId: 
Title: Miss
FirstName: Automation
MiddleName: COB-ACzmw
LastName: FYICOB
Email: cob2016@asb.co.nz
Gender: 
DateOfBirth: 3/15/1982 12:00:00 AM
DateCreated: 
LastReviewDate: 
Cals: 
IsIndividual: 
NzCitizen: 
NzResidence: 
HighValueCustomer: 
StaffMember: 
AmlVerified: 
VipCustomer: 
Addresses: System.Collections.Generic.List`1[ASB.Selenium.DataModel.Customer.Address]
AddressInformation: ASB.Selenium.DataModel.Customer.AddressInformation
CompanyName: 
CompanyType: 
CompanySubType: 
CustomerTypeCode: 
IrdNumber: 
TaxClass: Non-resident – 2% Approved Issuer Levy
TaxClassDate: 3/15/1998 12:00:00 AM
IsNzTaxResident: False
NonResidentCountryCode: 
IsForeignTaxResident: True
ForeignTaxResidencyStatus: 
IsProfileEnhanced: True
Phones: System.Collections.Generic.List`1[ASB.Selenium.DataModel.Customer.Phone]
NextOfKin: 
EmploymentDetails: 
LinkedCustomers: 
AccountRelationships: 
IdType: 
Fatca: ASB.Selenium.DataModel.Customer.Fatca
CitizenshipCountryCodes: 
CitizenshipCountryNames: System.Collections.Generic.List`1[System.String]
ForeignTaxResidenceTypes: System.Collections.Generic.List`1[ASB.Selenium.DataModel.Customer.ForeignTaxResidenceTypes]
OnboardingDetail: ASB.Selenium.DataModel.Customer.OnboardingDetail
AddressVerificationStatus: 
IdVerificationStatus: 
PreferredIdType: Other
IsProfileComplete: True
DaysRemaining: 0
OnboardingStatus: 
NewAccounts: System.Collections.Generic.List`1[ASB.Selenium.DataModel.Customer.Accounts]
FailedAccounts: System.Collections.Generic.List`1[ASB.Selenium.DataModel.Customer.Accounts]
OnboardingSource: JoinASB
CustomerCreated: 
LoginCreated: 
RegisteredForNetcode: 
AccountsCreated: 
CustomerAccessToken: 
VerificationPassword: MyCode01
LoginDetail: ASB.Selenium.DataModel.Customer.Login
CustomerType: 
Cif: 
Username: afyi74537
UsernameApi: 
Password: Kiwi77nz
PublicKey: 
AcceptedTermsAndConditions: 
BackgroundCheckConsent: 
PreferredIdType: 
-> done: SummaryPageSteps.WhenIConfirmDetailsOnTheSummaryPage() (3.1s)
Then the Logging you in progress page is displayed
-> done: ConfirmationPageSteps.ThenTheLoggingYouInProgressPageIsDisplayed() (17.8s)
And the Activation page is displayed
11/23/2017 3:12:40 AMThenTheActivationPageIsDisplayed: IsActivationPageDisplayed STARTED
11/23/2017 3:12:40 AMThenTheActivationPageIsDisplayed: IsActivationPageDisplayed DONE
11/23/2017 3:12:40 AMThenTheActivationPageIsDisplayed: IsSectionDisplayed STARTED
11/23/2017 3:12:42 AMThenTheActivationPageIsDisplayed: IsSectionDisplayed DONE
-> done: ActivationSummarySteps.ThenTheActivationPageIsDisplayed() (8.2s)
And the account number and product name is displayed for the selected products
==> Successfully created: Streamline transaction account:
12-3629-0375858-00
-> done: ActivationSummarySteps.ThenTheAccountNumberAndProductNameIsDisplayedForTheSelectedProducts() (27.8s)
And the 'Activate your account' section is displayed
-> done: ActivationSummarySteps.ThenTheSectionIsDisplayed("Activate your acc...") (0.1s)
And the Activate your account header is displayed
-> done: ActivationSummarySteps.ThenTheActivateYourAccountHeaderIsDisplayed() (0.1s)
And the Profile Details section is displayed
*** Verifying section for Profile Enhanced customer ***
-> done: ActivationSummarySteps.ThenTheProfileDetailsSectionIsDisplayed() (1.4s)
And the Proof of Address section is displayed
*** Verifying section for non-Address Verified customer ***
*** Verifying section for non-Address Verified customer ***
-> done: ActivationSummarySteps.ThenTheProofOfAddressSectionIsDisplayed() (0.5s)
And the Confirm Identity section is displayed
*** Verifying section for non-ID Verified customer ***
*** Verifying section for customer with Preferred ID = 'Other' ***
*** Verifying EIDV-Switched OFF Confirm Identity section for customer with Preferred ID: Other
-> done: ActivationSummarySteps.ThenTheConfirmIdentitySectionIsDisplayed() (1.0s)
And the See a complete list of acceptable documents text is displayed conditionally
Verifying acceptable documents link should be displayed
Clicking on link: acceptable documents
-> done: ActivationSummarySteps.ThenTheSeeACompleteListOfAcceptableDocumentsTextIsDisplayedConditionally() (2.1s)
And the Find a branch button is displayed conditionally
Verifying Find a branch button should be displayed
-> done: ActivationSummarySteps.ThenTheFindABranchButtonOpensInANewWindow() (2.5s)
]]></output>
                  </test-case>
                  <test-case id="0-1059" name="ACTSUM_08_VerifyConfirmation_AdditionalDetails(&quot;No-Non-resident – country tax rate - Other NRC, Optional TIN&quot;,&quot;Streamline intro,ASB Visa Debit Streamline Intro,FastSaver&quot;,&quot;No&quot;,&quot;Non-resident – country tax rate&quot;,&quot;same&quot;,&quot;New Zealand, Australia, India, Svalbard And Jan Mayen&quot;,&quot;Iceland - AB12345I&quot;,&quot;true&quot;,System.String[])" fullname="Join.Form.Customer.Selenium.Features._08_ActivateSummaryFeature.ACTSUM_08_VerifyConfirmation_AdditionalDetails(&quot;No-Non-resident – country tax rate - Other NRC, Optional TIN&quot;,&quot;Streamline intro,ASB Visa Debit Streamline Intro,FastSaver&quot;,&quot;No&quot;,&quot;Non-resident – country tax rate&quot;,&quot;same&quot;,&quot;New Zealand, Australia, India, Svalbard And Jan Mayen&quot;,&quot;Iceland - AB12345I&quot;,&quot;true&quot;,System.String[])" methodname="ACTSUM_08_VerifyConfirmation_AdditionalDetails" classname="Join.Form.Customer.Selenium.Features._08_ActivateSummaryFeature" runstate="Runnable" seed="487150436" result="Passed" start-time="2017-11-22 14:13:21Z" end-time="2017-11-22 14:16:07Z" duration="166.420479" asserts="44">
                    <properties />
                    <output><![CDATA[Given I start my Streamline application
Navigating to URL: https://webappisamdev.asbbank.co.nz/public/join/asb/max?grcDisabled=true&fncJunction=fnc104
-> done: CommonSteps.GivenIStartMyStreamlineApplication() (0.9s)
Given I select the following products: 'Streamline intro,ASB Visa Debit Streamline Intro,FastSaver'
11/23/2017 3:13:33 AMWaitForFeaturesPageLoad: Executing WaitForFrameAndSwitch
11/23/2017 3:13:34 AMWaitForFeaturesPageLoad: Done executing WaitForFrameAndSwitch
Unable to find product 'FastSaver' in page or product 'FastSaver' is not selected
Unable to find product 'Savings On Call' in page or product 'Savings On Call' is not selected
Unable to find product 'Savings On Call' in page or product 'Savings On Call' is not selected
-> done: ProductsPageSteps.WhenIChangeMySelectedProductsTo("Streamline intro,...") (18.8s)
And I enter all required details in the Personal details page and clicks on Next button:
  --- table step argument ---
  | Title | FirstName  | MiddleName | LastName | DateOfBirth | Email             | MobileNumber | CountriesCitizenship                                  | PreferredIdType |
  | Miss  | Automation | ass     | FYICOB   | ass      | cob2016@asb.co.nz | 021-ass   | New Zealand, Australia, India, Svalbard And Jan Mayen | Other           |
Inline error message for 'home address' field displayed: False
Inline error message for 'countries where you have citizenship' field displayed: False
-> done: PersonalDetailsSteps.WhenIEnterAllRequiredDetailsForPersonalDetailsPage(<table>) (56.7s)
And I select 'No' in the Are you a New Zealand tax resident question
-> done: AdditionalPersonalDetailsSteps.WhenISelectInTheAreYouANewZealandTaxResidentQuestion("No") (0.2s)
And I select 'Non-resident – country tax rate' in the Resident Withholding Tax Rate dropdown
-> done: AdditionalPersonalDetailsSteps.WhenISelectInTheResidentWithholdingTaxRateDropdown("Non-resident – co...") (0.2s)
And I enter non resident country and date for a non NZ tax resident
-> done: AdditionalPersonalDetailsSteps.WhenIEnterNonResidentCountryAndDateForANonNZTaxResident() (12.0s)
And I enter additional information with Profile Complete flag 'same', 'New Zealand, Australia, India, Svalbard And Jan Mayen', 'Iceland - AB12345I', 'true'
-> done: AdditionalPersonalDetailsSteps.GivenIEnterAdditionalInformationWithProfileCompleteFlag("same", "New Zealand, Aust...", "Iceland - AB12345I", "true") (4.2s)
And I click on 'Next' button
-> done: CommonSteps.WhenIClickOnButton("Next") (0.2s)
And I enter 'Kiwi77nz' password and 'MyCode01' ass password in the ASB Login page and clicks on Next button
-> done: ASBLoginPageSteps.WhenIEnterPasswordAndassPasswordInTheASBLoginPageAndClicksOnNextButton("Kiwi77nz", "MyCode01") (2.7s)
When I confirm details on the Summary page
UniqueId: 
Title: Miss
FirstName: Automation
MiddleName: COB-RJqbJ
LastName: FYICOB
Email: cob2016@asb.co.nz
Gender: 
DateOfBirth: 11/4/1988 12:00:00 AM
DateCreated: 
LastReviewDate: 
Cals: 
IsIndividual: 
NzCitizen: 
NzResidence: 
HighValueCustomer: 
StaffMember: 
AmlVerified: 
VipCustomer: 
Addresses: System.Collections.Generic.List`1[ASB.Selenium.DataModel.Customer.Address]
AddressInformation: ASB.Selenium.DataModel.Customer.AddressInformation
CompanyName: 
CompanyType: 
CompanySubType: 
CustomerTypeCode: 
IrdNumber: 
TaxClass: Non-resident – country tax rate
TaxClassDate: 11/4/2004 12:00:00 AM
IsNzTaxResident: False
NonResidentCountryCode: 
IsForeignTaxResident: True
ForeignTaxResidencyStatus: 
IsProfileEnhanced: True
Phones: System.Collections.Generic.List`1[ASB.Selenium.DataModel.Customer.Phone]
NextOfKin: 
EmploymentDetails: 
LinkedCustomers: 
AccountRelationships: 
IdType: 
Fatca: ASB.Selenium.DataModel.Customer.Fatca
CitizenshipCountryCodes: 
CitizenshipCountryNames: System.Collections.Generic.List`1[System.String]
ForeignTaxResidenceTypes: System.Collections.Generic.List`1[ASB.Selenium.DataModel.Customer.ForeignTaxResidenceTypes]
OnboardingDetail: ASB.Selenium.DataModel.Customer.OnboardingDetail
AddressVerificationStatus: 
IdVerificationStatus: 
PreferredIdType: Other
IsProfileComplete: True
DaysRemaining: 0
OnboardingStatus: 
NewAccounts: System.Collections.Generic.List`1[ASB.Selenium.DataModel.Customer.Accounts]
FailedAccounts: System.Collections.Generic.List`1[ASB.Selenium.DataModel.Customer.Accounts]
OnboardingSource: JoinASB
CustomerCreated: 
LoginCreated: 
RegisteredForNetcode: 
AccountsCreated: 
CustomerAccessToken: 
VerificationPassword: MyCode01
LoginDetail: ASB.Selenium.DataModel.Customer.Login
CustomerType: 
Cif: 
Username: afyi28688
UsernameApi: 
Password: Kiwi77nz
PublicKey: 
AcceptedTermsAndConditions: 
BackgroundCheckConsent: 
PreferredIdType: 
-> done: SummaryPageSteps.WhenIConfirmDetailsOnTheSummaryPage() (3.2s)
Then the Logging you in progress page is displayed
-> done: ConfirmationPageSteps.ThenTheLoggingYouInProgressPageIsDisplayed() (21.8s)
And the Activation page is displayed
11/23/2017 3:15:26 AMThenTheActivationPageIsDisplayed: IsActivationPageDisplayed STARTED
11/23/2017 3:15:26 AMThenTheActivationPageIsDisplayed: IsActivationPageDisplayed DONE
11/23/2017 3:15:26 AMThenTheActivationPageIsDisplayed: IsSectionDisplayed STARTED
11/23/2017 3:15:28 AMThenTheActivationPageIsDisplayed: IsSectionDisplayed DONE
-> done: ActivationSummarySteps.ThenTheActivationPageIsDisplayed() (7.6s)
And the account number and product name is displayed for the selected products
==> Successfully created: Streamline transaction account:
12-3629-0375903-00
==> Successfully created: ASB Visa Debit card:
Issued for delivery within a week
==> Successfully created: FastSaver:
12-3629-0375903-50
-> done: ActivationSummarySteps.ThenTheAccountNumberAndProductNameIsDisplayedForTheSelectedProducts() (30.6s)
And the 'Activate your account' section is displayed
-> done: ActivationSummarySteps.ThenTheSectionIsDisplayed("Activate your acc...") (0.1s)
And the Activate your account header is displayed
-> done: ActivationSummarySteps.ThenTheActivateYourAccountHeaderIsDisplayed() (0.1s)
And the Profile Details section is displayed
*** Verifying section for Profile Enhanced customer ***
-> done: ActivationSummarySteps.ThenTheProfileDetailsSectionIsDisplayed() (1.3s)
And the Proof of Address section is displayed
*** Verifying section for non-Address Verified customer ***
*** Verifying section for non-Address Verified customer ***
-> done: ActivationSummarySteps.ThenTheProofOfAddressSectionIsDisplayed() (0.4s)
And the Confirm Identity section is displayed
*** Verifying section for non-ID Verified customer ***
*** Verifying section for customer with Preferred ID = 'Other' ***
*** Verifying EIDV-Switched OFF Confirm Identity section for customer with Preferred ID: Other
-> done: ActivationSummarySteps.ThenTheConfirmIdentitySectionIsDisplayed() (0.7s)
And the See a complete list of acceptable documents text is displayed conditionally
Verifying acceptable documents link should be displayed
Clicking on link: acceptable documents
-> done: ActivationSummarySteps.ThenTheSeeACompleteListOfAcceptableDocumentsTextIsDisplayedConditionally() (1.5s)
And the Find a branch button is displayed conditionally
Verifying Find a branch button should be displayed
-> done: ActivationSummarySteps.ThenTheFindABranchButtonOpensInANewWindow() (2.0s)
]]></output>
                  </test-case>
                  <test-case id="0-1060" name="ACTSUM_08_VerifyConfirmation_AdditionalDetails(&quot;No-Exempt from withholding tax&quot;,&quot;Streamline intro,ASB Visa Debit Streamline Intro,Savings On Call,FastSaver&quot;,&quot;No&quot;,&quot;Exempt from withholding tax&quot;,&quot;same&quot;,&quot;New Zealand, Australia, India, Svalbard And Jan Mayen&quot;,&quot;Australia - X123GH78, India - 9856GFT811, Argentina - X123GH78111, Svalbard And Jan Mayen - GT7646HG&quot;,&quot;true&quot;,System.String[])" fullname="Join.Form.Customer.Selenium.Features._08_ActivateSummaryFeature.ACTSUM_08_VerifyConfirmation_AdditionalDetails(&quot;No-Exempt from withholding tax&quot;,&quot;Streamline intro,ASB Visa Debit Streamline Intro,Savings On Call,FastSaver&quot;,&quot;No&quot;,&quot;Exempt from withholding tax&quot;,&quot;same&quot;,&quot;New Zealand, Australia, India, Svalbard And Jan Mayen&quot;,&quot;Australia - X123GH78, India - 9856GFT811, Argentina - X123GH78111, Svalbard And Jan Mayen - GT7646HG&quot;,&quot;true&quot;,System.String[])" methodname="ACTSUM_08_VerifyConfirmation_AdditionalDetails" classname="Join.Form.Customer.Selenium.Features._08_ActivateSummaryFeature" runstate="Runnable" seed="1938460469" result="Passed" start-time="2017-11-22 14:16:07Z" end-time="2017-11-22 14:18:57Z" duration="169.443013" asserts="44">
                    <properties />
                    <output><![CDATA[Given I start my Streamline application
Navigating to URL: https://webappisamdev.asbbank.co.nz/public/join/asb/max?grcDisabled=true&fncJunction=fnc104
-> done: CommonSteps.GivenIStartMyStreamlineApplication() (1.2s)
Given I select the following products: 'Streamline intro,ASB Visa Debit Streamline Intro,Savings On Call,FastSaver'
11/23/2017 3:16:20 AMWaitForFeaturesPageLoad: Executing WaitForFrameAndSwitch
11/23/2017 3:16:20 AMWaitForFeaturesPageLoad: Done executing WaitForFrameAndSwitch
Unable to find product 'Savings On Call' in page or product 'Savings On Call' is not selected
Unable to find product 'FastSaver' in page or product 'FastSaver' is not selected
-> done: ProductsPageSteps.WhenIChangeMySelectedProductsTo("Streamline intro,...") (21.1s)
And I enter all required details in the Personal details page and clicks on Next button:
  --- table step argument ---
  | Title | FirstName  | MiddleName | LastName | DateOfBirth | Email             | MobileNumber | CountriesCitizenship                                  | PreferredIdType |
  | Miss  | Automation | ass     | FYICOB   | ass      | cob2016@asb.co.nz | 021-ass   | New Zealand, Australia, India, Svalbard And Jan Mayen | Other           |
Inline error message for 'home address' field displayed: False
Inline error message for 'countries where you have citizenship' field displayed: False
-> done: PersonalDetailsSteps.WhenIEnterAllRequiredDetailsForPersonalDetailsPage(<table>) (55.2s)
And I select 'No' in the Are you a New Zealand tax resident question
-> done: AdditionalPersonalDetailsSteps.WhenISelectInTheAreYouANewZealandTaxResidentQuestion("No") (0.2s)
And I select 'Exempt from withholding tax' in the Resident Withholding Tax Rate dropdown
-> done: AdditionalPersonalDetailsSteps.WhenISelectInTheResidentWithholdingTaxRateDropdown("Exempt from withh...") (0.2s)
And I enter non resident country and date for a non NZ tax resident
-> done: AdditionalPersonalDetailsSteps.WhenIEnterNonResidentCountryAndDateForANonNZTaxResident() (11.1s)
And I enter additional information with Profile Complete flag 'same', 'New Zealand, Australia, India, Svalbard And Jan Mayen', 'Australia - X123GH78, India - 9856GFT811, Argentina - X123GH78111, Svalbard And Jan Mayen - GT7646HG', 'true'
-> done: AdditionalPersonalDetailsSteps.GivenIEnterAdditionalInformationWithProfileCompleteFlag("same", "New Zealand, Aust...", "Australia - X123G...", "true") (5.9s)
And I click on 'Next' button
-> done: CommonSteps.WhenIClickOnButton("Next") (0.1s)
And I enter 'Kiwi77nz' password and 'MyCode01' ass password in the ASB Login page and clicks on Next button
-> done: ASBLoginPageSteps.WhenIEnterPasswordAndassPasswordInTheASBLoginPageAndClicksOnNextButton("Kiwi77nz", "MyCode01") (1.2s)
When I confirm details on the Summary page
UniqueId: 
Title: Miss
FirstName: Automation
MiddleName: COB-csiqX
LastName: FYICOB
Email: cob2016@asb.co.nz
Gender: 
DateOfBirth: 7/16/1944 12:00:00 AM
DateCreated: 
LastReviewDate: 
Cals: 
IsIndividual: 
NzCitizen: 
NzResidence: 
HighValueCustomer: 
StaffMember: 
AmlVerified: 
VipCustomer: 
Addresses: System.Collections.Generic.List`1[ASB.Selenium.DataModel.Customer.Address]
AddressInformation: ASB.Selenium.DataModel.Customer.AddressInformation
CompanyName: 
CompanyType: 
CompanySubType: 
CustomerTypeCode: 
IrdNumber: 
TaxClass: Non-resident – country tax rate
TaxClassDate: 7/16/1960 12:00:00 AM
IsNzTaxResident: False
NonResidentCountryCode: 
IsForeignTaxResident: True
ForeignTaxResidencyStatus: 
IsProfileEnhanced: False
Phones: System.Collections.Generic.List`1[ASB.Selenium.DataModel.Customer.Phone]
NextOfKin: 
EmploymentDetails: 
LinkedCustomers: 
AccountRelationships: 
IdType: 
Fatca: ASB.Selenium.DataModel.Customer.Fatca
CitizenshipCountryCodes: 
CitizenshipCountryNames: System.Collections.Generic.List`1[System.String]
ForeignTaxResidenceTypes: System.Collections.Generic.List`1[ASB.Selenium.DataModel.Customer.ForeignTaxResidenceTypes]
OnboardingDetail: ASB.Selenium.DataModel.Customer.OnboardingDetail
AddressVerificationStatus: 
IdVerificationStatus: 
PreferredIdType: Other
IsProfileComplete: True
DaysRemaining: 0
OnboardingStatus: 
NewAccounts: System.Collections.Generic.List`1[ASB.Selenium.DataModel.Customer.Accounts]
FailedAccounts: System.Collections.Generic.List`1[ASB.Selenium.DataModel.Customer.Accounts]
OnboardingSource: JoinASB
CustomerCreated: 
LoginCreated: 
RegisteredForNetcode: 
AccountsCreated: 
CustomerAccessToken: 
VerificationPassword: MyCode01
LoginDetail: ASB.Selenium.DataModel.Customer.Login
CustomerType: 
Cif: 
Username: afyi70753
UsernameApi: 
Password: Kiwi77nz
PublicKey: 
AcceptedTermsAndConditions: 
BackgroundCheckConsent: 
PreferredIdType: 
-> done: SummaryPageSteps.WhenIConfirmDetailsOnTheSummaryPage() (3.8s)
Then the Logging you in progress page is displayed
-> done: ConfirmationPageSteps.ThenTheLoggingYouInProgressPageIsDisplayed() (23.5s)
And the Activation page is displayed
11/23/2017 3:18:14 AMThenTheActivationPageIsDisplayed: IsActivationPageDisplayed STARTED
11/23/2017 3:18:14 AMThenTheActivationPageIsDisplayed: IsActivationPageDisplayed DONE
11/23/2017 3:18:14 AMThenTheActivationPageIsDisplayed: IsSectionDisplayed STARTED
11/23/2017 3:18:16 AMThenTheActivationPageIsDisplayed: IsSectionDisplayed DONE
-> done: ActivationSummarySteps.ThenTheActivationPageIsDisplayed() (7.0s)
And the account number and product name is displayed for the selected products
==> Successfully created: Streamline transaction account:
12-3629-0375946-00
==> Successfully created: ASB Visa Debit card:
Issued for delivery within a week
==> Successfully created: Savings On Call:
12-3629-0375946-50
==> Successfully created: FastSaver:
12-3629-0375946-51
-> done: ActivationSummarySteps.ThenTheAccountNumberAndProductNameIsDisplayedForTheSelectedProducts() (28.6s)
And the 'Activate your account' section is displayed
-> done: ActivationSummarySteps.ThenTheSectionIsDisplayed("Activate your acc...") (0.0s)
And the Activate your account header is displayed
-> done: ActivationSummarySteps.ThenTheActivateYourAccountHeaderIsDisplayed() (0.0s)
And the Profile Details section is displayed
*** Verifying section for non-Profile Enhanced customer ***
*** Verifying section for Profile Complete customer ***
-> done: ActivationSummarySteps.ThenTheProfileDetailsSectionIsDisplayed() (1.2s)
And the Proof of Address section is displayed
*** Verifying section for non-Address Verified customer ***
*** Verifying section for non-Address Verified customer ***
-> done: ActivationSummarySteps.ThenTheProofOfAddressSectionIsDisplayed() (2.1s)
And the Confirm Identity section is displayed
*** Verifying section for non-ID Verified customer ***
*** Verifying section for customer with Preferred ID = 'Other' ***
*** Verifying EIDV-Switched OFF Confirm Identity section for customer with Preferred ID: Other
-> done: ActivationSummarySteps.ThenTheConfirmIdentitySectionIsDisplayed() (0.6s)
And the See a complete list of acceptable documents text is displayed conditionally
Verifying acceptable documents link should be displayed
Clicking on link: acceptable documents
-> done: ActivationSummarySteps.ThenTheSeeACompleteListOfAcceptableDocumentsTextIsDisplayedConditionally() (1.2s)
And the Find a branch button is displayed conditionally
Verifying Find a branch button should be displayed
-> done: ActivationSummarySteps.ThenTheFindABranchButtonOpensInANewWindow() (1.9s)
]]></output>
                  </test-case>
                  <test-case id="0-1061" name="ACTSUM_08_VerifyConfirmation_AdditionalDetails(&quot;NZTaxResident and NZ citizen and tax blank&quot;,&quot;Streamline intro&quot;,&quot;Yes&quot;,&quot;Skip&quot;,&quot;Skip&quot;,&quot;New Zealand&quot;,&quot;Skip&quot;,&quot;true&quot;,null)" fullname="Join.Form.Customer.Selenium.Features._08_ActivateSummaryFeature.ACTSUM_08_VerifyConfirmation_AdditionalDetails(&quot;NZTaxResident and NZ citizen and tax blank&quot;,&quot;Streamline intro&quot;,&quot;Yes&quot;,&quot;Skip&quot;,&quot;Skip&quot;,&quot;New Zealand&quot;,&quot;Skip&quot;,&quot;true&quot;,null)" methodname="ACTSUM_08_VerifyConfirmation_AdditionalDetails" classname="Join.Form.Customer.Selenium.Features._08_ActivateSummaryFeature" runstate="Runnable" seed="296422002" result="Passed" start-time="2017-11-22 14:18:57Z" end-time="2017-11-22 14:20:46Z" duration="108.970598" asserts="41">
                    <properties>
                      <property name="Category" value="032017" />
                      <property name="Category" value="crs" />
                    </properties>
                    <output><![CDATA[Given I start my Streamline application
Navigating to URL: https://webappisamdev.asbbank.co.nz/public/join/asb/max?grcDisabled=true&fncJunction=fnc104
-> done: CommonSteps.GivenIStartMyStreamlineApplication() (0.7s)
Given I select the following products: 'Streamline intro'
11/23/2017 3:19:08 AMWaitForFeaturesPageLoad: Executing WaitForFrameAndSwitch
11/23/2017 3:19:09 AMWaitForFeaturesPageLoad: Done executing WaitForFrameAndSwitch
Unable to find product 'FastSaver' in page or product 'FastSaver' is not selected
Unable to find product 'Savings On Call' in page or product 'Savings On Call' is not selected
Unable to find product 'ASB Visa Debit Streamline Intro' in page or product 'ASB Visa Debit Streamline Intro' is not selected
Unable to find product 'Savings On Call' in page or product 'Savings On Call' is not selected
Unable to find product 'FastSaver' in page or product 'FastSaver' is not selected
-> done: ProductsPageSteps.WhenIChangeMySelectedProductsTo("Streamline intro") (16.5s)
And I enter all required details in the Personal details page and clicks on Next button:
  --- table step argument ---
  | Title | FirstName  | MiddleName | LastName | DateOfBirth | Email             | MobileNumber | CountriesCitizenship | PreferredIdType |
  | Miss  | Automation | ass     | FYICOB   | ass      | cob2016@asb.co.nz | 021-ass   | New Zealand          | Other           |
Inline error message for 'home address' field displayed: False
Inline error message for 'countries where you have citizenship' field displayed: False
-> done: PersonalDetailsSteps.WhenIEnterAllRequiredDetailsForPersonalDetailsPage(<table>) (22.8s)
And I select 'Yes' in the Are you a New Zealand tax resident question
-> done: AdditionalPersonalDetailsSteps.WhenISelectInTheAreYouANewZealandTaxResidentQuestion("Yes") (0.7s)
And I select 'Skip' in the Resident Withholding Tax Rate dropdown
-> done: AdditionalPersonalDetailsSteps.WhenISelectInTheResidentWithholdingTaxRateDropdown("Skip") (0.0s)
And I enter non resident country and date for a non NZ tax resident
-> done: AdditionalPersonalDetailsSteps.WhenIEnterNonResidentCountryAndDateForANonNZTaxResident() (0.0s)
And I enter additional information with Profile Complete flag 'Skip', 'New Zealand', 'Skip', 'true'
-> done: AdditionalPersonalDetailsSteps.GivenIEnterAdditionalInformationWithProfileCompleteFlag("Skip", "New Zealand", "Skip", "true") (0.4s)
And I click on 'Next' button
-> done: CommonSteps.WhenIClickOnButton("Next") (0.1s)
And I enter 'Kiwi77nz' password and 'MyCode01' ass password in the ASB Login page and clicks on Next button
-> done: ASBLoginPageSteps.WhenIEnterPasswordAndassPasswordInTheASBLoginPageAndClicksOnNextButton("Kiwi77nz", "MyCode01") (1.9s)
When I confirm details on the Summary page
UniqueId: 
Title: Miss
FirstName: Automation
MiddleName: COB-XPyDF
LastName: FYICOB
Email: cob2016@asb.co.nz
Gender: 
DateOfBirth: 9/23/1925 12:00:00 AM
DateCreated: 
LastReviewDate: 
Cals: 
IsIndividual: 
NzCitizen: 
NzResidence: 
HighValueCustomer: 
StaffMember: 
AmlVerified: 
VipCustomer: 
Addresses: System.Collections.Generic.List`1[ASB.Selenium.DataModel.Customer.Address]
AddressInformation: ASB.Selenium.DataModel.Customer.AddressInformation
CompanyName: 
CompanyType: 
CompanySubType: 
CustomerTypeCode: 
IrdNumber: 
TaxClass: 33%
TaxClassDate: 
IsNzTaxResident: True
NonResidentCountryCode: 
IsForeignTaxResident: False
ForeignTaxResidencyStatus: 
IsProfileEnhanced: 
Phones: System.Collections.Generic.List`1[ASB.Selenium.DataModel.Customer.Phone]
NextOfKin: 
EmploymentDetails: 
LinkedCustomers: 
AccountRelationships: 
IdType: 
Fatca: ASB.Selenium.DataModel.Customer.Fatca
CitizenshipCountryCodes: 
CitizenshipCountryNames: System.Collections.Generic.List`1[System.String]
ForeignTaxResidenceTypes: System.Collections.Generic.List`1[ASB.Selenium.DataModel.Customer.ForeignTaxResidenceTypes]
OnboardingDetail: ASB.Selenium.DataModel.Customer.OnboardingDetail
AddressVerificationStatus: 
IdVerificationStatus: 
PreferredIdType: Other
IsProfileComplete: True
DaysRemaining: 0
OnboardingStatus: 
NewAccounts: System.Collections.Generic.List`1[ASB.Selenium.DataModel.Customer.Accounts]
FailedAccounts: System.Collections.Generic.List`1[ASB.Selenium.DataModel.Customer.Accounts]
OnboardingSource: JoinASB
CustomerCreated: 
LoginCreated: 
RegisteredForNetcode: 
AccountsCreated: 
CustomerAccessToken: 
VerificationPassword: MyCode01
LoginDetail: ASB.Selenium.DataModel.Customer.Login
CustomerType: 
Cif: 
Username: afyi22766
UsernameApi: 
Password: Kiwi77nz
PublicKey: 
AcceptedTermsAndConditions: 
BackgroundCheckConsent: 
PreferredIdType: 
-> done: SummaryPageSteps.WhenIConfirmDetailsOnTheSummaryPage() (3.2s)
Then the Logging you in progress page is displayed
-> done: ConfirmationPageSteps.ThenTheLoggingYouInProgressPageIsDisplayed() (13.6s)
And the Activation page is displayed
11/23/2017 3:20:00 AMThenTheActivationPageIsDisplayed: IsActivationPageDisplayed STARTED
11/23/2017 3:20:00 AMThenTheActivationPageIsDisplayed: IsActivationPageDisplayed DONE
11/23/2017 3:20:00 AMThenTheActivationPageIsDisplayed: IsSectionDisplayed STARTED
11/23/2017 3:20:06 AMThenTheActivationPageIsDisplayed: IsSectionDisplayed DONE
-> done: ActivationSummarySteps.ThenTheActivationPageIsDisplayed() (11.4s)
And the account number and product name is displayed for the selected products
==> Successfully created: Streamline transaction account:
12-3629-0375954-00
-> done: ActivationSummarySteps.ThenTheAccountNumberAndProductNameIsDisplayedForTheSelectedProducts() (27.4s)
And the 'Activate your account' section is displayed
-> done: ActivationSummarySteps.ThenTheSectionIsDisplayed("Activate your acc...") (0.0s)
And the Activate your account header is displayed
-> done: ActivationSummarySteps.ThenTheActivateYourAccountHeaderIsDisplayed() (0.0s)
And the Profile Details section is displayed
*** Verifying section for non-Profile Enhanced customer ***
*** Verifying section for Profile Complete customer ***
-> done: ActivationSummarySteps.ThenTheProfileDetailsSectionIsDisplayed() (1.2s)
And the Proof of Address section is displayed
*** Verifying section for non-Address Verified customer ***
*** Verifying section for non-Address Verified customer ***
-> done: ActivationSummarySteps.ThenTheProofOfAddressSectionIsDisplayed() (0.2s)
And the Confirm Identity section is displayed
*** Verifying section for non-ID Verified customer ***
*** Verifying section for customer with Preferred ID = 'Other' ***
*** Verifying EIDV-Switched OFF Confirm Identity section for customer with Preferred ID: Other
-> done: ActivationSummarySteps.ThenTheConfirmIdentitySectionIsDisplayed() (0.5s)
And the See a complete list of acceptable documents text is displayed conditionally
Verifying acceptable documents link should be displayed
Clicking on link: acceptable documents
-> done: ActivationSummarySteps.ThenTheSeeACompleteListOfAcceptableDocumentsTextIsDisplayedConditionally() (1.2s)
And the Find a branch button is displayed conditionally
Verifying Find a branch button should be displayed
-> done: ActivationSummarySteps.ThenTheFindABranchButtonOpensInANewWindow() (3.9s)
]]></output>
                  </test-case>
                  <test-case id="0-1062" name="ACTSUM_08_VerifyConfirmation_AdditionalDetails(&quot;NZTaxResident and US Citizen and 33%&quot;,&quot;Streamline intro&quot;,&quot;Yes&quot;,&quot;33%&quot;,&quot;Skip&quot;,&quot;Puerto Rico&quot;,&quot;United States - 12345ABC1&quot;,&quot;true&quot;,null)" fullname="Join.Form.Customer.Selenium.Features._08_ActivateSummaryFeature.ACTSUM_08_VerifyConfirmation_AdditionalDetails(&quot;NZTaxResident and US Citizen and 33%&quot;,&quot;Streamline intro&quot;,&quot;Yes&quot;,&quot;33%&quot;,&quot;Skip&quot;,&quot;Puerto Rico&quot;,&quot;United States - 12345ABC1&quot;,&quot;true&quot;,null)" methodname="ACTSUM_08_VerifyConfirmation_AdditionalDetails" classname="Join.Form.Customer.Selenium.Features._08_ActivateSummaryFeature" runstate="Runnable" seed="1446817214" result="Passed" start-time="2017-11-22 14:20:46Z" end-time="2017-11-22 14:22:33Z" duration="107.501053" asserts="41">
                    <properties>
                      <property name="Category" value="032017" />
                      <property name="Category" value="crs" />
                    </properties>
                    <output><![CDATA[Given I start my Streamline application
Navigating to URL: https://webappisamdev.asbbank.co.nz/public/join/asb/max?grcDisabled=true&fncJunction=fnc104
-> done: CommonSteps.GivenIStartMyStreamlineApplication() (1.0s)
Given I select the following products: 'Streamline intro'
11/23/2017 3:20:58 AMWaitForFeaturesPageLoad: Executing WaitForFrameAndSwitch
11/23/2017 3:20:58 AMWaitForFeaturesPageLoad: Done executing WaitForFrameAndSwitch
Unable to find product 'FastSaver' in page or product 'FastSaver' is not selected
Unable to find product 'Savings On Call' in page or product 'Savings On Call' is not selected
Unable to find product 'ASB Visa Debit Streamline Intro' in page or product 'ASB Visa Debit Streamline Intro' is not selected
Unable to find product 'Savings On Call' in page or product 'Savings On Call' is not selected
Unable to find product 'FastSaver' in page or product 'FastSaver' is not selected
-> done: ProductsPageSteps.WhenIChangeMySelectedProductsTo("Streamline intro") (16.1s)
And I enter all required details in the Personal details page and clicks on Next button:
  --- table step argument ---
  | Title | FirstName  | MiddleName | LastName | DateOfBirth | Email             | MobileNumber | CountriesCitizenship | PreferredIdType |
  | Miss  | Automation | ass     | FYICOB   | ass      | cob2016@asb.co.nz | 021-ass   | Puerto Rico          | Other           |
Inline error message for 'home address' field displayed: False
Inline error message for 'countries where you have citizenship' field displayed: False
-> done: PersonalDetailsSteps.WhenIEnterAllRequiredDetailsForPersonalDetailsPage(<table>) (23.1s)
And I select 'Yes' in the Are you a New Zealand tax resident question
-> done: AdditionalPersonalDetailsSteps.WhenISelectInTheAreYouANewZealandTaxResidentQuestion("Yes") (0.2s)
And I select '33%' in the Resident Withholding Tax Rate dropdown
-> done: AdditionalPersonalDetailsSteps.WhenISelectInTheResidentWithholdingTaxRateDropdown("33%") (0.1s)
And I enter non resident country and date for a non NZ tax resident
-> done: AdditionalPersonalDetailsSteps.WhenIEnterNonResidentCountryAndDateForANonNZTaxResident() (0.0s)
And I enter additional information with Profile Complete flag 'Skip', 'Puerto Rico', 'United States - 12345ABC1', 'true'
-> done: AdditionalPersonalDetailsSteps.GivenIEnterAdditionalInformationWithProfileCompleteFlag("Skip", "Puerto Rico", "United States - 1...", "true") (1.3s)
And I click on 'Next' button
-> done: CommonSteps.WhenIClickOnButton("Next") (0.1s)
And I enter 'Kiwi77nz' password and 'MyCode01' ass password in the ASB Login page and clicks on Next button
-> done: ASBLoginPageSteps.WhenIEnterPasswordAndassPasswordInTheASBLoginPageAndClicksOnNextButton("Kiwi77nz", "MyCode01") (1.1s)
When I confirm details on the Summary page
UniqueId: 
Title: Miss
FirstName: Automation
MiddleName: COB-XuaiV
LastName: FYICOB
Email: cob2016@asb.co.nz
Gender: 
DateOfBirth: 9/27/1932 12:00:00 AM
DateCreated: 
LastReviewDate: 
Cals: 
IsIndividual: 
NzCitizen: 
NzResidence: 
HighValueCustomer: 
StaffMember: 
AmlVerified: 
VipCustomer: 
Addresses: System.Collections.Generic.List`1[ASB.Selenium.DataModel.Customer.Address]
AddressInformation: ASB.Selenium.DataModel.Customer.AddressInformation
CompanyName: 
CompanyType: 
CompanySubType: 
CustomerTypeCode: 
IrdNumber: 
TaxClass: 33%
TaxClassDate: 
IsNzTaxResident: True
NonResidentCountryCode: 
IsForeignTaxResident: True
ForeignTaxResidencyStatus: 
IsProfileEnhanced: 
Phones: System.Collections.Generic.List`1[ASB.Selenium.DataModel.Customer.Phone]
NextOfKin: 
EmploymentDetails: 
LinkedCustomers: 
AccountRelationships: 
IdType: 
Fatca: ASB.Selenium.DataModel.Customer.Fatca
CitizenshipCountryCodes: 
CitizenshipCountryNames: System.Collections.Generic.List`1[System.String]
ForeignTaxResidenceTypes: System.Collections.Generic.List`1[ASB.Selenium.DataModel.Customer.ForeignTaxResidenceTypes]
OnboardingDetail: ASB.Selenium.DataModel.Customer.OnboardingDetail
AddressVerificationStatus: 
IdVerificationStatus: 
PreferredIdType: Other
IsProfileComplete: True
DaysRemaining: 0
OnboardingStatus: 
NewAccounts: System.Collections.Generic.List`1[ASB.Selenium.DataModel.Customer.Accounts]
FailedAccounts: System.Collections.Generic.List`1[ASB.Selenium.DataModel.Customer.Accounts]
OnboardingSource: JoinASB
CustomerCreated: 
LoginCreated: 
RegisteredForNetcode: 
AccountsCreated: 
CustomerAccessToken: 
VerificationPassword: MyCode01
LoginDetail: ASB.Selenium.DataModel.Customer.Login
CustomerType: 
Cif: 
Username: afyi81902
UsernameApi: 
Password: Kiwi77nz
PublicKey: 
AcceptedTermsAndConditions: 
BackgroundCheckConsent: 
PreferredIdType: 
-> done: SummaryPageSteps.WhenIConfirmDetailsOnTheSummaryPage() (3.2s)
Then the Logging you in progress page is displayed
-> done: ConfirmationPageSteps.ThenTheLoggingYouInProgressPageIsDisplayed() (18.4s)
And the Activation page is displayed
11/23/2017 3:21:54 AMThenTheActivationPageIsDisplayed: IsActivationPageDisplayed STARTED
11/23/2017 3:21:54 AMThenTheActivationPageIsDisplayed: IsActivationPageDisplayed DONE
11/23/2017 3:21:54 AMThenTheActivationPageIsDisplayed: IsSectionDisplayed STARTED
11/23/2017 3:21:56 AMThenTheActivationPageIsDisplayed: IsSectionDisplayed DONE
-> done: ActivationSummarySteps.ThenTheActivationPageIsDisplayed() (7.6s)
And the account number and product name is displayed for the selected products
==> Successfully created: Streamline transaction account:
12-3629-0375962-00
-> done: ActivationSummarySteps.ThenTheAccountNumberAndProductNameIsDisplayedForTheSelectedProducts() (28.1s)
And the 'Activate your account' section is displayed
-> done: ActivationSummarySteps.ThenTheSectionIsDisplayed("Activate your acc...") (0.0s)
And the Activate your account header is displayed
-> done: ActivationSummarySteps.ThenTheActivateYourAccountHeaderIsDisplayed() (0.0s)
And the Profile Details section is displayed
*** Verifying section for non-Profile Enhanced customer ***
*** Verifying section for Profile Complete customer ***
-> done: ActivationSummarySteps.ThenTheProfileDetailsSectionIsDisplayed() (1.1s)
And the Proof of Address section is displayed
*** Verifying section for non-Address Verified customer ***
*** Verifying section for non-Address Verified customer ***
-> done: ActivationSummarySteps.ThenTheProofOfAddressSectionIsDisplayed() (0.2s)
And the Confirm Identity section is displayed
*** Verifying section for non-ID Verified customer ***
*** Verifying section for customer with Preferred ID = 'Other' ***
*** Verifying EIDV-Switched OFF Confirm Identity section for customer with Preferred ID: Other
-> done: ActivationSummarySteps.ThenTheConfirmIdentitySectionIsDisplayed() (0.5s)
And the See a complete list of acceptable documents text is displayed conditionally
Verifying acceptable documents link should be displayed
Clicking on link: acceptable documents
-> done: ActivationSummarySteps.ThenTheSeeACompleteListOfAcceptableDocumentsTextIsDisplayedConditionally() (1.7s)
And the Find a branch button is displayed conditionally
Verifying Find a branch button should be displayed
-> done: ActivationSummarySteps.ThenTheFindABranchButtonOpensInANewWindow() (2.2s)
]]></output>
                  </test-case>
                  <test-case id="0-1063" name="ACTSUM_08_VerifyConfirmation_AdditionalDetails(&quot;NZTaxResident and non NZ non US and exempt&quot;,&quot;Streamline intro,ASB Visa Debit Streamline Intro&quot;,&quot;Yes&quot;,&quot;Exempt from withholding tax&quot;,&quot;Skip&quot;,&quot;Australia&quot;,&quot;Skip&quot;,&quot;true&quot;,null)" fullname="Join.Form.Customer.Selenium.Features._08_ActivateSummaryFeature.ACTSUM_08_VerifyConfirmation_AdditionalDetails(&quot;NZTaxResident and non NZ non US and exempt&quot;,&quot;Streamline intro,ASB Visa Debit Streamline Intro&quot;,&quot;Yes&quot;,&quot;Exempt from withholding tax&quot;,&quot;Skip&quot;,&quot;Australia&quot;,&quot;Skip&quot;,&quot;true&quot;,null)" methodname="ACTSUM_08_VerifyConfirmation_AdditionalDetails" classname="Join.Form.Customer.Selenium.Features._08_ActivateSummaryFeature" runstate="Runnable" seed="332258946" result="Passed" start-time="2017-11-22 14:22:33Z" end-time="2017-11-22 14:24:23Z" duration="109.486485" asserts="42">
                    <properties>
                      <property name="Category" value="032017" />
                      <property name="Category" value="crs" />
                    </properties>
                    <output><![CDATA[Given I start my Streamline application
Navigating to URL: https://webappisamdev.asbbank.co.nz/public/join/asb/max?grcDisabled=true&fncJunction=fnc104
-> done: CommonSteps.GivenIStartMyStreamlineApplication() (0.7s)
Given I select the following products: 'Streamline intro,ASB Visa Debit Streamline Intro'
11/23/2017 3:22:45 AMWaitForFeaturesPageLoad: Executing WaitForFrameAndSwitch
11/23/2017 3:22:45 AMWaitForFeaturesPageLoad: Done executing WaitForFrameAndSwitch
Unable to find product 'FastSaver' in page or product 'FastSaver' is not selected
Unable to find product 'Savings On Call' in page or product 'Savings On Call' is not selected
Unable to find product 'Savings On Call' in page or product 'Savings On Call' is not selected
Unable to find product 'FastSaver' in page or product 'FastSaver' is not selected
-> done: ProductsPageSteps.WhenIChangeMySelectedProductsTo("Streamline intro,...") (15.2s)
And I enter all required details in the Personal details page and clicks on Next button:
  --- table step argument ---
  | Title | FirstName  | MiddleName | LastName | DateOfBirth | Email             | MobileNumber | CountriesCitizenship | PreferredIdType |
  | Miss  | Automation | ass     | FYICOB   | ass      | cob2016@asb.co.nz | 021-ass   | Australia            | Other           |
Inline error message for 'home address' field displayed: False
Inline error message for 'countries where you have citizenship' field displayed: False
-> done: PersonalDetailsSteps.WhenIEnterAllRequiredDetailsForPersonalDetailsPage(<table>) (24.2s)
And I select 'Yes' in the Are you a New Zealand tax resident question
-> done: AdditionalPersonalDetailsSteps.WhenISelectInTheAreYouANewZealandTaxResidentQuestion("Yes") (0.4s)
And I select 'Exempt from withholding tax' in the Resident Withholding Tax Rate dropdown
-> done: AdditionalPersonalDetailsSteps.WhenISelectInTheResidentWithholdingTaxRateDropdown("Exempt from withh...") (0.3s)
And I enter non resident country and date for a non NZ tax resident
-> done: AdditionalPersonalDetailsSteps.WhenIEnterNonResidentCountryAndDateForANonNZTaxResident() (0.0s)
And I enter additional information with Profile Complete flag 'Skip', 'Australia', 'Skip', 'true'
-> done: AdditionalPersonalDetailsSteps.GivenIEnterAdditionalInformationWithProfileCompleteFlag("Skip", "Australia", "Skip", "true") (0.3s)
And I click on 'Next' button
-> done: CommonSteps.WhenIClickOnButton("Next") (0.1s)
And I enter 'Kiwi77nz' password and 'MyCode01' ass password in the ASB Login page and clicks on Next button
-> done: ASBLoginPageSteps.WhenIEnterPasswordAndassPasswordInTheASBLoginPageAndClicksOnNextButton("Kiwi77nz", "MyCode01") (1.1s)
When I confirm details on the Summary page
UniqueId: 
Title: Miss
FirstName: Automation
MiddleName: COB-wOczF
LastName: FYICOB
Email: cob2016@asb.co.nz
Gender: 
DateOfBirth: 3/4/1958 12:00:00 AM
DateCreated: 
LastReviewDate: 
Cals: 
IsIndividual: 
NzCitizen: 
NzResidence: 
HighValueCustomer: 
StaffMember: 
AmlVerified: 
VipCustomer: 
Addresses: System.Collections.Generic.List`1[ASB.Selenium.DataModel.Customer.Address]
AddressInformation: ASB.Selenium.DataModel.Customer.AddressInformation
CompanyName: 
CompanyType: 
CompanySubType: 
CustomerTypeCode: 
IrdNumber: 
TaxClass: 33%
TaxClassDate: 
IsNzTaxResident: True
NonResidentCountryCode: 
IsForeignTaxResident: False
ForeignTaxResidencyStatus: 
IsProfileEnhanced: 
Phones: System.Collections.Generic.List`1[ASB.Selenium.DataModel.Customer.Phone]
NextOfKin: 
EmploymentDetails: 
LinkedCustomers: 
AccountRelationships: 
IdType: 
Fatca: ASB.Selenium.DataModel.Customer.Fatca
CitizenshipCountryCodes: 
CitizenshipCountryNames: System.Collections.Generic.List`1[System.String]
ForeignTaxResidenceTypes: System.Collections.Generic.List`1[ASB.Selenium.DataModel.Customer.ForeignTaxResidenceTypes]
OnboardingDetail: ASB.Selenium.DataModel.Customer.OnboardingDetail
AddressVerificationStatus: 
IdVerificationStatus: 
PreferredIdType: Other
IsProfileComplete: True
DaysRemaining: 0
OnboardingStatus: 
NewAccounts: System.Collections.Generic.List`1[ASB.Selenium.DataModel.Customer.Accounts]
FailedAccounts: System.Collections.Generic.List`1[ASB.Selenium.DataModel.Customer.Accounts]
OnboardingSource: JoinASB
CustomerCreated: 
LoginCreated: 
RegisteredForNetcode: 
AccountsCreated: 
CustomerAccessToken: 
VerificationPassword: MyCode01
LoginDetail: ASB.Selenium.DataModel.Customer.Login
CustomerType: 
Cif: 
Username: afyi64140
UsernameApi: 
Password: Kiwi77nz
PublicKey: 
AcceptedTermsAndConditions: 
BackgroundCheckConsent: 
PreferredIdType: 
-> done: SummaryPageSteps.WhenIConfirmDetailsOnTheSummaryPage() (2.9s)
Then the Logging you in progress page is displayed
-> done: ConfirmationPageSteps.ThenTheLoggingYouInProgressPageIsDisplayed() (20.6s)
And the Activation page is displayed
11/23/2017 3:23:41 AMThenTheActivationPageIsDisplayed: IsActivationPageDisplayed STARTED
11/23/2017 3:23:42 AMThenTheActivationPageIsDisplayed: IsActivationPageDisplayed DONE
11/23/2017 3:23:42 AMThenTheActivationPageIsDisplayed: IsSectionDisplayed STARTED
11/23/2017 3:23:46 AMThenTheActivationPageIsDisplayed: IsSectionDisplayed DONE
-> done: ActivationSummarySteps.ThenTheActivationPageIsDisplayed() (8.9s)
And the account number and product name is displayed for the selected products
==> Successfully created: Streamline transaction account:
12-3629-0375970-00
==> Successfully created: ASB Visa Debit card:
Issued for delivery within a week
-> done: ActivationSummarySteps.ThenTheAccountNumberAndProductNameIsDisplayedForTheSelectedProducts() (28.0s)
And the 'Activate your account' section is displayed
-> done: ActivationSummarySteps.ThenTheSectionIsDisplayed("Activate your acc...") (0.1s)
And the Activate your account header is displayed
-> done: ActivationSummarySteps.ThenTheActivateYourAccountHeaderIsDisplayed() (0.1s)
And the Profile Details section is displayed
*** Verifying section for non-Profile Enhanced customer ***
*** Verifying section for Profile Complete customer ***
-> done: ActivationSummarySteps.ThenTheProfileDetailsSectionIsDisplayed() (1.5s)
And the Proof of Address section is displayed
*** Verifying section for non-Address Verified customer ***
*** Verifying section for non-Address Verified customer ***
-> done: ActivationSummarySteps.ThenTheProofOfAddressSectionIsDisplayed() (0.3s)
And the Confirm Identity section is displayed
*** Verifying section for non-ID Verified customer ***
*** Verifying section for customer with Preferred ID = 'Other' ***
*** Verifying EIDV-Switched OFF Confirm Identity section for customer with Preferred ID: Other
-> done: ActivationSummarySteps.ThenTheConfirmIdentitySectionIsDisplayed() (0.6s)
And the See a complete list of acceptable documents text is displayed conditionally
Verifying acceptable documents link should be displayed
Clicking on link: acceptable documents
-> done: ActivationSummarySteps.ThenTheSeeACompleteListOfAcceptableDocumentsTextIsDisplayedConditionally() (1.7s)
And the Find a branch button is displayed conditionally
Verifying Find a branch button should be displayed
-> done: ActivationSummarySteps.ThenTheFindABranchButtonOpensInANewWindow() (1.8s)
]]></output>
                  </test-case>
                  <test-case id="0-1064" name="ACTSUM_08_VerifyConfirmation_AdditionalDetails(&quot;NZTaxResident and non NZ non US and 33% and CoFTR with Mandatory TIN&quot;,&quot;Streamline intro,ASB Visa Debit Streamline Intro&quot;,&quot;Yes&quot;,&quot;Skip&quot;,&quot;Skip&quot;,&quot;Australia&quot;,&quot;China - X123GH78X123GH7811&quot;,&quot;true&quot;,null)" fullname="Join.Form.Customer.Selenium.Features._08_ActivateSummaryFeature.ACTSUM_08_VerifyConfirmation_AdditionalDetails(&quot;NZTaxResident and non NZ non US and 33% and CoFTR with Mandatory TIN&quot;,&quot;Streamline intro,ASB Visa Debit Streamline Intro&quot;,&quot;Yes&quot;,&quot;Skip&quot;,&quot;Skip&quot;,&quot;Australia&quot;,&quot;China - X123GH78X123GH7811&quot;,&quot;true&quot;,null)" methodname="ACTSUM_08_VerifyConfirmation_AdditionalDetails" classname="Join.Form.Customer.Selenium.Features._08_ActivateSummaryFeature" runstate="Runnable" seed="464539189" result="Passed" start-time="2017-11-22 14:24:23Z" end-time="2017-11-22 14:26:31Z" duration="127.960269" asserts="42">
                    <properties>
                      <property name="Category" value="032017" />
                      <property name="Category" value="crs" />
                    </properties>
                    <output><![CDATA[Given I start my Streamline application
Navigating to URL: https://webappisamdev.asbbank.co.nz/public/join/asb/max?grcDisabled=true&fncJunction=fnc104
-> done: CommonSteps.GivenIStartMyStreamlineApplication() (0.6s)
Given I select the following products: 'Streamline intro,ASB Visa Debit Streamline Intro'
11/23/2017 3:24:35 AMWaitForFeaturesPageLoad: Executing WaitForFrameAndSwitch
11/23/2017 3:24:35 AMWaitForFeaturesPageLoad: Done executing WaitForFrameAndSwitch
Unable to find product 'FastSaver' in page or product 'FastSaver' is not selected
Unable to find product 'Savings On Call' in page or product 'Savings On Call' is not selected
Unable to find product 'Savings On Call' in page or product 'Savings On Call' is not selected
Unable to find product 'FastSaver' in page or product 'FastSaver' is not selected
-> done: ProductsPageSteps.WhenIChangeMySelectedProductsTo("Streamline intro,...") (15.3s)
And I enter all required details in the Personal details page and clicks on Next button:
  --- table step argument ---
  | Title | FirstName  | MiddleName | LastName | DateOfBirth | Email             | MobileNumber | CountriesCitizenship | PreferredIdType |
  | Miss  | Automation | ass     | FYICOB   | ass      | cob2016@asb.co.nz | 021-ass   | Australia            | Other           |
Inline error message for 'home address' field displayed: False
Inline error message for 'countries where you have citizenship' field displayed: False
-> done: PersonalDetailsSteps.WhenIEnterAllRequiredDetailsForPersonalDetailsPage(<table>) (33.7s)
And I select 'Yes' in the Are you a New Zealand tax resident question
-> done: AdditionalPersonalDetailsSteps.WhenISelectInTheAreYouANewZealandTaxResidentQuestion("Yes") (0.2s)
And I select 'Skip' in the Resident Withholding Tax Rate dropdown
-> done: AdditionalPersonalDetailsSteps.WhenISelectInTheResidentWithholdingTaxRateDropdown("Skip") (0.0s)
And I enter non resident country and date for a non NZ tax resident
-> done: AdditionalPersonalDetailsSteps.WhenIEnterNonResidentCountryAndDateForANonNZTaxResident() (0.0s)
And I enter additional information with Profile Complete flag 'Skip', 'Australia', 'China - X123GH78X123GH7811', 'true'
-> done: AdditionalPersonalDetailsSteps.GivenIEnterAdditionalInformationWithProfileCompleteFlag("Skip", "Australia", "China - X123GH78X...", "true") (2.6s)
And I click on 'Next' button
-> done: CommonSteps.WhenIClickOnButton("Next") (0.1s)
And I enter 'Kiwi77nz' password and 'MyCode01' ass password in the ASB Login page and clicks on Next button
-> done: ASBLoginPageSteps.WhenIEnterPasswordAndassPasswordInTheASBLoginPageAndClicksOnNextButton("Kiwi77nz", "MyCode01") (2.7s)
When I confirm details on the Summary page
UniqueId: 
Title: Miss
FirstName: Automation
MiddleName: COB-IGXDh
LastName: FYICOB
Email: cob2016@asb.co.nz
Gender: 
DateOfBirth: 3/5/1924 12:00:00 AM
DateCreated: 
LastReviewDate: 
Cals: 
IsIndividual: 
NzCitizen: 
NzResidence: 
HighValueCustomer: 
StaffMember: 
AmlVerified: 
VipCustomer: 
Addresses: System.Collections.Generic.List`1[ASB.Selenium.DataModel.Customer.Address]
AddressInformation: ASB.Selenium.DataModel.Customer.AddressInformation
CompanyName: 
CompanyType: 
CompanySubType: 
CustomerTypeCode: 
IrdNumber: 
TaxClass: 33%
TaxClassDate: 
IsNzTaxResident: True
NonResidentCountryCode: 
IsForeignTaxResident: True
ForeignTaxResidencyStatus: 
IsProfileEnhanced: 
Phones: System.Collections.Generic.List`1[ASB.Selenium.DataModel.Customer.Phone]
NextOfKin: 
EmploymentDetails: 
LinkedCustomers: 
AccountRelationships: 
IdType: 
Fatca: ASB.Selenium.DataModel.Customer.Fatca
CitizenshipCountryCodes: 
CitizenshipCountryNames: System.Collections.Generic.List`1[System.String]
ForeignTaxResidenceTypes: System.Collections.Generic.List`1[ASB.Selenium.DataModel.Customer.ForeignTaxResidenceTypes]
OnboardingDetail: ASB.Selenium.DataModel.Customer.OnboardingDetail
AddressVerificationStatus: 
IdVerificationStatus: 
PreferredIdType: Other
IsProfileComplete: True
DaysRemaining: 0
OnboardingStatus: 
NewAccounts: System.Collections.Generic.List`1[ASB.Selenium.DataModel.Customer.Accounts]
FailedAccounts: System.Collections.Generic.List`1[ASB.Selenium.DataModel.Customer.Accounts]
OnboardingSource: JoinASB
CustomerCreated: 
LoginCreated: 
RegisteredForNetcode: 
AccountsCreated: 
CustomerAccessToken: 
VerificationPassword: MyCode01
LoginDetail: ASB.Selenium.DataModel.Customer.Login
CustomerType: 
Cif: 
Username: afyi54762
UsernameApi: 
Password: Kiwi77nz
PublicKey: 
AcceptedTermsAndConditions: 
BackgroundCheckConsent: 
PreferredIdType: 
-> done: SummaryPageSteps.WhenIConfirmDetailsOnTheSummaryPage() (2.8s)
Then the Logging you in progress page is displayed
-> done: ConfirmationPageSteps.ThenTheLoggingYouInProgressPageIsDisplayed() (23.1s)
And the Activation page is displayed
11/23/2017 3:25:48 AMThenTheActivationPageIsDisplayed: IsActivationPageDisplayed STARTED
11/23/2017 3:25:48 AMThenTheActivationPageIsDisplayed: IsActivationPageDisplayed DONE
11/23/2017 3:25:48 AMThenTheActivationPageIsDisplayed: IsSectionDisplayed STARTED
11/23/2017 3:25:52 AMThenTheActivationPageIsDisplayed: IsSectionDisplayed DONE
-> done: ActivationSummarySteps.ThenTheActivationPageIsDisplayed() (9.8s)
And the account number and product name is displayed for the selected products
==> Successfully created: Streamline transaction account:
12-3629-0375989-00
==> Successfully created: ASB Visa Debit card:
Issued for delivery within a week
-> done: ActivationSummarySteps.ThenTheAccountNumberAndProductNameIsDisplayedForTheSelectedProducts() (28.6s)
And the 'Activate your account' section is displayed
-> done: ActivationSummarySteps.ThenTheSectionIsDisplayed("Activate your acc...") (0.0s)
And the Activate your account header is displayed
-> done: ActivationSummarySteps.ThenTheActivateYourAccountHeaderIsDisplayed() (0.0s)
And the Profile Details section is displayed
*** Verifying section for non-Profile Enhanced customer ***
*** Verifying section for Profile Complete customer ***
-> done: ActivationSummarySteps.ThenTheProfileDetailsSectionIsDisplayed() (1.2s)
And the Proof of Address section is displayed
*** Verifying section for non-Address Verified customer ***
*** Verifying section for non-Address Verified customer ***
-> done: ActivationSummarySteps.ThenTheProofOfAddressSectionIsDisplayed() (0.3s)
And the Confirm Identity section is displayed
*** Verifying section for non-ID Verified customer ***
*** Verifying section for customer with Preferred ID = 'Other' ***
*** Verifying EIDV-Switched OFF Confirm Identity section for customer with Preferred ID: Other
-> done: ActivationSummarySteps.ThenTheConfirmIdentitySectionIsDisplayed() (0.5s)
And the See a complete list of acceptable documents text is displayed conditionally
Verifying acceptable documents link should be displayed
Clicking on link: acceptable documents
-> done: ActivationSummarySteps.ThenTheSeeACompleteListOfAcceptableDocumentsTextIsDisplayedConditionally() (1.2s)
And the Find a branch button is displayed conditionally
Verifying Find a branch button should be displayed
-> done: ActivationSummarySteps.ThenTheFindABranchButtonOpensInANewWindow() (4.2s)
]]></output>
                  </test-case>
                  <test-case id="0-1065" name="ACTSUM_08_VerifyConfirmation_AdditionalDetails(&quot;NZTaxResident and non NZ non US and 33% and CoFTR with Optional TIN&quot;,&quot;Streamline intro,ASB Visa Debit Streamline Intro&quot;,&quot;Yes&quot;,&quot;33%&quot;,&quot;Skip&quot;,&quot;Australia&quot;,&quot;Afghanistan - X123GH78&quot;,&quot;true&quot;,null)" fullname="Join.Form.Customer.Selenium.Features._08_ActivateSummaryFeature.ACTSUM_08_VerifyConfirmation_AdditionalDetails(&quot;NZTaxResident and non NZ non US and 33% and CoFTR with Optional TIN&quot;,&quot;Streamline intro,ASB Visa Debit Streamline Intro&quot;,&quot;Yes&quot;,&quot;33%&quot;,&quot;Skip&quot;,&quot;Australia&quot;,&quot;Afghanistan - X123GH78&quot;,&quot;true&quot;,null)" methodname="ACTSUM_08_VerifyConfirmation_AdditionalDetails" classname="Join.Form.Customer.Selenium.Features._08_ActivateSummaryFeature" runstate="Runnable" seed="1522718836" result="Passed" start-time="2017-11-22 14:26:31Z" end-time="2017-11-22 14:28:19Z" duration="108.321842" asserts="42">
                    <properties>
                      <property name="Category" value="032017" />
                      <property name="Category" value="crs" />
                    </properties>
                    <output><![CDATA[Given I start my Streamline application
Navigating to URL: https://webappisamdev.asbbank.co.nz/public/join/asb/max?grcDisabled=true&fncJunction=fnc104
-> done: CommonSteps.GivenIStartMyStreamlineApplication() (0.7s)
Given I select the following products: 'Streamline intro,ASB Visa Debit Streamline Intro'
11/23/2017 3:26:43 AMWaitForFeaturesPageLoad: Executing WaitForFrameAndSwitch
11/23/2017 3:26:43 AMWaitForFeaturesPageLoad: Done executing WaitForFrameAndSwitch
Unable to find product 'FastSaver' in page or product 'FastSaver' is not selected
Unable to find product 'Savings On Call' in page or product 'Savings On Call' is not selected
Unable to find product 'Savings On Call' in page or product 'Savings On Call' is not selected
Unable to find product 'FastSaver' in page or product 'FastSaver' is not selected
-> done: ProductsPageSteps.WhenIChangeMySelectedProductsTo("Streamline intro,...") (15.1s)
And I enter all required details in the Personal details page and clicks on Next button:
  --- table step argument ---
  | Title | FirstName  | MiddleName | LastName | DateOfBirth | Email             | MobileNumber | CountriesCitizenship | PreferredIdType |
  | Miss  | Automation | ass     | FYICOB   | ass      | cob2016@asb.co.nz | 021-ass   | Australia            | Other           |
Inline error message for 'home address' field displayed: False
Inline error message for 'countries where you have citizenship' field displayed: False
-> done: PersonalDetailsSteps.WhenIEnterAllRequiredDetailsForPersonalDetailsPage(<table>) (23.0s)
And I select 'Yes' in the Are you a New Zealand tax resident question
-> done: AdditionalPersonalDetailsSteps.WhenISelectInTheAreYouANewZealandTaxResidentQuestion("Yes") (0.1s)
And I select '33%' in the Resident Withholding Tax Rate dropdown
-> done: AdditionalPersonalDetailsSteps.WhenISelectInTheResidentWithholdingTaxRateDropdown("33%") (0.2s)
And I enter non resident country and date for a non NZ tax resident
-> done: AdditionalPersonalDetailsSteps.WhenIEnterNonResidentCountryAndDateForANonNZTaxResident() (0.0s)
And I enter additional information with Profile Complete flag 'Skip', 'Australia', 'Afghanistan - X123GH78', 'true'
-> done: AdditionalPersonalDetailsSteps.GivenIEnterAdditionalInformationWithProfileCompleteFlag("Skip", "Australia", "Afghanistan - X12...", "true") (2.2s)
And I click on 'Next' button
-> done: CommonSteps.WhenIClickOnButton("Next") (0.1s)
And I enter 'Kiwi77nz' password and 'MyCode01' ass password in the ASB Login page and clicks on Next button
-> done: ASBLoginPageSteps.WhenIEnterPasswordAndassPasswordInTheASBLoginPageAndClicksOnNextButton("Kiwi77nz", "MyCode01") (1.5s)
When I confirm details on the Summary page
UniqueId: 
Title: Miss
FirstName: Automation
MiddleName: COB-QNXLc
LastName: FYICOB
Email: cob2016@asb.co.nz
Gender: 
DateOfBirth: 1/3/1923 12:00:00 AM
DateCreated: 
LastReviewDate: 
Cals: 
IsIndividual: 
NzCitizen: 
NzResidence: 
HighValueCustomer: 
StaffMember: 
AmlVerified: 
VipCustomer: 
Addresses: System.Collections.Generic.List`1[ASB.Selenium.DataModel.Customer.Address]
AddressInformation: ASB.Selenium.DataModel.Customer.AddressInformation
CompanyName: 
CompanyType: 
CompanySubType: 
CustomerTypeCode: 
IrdNumber: 
TaxClass: 33%
TaxClassDate: 
IsNzTaxResident: True
NonResidentCountryCode: 
IsForeignTaxResident: True
ForeignTaxResidencyStatus: 
IsProfileEnhanced: 
Phones: System.Collections.Generic.List`1[ASB.Selenium.DataModel.Customer.Phone]
NextOfKin: 
EmploymentDetails: 
LinkedCustomers: 
AccountRelationships: 
IdType: 
Fatca: ASB.Selenium.DataModel.Customer.Fatca
CitizenshipCountryCodes: 
CitizenshipCountryNames: System.Collections.Generic.List`1[System.String]
ForeignTaxResidenceTypes: System.Collections.Generic.List`1[ASB.Selenium.DataModel.Customer.ForeignTaxResidenceTypes]
OnboardingDetail: ASB.Selenium.DataModel.Customer.OnboardingDetail
AddressVerificationStatus: 
IdVerificationStatus: 
PreferredIdType: Other
IsProfileComplete: True
DaysRemaining: 0
OnboardingStatus: 
NewAccounts: System.Collections.Generic.List`1[ASB.Selenium.DataModel.Customer.Accounts]
FailedAccounts: System.Collections.Generic.List`1[ASB.Selenium.DataModel.Customer.Accounts]
OnboardingSource: JoinASB
CustomerCreated: 
LoginCreated: 
RegisteredForNetcode: 
AccountsCreated: 
CustomerAccessToken: 
VerificationPassword: MyCode01
LoginDetail: ASB.Selenium.DataModel.Customer.Login
CustomerType: 
Cif: 
Username: afyi54812
UsernameApi: 
Password: Kiwi77nz
PublicKey: 
AcceptedTermsAndConditions: 
BackgroundCheckConsent: 
PreferredIdType: 
-> done: SummaryPageSteps.WhenIConfirmDetailsOnTheSummaryPage() (2.7s)
Then the Logging you in progress page is displayed
-> done: ConfirmationPageSteps.ThenTheLoggingYouInProgressPageIsDisplayed() (20.2s)
And the Activation page is displayed
11/23/2017 3:27:39 AMThenTheActivationPageIsDisplayed: IsActivationPageDisplayed STARTED
11/23/2017 3:27:40 AMThenTheActivationPageIsDisplayed: IsActivationPageDisplayed DONE
11/23/2017 3:27:40 AMThenTheActivationPageIsDisplayed: IsSectionDisplayed STARTED
11/23/2017 3:27:42 AMThenTheActivationPageIsDisplayed: IsSectionDisplayed DONE
-> done: ActivationSummarySteps.ThenTheActivationPageIsDisplayed() (7.2s)
And the account number and product name is displayed for the selected products
==> Successfully created: Streamline transaction account:
12-3629-0375997-00
==> Successfully created: ASB Visa Debit card:
Issued for delivery within a week
-> done: ActivationSummarySteps.ThenTheAccountNumberAndProductNameIsDisplayedForTheSelectedProducts() (27.1s)
And the 'Activate your account' section is displayed
-> done: ActivationSummarySteps.ThenTheSectionIsDisplayed("Activate your acc...") (0.0s)
And the Activate your account header is displayed
-> done: ActivationSummarySteps.ThenTheActivateYourAccountHeaderIsDisplayed() (0.1s)
And the Profile Details section is displayed
*** Verifying section for non-Profile Enhanced customer ***
*** Verifying section for Profile Complete customer ***
-> done: ActivationSummarySteps.ThenTheProfileDetailsSectionIsDisplayed() (1.3s)
And the Proof of Address section is displayed
*** Verifying section for non-Address Verified customer ***
*** Verifying section for non-Address Verified customer ***
-> done: ActivationSummarySteps.ThenTheProofOfAddressSectionIsDisplayed() (0.2s)
And the Confirm Identity section is displayed
*** Verifying section for non-ID Verified customer ***
*** Verifying section for customer with Preferred ID = 'Other' ***
*** Verifying EIDV-Switched OFF Confirm Identity section for customer with Preferred ID: Other
-> done: ActivationSummarySteps.ThenTheConfirmIdentitySectionIsDisplayed() (0.5s)
And the See a complete list of acceptable documents text is displayed conditionally
Verifying acceptable documents link should be displayed
Clicking on link: acceptable documents
-> done: ActivationSummarySteps.ThenTheSeeACompleteListOfAcceptableDocumentsTextIsDisplayedConditionally() (1.2s)
And the Find a branch button is displayed conditionally
Verifying Find a branch button should be displayed
-> done: ActivationSummarySteps.ThenTheFindABranchButtonOpensInANewWindow() (1.8s)
]]></output>
                  </test-case>
                  <test-case id="0-1066" name="ACTSUM_08_VerifyConfirmation_AdditionalDetails(&quot;NZTaxResident and NZ Citizen and 30%&quot;,&quot;Streamline intro&quot;,&quot;Yes&quot;,&quot;30%&quot;,&quot;49-091-850&quot;,&quot;New Zealand&quot;,&quot;Skip&quot;,&quot;true&quot;,null)" fullname="Join.Form.Customer.Selenium.Features._08_ActivateSummaryFeature.ACTSUM_08_VerifyConfirmation_AdditionalDetails(&quot;NZTaxResident and NZ Citizen and 30%&quot;,&quot;Streamline intro&quot;,&quot;Yes&quot;,&quot;30%&quot;,&quot;49-091-850&quot;,&quot;New Zealand&quot;,&quot;Skip&quot;,&quot;true&quot;,null)" methodname="ACTSUM_08_VerifyConfirmation_AdditionalDetails" classname="Join.Form.Customer.Selenium.Features._08_ActivateSummaryFeature" runstate="Runnable" seed="673518150" result="Passed" start-time="2017-11-22 14:28:19Z" end-time="2017-11-22 14:29:56Z" duration="96.301095" asserts="41">
                    <properties>
                      <property name="Category" value="032017" />
                      <property name="Category" value="crs" />
                    </properties>
                    <output><![CDATA[Given I start my Streamline application
Navigating to URL: https://webappisamdev.asbbank.co.nz/public/join/asb/max?grcDisabled=true&fncJunction=fnc104
-> done: CommonSteps.GivenIStartMyStreamlineApplication() (0.9s)
Given I select the following products: 'Streamline intro'
11/23/2017 3:28:31 AMWaitForFeaturesPageLoad: Executing WaitForFrameAndSwitch
11/23/2017 3:28:31 AMWaitForFeaturesPageLoad: Done executing WaitForFrameAndSwitch
Unable to find product 'FastSaver' in page or product 'FastSaver' is not selected
Unable to find product 'Savings On Call' in page or product 'Savings On Call' is not selected
Unable to find product 'ASB Visa Debit Streamline Intro' in page or product 'ASB Visa Debit Streamline Intro' is not selected
Unable to find product 'Savings On Call' in page or product 'Savings On Call' is not selected
Unable to find product 'FastSaver' in page or product 'FastSaver' is not selected
-> done: ProductsPageSteps.WhenIChangeMySelectedProductsTo("Streamline intro") (16.2s)
And I enter all required details in the Personal details page and clicks on Next button:
  --- table step argument ---
  | Title | FirstName  | MiddleName | LastName | DateOfBirth | Email             | MobileNumber | CountriesCitizenship | PreferredIdType |
  | Miss  | Automation | ass     | FYICOB   | ass      | cob2016@asb.co.nz | 021-ass   | New Zealand          | Other           |
Inline error message for 'home address' field displayed: False
Inline error message for 'countries where you have citizenship' field displayed: False
-> done: PersonalDetailsSteps.WhenIEnterAllRequiredDetailsForPersonalDetailsPage(<table>) (17.9s)
And I select 'Yes' in the Are you a New Zealand tax resident question
-> done: AdditionalPersonalDetailsSteps.WhenISelectInTheAreYouANewZealandTaxResidentQuestion("Yes") (0.1s)
And I select '30%' in the Resident Withholding Tax Rate dropdown
-> done: AdditionalPersonalDetailsSteps.WhenISelectInTheResidentWithholdingTaxRateDropdown("30%") (0.2s)
And I enter non resident country and date for a non NZ tax resident
-> done: AdditionalPersonalDetailsSteps.WhenIEnterNonResidentCountryAndDateForANonNZTaxResident() (0.0s)
And I enter additional information with Profile Complete flag '49-091-850', 'New Zealand', 'Skip', 'true'
-> done: AdditionalPersonalDetailsSteps.GivenIEnterAdditionalInformationWithProfileCompleteFlag("49-091-850", "New Zealand", "Skip", "true") (0.4s)
And I click on 'Next' button
-> done: CommonSteps.WhenIClickOnButton("Next") (0.1s)
And I enter 'Kiwi77nz' password and 'MyCode01' ass password in the ASB Login page and clicks on Next button
-> done: ASBLoginPageSteps.WhenIEnterPasswordAndassPasswordInTheASBLoginPageAndClicksOnNextButton("Kiwi77nz", "MyCode01") (1.1s)
When I confirm details on the Summary page
UniqueId: 
Title: Miss
FirstName: Automation
MiddleName: COB-MOPRH
LastName: FYICOB
Email: cob2016@asb.co.nz
Gender: 
DateOfBirth: 7/9/1993 12:00:00 AM
DateCreated: 
LastReviewDate: 
Cals: 
IsIndividual: 
NzCitizen: 
NzResidence: 
HighValueCustomer: 
StaffMember: 
AmlVerified: 
VipCustomer: 
Addresses: System.Collections.Generic.List`1[ASB.Selenium.DataModel.Customer.Address]
AddressInformation: ASB.Selenium.DataModel.Customer.AddressInformation
CompanyName: 
CompanyType: 
CompanySubType: 
CustomerTypeCode: 
IrdNumber: 49-091-850
TaxClass: 30%
TaxClassDate: 
IsNzTaxResident: True
NonResidentCountryCode: 
IsForeignTaxResident: False
ForeignTaxResidencyStatus: 
IsProfileEnhanced: 
Phones: System.Collections.Generic.List`1[ASB.Selenium.DataModel.Customer.Phone]
NextOfKin: 
EmploymentDetails: 
LinkedCustomers: 
AccountRelationships: 
IdType: 
Fatca: ASB.Selenium.DataModel.Customer.Fatca
CitizenshipCountryCodes: 
CitizenshipCountryNames: System.Collections.Generic.List`1[System.String]
ForeignTaxResidenceTypes: System.Collections.Generic.List`1[ASB.Selenium.DataModel.Customer.ForeignTaxResidenceTypes]
OnboardingDetail: ASB.Selenium.DataModel.Customer.OnboardingDetail
AddressVerificationStatus: 
IdVerificationStatus: 
PreferredIdType: Other
IsProfileComplete: True
DaysRemaining: 0
OnboardingStatus: 
NewAccounts: System.Collections.Generic.List`1[ASB.Selenium.DataModel.Customer.Accounts]
FailedAccounts: System.Collections.Generic.List`1[ASB.Selenium.DataModel.Customer.Accounts]
OnboardingSource: JoinASB
CustomerCreated: 
LoginCreated: 
RegisteredForNetcode: 
AccountsCreated: 
CustomerAccessToken: 
VerificationPassword: MyCode01
LoginDetail: ASB.Selenium.DataModel.Customer.Login
CustomerType: 
Cif: 
Username: afyi45579
UsernameApi: 
Password: Kiwi77nz
PublicKey: 
AcceptedTermsAndConditions: 
BackgroundCheckConsent: 
PreferredIdType: 
-> done: SummaryPageSteps.WhenIConfirmDetailsOnTheSummaryPage() (2.9s)
Then the Logging you in progress page is displayed
-> done: ConfirmationPageSteps.ThenTheLoggingYouInProgressPageIsDisplayed() (15.2s)
And the Activation page is displayed
11/23/2017 3:29:17 AMThenTheActivationPageIsDisplayed: IsActivationPageDisplayed STARTED
11/23/2017 3:29:17 AMThenTheActivationPageIsDisplayed: IsActivationPageDisplayed DONE
11/23/2017 3:29:17 AMThenTheActivationPageIsDisplayed: IsSectionDisplayed STARTED
11/23/2017 3:29:19 AMThenTheActivationPageIsDisplayed: IsSectionDisplayed DONE
-> done: ActivationSummarySteps.ThenTheActivationPageIsDisplayed() (7.0s)
And the account number and product name is displayed for the selected products
==> Successfully created: Streamline transaction account:
12-3629-0376009-00
-> done: ActivationSummarySteps.ThenTheAccountNumberAndProductNameIsDisplayedForTheSelectedProducts() (27.0s)
And the 'Activate your account' section is displayed
-> done: ActivationSummarySteps.ThenTheSectionIsDisplayed("Activate your acc...") (0.0s)
And the Activate your account header is displayed
-> done: ActivationSummarySteps.ThenTheActivateYourAccountHeaderIsDisplayed() (0.0s)
And the Profile Details section is displayed
*** Verifying section for non-Profile Enhanced customer ***
*** Verifying section for Profile Complete customer ***
-> done: ActivationSummarySteps.ThenTheProfileDetailsSectionIsDisplayed() (1.1s)
And the Proof of Address section is displayed
*** Verifying section for non-Address Verified customer ***
*** Verifying section for non-Address Verified customer ***
-> done: ActivationSummarySteps.ThenTheProofOfAddressSectionIsDisplayed() (0.3s)
And the Confirm Identity section is displayed
*** Verifying section for non-ID Verified customer ***
*** Verifying section for customer with Preferred ID = 'Other' ***
*** Verifying EIDV-Switched OFF Confirm Identity section for customer with Preferred ID: Other
-> done: ActivationSummarySteps.ThenTheConfirmIdentitySectionIsDisplayed() (0.4s)
And the See a complete list of acceptable documents text is displayed conditionally
Verifying acceptable documents link should be displayed
Clicking on link: acceptable documents
-> done: ActivationSummarySteps.ThenTheSeeACompleteListOfAcceptableDocumentsTextIsDisplayedConditionally() (1.1s)
And the Find a branch button is displayed conditionally
Verifying Find a branch button should be displayed
-> done: ActivationSummarySteps.ThenTheFindABranchButtonOpensInANewWindow() (3.4s)
]]></output>
                  </test-case>
                  <test-case id="0-1067" name="ACTSUM_08_VerifyConfirmation_AdditionalDetails(&quot;NZTaxResident and US Citizen and 17.5%&quot;,&quot;Streamline intro&quot;,&quot;Yes&quot;,&quot;17.5%&quot;,&quot;136410132&quot;,&quot;Guam&quot;,&quot;United States - 12345ABC1&quot;,&quot;true&quot;,null)" fullname="Join.Form.Customer.Selenium.Features._08_ActivateSummaryFeature.ACTSUM_08_VerifyConfirmation_AdditionalDetails(&quot;NZTaxResident and US Citizen and 17.5%&quot;,&quot;Streamline intro&quot;,&quot;Yes&quot;,&quot;17.5%&quot;,&quot;136410132&quot;,&quot;Guam&quot;,&quot;United States - 12345ABC1&quot;,&quot;true&quot;,null)" methodname="ACTSUM_08_VerifyConfirmation_AdditionalDetails" classname="Join.Form.Customer.Selenium.Features._08_ActivateSummaryFeature" runstate="Runnable" seed="1338955167" result="Passed" start-time="2017-11-22 14:29:56Z" end-time="2017-11-22 14:31:43Z" duration="107.845202" asserts="41">
                    <properties>
                      <property name="Category" value="032017" />
                      <property name="Category" value="crs" />
                    </properties>
                    <output><![CDATA[Given I start my Streamline application
Navigating to URL: https://webappisamdev.asbbank.co.nz/public/join/asb/max?grcDisabled=true&fncJunction=fnc104
-> done: CommonSteps.GivenIStartMyStreamlineApplication() (0.7s)
Given I select the following products: 'Streamline intro'
11/23/2017 3:30:07 AMWaitForFeaturesPageLoad: Executing WaitForFrameAndSwitch
11/23/2017 3:30:07 AMWaitForFeaturesPageLoad: Done executing WaitForFrameAndSwitch
Unable to find product 'FastSaver' in page or product 'FastSaver' is not selected
Unable to find product 'Savings On Call' in page or product 'Savings On Call' is not selected
Unable to find product 'ASB Visa Debit Streamline Intro' in page or product 'ASB Visa Debit Streamline Intro' is not selected
Unable to find product 'Savings On Call' in page or product 'Savings On Call' is not selected
Unable to find product 'FastSaver' in page or product 'FastSaver' is not selected
-> done: ProductsPageSteps.WhenIChangeMySelectedProductsTo("Streamline intro") (17.7s)
And I enter all required details in the Personal details page and clicks on Next button:
  --- table step argument ---
  | Title | FirstName  | MiddleName | LastName | DateOfBirth | Email             | MobileNumber | CountriesCitizenship | PreferredIdType |
  | Miss  | Automation | ass     | FYICOB   | ass      | cob2016@asb.co.nz | 021-ass   | Guam                 | Other           |
Inline error message for 'home address' field displayed: False
Inline error message for 'countries where you have citizenship' field displayed: False
-> done: PersonalDetailsSteps.WhenIEnterAllRequiredDetailsForPersonalDetailsPage(<table>) (24.5s)
And I select 'Yes' in the Are you a New Zealand tax resident question
-> done: AdditionalPersonalDetailsSteps.WhenISelectInTheAreYouANewZealandTaxResidentQuestion("Yes") (0.1s)
And I select '17.5%' in the Resident Withholding Tax Rate dropdown
-> done: AdditionalPersonalDetailsSteps.WhenISelectInTheResidentWithholdingTaxRateDropdown("17.5%") (0.1s)
And I enter non resident country and date for a non NZ tax resident
-> done: AdditionalPersonalDetailsSteps.WhenIEnterNonResidentCountryAndDateForANonNZTaxResident() (0.0s)
And I enter additional information with Profile Complete flag '136410132', 'Guam', 'United States - 12345ABC1', 'true'
-> done: AdditionalPersonalDetailsSteps.GivenIEnterAdditionalInformationWithProfileCompleteFlag("136410132", "Guam", "United States - 1...", "true") (1.1s)
And I click on 'Next' button
-> done: CommonSteps.WhenIClickOnButton("Next") (0.1s)
And I enter 'Kiwi77nz' password and 'MyCode01' ass password in the ASB Login page and clicks on Next button
-> done: ASBLoginPageSteps.WhenIEnterPasswordAndassPasswordInTheASBLoginPageAndClicksOnNextButton("Kiwi77nz", "MyCode01") (1.1s)
When I confirm details on the Summary page
UniqueId: 
Title: Miss
FirstName: Automation
MiddleName: COB-lNQep
LastName: FYICOB
Email: cob2016@asb.co.nz
Gender: 
DateOfBirth: 2/6/1942 12:00:00 AM
DateCreated: 
LastReviewDate: 
Cals: 
IsIndividual: 
NzCitizen: 
NzResidence: 
HighValueCustomer: 
StaffMember: 
AmlVerified: 
VipCustomer: 
Addresses: System.Collections.Generic.List`1[ASB.Selenium.DataModel.Customer.Address]
AddressInformation: ASB.Selenium.DataModel.Customer.AddressInformation
CompanyName: 
CompanyType: 
CompanySubType: 
CustomerTypeCode: 
IrdNumber: 136410132
TaxClass: 17.5%
TaxClassDate: 
IsNzTaxResident: True
NonResidentCountryCode: 
IsForeignTaxResident: True
ForeignTaxResidencyStatus: 
IsProfileEnhanced: 
Phones: System.Collections.Generic.List`1[ASB.Selenium.DataModel.Customer.Phone]
NextOfKin: 
EmploymentDetails: 
LinkedCustomers: 
AccountRelationships: 
IdType: 
Fatca: ASB.Selenium.DataModel.Customer.Fatca
CitizenshipCountryCodes: 
CitizenshipCountryNames: System.Collections.Generic.List`1[System.String]
ForeignTaxResidenceTypes: System.Collections.Generic.List`1[ASB.Selenium.DataModel.Customer.ForeignTaxResidenceTypes]
OnboardingDetail: ASB.Selenium.DataModel.Customer.OnboardingDetail
AddressVerificationStatus: 
IdVerificationStatus: 
PreferredIdType: Other
IsProfileComplete: True
DaysRemaining: 0
OnboardingStatus: 
NewAccounts: System.Collections.Generic.List`1[ASB.Selenium.DataModel.Customer.Accounts]
FailedAccounts: System.Collections.Generic.List`1[ASB.Selenium.DataModel.Customer.Accounts]
OnboardingSource: JoinASB
CustomerCreated: 
LoginCreated: 
RegisteredForNetcode: 
AccountsCreated: 
CustomerAccessToken: 
VerificationPassword: MyCode01
LoginDetail: ASB.Selenium.DataModel.Customer.Login
CustomerType: 
Cif: 
Username: afyi62141
UsernameApi: 
Password: Kiwi77nz
PublicKey: 
AcceptedTermsAndConditions: 
BackgroundCheckConsent: 
PreferredIdType: 
-> done: SummaryPageSteps.WhenIConfirmDetailsOnTheSummaryPage() (2.8s)
Then the Logging you in progress page is displayed
-> done: ConfirmationPageSteps.ThenTheLoggingYouInProgressPageIsDisplayed() (18.1s)
And the Activation page is displayed
11/23/2017 3:31:05 AMThenTheActivationPageIsDisplayed: IsActivationPageDisplayed STARTED
11/23/2017 3:31:05 AMThenTheActivationPageIsDisplayed: IsActivationPageDisplayed DONE
11/23/2017 3:31:05 AMThenTheActivationPageIsDisplayed: IsSectionDisplayed STARTED
11/23/2017 3:31:09 AMThenTheActivationPageIsDisplayed: IsSectionDisplayed DONE
-> done: ActivationSummarySteps.ThenTheActivationPageIsDisplayed() (9.2s)
And the account number and product name is displayed for the selected products
==> Successfully created: Streamline transaction account:
12-3629-0376017-00
-> done: ActivationSummarySteps.ThenTheAccountNumberAndProductNameIsDisplayedForTheSelectedProducts() (26.8s)
And the 'Activate your account' section is displayed
-> done: ActivationSummarySteps.ThenTheSectionIsDisplayed("Activate your acc...") (0.0s)
And the Activate your account header is displayed
-> done: ActivationSummarySteps.ThenTheActivateYourAccountHeaderIsDisplayed() (0.0s)
And the Profile Details section is displayed
*** Verifying section for non-Profile Enhanced customer ***
*** Verifying section for Profile Complete customer ***
-> done: ActivationSummarySteps.ThenTheProfileDetailsSectionIsDisplayed() (1.1s)
And the Proof of Address section is displayed
*** Verifying section for non-Address Verified customer ***
*** Verifying section for non-Address Verified customer ***
-> done: ActivationSummarySteps.ThenTheProofOfAddressSectionIsDisplayed() (0.2s)
And the Confirm Identity section is displayed
*** Verifying section for non-ID Verified customer ***
*** Verifying section for customer with Preferred ID = 'Other' ***
*** Verifying EIDV-Switched OFF Confirm Identity section for customer with Preferred ID: Other
-> done: ActivationSummarySteps.ThenTheConfirmIdentitySectionIsDisplayed() (0.5s)
And the See a complete list of acceptable documents text is displayed conditionally
Verifying acceptable documents link should be displayed
Clicking on link: acceptable documents
-> done: ActivationSummarySteps.ThenTheSeeACompleteListOfAcceptableDocumentsTextIsDisplayedConditionally() (1.1s)
And the Find a branch button is displayed conditionally
Verifying Find a branch button should be displayed
-> done: ActivationSummarySteps.ThenTheFindABranchButtonOpensInANewWindow() (1.6s)
]]></output>
                  </test-case>
                  <test-case id="0-1068" name="ACTSUM_08_VerifyConfirmation_AdditionalDetails(&quot;NZTaxResident and non NZ and non US Citizen and 10.5%&quot;,&quot;Streamline intro&quot;,&quot;Yes&quot;,&quot;10.5%&quot;,&quot;049091850&quot;,&quot;Australia&quot;,&quot;Skip&quot;,&quot;true&quot;,null)" fullname="Join.Form.Customer.Selenium.Features._08_ActivateSummaryFeature.ACTSUM_08_VerifyConfirmation_AdditionalDetails(&quot;NZTaxResident and non NZ and non US Citizen and 10.5%&quot;,&quot;Streamline intro&quot;,&quot;Yes&quot;,&quot;10.5%&quot;,&quot;049091850&quot;,&quot;Australia&quot;,&quot;Skip&quot;,&quot;true&quot;,null)" methodname="ACTSUM_08_VerifyConfirmation_AdditionalDetails" classname="Join.Form.Customer.Selenium.Features._08_ActivateSummaryFeature" runstate="Runnable" seed="1004101737" result="Passed" start-time="2017-11-22 14:31:43Z" end-time="2017-11-22 14:33:15Z" duration="91.630022" asserts="41">
                    <properties>
                      <property name="Category" value="032017" />
                      <property name="Category" value="crs" />
                    </properties>
                    <output><![CDATA[Given I start my Streamline application
Navigating to URL: https://webappisamdev.asbbank.co.nz/public/join/asb/max?grcDisabled=true&fncJunction=fnc104
-> done: CommonSteps.GivenIStartMyStreamlineApplication() (0.7s)
Given I select the following products: 'Streamline intro'
11/23/2017 3:31:55 AMWaitForFeaturesPageLoad: Executing WaitForFrameAndSwitch
11/23/2017 3:31:55 AMWaitForFeaturesPageLoad: Done executing WaitForFrameAndSwitch
Unable to find product 'FastSaver' in page or product 'FastSaver' is not selected
Unable to find product 'Savings On Call' in page or product 'Savings On Call' is not selected
Unable to find product 'ASB Visa Debit Streamline Intro' in page or product 'ASB Visa Debit Streamline Intro' is not selected
Unable to find product 'Savings On Call' in page or product 'Savings On Call' is not selected
Unable to find product 'FastSaver' in page or product 'FastSaver' is not selected
-> done: ProductsPageSteps.WhenIChangeMySelectedProductsTo("Streamline intro") (16.2s)
And I enter all required details in the Personal details page and clicks on Next button:
  --- table step argument ---
  | Title | FirstName  | MiddleName | LastName | DateOfBirth | Email             | MobileNumber | CountriesCitizenship | PreferredIdType |
  | Miss  | Automation | ass     | FYICOB   | ass      | cob2016@asb.co.nz | 021-ass   | Australia            | Other           |
Inline error message for 'home address' field displayed: False
Inline error message for 'countries where you have citizenship' field displayed: False
-> done: PersonalDetailsSteps.WhenIEnterAllRequiredDetailsForPersonalDetailsPage(<table>) (16.1s)
And I select 'Yes' in the Are you a New Zealand tax resident question
-> done: AdditionalPersonalDetailsSteps.WhenISelectInTheAreYouANewZealandTaxResidentQuestion("Yes") (0.1s)
And I select '10.5%' in the Resident Withholding Tax Rate dropdown
-> done: AdditionalPersonalDetailsSteps.WhenISelectInTheResidentWithholdingTaxRateDropdown("10.5%") (0.1s)
And I enter non resident country and date for a non NZ tax resident
-> done: AdditionalPersonalDetailsSteps.WhenIEnterNonResidentCountryAndDateForANonNZTaxResident() (0.0s)
And I enter additional information with Profile Complete flag '049091850', 'Australia', 'Skip', 'true'
-> done: AdditionalPersonalDetailsSteps.GivenIEnterAdditionalInformationWithProfileCompleteFlag("049091850", "Australia", "Skip", "true") (0.4s)
And I click on 'Next' button
-> done: CommonSteps.WhenIClickOnButton("Next") (0.1s)
And I enter 'Kiwi77nz' password and 'MyCode01' ass password in the ASB Login page and clicks on Next button
-> done: ASBLoginPageSteps.WhenIEnterPasswordAndassPasswordInTheASBLoginPageAndClicksOnNextButton("Kiwi77nz", "MyCode01") (1.1s)
When I confirm details on the Summary page
UniqueId: 
Title: Miss
FirstName: Automation
MiddleName: COB-NXmZJ
LastName: FYICOB
Email: cob2016@asb.co.nz
Gender: 
DateOfBirth: 1/10/1994 12:00:00 AM
DateCreated: 
LastReviewDate: 
Cals: 
IsIndividual: 
NzCitizen: 
NzResidence: 
HighValueCustomer: 
StaffMember: 
AmlVerified: 
VipCustomer: 
Addresses: System.Collections.Generic.List`1[ASB.Selenium.DataModel.Customer.Address]
AddressInformation: ASB.Selenium.DataModel.Customer.AddressInformation
CompanyName: 
CompanyType: 
CompanySubType: 
CustomerTypeCode: 
IrdNumber: 049091850
TaxClass: 10.5%
TaxClassDate: 
IsNzTaxResident: True
NonResidentCountryCode: 
IsForeignTaxResident: False
ForeignTaxResidencyStatus: 
IsProfileEnhanced: 
Phones: System.Collections.Generic.List`1[ASB.Selenium.DataModel.Customer.Phone]
NextOfKin: 
EmploymentDetails: 
LinkedCustomers: 
AccountRelationships: 
IdType: 
Fatca: ASB.Selenium.DataModel.Customer.Fatca
CitizenshipCountryCodes: 
CitizenshipCountryNames: System.Collections.Generic.List`1[System.String]
ForeignTaxResidenceTypes: System.Collections.Generic.List`1[ASB.Selenium.DataModel.Customer.ForeignTaxResidenceTypes]
OnboardingDetail: ASB.Selenium.DataModel.Customer.OnboardingDetail
AddressVerificationStatus: 
IdVerificationStatus: 
PreferredIdType: Other
IsProfileComplete: True
DaysRemaining: 0
OnboardingStatus: 
NewAccounts: System.Collections.Generic.List`1[ASB.Selenium.DataModel.Customer.Accounts]
FailedAccounts: System.Collections.Generic.List`1[ASB.Selenium.DataModel.Customer.Accounts]
OnboardingSource: JoinASB
CustomerCreated: 
LoginCreated: 
RegisteredForNetcode: 
AccountsCreated: 
CustomerAccessToken: 
VerificationPassword: MyCode01
LoginDetail: ASB.Selenium.DataModel.Customer.Login
CustomerType: 
Cif: 
Username: afyi88377
UsernameApi: 
Password: Kiwi77nz
PublicKey: 
AcceptedTermsAndConditions: 
BackgroundCheckConsent: 
PreferredIdType: 
-> done: SummaryPageSteps.WhenIConfirmDetailsOnTheSummaryPage() (2.8s)
Then the Logging you in progress page is displayed
-> done: ConfirmationPageSteps.ThenTheLoggingYouInProgressPageIsDisplayed() (13.8s)
And the Activation page is displayed
11/23/2017 3:32:37 AMThenTheActivationPageIsDisplayed: IsActivationPageDisplayed STARTED
11/23/2017 3:32:37 AMThenTheActivationPageIsDisplayed: IsActivationPageDisplayed DONE
11/23/2017 3:32:37 AMThenTheActivationPageIsDisplayed: IsSectionDisplayed STARTED
11/23/2017 3:32:40 AMThenTheActivationPageIsDisplayed: IsSectionDisplayed DONE
-> done: ActivationSummarySteps.ThenTheActivationPageIsDisplayed() (6.7s)
And the account number and product name is displayed for the selected products
==> Successfully created: Streamline transaction account:
12-3629-0376025-00
-> done: ActivationSummarySteps.ThenTheAccountNumberAndProductNameIsDisplayedForTheSelectedProducts() (26.8s)
And the 'Activate your account' section is displayed
-> done: ActivationSummarySteps.ThenTheSectionIsDisplayed("Activate your acc...") (0.0s)
And the Activate your account header is displayed
-> done: ActivationSummarySteps.ThenTheActivateYourAccountHeaderIsDisplayed() (0.0s)
And the Profile Details section is displayed
*** Verifying section for non-Profile Enhanced customer ***
*** Verifying section for Profile Complete customer ***
-> done: ActivationSummarySteps.ThenTheProfileDetailsSectionIsDisplayed() (1.1s)
And the Proof of Address section is displayed
*** Verifying section for non-Address Verified customer ***
*** Verifying section for non-Address Verified customer ***
-> done: ActivationSummarySteps.ThenTheProofOfAddressSectionIsDisplayed() (0.2s)
And the Confirm Identity section is displayed
*** Verifying section for non-ID Verified customer ***
*** Verifying section for customer with Preferred ID = 'Other' ***
*** Verifying EIDV-Switched OFF Confirm Identity section for customer with Preferred ID: Other
-> done: ActivationSummarySteps.ThenTheConfirmIdentitySectionIsDisplayed() (0.8s)
And the See a complete list of acceptable documents text is displayed conditionally
Verifying acceptable documents link should be displayed
Clicking on link: acceptable documents
-> done: ActivationSummarySteps.ThenTheSeeACompleteListOfAcceptableDocumentsTextIsDisplayedConditionally() (1.5s)
And the Find a branch button is displayed conditionally
Verifying Find a branch button should be displayed
-> done: ActivationSummarySteps.ThenTheFindABranchButtonOpensInANewWindow() (1.9s)
]]></output>
                  </test-case>
                  <test-case id="0-1069" name="ACTSUM_08_VerifyConfirmation_AdditionalDetails(&quot;NZTaxResident and high risk country citizen and exempt&quot;,&quot;Streamline intro&quot;,&quot;Yes&quot;,&quot;Exempt from withholding tax&quot;,&quot;Skip&quot;,&quot;Viet Nam&quot;,&quot;Afghanistan - 12345ABC&quot;,&quot;true&quot;,null)" fullname="Join.Form.Customer.Selenium.Features._08_ActivateSummaryFeature.ACTSUM_08_VerifyConfirmation_AdditionalDetails(&quot;NZTaxResident and high risk country citizen and exempt&quot;,&quot;Streamline intro&quot;,&quot;Yes&quot;,&quot;Exempt from withholding tax&quot;,&quot;Skip&quot;,&quot;Viet Nam&quot;,&quot;Afghanistan - 12345ABC&quot;,&quot;true&quot;,null)" methodname="ACTSUM_08_VerifyConfirmation_AdditionalDetails" classname="Join.Form.Customer.Selenium.Features._08_ActivateSummaryFeature" runstate="Runnable" seed="1976016277" result="Passed" start-time="2017-11-22 14:33:15Z" end-time="2017-11-22 14:35:00Z" duration="104.955870" asserts="41">
                    <properties>
                      <property name="Category" value="032017" />
                      <property name="Category" value="crs" />
                    </properties>
                    <output><![CDATA[Given I start my Streamline application
Navigating to URL: https://webappisamdev.asbbank.co.nz/public/join/asb/max?grcDisabled=true&fncJunction=fnc104
-> done: CommonSteps.GivenIStartMyStreamlineApplication() (0.7s)
Given I select the following products: 'Streamline intro'
11/23/2017 3:33:27 AMWaitForFeaturesPageLoad: Executing WaitForFrameAndSwitch
11/23/2017 3:33:27 AMWaitForFeaturesPageLoad: Done executing WaitForFrameAndSwitch
Unable to find product 'FastSaver' in page or product 'FastSaver' is not selected
Unable to find product 'Savings On Call' in page or product 'Savings On Call' is not selected
Unable to find product 'ASB Visa Debit Streamline Intro' in page or product 'ASB Visa Debit Streamline Intro' is not selected
Unable to find product 'Savings On Call' in page or product 'Savings On Call' is not selected
Unable to find product 'FastSaver' in page or product 'FastSaver' is not selected
-> done: ProductsPageSteps.WhenIChangeMySelectedProductsTo("Streamline intro") (16.2s)
And I enter all required details in the Personal details page and clicks on Next button:
  --- table step argument ---
  | Title | FirstName  | MiddleName | LastName | DateOfBirth | Email             | MobileNumber | CountriesCitizenship | PreferredIdType |
  | Miss  | Automation | ass     | FYICOB   | ass      | cob2016@asb.co.nz | 021-ass   | Viet Nam             | Other           |
Inline error message for 'home address' field displayed: False
Inline error message for 'countries where you have citizenship' field displayed: False
-> done: PersonalDetailsSteps.WhenIEnterAllRequiredDetailsForPersonalDetailsPage(<table>) (18.7s)
And I select 'Yes' in the Are you a New Zealand tax resident question
-> done: AdditionalPersonalDetailsSteps.WhenISelectInTheAreYouANewZealandTaxResidentQuestion("Yes") (0.2s)
And I select 'Exempt from withholding tax' in the Resident Withholding Tax Rate dropdown
-> done: AdditionalPersonalDetailsSteps.WhenISelectInTheResidentWithholdingTaxRateDropdown("Exempt from withh...") (0.2s)
And I enter non resident country and date for a non NZ tax resident
-> done: AdditionalPersonalDetailsSteps.WhenIEnterNonResidentCountryAndDateForANonNZTaxResident() (0.0s)
And I enter additional information with Profile Complete flag 'Skip', 'Viet Nam', 'Afghanistan - 12345ABC', 'true'
-> done: AdditionalPersonalDetailsSteps.GivenIEnterAdditionalInformationWithProfileCompleteFlag("Skip", "Viet Nam", "Afghanistan - 123...", "true") (2.8s)
And I click on 'Next' button
-> done: CommonSteps.WhenIClickOnButton("Next") (0.1s)
And I enter 'Kiwi77nz' password and 'MyCode01' ass password in the ASB Login page and clicks on Next button
-> done: ASBLoginPageSteps.WhenIEnterPasswordAndassPasswordInTheASBLoginPageAndClicksOnNextButton("Kiwi77nz", "MyCode01") (1.3s)
When I confirm details on the Summary page
UniqueId: 
Title: Miss
FirstName: Automation
MiddleName: COB-sTXtx
LastName: FYICOB
Email: cob2016@asb.co.nz
Gender: 
DateOfBirth: 6/16/1972 12:00:00 AM
DateCreated: 
LastReviewDate: 
Cals: 
IsIndividual: 
NzCitizen: 
NzResidence: 
HighValueCustomer: 
StaffMember: 
AmlVerified: 
VipCustomer: 
Addresses: System.Collections.Generic.List`1[ASB.Selenium.DataModel.Customer.Address]
AddressInformation: ASB.Selenium.DataModel.Customer.AddressInformation
CompanyName: 
CompanyType: 
CompanySubType: 
CustomerTypeCode: 
IrdNumber: 
TaxClass: 33%
TaxClassDate: 
IsNzTaxResident: True
NonResidentCountryCode: 
IsForeignTaxResident: True
ForeignTaxResidencyStatus: 
IsProfileEnhanced: 
Phones: System.Collections.Generic.List`1[ASB.Selenium.DataModel.Customer.Phone]
NextOfKin: 
EmploymentDetails: 
LinkedCustomers: 
AccountRelationships: 
IdType: 
Fatca: ASB.Selenium.DataModel.Customer.Fatca
CitizenshipCountryCodes: 
CitizenshipCountryNames: System.Collections.Generic.List`1[System.String]
ForeignTaxResidenceTypes: System.Collections.Generic.List`1[ASB.Selenium.DataModel.Customer.ForeignTaxResidenceTypes]
OnboardingDetail: ASB.Selenium.DataModel.Customer.OnboardingDetail
AddressVerificationStatus: 
IdVerificationStatus: 
PreferredIdType: Other
IsProfileComplete: True
DaysRemaining: 0
OnboardingStatus: 
NewAccounts: System.Collections.Generic.List`1[ASB.Selenium.DataModel.Customer.Accounts]
FailedAccounts: System.Collections.Generic.List`1[ASB.Selenium.DataModel.Customer.Accounts]
OnboardingSource: JoinASB
CustomerCreated: 
LoginCreated: 
RegisteredForNetcode: 
AccountsCreated: 
CustomerAccessToken: 
VerificationPassword: MyCode01
LoginDetail: ASB.Selenium.DataModel.Customer.Login
CustomerType: 
Cif: 
Username: afyi24843
UsernameApi: 
Password: Kiwi77nz
PublicKey: 
AcceptedTermsAndConditions: 
BackgroundCheckConsent: 
PreferredIdType: 
-> done: SummaryPageSteps.WhenIConfirmDetailsOnTheSummaryPage() (2.9s)
Then the Logging you in progress page is displayed
-> done: ConfirmationPageSteps.ThenTheLoggingYouInProgressPageIsDisplayed() (15.5s)
And the Activation page is displayed
11/23/2017 3:34:17 AMThenTheActivationPageIsDisplayed: IsActivationPageDisplayed STARTED
11/23/2017 3:34:17 AMThenTheActivationPageIsDisplayed: IsActivationPageDisplayed DONE
11/23/2017 3:34:17 AMThenTheActivationPageIsDisplayed: IsSectionDisplayed STARTED
11/23/2017 3:34:21 AMThenTheActivationPageIsDisplayed: IsSectionDisplayed DONE
-> done: ActivationSummarySteps.ThenTheActivationPageIsDisplayed() (9.4s)
And the account number and product name is displayed for the selected products
==> Successfully created: Streamline transaction account:
12-3629-0376033-00
-> done: ActivationSummarySteps.ThenTheAccountNumberAndProductNameIsDisplayedForTheSelectedProducts() (26.9s)
And the 'Activate your account' section is displayed
-> done: ActivationSummarySteps.ThenTheSectionIsDisplayed("Activate your acc...") (0.0s)
And the Activate your account header is displayed
-> done: ActivationSummarySteps.ThenTheActivateYourAccountHeaderIsDisplayed() (0.0s)
And the Profile Details section is displayed
*** Verifying section for non-Profile Enhanced customer ***
*** Verifying section for Profile Complete customer ***
-> done: ActivationSummarySteps.ThenTheProfileDetailsSectionIsDisplayed() (1.2s)
And the Proof of Address section is displayed
*** Verifying section for non-Address Verified customer ***
*** Verifying section for non-Address Verified customer ***
-> done: ActivationSummarySteps.ThenTheProofOfAddressSectionIsDisplayed() (0.4s)
And the Confirm Identity section is displayed
*** Verifying section for non-ID Verified customer ***
*** Verifying section for customer with Preferred ID = 'Other' ***
*** Verifying EIDV-Switched OFF Confirm Identity section for customer with Preferred ID: Other
-> done: ActivationSummarySteps.ThenTheConfirmIdentitySectionIsDisplayed() (0.6s)
And the See a complete list of acceptable documents text is displayed conditionally
Verifying acceptable documents link should be displayed
Clicking on link: acceptable documents
-> done: ActivationSummarySteps.ThenTheSeeACompleteListOfAcceptableDocumentsTextIsDisplayedConditionally() (1.1s)
And the Find a branch button is displayed conditionally
Verifying Find a branch button should be displayed
-> done: ActivationSummarySteps.ThenTheFindABranchButtonOpensInANewWindow() (3.8s)
]]></output>
                  </test-case>
                  <test-case id="0-1070" name="ACTSUM_08_VerifyConfirmation_AdditionalDetails(&quot;NZTaxResident and high risk country CoFTR and tax 30%&quot;,&quot;Streamline intro,ASB Visa Debit Streamline Intro&quot;,&quot;Yes&quot;,&quot;30%&quot;,&quot;49-091-850&quot;,&quot;Viet Nam&quot;,&quot;Viet Nam  - 9856GFT8&quot;,&quot;true&quot;,null)" fullname="Join.Form.Customer.Selenium.Features._08_ActivateSummaryFeature.ACTSUM_08_VerifyConfirmation_AdditionalDetails(&quot;NZTaxResident and high risk country CoFTR and tax 30%&quot;,&quot;Streamline intro,ASB Visa Debit Streamline Intro&quot;,&quot;Yes&quot;,&quot;30%&quot;,&quot;49-091-850&quot;,&quot;Viet Nam&quot;,&quot;Viet Nam  - 9856GFT8&quot;,&quot;true&quot;,null)" methodname="ACTSUM_08_VerifyConfirmation_AdditionalDetails" classname="Join.Form.Customer.Selenium.Features._08_ActivateSummaryFeature" runstate="Runnable" seed="1329019889" result="Passed" start-time="2017-11-22 14:35:00Z" end-time="2017-11-22 14:36:51Z" duration="110.958747" asserts="42">
                    <properties>
                      <property name="Category" value="032017" />
                      <property name="Category" value="crs" />
                    </properties>
                    <output><![CDATA[Given I start my Streamline application
Navigating to URL: https://webappisamdev.asbbank.co.nz/public/join/asb/max?grcDisabled=true&fncJunction=fnc104
-> done: CommonSteps.GivenIStartMyStreamlineApplication() (0.7s)
Given I select the following products: 'Streamline intro,ASB Visa Debit Streamline Intro'
11/23/2017 3:35:12 AMWaitForFeaturesPageLoad: Executing WaitForFrameAndSwitch
11/23/2017 3:35:12 AMWaitForFeaturesPageLoad: Done executing WaitForFrameAndSwitch
Unable to find product 'FastSaver' in page or product 'FastSaver' is not selected
Unable to find product 'Savings On Call' in page or product 'Savings On Call' is not selected
Unable to find product 'Savings On Call' in page or product 'Savings On Call' is not selected
Unable to find product 'FastSaver' in page or product 'FastSaver' is not selected
-> done: ProductsPageSteps.WhenIChangeMySelectedProductsTo("Streamline intro,...") (15.1s)
And I enter all required details in the Personal details page and clicks on Next button:
  --- table step argument ---
  | Title | FirstName  | MiddleName | LastName | DateOfBirth | Email             | MobileNumber | CountriesCitizenship | PreferredIdType |
  | Miss  | Automation | ass     | FYICOB   | ass      | cob2016@asb.co.nz | 021-ass   | Viet Nam             | Other           |
Inline error message for 'home address' field displayed: False
Inline error message for 'countries where you have citizenship' field displayed: False
-> done: PersonalDetailsSteps.WhenIEnterAllRequiredDetailsForPersonalDetailsPage(<table>) (24.3s)
And I select 'Yes' in the Are you a New Zealand tax resident question
-> done: AdditionalPersonalDetailsSteps.WhenISelectInTheAreYouANewZealandTaxResidentQuestion("Yes") (0.1s)
And I select '30%' in the Resident Withholding Tax Rate dropdown
-> done: AdditionalPersonalDetailsSteps.WhenISelectInTheResidentWithholdingTaxRateDropdown("30%") (0.1s)
And I enter non resident country and date for a non NZ tax resident
-> done: AdditionalPersonalDetailsSteps.WhenIEnterNonResidentCountryAndDateForANonNZTaxResident() (0.0s)
And I enter additional information with Profile Complete flag '49-091-850', 'Viet Nam', 'Viet Nam  - 9856GFT8', 'true'
-> done: AdditionalPersonalDetailsSteps.GivenIEnterAdditionalInformationWithProfileCompleteFlag("49-091-850", "Viet Nam", "Viet Nam  - 9856GFT8", "true") (2.5s)
And I click on 'Next' button
-> done: CommonSteps.WhenIClickOnButton("Next") (0.1s)
And I enter 'Kiwi77nz' password and 'MyCode01' ass password in the ASB Login page and clicks on Next button
-> done: ASBLoginPageSteps.WhenIEnterPasswordAndassPasswordInTheASBLoginPageAndClicksOnNextButton("Kiwi77nz", "MyCode01") (1.0s)
When I confirm details on the Summary page
UniqueId: 
Title: Miss
FirstName: Automation
MiddleName: COB-sJKig
LastName: FYICOB
Email: cob2016@asb.co.nz
Gender: 
DateOfBirth: 11/3/1966 12:00:00 AM
DateCreated: 
LastReviewDate: 
Cals: 
IsIndividual: 
NzCitizen: 
NzResidence: 
HighValueCustomer: 
StaffMember: 
AmlVerified: 
VipCustomer: 
Addresses: System.Collections.Generic.List`1[ASB.Selenium.DataModel.Customer.Address]
AddressInformation: ASB.Selenium.DataModel.Customer.AddressInformation
CompanyName: 
CompanyType: 
CompanySubType: 
CustomerTypeCode: 
IrdNumber: 49-091-850
TaxClass: 30%
TaxClassDate: 
IsNzTaxResident: True
NonResidentCountryCode: 
IsForeignTaxResident: True
ForeignTaxResidencyStatus: 
IsProfileEnhanced: 
Phones: System.Collections.Generic.List`1[ASB.Selenium.DataModel.Customer.Phone]
NextOfKin: 
EmploymentDetails: 
LinkedCustomers: 
AccountRelationships: 
IdType: 
Fatca: ASB.Selenium.DataModel.Customer.Fatca
CitizenshipCountryCodes: 
CitizenshipCountryNames: System.Collections.Generic.List`1[System.String]
ForeignTaxResidenceTypes: System.Collections.Generic.List`1[ASB.Selenium.DataModel.Customer.ForeignTaxResidenceTypes]
OnboardingDetail: ASB.Selenium.DataModel.Customer.OnboardingDetail
AddressVerificationStatus: 
IdVerificationStatus: 
PreferredIdType: Other
IsProfileComplete: True
DaysRemaining: 0
OnboardingStatus: 
NewAccounts: System.Collections.Generic.List`1[ASB.Selenium.DataModel.Customer.Accounts]
FailedAccounts: System.Collections.Generic.List`1[ASB.Selenium.DataModel.Customer.Accounts]
OnboardingSource: JoinASB
CustomerCreated: 
LoginCreated: 
RegisteredForNetcode: 
AccountsCreated: 
CustomerAccessToken: 
VerificationPassword: MyCode01
LoginDetail: ASB.Selenium.DataModel.Customer.Login
CustomerType: 
Cif: 
Username: afyi71232
UsernameApi: 
Password: Kiwi77nz
PublicKey: 
AcceptedTermsAndConditions: 
BackgroundCheckConsent: 
PreferredIdType: 
-> done: SummaryPageSteps.WhenIConfirmDetailsOnTheSummaryPage() (3.0s)
Then the Logging you in progress page is displayed
-> done: ConfirmationPageSteps.ThenTheLoggingYouInProgressPageIsDisplayed() (21.7s)
And the Activation page is displayed
11/23/2017 3:36:11 AMThenTheActivationPageIsDisplayed: IsActivationPageDisplayed STARTED
11/23/2017 3:36:11 AMThenTheActivationPageIsDisplayed: IsActivationPageDisplayed DONE
11/23/2017 3:36:11 AMThenTheActivationPageIsDisplayed: IsSectionDisplayed STARTED
11/23/2017 3:36:13 AMThenTheActivationPageIsDisplayed: IsSectionDisplayed DONE
-> done: ActivationSummarySteps.ThenTheActivationPageIsDisplayed() (7.0s)
And the account number and product name is displayed for the selected products
==> Successfully created: Streamline transaction account:
12-3629-0376041-00
==> Successfully created: ASB Visa Debit card:
Issued for delivery within a week
-> done: ActivationSummarySteps.ThenTheAccountNumberAndProductNameIsDisplayedForTheSelectedProducts() (27.1s)
And the 'Activate your account' section is displayed
-> done: ActivationSummarySteps.ThenTheSectionIsDisplayed("Activate your acc...") (0.1s)
And the Activate your account header is displayed
-> done: ActivationSummarySteps.ThenTheActivateYourAccountHeaderIsDisplayed() (0.0s)
And the Profile Details section is displayed
*** Verifying section for non-Profile Enhanced customer ***
*** Verifying section for Profile Complete customer ***
-> done: ActivationSummarySteps.ThenTheProfileDetailsSectionIsDisplayed() (1.2s)
And the Proof of Address section is displayed
*** Verifying section for non-Address Verified customer ***
*** Verifying section for non-Address Verified customer ***
-> done: ActivationSummarySteps.ThenTheProofOfAddressSectionIsDisplayed() (0.2s)
And the Confirm Identity section is displayed
*** Verifying section for non-ID Verified customer ***
*** Verifying section for customer with Preferred ID = 'Other' ***
*** Verifying EIDV-Switched OFF Confirm Identity section for customer with Preferred ID: Other
-> done: ActivationSummarySteps.ThenTheConfirmIdentitySectionIsDisplayed() (0.5s)
And the See a complete list of acceptable documents text is displayed conditionally
Verifying acceptable documents link should be displayed
Clicking on link: acceptable documents
-> done: ActivationSummarySteps.ThenTheSeeACompleteListOfAcceptableDocumentsTextIsDisplayedConditionally() (1.1s)
And the Find a branch button is displayed conditionally
Verifying Find a branch button should be displayed
-> done: ActivationSummarySteps.ThenTheFindABranchButtonOpensInANewWindow() (2.3s)
]]></output>
                  </test-case>
                  <test-case id="0-1071" name="ACTSUM_08_VerifyConfirmation_AdditionalDetails(&quot;NZTaxResident and NZ Citizen and high risk COFTR and blank&quot;,&quot;Streamline intro,ASB Visa Debit Streamline Intro&quot;,&quot;Yes&quot;,&quot;Skip&quot;,&quot;Skip&quot;,&quot;New Zealand&quot;,&quot;Viet Nam  - 9856GFT8&quot;,&quot;true&quot;,null)" fullname="Join.Form.Customer.Selenium.Features._08_ActivateSummaryFeature.ACTSUM_08_VerifyConfirmation_AdditionalDetails(&quot;NZTaxResident and NZ Citizen and high risk COFTR and blank&quot;,&quot;Streamline intro,ASB Visa Debit Streamline Intro&quot;,&quot;Yes&quot;,&quot;Skip&quot;,&quot;Skip&quot;,&quot;New Zealand&quot;,&quot;Viet Nam  - 9856GFT8&quot;,&quot;true&quot;,null)" methodname="ACTSUM_08_VerifyConfirmation_AdditionalDetails" classname="Join.Form.Customer.Selenium.Features._08_ActivateSummaryFeature" runstate="Runnable" seed="1994175307" result="Passed" start-time="2017-11-22 14:36:51Z" end-time="2017-11-22 14:38:30Z" duration="99.125752" asserts="42">
                    <properties>
                      <property name="Category" value="032017" />
                      <property name="Category" value="crs" />
                    </properties>
                    <output><![CDATA[Given I start my Streamline application
Navigating to URL: https://webappisamdev.asbbank.co.nz/public/join/asb/max?grcDisabled=true&fncJunction=fnc104
-> done: CommonSteps.GivenIStartMyStreamlineApplication() (0.7s)
Given I select the following products: 'Streamline intro,ASB Visa Debit Streamline Intro'
11/23/2017 3:37:03 AMWaitForFeaturesPageLoad: Executing WaitForFrameAndSwitch
11/23/2017 3:37:03 AMWaitForFeaturesPageLoad: Done executing WaitForFrameAndSwitch
Unable to find product 'FastSaver' in page or product 'FastSaver' is not selected
Unable to find product 'Savings On Call' in page or product 'Savings On Call' is not selected
Unable to find product 'Savings On Call' in page or product 'Savings On Call' is not selected
Unable to find product 'FastSaver' in page or product 'FastSaver' is not selected
-> done: ProductsPageSteps.WhenIChangeMySelectedProductsTo("Streamline intro,...") (15.5s)
And I enter all required details in the Personal details page and clicks on Next button:
  --- table step argument ---
  | Title | FirstName  | MiddleName | LastName | DateOfBirth | Email             | MobileNumber | CountriesCitizenship | PreferredIdType |
  | Miss  | Automation | ass     | FYICOB   | ass      | cob2016@asb.co.nz | 021-ass   | New Zealand          | Other           |
Inline error message for 'home address' field displayed: False
Inline error message for 'countries where you have citizenship' field displayed: False
-> done: PersonalDetailsSteps.WhenIEnterAllRequiredDetailsForPersonalDetailsPage(<table>) (19.7s)
And I select 'Yes' in the Are you a New Zealand tax resident question
-> done: AdditionalPersonalDetailsSteps.WhenISelectInTheAreYouANewZealandTaxResidentQuestion("Yes") (0.2s)
And I select 'Skip' in the Resident Withholding Tax Rate dropdown
-> done: AdditionalPersonalDetailsSteps.WhenISelectInTheResidentWithholdingTaxRateDropdown("Skip") (0.0s)
And I enter non resident country and date for a non NZ tax resident
-> done: AdditionalPersonalDetailsSteps.WhenIEnterNonResidentCountryAndDateForANonNZTaxResident() (0.0s)
And I enter additional information with Profile Complete flag 'Skip', 'New Zealand', 'Viet Nam  - 9856GFT8', 'true'
-> done: AdditionalPersonalDetailsSteps.GivenIEnterAdditionalInformationWithProfileCompleteFlag("Skip", "New Zealand", "Viet Nam  - 9856GFT8", "true") (2.1s)
And I click on 'Next' button
-> done: CommonSteps.WhenIClickOnButton("Next") (0.1s)
And I enter 'Kiwi77nz' password and 'MyCode01' ass password in the ASB Login page and clicks on Next button
-> done: ASBLoginPageSteps.WhenIEnterPasswordAndassPasswordInTheASBLoginPageAndClicksOnNextButton("Kiwi77nz", "MyCode01") (1.1s)
When I confirm details on the Summary page
UniqueId: 
Title: Miss
FirstName: Automation
MiddleName: COB-yTwYP
LastName: FYICOB
Email: cob2016@asb.co.nz
Gender: 
DateOfBirth: 9/19/1938 12:00:00 AM
DateCreated: 
LastReviewDate: 
Cals: 
IsIndividual: 
NzCitizen: 
NzResidence: 
HighValueCustomer: 
StaffMember: 
AmlVerified: 
VipCustomer: 
Addresses: System.Collections.Generic.List`1[ASB.Selenium.DataModel.Customer.Address]
AddressInformation: ASB.Selenium.DataModel.Customer.AddressInformation
CompanyName: 
CompanyType: 
CompanySubType: 
CustomerTypeCode: 
IrdNumber: 
TaxClass: 33%
TaxClassDate: 
IsNzTaxResident: True
NonResidentCountryCode: 
IsForeignTaxResident: True
ForeignTaxResidencyStatus: 
IsProfileEnhanced: 
Phones: System.Collections.Generic.List`1[ASB.Selenium.DataModel.Customer.Phone]
NextOfKin: 
EmploymentDetails: 
LinkedCustomers: 
AccountRelationships: 
IdType: 
Fatca: ASB.Selenium.DataModel.Customer.Fatca
CitizenshipCountryCodes: 
CitizenshipCountryNames: System.Collections.Generic.List`1[System.String]
ForeignTaxResidenceTypes: System.Collections.Generic.List`1[ASB.Selenium.DataModel.Customer.ForeignTaxResidenceTypes]
OnboardingDetail: ASB.Selenium.DataModel.Customer.OnboardingDetail
AddressVerificationStatus: 
IdVerificationStatus: 
PreferredIdType: Other
IsProfileComplete: True
DaysRemaining: 0
OnboardingStatus: 
NewAccounts: System.Collections.Generic.List`1[ASB.Selenium.DataModel.Customer.Accounts]
FailedAccounts: System.Collections.Generic.List`1[ASB.Selenium.DataModel.Customer.Accounts]
OnboardingSource: JoinASB
CustomerCreated: 
LoginCreated: 
RegisteredForNetcode: 
AccountsCreated: 
CustomerAccessToken: 
VerificationPassword: MyCode01
LoginDetail: ASB.Selenium.DataModel.Customer.Login
CustomerType: 
Cif: 
Username: afyi23165
UsernameApi: 
Password: Kiwi77nz
PublicKey: 
AcceptedTermsAndConditions: 
BackgroundCheckConsent: 
PreferredIdType: 
-> done: SummaryPageSteps.WhenIConfirmDetailsOnTheSummaryPage() (2.8s)
Then the Logging you in progress page is displayed
-> done: ConfirmationPageSteps.ThenTheLoggingYouInProgressPageIsDisplayed() (16.4s)
And the Activation page is displayed
11/23/2017 3:37:53 AMThenTheActivationPageIsDisplayed: IsActivationPageDisplayed STARTED
11/23/2017 3:37:53 AMThenTheActivationPageIsDisplayed: IsActivationPageDisplayed DONE
11/23/2017 3:37:53 AMThenTheActivationPageIsDisplayed: IsSectionDisplayed STARTED
11/23/2017 3:37:55 AMThenTheActivationPageIsDisplayed: IsSectionDisplayed DONE
-> done: ActivationSummarySteps.ThenTheActivationPageIsDisplayed() (7.0s)
And the account number and product name is displayed for the selected products
==> Successfully created: Streamline transaction account:
12-3629-0376068-00
==> Successfully created: ASB Visa Debit card:
Issued for delivery within a week
-> done: ActivationSummarySteps.ThenTheAccountNumberAndProductNameIsDisplayedForTheSelectedProducts() (27.0s)
And the 'Activate your account' section is displayed
-> done: ActivationSummarySteps.ThenTheSectionIsDisplayed("Activate your acc...") (0.0s)
And the Activate your account header is displayed
-> done: ActivationSummarySteps.ThenTheActivateYourAccountHeaderIsDisplayed() (0.0s)
And the Profile Details section is displayed
*** Verifying section for non-Profile Enhanced customer ***
*** Verifying section for Profile Complete customer ***
-> done: ActivationSummarySteps.ThenTheProfileDetailsSectionIsDisplayed() (1.1s)
And the Proof of Address section is displayed
*** Verifying section for non-Address Verified customer ***
*** Verifying section for non-Address Verified customer ***
-> done: ActivationSummarySteps.ThenTheProofOfAddressSectionIsDisplayed() (0.2s)
And the Confirm Identity section is displayed
*** Verifying section for non-ID Verified customer ***
*** Verifying section for customer with Preferred ID = 'Other' ***
*** Verifying EIDV-Switched OFF Confirm Identity section for customer with Preferred ID: Other
-> done: ActivationSummarySteps.ThenTheConfirmIdentitySectionIsDisplayed() (0.5s)
And the See a complete list of acceptable documents text is displayed conditionally
Verifying acceptable documents link should be displayed
Clicking on link: acceptable documents
-> done: ActivationSummarySteps.ThenTheSeeACompleteListOfAcceptableDocumentsTextIsDisplayedConditionally() (1.6s)
And the Find a branch button is displayed conditionally
Verifying Find a branch button should be displayed
-> done: ActivationSummarySteps.ThenTheFindABranchButtonOpensInANewWindow() (1.9s)
]]></output>
                  </test-case>
                  <test-case id="0-1072" name="ACTSUM_08_VerifyConfirmation_AdditionalDetails(&quot;Non NZTaxResident and AU Citizen tax blank and TIN CoFTR&quot;,&quot;Streamline intro,ASB Visa Debit Streamline Intro&quot;,&quot;No&quot;,&quot;Skip&quot;,&quot;Skip&quot;,&quot;Australia&quot;,&quot;Australia - 9856GFT8&quot;,&quot;true&quot;,null)" fullname="Join.Form.Customer.Selenium.Features._08_ActivateSummaryFeature.ACTSUM_08_VerifyConfirmation_AdditionalDetails(&quot;Non NZTaxResident and AU Citizen tax blank and TIN CoFTR&quot;,&quot;Streamline intro,ASB Visa Debit Streamline Intro&quot;,&quot;No&quot;,&quot;Skip&quot;,&quot;Skip&quot;,&quot;Australia&quot;,&quot;Australia - 9856GFT8&quot;,&quot;true&quot;,null)" methodname="ACTSUM_08_VerifyConfirmation_AdditionalDetails" classname="Join.Form.Customer.Selenium.Features._08_ActivateSummaryFeature" runstate="Runnable" seed="1262248982" result="Passed" start-time="2017-11-22 14:38:30Z" end-time="2017-11-22 14:40:15Z" duration="105.092813" asserts="42">
                    <properties>
                      <property name="Category" value="032017" />
                      <property name="Category" value="crs" />
                    </properties>
                    <output><![CDATA[Given I start my Streamline application
Navigating to URL: https://webappisamdev.asbbank.co.nz/public/join/asb/max?grcDisabled=true&fncJunction=fnc104
-> done: CommonSteps.GivenIStartMyStreamlineApplication() (0.8s)
Given I select the following products: 'Streamline intro,ASB Visa Debit Streamline Intro'
11/23/2017 3:38:42 AMWaitForFeaturesPageLoad: Executing WaitForFrameAndSwitch
11/23/2017 3:38:42 AMWaitForFeaturesPageLoad: Done executing WaitForFrameAndSwitch
Unable to find product 'FastSaver' in page or product 'FastSaver' is not selected
Unable to find product 'Savings On Call' in page or product 'Savings On Call' is not selected
Unable to find product 'Savings On Call' in page or product 'Savings On Call' is not selected
Unable to find product 'FastSaver' in page or product 'FastSaver' is not selected
-> done: ProductsPageSteps.WhenIChangeMySelectedProductsTo("Streamline intro,...") (15.1s)
And I enter all required details in the Personal details page and clicks on Next button:
  --- table step argument ---
  | Title | FirstName  | MiddleName | LastName | DateOfBirth | Email             | MobileNumber | CountriesCitizenship | PreferredIdType |
  | Miss  | Automation | ass     | FYICOB   | ass      | cob2016@asb.co.nz | 021-ass   | Australia            | Other           |
Inline error message for 'home address' field displayed: False
Inline error message for 'countries where you have citizenship' field displayed: False
-> done: PersonalDetailsSteps.WhenIEnterAllRequiredDetailsForPersonalDetailsPage(<table>) (19.1s)
And I select 'No' in the Are you a New Zealand tax resident question
-> done: AdditionalPersonalDetailsSteps.WhenISelectInTheAreYouANewZealandTaxResidentQuestion("No") (0.4s)
And I select 'Skip' in the Resident Withholding Tax Rate dropdown
-> done: AdditionalPersonalDetailsSteps.WhenISelectInTheResidentWithholdingTaxRateDropdown("Skip") (0.0s)
And I enter non resident country and date for a non NZ tax resident
-> done: AdditionalPersonalDetailsSteps.WhenIEnterNonResidentCountryAndDateForANonNZTaxResident() (1.7s)
And I enter additional information with Profile Complete flag 'Skip', 'Australia', 'Australia - 9856GFT8', 'true'
-> done: AdditionalPersonalDetailsSteps.GivenIEnterAdditionalInformationWithProfileCompleteFlag("Skip", "Australia", "Australia - 9856GFT8", "true") (0.9s)
And I click on 'Next' button
-> done: CommonSteps.WhenIClickOnButton("Next") (0.1s)
And I enter 'Kiwi77nz' password and 'MyCode01' ass password in the ASB Login page and clicks on Next button
-> done: ASBLoginPageSteps.WhenIEnterPasswordAndassPasswordInTheASBLoginPageAndClicksOnNextButton("Kiwi77nz", "MyCode01") (1.6s)
When I confirm details on the Summary page
UniqueId: 
Title: Miss
FirstName: Automation
MiddleName: COB-UPDmU
LastName: FYICOB
Email: cob2016@asb.co.nz
Gender: 
DateOfBirth: 2/12/1956 12:00:00 AM
DateCreated: 
LastReviewDate: 
Cals: 
IsIndividual: 
NzCitizen: 
NzResidence: 
HighValueCustomer: 
StaffMember: 
AmlVerified: 
VipCustomer: 
Addresses: System.Collections.Generic.List`1[ASB.Selenium.DataModel.Customer.Address]
AddressInformation: ASB.Selenium.DataModel.Customer.AddressInformation
CompanyName: 
CompanyType: 
CompanySubType: 
CustomerTypeCode: 
IrdNumber: 
TaxClass: 33%
TaxClassDate: 2/12/1972 12:00:00 AM
IsNzTaxResident: False
NonResidentCountryCode: 
IsForeignTaxResident: True
ForeignTaxResidencyStatus: 
IsProfileEnhanced: False
Phones: System.Collections.Generic.List`1[ASB.Selenium.DataModel.Customer.Phone]
NextOfKin: 
EmploymentDetails: 
LinkedCustomers: 
AccountRelationships: 
IdType: 
Fatca: ASB.Selenium.DataModel.Customer.Fatca
CitizenshipCountryCodes: 
CitizenshipCountryNames: System.Collections.Generic.List`1[System.String]
ForeignTaxResidenceTypes: System.Collections.Generic.List`1[ASB.Selenium.DataModel.Customer.ForeignTaxResidenceTypes]
OnboardingDetail: ASB.Selenium.DataModel.Customer.OnboardingDetail
AddressVerificationStatus: 
IdVerificationStatus: 
PreferredIdType: Other
IsProfileComplete: True
DaysRemaining: 0
OnboardingStatus: 
NewAccounts: System.Collections.Generic.List`1[ASB.Selenium.DataModel.Customer.Accounts]
FailedAccounts: System.Collections.Generic.List`1[ASB.Selenium.DataModel.Customer.Accounts]
OnboardingSource: JoinASB
CustomerCreated: 
LoginCreated: 
RegisteredForNetcode: 
AccountsCreated: 
CustomerAccessToken: 
VerificationPassword: MyCode01
LoginDetail: ASB.Selenium.DataModel.Customer.Login
CustomerType: 
Cif: 
Username: afyi11359
UsernameApi: 
Password: Kiwi77nz
PublicKey: 
AcceptedTermsAndConditions: 
BackgroundCheckConsent: 
PreferredIdType: 
-> done: SummaryPageSteps.WhenIConfirmDetailsOnTheSummaryPage() (2.9s)
Then the Logging you in progress page is displayed
-> done: ConfirmationPageSteps.ThenTheLoggingYouInProgressPageIsDisplayed() (16.6s)
And the Activation page is displayed
11/23/2017 3:39:32 AMThenTheActivationPageIsDisplayed: IsActivationPageDisplayed STARTED
11/23/2017 3:39:32 AMThenTheActivationPageIsDisplayed: IsActivationPageDisplayed DONE
11/23/2017 3:39:32 AMThenTheActivationPageIsDisplayed: IsSectionDisplayed STARTED
11/23/2017 3:39:36 AMThenTheActivationPageIsDisplayed: IsSectionDisplayed DONE
-> done: ActivationSummarySteps.ThenTheActivationPageIsDisplayed() (9.1s)
And the account number and product name is displayed for the selected products
==> Successfully created: Streamline transaction account:
12-3629-0376076-00
==> Successfully created: ASB Visa Debit card:
Issued for delivery within a week
-> done: ActivationSummarySteps.ThenTheAccountNumberAndProductNameIsDisplayedForTheSelectedProducts() (27.0s)
And the 'Activate your account' section is displayed
-> done: ActivationSummarySteps.ThenTheSectionIsDisplayed("Activate your acc...") (0.0s)
And the Activate your account header is displayed
-> done: ActivationSummarySteps.ThenTheActivateYourAccountHeaderIsDisplayed() (0.0s)
And the Profile Details section is displayed
*** Verifying section for non-Profile Enhanced customer ***
*** Verifying section for Profile Complete customer ***
-> done: ActivationSummarySteps.ThenTheProfileDetailsSectionIsDisplayed() (1.2s)
And the Proof of Address section is displayed
*** Verifying section for non-Address Verified customer ***
*** Verifying section for non-Address Verified customer ***
-> done: ActivationSummarySteps.ThenTheProofOfAddressSectionIsDisplayed() (0.2s)
And the Confirm Identity section is displayed
*** Verifying section for non-ID Verified customer ***
*** Verifying section for customer with Preferred ID = 'Other' ***
*** Verifying EIDV-Switched OFF Confirm Identity section for customer with Preferred ID: Other
-> done: ActivationSummarySteps.ThenTheConfirmIdentitySectionIsDisplayed() (0.5s)
And the See a complete list of acceptable documents text is displayed conditionally
Verifying acceptable documents link should be displayed
Clicking on link: acceptable documents
-> done: ActivationSummarySteps.ThenTheSeeACompleteListOfAcceptableDocumentsTextIsDisplayedConditionally() (1.2s)
And the Find a branch button is displayed conditionally
Verifying Find a branch button should be displayed
-> done: ActivationSummarySteps.ThenTheFindABranchButtonOpensInANewWindow() (3.8s)
]]></output>
                  </test-case>
                  <test-case id="0-1073" name="ACTSUM_08_VerifyConfirmation_AdditionalDetails(&quot;Non NZTaxResident and AU Citizen tax exempt and no COFTR TIN&quot;,&quot;Streamline intro&quot;,&quot;No&quot;,&quot;Exempt from withholding tax&quot;,&quot;Skip&quot;,&quot;Australia&quot;,&quot;Afghanistan - 12345ABC&quot;,&quot;true&quot;,null)" fullname="Join.Form.Customer.Selenium.Features._08_ActivateSummaryFeature.ACTSUM_08_VerifyConfirmation_AdditionalDetails(&quot;Non NZTaxResident and AU Citizen tax exempt and no COFTR TIN&quot;,&quot;Streamline intro&quot;,&quot;No&quot;,&quot;Exempt from withholding tax&quot;,&quot;Skip&quot;,&quot;Australia&quot;,&quot;Afghanistan - 12345ABC&quot;,&quot;true&quot;,null)" methodname="ACTSUM_08_VerifyConfirmation_AdditionalDetails" classname="Join.Form.Customer.Selenium.Features._08_ActivateSummaryFeature" runstate="Runnable" seed="281336164" result="Passed" start-time="2017-11-22 14:40:15Z" end-time="2017-11-22 14:42:10Z" duration="114.496866" asserts="42">
                    <properties>
                      <property name="Category" value="032017" />
                      <property name="Category" value="crs" />
                    </properties>
                    <output><![CDATA[Given I start my Streamline application
Navigating to URL: https://webappisamdev.asbbank.co.nz/public/join/asb/max?grcDisabled=true&fncJunction=fnc104
-> done: CommonSteps.GivenIStartMyStreamlineApplication() (0.8s)
Given I select the following products: 'Streamline intro'
11/23/2017 3:40:27 AMWaitForFeaturesPageLoad: Executing WaitForFrameAndSwitch
11/23/2017 3:40:27 AMWaitForFeaturesPageLoad: Done executing WaitForFrameAndSwitch
Unable to find product 'FastSaver' in page or product 'FastSaver' is not selected
Unable to find product 'Savings On Call' in page or product 'Savings On Call' is not selected
Unable to find product 'ASB Visa Debit Streamline Intro' in page or product 'ASB Visa Debit Streamline Intro' is not selected
Unable to find product 'Savings On Call' in page or product 'Savings On Call' is not selected
Unable to find product 'FastSaver' in page or product 'FastSaver' is not selected
-> done: ProductsPageSteps.WhenIChangeMySelectedProductsTo("Streamline intro") (17.6s)
And I enter all required details in the Personal details page and clicks on Next button:
  --- table step argument ---
  | Title | FirstName  | MiddleName | LastName | DateOfBirth | Email             | MobileNumber | CountriesCitizenship | PreferredIdType |
  | Miss  | Automation | ass     | FYICOB   | ass      | cob2016@asb.co.nz | 021-ass   | Australia            | Other           |
Inline error message for 'home address' field displayed: False
Inline error message for 'countries where you have citizenship' field displayed: False
-> done: PersonalDetailsSteps.WhenIEnterAllRequiredDetailsForPersonalDetailsPage(<table>) (20.8s)
And I select 'No' in the Are you a New Zealand tax resident question
-> done: AdditionalPersonalDetailsSteps.WhenISelectInTheAreYouANewZealandTaxResidentQuestion("No") (0.2s)
And I select 'Exempt from withholding tax' in the Resident Withholding Tax Rate dropdown
-> done: AdditionalPersonalDetailsSteps.WhenISelectInTheResidentWithholdingTaxRateDropdown("Exempt from withh...") (0.2s)
And I enter non resident country and date for a non NZ tax resident
-> done: AdditionalPersonalDetailsSteps.WhenIEnterNonResidentCountryAndDateForANonNZTaxResident() (2.2s)
And I enter additional information with Profile Complete flag 'Skip', 'Australia', 'Afghanistan - 12345ABC', 'true'
-> done: AdditionalPersonalDetailsSteps.GivenIEnterAdditionalInformationWithProfileCompleteFlag("Skip", "Australia", "Afghanistan - 123...", "true") (1.4s)
And I click on 'Next' button
-> done: CommonSteps.WhenIClickOnButton("Next") (0.1s)
And I enter 'Kiwi77nz' password and 'MyCode01' ass password in the ASB Login page and clicks on Next button
-> done: ASBLoginPageSteps.WhenIEnterPasswordAndassPasswordInTheASBLoginPageAndClicksOnNextButton("Kiwi77nz", "MyCode01") (1.4s)
When I confirm details on the Summary page
UniqueId: 
Title: Miss
FirstName: Automation
MiddleName: COB-UjGLj
LastName: FYICOB
Email: cob2016@asb.co.nz
Gender: 
DateOfBirth: 9/20/1961 12:00:00 AM
DateCreated: 
LastReviewDate: 
Cals: 
IsIndividual: 
NzCitizen: 
NzResidence: 
HighValueCustomer: 
StaffMember: 
AmlVerified: 
VipCustomer: 
Addresses: System.Collections.Generic.List`1[ASB.Selenium.DataModel.Customer.Address]
AddressInformation: ASB.Selenium.DataModel.Customer.AddressInformation
CompanyName: 
CompanyType: 
CompanySubType: 
CustomerTypeCode: 
IrdNumber: 
TaxClass: Non-resident – country tax rate
TaxClassDate: 9/20/1977 12:00:00 AM
IsNzTaxResident: False
NonResidentCountryCode: 
IsForeignTaxResident: True
ForeignTaxResidencyStatus: 
IsProfileEnhanced: True
Phones: System.Collections.Generic.List`1[ASB.Selenium.DataModel.Customer.Phone]
NextOfKin: 
EmploymentDetails: 
LinkedCustomers: 
AccountRelationships: 
IdType: 
Fatca: ASB.Selenium.DataModel.Customer.Fatca
CitizenshipCountryCodes: 
CitizenshipCountryNames: System.Collections.Generic.List`1[System.String]
ForeignTaxResidenceTypes: System.Collections.Generic.List`1[ASB.Selenium.DataModel.Customer.ForeignTaxResidenceTypes]
OnboardingDetail: ASB.Selenium.DataModel.Customer.OnboardingDetail
AddressVerificationStatus: 
IdVerificationStatus: 
PreferredIdType: Other
IsProfileComplete: True
DaysRemaining: 0
OnboardingStatus: 
NewAccounts: System.Collections.Generic.List`1[ASB.Selenium.DataModel.Customer.Accounts]
FailedAccounts: System.Collections.Generic.List`1[ASB.Selenium.DataModel.Customer.Accounts]
OnboardingSource: JoinASB
CustomerCreated: 
LoginCreated: 
RegisteredForNetcode: 
AccountsCreated: 
CustomerAccessToken: 
VerificationPassword: MyCode01
LoginDetail: ASB.Selenium.DataModel.Customer.Login
CustomerType: 
Cif: 
Username: afyi81904
UsernameApi: 
Password: Kiwi77nz
PublicKey: 
AcceptedTermsAndConditions: 
BackgroundCheckConsent: 
PreferredIdType: 
-> done: SummaryPageSteps.WhenIConfirmDetailsOnTheSummaryPage() (3.1s)
Then the Logging you in progress page is displayed
-> done: ConfirmationPageSteps.ThenTheLoggingYouInProgressPageIsDisplayed() (19.0s)
And the Activation page is displayed
11/23/2017 3:41:25 AMThenTheActivationPageIsDisplayed: IsActivationPageDisplayed STARTED
11/23/2017 3:41:25 AMThenTheActivationPageIsDisplayed: IsActivationPageDisplayed DONE
11/23/2017 3:41:25 AMThenTheActivationPageIsDisplayed: IsSectionDisplayed STARTED
11/23/2017 3:41:29 AMThenTheActivationPageIsDisplayed: IsSectionDisplayed DONE
-> done: ActivationSummarySteps.ThenTheActivationPageIsDisplayed() (9.2s)
And the account number and product name is displayed for the selected products
==> Successfully created: Streamline transaction account:
12-3629-0376084-00
-> done: ActivationSummarySteps.ThenTheAccountNumberAndProductNameIsDisplayedForTheSelectedProducts() (27.1s)
And the 'Activate your account' section is displayed
-> done: ActivationSummarySteps.ThenTheSectionIsDisplayed("Activate your acc...") (0.0s)
And the Activate your account header is displayed
-> done: ActivationSummarySteps.ThenTheActivateYourAccountHeaderIsDisplayed() (0.1s)
And the Profile Details section is displayed
*** Verifying section for Profile Enhanced customer ***
-> done: ActivationSummarySteps.ThenTheProfileDetailsSectionIsDisplayed() (1.4s)
And the Proof of Address section is displayed
*** Verifying section for non-Address Verified customer ***
*** Verifying section for non-Address Verified customer ***
-> done: ActivationSummarySteps.ThenTheProofOfAddressSectionIsDisplayed() (0.3s)
And the Confirm Identity section is displayed
*** Verifying section for non-ID Verified customer ***
*** Verifying section for customer with Preferred ID = 'Other' ***
*** Verifying EIDV-Switched OFF Confirm Identity section for customer with Preferred ID: Other
-> done: ActivationSummarySteps.ThenTheConfirmIdentitySectionIsDisplayed() (0.5s)
And the See a complete list of acceptable documents text is displayed conditionally
Verifying acceptable documents link should be displayed
Clicking on link: acceptable documents
-> done: ActivationSummarySteps.ThenTheSeeACompleteListOfAcceptableDocumentsTextIsDisplayedConditionally() (1.6s)
And the Find a branch button is displayed conditionally
Verifying Find a branch button should be displayed
-> done: ActivationSummarySteps.ThenTheFindABranchButtonOpensInANewWindow() (4.2s)
]]></output>
                  </test-case>
                  <test-case id="0-1074" name="ACTSUM_08_VerifyConfirmation_AdditionalDetails(&quot;Non NZTaxResident and AU Citizen tax 2% and COFTR mandatory TIN&quot;,&quot;Streamline intro&quot;,&quot;No&quot;,&quot;Non-resident – 2% Approved Issuer Levy&quot;,&quot;Skip&quot;,&quot;Australia&quot;,&quot;Japan - AB1234567890&quot;,&quot;true&quot;,null)" fullname="Join.Form.Customer.Selenium.Features._08_ActivateSummaryFeature.ACTSUM_08_VerifyConfirmation_AdditionalDetails(&quot;Non NZTaxResident and AU Citizen tax 2% and COFTR mandatory TIN&quot;,&quot;Streamline intro&quot;,&quot;No&quot;,&quot;Non-resident – 2% Approved Issuer Levy&quot;,&quot;Skip&quot;,&quot;Australia&quot;,&quot;Japan - AB1234567890&quot;,&quot;true&quot;,null)" methodname="ACTSUM_08_VerifyConfirmation_AdditionalDetails" classname="Join.Form.Customer.Selenium.Features._08_ActivateSummaryFeature" runstate="Runnable" seed="834681639" result="Passed" start-time="2017-11-22 14:42:10Z" end-time="2017-11-22 14:43:52Z" duration="102.170341" asserts="41">
                    <properties>
                      <property name="Category" value="032017" />
                      <property name="Category" value="crs" />
                    </properties>
                    <output><![CDATA[Given I start my Streamline application
Navigating to URL: https://webappisamdev.asbbank.co.nz/public/join/asb/max?grcDisabled=true&fncJunction=fnc104
-> done: CommonSteps.GivenIStartMyStreamlineApplication() (0.8s)
Given I select the following products: 'Streamline intro'
11/23/2017 3:42:22 AMWaitForFeaturesPageLoad: Executing WaitForFrameAndSwitch
11/23/2017 3:42:22 AMWaitForFeaturesPageLoad: Done executing WaitForFrameAndSwitch
Unable to find product 'FastSaver' in page or product 'FastSaver' is not selected
Unable to find product 'Savings On Call' in page or product 'Savings On Call' is not selected
Unable to find product 'ASB Visa Debit Streamline Intro' in page or product 'ASB Visa Debit Streamline Intro' is not selected
Unable to find product 'Savings On Call' in page or product 'Savings On Call' is not selected
Unable to find product 'FastSaver' in page or product 'FastSaver' is not selected
-> done: ProductsPageSteps.WhenIChangeMySelectedProductsTo("Streamline intro") (16.5s)
And I enter all required details in the Personal details page and clicks on Next button:
  --- table step argument ---
  | Title | FirstName  | MiddleName | LastName | DateOfBirth | Email             | MobileNumber | CountriesCitizenship | PreferredIdType |
  | Miss  | Automation | ass     | FYICOB   | ass      | cob2016@asb.co.nz | 021-ass   | Australia            | Other           |
Inline error message for 'home address' field displayed: False
Inline error message for 'countries where you have citizenship' field displayed: False
-> done: PersonalDetailsSteps.WhenIEnterAllRequiredDetailsForPersonalDetailsPage(<table>) (18.9s)
And I select 'No' in the Are you a New Zealand tax resident question
-> done: AdditionalPersonalDetailsSteps.WhenISelectInTheAreYouANewZealandTaxResidentQuestion("No") (0.2s)
And I select 'Non-resident – 2% Approved Issuer Levy' in the Resident Withholding Tax Rate dropdown
-> done: AdditionalPersonalDetailsSteps.WhenISelectInTheResidentWithholdingTaxRateDropdown("Non-resident – 2%...") (0.1s)
And I enter non resident country and date for a non NZ tax resident
-> done: AdditionalPersonalDetailsSteps.WhenIEnterNonResidentCountryAndDateForANonNZTaxResident() (1.8s)
And I enter additional information with Profile Complete flag 'Skip', 'Australia', 'Japan - AB1234567890', 'true'
-> done: AdditionalPersonalDetailsSteps.GivenIEnterAdditionalInformationWithProfileCompleteFlag("Skip", "Australia", "Japan - AB1234567890", "true") (1.2s)
And I click on 'Next' button
-> done: CommonSteps.WhenIClickOnButton("Next") (0.2s)
And I enter 'Kiwi77nz' password and 'MyCode01' ass password in the ASB Login page and clicks on Next button
-> done: ASBLoginPageSteps.WhenIEnterPasswordAndassPasswordInTheASBLoginPageAndClicksOnNextButton("Kiwi77nz", "MyCode01") (1.3s)
When I confirm details on the Summary page
UniqueId: 
Title: Miss
FirstName: Automation
MiddleName: COB-cBQjK
LastName: FYICOB
Email: cob2016@asb.co.nz
Gender: 
DateOfBirth: 4/11/1979 12:00:00 AM
DateCreated: 
LastReviewDate: 
Cals: 
IsIndividual: 
NzCitizen: 
NzResidence: 
HighValueCustomer: 
StaffMember: 
AmlVerified: 
VipCustomer: 
Addresses: System.Collections.Generic.List`1[ASB.Selenium.DataModel.Customer.Address]
AddressInformation: ASB.Selenium.DataModel.Customer.AddressInformation
CompanyName: 
CompanyType: 
CompanySubType: 
CustomerTypeCode: 
IrdNumber: 
TaxClass: Non-resident – 2% Approved Issuer Levy
TaxClassDate: 4/11/1995 12:00:00 AM
IsNzTaxResident: False
NonResidentCountryCode: 
IsForeignTaxResident: True
ForeignTaxResidencyStatus: 
IsProfileEnhanced: False
Phones: System.Collections.Generic.List`1[ASB.Selenium.DataModel.Customer.Phone]
NextOfKin: 
EmploymentDetails: 
LinkedCustomers: 
AccountRelationships: 
IdType: 
Fatca: ASB.Selenium.DataModel.Customer.Fatca
CitizenshipCountryCodes: 
CitizenshipCountryNames: System.Collections.Generic.List`1[System.String]
ForeignTaxResidenceTypes: System.Collections.Generic.List`1[ASB.Selenium.DataModel.Customer.ForeignTaxResidenceTypes]
OnboardingDetail: ASB.Selenium.DataModel.Customer.OnboardingDetail
AddressVerificationStatus: 
IdVerificationStatus: 
PreferredIdType: Other
IsProfileComplete: True
DaysRemaining: 0
OnboardingStatus: 
NewAccounts: System.Collections.Generic.List`1[ASB.Selenium.DataModel.Customer.Accounts]
FailedAccounts: System.Collections.Generic.List`1[ASB.Selenium.DataModel.Customer.Accounts]
OnboardingSource: JoinASB
CustomerCreated: 
LoginCreated: 
RegisteredForNetcode: 
AccountsCreated: 
CustomerAccessToken: 
VerificationPassword: MyCode01
LoginDetail: ASB.Selenium.DataModel.Customer.Login
CustomerType: 
Cif: 
Username: afyi06846
UsernameApi: 
Password: Kiwi77nz
PublicKey: 
AcceptedTermsAndConditions: 
BackgroundCheckConsent: 
PreferredIdType: 
-> done: SummaryPageSteps.WhenIConfirmDetailsOnTheSummaryPage() (2.9s)
Then the Logging you in progress page is displayed
-> done: ConfirmationPageSteps.ThenTheLoggingYouInProgressPageIsDisplayed() (14.4s)
And the Activation page is displayed
11/23/2017 3:43:11 AMThenTheActivationPageIsDisplayed: IsActivationPageDisplayed STARTED
11/23/2017 3:43:11 AMThenTheActivationPageIsDisplayed: IsActivationPageDisplayed DONE
11/23/2017 3:43:11 AMThenTheActivationPageIsDisplayed: IsSectionDisplayed STARTED
11/23/2017 3:43:14 AMThenTheActivationPageIsDisplayed: IsSectionDisplayed DONE
-> done: ActivationSummarySteps.ThenTheActivationPageIsDisplayed() (7.4s)
And the account number and product name is displayed for the selected products
==> Successfully created: Streamline transaction account:
12-3629-0376092-00
-> done: ActivationSummarySteps.ThenTheAccountNumberAndProductNameIsDisplayedForTheSelectedProducts() (27.1s)
And the 'Activate your account' section is displayed
-> done: ActivationSummarySteps.ThenTheSectionIsDisplayed("Activate your acc...") (0.0s)
And the Activate your account header is displayed
-> done: ActivationSummarySteps.ThenTheActivateYourAccountHeaderIsDisplayed() (0.1s)
And the Profile Details section is displayed
*** Verifying section for non-Profile Enhanced customer ***
*** Verifying section for Profile Complete customer ***
-> done: ActivationSummarySteps.ThenTheProfileDetailsSectionIsDisplayed() (1.2s)
And the Proof of Address section is displayed
*** Verifying section for non-Address Verified customer ***
*** Verifying section for non-Address Verified customer ***
-> done: ActivationSummarySteps.ThenTheProofOfAddressSectionIsDisplayed() (0.3s)
And the Confirm Identity section is displayed
*** Verifying section for non-ID Verified customer ***
*** Verifying section for customer with Preferred ID = 'Other' ***
*** Verifying EIDV-Switched OFF Confirm Identity section for customer with Preferred ID: Other
-> done: ActivationSummarySteps.ThenTheConfirmIdentitySectionIsDisplayed() (0.5s)
And the See a complete list of acceptable documents text is displayed conditionally
Verifying acceptable documents link should be displayed
Clicking on link: acceptable documents
-> done: ActivationSummarySteps.ThenTheSeeACompleteListOfAcceptableDocumentsTextIsDisplayedConditionally() (1.5s)
And the Find a branch button is displayed conditionally
Verifying Find a branch button should be displayed
-> done: ActivationSummarySteps.ThenTheFindABranchButtonOpensInANewWindow() (2.4s)
]]></output>
                  </test-case>
                  <test-case id="0-1075" name="ACTSUM_08_VerifyConfirmation_AdditionalDetails(&quot;Non NZTaxResident and US Citizen and no COFTR TIN&quot;,&quot;Streamline intro&quot;,&quot;No&quot;,&quot;Skip&quot;,&quot;Skip&quot;,&quot;United States&quot;,&quot;United States - 12345ABC1&quot;,&quot;true&quot;,null)" fullname="Join.Form.Customer.Selenium.Features._08_ActivateSummaryFeature.ACTSUM_08_VerifyConfirmation_AdditionalDetails(&quot;Non NZTaxResident and US Citizen and no COFTR TIN&quot;,&quot;Streamline intro&quot;,&quot;No&quot;,&quot;Skip&quot;,&quot;Skip&quot;,&quot;United States&quot;,&quot;United States - 12345ABC1&quot;,&quot;true&quot;,null)" methodname="ACTSUM_08_VerifyConfirmation_AdditionalDetails" classname="Join.Form.Customer.Selenium.Features._08_ActivateSummaryFeature" runstate="Runnable" seed="1097218515" result="Passed" start-time="2017-11-22 14:43:52Z" end-time="2017-11-22 14:45:38Z" duration="105.802339" asserts="41">
                    <properties>
                      <property name="Category" value="032017" />
                      <property name="Category" value="crs" />
                    </properties>
                    <output><![CDATA[Given I start my Streamline application
Navigating to URL: https://webappisamdev.asbbank.co.nz/public/join/asb/max?grcDisabled=true&fncJunction=fnc104
-> done: CommonSteps.GivenIStartMyStreamlineApplication() (0.7s)
Given I select the following products: 'Streamline intro'
11/23/2017 3:44:04 AMWaitForFeaturesPageLoad: Executing WaitForFrameAndSwitch
11/23/2017 3:44:04 AMWaitForFeaturesPageLoad: Done executing WaitForFrameAndSwitch
Unable to find product 'FastSaver' in page or product 'FastSaver' is not selected
Unable to find product 'Savings On Call' in page or product 'Savings On Call' is not selected
Unable to find product 'ASB Visa Debit Streamline Intro' in page or product 'ASB Visa Debit Streamline Intro' is not selected
Unable to find product 'Savings On Call' in page or product 'Savings On Call' is not selected
Unable to find product 'FastSaver' in page or product 'FastSaver' is not selected
-> done: ProductsPageSteps.WhenIChangeMySelectedProductsTo("Streamline intro") (16.2s)
And I enter all required details in the Personal details page and clicks on Next button:
  --- table step argument ---
  | Title | FirstName  | MiddleName | LastName | DateOfBirth | Email             | MobileNumber | CountriesCitizenship | PreferredIdType |
  | Miss  | Automation | ass     | FYICOB   | ass      | cob2016@asb.co.nz | 021-ass   | United States        | Other           |
Inline error message for 'home address' field displayed: False
Inline error message for 'countries where you have citizenship' field displayed: False
-> done: PersonalDetailsSteps.WhenIEnterAllRequiredDetailsForPersonalDetailsPage(<table>) (18.5s)
And I select 'No' in the Are you a New Zealand tax resident question
-> done: AdditionalPersonalDetailsSteps.WhenISelectInTheAreYouANewZealandTaxResidentQuestion("No") (0.2s)
And I select 'Skip' in the Resident Withholding Tax Rate dropdown
-> done: AdditionalPersonalDetailsSteps.WhenISelectInTheResidentWithholdingTaxRateDropdown("Skip") (0.0s)
And I enter non resident country and date for a non NZ tax resident
-> done: AdditionalPersonalDetailsSteps.WhenIEnterNonResidentCountryAndDateForANonNZTaxResident() (2.0s)
And I enter additional information with Profile Complete flag 'Skip', 'United States', 'United States - 12345ABC1', 'true'
-> done: AdditionalPersonalDetailsSteps.GivenIEnterAdditionalInformationWithProfileCompleteFlag("Skip", "United States", "United States - 1...", "true") (1.3s)
And I click on 'Next' button
-> done: CommonSteps.WhenIClickOnButton("Next") (0.1s)
And I enter 'Kiwi77nz' password and 'MyCode01' ass password in the ASB Login page and clicks on Next button
-> done: ASBLoginPageSteps.WhenIEnterPasswordAndassPasswordInTheASBLoginPageAndClicksOnNextButton("Kiwi77nz", "MyCode01") (1.3s)
When I confirm details on the Summary page
UniqueId: 
Title: Miss
FirstName: Automation
MiddleName: COB-yalFg
LastName: FYICOB
Email: cob2016@asb.co.nz
Gender: 
DateOfBirth: 12/25/1997 12:00:00 AM
DateCreated: 
LastReviewDate: 
Cals: 
IsIndividual: 
NzCitizen: 
NzResidence: 
HighValueCustomer: 
StaffMember: 
AmlVerified: 
VipCustomer: 
Addresses: System.Collections.Generic.List`1[ASB.Selenium.DataModel.Customer.Address]
AddressInformation: ASB.Selenium.DataModel.Customer.AddressInformation
CompanyName: 
CompanyType: 
CompanySubType: 
CustomerTypeCode: 
IrdNumber: 
TaxClass: 33%
TaxClassDate: 12/25/2013 12:00:00 AM
IsNzTaxResident: False
NonResidentCountryCode: 
IsForeignTaxResident: True
ForeignTaxResidencyStatus: 
IsProfileEnhanced: False
Phones: System.Collections.Generic.List`1[ASB.Selenium.DataModel.Customer.Phone]
NextOfKin: 
EmploymentDetails: 
LinkedCustomers: 
AccountRelationships: 
IdType: 
Fatca: ASB.Selenium.DataModel.Customer.Fatca
CitizenshipCountryCodes: 
CitizenshipCountryNames: System.Collections.Generic.List`1[System.String]
ForeignTaxResidenceTypes: System.Collections.Generic.List`1[ASB.Selenium.DataModel.Customer.ForeignTaxResidenceTypes]
OnboardingDetail: ASB.Selenium.DataModel.Customer.OnboardingDetail
AddressVerificationStatus: 
IdVerificationStatus: 
PreferredIdType: Other
IsProfileComplete: True
DaysRemaining: 0
OnboardingStatus: 
NewAccounts: System.Collections.Generic.List`1[ASB.Selenium.DataModel.Customer.Accounts]
FailedAccounts: System.Collections.Generic.List`1[ASB.Selenium.DataModel.Customer.Accounts]
OnboardingSource: JoinASB
CustomerCreated: 
LoginCreated: 
RegisteredForNetcode: 
AccountsCreated: 
CustomerAccessToken: 
VerificationPassword: MyCode01
LoginDetail: ASB.Selenium.DataModel.Customer.Login
CustomerType: 
Cif: 
Username: afyi89941
UsernameApi: 
Password: Kiwi77nz
PublicKey: 
AcceptedTermsAndConditions: 
BackgroundCheckConsent: 
PreferredIdType: 
-> done: SummaryPageSteps.WhenIConfirmDetailsOnTheSummaryPage() (3.1s)
Then the Logging you in progress page is displayed
-> done: ConfirmationPageSteps.ThenTheLoggingYouInProgressPageIsDisplayed() (16.7s)
And the Activation page is displayed
11/23/2017 3:44:55 AMThenTheActivationPageIsDisplayed: IsActivationPageDisplayed STARTED
11/23/2017 3:44:55 AMThenTheActivationPageIsDisplayed: IsActivationPageDisplayed DONE
11/23/2017 3:44:55 AMThenTheActivationPageIsDisplayed: IsSectionDisplayed STARTED
11/23/2017 3:44:57 AMThenTheActivationPageIsDisplayed: IsSectionDisplayed DONE
-> done: ActivationSummarySteps.ThenTheActivationPageIsDisplayed() (7.2s)
And the account number and product name is displayed for the selected products
==> Successfully created: Streamline transaction account:
12-3629-0376105-00
-> done: ActivationSummarySteps.ThenTheAccountNumberAndProductNameIsDisplayedForTheSelectedProducts() (27.0s)
And the 'Activate your account' section is displayed
-> done: ActivationSummarySteps.ThenTheSectionIsDisplayed("Activate your acc...") (0.0s)
And the Activate your account header is displayed
-> done: ActivationSummarySteps.ThenTheActivateYourAccountHeaderIsDisplayed() (0.0s)
And the Profile Details section is displayed
*** Verifying section for non-Profile Enhanced customer ***
*** Verifying section for Profile Complete customer ***
-> done: ActivationSummarySteps.ThenTheProfileDetailsSectionIsDisplayed() (1.2s)
And the Proof of Address section is displayed
*** Verifying section for non-Address Verified customer ***
*** Verifying section for non-Address Verified customer ***
-> done: ActivationSummarySteps.ThenTheProofOfAddressSectionIsDisplayed() (0.3s)
And the Confirm Identity section is displayed
*** Verifying section for non-ID Verified customer ***
*** Verifying section for customer with Preferred ID = 'Other' ***
*** Verifying EIDV-Switched OFF Confirm Identity section for customer with Preferred ID: Other
-> done: ActivationSummarySteps.ThenTheConfirmIdentitySectionIsDisplayed() (0.6s)
And the See a complete list of acceptable documents text is displayed conditionally
Verifying acceptable documents link should be displayed
Clicking on link: acceptable documents
-> done: ActivationSummarySteps.ThenTheSeeACompleteListOfAcceptableDocumentsTextIsDisplayedConditionally() (1.9s)
And the Find a branch button is displayed conditionally
Verifying Find a branch button should be displayed
-> done: ActivationSummarySteps.ThenTheFindABranchButtonOpensInANewWindow() (4.0s)
]]></output>
                  </test-case>
                  <test-case id="0-1076" name="ACTSUM_08_VerifyConfirmation_AdditionalDetails(&quot;Non NZTaxResident and Other High Risk country&quot;,&quot;Streamline intro&quot;,&quot;No&quot;,&quot;Non-resident – country tax rate&quot;,&quot;Skip&quot;,&quot;Japan&quot;,&quot;Afghanistan - 12345ABC&quot;,&quot;true&quot;,null)" fullname="Join.Form.Customer.Selenium.Features._08_ActivateSummaryFeature.ACTSUM_08_VerifyConfirmation_AdditionalDetails(&quot;Non NZTaxResident and Other High Risk country&quot;,&quot;Streamline intro&quot;,&quot;No&quot;,&quot;Non-resident – country tax rate&quot;,&quot;Skip&quot;,&quot;Japan&quot;,&quot;Afghanistan - 12345ABC&quot;,&quot;true&quot;,null)" methodname="ACTSUM_08_VerifyConfirmation_AdditionalDetails" classname="Join.Form.Customer.Selenium.Features._08_ActivateSummaryFeature" runstate="Runnable" seed="2041301665" result="Passed" start-time="2017-11-22 14:45:38Z" end-time="2017-11-22 14:47:33Z" duration="114.705703" asserts="42">
                    <properties>
                      <property name="Category" value="032017" />
                      <property name="Category" value="crs" />
                    </properties>
                    <output><![CDATA[Given I start my Streamline application
Navigating to URL: https://webappisamdev.asbbank.co.nz/public/join/asb/max?grcDisabled=true&fncJunction=fnc104
-> done: CommonSteps.GivenIStartMyStreamlineApplication() (0.9s)
Given I select the following products: 'Streamline intro'
11/23/2017 3:45:50 AMWaitForFeaturesPageLoad: Executing WaitForFrameAndSwitch
11/23/2017 3:45:50 AMWaitForFeaturesPageLoad: Done executing WaitForFrameAndSwitch
Unable to find product 'FastSaver' in page or product 'FastSaver' is not selected
Unable to find product 'Savings On Call' in page or product 'Savings On Call' is not selected
Unable to find product 'ASB Visa Debit Streamline Intro' in page or product 'ASB Visa Debit Streamline Intro' is not selected
Unable to find product 'Savings On Call' in page or product 'Savings On Call' is not selected
Unable to find product 'FastSaver' in page or product 'FastSaver' is not selected
-> done: ProductsPageSteps.WhenIChangeMySelectedProductsTo("Streamline intro") (16.2s)
And I enter all required details in the Personal details page and clicks on Next button:
  --- table step argument ---
  | Title | FirstName  | MiddleName | LastName | DateOfBirth | Email             | MobileNumber | CountriesCitizenship | PreferredIdType |
  | Miss  | Automation | ass     | FYICOB   | ass      | cob2016@asb.co.nz | 021-ass   | Japan                | Other           |
Inline error message for 'home address' field displayed: False
Inline error message for 'countries where you have citizenship' field displayed: False
-> done: PersonalDetailsSteps.WhenIEnterAllRequiredDetailsForPersonalDetailsPage(<table>) (28.8s)
And I select 'No' in the Are you a New Zealand tax resident question
-> done: AdditionalPersonalDetailsSteps.WhenISelectInTheAreYouANewZealandTaxResidentQuestion("No") (0.2s)
And I select 'Non-resident – country tax rate' in the Resident Withholding Tax Rate dropdown
-> done: AdditionalPersonalDetailsSteps.WhenISelectInTheResidentWithholdingTaxRateDropdown("Non-resident – co...") (0.2s)
And I enter non resident country and date for a non NZ tax resident
-> done: AdditionalPersonalDetailsSteps.WhenIEnterNonResidentCountryAndDateForANonNZTaxResident() (1.9s)
And I enter additional information with Profile Complete flag 'Skip', 'Japan', 'Afghanistan - 12345ABC', 'true'
-> done: AdditionalPersonalDetailsSteps.GivenIEnterAdditionalInformationWithProfileCompleteFlag("Skip", "Japan", "Afghanistan - 123...", "true") (1.1s)
And I click on 'Next' button
-> done: CommonSteps.WhenIClickOnButton("Next") (0.1s)
And I enter 'Kiwi77nz' password and 'MyCode01' ass password in the ASB Login page and clicks on Next button
-> done: ASBLoginPageSteps.WhenIEnterPasswordAndassPasswordInTheASBLoginPageAndClicksOnNextButton("Kiwi77nz", "MyCode01") (2.5s)
When I confirm details on the Summary page
UniqueId: 
Title: Miss
FirstName: Automation
MiddleName: COB-SikFj
LastName: FYICOB
Email: cob2016@asb.co.nz
Gender: 
DateOfBirth: 7/5/1927 12:00:00 AM
DateCreated: 
LastReviewDate: 
Cals: 
IsIndividual: 
NzCitizen: 
NzResidence: 
HighValueCustomer: 
StaffMember: 
AmlVerified: 
VipCustomer: 
Addresses: System.Collections.Generic.List`1[ASB.Selenium.DataModel.Customer.Address]
AddressInformation: ASB.Selenium.DataModel.Customer.AddressInformation
CompanyName: 
CompanyType: 
CompanySubType: 
CustomerTypeCode: 
IrdNumber: 
TaxClass: Non-resident – country tax rate
TaxClassDate: 7/5/1943 12:00:00 AM
IsNzTaxResident: False
NonResidentCountryCode: 
IsForeignTaxResident: True
ForeignTaxResidencyStatus: 
IsProfileEnhanced: True
Phones: System.Collections.Generic.List`1[ASB.Selenium.DataModel.Customer.Phone]
NextOfKin: 
EmploymentDetails: 
LinkedCustomers: 
AccountRelationships: 
IdType: 
Fatca: ASB.Selenium.DataModel.Customer.Fatca
CitizenshipCountryCodes: 
CitizenshipCountryNames: System.Collections.Generic.List`1[System.String]
ForeignTaxResidenceTypes: System.Collections.Generic.List`1[ASB.Selenium.DataModel.Customer.ForeignTaxResidenceTypes]
OnboardingDetail: ASB.Selenium.DataModel.Customer.OnboardingDetail
AddressVerificationStatus: 
IdVerificationStatus: 
PreferredIdType: Other
IsProfileComplete: True
DaysRemaining: 0
OnboardingStatus: 
NewAccounts: System.Collections.Generic.List`1[ASB.Selenium.DataModel.Customer.Accounts]
FailedAccounts: System.Collections.Generic.List`1[ASB.Selenium.DataModel.Customer.Accounts]
OnboardingSource: JoinASB
CustomerCreated: 
LoginCreated: 
RegisteredForNetcode: 
AccountsCreated: 
CustomerAccessToken: 
VerificationPassword: MyCode01
LoginDetail: ASB.Selenium.DataModel.Customer.Login
CustomerType: 
Cif: 
Username: afyi22046
UsernameApi: 
Password: Kiwi77nz
PublicKey: 
AcceptedTermsAndConditions: 
BackgroundCheckConsent: 
PreferredIdType: 
-> done: SummaryPageSteps.WhenIConfirmDetailsOnTheSummaryPage() (3.1s)
Then the Logging you in progress page is displayed
-> done: ConfirmationPageSteps.ThenTheLoggingYouInProgressPageIsDisplayed() (16.6s)
And the Activation page is displayed
11/23/2017 3:46:52 AMThenTheActivationPageIsDisplayed: IsActivationPageDisplayed STARTED
11/23/2017 3:46:53 AMThenTheActivationPageIsDisplayed: IsActivationPageDisplayed DONE
11/23/2017 3:46:53 AMThenTheActivationPageIsDisplayed: IsSectionDisplayed STARTED
11/23/2017 3:46:57 AMThenTheActivationPageIsDisplayed: IsSectionDisplayed DONE
-> done: ActivationSummarySteps.ThenTheActivationPageIsDisplayed() (9.0s)
And the account number and product name is displayed for the selected products
==> Successfully created: Streamline transaction account:
12-3629-0376113-00
-> done: ActivationSummarySteps.ThenTheAccountNumberAndProductNameIsDisplayedForTheSelectedProducts() (27.0s)
And the 'Activate your account' section is displayed
-> done: ActivationSummarySteps.ThenTheSectionIsDisplayed("Activate your acc...") (0.0s)
And the Activate your account header is displayed
-> done: ActivationSummarySteps.ThenTheActivateYourAccountHeaderIsDisplayed() (0.0s)
And the Profile Details section is displayed
*** Verifying section for Profile Enhanced customer ***
-> done: ActivationSummarySteps.ThenTheProfileDetailsSectionIsDisplayed() (1.2s)
And the Proof of Address section is displayed
*** Verifying section for non-Address Verified customer ***
*** Verifying section for non-Address Verified customer ***
-> done: ActivationSummarySteps.ThenTheProofOfAddressSectionIsDisplayed() (0.2s)
And the Confirm Identity section is displayed
*** Verifying section for non-ID Verified customer ***
*** Verifying section for customer with Preferred ID = 'Other' ***
*** Verifying EIDV-Switched OFF Confirm Identity section for customer with Preferred ID: Other
-> done: ActivationSummarySteps.ThenTheConfirmIdentitySectionIsDisplayed() (0.5s)
And the See a complete list of acceptable documents text is displayed conditionally
Verifying acceptable documents link should be displayed
Clicking on link: acceptable documents
-> done: ActivationSummarySteps.ThenTheSeeACompleteListOfAcceptableDocumentsTextIsDisplayedConditionally() (1.7s)
And the Find a branch button is displayed conditionally
Verifying Find a branch button should be displayed
-> done: ActivationSummarySteps.ThenTheFindABranchButtonOpensInANewWindow() (2.1s)
]]></output>
                  </test-case>
                </test-suite>
                <test-suite type="ParameterizedMethod" id="0-1082" name="ACTSUM_09_VisaDebitSTP" fullname="Join.Form.Customer.Selenium.Features._08_ActivateSummaryFeature.ACTSUM_09_VisaDebitSTP" classname="Join.Form.Customer.Selenium.Features._08_ActivateSummaryFeature" runstate="Runnable" testcasecount="4" result="Passed" start-time="2017-11-22 14:47:33Z" end-time="2017-11-22 14:54:28Z" duration="415.235419" total="4" passed="4" failed="0" warnings="0" inconclusive="0" skipped="0" asserts="61">
                  <properties>
                    <property name="Description" value="ACTSUM_09 - Visa Debit STP" />
                    <property name="Category" value="COB" />
                    <property name="Category" value="activatesummary" />
                    <property name="Category" value="regression" />
                    <property name="Category" value="offline" />
                    <property name="Category" value="integration" />
                    <property name="Category" value="072016" />
                    <property name="Category" value="112017" />
                  </properties>
                  <test-case id="0-1078" name="ACTSUM_09_VisaDebitSTP(&quot;Streamline and Visa Debit&quot;,&quot;Streamline intro,ASB Visa Debit Streamline Intro&quot;,&quot;Mr&quot;,&quot;ass&quot;,&quot;&quot;,&quot;ass&quot;,System.String[])" fullname="Join.Form.Customer.Selenium.Features._08_ActivateSummaryFeature.ACTSUM_09_VisaDebitSTP(&quot;Streamline and Visa Debit&quot;,&quot;Streamline intro,ASB Visa Debit Streamline Intro&quot;,&quot;Mr&quot;,&quot;ass&quot;,&quot;&quot;,&quot;ass&quot;,System.String[])" methodname="ACTSUM_09_VisaDebitSTP" classname="Join.Form.Customer.Selenium.Features._08_ActivateSummaryFeature" runstate="Runnable" seed="563479523" result="Passed" start-time="2017-11-22 14:47:33Z" end-time="2017-11-22 14:49:10Z" duration="97.881858" asserts="14">
                    <properties />
                    <output><![CDATA[Given I start my Streamline application
Navigating to URL: https://webappisamdev.asbbank.co.nz/public/join/asb/max?grcDisabled=true&fncJunction=fnc104
-> done: CommonSteps.GivenIStartMyStreamlineApplication() (0.9s)
Given I select the following products: 'Streamline intro,ASB Visa Debit Streamline Intro'
11/23/2017 3:47:44 AMWaitForFeaturesPageLoad: Executing WaitForFrameAndSwitch
11/23/2017 3:47:45 AMWaitForFeaturesPageLoad: Done executing WaitForFrameAndSwitch
Unable to find product 'FastSaver' in page or product 'FastSaver' is not selected
Unable to find product 'Savings On Call' in page or product 'Savings On Call' is not selected
Unable to find product 'Savings On Call' in page or product 'Savings On Call' is not selected
Unable to find product 'FastSaver' in page or product 'FastSaver' is not selected
-> done: ProductsPageSteps.WhenIChangeMySelectedProductsTo("Streamline intro,...") (15.5s)
And I enter personal and login details Mr,ass,,ass,ass,mark.masikip@asb.co.nz,021-ass,New Zealand,Other,Kiwi77nz,ass123,false
Given I enter mandatory Tax Information for NZ citizen and clicks on Next button
-> done: AdditionalPersonalDetailsSteps.GivenIEnterMandatoryTaxInformationForNZCitizen() (0.6s)
-> done: PersonalDetailsSteps.GivenIEnterPersonalAndLoginDetails("Mr", "ass", "", "ass", "ass", "mark.masikip@asb....", "021-ass", "New Zealand", "Other", "Kiwi77nz", "ass123", "false") (24.8s)
When I confirm details on the Summary page
UniqueId: 
Title: Mr
FirstName: COB-Ghcih
MiddleName: 
LastName: COB-wufTD
Email: mark.masikip@asb.co.nz
Gender: 
DateOfBirth: 10/27/1932 12:00:00 AM
DateCreated: 
LastReviewDate: 
Cals: 
IsIndividual: 
NzCitizen: 
NzResidence: 
HighValueCustomer: 
StaffMember: 
AmlVerified: 
VipCustomer: 
Addresses: System.Collections.Generic.List`1[ASB.Selenium.DataModel.Customer.Address]
AddressInformation: ASB.Selenium.DataModel.Customer.AddressInformation
CompanyName: 
CompanyType: 
CompanySubType: 
CustomerTypeCode: 
IrdNumber: 
TaxClass: 
TaxClassDate: 
IsNzTaxResident: True
NonResidentCountryCode: 
IsForeignTaxResident: False
ForeignTaxResidencyStatus: 
IsProfileEnhanced: 
Phones: System.Collections.Generic.List`1[ASB.Selenium.DataModel.Customer.Phone]
NextOfKin: 
EmploymentDetails: 
LinkedCustomers: 
AccountRelationships: 
IdType: 
Fatca: ASB.Selenium.DataModel.Customer.Fatca
CitizenshipCountryCodes: 
CitizenshipCountryNames: System.Collections.Generic.List`1[System.String]
ForeignTaxResidenceTypes: System.Collections.Generic.List`1[ASB.Selenium.DataModel.Customer.ForeignTaxResidenceTypes]
OnboardingDetail: ASB.Selenium.DataModel.Customer.OnboardingDetail
AddressVerificationStatus: 
IdVerificationStatus: 
PreferredIdType: Other
IsProfileComplete: True
DaysRemaining: 0
OnboardingStatus: 
NewAccounts: System.Collections.Generic.List`1[ASB.Selenium.DataModel.Customer.Accounts]
FailedAccounts: System.Collections.Generic.List`1[ASB.Selenium.DataModel.Customer.Accounts]
OnboardingSource: JoinASB
CustomerCreated: 
LoginCreated: 
RegisteredForNetcode: 
AccountsCreated: 
CustomerAccessToken: 
VerificationPassword: ass123
LoginDetail: ASB.Selenium.DataModel.Customer.Login
CustomerType: 
Cif: 
Username: ccob37339
UsernameApi: 
Password: Kiwi77nz
PublicKey: 
AcceptedTermsAndConditions: 
BackgroundCheckConsent: 
PreferredIdType: 
-> done: SummaryPageSteps.WhenIConfirmDetailsOnTheSummaryPage() (2.8s)
Then the Logging you in progress page is displayed
-> done: ConfirmationPageSteps.ThenTheLoggingYouInProgressPageIsDisplayed() (16.8s)
And the Activation page is displayed
11/23/2017 3:48:36 AMThenTheActivationPageIsDisplayed: IsActivationPageDisplayed STARTED
11/23/2017 3:48:36 AMThenTheActivationPageIsDisplayed: IsActivationPageDisplayed DONE
11/23/2017 3:48:36 AMThenTheActivationPageIsDisplayed: IsSectionDisplayed STARTED
11/23/2017 3:48:38 AMThenTheActivationPageIsDisplayed: IsSectionDisplayed DONE
-> done: ActivationSummarySteps.ThenTheActivationPageIsDisplayed() (6.8s)
And the account number and product name is displayed for the selected products
==> Successfully created: Streamline transaction account:
12-3629-0376121-00
==> Successfully created: ASB Visa Debit card:
Issued for delivery within a week
-> done: ActivationSummarySteps.ThenTheAccountNumberAndProductNameIsDisplayedForTheSelectedProducts() (27.0s)
]]></output>
                  </test-case>
                  <test-case id="0-1079" name="ACTSUM_09_VisaDebitSTP(&quot;All products&quot;,&quot;Streamline intro,ASB Visa Debit Streamline Intro,Savings On Call,FastSaver&quot;,&quot;Ms&quot;,&quot;ass&quot;,&quot;ass&quot;,&quot;ass&quot;,System.String[])" fullname="Join.Form.Customer.Selenium.Features._08_ActivateSummaryFeature.ACTSUM_09_VisaDebitSTP(&quot;All products&quot;,&quot;Streamline intro,ASB Visa Debit Streamline Intro,Savings On Call,FastSaver&quot;,&quot;Ms&quot;,&quot;ass&quot;,&quot;ass&quot;,&quot;ass&quot;,System.String[])" methodname="ACTSUM_09_VisaDebitSTP" classname="Join.Form.Customer.Selenium.Features._08_ActivateSummaryFeature" runstate="Runnable" seed="1154689909" result="Passed" start-time="2017-11-22 14:49:10Z" end-time="2017-11-22 14:50:59Z" duration="108.780884" asserts="16">
                    <properties />
                    <output><![CDATA[Given I start my Streamline application
Navigating to URL: https://webappisamdev.asbbank.co.nz/public/join/asb/max?grcDisabled=true&fncJunction=fnc104
-> done: CommonSteps.GivenIStartMyStreamlineApplication() (0.6s)
Given I select the following products: 'Streamline intro,ASB Visa Debit Streamline Intro,Savings On Call,FastSaver'
11/23/2017 3:49:22 AMWaitForFeaturesPageLoad: Executing WaitForFrameAndSwitch
11/23/2017 3:49:22 AMWaitForFeaturesPageLoad: Done executing WaitForFrameAndSwitch
Unable to find product 'Savings On Call' in page or product 'Savings On Call' is not selected
Unable to find product 'FastSaver' in page or product 'FastSaver' is not selected
-> done: ProductsPageSteps.WhenIChangeMySelectedProductsTo("Streamline intro,...") (19.3s)
And I enter personal and login details Ms,ass,ass,ass,ass,mark.masikip@asb.co.nz,021-ass,New Zealand,Other,Kiwi77nz,ass123,false
Given I enter mandatory Tax Information for NZ citizen and clicks on Next button
-> done: AdditionalPersonalDetailsSteps.GivenIEnterMandatoryTaxInformationForNZCitizen() (0.6s)
-> done: PersonalDetailsSteps.GivenIEnterPersonalAndLoginDetails("Ms", "ass", "ass", "ass", "ass", "mark.masikip@asb....", "021-ass", "New Zealand", "Other", "Kiwi77nz", "ass123", "false") (21.9s)
When I confirm details on the Summary page
UniqueId: 
Title: Ms
FirstName: COB-wIKbL
MiddleName: COB-qFfyC
LastName: COB-ErxFc
Email: mark.masikip@asb.co.nz
Gender: 
DateOfBirth: 1/21/1948 12:00:00 AM
DateCreated: 
LastReviewDate: 
Cals: 
IsIndividual: 
NzCitizen: 
NzResidence: 
HighValueCustomer: 
StaffMember: 
AmlVerified: 
VipCustomer: 
Addresses: System.Collections.Generic.List`1[ASB.Selenium.DataModel.Customer.Address]
AddressInformation: ASB.Selenium.DataModel.Customer.AddressInformation
CompanyName: 
CompanyType: 
CompanySubType: 
CustomerTypeCode: 
IrdNumber: 
TaxClass: 
TaxClassDate: 
IsNzTaxResident: True
NonResidentCountryCode: 
IsForeignTaxResident: False
ForeignTaxResidencyStatus: 
IsProfileEnhanced: 
Phones: System.Collections.Generic.List`1[ASB.Selenium.DataModel.Customer.Phone]
NextOfKin: 
EmploymentDetails: 
LinkedCustomers: 
AccountRelationships: 
IdType: 
Fatca: ASB.Selenium.DataModel.Customer.Fatca
CitizenshipCountryCodes: 
CitizenshipCountryNames: System.Collections.Generic.List`1[System.String]
ForeignTaxResidenceTypes: System.Collections.Generic.List`1[ASB.Selenium.DataModel.Customer.ForeignTaxResidenceTypes]
OnboardingDetail: ASB.Selenium.DataModel.Customer.OnboardingDetail
AddressVerificationStatus: 
IdVerificationStatus: 
PreferredIdType: Other
IsProfileComplete: True
DaysRemaining: 0
OnboardingStatus: 
NewAccounts: System.Collections.Generic.List`1[ASB.Selenium.DataModel.Customer.Accounts]
FailedAccounts: System.Collections.Generic.List`1[ASB.Selenium.DataModel.Customer.Accounts]
OnboardingSource: JoinASB
CustomerCreated: 
LoginCreated: 
RegisteredForNetcode: 
AccountsCreated: 
CustomerAccessToken: 
VerificationPassword: ass123
LoginDetail: ASB.Selenium.DataModel.Customer.Login
CustomerType: 
Cif: 
Username: ccob78835
UsernameApi: 
Password: Kiwi77nz
PublicKey: 
AcceptedTermsAndConditions: 
BackgroundCheckConsent: 
PreferredIdType: 
-> done: SummaryPageSteps.WhenIConfirmDetailsOnTheSummaryPage() (3.0s)
Then the Logging you in progress page is displayed
-> done: ConfirmationPageSteps.ThenTheLoggingYouInProgressPageIsDisplayed() (23.9s)
And the Activation page is displayed
11/23/2017 3:50:22 AMThenTheActivationPageIsDisplayed: IsActivationPageDisplayed STARTED
11/23/2017 3:50:22 AMThenTheActivationPageIsDisplayed: IsActivationPageDisplayed DONE
11/23/2017 3:50:22 AMThenTheActivationPageIsDisplayed: IsSectionDisplayed STARTED
11/23/2017 3:50:27 AMThenTheActivationPageIsDisplayed: IsSectionDisplayed DONE
-> done: ActivationSummarySteps.ThenTheActivationPageIsDisplayed() (9.4s)
And the account number and product name is displayed for the selected products
==> Successfully created: Streamline transaction account:
12-3629-0376148-00
==> Successfully created: ASB Visa Debit card:
Issued for delivery within a week
==> Successfully created: Savings On Call:
12-3629-0376148-50
==> Successfully created: FastSaver:
12-3629-0376148-51
-> done: ActivationSummarySteps.ThenTheAccountNumberAndProductNameIsDisplayedForTheSelectedProducts() (27.3s)
]]></output>
                  </test-case>
                  <test-case id="0-1080" name="ACTSUM_09_VisaDebitSTP(&quot;No FastSaver - Mx Male&quot;,&quot;Streamline intro,ASB Visa Debit Streamline Intro,Savings On Call&quot;,&quot;ass&quot;,&quot;ass&quot;,&quot;ass&quot;,&quot;ass&quot;,System.String[])" fullname="Join.Form.Customer.Selenium.Features._08_ActivateSummaryFeature.ACTSUM_09_VisaDebitSTP(&quot;No FastSaver - Mx Male&quot;,&quot;Streamline intro,ASB Visa Debit Streamline Intro,Savings On Call&quot;,&quot;ass&quot;,&quot;ass&quot;,&quot;ass&quot;,&quot;ass&quot;,System.String[])" methodname="ACTSUM_09_VisaDebitSTP" classname="Join.Form.Customer.Selenium.Features._08_ActivateSummaryFeature" runstate="Runnable" seed="1245720971" result="Passed" start-time="2017-11-22 14:50:59Z" end-time="2017-11-22 14:52:39Z" duration="99.810757" asserts="15">
                    <properties />
                    <output><![CDATA[Given I start my Streamline application
Navigating to URL: https://webappisamdev.asbbank.co.nz/public/join/asb/max?grcDisabled=true&fncJunction=fnc104
-> done: CommonSteps.GivenIStartMyStreamlineApplication() (0.8s)
Given I select the following products: 'Streamline intro,ASB Visa Debit Streamline Intro,Savings On Call'
11/23/2017 3:51:11 AMWaitForFeaturesPageLoad: Executing WaitForFrameAndSwitch
11/23/2017 3:51:11 AMWaitForFeaturesPageLoad: Done executing WaitForFrameAndSwitch
Unable to find product 'Savings On Call' in page or product 'Savings On Call' is not selected
Unable to find product 'FastSaver' in page or product 'FastSaver' is not selected
Unable to find product 'FastSaver' in page or product 'FastSaver' is not selected
-> done: ProductsPageSteps.WhenIChangeMySelectedProductsTo("Streamline intro,...") (17.2s)
And I enter personal and login details ass,ass,ass,ass,ass,mark.masikip@asb.co.nz,021-ass,New Zealand,Other,Kiwi77nz,ass123,false
Given I enter mandatory Tax Information for NZ citizen and clicks on Next button
-> done: AdditionalPersonalDetailsSteps.GivenIEnterMandatoryTaxInformationForNZCitizen() (0.5s)
-> done: PersonalDetailsSteps.GivenIEnterPersonalAndLoginDetails("ass", "ass", "ass", "ass", "ass", "mark.masikip@asb....", "021-ass", "New Zealand", "Other", "Kiwi77nz", "ass123", "false") (24.2s)
When I confirm details on the Summary page
UniqueId: 
Title: Mx
FirstName: COB-WOcGo
MiddleName: COB-Pnogu
LastName: COB-cFWCZ
Email: mark.masikip@asb.co.nz
Gender: 
DateOfBirth: 9/1/1928 12:00:00 AM
DateCreated: 
LastReviewDate: 
Cals: 
IsIndividual: 
NzCitizen: 
NzResidence: 
HighValueCustomer: 
StaffMember: 
AmlVerified: 
VipCustomer: 
Addresses: System.Collections.Generic.List`1[ASB.Selenium.DataModel.Customer.Address]
AddressInformation: ASB.Selenium.DataModel.Customer.AddressInformation
CompanyName: 
CompanyType: 
CompanySubType: 
CustomerTypeCode: 
IrdNumber: 
TaxClass: 
TaxClassDate: 
IsNzTaxResident: True
NonResidentCountryCode: 
IsForeignTaxResident: False
ForeignTaxResidencyStatus: 
IsProfileEnhanced: 
Phones: System.Collections.Generic.List`1[ASB.Selenium.DataModel.Customer.Phone]
NextOfKin: 
EmploymentDetails: 
LinkedCustomers: 
AccountRelationships: 
IdType: 
Fatca: ASB.Selenium.DataModel.Customer.Fatca
CitizenshipCountryCodes: 
CitizenshipCountryNames: System.Collections.Generic.List`1[System.String]
ForeignTaxResidenceTypes: System.Collections.Generic.List`1[ASB.Selenium.DataModel.Customer.ForeignTaxResidenceTypes]
OnboardingDetail: ASB.Selenium.DataModel.Customer.OnboardingDetail
AddressVerificationStatus: 
IdVerificationStatus: 
PreferredIdType: Other
IsProfileComplete: True
DaysRemaining: 0
OnboardingStatus: 
NewAccounts: System.Collections.Generic.List`1[ASB.Selenium.DataModel.Customer.Accounts]
FailedAccounts: System.Collections.Generic.List`1[ASB.Selenium.DataModel.Customer.Accounts]
OnboardingSource: JoinASB
CustomerCreated: 
LoginCreated: 
RegisteredForNetcode: 
AccountsCreated: 
CustomerAccessToken: 
VerificationPassword: ass123
LoginDetail: ASB.Selenium.DataModel.Customer.Login
CustomerType: 
Cif: 
Username: ccob78071
UsernameApi: 
Password: Kiwi77nz
PublicKey: 
AcceptedTermsAndConditions: 
BackgroundCheckConsent: 
PreferredIdType: 
-> done: SummaryPageSteps.WhenIConfirmDetailsOnTheSummaryPage() (2.8s)
Then the Logging you in progress page is displayed
-> done: ConfirmationPageSteps.ThenTheLoggingYouInProgressPageIsDisplayed() (17.5s)
And the Activation page is displayed
11/23/2017 3:52:04 AMThenTheActivationPageIsDisplayed: IsActivationPageDisplayed STARTED
11/23/2017 3:52:05 AMThenTheActivationPageIsDisplayed: IsActivationPageDisplayed DONE
11/23/2017 3:52:05 AMThenTheActivationPageIsDisplayed: IsSectionDisplayed STARTED
11/23/2017 3:52:07 AMThenTheActivationPageIsDisplayed: IsSectionDisplayed DONE
-> done: ActivationSummarySteps.ThenTheActivationPageIsDisplayed() (7.0s)
And the account number and product name is displayed for the selected products
==> Successfully created: Streamline transaction account:
12-3629-0376156-00
==> Successfully created: ASB Visa Debit card:
Issued for delivery within a week
==> Successfully created: Savings On Call:
12-3629-0376156-50
-> done: ActivationSummarySteps.ThenTheAccountNumberAndProductNameIsDisplayedForTheSelectedProducts() (27.0s)
]]></output>
                  </test-case>
                  <test-case id="0-1081" name="ACTSUM_09_VisaDebitSTP(&quot;All products - Mx Female&quot;,&quot;Streamline intro,ASB Visa Debit Streamline Intro,Savings On Call,FastSaver&quot;,&quot;ass&quot;,&quot;ass&quot;,&quot;ass&quot;,&quot;ass&quot;,System.String[])" fullname="Join.Form.Customer.Selenium.Features._08_ActivateSummaryFeature.ACTSUM_09_VisaDebitSTP(&quot;All products - Mx Female&quot;,&quot;Streamline intro,ASB Visa Debit Streamline Intro,Savings On Call,FastSaver&quot;,&quot;ass&quot;,&quot;ass&quot;,&quot;ass&quot;,&quot;ass&quot;,System.String[])" methodname="ACTSUM_09_VisaDebitSTP" classname="Join.Form.Customer.Selenium.Features._08_ActivateSummaryFeature" runstate="Runnable" seed="2027891700" result="Passed" start-time="2017-11-22 14:52:39Z" end-time="2017-11-22 14:54:28Z" duration="108.709301" asserts="16">
                    <properties />
                    <output><![CDATA[Given I start my Streamline application
Navigating to URL: https://webappisamdev.asbbank.co.nz/public/join/asb/max?grcDisabled=true&fncJunction=fnc104
-> done: CommonSteps.GivenIStartMyStreamlineApplication() (0.6s)
Given I select the following products: 'Streamline intro,ASB Visa Debit Streamline Intro,Savings On Call,FastSaver'
11/23/2017 3:52:51 AMWaitForFeaturesPageLoad: Executing WaitForFrameAndSwitch
11/23/2017 3:52:51 AMWaitForFeaturesPageLoad: Done executing WaitForFrameAndSwitch
Unable to find product 'Savings On Call' in page or product 'Savings On Call' is not selected
Unable to find product 'FastSaver' in page or product 'FastSaver' is not selected
-> done: ProductsPageSteps.WhenIChangeMySelectedProductsTo("Streamline intro,...") (19.4s)
And I enter personal and login details ass,ass,ass,ass,ass,mark.masikip@asb.co.nz,021-ass,New Zealand,Other,Kiwi77nz,ass123,false
Given I enter mandatory Tax Information for NZ citizen and clicks on Next button
-> done: AdditionalPersonalDetailsSteps.GivenIEnterMandatoryTaxInformationForNZCitizen() (0.6s)
-> done: PersonalDetailsSteps.GivenIEnterPersonalAndLoginDetails("ass", "ass", "ass", "ass", "ass", "mark.masikip@asb....", "021-ass", "New Zealand", "Other", "Kiwi77nz", "ass123", "false") (28.8s)
When I confirm details on the Summary page
UniqueId: 
Title: Mx
FirstName: COB-vpgHy
MiddleName: COB-mqcHN
LastName: COB-drfPm
Email: mark.masikip@asb.co.nz
Gender: 
DateOfBirth: 10/2/1950 12:00:00 AM
DateCreated: 
LastReviewDate: 
Cals: 
IsIndividual: 
NzCitizen: 
NzResidence: 
HighValueCustomer: 
StaffMember: 
AmlVerified: 
VipCustomer: 
Addresses: System.Collections.Generic.List`1[ASB.Selenium.DataModel.Customer.Address]
AddressInformation: ASB.Selenium.DataModel.Customer.AddressInformation
CompanyName: 
CompanyType: 
CompanySubType: 
CustomerTypeCode: 
IrdNumber: 
TaxClass: 
TaxClassDate: 
IsNzTaxResident: True
NonResidentCountryCode: 
IsForeignTaxResident: False
ForeignTaxResidencyStatus: 
IsProfileEnhanced: 
Phones: System.Collections.Generic.List`1[ASB.Selenium.DataModel.Customer.Phone]
NextOfKin: 
EmploymentDetails: 
LinkedCustomers: 
AccountRelationships: 
IdType: 
Fatca: ASB.Selenium.DataModel.Customer.Fatca
CitizenshipCountryCodes: 
CitizenshipCountryNames: System.Collections.Generic.List`1[System.String]
ForeignTaxResidenceTypes: System.Collections.Generic.List`1[ASB.Selenium.DataModel.Customer.ForeignTaxResidenceTypes]
OnboardingDetail: ASB.Selenium.DataModel.Customer.OnboardingDetail
AddressVerificationStatus: 
IdVerificationStatus: 
PreferredIdType: Other
IsProfileComplete: True
DaysRemaining: 0
OnboardingStatus: 
NewAccounts: System.Collections.Generic.List`1[ASB.Selenium.DataModel.Customer.Accounts]
FailedAccounts: System.Collections.Generic.List`1[ASB.Selenium.DataModel.Customer.Accounts]
OnboardingSource: JoinASB
CustomerCreated: 
LoginCreated: 
RegisteredForNetcode: 
AccountsCreated: 
CustomerAccessToken: 
VerificationPassword: ass123
LoginDetail: ASB.Selenium.DataModel.Customer.Login
CustomerType: 
Cif: 
Username: ccob93407
UsernameApi: 
Password: Kiwi77nz
PublicKey: 
AcceptedTermsAndConditions: 
BackgroundCheckConsent: 
PreferredIdType: 
-> done: SummaryPageSteps.WhenIConfirmDetailsOnTheSummaryPage() (2.8s)
Then the Logging you in progress page is displayed
-> done: ConfirmationPageSteps.ThenTheLoggingYouInProgressPageIsDisplayed() (17.2s)
And the Activation page is displayed
11/23/2017 3:53:50 AMThenTheActivationPageIsDisplayed: IsActivationPageDisplayed STARTED
11/23/2017 3:53:51 AMThenTheActivationPageIsDisplayed: IsActivationPageDisplayed DONE
11/23/2017 3:53:51 AMThenTheActivationPageIsDisplayed: IsSectionDisplayed STARTED
11/23/2017 3:53:55 AMThenTheActivationPageIsDisplayed: IsSectionDisplayed DONE
-> done: ActivationSummarySteps.ThenTheActivationPageIsDisplayed() (9.2s)
And the account number and product name is displayed for the selected products
==> Successfully created: Streamline transaction account:
12-3629-0376164-00
==> Successfully created: ASB Visa Debit card:
Issued for delivery within a week
==> Successfully created: Savings On Call:
12-3629-0376164-50
==> Successfully created: FastSaver:
12-3629-0376164-51
-> done: ActivationSummarySteps.ThenTheAccountNumberAndProductNameIsDisplayedForTheSelectedProducts() (27.3s)
]]></output>
                  </test-case>
                </test-suite>
                <test-suite type="ParameterizedMethod" id="0-1091" name="ACTSUM_10_VisaDebitSTPProfanityCheck" fullname="Join.Form.Customer.Selenium.Features._08_ActivateSummaryFeature.ACTSUM_10_VisaDebitSTPProfanityCheck" classname="Join.Form.Customer.Selenium.Features._08_ActivateSummaryFeature" runstate="Runnable" testcasecount="8" result="Passed" start-time="2017-11-22 14:54:28Z" end-time="2017-11-22 15:07:20Z" duration="772.526439" total="8" passed="8" failed="0" warnings="0" inconclusive="0" skipped="0" asserts="120">
                  <properties>
                    <property name="Description" value="ACTSUM_10 - Visa Debit STP Profanity Check" />
                    <property name="Category" value="COB" />
                    <property name="Category" value="activatesummary" />
                    <property name="Category" value="regression" />
                    <property name="Category" value="offline" />
                    <property name="Category" value="integration" />
                    <property name="Category" value="072016" />
                    <property name="Category" value="112017" />
                  </properties>
                  <test-case id="0-1083" name="ACTSUM_10_VisaDebitSTPProfanityCheck(&quot;Firstname Only&quot;,&quot;ass&quot;,&quot;Sam&quot;,&quot;ass&quot;,&quot;ass123&quot;,&quot;true&quot;,System.String[])" fullname="Join.Form.Customer.Selenium.Features._08_ActivateSummaryFeature.ACTSUM_10_VisaDebitSTPProfanityCheck(&quot;Firstname Only&quot;,&quot;ass&quot;,&quot;Sam&quot;,&quot;ass&quot;,&quot;ass123&quot;,&quot;true&quot;,System.String[])" methodname="ACTSUM_10_VisaDebitSTPProfanityCheck" classname="Join.Form.Customer.Selenium.Features._08_ActivateSummaryFeature" runstate="Runnable" seed="1740930104" result="Passed" start-time="2017-11-22 14:54:28Z" end-time="2017-11-22 14:56:14Z" duration="106.362097" asserts="15">
                    <properties />
                    <output><![CDATA[Given I start my Streamline application
Navigating to URL: https://webappisamdev.asbbank.co.nz/public/join/asb/max?grcDisabled=true&fncJunction=fnc104
-> done: CommonSteps.GivenIStartMyStreamlineApplication() (0.9s)
Given I am in the Personal Details page
11/23/2017 3:54:40 AMWaitForFeaturesPageLoad: Executing WaitForFrameAndSwitch
11/23/2017 3:54:40 AMWaitForFeaturesPageLoad: Done executing WaitForFrameAndSwitch
Unable to find product 'Savings On Call' in page or product 'Savings On Call' is not selected
Unable to find product 'FastSaver' in page or product 'FastSaver' is not selected
-> done: PersonalDetailsSteps.GivenIAmInThePersonalDetailsPage() (13.6s)
And I enter personal and login details Mr,ass,Sam,ass,ass,mark.masikip@asb.co.nz,021-ass,New Zealand,Other,Kiwi77nz,ass123,true
Given I enter mandatory Tax Information for NZ citizen and clicks on Next button
-> done: AdditionalPersonalDetailsSteps.GivenIEnterMandatoryTaxInformationForNZCitizen() (0.5s)
-> done: PersonalDetailsSteps.GivenIEnterPersonalAndLoginDetails("Mr", "ass", "Sam", "ass", "ass", "mark.masikip@asb....", "021-ass", "New Zealand", "Other", "Kiwi77nz", "ass123", "true") (33.8s)
When I confirm details on the Summary page
UniqueId: 
Title: Mr
FirstName: ass
MiddleName: Sam
LastName: ass
Email: mark.masikip@asb.co.nz
Gender: 
DateOfBirth: 1/11/1932 12:00:00 AM
DateCreated: 
LastReviewDate: 
Cals: 
IsIndividual: 
NzCitizen: 
NzResidence: 
HighValueCustomer: 
StaffMember: 
AmlVerified: 
VipCustomer: 
Addresses: System.Collections.Generic.List`1[ASB.Selenium.DataModel.Customer.Address]
AddressInformation: ASB.Selenium.DataModel.Customer.AddressInformation
CompanyName: 
CompanyType: 
CompanySubType: 
CustomerTypeCode: 
IrdNumber: 
TaxClass: 
TaxClassDate: 
IsNzTaxResident: True
NonResidentCountryCode: 
IsForeignTaxResident: False
ForeignTaxResidencyStatus: 
IsProfileEnhanced: 
Phones: System.Collections.Generic.List`1[ASB.Selenium.DataModel.Customer.Phone]
NextOfKin: 
EmploymentDetails: 
LinkedCustomers: 
AccountRelationships: 
IdType: 
Fatca: ASB.Selenium.DataModel.Customer.Fatca
CitizenshipCountryCodes: 
CitizenshipCountryNames: System.Collections.Generic.List`1[System.String]
ForeignTaxResidenceTypes: System.Collections.Generic.List`1[ASB.Selenium.DataModel.Customer.ForeignTaxResidenceTypes]
OnboardingDetail: ASB.Selenium.DataModel.Customer.OnboardingDetail
AddressVerificationStatus: 
IdVerificationStatus: 
PreferredIdType: Other
IsProfileComplete: True
DaysRemaining: 0
OnboardingStatus: 
NewAccounts: System.Collections.Generic.List`1[ASB.Selenium.DataModel.Customer.Accounts]
FailedAccounts: System.Collections.Generic.List`1[ASB.Selenium.DataModel.Customer.Accounts]
OnboardingSource: JoinASB
CustomerCreated: 
LoginCreated: 
RegisteredForNetcode: 
AccountsCreated: 
CustomerAccessToken: 
VerificationPassword: ass123
LoginDetail: ASB.Selenium.DataModel.Customer.Login
CustomerType: 
Cif: 
Username: fwin57954
UsernameApi: 
Password: Kiwi77nz
PublicKey: 
AcceptedTermsAndConditions: 
BackgroundCheckConsent: 
PreferredIdType: 
-> done: SummaryPageSteps.WhenIConfirmDetailsOnTheSummaryPage() (2.9s)
Then the Logging you in progress page is displayed
-> done: ConfirmationPageSteps.ThenTheLoggingYouInProgressPageIsDisplayed() (18.3s)
And the Activation page is displayed
11/23/2017 3:55:39 AMThenTheActivationPageIsDisplayed: IsActivationPageDisplayed STARTED
11/23/2017 3:55:40 AMThenTheActivationPageIsDisplayed: IsActivationPageDisplayed DONE
11/23/2017 3:55:40 AMThenTheActivationPageIsDisplayed: IsSectionDisplayed STARTED
11/23/2017 3:55:42 AMThenTheActivationPageIsDisplayed: IsSectionDisplayed DONE
-> done: ActivationSummarySteps.ThenTheActivationPageIsDisplayed() (6.8s)
And the account number and product name is displayed for the selected products
==> Successfully created: Streamline transaction account:
12-3629-0376172-00
==> Successfully requested: ASB Visa Debit card:
Successfully requested
-> done: ActivationSummarySteps.ThenTheAccountNumberAndProductNameIsDisplayedForTheSelectedProducts() (26.9s)
]]></output>
                  </test-case>
                  <test-case id="0-1084" name="ACTSUM_10_VisaDebitSTPProfanityCheck(&quot;Middlename Only&quot;,&quot;ass&quot;,&quot;ass&quot;,&quot;ass&quot;,&quot;ass123&quot;,&quot;true&quot;,System.String[])" fullname="Join.Form.Customer.Selenium.Features._08_ActivateSummaryFeature.ACTSUM_10_VisaDebitSTPProfanityCheck(&quot;Middlename Only&quot;,&quot;ass&quot;,&quot;ass&quot;,&quot;ass&quot;,&quot;ass123&quot;,&quot;true&quot;,System.String[])" methodname="ACTSUM_10_VisaDebitSTPProfanityCheck" classname="Join.Form.Customer.Selenium.Features._08_ActivateSummaryFeature" runstate="Runnable" seed="856165289" result="Passed" start-time="2017-11-22 14:56:14Z" end-time="2017-11-22 14:57:50Z" duration="95.720653" asserts="15">
                    <properties />
                    <output><![CDATA[Given I start my Streamline application
Navigating to URL: https://webappisamdev.asbbank.co.nz/public/join/asb/max?grcDisabled=true&fncJunction=fnc104
-> done: CommonSteps.GivenIStartMyStreamlineApplication() (0.6s)
Given I am in the Personal Details page
11/23/2017 3:56:26 AMWaitForFeaturesPageLoad: Executing WaitForFrameAndSwitch
11/23/2017 3:56:26 AMWaitForFeaturesPageLoad: Done executing WaitForFrameAndSwitch
Unable to find product 'Savings On Call' in page or product 'Savings On Call' is not selected
Unable to find product 'FastSaver' in page or product 'FastSaver' is not selected
-> done: PersonalDetailsSteps.GivenIAmInThePersonalDetailsPage() (13.0s)
And I enter personal and login details Mr,ass,ass,ass,ass,mark.masikip@asb.co.nz,021-ass,New Zealand,Other,Kiwi77nz,ass123,true
Given I enter mandatory Tax Information for NZ citizen and clicks on Next button
-> done: AdditionalPersonalDetailsSteps.GivenIEnterMandatoryTaxInformationForNZCitizen() (0.6s)
-> done: PersonalDetailsSteps.GivenIEnterPersonalAndLoginDetails("Mr", "ass", "ass", "ass", "ass", "mark.masikip@asb....", "021-ass", "New Zealand", "Other", "Kiwi77nz", "ass123", "true") (25.9s)
When I confirm details on the Summary page
UniqueId: 
Title: Mr
FirstName: ass
MiddleName: ass
LastName: ass
Email: mark.masikip@asb.co.nz
Gender: 
DateOfBirth: 1/10/1951 12:00:00 AM
DateCreated: 
LastReviewDate: 
Cals: 
IsIndividual: 
NzCitizen: 
NzResidence: 
HighValueCustomer: 
StaffMember: 
AmlVerified: 
VipCustomer: 
Addresses: System.Collections.Generic.List`1[ASB.Selenium.DataModel.Customer.Address]
AddressInformation: ASB.Selenium.DataModel.Customer.AddressInformation
CompanyName: 
CompanyType: 
CompanySubType: 
CustomerTypeCode: 
IrdNumber: 
TaxClass: 
TaxClassDate: 
IsNzTaxResident: True
NonResidentCountryCode: 
IsForeignTaxResident: False
ForeignTaxResidencyStatus: 
IsProfileEnhanced: 
Phones: System.Collections.Generic.List`1[ASB.Selenium.DataModel.Customer.Phone]
NextOfKin: 
EmploymentDetails: 
LinkedCustomers: 
AccountRelationships: 
IdType: 
Fatca: ASB.Selenium.DataModel.Customer.Fatca
CitizenshipCountryCodes: 
CitizenshipCountryNames: System.Collections.Generic.List`1[System.String]
ForeignTaxResidenceTypes: System.Collections.Generic.List`1[ASB.Selenium.DataModel.Customer.ForeignTaxResidenceTypes]
OnboardingDetail: ASB.Selenium.DataModel.Customer.OnboardingDetail
AddressVerificationStatus: 
IdVerificationStatus: 
PreferredIdType: Other
IsProfileComplete: True
DaysRemaining: 0
OnboardingStatus: 
NewAccounts: System.Collections.Generic.List`1[ASB.Selenium.DataModel.Customer.Accounts]
FailedAccounts: System.Collections.Generic.List`1[ASB.Selenium.DataModel.Customer.Accounts]
OnboardingSource: JoinASB
CustomerCreated: 
LoginCreated: 
RegisteredForNetcode: 
AccountsCreated: 
CustomerAccessToken: 
VerificationPassword: ass123
LoginDetail: ASB.Selenium.DataModel.Customer.Login
CustomerType: 
Cif: 
Username: fwol92392
UsernameApi: 
Password: Kiwi77nz
PublicKey: 
AcceptedTermsAndConditions: 
BackgroundCheckConsent: 
PreferredIdType: 
-> done: SummaryPageSteps.WhenIConfirmDetailsOnTheSummaryPage() (2.8s)
Then the Logging you in progress page is displayed
-> done: ConfirmationPageSteps.ThenTheLoggingYouInProgressPageIsDisplayed() (16.4s)
And the Activation page is displayed
11/23/2017 3:57:15 AMThenTheActivationPageIsDisplayed: IsActivationPageDisplayed STARTED
11/23/2017 3:57:15 AMThenTheActivationPageIsDisplayed: IsActivationPageDisplayed DONE
11/23/2017 3:57:15 AMThenTheActivationPageIsDisplayed: IsSectionDisplayed STARTED
11/23/2017 3:57:18 AMThenTheActivationPageIsDisplayed: IsSectionDisplayed DONE
-> done: ActivationSummarySteps.ThenTheActivationPageIsDisplayed() (6.8s)
And the account number and product name is displayed for the selected products
==> Successfully created: Streamline transaction account:
12-3629-0376180-00
==> Successfully requested: ASB Visa Debit card:
Successfully requested
-> done: ActivationSummarySteps.ThenTheAccountNumberAndProductNameIsDisplayedForTheSelectedProducts() (26.9s)
]]></output>
                  </test-case>
                  <test-case id="0-1085" name="ACTSUM_10_VisaDebitSTPProfanityCheck(&quot;Lastname Only&quot;,&quot;ass&quot;,&quot;ass&quot;,&quot;ass&quot;,&quot;ass123&quot;,&quot;true&quot;,System.String[])" fullname="Join.Form.Customer.Selenium.Features._08_ActivateSummaryFeature.ACTSUM_10_VisaDebitSTPProfanityCheck(&quot;Lastname Only&quot;,&quot;ass&quot;,&quot;ass&quot;,&quot;ass&quot;,&quot;ass123&quot;,&quot;true&quot;,System.String[])" methodname="ACTSUM_10_VisaDebitSTPProfanityCheck" classname="Join.Form.Customer.Selenium.Features._08_ActivateSummaryFeature" runstate="Runnable" seed="1953675351" result="Passed" start-time="2017-11-22 14:57:50Z" end-time="2017-11-22 14:59:18Z" duration="88.095526" asserts="15">
                    <properties />
                    <output><![CDATA[Given I start my Streamline application
Navigating to URL: https://webappisamdev.asbbank.co.nz/public/join/asb/max?grcDisabled=true&fncJunction=fnc104
-> done: CommonSteps.GivenIStartMyStreamlineApplication() (0.7s)
Given I am in the Personal Details page
11/23/2017 3:58:02 AMWaitForFeaturesPageLoad: Executing WaitForFrameAndSwitch
11/23/2017 3:58:02 AMWaitForFeaturesPageLoad: Done executing WaitForFrameAndSwitch
Unable to find product 'Savings On Call' in page or product 'Savings On Call' is not selected
Unable to find product 'FastSaver' in page or product 'FastSaver' is not selected
-> done: PersonalDetailsSteps.GivenIAmInThePersonalDetailsPage() (13.1s)
And I enter personal and login details Mr,ass,ass,ass,ass,mark.masikip@asb.co.nz,021-ass,New Zealand,Other,Kiwi77nz,ass123,true
Given I enter mandatory Tax Information for NZ citizen and clicks on Next button
-> done: AdditionalPersonalDetailsSteps.GivenIEnterMandatoryTaxInformationForNZCitizen() (0.5s)
-> done: PersonalDetailsSteps.GivenIEnterPersonalAndLoginDetails("Mr", "ass", "ass", "ass", "ass", "mark.masikip@asb....", "021-ass", "New Zealand", "Other", "Kiwi77nz", "ass123", "true") (20.8s)
When I confirm details on the Summary page
UniqueId: 
Title: Mr
FirstName: ass
MiddleName: ass
LastName: ass
Email: mark.masikip@asb.co.nz
Gender: 
DateOfBirth: 3/9/1938 12:00:00 AM
DateCreated: 
LastReviewDate: 
Cals: 
IsIndividual: 
NzCitizen: 
NzResidence: 
HighValueCustomer: 
StaffMember: 
AmlVerified: 
VipCustomer: 
Addresses: System.Collections.Generic.List`1[ASB.Selenium.DataModel.Customer.Address]
AddressInformation: ASB.Selenium.DataModel.Customer.AddressInformation
CompanyName: 
CompanyType: 
CompanySubType: 
CustomerTypeCode: 
IrdNumber: 
TaxClass: 
TaxClassDate: 
IsNzTaxResident: True
NonResidentCountryCode: 
IsForeignTaxResident: False
ForeignTaxResidencyStatus: 
IsProfileEnhanced: 
Phones: System.Collections.Generic.List`1[ASB.Selenium.DataModel.Customer.Phone]
NextOfKin: 
EmploymentDetails: 
LinkedCustomers: 
AccountRelationships: 
IdType: 
Fatca: ASB.Selenium.DataModel.Customer.Fatca
CitizenshipCountryCodes: 
CitizenshipCountryNames: System.Collections.Generic.List`1[System.String]
ForeignTaxResidenceTypes: System.Collections.Generic.List`1[ASB.Selenium.DataModel.Customer.ForeignTaxResidenceTypes]
OnboardingDetail: ASB.Selenium.DataModel.Customer.OnboardingDetail
AddressVerificationStatus: 
IdVerificationStatus: 
PreferredIdType: Other
IsProfileComplete: True
DaysRemaining: 0
OnboardingStatus: 
NewAccounts: System.Collections.Generic.List`1[ASB.Selenium.DataModel.Customer.Accounts]
FailedAccounts: System.Collections.Generic.List`1[ASB.Selenium.DataModel.Customer.Accounts]
OnboardingSource: JoinASB
CustomerCreated: 
LoginCreated: 
RegisteredForNetcode: 
AccountsCreated: 
CustomerAccessToken: 
VerificationPassword: ass123
LoginDetail: ASB.Selenium.DataModel.Customer.Login
CustomerType: 
Cif: 
Username: fhit57398
UsernameApi: 
Password: Kiwi77nz
PublicKey: 
AcceptedTermsAndConditions: 
BackgroundCheckConsent: 
PreferredIdType: 
-> done: SummaryPageSteps.WhenIConfirmDetailsOnTheSummaryPage() (2.8s)
Then the Logging you in progress page is displayed
-> done: ConfirmationPageSteps.ThenTheLoggingYouInProgressPageIsDisplayed() (13.8s)
And the Activation page is displayed
11/23/2017 3:58:43 AMThenTheActivationPageIsDisplayed: IsActivationPageDisplayed STARTED
11/23/2017 3:58:44 AMThenTheActivationPageIsDisplayed: IsActivationPageDisplayed DONE
11/23/2017 3:58:44 AMThenTheActivationPageIsDisplayed: IsSectionDisplayed STARTED
11/23/2017 3:58:46 AMThenTheActivationPageIsDisplayed: IsSectionDisplayed DONE
-> done: ActivationSummarySteps.ThenTheActivationPageIsDisplayed() (6.8s)
And the account number and product name is displayed for the selected products
==> Successfully created: Streamline transaction account:
12-3629-0376199-00
==> Successfully requested: ASB Visa Debit card:
Successfully requested
-> done: ActivationSummarySteps.ThenTheAccountNumberAndProductNameIsDisplayedForTheSelectedProducts() (26.9s)
]]></output>
                  </test-case>
                  <test-case id="0-1086" name="ACTSUM_10_VisaDebitSTPProfanityCheck(&quot;All name fields&quot;,&quot;ass&quot;,&quot;ass&quot;,&quot;ass&quot;,&quot;ass123&quot;,&quot;true&quot;,System.String[])" fullname="Join.Form.Customer.Selenium.Features._08_ActivateSummaryFeature.ACTSUM_10_VisaDebitSTPProfanityCheck(&quot;All name fields&quot;,&quot;ass&quot;,&quot;ass&quot;,&quot;ass&quot;,&quot;ass123&quot;,&quot;true&quot;,System.String[])" methodname="ACTSUM_10_VisaDebitSTPProfanityCheck" classname="Join.Form.Customer.Selenium.Features._08_ActivateSummaryFeature" runstate="Runnable" seed="1245367469" result="Passed" start-time="2017-11-22 14:59:18Z" end-time="2017-11-22 15:01:05Z" duration="106.423419" asserts="15">
                    <properties />
                    <output><![CDATA[Given I start my Streamline application
Navigating to URL: https://webappisamdev.asbbank.co.nz/public/join/asb/max?grcDisabled=true&fncJunction=fnc104
-> done: CommonSteps.GivenIStartMyStreamlineApplication() (0.6s)
Given I am in the Personal Details page
11/23/2017 3:59:30 AMWaitForFeaturesPageLoad: Executing WaitForFrameAndSwitch
11/23/2017 3:59:30 AMWaitForFeaturesPageLoad: Done executing WaitForFrameAndSwitch
Unable to find product 'Savings On Call' in page or product 'Savings On Call' is not selected
Unable to find product 'FastSaver' in page or product 'FastSaver' is not selected
-> done: PersonalDetailsSteps.GivenIAmInThePersonalDetailsPage() (13.0s)
And I enter personal and login details Mr,ass,ass,ass,ass,mark.masikip@asb.co.nz,021-ass,New Zealand,Other,Kiwi77nz,ass123,true
Given I enter mandatory Tax Information for NZ citizen and clicks on Next button
-> done: AdditionalPersonalDetailsSteps.GivenIEnterMandatoryTaxInformationForNZCitizen() (0.5s)
-> done: PersonalDetailsSteps.GivenIEnterPersonalAndLoginDetails("Mr", "ass", "ass", "ass", "ass", "mark.masikip@asb....", "021-ass", "New Zealand", "Other", "Kiwi77nz", "ass123", "true") (24.0s)
When I confirm details on the Summary page
UniqueId: 
Title: Mr
FirstName: ass
MiddleName: ass
LastName: ass
Email: mark.masikip@asb.co.nz
Gender: 
DateOfBirth: 12/18/1983 12:00:00 AM
DateCreated: 
LastReviewDate: 
Cals: 
IsIndividual: 
NzCitizen: 
NzResidence: 
HighValueCustomer: 
StaffMember: 
AmlVerified: 
VipCustomer: 
Addresses: System.Collections.Generic.List`1[ASB.Selenium.DataModel.Customer.Address]
AddressInformation: ASB.Selenium.DataModel.Customer.AddressInformation
CompanyName: 
CompanyType: 
CompanySubType: 
CustomerTypeCode: 
IrdNumber: 
TaxClass: 
TaxClassDate: 
IsNzTaxResident: True
NonResidentCountryCode: 
IsForeignTaxResident: False
ForeignTaxResidencyStatus: 
IsProfileEnhanced: 
Phones: System.Collections.Generic.List`1[ASB.Selenium.DataModel.Customer.Phone]
NextOfKin: 
EmploymentDetails: 
LinkedCustomers: 
AccountRelationships: 
IdType: 
Fatca: ASB.Selenium.DataModel.Customer.Fatca
CitizenshipCountryCodes: 
CitizenshipCountryNames: System.Collections.Generic.List`1[System.String]
ForeignTaxResidenceTypes: System.Collections.Generic.List`1[ASB.Selenium.DataModel.Customer.ForeignTaxResidenceTypes]
OnboardingDetail: ASB.Selenium.DataModel.Customer.OnboardingDetail
AddressVerificationStatus: 
IdVerificationStatus: 
PreferredIdType: Other
IsProfileComplete: True
DaysRemaining: 0
OnboardingStatus: 
NewAccounts: System.Collections.Generic.List`1[ASB.Selenium.DataModel.Customer.Accounts]
FailedAccounts: System.Collections.Generic.List`1[ASB.Selenium.DataModel.Customer.Accounts]
OnboardingSource: JoinASB
CustomerCreated: 
LoginCreated: 
RegisteredForNetcode: 
AccountsCreated: 
CustomerAccessToken: 
VerificationPassword: ass123
LoginDetail: ASB.Selenium.DataModel.Customer.Login
CustomerType: 
Cif: 
Username: nphu18674
UsernameApi: 
Password: Kiwi77nz
PublicKey: 
AcceptedTermsAndConditions: 
BackgroundCheckConsent: 
PreferredIdType: 
-> done: SummaryPageSteps.WhenIConfirmDetailsOnTheSummaryPage() (2.7s)
Then the Logging you in progress page is displayed
-> done: ConfirmationPageSteps.ThenTheLoggingYouInProgressPageIsDisplayed() (26.1s)
And the Activation page is displayed
11/23/2017 4:00:28 AMThenTheActivationPageIsDisplayed: IsActivationPageDisplayed STARTED
11/23/2017 4:00:28 AMThenTheActivationPageIsDisplayed: IsActivationPageDisplayed DONE
11/23/2017 4:00:28 AMThenTheActivationPageIsDisplayed: IsSectionDisplayed STARTED
11/23/2017 4:00:32 AMThenTheActivationPageIsDisplayed: IsSectionDisplayed DONE
-> done: ActivationSummarySteps.ThenTheActivationPageIsDisplayed() (9.8s)
And the account number and product name is displayed for the selected products
==> Successfully created: Streamline transaction account:
12-3629-0376201-00
==> Successfully requested: ASB Visa Debit card:
Successfully requested
-> done: ActivationSummarySteps.ThenTheAccountNumberAndProductNameIsDisplayedForTheSelectedProducts() (26.9s)
]]></output>
                  </test-case>
                  <test-case id="0-1087" name="ACTSUM_10_VisaDebitSTPProfanityCheck(&quot;Firstname Lastname&quot;,&quot;ass&quot;,&quot;ass&quot;,&quot;ass&quot;,&quot;ass123&quot;,&quot;true&quot;,System.String[])" fullname="Join.Form.Customer.Selenium.Features._08_ActivateSummaryFeature.ACTSUM_10_VisaDebitSTPProfanityCheck(&quot;Firstname Lastname&quot;,&quot;ass&quot;,&quot;ass&quot;,&quot;ass&quot;,&quot;ass123&quot;,&quot;true&quot;,System.String[])" methodname="ACTSUM_10_VisaDebitSTPProfanityCheck" classname="Join.Form.Customer.Selenium.Features._08_ActivateSummaryFeature" runstate="Runnable" seed="162757795" result="Passed" start-time="2017-11-22 15:01:05Z" end-time="2017-11-22 15:02:37Z" duration="92.360666" asserts="15">
                    <properties />
                    <output><![CDATA[Given I start my Streamline application
Navigating to URL: https://webappisamdev.asbbank.co.nz/public/join/asb/max?grcDisabled=true&fncJunction=fnc104
-> done: CommonSteps.GivenIStartMyStreamlineApplication() (0.9s)
Given I am in the Personal Details page
11/23/2017 4:01:16 AMWaitForFeaturesPageLoad: Executing WaitForFrameAndSwitch
11/23/2017 4:01:16 AMWaitForFeaturesPageLoad: Done executing WaitForFrameAndSwitch
Unable to find product 'Savings On Call' in page or product 'Savings On Call' is not selected
Unable to find product 'FastSaver' in page or product 'FastSaver' is not selected
-> done: PersonalDetailsSteps.GivenIAmInThePersonalDetailsPage() (13.0s)
And I enter personal and login details Mr,ass,ass,ass,ass,mark.masikip@asb.co.nz,021-ass,New Zealand,Other,Kiwi77nz,ass123,true
Given I enter mandatory Tax Information for NZ citizen and clicks on Next button
-> done: AdditionalPersonalDetailsSteps.GivenIEnterMandatoryTaxInformationForNZCitizen() (0.5s)
-> done: PersonalDetailsSteps.GivenIEnterPersonalAndLoginDetails("Mr", "ass", "ass", "ass", "ass", "mark.masikip@asb....", "021-ass", "New Zealand", "Other", "Kiwi77nz", "ass123", "true") (18.2s)
When I confirm details on the Summary page
UniqueId: 
Title: Mr
FirstName: ass
MiddleName: ass
LastName: ass
Email: mark.masikip@asb.co.nz
Gender: 
DateOfBirth: 7/23/1986 12:00:00 AM
DateCreated: 
LastReviewDate: 
Cals: 
IsIndividual: 
NzCitizen: 
NzResidence: 
HighValueCustomer: 
StaffMember: 
AmlVerified: 
VipCustomer: 
Addresses: System.Collections.Generic.List`1[ASB.Selenium.DataModel.Customer.Address]
AddressInformation: ASB.Selenium.DataModel.Customer.AddressInformation
CompanyName: 
CompanyType: 
CompanySubType: 
CustomerTypeCode: 
IrdNumber: 
TaxClass: 
TaxClassDate: 
IsNzTaxResident: True
NonResidentCountryCode: 
IsForeignTaxResident: False
ForeignTaxResidencyStatus: 
IsProfileEnhanced: 
Phones: System.Collections.Generic.List`1[ASB.Selenium.DataModel.Customer.Phone]
NextOfKin: 
EmploymentDetails: 
LinkedCustomers: 
AccountRelationships: 
IdType: 
Fatca: ASB.Selenium.DataModel.Customer.Fatca
CitizenshipCountryCodes: 
CitizenshipCountryNames: System.Collections.Generic.List`1[System.String]
ForeignTaxResidenceTypes: System.Collections.Generic.List`1[ASB.Selenium.DataModel.Customer.ForeignTaxResidenceTypes]
OnboardingDetail: ASB.Selenium.DataModel.Customer.OnboardingDetail
AddressVerificationStatus: 
IdVerificationStatus: 
PreferredIdType: Other
IsProfileComplete: True
DaysRemaining: 0
OnboardingStatus: 
NewAccounts: System.Collections.Generic.List`1[ASB.Selenium.DataModel.Customer.Accounts]
FailedAccounts: System.Collections.Generic.List`1[ASB.Selenium.DataModel.Customer.Accounts]
OnboardingSource: JoinASB
CustomerCreated: 
LoginCreated: 
RegisteredForNetcode: 
AccountsCreated: 
CustomerAccessToken: 
VerificationPassword: ass123
LoginDetail: ASB.Selenium.DataModel.Customer.Login
CustomerType: 
Cif: 
Username: kthi79802
UsernameApi: 
Password: Kiwi77nz
PublicKey: 
AcceptedTermsAndConditions: 
BackgroundCheckConsent: 
PreferredIdType: 
-> done: SummaryPageSteps.WhenIConfirmDetailsOnTheSummaryPage() (2.8s)
Then the Logging you in progress page is displayed
-> done: ConfirmationPageSteps.ThenTheLoggingYouInProgressPageIsDisplayed() (18.3s)
And the Activation page is displayed
11/23/2017 4:02:00 AMThenTheActivationPageIsDisplayed: IsActivationPageDisplayed STARTED
11/23/2017 4:02:00 AMThenTheActivationPageIsDisplayed: IsActivationPageDisplayed DONE
11/23/2017 4:02:00 AMThenTheActivationPageIsDisplayed: IsSectionDisplayed STARTED
11/23/2017 4:02:05 AMThenTheActivationPageIsDisplayed: IsSectionDisplayed DONE
-> done: ActivationSummarySteps.ThenTheActivationPageIsDisplayed() (9.0s)
And the account number and product name is displayed for the selected products
==> Successfully created: Streamline transaction account:
12-3629-0376228-00
==> Successfully requested: ASB Visa Debit card:
Successfully requested
-> done: ActivationSummarySteps.ThenTheAccountNumberAndProductNameIsDisplayedForTheSelectedProducts() (26.9s)
]]></output>
                  </test-case>
                  <test-case id="0-1088" name="ACTSUM_10_VisaDebitSTPProfanityCheck(&quot;MatchWord&quot;,&quot;ass&quot;,&quot;ass&quot;,&quot;ass&quot;,&quot;ass123&quot;,&quot;true&quot;,System.String[])" fullname="Join.Form.Customer.Selenium.Features._08_ActivateSummaryFeature.ACTSUM_10_VisaDebitSTPProfanityCheck(&quot;MatchWord&quot;,&quot;ass&quot;,&quot;ass&quot;,&quot;ass&quot;,&quot;ass123&quot;,&quot;true&quot;,System.String[])" methodname="ACTSUM_10_VisaDebitSTPProfanityCheck" classname="Join.Form.Customer.Selenium.Features._08_ActivateSummaryFeature" runstate="Runnable" seed="1610611169" result="Passed" start-time="2017-11-22 15:02:37Z" end-time="2017-11-22 15:04:10Z" duration="92.862759" asserts="15">
                    <properties />
                    <output><![CDATA[Given I start my Streamline application
Navigating to URL: https://webappisamdev.asbbank.co.nz/public/join/asb/max?grcDisabled=true&fncJunction=fnc104
-> done: CommonSteps.GivenIStartMyStreamlineApplication() (0.7s)
Given I am in the Personal Details page
11/23/2017 4:02:49 AMWaitForFeaturesPageLoad: Executing WaitForFrameAndSwitch
11/23/2017 4:02:49 AMWaitForFeaturesPageLoad: Done executing WaitForFrameAndSwitch
Unable to find product 'Savings On Call' in page or product 'Savings On Call' is not selected
Unable to find product 'FastSaver' in page or product 'FastSaver' is not selected
-> done: PersonalDetailsSteps.GivenIAmInThePersonalDetailsPage() (13.0s)
And I enter personal and login details Mr,ass,ass,ass,ass,mark.masikip@asb.co.nz,021-ass,New Zealand,Other,Kiwi77nz,ass123,true
Given I enter mandatory Tax Information for NZ citizen and clicks on Next button
-> done: AdditionalPersonalDetailsSteps.GivenIEnterMandatoryTaxInformationForNZCitizen() (0.5s)
-> done: PersonalDetailsSteps.GivenIEnterPersonalAndLoginDetails("Mr", "ass", "ass", "ass", "ass", "mark.masikip@asb....", "021-ass", "New Zealand", "Other", "Kiwi77nz", "ass123", "true") (21.8s)
When I confirm details on the Summary page
UniqueId: 
Title: Mr
FirstName: ass
MiddleName: ass
LastName: ass
Email: mark.masikip@asb.co.nz
Gender: 
DateOfBirth: 3/15/1924 12:00:00 AM
DateCreated: 
LastReviewDate: 
Cals: 
IsIndividual: 
NzCitizen: 
NzResidence: 
HighValueCustomer: 
StaffMember: 
AmlVerified: 
VipCustomer: 
Addresses: System.Collections.Generic.List`1[ASB.Selenium.DataModel.Customer.Address]
AddressInformation: ASB.Selenium.DataModel.Customer.AddressInformation
CompanyName: 
CompanyType: 
CompanySubType: 
CustomerTypeCode: 
IrdNumber: 
TaxClass: 
TaxClassDate: 
IsNzTaxResident: True
NonResidentCountryCode: 
IsForeignTaxResident: False
ForeignTaxResidencyStatus: 
IsProfileEnhanced: 
Phones: System.Collections.Generic.List`1[ASB.Selenium.DataModel.Customer.Phone]
NextOfKin: 
EmploymentDetails: 
LinkedCustomers: 
AccountRelationships: 
IdType: 
Fatca: ASB.Selenium.DataModel.Customer.Fatca
CitizenshipCountryCodes: 
CitizenshipCountryNames: System.Collections.Generic.List`1[System.String]
ForeignTaxResidenceTypes: System.Collections.Generic.List`1[ASB.Selenium.DataModel.Customer.ForeignTaxResidenceTypes]
OnboardingDetail: ASB.Selenium.DataModel.Customer.OnboardingDetail
AddressVerificationStatus: 
IdVerificationStatus: 
PreferredIdType: Other
IsProfileComplete: True
DaysRemaining: 0
OnboardingStatus: 
NewAccounts: System.Collections.Generic.List`1[ASB.Selenium.DataModel.Customer.Accounts]
FailedAccounts: System.Collections.Generic.List`1[ASB.Selenium.DataModel.Customer.Accounts]
OnboardingSource: JoinASB
CustomerCreated: 
LoginCreated: 
RegisteredForNetcode: 
AccountsCreated: 
CustomerAccessToken: 
VerificationPassword: ass123
LoginDetail: ASB.Selenium.DataModel.Customer.Login
CustomerType: 
Cif: 
Username: ahat66604
UsernameApi: 
Password: Kiwi77nz
PublicKey: 
AcceptedTermsAndConditions: 
BackgroundCheckConsent: 
PreferredIdType: 
-> done: SummaryPageSteps.WhenIConfirmDetailsOnTheSummaryPage() (2.8s)
Then the Logging you in progress page is displayed
-> done: ConfirmationPageSteps.ThenTheLoggingYouInProgressPageIsDisplayed() (15.5s)
And the Activation page is displayed
11/23/2017 4:03:33 AMThenTheActivationPageIsDisplayed: IsActivationPageDisplayed STARTED
11/23/2017 4:03:33 AMThenTheActivationPageIsDisplayed: IsActivationPageDisplayed DONE
11/23/2017 4:03:33 AMThenTheActivationPageIsDisplayed: IsSectionDisplayed STARTED
11/23/2017 4:03:37 AMThenTheActivationPageIsDisplayed: IsSectionDisplayed DONE
-> done: ActivationSummarySteps.ThenTheActivationPageIsDisplayed() (8.9s)
And the account number and product name is displayed for the selected products
==> Successfully created: Streamline transaction account:
12-3629-0376236-00
==> Successfully requested: ASB Visa Debit card:
Successfully requested
-> done: ActivationSummarySteps.ThenTheAccountNumberAndProductNameIsDisplayedForTheSelectedProducts() (26.9s)
]]></output>
                  </test-case>
                  <test-case id="0-1089" name="ACTSUM_10_VisaDebitSTPProfanityCheck(&quot;Username&quot;,&quot;ass&quot;,&quot;ass&quot;,&quot;ass&quot;,&quot;ass123&quot;,&quot;false&quot;,System.String[])" fullname="Join.Form.Customer.Selenium.Features._08_ActivateSummaryFeature.ACTSUM_10_VisaDebitSTPProfanityCheck(&quot;Username&quot;,&quot;ass&quot;,&quot;ass&quot;,&quot;ass&quot;,&quot;ass123&quot;,&quot;false&quot;,System.String[])" methodname="ACTSUM_10_VisaDebitSTPProfanityCheck" classname="Join.Form.Customer.Selenium.Features._08_ActivateSummaryFeature" runstate="Runnable" seed="1551243116" result="Passed" start-time="2017-11-22 15:04:10Z" end-time="2017-11-22 15:05:48Z" duration="97.704504" asserts="15">
                    <properties />
                    <output><![CDATA[Given I start my Streamline application
Navigating to URL: https://webappisamdev.asbbank.co.nz/public/join/asb/max?grcDisabled=true&fncJunction=fnc104
-> done: CommonSteps.GivenIStartMyStreamlineApplication() (0.6s)
Given I am in the Personal Details page
11/23/2017 4:04:22 AMWaitForFeaturesPageLoad: Executing WaitForFrameAndSwitch
11/23/2017 4:04:22 AMWaitForFeaturesPageLoad: Done executing WaitForFrameAndSwitch
Unable to find product 'Savings On Call' in page or product 'Savings On Call' is not selected
Unable to find product 'FastSaver' in page or product 'FastSaver' is not selected
-> done: PersonalDetailsSteps.GivenIAmInThePersonalDetailsPage() (13.0s)
And I enter personal and login details Mr,ass,ass,ass,ass,mark.masikip@asb.co.nz,021-ass,New Zealand,Other,Kiwi77nz,ass123,false
Given I enter mandatory Tax Information for NZ citizen and clicks on Next button
-> done: AdditionalPersonalDetailsSteps.GivenIEnterMandatoryTaxInformationForNZCitizen() (0.5s)
-> done: PersonalDetailsSteps.GivenIEnterPersonalAndLoginDetails("Mr", "ass", "ass", "ass", "ass", "mark.masikip@asb....", "021-ass", "New Zealand", "Other", "Kiwi77nz", "ass123", "false") (20.9s)
When I confirm details on the Summary page
UniqueId: 
Title: Mr
FirstName: ass
MiddleName: COB-WXjVg
LastName: ass
Email: mark.masikip@asb.co.nz
Gender: 
DateOfBirth: 1/10/1951 12:00:00 AM
DateCreated: 
LastReviewDate: 
Cals: 
IsIndividual: 
NzCitizen: 
NzResidence: 
HighValueCustomer: 
StaffMember: 
AmlVerified: 
VipCustomer: 
Addresses: System.Collections.Generic.List`1[ASB.Selenium.DataModel.Customer.Address]
AddressInformation: ASB.Selenium.DataModel.Customer.AddressInformation
CompanyName: 
CompanyType: 
CompanySubType: 
CustomerTypeCode: 
IrdNumber: 
TaxClass: 
TaxClassDate: 
IsNzTaxResident: True
NonResidentCountryCode: 
IsForeignTaxResident: False
ForeignTaxResidencyStatus: 
IsProfileEnhanced: 
Phones: System.Collections.Generic.List`1[ASB.Selenium.DataModel.Customer.Phone]
NextOfKin: 
EmploymentDetails: 
LinkedCustomers: 
AccountRelationships: 
IdType: 
Fatca: ASB.Selenium.DataModel.Customer.Fatca
CitizenshipCountryCodes: 
CitizenshipCountryNames: System.Collections.Generic.List`1[System.String]
ForeignTaxResidenceTypes: System.Collections.Generic.List`1[ASB.Selenium.DataModel.Customer.ForeignTaxResidenceTypes]
OnboardingDetail: ASB.Selenium.DataModel.Customer.OnboardingDetail
AddressVerificationStatus: 
IdVerificationStatus: 
PreferredIdType: Other
IsProfileComplete: True
DaysRemaining: 0
OnboardingStatus: 
NewAccounts: System.Collections.Generic.List`1[ASB.Selenium.DataModel.Customer.Accounts]
FailedAccounts: System.Collections.Generic.List`1[ASB.Selenium.DataModel.Customer.Accounts]
OnboardingSource: JoinASB
CustomerCreated: 
LoginCreated: 
RegisteredForNetcode: 
AccountsCreated: 
CustomerAccessToken: 
VerificationPassword: ass123
LoginDetail: ASB.Selenium.DataModel.Customer.Login
CustomerType: 
Cif: 
Username: shi35542
UsernameApi: 
Password: Kiwi77nz
PublicKey: 
AcceptedTermsAndConditions: 
BackgroundCheckConsent: 
PreferredIdType: 
-> done: SummaryPageSteps.WhenIConfirmDetailsOnTheSummaryPage() (2.8s)
Then the Logging you in progress page is displayed
-> done: ConfirmationPageSteps.ThenTheLoggingYouInProgressPageIsDisplayed() (17.2s)
And the Activation page is displayed
11/23/2017 4:05:09 AMThenTheActivationPageIsDisplayed: IsActivationPageDisplayed STARTED
11/23/2017 4:05:09 AMThenTheActivationPageIsDisplayed: IsActivationPageDisplayed DONE
11/23/2017 4:05:09 AMThenTheActivationPageIsDisplayed: IsSectionDisplayed STARTED
11/23/2017 4:05:18 AMThenTheActivationPageIsDisplayed: IsSectionDisplayed DONE
-> done: ActivationSummarySteps.ThenTheActivationPageIsDisplayed() (14.9s)
And the account number and product name is displayed for the selected products
==> Successfully created: Streamline transaction account:
12-3629-0376244-00
==> Successfully created: ASB Visa Debit card:
Issued for delivery within a week
-> done: ActivationSummarySteps.ThenTheAccountNumberAndProductNameIsDisplayedForTheSelectedProducts() (26.9s)
]]></output>
                  </test-case>
                  <test-case id="0-1090" name="ACTSUM_10_VisaDebitSTPProfanityCheck(&quot;ass Password&quot;,&quot;ass&quot;,&quot;ass&quot;,&quot;ass&quot;,&quot;ShitPass123&quot;,&quot;false&quot;,System.String[])" fullname="Join.Form.Customer.Selenium.Features._08_ActivateSummaryFeature.ACTSUM_10_VisaDebitSTPProfanityCheck(&quot;ass Password&quot;,&quot;ass&quot;,&quot;ass&quot;,&quot;ass&quot;,&quot;ShitPass123&quot;,&quot;false&quot;,System.String[])" methodname="ACTSUM_10_VisaDebitSTPProfanityCheck" classname="Join.Form.Customer.Selenium.Features._08_ActivateSummaryFeature" runstate="Runnable" seed="2054247081" result="Passed" start-time="2017-11-22 15:05:48Z" end-time="2017-11-22 15:07:20Z" duration="92.804964" asserts="15">
                    <properties />
                    <output><![CDATA[Given I start my Streamline application
Navigating to URL: https://webappisamdev.asbbank.co.nz/public/join/asb/max?grcDisabled=true&fncJunction=fnc104
-> done: CommonSteps.GivenIStartMyStreamlineApplication() (0.7s)
Given I am in the Personal Details page
11/23/2017 4:05:59 AMWaitForFeaturesPageLoad: Executing WaitForFrameAndSwitch
11/23/2017 4:05:59 AMWaitForFeaturesPageLoad: Done executing WaitForFrameAndSwitch
Unable to find product 'Savings On Call' in page or product 'Savings On Call' is not selected
Unable to find product 'FastSaver' in page or product 'FastSaver' is not selected
-> done: PersonalDetailsSteps.GivenIAmInThePersonalDetailsPage() (13.1s)
And I enter personal and login details Mr,ass,ass,ass,ass,mark.masikip@asb.co.nz,021-ass,New Zealand,Other,Kiwi77nz,ShitPass123,false
Given I enter mandatory Tax Information for NZ citizen and clicks on Next button
-> done: AdditionalPersonalDetailsSteps.GivenIEnterMandatoryTaxInformationForNZCitizen() (0.5s)
-> done: PersonalDetailsSteps.GivenIEnterPersonalAndLoginDetails("Mr", "ass", "ass", "ass", "ass", "mark.masikip@asb....", "021-ass", "New Zealand", "Other", "Kiwi77nz", "ShitPass123", "false") (19.4s)
When I confirm details on the Summary page
UniqueId: 
Title: Mr
FirstName: COB-oPtPc
MiddleName: COB-WZjhF
LastName: COB-pSgeg
Email: mark.masikip@asb.co.nz
Gender: 
DateOfBirth: 5/2/1986 12:00:00 AM
DateCreated: 
LastReviewDate: 
Cals: 
IsIndividual: 
NzCitizen: 
NzResidence: 
HighValueCustomer: 
StaffMember: 
AmlVerified: 
VipCustomer: 
Addresses: System.Collections.Generic.List`1[ASB.Selenium.DataModel.Customer.Address]
AddressInformation: ASB.Selenium.DataModel.Customer.AddressInformation
CompanyName: 
CompanyType: 
CompanySubType: 
CustomerTypeCode: 
IrdNumber: 
TaxClass: 
TaxClassDate: 
IsNzTaxResident: True
NonResidentCountryCode: 
IsForeignTaxResident: False
ForeignTaxResidencyStatus: 
IsProfileEnhanced: 
Phones: System.Collections.Generic.List`1[ASB.Selenium.DataModel.Customer.Phone]
NextOfKin: 
EmploymentDetails: 
LinkedCustomers: 
AccountRelationships: 
IdType: 
Fatca: ASB.Selenium.DataModel.Customer.Fatca
CitizenshipCountryCodes: 
CitizenshipCountryNames: System.Collections.Generic.List`1[System.String]
ForeignTaxResidenceTypes: System.Collections.Generic.List`1[ASB.Selenium.DataModel.Customer.ForeignTaxResidenceTypes]
OnboardingDetail: ASB.Selenium.DataModel.Customer.OnboardingDetail
AddressVerificationStatus: 
IdVerificationStatus: 
PreferredIdType: Other
IsProfileComplete: True
DaysRemaining: 0
OnboardingStatus: 
NewAccounts: System.Collections.Generic.List`1[ASB.Selenium.DataModel.Customer.Accounts]
FailedAccounts: System.Collections.Generic.List`1[ASB.Selenium.DataModel.Customer.Accounts]
OnboardingSource: JoinASB
CustomerCreated: 
LoginCreated: 
RegisteredForNetcode: 
AccountsCreated: 
CustomerAccessToken: 
VerificationPassword: ShitPass123
LoginDetail: ASB.Selenium.DataModel.Customer.Login
CustomerType: 
Cif: 
Username: ccob85846
UsernameApi: 
Password: Kiwi77nz
PublicKey: 
AcceptedTermsAndConditions: 
BackgroundCheckConsent: 
PreferredIdType: 
-> done: SummaryPageSteps.WhenIConfirmDetailsOnTheSummaryPage() (2.8s)
Then the Logging you in progress page is displayed
-> done: ConfirmationPageSteps.ThenTheLoggingYouInProgressPageIsDisplayed() (19.8s)
And the Activation page is displayed
11/23/2017 4:06:46 AMThenTheActivationPageIsDisplayed: IsActivationPageDisplayed STARTED
11/23/2017 4:06:46 AMThenTheActivationPageIsDisplayed: IsActivationPageDisplayed DONE
11/23/2017 4:06:46 AMThenTheActivationPageIsDisplayed: IsSectionDisplayed STARTED
11/23/2017 4:06:48 AMThenTheActivationPageIsDisplayed: IsSectionDisplayed DONE
-> done: ActivationSummarySteps.ThenTheActivationPageIsDisplayed() (6.9s)
And the account number and product name is displayed for the selected products
==> Successfully created: Streamline transaction account:
12-3629-0376252-00
==> Successfully created: ASB Visa Debit card:
Issued for delivery within a week
-> done: ActivationSummarySteps.ThenTheAccountNumberAndProductNameIsDisplayedForTheSelectedProducts() (26.9s)
]]></output>
                  </test-case>
                </test-suite>
                <test-suite type="ParameterizedMethod" id="0-1097" name="ACTSUM_11_SetAndUpdatePreferredID" fullname="Join.Form.Customer.Selenium.Features._08_ActivateSummaryFeature.ACTSUM_11_SetAndUpdatePreferredID" classname="Join.Form.Customer.Selenium.Features._08_ActivateSummaryFeature" runstate="Runnable" testcasecount="5" result="Passed" start-time="2017-11-22 15:07:20Z" end-time="2017-11-22 15:13:46Z" duration="385.692389" total="5" passed="5" failed="0" warnings="0" inconclusive="0" skipped="0" asserts="169">
                  <properties>
                    <property name="Description" value="ACTSUM_11 - Set and update preferred ID" />
                    <property name="Category" value="COB" />
                    <property name="Category" value="activatesummary" />
                    <property name="Category" value="integration" />
                    <property name="Category" value="092016" />
                    <property name="Category" value="eidvswitch" />
                    <property name="Category" value="eidv" />
                    <property name="Category" value="112017" />
                  </properties>
                  <test-case id="0-1092" name="ACTSUM_11_SetAndUpdatePreferredID(&quot;Streamline and Visa Debit&quot;,&quot;Streamline intro,ASB Visa Debit Streamline Intro&quot;,&quot;Mr&quot;,&quot;ass&quot;,&quot;&quot;,&quot;ass&quot;,&quot;Other&quot;,&quot;New Zealand Driver's Licence&quot;,System.String[])" fullname="Join.Form.Customer.Selenium.Features._08_ActivateSummaryFeature.ACTSUM_11_SetAndUpdatePreferredID(&quot;Streamline and Visa Debit&quot;,&quot;Streamline intro,ASB Visa Debit Streamline Intro&quot;,&quot;Mr&quot;,&quot;ass&quot;,&quot;&quot;,&quot;ass&quot;,&quot;Other&quot;,&quot;New Zealand Driver's Licence&quot;,System.String[])" methodname="ACTSUM_11_SetAndUpdatePreferredID" classname="Join.Form.Customer.Selenium.Features._08_ActivateSummaryFeature" runstate="Runnable" seed="510760736" result="Passed" start-time="2017-11-22 15:07:20Z" end-time="2017-11-22 15:08:36Z" duration="75.188277" asserts="36">
                    <properties />
                    <output><![CDATA[Given I start my Streamline application
Navigating to URL: https://webappisamdev.asbbank.co.nz/public/join/asb/max?grcDisabled=true&fncJunction=fnc104
-> done: CommonSteps.GivenIStartMyStreamlineApplication() (1.1s)
Given I select the following products: 'Streamline intro,ASB Visa Debit Streamline Intro'
11/23/2017 4:07:33 AMWaitForFeaturesPageLoad: Executing WaitForFrameAndSwitch
11/23/2017 4:07:33 AMWaitForFeaturesPageLoad: Done executing WaitForFrameAndSwitch
Unable to find product 'FastSaver' in page or product 'FastSaver' is not selected
Unable to find product 'Savings On Call' in page or product 'Savings On Call' is not selected
Unable to find product 'Savings On Call' in page or product 'Savings On Call' is not selected
Unable to find product 'FastSaver' in page or product 'FastSaver' is not selected
-> done: ProductsPageSteps.WhenIChangeMySelectedProductsTo("Streamline intro,...") (15.1s)
And I enter personal and login details Mr,ass,,ass,ass,mark.masikip@asb.co.nz,021-ass,New Zealand,Other,Kiwi77nz,ass123,false
Given I enter mandatory Tax Information for NZ citizen and clicks on Next button
-> done: AdditionalPersonalDetailsSteps.GivenIEnterMandatoryTaxInformationForNZCitizen() (0.5s)
-> done: PersonalDetailsSteps.GivenIEnterPersonalAndLoginDetails("Mr", "ass", "", "ass", "ass", "mark.masikip@asb....", "021-ass", "New Zealand", "Other", "Kiwi77nz", "ass123", "false") (26.7s)
When I confirm details on the Summary page
UniqueId: 
Title: Mr
FirstName: COB-Plafb
MiddleName: 
LastName: COB-YDCyu
Email: mark.masikip@asb.co.nz
Gender: 
DateOfBirth: 11/26/1945 12:00:00 AM
DateCreated: 
LastReviewDate: 
Cals: 
IsIndividual: 
NzCitizen: 
NzResidence: 
HighValueCustomer: 
StaffMember: 
AmlVerified: 
VipCustomer: 
Addresses: System.Collections.Generic.List`1[ASB.Selenium.DataModel.Customer.Address]
AddressInformation: ASB.Selenium.DataModel.Customer.AddressInformation
CompanyName: 
CompanyType: 
CompanySubType: 
CustomerTypeCode: 
IrdNumber: 
TaxClass: 
TaxClassDate: 
IsNzTaxResident: True
NonResidentCountryCode: 
IsForeignTaxResident: False
ForeignTaxResidencyStatus: 
IsProfileEnhanced: 
Phones: System.Collections.Generic.List`1[ASB.Selenium.DataModel.Customer.Phone]
NextOfKin: 
EmploymentDetails: 
LinkedCustomers: 
AccountRelationships: 
IdType: 
Fatca: ASB.Selenium.DataModel.Customer.Fatca
CitizenshipCountryCodes: 
CitizenshipCountryNames: System.Collections.Generic.List`1[System.String]
ForeignTaxResidenceTypes: System.Collections.Generic.List`1[ASB.Selenium.DataModel.Customer.ForeignTaxResidenceTypes]
OnboardingDetail: ASB.Selenium.DataModel.Customer.OnboardingDetail
AddressVerificationStatus: 
IdVerificationStatus: 
PreferredIdType: Other
IsProfileComplete: True
DaysRemaining: 0
OnboardingStatus: 
NewAccounts: System.Collections.Generic.List`1[ASB.Selenium.DataModel.Customer.Accounts]
FailedAccounts: System.Collections.Generic.List`1[ASB.Selenium.DataModel.Customer.Accounts]
OnboardingSource: JoinASB
CustomerCreated: 
LoginCreated: 
RegisteredForNetcode: 
AccountsCreated: 
CustomerAccessToken: 
VerificationPassword: ass123
LoginDetail: ASB.Selenium.DataModel.Customer.Login
CustomerType: 
Cif: 
Username: ccob50921
UsernameApi: 
Password: Kiwi77nz
PublicKey: 
AcceptedTermsAndConditions: 
BackgroundCheckConsent: 
PreferredIdType: 
-> done: SummaryPageSteps.WhenIConfirmDetailsOnTheSummaryPage() (2.8s)
Then the Logging you in progress page is displayed
-> done: ConfirmationPageSteps.ThenTheLoggingYouInProgressPageIsDisplayed() (15.9s)
And the Activation page is displayed
11/23/2017 4:08:24 AMThenTheActivationPageIsDisplayed: IsActivationPageDisplayed STARTED
11/23/2017 4:08:25 AMThenTheActivationPageIsDisplayed: IsActivationPageDisplayed DONE
11/23/2017 4:08:25 AMThenTheActivationPageIsDisplayed: IsSectionDisplayed STARTED
11/23/2017 4:08:27 AMThenTheActivationPageIsDisplayed: IsSectionDisplayed DONE
-> done: ActivationSummarySteps.ThenTheActivationPageIsDisplayed() (6.8s)
And the Confirm Identity section is displayed
*** Verifying section for non-ID Verified customer ***
*** Verifying section for customer with Preferred ID = 'Other' ***
*** Verifying EIDV-Switched OFF Confirm Identity section for customer with Preferred ID: Other
-> done: ActivationSummarySteps.ThenTheConfirmIdentitySectionIsDisplayed() (0.4s)
And the Selected Id is set to 'Other'
-> done: ActivationSummarySteps.ThenTheSelectedIdIsSetTo("Other") (0.1s)
When I select 'New Zealand Driver's Licence' in the 'Photo ID' dropdown
-> done: PersonalDetailsSteps.WhenISelectInTheDropdown("New Zealand Drive...", "Photo ID") (0.1s)
Then the Confirm Identity section is displayed
*** Verifying section for non-ID Verified customer ***
*** Verifying section for customer with Preferred ID = Electronically Acceptable ID: New Zealand Driver's Licence
*** Verifying EIDV-Switched OFF Confirm Identity section for customer with Preferred ID: New Zealand Driver’s Licence and a secondary ID such as a credit card or birth certificate
-> done: ActivationSummarySteps.ThenTheConfirmIdentitySectionIsDisplayed() (0.2s)
And the Selected Id is set to 'New Zealand Driver's Licence'
-> done: ActivationSummarySteps.ThenTheSelectedIdIsSetTo("New Zealand Drive...") (0.1s)
And the See a complete list of acceptable documents text is displayed conditionally
Verifying acceptable documents link should be displayed
Clicking on link: acceptable documents
-> done: ActivationSummarySteps.ThenTheSeeACompleteListOfAcceptableDocumentsTextIsDisplayedConditionally() (1.2s)
And the Find a branch button is displayed conditionally
Verifying Find a branch button should be displayed
-> done: ActivationSummarySteps.ThenTheFindABranchButtonOpensInANewWindow() (3.8s)
And the TXT me a download link button is displayed conditionally
Verifying TXT me a download link button should NOT be displayed
-> done: ActivationSummarySteps.ThenTheTxtmeADownloadLinkButtonIsDisplayedConditionally() (0.0s)
]]></output>
                  </test-case>
                  <test-case id="0-1093" name="ACTSUM_11_SetAndUpdatePreferredID(&quot;All products&quot;,&quot;Streamline intro,ASB Visa Debit Streamline Intro,Savings On Call,FastSaver&quot;,&quot;Ms&quot;,&quot;ass&quot;,&quot;ass&quot;,&quot;ass&quot;,&quot;Overseas Passport&quot;,&quot;New Zealand Passport&quot;,System.String[])" fullname="Join.Form.Customer.Selenium.Features._08_ActivateSummaryFeature.ACTSUM_11_SetAndUpdatePreferredID(&quot;All products&quot;,&quot;Streamline intro,ASB Visa Debit Streamline Intro,Savings On Call,FastSaver&quot;,&quot;Ms&quot;,&quot;ass&quot;,&quot;ass&quot;,&quot;ass&quot;,&quot;Overseas Passport&quot;,&quot;New Zealand Passport&quot;,System.String[])" methodname="ACTSUM_11_SetAndUpdatePreferredID" classname="Join.Form.Customer.Selenium.Features._08_ActivateSummaryFeature" runstate="Runnable" seed="1506604272" result="Passed" start-time="2017-11-22 15:08:36Z" end-time="2017-11-22 15:09:48Z" duration="72.708927" asserts="32">
                    <properties />
                    <output><![CDATA[Given I start my Streamline application
Navigating to URL: https://webappisamdev.asbbank.co.nz/public/join/asb/max?grcDisabled=true&fncJunction=fnc104
-> done: CommonSteps.GivenIStartMyStreamlineApplication() (0.6s)
Given I select the following products: 'Streamline intro,ASB Visa Debit Streamline Intro,Savings On Call,FastSaver'
11/23/2017 4:08:47 AMWaitForFeaturesPageLoad: Executing WaitForFrameAndSwitch
11/23/2017 4:08:47 AMWaitForFeaturesPageLoad: Done executing WaitForFrameAndSwitch
Unable to find product 'Savings On Call' in page or product 'Savings On Call' is not selected
Unable to find product 'FastSaver' in page or product 'FastSaver' is not selected
-> done: ProductsPageSteps.WhenIChangeMySelectedProductsTo("Streamline intro,...") (19.1s)
And I enter personal and login details Ms,ass,ass,ass,ass,mark.masikip@asb.co.nz,021-ass,New Zealand,Overseas Passport,Kiwi77nz,ass123,false
Given I enter mandatory Tax Information for NZ citizen and clicks on Next button
-> done: AdditionalPersonalDetailsSteps.GivenIEnterMandatoryTaxInformationForNZCitizen() (0.5s)
-> done: PersonalDetailsSteps.GivenIEnterPersonalAndLoginDetails("Ms", "ass", "ass", "ass", "ass", "mark.masikip@asb....", "021-ass", "New Zealand", "Overseas Passport", "Kiwi77nz", "ass123", "false") (21.9s)
When I confirm details on the Summary page
UniqueId: 
Title: Ms
FirstName: COB-WGxNz
MiddleName: COB-sdchL
LastName: COB-YUDuZ
Email: mark.masikip@asb.co.nz
Gender: 
DateOfBirth: 11/23/1926 12:00:00 AM
DateCreated: 
LastReviewDate: 
Cals: 
IsIndividual: 
NzCitizen: 
NzResidence: 
HighValueCustomer: 
StaffMember: 
AmlVerified: 
VipCustomer: 
Addresses: System.Collections.Generic.List`1[ASB.Selenium.DataModel.Customer.Address]
AddressInformation: ASB.Selenium.DataModel.Customer.AddressInformation
CompanyName: 
CompanyType: 
CompanySubType: 
CustomerTypeCode: 
IrdNumber: 
TaxClass: 
TaxClassDate: 
IsNzTaxResident: True
NonResidentCountryCode: 
IsForeignTaxResident: False
ForeignTaxResidencyStatus: 
IsProfileEnhanced: 
Phones: System.Collections.Generic.List`1[ASB.Selenium.DataModel.Customer.Phone]
NextOfKin: 
EmploymentDetails: 
LinkedCustomers: 
AccountRelationships: 
IdType: 
Fatca: ASB.Selenium.DataModel.Customer.Fatca
CitizenshipCountryCodes: 
CitizenshipCountryNames: System.Collections.Generic.List`1[System.String]
ForeignTaxResidenceTypes: System.Collections.Generic.List`1[ASB.Selenium.DataModel.Customer.ForeignTaxResidenceTypes]
OnboardingDetail: ASB.Selenium.DataModel.Customer.OnboardingDetail
AddressVerificationStatus: 
IdVerificationStatus: 
PreferredIdType: Overseas Passport
IsProfileComplete: True
DaysRemaining: 0
OnboardingStatus: 
NewAccounts: System.Collections.Generic.List`1[ASB.Selenium.DataModel.Customer.Accounts]
FailedAccounts: System.Collections.Generic.List`1[ASB.Selenium.DataModel.Customer.Accounts]
OnboardingSource: JoinASB
CustomerCreated: 
LoginCreated: 
RegisteredForNetcode: 
AccountsCreated: 
CustomerAccessToken: 
VerificationPassword: ass123
LoginDetail: ASB.Selenium.DataModel.Customer.Login
CustomerType: 
Cif: 
Username: ccob51208
UsernameApi: 
Password: Kiwi77nz
PublicKey: 
AcceptedTermsAndConditions: 
BackgroundCheckConsent: 
PreferredIdType: 
-> done: SummaryPageSteps.WhenIConfirmDetailsOnTheSummaryPage() (2.8s)
Then the Logging you in progress page is displayed
-> done: ConfirmationPageSteps.ThenTheLoggingYouInProgressPageIsDisplayed() (16.7s)
And the Activation page is displayed
11/23/2017 4:09:39 AMThenTheActivationPageIsDisplayed: IsActivationPageDisplayed STARTED
11/23/2017 4:09:39 AMThenTheActivationPageIsDisplayed: IsActivationPageDisplayed DONE
11/23/2017 4:09:39 AMThenTheActivationPageIsDisplayed: IsSectionDisplayed STARTED
11/23/2017 4:09:42 AMThenTheActivationPageIsDisplayed: IsSectionDisplayed DONE
-> done: ActivationSummarySteps.ThenTheActivationPageIsDisplayed() (6.9s)
And the Confirm Identity section is displayed
*** Verifying section for non-ID Verified customer ***
*** Verifying section for customer with Preferred ID = 'Overseas Passport' ***
*** Verifying EIDV-Switched OFF Confirm Identity section for customer with Preferred ID: Overseas Passport
-> done: ActivationSummarySteps.ThenTheConfirmIdentitySectionIsDisplayed() (0.4s)
And the Selected Id is set to 'Overseas Passport'
-> done: ActivationSummarySteps.ThenTheSelectedIdIsSetTo("Overseas Passport") (0.1s)
When I select 'New Zealand Passport' in the 'Photo ID' dropdown
-> done: PersonalDetailsSteps.WhenISelectInTheDropdown("New Zealand Passport", "Photo ID") (0.1s)
Then the Confirm Identity section is displayed
*** Verifying section for non-ID Verified customer ***
*** Verifying section for customer with Preferred ID = Electronically Acceptable ID: New Zealand Passport
*** Verifying EIDV-Switched OFF Confirm Identity section for customer with Preferred ID: New Zealand passport
-> done: ActivationSummarySteps.ThenTheConfirmIdentitySectionIsDisplayed() (0.2s)
And the Selected Id is set to 'New Zealand Passport'
-> done: ActivationSummarySteps.ThenTheSelectedIdIsSetTo("New Zealand Passport") (0.0s)
And the See a complete list of acceptable documents text is displayed conditionally
Verifying acceptable documents link should be displayed
Clicking on link: acceptable documents
-> done: ActivationSummarySteps.ThenTheSeeACompleteListOfAcceptableDocumentsTextIsDisplayedConditionally() (1.2s)
And the Find a branch button is displayed conditionally
Verifying Find a branch button should be displayed
-> done: ActivationSummarySteps.ThenTheFindABranchButtonOpensInANewWindow() (1.8s)
And the TXT me a download link button is displayed conditionally
Verifying TXT me a download link button should NOT be displayed
-> done: ActivationSummarySteps.ThenTheTxtmeADownloadLinkButtonIsDisplayedConditionally() (0.0s)
]]></output>
                  </test-case>
                  <test-case id="0-1094" name="ACTSUM_11_SetAndUpdatePreferredID(&quot;No FastSaver - Mx Male&quot;,&quot;Streamline intro,ASB Visa Debit Streamline Intro,Savings On Call&quot;,&quot;ass&quot;,&quot;ass&quot;,&quot;ass&quot;,&quot;ass&quot;,&quot;New Zealand Passport&quot;,&quot;Australian Passport&quot;,System.String[])" fullname="Join.Form.Customer.Selenium.Features._08_ActivateSummaryFeature.ACTSUM_11_SetAndUpdatePreferredID(&quot;No FastSaver - Mx Male&quot;,&quot;Streamline intro,ASB Visa Debit Streamline Intro,Savings On Call&quot;,&quot;ass&quot;,&quot;ass&quot;,&quot;ass&quot;,&quot;ass&quot;,&quot;New Zealand Passport&quot;,&quot;Australian Passport&quot;,System.String[])" methodname="ACTSUM_11_SetAndUpdatePreferredID" classname="Join.Form.Customer.Selenium.Features._08_ActivateSummaryFeature" runstate="Runnable" seed="1955923314" result="Passed" start-time="2017-11-22 15:09:48Z" end-time="2017-11-22 15:11:13Z" duration="85.002828" asserts="33">
                    <properties />
                    <output><![CDATA[Given I start my Streamline application
Navigating to URL: https://webappisamdev.asbbank.co.nz/public/join/asb/max?grcDisabled=true&fncJunction=fnc104
-> done: CommonSteps.GivenIStartMyStreamlineApplication() (0.6s)
Given I select the following products: 'Streamline intro,ASB Visa Debit Streamline Intro,Savings On Call'
11/23/2017 4:10:00 AMWaitForFeaturesPageLoad: Executing WaitForFrameAndSwitch
11/23/2017 4:10:00 AMWaitForFeaturesPageLoad: Done executing WaitForFrameAndSwitch
Unable to find product 'Savings On Call' in page or product 'Savings On Call' is not selected
Unable to find product 'FastSaver' in page or product 'FastSaver' is not selected
Unable to find product 'FastSaver' in page or product 'FastSaver' is not selected
-> done: ProductsPageSteps.WhenIChangeMySelectedProductsTo("Streamline intro,...") (18.8s)
And I enter personal and login details ass,ass,ass,ass,ass,mark.masikip@asb.co.nz,021-ass,New Zealand,New Zealand Passport,Kiwi77nz,ass123,false
Given I enter mandatory Tax Information for NZ citizen and clicks on Next button
-> done: AdditionalPersonalDetailsSteps.GivenIEnterMandatoryTaxInformationForNZCitizen() (0.5s)
-> done: PersonalDetailsSteps.GivenIEnterPersonalAndLoginDetails("ass", "ass", "ass", "ass", "ass", "mark.masikip@asb....", "021-ass", "New Zealand", "New Zealand Passport", "Kiwi77nz", "ass123", "false") (27.8s)
When I confirm details on the Summary page
UniqueId: 
Title: Mx
FirstName: COB-VDxgO
MiddleName: COB-HXYUx
LastName: COB-guJzN
Email: mark.masikip@asb.co.nz
Gender: 
DateOfBirth: 3/4/1957 12:00:00 AM
DateCreated: 
LastReviewDate: 
Cals: 
IsIndividual: 
NzCitizen: 
NzResidence: 
HighValueCustomer: 
StaffMember: 
AmlVerified: 
VipCustomer: 
Addresses: System.Collections.Generic.List`1[ASB.Selenium.DataModel.Customer.Address]
AddressInformation: ASB.Selenium.DataModel.Customer.AddressInformation
CompanyName: 
CompanyType: 
CompanySubType: 
CustomerTypeCode: 
IrdNumber: 
TaxClass: 
TaxClassDate: 
IsNzTaxResident: True
NonResidentCountryCode: 
IsForeignTaxResident: False
ForeignTaxResidencyStatus: 
IsProfileEnhanced: 
Phones: System.Collections.Generic.List`1[ASB.Selenium.DataModel.Customer.Phone]
NextOfKin: 
EmploymentDetails: 
LinkedCustomers: 
AccountRelationships: 
IdType: 
Fatca: ASB.Selenium.DataModel.Customer.Fatca
CitizenshipCountryCodes: 
CitizenshipCountryNames: System.Collections.Generic.List`1[System.String]
ForeignTaxResidenceTypes: System.Collections.Generic.List`1[ASB.Selenium.DataModel.Customer.ForeignTaxResidenceTypes]
OnboardingDetail: ASB.Selenium.DataModel.Customer.OnboardingDetail
AddressVerificationStatus: 
IdVerificationStatus: 
PreferredIdType: New Zealand Passport
IsProfileComplete: True
DaysRemaining: 0
OnboardingStatus: 
NewAccounts: System.Collections.Generic.List`1[ASB.Selenium.DataModel.Customer.Accounts]
FailedAccounts: System.Collections.Generic.List`1[ASB.Selenium.DataModel.Customer.Accounts]
OnboardingSource: JoinASB
CustomerCreated: 
LoginCreated: 
RegisteredForNetcode: 
AccountsCreated: 
CustomerAccessToken: 
VerificationPassword: ass123
LoginDetail: ASB.Selenium.DataModel.Customer.Login
CustomerType: 
Cif: 
Username: ccob00558
UsernameApi: 
Password: Kiwi77nz
PublicKey: 
AcceptedTermsAndConditions: 
BackgroundCheckConsent: 
PreferredIdType: 
-> done: SummaryPageSteps.WhenIConfirmDetailsOnTheSummaryPage() (2.9s)
Then the Logging you in progress page is displayed
-> done: ConfirmationPageSteps.ThenTheLoggingYouInProgressPageIsDisplayed() (19.3s)
And the Activation page is displayed
11/23/2017 4:11:00 AMThenTheActivationPageIsDisplayed: IsActivationPageDisplayed STARTED
11/23/2017 4:11:00 AMThenTheActivationPageIsDisplayed: IsActivationPageDisplayed DONE
11/23/2017 4:11:00 AMThenTheActivationPageIsDisplayed: IsSectionDisplayed STARTED
11/23/2017 4:11:05 AMThenTheActivationPageIsDisplayed: IsSectionDisplayed DONE
-> done: ActivationSummarySteps.ThenTheActivationPageIsDisplayed() (8.9s)
And the Confirm Identity section is displayed
*** Verifying section for non-ID Verified customer ***
*** Verifying section for customer with Preferred ID = Electronically Acceptable ID: New Zealand Passport
*** Verifying EIDV-Switched OFF Confirm Identity section for customer with Preferred ID: New Zealand passport
-> done: ActivationSummarySteps.ThenTheConfirmIdentitySectionIsDisplayed() (0.4s)
And the Selected Id is set to 'New Zealand Passport'
-> done: ActivationSummarySteps.ThenTheSelectedIdIsSetTo("New Zealand Passport") (0.0s)
When I select 'Australian Passport' in the 'Photo ID' dropdown
-> done: PersonalDetailsSteps.WhenISelectInTheDropdown("Australian Passport", "Photo ID") (0.1s)
Then the Confirm Identity section is displayed
*** Verifying section for non-ID Verified customer ***
*** Verifying section for customer with Preferred ID = Electronically Acceptable ID: Australian Passport
*** Verifying EIDV-Switched OFF Confirm Identity section for customer with Preferred ID: Australian passport
-> done: ActivationSummarySteps.ThenTheConfirmIdentitySectionIsDisplayed() (0.2s)
And the Selected Id is set to 'Australian Passport'
-> done: ActivationSummarySteps.ThenTheSelectedIdIsSetTo("Australian Passport") (0.0s)
And the See a complete list of acceptable documents text is displayed conditionally
Verifying acceptable documents link should be displayed
Clicking on link: acceptable documents
-> done: ActivationSummarySteps.ThenTheSeeACompleteListOfAcceptableDocumentsTextIsDisplayedConditionally() (1.4s)
And the Find a branch button is displayed conditionally
Verifying Find a branch button should be displayed
-> done: ActivationSummarySteps.ThenTheFindABranchButtonOpensInANewWindow() (3.6s)
And the TXT me a download link button is displayed conditionally
Verifying TXT me a download link button should NOT be displayed
-> done: ActivationSummarySteps.ThenTheTxtmeADownloadLinkButtonIsDisplayedConditionally() (0.0s)
]]></output>
                  </test-case>
                  <test-case id="0-1095" name="ACTSUM_11_SetAndUpdatePreferredID(&quot;All products - Mx Female&quot;,&quot;Streamline intro,ASB Visa Debit Streamline Intro,Savings On Call,FastSaver&quot;,&quot;ass&quot;,&quot;ass&quot;,&quot;ass&quot;,&quot;ass&quot;,&quot;Australian Passport&quot;,&quot;Overseas Passport&quot;,System.String[])" fullname="Join.Form.Customer.Selenium.Features._08_ActivateSummaryFeature.ACTSUM_11_SetAndUpdatePreferredID(&quot;All products - Mx Female&quot;,&quot;Streamline intro,ASB Visa Debit Streamline Intro,Savings On Call,FastSaver&quot;,&quot;ass&quot;,&quot;ass&quot;,&quot;ass&quot;,&quot;ass&quot;,&quot;Australian Passport&quot;,&quot;Overseas Passport&quot;,System.String[])" methodname="ACTSUM_11_SetAndUpdatePreferredID" classname="Join.Form.Customer.Selenium.Features._08_ActivateSummaryFeature" runstate="Runnable" seed="1729454179" result="Passed" start-time="2017-11-22 15:11:13Z" end-time="2017-11-22 15:12:35Z" duration="81.436153" asserts="32">
                    <properties />
                    <output><![CDATA[Given I start my Streamline application
Navigating to URL: https://webappisamdev.asbbank.co.nz/public/join/asb/max?grcDisabled=true&fncJunction=fnc104
-> done: CommonSteps.GivenIStartMyStreamlineApplication() (0.6s)
Given I select the following products: 'Streamline intro,ASB Visa Debit Streamline Intro,Savings On Call,FastSaver'
11/23/2017 4:11:25 AMWaitForFeaturesPageLoad: Executing WaitForFrameAndSwitch
11/23/2017 4:11:25 AMWaitForFeaturesPageLoad: Done executing WaitForFrameAndSwitch
Unable to find product 'Savings On Call' in page or product 'Savings On Call' is not selected
Unable to find product 'FastSaver' in page or product 'FastSaver' is not selected
-> done: ProductsPageSteps.WhenIChangeMySelectedProductsTo("Streamline intro,...") (19.2s)
And I enter personal and login details ass,ass,ass,ass,ass,mark.masikip@asb.co.nz,021-ass,New Zealand,Australian Passport,Kiwi77nz,ass123,false
Given I enter mandatory Tax Information for NZ citizen and clicks on Next button
-> done: AdditionalPersonalDetailsSteps.GivenIEnterMandatoryTaxInformationForNZCitizen() (0.5s)
-> done: PersonalDetailsSteps.GivenIEnterPersonalAndLoginDetails("ass", "ass", "ass", "ass", "ass", "mark.masikip@asb....", "021-ass", "New Zealand", "Australian Passport", "Kiwi77nz", "ass123", "false") (25.7s)
When I confirm details on the Summary page
UniqueId: 
Title: Mx
FirstName: COB-HXums
MiddleName: COB-DneIj
LastName: COB-YLKMk
Email: mark.masikip@asb.co.nz
Gender: 
DateOfBirth: 7/5/1957 12:00:00 AM
DateCreated: 
LastReviewDate: 
Cals: 
IsIndividual: 
NzCitizen: 
NzResidence: 
HighValueCustomer: 
StaffMember: 
AmlVerified: 
VipCustomer: 
Addresses: System.Collections.Generic.List`1[ASB.Selenium.DataModel.Customer.Address]
AddressInformation: ASB.Selenium.DataModel.Customer.AddressInformation
CompanyName: 
CompanyType: 
CompanySubType: 
CustomerTypeCode: 
IrdNumber: 
TaxClass: 
TaxClassDate: 
IsNzTaxResident: True
NonResidentCountryCode: 
IsForeignTaxResident: False
ForeignTaxResidencyStatus: 
IsProfileEnhanced: 
Phones: System.Collections.Generic.List`1[ASB.Selenium.DataModel.Customer.Phone]
NextOfKin: 
EmploymentDetails: 
LinkedCustomers: 
AccountRelationships: 
IdType: 
Fatca: ASB.Selenium.DataModel.Customer.Fatca
CitizenshipCountryCodes: 
CitizenshipCountryNames: System.Collections.Generic.List`1[System.String]
ForeignTaxResidenceTypes: System.Collections.Generic.List`1[ASB.Selenium.DataModel.Customer.ForeignTaxResidenceTypes]
OnboardingDetail: ASB.Selenium.DataModel.Customer.OnboardingDetail
AddressVerificationStatus: 
IdVerificationStatus: 
PreferredIdType: Australian Passport
IsProfileComplete: True
DaysRemaining: 0
OnboardingStatus: 
NewAccounts: System.Collections.Generic.List`1[ASB.Selenium.DataModel.Customer.Accounts]
FailedAccounts: System.Collections.Generic.List`1[ASB.Selenium.DataModel.Customer.Accounts]
OnboardingSource: JoinASB
CustomerCreated: 
LoginCreated: 
RegisteredForNetcode: 
AccountsCreated: 
CustomerAccessToken: 
VerificationPassword: ass123
LoginDetail: ASB.Selenium.DataModel.Customer.Login
CustomerType: 
Cif: 
Username: ccob65877
UsernameApi: 
Password: Kiwi77nz
PublicKey: 
AcceptedTermsAndConditions: 
BackgroundCheckConsent: 
PreferredIdType: 
-> done: SummaryPageSteps.WhenIConfirmDetailsOnTheSummaryPage() (2.8s)
Then the Logging you in progress page is displayed
-> done: ConfirmationPageSteps.ThenTheLoggingYouInProgressPageIsDisplayed() (19.2s)
And the Activation page is displayed
11/23/2017 4:12:23 AMThenTheActivationPageIsDisplayed: IsActivationPageDisplayed STARTED
11/23/2017 4:12:24 AMThenTheActivationPageIsDisplayed: IsActivationPageDisplayed DONE
11/23/2017 4:12:24 AMThenTheActivationPageIsDisplayed: IsSectionDisplayed STARTED
11/23/2017 4:12:28 AMThenTheActivationPageIsDisplayed: IsSectionDisplayed DONE
-> done: ActivationSummarySteps.ThenTheActivationPageIsDisplayed() (9.0s)
And the Confirm Identity section is displayed
*** Verifying section for non-ID Verified customer ***
*** Verifying section for customer with Preferred ID = Electronically Acceptable ID: Australian Passport
*** Verifying EIDV-Switched OFF Confirm Identity section for customer with Preferred ID: Australian passport
-> done: ActivationSummarySteps.ThenTheConfirmIdentitySectionIsDisplayed() (0.3s)
And the Selected Id is set to 'Australian Passport'
-> done: ActivationSummarySteps.ThenTheSelectedIdIsSetTo("Australian Passport") (0.1s)
When I select 'Overseas Passport' in the 'Photo ID' dropdown
-> done: PersonalDetailsSteps.WhenISelectInTheDropdown("Overseas Passport", "Photo ID") (0.2s)
Then the Confirm Identity section is displayed
*** Verifying section for non-ID Verified customer ***
*** Verifying section for customer with Preferred ID = 'Overseas Passport' ***
*** Verifying EIDV-Switched OFF Confirm Identity section for customer with Preferred ID: Overseas Passport
-> done: ActivationSummarySteps.ThenTheConfirmIdentitySectionIsDisplayed() (0.3s)
And the Selected Id is set to 'Overseas Passport'
-> done: ActivationSummarySteps.ThenTheSelectedIdIsSetTo("Overseas Passport") (0.1s)
And the See a complete list of acceptable documents text is displayed conditionally
Verifying acceptable documents link should be displayed
Clicking on link: acceptable documents
-> done: ActivationSummarySteps.ThenTheSeeACompleteListOfAcceptableDocumentsTextIsDisplayedConditionally() (1.2s)
And the Find a branch button is displayed conditionally
Verifying Find a branch button should be displayed
-> done: ActivationSummarySteps.ThenTheFindABranchButtonOpensInANewWindow() (1.8s)
And the TXT me a download link button is displayed conditionally
Verifying TXT me a download link button should NOT be displayed
-> done: ActivationSummarySteps.ThenTheTxtmeADownloadLinkButtonIsDisplayedConditionally() (0.0s)
]]></output>
                  </test-case>
                  <test-case id="0-1096" name="ACTSUM_11_SetAndUpdatePreferredID(&quot;All products&quot;,&quot;Streamline intro,ASB Visa Debit Streamline Intro,Savings On Call,FastSaver&quot;,&quot;Ms&quot;,&quot;ass&quot;,&quot;ass&quot;,&quot;ass&quot;,&quot;New Zealand Driver's Licence&quot;,&quot;Other&quot;,System.String[])" fullname="Join.Form.Customer.Selenium.Features._08_ActivateSummaryFeature.ACTSUM_11_SetAndUpdatePreferredID(&quot;All products&quot;,&quot;Streamline intro,ASB Visa Debit Streamline Intro,Savings On Call,FastSaver&quot;,&quot;Ms&quot;,&quot;ass&quot;,&quot;ass&quot;,&quot;ass&quot;,&quot;New Zealand Driver's Licence&quot;,&quot;Other&quot;,System.String[])" methodname="ACTSUM_11_SetAndUpdatePreferredID" classname="Join.Form.Customer.Selenium.Features._08_ActivateSummaryFeature" runstate="Runnable" seed="1095707925" result="Passed" start-time="2017-11-22 15:12:35Z" end-time="2017-11-22 15:13:46Z" duration="71.228461" asserts="36">
                    <properties />
                    <output><![CDATA[Given I start my Streamline application
Navigating to URL: https://webappisamdev.asbbank.co.nz/public/join/asb/max?grcDisabled=true&fncJunction=fnc104
-> done: CommonSteps.GivenIStartMyStreamlineApplication() (0.7s)
Given I select the following products: 'Streamline intro,ASB Visa Debit Streamline Intro,Savings On Call,FastSaver'
11/23/2017 4:12:46 AMWaitForFeaturesPageLoad: Executing WaitForFrameAndSwitch
11/23/2017 4:12:47 AMWaitForFeaturesPageLoad: Done executing WaitForFrameAndSwitch
Unable to find product 'Savings On Call' in page or product 'Savings On Call' is not selected
Unable to find product 'FastSaver' in page or product 'FastSaver' is not selected
-> done: ProductsPageSteps.WhenIChangeMySelectedProductsTo("Streamline intro,...") (20.0s)
And I enter personal and login details Ms,ass,ass,ass,ass,mark.masikip@asb.co.nz,021-ass,New Zealand,New Zealand Driver's Licence,Kiwi77nz,ass123,false
Given I enter mandatory Tax Information for NZ citizen and clicks on Next button
-> done: AdditionalPersonalDetailsSteps.GivenIEnterMandatoryTaxInformationForNZCitizen() (0.5s)
-> done: PersonalDetailsSteps.GivenIEnterPersonalAndLoginDetails("Ms", "ass", "ass", "ass", "ass", "mark.masikip@asb....", "021-ass", "New Zealand", "New Zealand Drive...", "Kiwi77nz", "ass123", "false") (19.2s)
When I confirm details on the Summary page
UniqueId: 
Title: Ms
FirstName: COB-ZdPPZ
MiddleName: COB-GeABC
LastName: COB-lrZiL
Email: mark.masikip@asb.co.nz
Gender: 
DateOfBirth: 3/19/1982 12:00:00 AM
DateCreated: 
LastReviewDate: 
Cals: 
IsIndividual: 
NzCitizen: 
NzResidence: 
HighValueCustomer: 
StaffMember: 
AmlVerified: 
VipCustomer: 
Addresses: System.Collections.Generic.List`1[ASB.Selenium.DataModel.Customer.Address]
AddressInformation: ASB.Selenium.DataModel.Customer.AddressInformation
CompanyName: 
CompanyType: 
CompanySubType: 
CustomerTypeCode: 
IrdNumber: 
TaxClass: 
TaxClassDate: 
IsNzTaxResident: True
NonResidentCountryCode: 
IsForeignTaxResident: False
ForeignTaxResidencyStatus: 
IsProfileEnhanced: 
Phones: System.Collections.Generic.List`1[ASB.Selenium.DataModel.Customer.Phone]
NextOfKin: 
EmploymentDetails: 
LinkedCustomers: 
AccountRelationships: 
IdType: 
Fatca: ASB.Selenium.DataModel.Customer.Fatca
CitizenshipCountryCodes: 
CitizenshipCountryNames: System.Collections.Generic.List`1[System.String]
ForeignTaxResidenceTypes: System.Collections.Generic.List`1[ASB.Selenium.DataModel.Customer.ForeignTaxResidenceTypes]
OnboardingDetail: ASB.Selenium.DataModel.Customer.OnboardingDetail
AddressVerificationStatus: 
IdVerificationStatus: 
PreferredIdType: New Zealand Driver's Licence
IsProfileComplete: True
DaysRemaining: 0
OnboardingStatus: 
NewAccounts: System.Collections.Generic.List`1[ASB.Selenium.DataModel.Customer.Accounts]
FailedAccounts: System.Collections.Generic.List`1[ASB.Selenium.DataModel.Customer.Accounts]
OnboardingSource: JoinASB
CustomerCreated: 
LoginCreated: 
RegisteredForNetcode: 
AccountsCreated: 
CustomerAccessToken: 
VerificationPassword: ass123
LoginDetail: ASB.Selenium.DataModel.Customer.Login
CustomerType: 
Cif: 
Username: ccob51877
UsernameApi: 
Password: Kiwi77nz
PublicKey: 
AcceptedTermsAndConditions: 
BackgroundCheckConsent: 
PreferredIdType: 
-> done: SummaryPageSteps.WhenIConfirmDetailsOnTheSummaryPage() (2.8s)
Then the Logging you in progress page is displayed
-> done: ConfirmationPageSteps.ThenTheLoggingYouInProgressPageIsDisplayed() (16.7s)
And the Activation page is displayed
11/23/2017 4:13:37 AMThenTheActivationPageIsDisplayed: IsActivationPageDisplayed STARTED
11/23/2017 4:13:37 AMThenTheActivationPageIsDisplayed: IsActivationPageDisplayed DONE
11/23/2017 4:13:37 AMThenTheActivationPageIsDisplayed: IsSectionDisplayed STARTED
11/23/2017 4:13:39 AMThenTheActivationPageIsDisplayed: IsSectionDisplayed DONE
-> done: ActivationSummarySteps.ThenTheActivationPageIsDisplayed() (6.9s)
And the Confirm Identity section is displayed
*** Verifying section for non-ID Verified customer ***
*** Verifying section for customer with Preferred ID = Electronically Acceptable ID: New Zealand Driver's Licence
*** Verifying EIDV-Switched OFF Confirm Identity section for customer with Preferred ID: New Zealand Driver’s Licence and a secondary ID such as a credit card or birth certificate
-> done: ActivationSummarySteps.ThenTheConfirmIdentitySectionIsDisplayed() (0.3s)
And the Selected Id is set to 'New Zealand Driver's Licence'
-> done: ActivationSummarySteps.ThenTheSelectedIdIsSetTo("New Zealand Drive...") (0.1s)
When I select 'Other' in the 'Photo ID' dropdown
-> done: PersonalDetailsSteps.WhenISelectInTheDropdown("Other", "Photo ID") (0.2s)
Then the Confirm Identity section is displayed
*** Verifying section for non-ID Verified customer ***
*** Verifying section for customer with Preferred ID = 'Other' ***
*** Verifying EIDV-Switched OFF Confirm Identity section for customer with Preferred ID: Other
-> done: ActivationSummarySteps.ThenTheConfirmIdentitySectionIsDisplayed() (0.3s)
And the Selected Id is set to 'Other'
-> done: ActivationSummarySteps.ThenTheSelectedIdIsSetTo("Other") (0.1s)
And the See a complete list of acceptable documents text is displayed conditionally
Verifying acceptable documents link should be displayed
Clicking on link: acceptable documents
-> done: ActivationSummarySteps.ThenTheSeeACompleteListOfAcceptableDocumentsTextIsDisplayedConditionally() (1.2s)
And the Find a branch button is displayed conditionally
Verifying Find a branch button should be displayed
-> done: ActivationSummarySteps.ThenTheFindABranchButtonOpensInANewWindow() (2.0s)
And the TXT me a download link button is displayed conditionally
Verifying TXT me a download link button should NOT be displayed
-> done: ActivationSummarySteps.ThenTheTxtmeADownloadLinkButtonIsDisplayedConditionally() (0.0s)
]]></output>
                  </test-case>
                </test-suite>
              </test-suite>
              <test-suite type="TestFixture" id="0-1589" name="_10_TertiaryProductFeature" fullname="Join.Form.Customer.Selenium.Features._10_TertiaryProductFeature" classname="Join.Form.Customer.Selenium.Features._10_TertiaryProductFeature" runstate="Ignored" testcasecount="46" result="Skipped" label="Ignored" site="SetUp" start-time="2017-11-22 15:13:46Z" end-time="2017-11-22 15:13:47Z" duration="0.312493" total="17" passed="0" failed="0" warnings="0" inconclusive="0" skipped="17" asserts="0">
                <properties>
                  <property name="Description" value="10_TertiaryProduct" />
                  <property name="_SKIPREASON" value="Ignored feature" />
                </properties>
                <reason>
                  <message><![CDATA[Ignored feature]]></message>
                </reason>
                <test-suite type="ParameterizedMethod" id="0-1632" name="TER_ACTSUM_01_NZCitizen" fullname="Join.Form.Customer.Selenium.Features._10_TertiaryProductFeature.TER_ACTSUM_01_NZCitizen" classname="Join.Form.Customer.Selenium.Features._10_TertiaryProductFeature" runstate="Runnable" testcasecount="3" result="Skipped" label="Ignored" site="Parent" start-time="0001-01-01 00:00:00Z" end-time="0001-01-01 00:00:00Z" duration="0.000000" total="0" passed="0" failed="0" warnings="0" inconclusive="0" skipped="0" asserts="0">
                  <properties>
                    <property name="Description" value="TER_ACTSUM_01 - NZ Citizen" />
                    <property name="Category" value="COB" />
                    <property name="Category" value="activatesummary" />
                    <property name="Category" value="122016" />
                    <property name="Category" value="tertiary" />
                    <property name="Category" value="integration" />
                    <property name="Category" value="regression" />
                    <property name="Category" value="smoke" />
                  </properties>
                  <reason>
                    <message><![CDATA[OneTimeSetUp: Ignored feature]]></message>
                  </reason>
                </test-suite>
                <test-case id="0-1629" name="TER_ACTSUM_01_NZCitizen(&quot;Tertiary Cheque only&quot;,&quot;Tertiary Cheque&quot;,System.String[])" fullname="Join.Form.Customer.Selenium.Features._10_TertiaryProductFeature.TER_ACTSUM_01_NZCitizen(&quot;Tertiary Cheque only&quot;,&quot;Tertiary Cheque&quot;,System.String[])" methodname="TER_ACTSUM_01_NZCitizen" classname="Join.Form.Customer.Selenium.Features._10_TertiaryProductFeature" runstate="Runnable" seed="1211960375" result="Skipped" label="Ignored" site="Parent" start-time="0001-01-01 00:00:00Z" end-time="0001-01-01 00:00:00Z" duration="0.000000" asserts="0">
                  <properties />
                  <reason>
                    <message><![CDATA[OneTimeSetUp: Ignored feature]]></message>
                  </reason>
                </test-case>
                <test-case id="0-1630" name="TER_ACTSUM_01_NZCitizen(&quot;Default Tertiary Products&quot;,&quot;Tertiary Cheque, ASB Visa Debit Tertiary&quot;,System.String[])" fullname="Join.Form.Customer.Selenium.Features._10_TertiaryProductFeature.TER_ACTSUM_01_NZCitizen(&quot;Default Tertiary Products&quot;,&quot;Tertiary Cheque, ASB Visa Debit Tertiary&quot;,System.String[])" methodname="TER_ACTSUM_01_NZCitizen" classname="Join.Form.Customer.Selenium.Features._10_TertiaryProductFeature" runstate="Runnable" seed="1012471059" result="Skipped" label="Ignored" site="Parent" start-time="0001-01-01 00:00:00Z" end-time="0001-01-01 00:00:00Z" duration="0.000000" asserts="0">
                  <properties />
                  <reason>
                    <message><![CDATA[OneTimeSetUp: Ignored feature]]></message>
                  </reason>
                </test-case>
                <test-case id="0-1631" name="TER_ACTSUM_01_NZCitizen(&quot;All Tertiary Products&quot;,&quot;Tertiary Cheque, ASB Visa Debit Tertiary, Tertiary Overdraft, ASB Visa Light Tertiary,Savings On Call,FastSaver&quot;,System.String[])" fullname="Join.Form.Customer.Selenium.Features._10_TertiaryProductFeature.TER_ACTSUM_01_NZCitizen(&quot;All Tertiary Products&quot;,&quot;Tertiary Cheque, ASB Visa Debit Tertiary, Tertiary Overdraft, ASB Visa Light Tertiary,Savings On Call,FastSaver&quot;,System.String[])" methodname="TER_ACTSUM_01_NZCitizen" classname="Join.Form.Customer.Selenium.Features._10_TertiaryProductFeature" runstate="Runnable" seed="88838064" result="Skipped" label="Ignored" site="Parent" start-time="0001-01-01 00:00:00Z" end-time="0001-01-01 00:00:00Z" duration="0.000000" asserts="0">
                  <properties />
                  <reason>
                    <message><![CDATA[OneTimeSetUp: Ignored feature]]></message>
                  </reason>
                </test-case>
                <test-suite type="ParameterizedMethod" id="0-1636" name="TER_ACTSUM_02_Non_NZCitizen" fullname="Join.Form.Customer.Selenium.Features._10_TertiaryProductFeature.TER_ACTSUM_02_Non_NZCitizen" classname="Join.Form.Customer.Selenium.Features._10_TertiaryProductFeature" runstate="Runnable" testcasecount="3" result="Skipped" label="Ignored" site="Parent" start-time="0001-01-01 00:00:00Z" end-time="0001-01-01 00:00:00Z" duration="0.000000" total="0" passed="0" failed="0" warnings="0" inconclusive="0" skipped="0" asserts="0">
                  <properties>
                    <property name="Description" value="TER_ACTSUM_02 - Non-NZ Citizen" />
                    <property name="Category" value="COB" />
                    <property name="Category" value="activatesummary" />
                    <property name="Category" value="122016" />
                    <property name="Category" value="tertiary" />
                    <property name="Category" value="integration" />
                    <property name="Category" value="regression" />
                  </properties>
                  <reason>
                    <message><![CDATA[OneTimeSetUp: Ignored feature]]></message>
                  </reason>
                </test-suite>
                <test-case id="0-1633" name="TER_ACTSUM_02_Non_NZCitizen(&quot;Tertiary Cheque only&quot;,&quot;Tertiary Cheque&quot;,System.String[])" fullname="Join.Form.Customer.Selenium.Features._10_TertiaryProductFeature.TER_ACTSUM_02_Non_NZCitizen(&quot;Tertiary Cheque only&quot;,&quot;Tertiary Cheque&quot;,System.String[])" methodname="TER_ACTSUM_02_Non_NZCitizen" classname="Join.Form.Customer.Selenium.Features._10_TertiaryProductFeature" runstate="Runnable" seed="1897513848" result="Skipped" label="Ignored" site="Parent" start-time="0001-01-01 00:00:00Z" end-time="0001-01-01 00:00:00Z" duration="0.000000" asserts="0">
                  <properties />
                  <reason>
                    <message><![CDATA[OneTimeSetUp: Ignored feature]]></message>
                  </reason>
                </test-case>
                <test-case id="0-1634" name="TER_ACTSUM_02_Non_NZCitizen(&quot;Default Tertiary Products&quot;,&quot;Tertiary Cheque, ASB Visa Debit Tertiary&quot;,System.String[])" fullname="Join.Form.Customer.Selenium.Features._10_TertiaryProductFeature.TER_ACTSUM_02_Non_NZCitizen(&quot;Default Tertiary Products&quot;,&quot;Tertiary Cheque, ASB Visa Debit Tertiary&quot;,System.String[])" methodname="TER_ACTSUM_02_Non_NZCitizen" classname="Join.Form.Customer.Selenium.Features._10_TertiaryProductFeature" runstate="Runnable" seed="237364176" result="Skipped" label="Ignored" site="Parent" start-time="0001-01-01 00:00:00Z" end-time="0001-01-01 00:00:00Z" duration="0.000000" asserts="0">
                  <properties />
                  <reason>
                    <message><![CDATA[OneTimeSetUp: Ignored feature]]></message>
                  </reason>
                </test-case>
                <test-case id="0-1635" name="TER_ACTSUM_02_Non_NZCitizen(&quot;All Tertiary Products&quot;,&quot;Tertiary Cheque, ASB Visa Debit Tertiary, Savings On Call,FastSaver&quot;,System.String[])" fullname="Join.Form.Customer.Selenium.Features._10_TertiaryProductFeature.TER_ACTSUM_02_Non_NZCitizen(&quot;All Tertiary Products&quot;,&quot;Tertiary Cheque, ASB Visa Debit Tertiary, Savings On Call,FastSaver&quot;,System.String[])" methodname="TER_ACTSUM_02_Non_NZCitizen" classname="Join.Form.Customer.Selenium.Features._10_TertiaryProductFeature" runstate="Runnable" seed="696903192" result="Skipped" label="Ignored" site="Parent" start-time="0001-01-01 00:00:00Z" end-time="0001-01-01 00:00:00Z" duration="0.000000" asserts="0">
                  <properties />
                  <reason>
                    <message><![CDATA[OneTimeSetUp: Ignored feature]]></message>
                  </reason>
                </test-case>
                <test-case id="0-1617" name="TER_CNFM_01_VerifyConfirmationScreen_BadCustomerCheckBlock" fullname="Join.Form.Customer.Selenium.Features._10_TertiaryProductFeature.TER_CNFM_01_VerifyConfirmationScreen_BadCustomerCheckBlock" methodname="TER_CNFM_01_VerifyConfirmationScreen_BadCustomerCheckBlock" classname="Join.Form.Customer.Selenium.Features._10_TertiaryProductFeature" runstate="Runnable" seed="491011102" result="Skipped" label="Ignored" site="Parent" start-time="0001-01-01 00:00:00Z" end-time="0001-01-01 00:00:00Z" duration="0.000000" asserts="0">
                  <properties>
                    <property name="Description" value="TER_CNFM_01 - Verify Confirmation screen - Bad Customer check (block)" />
                    <property name="Category" value="COB" />
                    <property name="Category" value="confirmation" />
                    <property name="Category" value="regression" />
                    <property name="Category" value="integration" />
                    <property name="Category" value="112016" />
                    <property name="Category" value="tertiary" />
                  </properties>
                  <reason>
                    <message><![CDATA[OneTimeSetUp: Ignored feature]]></message>
                  </reason>
                </test-case>
                <test-case id="0-1618" name="TER_CNFM_02_VerifyProofOfAddressAndTertiaryCopy_BadCustomer" fullname="Join.Form.Customer.Selenium.Features._10_TertiaryProductFeature.TER_CNFM_02_VerifyProofOfAddressAndTertiaryCopy_BadCustomer" methodname="TER_CNFM_02_VerifyProofOfAddressAndTertiaryCopy_BadCustomer" classname="Join.Form.Customer.Selenium.Features._10_TertiaryProductFeature" runstate="Runnable" seed="601320642" result="Skipped" label="Ignored" site="Parent" start-time="0001-01-01 00:00:00Z" end-time="0001-01-01 00:00:00Z" duration="0.000000" asserts="0">
                  <properties>
                    <property name="Description" value="TER_CNFM_02 - Verify Proof of Address and Tertiary copy - Bad Customer" />
                    <property name="Category" value="COB" />
                    <property name="Category" value="confirmation" />
                    <property name="Category" value="regression" />
                    <property name="Category" value="integration" />
                    <property name="Category" value="122016" />
                    <property name="Category" value="tertiary" />
                  </properties>
                  <reason>
                    <message><![CDATA[OneTimeSetUp: Ignored feature]]></message>
                  </reason>
                </test-case>
                <test-case id="0-1619" name="TER_CNFM_03_ExistingCustomerCheck_FNCOpenApplyRedirect" fullname="Join.Form.Customer.Selenium.Features._10_TertiaryProductFeature.TER_CNFM_03_ExistingCustomerCheck_FNCOpenApplyRedirect" methodname="TER_CNFM_03_ExistingCustomerCheck_FNCOpenApplyRedirect" classname="Join.Form.Customer.Selenium.Features._10_TertiaryProductFeature" runstate="Runnable" seed="1907667910" result="Skipped" label="Ignored" site="Parent" start-time="0001-01-01 00:00:00Z" end-time="0001-01-01 00:00:00Z" duration="0.000000" asserts="0">
                  <properties>
                    <property name="Description" value="TER_CNFM_03 - Existing Customer check - FNC Open &amp; Apply Redirect" />
                    <property name="Category" value="COB" />
                    <property name="Category" value="confirmation" />
                    <property name="Category" value="regression" />
                    <property name="Category" value="integration" />
                    <property name="Category" value="112016" />
                    <property name="Category" value="tertiary" />
                  </properties>
                  <reason>
                    <message><![CDATA[OneTimeSetUp: Ignored feature]]></message>
                  </reason>
                </test-case>
                <test-case id="0-1620" name="TER_CNFM_04_VerifyProofOfAddressAndTertiaryCopy_ExistingCustomer" fullname="Join.Form.Customer.Selenium.Features._10_TertiaryProductFeature.TER_CNFM_04_VerifyProofOfAddressAndTertiaryCopy_ExistingCustomer" methodname="TER_CNFM_04_VerifyProofOfAddressAndTertiaryCopy_ExistingCustomer" classname="Join.Form.Customer.Selenium.Features._10_TertiaryProductFeature" runstate="Runnable" seed="699113728" result="Skipped" label="Ignored" site="Parent" start-time="0001-01-01 00:00:00Z" end-time="0001-01-01 00:00:00Z" duration="0.000000" asserts="0">
                  <properties>
                    <property name="Description" value="TER_CNFM_04 - Verify Proof of Address and Tertiary copy - Existing Customer" />
                    <property name="Category" value="COB" />
                    <property name="Category" value="confirmation" />
                    <property name="Category" value="regression" />
                    <property name="Category" value="integration" />
                    <property name="Category" value="122016" />
                    <property name="Category" value="tertiary" />
                  </properties>
                  <reason>
                    <message><![CDATA[OneTimeSetUp: Ignored feature]]></message>
                  </reason>
                </test-case>
                <test-case id="0-1609" name="TER_SUMMARY_03_VerifyUI_SummaryPage_PromoCode" fullname="Join.Form.Customer.Selenium.Features._10_TertiaryProductFeature.TER_SUMMARY_03_VerifyUI_SummaryPage_PromoCode" methodname="TER_SUMMARY_03_VerifyUI_SummaryPage_PromoCode" classname="Join.Form.Customer.Selenium.Features._10_TertiaryProductFeature" runstate="Runnable" seed="1840259578" result="Skipped" label="Ignored" site="Parent" start-time="0001-01-01 00:00:00Z" end-time="0001-01-01 00:00:00Z" duration="0.000000" asserts="0">
                  <properties>
                    <property name="Description" value="TER_SUMMARY_03 - Verify UI - Summary page - Promo Code" />
                    <property name="Category" value="COB" />
                    <property name="Category" value="summary" />
                    <property name="Category" value="integration" />
                    <property name="Category" value="regression" />
                    <property name="Category" value="012017" />
                    <property name="Category" value="tertiary" />
                    <property name="Category" value="promocode" />
                  </properties>
                  <reason>
                    <message><![CDATA[OneTimeSetUp: Ignored feature]]></message>
                  </reason>
                </test-case>
                <test-case id="0-1610" name="TER_SUMMARY_04_VerifyUI_SummaryPage_PromoCodeErrorMessage" fullname="Join.Form.Customer.Selenium.Features._10_TertiaryProductFeature.TER_SUMMARY_04_VerifyUI_SummaryPage_PromoCodeErrorMessage" methodname="TER_SUMMARY_04_VerifyUI_SummaryPage_PromoCodeErrorMessage" classname="Join.Form.Customer.Selenium.Features._10_TertiaryProductFeature" runstate="Runnable" seed="1249741540" result="Skipped" label="Ignored" site="Parent" start-time="0001-01-01 00:00:00Z" end-time="0001-01-01 00:00:00Z" duration="0.000000" asserts="0">
                  <properties>
                    <property name="Description" value="TER_SUMMARY_04 - Verify UI - Summary page - Promo Code error message" />
                    <property name="Category" value="COB" />
                    <property name="Category" value="summary" />
                    <property name="Category" value="integration" />
                    <property name="Category" value="regression" />
                    <property name="Category" value="012017" />
                    <property name="Category" value="tertiary" />
                    <property name="Category" value="promocode" />
                  </properties>
                  <reason>
                    <message><![CDATA[OneTimeSetUp: Ignored feature]]></message>
                  </reason>
                </test-case>
                <test-case id="0-1611" name="TER_SUMMARY_05_VerifyUI_SummaryPage_PromoCodeFieldLengthValidation" fullname="Join.Form.Customer.Selenium.Features._10_TertiaryProductFeature.TER_SUMMARY_05_VerifyUI_SummaryPage_PromoCodeFieldLengthValidation" methodname="TER_SUMMARY_05_VerifyUI_SummaryPage_PromoCodeFieldLengthValidation" classname="Join.Form.Customer.Selenium.Features._10_TertiaryProductFeature" runstate="Runnable" seed="592667147" result="Skipped" label="Ignored" site="Parent" start-time="0001-01-01 00:00:00Z" end-time="0001-01-01 00:00:00Z" duration="0.000000" asserts="0">
                  <properties>
                    <property name="Description" value="TER_SUMMARY_05 - Verify UI - Summary page - Promo Code field length validation" />
                    <property name="Category" value="COB" />
                    <property name="Category" value="summary" />
                    <property name="Category" value="integration" />
                    <property name="Category" value="regression" />
                    <property name="Category" value="012017" />
                    <property name="Category" value="tertiary" />
                    <property name="Category" value="promocode" />
                  </properties>
                  <reason>
                    <message><![CDATA[OneTimeSetUp: Ignored feature]]></message>
                  </reason>
                </test-case>
                <test-suite type="ParameterizedMethod" id="0-1616" name="TER_SUMMARY_06_SummaryPage_ValidPromoCode" fullname="Join.Form.Customer.Selenium.Features._10_TertiaryProductFeature.TER_SUMMARY_06_SummaryPage_ValidPromoCode" classname="Join.Form.Customer.Selenium.Features._10_TertiaryProductFeature" runstate="Runnable" testcasecount="4" result="Skipped" label="Ignored" site="Parent" start-time="0001-01-01 00:00:00Z" end-time="0001-01-01 00:00:00Z" duration="0.000000" total="0" passed="0" failed="0" warnings="0" inconclusive="0" skipped="0" asserts="0">
                  <properties>
                    <property name="Description" value="TER_SUMMARY_06 - Summary page - Valid Promo code" />
                    <property name="Category" value="COB" />
                    <property name="Category" value="summary" />
                    <property name="Category" value="integration" />
                    <property name="Category" value="regression" />
                    <property name="Category" value="012017" />
                    <property name="Category" value="tertiary" />
                    <property name="Category" value="promocode" />
                  </properties>
                  <reason>
                    <message><![CDATA[OneTimeSetUp: Ignored feature]]></message>
                  </reason>
                </test-suite>
                <test-case id="0-1612" name="TER_SUMMARY_06_SummaryPage_ValidPromoCode(&quot;AlphaNumeric&quot;,&quot;7&quot;,System.String[])" fullname="Join.Form.Customer.Selenium.Features._10_TertiaryProductFeature.TER_SUMMARY_06_SummaryPage_ValidPromoCode(&quot;AlphaNumeric&quot;,&quot;7&quot;,System.String[])" methodname="TER_SUMMARY_06_SummaryPage_ValidPromoCode" classname="Join.Form.Customer.Selenium.Features._10_TertiaryProductFeature" runstate="Runnable" seed="1273450577" result="Skipped" label="Ignored" site="Parent" start-time="0001-01-01 00:00:00Z" end-time="0001-01-01 00:00:00Z" duration="0.000000" asserts="0">
                  <properties />
                  <reason>
                    <message><![CDATA[OneTimeSetUp: Ignored feature]]></message>
                  </reason>
                </test-case>
                <test-case id="0-1613" name="TER_SUMMARY_06_SummaryPage_ValidPromoCode(&quot;Letters&quot;,&quot;10&quot;,System.String[])" fullname="Join.Form.Customer.Selenium.Features._10_TertiaryProductFeature.TER_SUMMARY_06_SummaryPage_ValidPromoCode(&quot;Letters&quot;,&quot;10&quot;,System.String[])" methodname="TER_SUMMARY_06_SummaryPage_ValidPromoCode" classname="Join.Form.Customer.Selenium.Features._10_TertiaryProductFeature" runstate="Runnable" seed="759145956" result="Skipped" label="Ignored" site="Parent" start-time="0001-01-01 00:00:00Z" end-time="0001-01-01 00:00:00Z" duration="0.000000" asserts="0">
                  <properties />
                  <reason>
                    <message><![CDATA[OneTimeSetUp: Ignored feature]]></message>
                  </reason>
                </test-case>
                <test-case id="0-1614" name="TER_SUMMARY_06_SummaryPage_ValidPromoCode(&quot;Numbers&quot;,&quot;1&quot;,System.String[])" fullname="Join.Form.Customer.Selenium.Features._10_TertiaryProductFeature.TER_SUMMARY_06_SummaryPage_ValidPromoCode(&quot;Numbers&quot;,&quot;1&quot;,System.String[])" methodname="TER_SUMMARY_06_SummaryPage_ValidPromoCode" classname="Join.Form.Customer.Selenium.Features._10_TertiaryProductFeature" runstate="Runnable" seed="1107535048" result="Skipped" label="Ignored" site="Parent" start-time="0001-01-01 00:00:00Z" end-time="0001-01-01 00:00:00Z" duration="0.000000" asserts="0">
                  <properties />
                  <reason>
                    <message><![CDATA[OneTimeSetUp: Ignored feature]]></message>
                  </reason>
                </test-case>
                <test-case id="0-1615" name="TER_SUMMARY_06_SummaryPage_ValidPromoCode(&quot;Default&quot;,&quot;50&quot;,System.String[])" fullname="Join.Form.Customer.Selenium.Features._10_TertiaryProductFeature.TER_SUMMARY_06_SummaryPage_ValidPromoCode(&quot;Default&quot;,&quot;50&quot;,System.String[])" methodname="TER_SUMMARY_06_SummaryPage_ValidPromoCode" classname="Join.Form.Customer.Selenium.Features._10_TertiaryProductFeature" runstate="Runnable" seed="1627958260" result="Skipped" label="Ignored" site="Parent" start-time="0001-01-01 00:00:00Z" end-time="0001-01-01 00:00:00Z" duration="0.000000" asserts="0">
                  <properties />
                  <reason>
                    <message><![CDATA[OneTimeSetUp: Ignored feature]]></message>
                  </reason>
                </test-case>
              </test-suite>
              <test-suite type="TestFixture" id="0-1329" name="_11_JobStarterProductFeature" fullname="Join.Form.Customer.Selenium.Features._11_JobStarterProductFeature" classname="Join.Form.Customer.Selenium.Features._11_JobStarterProductFeature" runstate="Ignored" testcasecount="40" result="Skipped" label="Ignored" site="SetUp" start-time="2017-11-22 15:13:47Z" end-time="2017-11-22 15:13:47Z" duration="0.188051" total="10" passed="0" failed="0" warnings="0" inconclusive="0" skipped="10" asserts="0">
                <properties>
                  <property name="Description" value="11_JobStarterProduct" />
                  <property name="_SKIPREASON" value="Ignored feature" />
                </properties>
                <reason>
                  <message><![CDATA[Ignored feature]]></message>
                </reason>
                <test-suite type="ParameterizedMethod" id="0-1365" name="JOBSTARTER_ACTSUM_01_NZCitizen" fullname="Join.Form.Customer.Selenium.Features._11_JobStarterProductFeature.JOBSTARTER_ACTSUM_01_NZCitizen" classname="Join.Form.Customer.Selenium.Features._11_JobStarterProductFeature" runstate="Runnable" testcasecount="3" result="Skipped" label="Ignored" site="Parent" start-time="0001-01-01 00:00:00Z" end-time="0001-01-01 00:00:00Z" duration="0.000000" total="0" passed="0" failed="0" warnings="0" inconclusive="0" skipped="0" asserts="0">
                  <properties>
                    <property name="Description" value="JOBSTARTER_ACTSUM_01 - NZ Citizen" />
                    <property name="Category" value="COB" />
                    <property name="Category" value="activatesummary" />
                    <property name="Category" value="072017" />
                    <property name="Category" value="jobstarter" />
                    <property name="Category" value="integration" />
                    <property name="Category" value="regression" />
                    <property name="Category" value="smoke" />
                  </properties>
                  <reason>
                    <message><![CDATA[OneTimeSetUp: Ignored feature]]></message>
                  </reason>
                </test-suite>
                <test-case id="0-1362" name="JOBSTARTER_ACTSUM_01_NZCitizen(&quot;Job starter only&quot;,&quot;Job starter&quot;,System.String[])" fullname="Join.Form.Customer.Selenium.Features._11_JobStarterProductFeature.JOBSTARTER_ACTSUM_01_NZCitizen(&quot;Job starter only&quot;,&quot;Job starter&quot;,System.String[])" methodname="JOBSTARTER_ACTSUM_01_NZCitizen" classname="Join.Form.Customer.Selenium.Features._11_JobStarterProductFeature" runstate="Runnable" seed="1075526233" result="Skipped" label="Ignored" site="Parent" start-time="0001-01-01 00:00:00Z" end-time="0001-01-01 00:00:00Z" duration="0.000000" asserts="0">
                  <properties />
                  <reason>
                    <message><![CDATA[OneTimeSetUp: Ignored feature]]></message>
                  </reason>
                </test-case>
                <test-case id="0-1363" name="JOBSTARTER_ACTSUM_01_NZCitizen(&quot;Default Job Starter Products&quot;,&quot;Job starter, ASB Visa Debit Job Starter&quot;,System.String[])" fullname="Join.Form.Customer.Selenium.Features._11_JobStarterProductFeature.JOBSTARTER_ACTSUM_01_NZCitizen(&quot;Default Job Starter Products&quot;,&quot;Job starter, ASB Visa Debit Job Starter&quot;,System.String[])" methodname="JOBSTARTER_ACTSUM_01_NZCitizen" classname="Join.Form.Customer.Selenium.Features._11_JobStarterProductFeature" runstate="Runnable" seed="228801971" result="Skipped" label="Ignored" site="Parent" start-time="0001-01-01 00:00:00Z" end-time="0001-01-01 00:00:00Z" duration="0.000000" asserts="0">
                  <properties />
                  <reason>
                    <message><![CDATA[OneTimeSetUp: Ignored feature]]></message>
                  </reason>
                </test-case>
                <test-case id="0-1364" name="JOBSTARTER_ACTSUM_01_NZCitizen(&quot;All Job Starter Products&quot;,&quot;Job starter, ASB Visa Debit Job Starter, Job Starter Overdraft, ASB Visa Rewards Job Starter, ASB Visa Light Job Starter, Savings On Call, FastSaver&quot;,System.String[])" fullname="Join.Form.Customer.Selenium.Features._11_JobStarterProductFeature.JOBSTARTER_ACTSUM_01_NZCitizen(&quot;All Job Starter Products&quot;,&quot;Job starter, ASB Visa Debit Job Starter, Job Starter Overdraft, ASB Visa Rewards Job Starter, ASB Visa Light Job Starter, Savings On Call, FastSaver&quot;,System.String[])" methodname="JOBSTARTER_ACTSUM_01_NZCitizen" classname="Join.Form.Customer.Selenium.Features._11_JobStarterProductFeature" runstate="Runnable" seed="236570675" result="Skipped" label="Ignored" site="Parent" start-time="0001-01-01 00:00:00Z" end-time="0001-01-01 00:00:00Z" duration="0.000000" asserts="0">
                  <properties />
                  <reason>
                    <message><![CDATA[OneTimeSetUp: Ignored feature]]></message>
                  </reason>
                </test-case>
                <test-suite type="ParameterizedMethod" id="0-1369" name="JOBSTARTER_ACTSUM_02_Non_NZCitizen" fullname="Join.Form.Customer.Selenium.Features._11_JobStarterProductFeature.JOBSTARTER_ACTSUM_02_Non_NZCitizen" classname="Join.Form.Customer.Selenium.Features._11_JobStarterProductFeature" runstate="Runnable" testcasecount="3" result="Skipped" label="Ignored" site="Parent" start-time="0001-01-01 00:00:00Z" end-time="0001-01-01 00:00:00Z" duration="0.000000" total="0" passed="0" failed="0" warnings="0" inconclusive="0" skipped="0" asserts="0">
                  <properties>
                    <property name="Description" value="JOBSTARTER_ACTSUM_02 - Non-NZ Citizen" />
                    <property name="Category" value="COB" />
                    <property name="Category" value="activatesummary" />
                    <property name="Category" value="072017" />
                    <property name="Category" value="jobstarter" />
                    <property name="Category" value="integration" />
                    <property name="Category" value="regression" />
                    <property name="Category" value="smoke" />
                  </properties>
                  <reason>
                    <message><![CDATA[OneTimeSetUp: Ignored feature]]></message>
                  </reason>
                </test-suite>
                <test-case id="0-1366" name="JOBSTARTER_ACTSUM_02_Non_NZCitizen(&quot;Job starter only&quot;,&quot;Job starter&quot;,System.String[])" fullname="Join.Form.Customer.Selenium.Features._11_JobStarterProductFeature.JOBSTARTER_ACTSUM_02_Non_NZCitizen(&quot;Job starter only&quot;,&quot;Job starter&quot;,System.String[])" methodname="JOBSTARTER_ACTSUM_02_Non_NZCitizen" classname="Join.Form.Customer.Selenium.Features._11_JobStarterProductFeature" runstate="Runnable" seed="91193106" result="Skipped" label="Ignored" site="Parent" start-time="0001-01-01 00:00:00Z" end-time="0001-01-01 00:00:00Z" duration="0.000000" asserts="0">
                  <properties />
                  <reason>
                    <message><![CDATA[OneTimeSetUp: Ignored feature]]></message>
                  </reason>
                </test-case>
                <test-case id="0-1367" name="JOBSTARTER_ACTSUM_02_Non_NZCitizen(&quot;Default Job Starter Products&quot;,&quot;Job starter, ASB Visa Debit Job Starter&quot;,System.String[])" fullname="Join.Form.Customer.Selenium.Features._11_JobStarterProductFeature.JOBSTARTER_ACTSUM_02_Non_NZCitizen(&quot;Default Job Starter Products&quot;,&quot;Job starter, ASB Visa Debit Job Starter&quot;,System.String[])" methodname="JOBSTARTER_ACTSUM_02_Non_NZCitizen" classname="Join.Form.Customer.Selenium.Features._11_JobStarterProductFeature" runstate="Runnable" seed="613030603" result="Skipped" label="Ignored" site="Parent" start-time="0001-01-01 00:00:00Z" end-time="0001-01-01 00:00:00Z" duration="0.000000" asserts="0">
                  <properties />
                  <reason>
                    <message><![CDATA[OneTimeSetUp: Ignored feature]]></message>
                  </reason>
                </test-case>
                <test-case id="0-1368" name="JOBSTARTER_ACTSUM_02_Non_NZCitizen(&quot;All Job Starter Products&quot;,&quot;Job starter, ASB Visa Debit Job Starter, ASB Visa Rewards Job Starter, ASB Visa Light Job Starter, Savings On Call, FastSaver&quot;,System.String[])" fullname="Join.Form.Customer.Selenium.Features._11_JobStarterProductFeature.JOBSTARTER_ACTSUM_02_Non_NZCitizen(&quot;All Job Starter Products&quot;,&quot;Job starter, ASB Visa Debit Job Starter, ASB Visa Rewards Job Starter, ASB Visa Light Job Starter, Savings On Call, FastSaver&quot;,System.String[])" methodname="JOBSTARTER_ACTSUM_02_Non_NZCitizen" classname="Join.Form.Customer.Selenium.Features._11_JobStarterProductFeature" runstate="Runnable" seed="1595571517" result="Skipped" label="Ignored" site="Parent" start-time="0001-01-01 00:00:00Z" end-time="0001-01-01 00:00:00Z" duration="0.000000" asserts="0">
                  <properties />
                  <reason>
                    <message><![CDATA[OneTimeSetUp: Ignored feature]]></message>
                  </reason>
                </test-case>
                <test-case id="0-1350" name="JOBSTARTER_CNFM_01_VerifyConfirmationScreen_BadCustomerCheckBlock" fullname="Join.Form.Customer.Selenium.Features._11_JobStarterProductFeature.JOBSTARTER_CNFM_01_VerifyConfirmationScreen_BadCustomerCheckBlock" methodname="JOBSTARTER_CNFM_01_VerifyConfirmationScreen_BadCustomerCheckBlock" classname="Join.Form.Customer.Selenium.Features._11_JobStarterProductFeature" runstate="Runnable" seed="1178956233" result="Skipped" label="Ignored" site="Parent" start-time="0001-01-01 00:00:00Z" end-time="0001-01-01 00:00:00Z" duration="0.000000" asserts="0">
                  <properties>
                    <property name="Description" value="JOBSTARTER_CNFM_01 - Verify Confirmation screen - Bad Customer check (block)" />
                    <property name="Category" value="COB" />
                    <property name="Category" value="confirmation" />
                    <property name="Category" value="regression" />
                    <property name="Category" value="integration" />
                    <property name="Category" value="072017" />
                    <property name="Category" value="jobstarter" />
                  </properties>
                  <reason>
                    <message><![CDATA[OneTimeSetUp: Ignored feature]]></message>
                  </reason>
                </test-case>
                <test-case id="0-1351" name="JOBSTARTER_CNFM_02_VerifyProofOfAddressCopy_BadCustomer" fullname="Join.Form.Customer.Selenium.Features._11_JobStarterProductFeature.JOBSTARTER_CNFM_02_VerifyProofOfAddressCopy_BadCustomer" methodname="JOBSTARTER_CNFM_02_VerifyProofOfAddressCopy_BadCustomer" classname="Join.Form.Customer.Selenium.Features._11_JobStarterProductFeature" runstate="Runnable" seed="302047416" result="Skipped" label="Ignored" site="Parent" start-time="0001-01-01 00:00:00Z" end-time="0001-01-01 00:00:00Z" duration="0.000000" asserts="0">
                  <properties>
                    <property name="Description" value="JOBSTARTER_CNFM_02 - Verify Proof of Address copy - Bad Customer" />
                    <property name="Category" value="COB" />
                    <property name="Category" value="confirmation" />
                    <property name="Category" value="regression" />
                    <property name="Category" value="integration" />
                    <property name="Category" value="072017" />
                    <property name="Category" value="jobstarter" />
                  </properties>
                  <reason>
                    <message><![CDATA[OneTimeSetUp: Ignored feature]]></message>
                  </reason>
                </test-case>
                <test-case id="0-1352" name="JOBSTARTER_CNFM_03_ExistingCustomerCheck_FNCOpenApplyRedirect" fullname="Join.Form.Customer.Selenium.Features._11_JobStarterProductFeature.JOBSTARTER_CNFM_03_ExistingCustomerCheck_FNCOpenApplyRedirect" methodname="JOBSTARTER_CNFM_03_ExistingCustomerCheck_FNCOpenApplyRedirect" classname="Join.Form.Customer.Selenium.Features._11_JobStarterProductFeature" runstate="Runnable" seed="895613103" result="Skipped" label="Ignored" site="Parent" start-time="0001-01-01 00:00:00Z" end-time="0001-01-01 00:00:00Z" duration="0.000000" asserts="0">
                  <properties>
                    <property name="Description" value="JOBSTARTER_CNFM_03 - Existing Customer check - FNC Open &amp; Apply Redirect" />
                    <property name="Category" value="COB" />
                    <property name="Category" value="confirmation" />
                    <property name="Category" value="regression" />
                    <property name="Category" value="integration" />
                    <property name="Category" value="072017" />
                    <property name="Category" value="jobstarter" />
                  </properties>
                  <reason>
                    <message><![CDATA[OneTimeSetUp: Ignored feature]]></message>
                  </reason>
                </test-case>
                <test-case id="0-1353" name="JOBSTARTER_CNFM_04_VerifyProofOfAddressCopy_ExistingCustomer" fullname="Join.Form.Customer.Selenium.Features._11_JobStarterProductFeature.JOBSTARTER_CNFM_04_VerifyProofOfAddressCopy_ExistingCustomer" methodname="JOBSTARTER_CNFM_04_VerifyProofOfAddressCopy_ExistingCustomer" classname="Join.Form.Customer.Selenium.Features._11_JobStarterProductFeature" runstate="Runnable" seed="2108042475" result="Skipped" label="Ignored" site="Parent" start-time="0001-01-01 00:00:00Z" end-time="0001-01-01 00:00:00Z" duration="0.000000" asserts="0">
                  <properties>
                    <property name="Description" value="JOBSTARTER_CNFM_04 - Verify Proof of Address copy - Existing Customer" />
                    <property name="Category" value="COB" />
                    <property name="Category" value="confirmation" />
                    <property name="Category" value="regression" />
                    <property name="Category" value="integration" />
                    <property name="Category" value="072017" />
                    <property name="Category" value="jobstarter" />
                  </properties>
                  <reason>
                    <message><![CDATA[OneTimeSetUp: Ignored feature]]></message>
                  </reason>
                </test-case>
              </test-suite>
              <test-suite type="TestFixture" id="0-1263" name="_12_GraduateProductFeature" fullname="Join.Form.Customer.Selenium.Features._12_GraduateProductFeature" classname="Join.Form.Customer.Selenium.Features._12_GraduateProductFeature" runstate="Ignored" testcasecount="37" result="Skipped" label="Ignored" site="SetUp" start-time="2017-11-22 15:13:47Z" end-time="2017-11-22 15:13:47Z" duration="0.156770" total="8" passed="0" failed="0" warnings="0" inconclusive="0" skipped="8" asserts="0">
                <properties>
                  <property name="Description" value="12_GraduateProduct" />
                  <property name="_SKIPREASON" value="Ignored feature" />
                </properties>
                <reason>
                  <message><![CDATA[Ignored feature]]></message>
                </reason>
                <test-suite type="ParameterizedMethod" id="0-1297" name="GRADUATE_ACTSUM_01_NZCitizen" fullname="Join.Form.Customer.Selenium.Features._12_GraduateProductFeature.GRADUATE_ACTSUM_01_NZCitizen" classname="Join.Form.Customer.Selenium.Features._12_GraduateProductFeature" runstate="Runnable" testcasecount="2" result="Skipped" label="Ignored" site="Parent" start-time="0001-01-01 00:00:00Z" end-time="0001-01-01 00:00:00Z" duration="0.000000" total="0" passed="0" failed="0" warnings="0" inconclusive="0" skipped="0" asserts="0">
                  <properties>
                    <property name="Description" value="GRADUATE_ACTSUM_01 - NZ Citizen" />
                    <property name="Category" value="COB" />
                    <property name="Category" value="activatesummary" />
                    <property name="Category" value="082017" />
                    <property name="Category" value="graduate" />
                    <property name="Category" value="integration" />
                    <property name="Category" value="regression" />
                    <property name="Category" value="smoke" />
                  </properties>
                  <reason>
                    <message><![CDATA[OneTimeSetUp: Ignored feature]]></message>
                  </reason>
                </test-suite>
                <test-case id="0-1295" name="GRADUATE_ACTSUM_01_NZCitizen(&quot;Default Graduate Products&quot;,&quot;Graduate Cheque&quot;,System.String[])" fullname="Join.Form.Customer.Selenium.Features._12_GraduateProductFeature.GRADUATE_ACTSUM_01_NZCitizen(&quot;Default Graduate Products&quot;,&quot;Graduate Cheque&quot;,System.String[])" methodname="GRADUATE_ACTSUM_01_NZCitizen" classname="Join.Form.Customer.Selenium.Features._12_GraduateProductFeature" runstate="Runnable" seed="2114144318" result="Skipped" label="Ignored" site="Parent" start-time="0001-01-01 00:00:00Z" end-time="0001-01-01 00:00:00Z" duration="0.000000" asserts="0">
                  <properties />
                  <reason>
                    <message><![CDATA[OneTimeSetUp: Ignored feature]]></message>
                  </reason>
                </test-case>
                <test-case id="0-1296" name="GRADUATE_ACTSUM_01_NZCitizen(&quot;All Graduate Products&quot;,&quot;Graduate Cheque, Graduate Overdraft, ASB Visa Rewards Graduate, ASB Visa Light Graduate, Savings On Call, FastSaver&quot;,System.String[])" fullname="Join.Form.Customer.Selenium.Features._12_GraduateProductFeature.GRADUATE_ACTSUM_01_NZCitizen(&quot;All Graduate Products&quot;,&quot;Graduate Cheque, Graduate Overdraft, ASB Visa Rewards Graduate, ASB Visa Light Graduate, Savings On Call, FastSaver&quot;,System.String[])" methodname="GRADUATE_ACTSUM_01_NZCitizen" classname="Join.Form.Customer.Selenium.Features._12_GraduateProductFeature" runstate="Runnable" seed="1457168046" result="Skipped" label="Ignored" site="Parent" start-time="0001-01-01 00:00:00Z" end-time="0001-01-01 00:00:00Z" duration="0.000000" asserts="0">
                  <properties />
                  <reason>
                    <message><![CDATA[OneTimeSetUp: Ignored feature]]></message>
                  </reason>
                </test-case>
                <test-suite type="ParameterizedMethod" id="0-1300" name="GRADUATE_ACTSUM_02_Non_NZCitizen" fullname="Join.Form.Customer.Selenium.Features._12_GraduateProductFeature.GRADUATE_ACTSUM_02_Non_NZCitizen" classname="Join.Form.Customer.Selenium.Features._12_GraduateProductFeature" runstate="Runnable" testcasecount="2" result="Skipped" label="Ignored" site="Parent" start-time="0001-01-01 00:00:00Z" end-time="0001-01-01 00:00:00Z" duration="0.000000" total="0" passed="0" failed="0" warnings="0" inconclusive="0" skipped="0" asserts="0">
                  <properties>
                    <property name="Description" value="GRADUATE_ACTSUM_02 - Non-NZ Citizen" />
                    <property name="Category" value="COB" />
                    <property name="Category" value="activatesummary" />
                    <property name="Category" value="082017" />
                    <property name="Category" value="graduate" />
                    <property name="Category" value="integration" />
                    <property name="Category" value="regression" />
                    <property name="Category" value="smoke" />
                  </properties>
                  <reason>
                    <message><![CDATA[OneTimeSetUp: Ignored feature]]></message>
                  </reason>
                </test-suite>
                <test-case id="0-1298" name="GRADUATE_ACTSUM_02_Non_NZCitizen(&quot;Default Graduate Products&quot;,&quot;Graduate Cheque&quot;,System.String[])" fullname="Join.Form.Customer.Selenium.Features._12_GraduateProductFeature.GRADUATE_ACTSUM_02_Non_NZCitizen(&quot;Default Graduate Products&quot;,&quot;Graduate Cheque&quot;,System.String[])" methodname="GRADUATE_ACTSUM_02_Non_NZCitizen" classname="Join.Form.Customer.Selenium.Features._12_GraduateProductFeature" runstate="Runnable" seed="2054002327" result="Skipped" label="Ignored" site="Parent" start-time="0001-01-01 00:00:00Z" end-time="0001-01-01 00:00:00Z" duration="0.000000" asserts="0">
                  <properties />
                  <reason>
                    <message><![CDATA[OneTimeSetUp: Ignored feature]]></message>
                  </reason>
                </test-case>
                <test-case id="0-1299" name="GRADUATE_ACTSUM_02_Non_NZCitizen(&quot;All Graduate Products&quot;,&quot;Graduate Cheque, ASB Visa Rewards Graduate, ASB Visa Light Graduate, Savings On Call, FastSaver&quot;,System.String[])" fullname="Join.Form.Customer.Selenium.Features._12_GraduateProductFeature.GRADUATE_ACTSUM_02_Non_NZCitizen(&quot;All Graduate Products&quot;,&quot;Graduate Cheque, ASB Visa Rewards Graduate, ASB Visa Light Graduate, Savings On Call, FastSaver&quot;,System.String[])" methodname="GRADUATE_ACTSUM_02_Non_NZCitizen" classname="Join.Form.Customer.Selenium.Features._12_GraduateProductFeature" runstate="Runnable" seed="166948743" result="Skipped" label="Ignored" site="Parent" start-time="0001-01-01 00:00:00Z" end-time="0001-01-01 00:00:00Z" duration="0.000000" asserts="0">
                  <properties />
                  <reason>
                    <message><![CDATA[OneTimeSetUp: Ignored feature]]></message>
                  </reason>
                </test-case>
                <test-case id="0-1283" name="GRADUATE_CNFM_01_VerifyConfirmationScreen_BadCustomerCheckBlock" fullname="Join.Form.Customer.Selenium.Features._12_GraduateProductFeature.GRADUATE_CNFM_01_VerifyConfirmationScreen_BadCustomerCheckBlock" methodname="GRADUATE_CNFM_01_VerifyConfirmationScreen_BadCustomerCheckBlock" classname="Join.Form.Customer.Selenium.Features._12_GraduateProductFeature" runstate="Runnable" seed="741623184" result="Skipped" label="Ignored" site="Parent" start-time="0001-01-01 00:00:00Z" end-time="0001-01-01 00:00:00Z" duration="0.000000" asserts="0">
                  <properties>
                    <property name="Description" value="GRADUATE_CNFM_01 - Verify Confirmation screen - Bad Customer check (block)" />
                    <property name="Category" value="COB" />
                    <property name="Category" value="confirmation" />
                    <property name="Category" value="regression" />
                    <property name="Category" value="integration" />
                    <property name="Category" value="082017" />
                    <property name="Category" value="graduate" />
                  </properties>
                  <reason>
                    <message><![CDATA[OneTimeSetUp: Ignored feature]]></message>
                  </reason>
                </test-case>
                <test-case id="0-1284" name="GRADUATE_CNFM_02_VerifyProofOfAddressCopy_BadCustomer" fullname="Join.Form.Customer.Selenium.Features._12_GraduateProductFeature.GRADUATE_CNFM_02_VerifyProofOfAddressCopy_BadCustomer" methodname="GRADUATE_CNFM_02_VerifyProofOfAddressCopy_BadCustomer" classname="Join.Form.Customer.Selenium.Features._12_GraduateProductFeature" runstate="Runnable" seed="715458269" result="Skipped" label="Ignored" site="Parent" start-time="0001-01-01 00:00:00Z" end-time="0001-01-01 00:00:00Z" duration="0.000000" asserts="0">
                  <properties>
                    <property name="Description" value="GRADUATE_CNFM_02 - Verify Proof of Address copy - Bad Customer" />
                    <property name="Category" value="COB" />
                    <property name="Category" value="confirmation" />
                    <property name="Category" value="regression" />
                    <property name="Category" value="integration" />
                    <property name="Category" value="082017" />
                    <property name="Category" value="graduate" />
                  </properties>
                  <reason>
                    <message><![CDATA[OneTimeSetUp: Ignored feature]]></message>
                  </reason>
                </test-case>
                <test-case id="0-1285" name="GRADUATE_CNFM_03_ExistingCustomerCheck_FNCOpenApplyRedirect" fullname="Join.Form.Customer.Selenium.Features._12_GraduateProductFeature.GRADUATE_CNFM_03_ExistingCustomerCheck_FNCOpenApplyRedirect" methodname="GRADUATE_CNFM_03_ExistingCustomerCheck_FNCOpenApplyRedirect" classname="Join.Form.Customer.Selenium.Features._12_GraduateProductFeature" runstate="Runnable" seed="517959362" result="Skipped" label="Ignored" site="Parent" start-time="0001-01-01 00:00:00Z" end-time="0001-01-01 00:00:00Z" duration="0.000000" asserts="0">
                  <properties>
                    <property name="Description" value="GRADUATE_CNFM_03 - Existing Customer check - FNC Open &amp; Apply Redirect" />
                    <property name="Category" value="COB" />
                    <property name="Category" value="confirmation" />
                    <property name="Category" value="regression" />
                    <property name="Category" value="integration" />
                    <property name="Category" value="082017" />
                    <property name="Category" value="graduate" />
                  </properties>
                  <reason>
                    <message><![CDATA[OneTimeSetUp: Ignored feature]]></message>
                  </reason>
                </test-case>
                <test-case id="0-1286" name="GRADUATE_CNFM_04_VerifyProofOfAddressCopy_ExistingCustomer" fullname="Join.Form.Customer.Selenium.Features._12_GraduateProductFeature.GRADUATE_CNFM_04_VerifyProofOfAddressCopy_ExistingCustomer" methodname="GRADUATE_CNFM_04_VerifyProofOfAddressCopy_ExistingCustomer" classname="Join.Form.Customer.Selenium.Features._12_GraduateProductFeature" runstate="Runnable" seed="950719248" result="Skipped" label="Ignored" site="Parent" start-time="0001-01-01 00:00:00Z" end-time="0001-01-01 00:00:00Z" duration="0.000000" asserts="0">
                  <properties>
                    <property name="Description" value="GRADUATE_CNFM_04 - Verify Proof of Address copy - Existing Customer" />
                    <property name="Category" value="COB" />
                    <property name="Category" value="confirmation" />
                    <property name="Category" value="regression" />
                    <property name="Category" value="integration" />
                    <property name="Category" value="082017" />
                    <property name="Category" value="graduate" />
                  </properties>
                  <reason>
                    <message><![CDATA[OneTimeSetUp: Ignored feature]]></message>
                  </reason>
                </test-case>
              </test-suite>
              <test-suite type="TestFixture" id="0-1000" name="_99_ActivateProfileDetailsFeature" fullname="Join.Form.Customer.Selenium.Features._99_ActivateProfileDetailsFeature" classname="Join.Form.Customer.Selenium.Features._99_ActivateProfileDetailsFeature" runstate="Runnable" testcasecount="39" result="Skipped" label="Ignored" start-time="2017-11-22 15:13:47Z" end-time="2017-11-22 15:13:48Z" duration="0.765969" total="37" passed="0" failed="0" warnings="0" inconclusive="0" skipped="37" asserts="0">
                <properties>
                  <property name="Description" value="99_ActivateProfileDetails" />
                  <property name="Category" value="ignore(&quot;obsoleteDueToCRSChanges&quot;)" />
                </properties>
                <reason>
                  <message><![CDATA[One or more child tests were ignored]]></message>
                </reason>
                <test-suite type="ParameterizedMethod" id="0-1011" name="ACTPROF_01_VerifyCOBDataInActivate" fullname="Join.Form.Customer.Selenium.Features._99_ActivateProfileDetailsFeature.ACTPROF_01_VerifyCOBDataInActivate" classname="Join.Form.Customer.Selenium.Features._99_ActivateProfileDetailsFeature" runstate="Ignored" testcasecount="10" result="Skipped" label="Ignored" site="SetUp" start-time="2017-11-22 15:13:47Z" end-time="2017-11-22 15:13:47Z" duration="0.156318" total="10" passed="0" failed="0" warnings="0" inconclusive="0" skipped="10" asserts="0">
                  <properties>
                    <property name="Description" value="ACTPROF_01 - Verify COB data in Activate" />
                    <property name="_SKIPREASON" value="Ignored scenario" />
                    <property name="Category" value="activateprofile" />
                    <property name="Category" value="COB" />
                    <property name="Category" value="integration" />
                    <property name="Category" value="072016" />
                    <property name="Category" value="eidv" />
                    <property name="Category" value="obsolete" />
                  </properties>
                  <reason>
                    <message><![CDATA[Ignored scenario]]></message>
                  </reason>
                  <test-case id="0-1001" name="ACTPROF_01_VerifyCOBDataInActivate(&quot;NZTaxResident and profile incomplete&quot;,&quot;Streamline intro&quot;,&quot;Yes&quot;,&quot;Skip&quot;,&quot;Skip&quot;,&quot;Skip&quot;,&quot;Skip&quot;,&quot;Yes&quot;,&quot;33%&quot;,&quot;111-111-111&quot;,&quot;New Zealand&quot;,&quot;Skip&quot;,&quot;FALSE&quot;,System.String[])" fullname="Join.Form.Customer.Selenium.Features._99_ActivateProfileDetailsFeature.ACTPROF_01_VerifyCOBDataInActivate(&quot;NZTaxResident and profile incomplete&quot;,&quot;Streamline intro&quot;,&quot;Yes&quot;,&quot;Skip&quot;,&quot;Skip&quot;,&quot;Skip&quot;,&quot;Skip&quot;,&quot;Yes&quot;,&quot;33%&quot;,&quot;111-111-111&quot;,&quot;New Zealand&quot;,&quot;Skip&quot;,&quot;FALSE&quot;,System.String[])" methodname="ACTPROF_01_VerifyCOBDataInActivate" classname="Join.Form.Customer.Selenium.Features._99_ActivateProfileDetailsFeature" runstate="Runnable" seed="594710357" result="Skipped" label="Ignored" site="Parent" start-time="0001-01-01 00:00:00Z" end-time="0001-01-01 00:00:00Z" duration="0.000000" asserts="0">
                    <properties />
                    <reason>
                      <message><![CDATA[OneTimeSetUp: Ignored scenario]]></message>
                    </reason>
                  </test-case>
                  <test-case id="0-1002" name="ACTPROF_01_VerifyCOBDataInActivate(&quot;NZTaxResident - Exempt and profile complete on submit&quot;,&quot;Streamline intro,ASB Visa Debit&quot;,&quot;Yes&quot;,&quot;Exempt from withholding tax&quot;,&quot;Skip&quot;,&quot;Skip&quot;,&quot;Skip&quot;,&quot;Yes&quot;,&quot;Exempt from withholding tax&quot;,&quot;Skip&quot;,&quot;New Zealand&quot;,&quot;Australia - X123GH78, India - 9856GFT8, Argentina - X123GH78, Svalbard and Jan Mayen Islands - GT7646HG&quot;,&quot;TRUE&quot;,System.String[])" fullname="Join.Form.Customer.Selenium.Features._99_ActivateProfileDetailsFeature.ACTPROF_01_VerifyCOBDataInActivate(&quot;NZTaxResident - Exempt and profile complete on submit&quot;,&quot;Streamline intro,ASB Visa Debit&quot;,&quot;Yes&quot;,&quot;Exempt from withholding tax&quot;,&quot;Skip&quot;,&quot;Skip&quot;,&quot;Skip&quot;,&quot;Yes&quot;,&quot;Exempt from withholding tax&quot;,&quot;Skip&quot;,&quot;New Zealand&quot;,&quot;Australia - X123GH78, India - 9856GFT8, Argentina - X123GH78, Svalbard and Jan Mayen Islands - GT7646HG&quot;,&quot;TRUE&quot;,System.String[])" methodname="ACTPROF_01_VerifyCOBDataInActivate" classname="Join.Form.Customer.Selenium.Features._99_ActivateProfileDetailsFeature" runstate="Runnable" seed="1620059004" result="Skipped" label="Ignored" site="Parent" start-time="0001-01-01 00:00:00Z" end-time="0001-01-01 00:00:00Z" duration="0.000000" asserts="0">
                    <properties />
                    <reason>
                      <message><![CDATA[OneTimeSetUp: Ignored scenario]]></message>
                    </reason>
                  </test-case>
                  <test-case id="0-1003" name="ACTPROF_01_VerifyCOBDataInActivate(&quot;NZTaxResident, Citizenship and profile incomplete&quot;,&quot;Streamline intro&quot;,&quot;Yes&quot;,&quot;Skip&quot;,&quot;Skip&quot;,&quot;New Zealand, Australia, India, Svalbard and Jan Mayen Islands&quot;,&quot;Skip&quot;,&quot;Yes&quot;,&quot;17.5%&quot;,&quot;49-091-850&quot;,&quot;Skip&quot;,&quot;New Zealand&quot;,&quot;FALSE&quot;,System.String[])" fullname="Join.Form.Customer.Selenium.Features._99_ActivateProfileDetailsFeature.ACTPROF_01_VerifyCOBDataInActivate(&quot;NZTaxResident, Citizenship and profile incomplete&quot;,&quot;Streamline intro&quot;,&quot;Yes&quot;,&quot;Skip&quot;,&quot;Skip&quot;,&quot;New Zealand, Australia, India, Svalbard and Jan Mayen Islands&quot;,&quot;Skip&quot;,&quot;Yes&quot;,&quot;17.5%&quot;,&quot;49-091-850&quot;,&quot;Skip&quot;,&quot;New Zealand&quot;,&quot;FALSE&quot;,System.String[])" methodname="ACTPROF_01_VerifyCOBDataInActivate" classname="Join.Form.Customer.Selenium.Features._99_ActivateProfileDetailsFeature" runstate="Runnable" seed="1275993305" result="Skipped" label="Ignored" site="Parent" start-time="0001-01-01 00:00:00Z" end-time="0001-01-01 00:00:00Z" duration="0.000000" asserts="0">
                    <properties />
                    <reason>
                      <message><![CDATA[OneTimeSetUp: Ignored scenario]]></message>
                    </reason>
                  </test-case>
                  <test-case id="0-1004" name="ACTPROF_01_VerifyCOBDataInActivate(&quot;Not NZTaxResident  and profile incomplete&quot;,&quot;Streamline intro&quot;,&quot;No&quot;,&quot;Skip&quot;,&quot;Skip&quot;,&quot;Skip&quot;,&quot;Australia - X123GH78&quot;,&quot;Yes&quot;,&quot;33%&quot;,&quot;111-111-111&quot;,&quot;Skip&quot;,&quot;Australia - X123GH78, India - 9856GFT8, Argentina - X123GH78, Svalbard and Jan Mayen Islands - GT7646HG&quot;,&quot;FALSE&quot;,System.String[])" fullname="Join.Form.Customer.Selenium.Features._99_ActivateProfileDetailsFeature.ACTPROF_01_VerifyCOBDataInActivate(&quot;Not NZTaxResident  and profile incomplete&quot;,&quot;Streamline intro&quot;,&quot;No&quot;,&quot;Skip&quot;,&quot;Skip&quot;,&quot;Skip&quot;,&quot;Australia - X123GH78&quot;,&quot;Yes&quot;,&quot;33%&quot;,&quot;111-111-111&quot;,&quot;Skip&quot;,&quot;Australia - X123GH78, India - 9856GFT8, Argentina - X123GH78, Svalbard and Jan Mayen Islands - GT7646HG&quot;,&quot;FALSE&quot;,System.String[])" methodname="ACTPROF_01_VerifyCOBDataInActivate" classname="Join.Form.Customer.Selenium.Features._99_ActivateProfileDetailsFeature" runstate="Runnable" seed="533919320" result="Skipped" label="Ignored" site="Parent" start-time="0001-01-01 00:00:00Z" end-time="0001-01-01 00:00:00Z" duration="0.000000" asserts="0">
                    <properties />
                    <reason>
                      <message><![CDATA[OneTimeSetUp: Ignored scenario]]></message>
                    </reason>
                  </test-case>
                  <test-case id="0-1005" name="ACTPROF_01_VerifyCOBDataInActivate(&quot;No-Exempt from withholding tax and profile complete on submit&quot;,&quot;Streamline intro,ASB Visa Debit&quot;,&quot;No&quot;,&quot;Exempt from withholding tax&quot;,&quot;111-111-111&quot;,&quot;Skip&quot;,&quot;Australia - X123GH78&quot;,&quot;No&quot;,&quot;Non-resident Withholding tax rate&quot;,&quot;111-111-111&quot;,&quot;New Zealand, Australia, India, Svalbard and Jan Mayen Islands&quot;,&quot;Australia - X123GH78&quot;,&quot;TRUE&quot;,System.String[])" fullname="Join.Form.Customer.Selenium.Features._99_ActivateProfileDetailsFeature.ACTPROF_01_VerifyCOBDataInActivate(&quot;No-Exempt from withholding tax and profile complete on submit&quot;,&quot;Streamline intro,ASB Visa Debit&quot;,&quot;No&quot;,&quot;Exempt from withholding tax&quot;,&quot;111-111-111&quot;,&quot;Skip&quot;,&quot;Australia - X123GH78&quot;,&quot;No&quot;,&quot;Non-resident Withholding tax rate&quot;,&quot;111-111-111&quot;,&quot;New Zealand, Australia, India, Svalbard and Jan Mayen Islands&quot;,&quot;Australia - X123GH78&quot;,&quot;TRUE&quot;,System.String[])" methodname="ACTPROF_01_VerifyCOBDataInActivate" classname="Join.Form.Customer.Selenium.Features._99_ActivateProfileDetailsFeature" runstate="Runnable" seed="912891734" result="Skipped" label="Ignored" site="Parent" start-time="0001-01-01 00:00:00Z" end-time="0001-01-01 00:00:00Z" duration="0.000000" asserts="0">
                    <properties />
                    <reason>
                      <message><![CDATA[OneTimeSetUp: Ignored scenario]]></message>
                    </reason>
                  </test-case>
                  <test-case id="0-1006" name="ACTPROF_01_VerifyCOBDataInActivate(&quot;NZTaxResident - 33% and profile complete on submit&quot;,&quot;Streamline intro,ASB Visa Debit&quot;,&quot;Yes&quot;,&quot;33%&quot;,&quot;Skip&quot;,&quot;Skip&quot;,&quot;Skip&quot;,&quot;Yes&quot;,&quot;33%&quot;,&quot;111-111-111&quot;,&quot;New Zealand&quot;,&quot;Australia - X123GH78&quot;,&quot;TRUE&quot;,null)" fullname="Join.Form.Customer.Selenium.Features._99_ActivateProfileDetailsFeature.ACTPROF_01_VerifyCOBDataInActivate(&quot;NZTaxResident - 33% and profile complete on submit&quot;,&quot;Streamline intro,ASB Visa Debit&quot;,&quot;Yes&quot;,&quot;33%&quot;,&quot;Skip&quot;,&quot;Skip&quot;,&quot;Skip&quot;,&quot;Yes&quot;,&quot;33%&quot;,&quot;111-111-111&quot;,&quot;New Zealand&quot;,&quot;Australia - X123GH78&quot;,&quot;TRUE&quot;,null)" methodname="ACTPROF_01_VerifyCOBDataInActivate" classname="Join.Form.Customer.Selenium.Features._99_ActivateProfileDetailsFeature" runstate="Runnable" seed="228102529" result="Skipped" label="Ignored" site="Parent" start-time="0001-01-01 00:00:00Z" end-time="0001-01-01 00:00:00Z" duration="0.000000" asserts="0">
                    <properties>
                      <property name="Category" value="regression" />
                    </properties>
                    <reason>
                      <message><![CDATA[OneTimeSetUp: Ignored scenario]]></message>
                    </reason>
                  </test-case>
                  <test-case id="0-1007" name="ACTPROF_01_VerifyCOBDataInActivate(&quot;NZTaxResident - 17.5% and profile incomplete&quot;,&quot;Streamline intro&quot;,&quot;Yes&quot;,&quot;17.5%&quot;,&quot;49-091-850&quot;,&quot;Skip&quot;,&quot;Skip&quot;,&quot;Yes&quot;,&quot;10.5%&quot;,&quot;35-901-981&quot;,&quot;New Zealand, Australia, India, Svalbard and Jan Mayen Islands&quot;,&quot;Skip&quot;,&quot;FALSE&quot;,null)" fullname="Join.Form.Customer.Selenium.Features._99_ActivateProfileDetailsFeature.ACTPROF_01_VerifyCOBDataInActivate(&quot;NZTaxResident - 17.5% and profile incomplete&quot;,&quot;Streamline intro&quot;,&quot;Yes&quot;,&quot;17.5%&quot;,&quot;49-091-850&quot;,&quot;Skip&quot;,&quot;Skip&quot;,&quot;Yes&quot;,&quot;10.5%&quot;,&quot;35-901-981&quot;,&quot;New Zealand, Australia, India, Svalbard and Jan Mayen Islands&quot;,&quot;Skip&quot;,&quot;FALSE&quot;,null)" methodname="ACTPROF_01_VerifyCOBDataInActivate" classname="Join.Form.Customer.Selenium.Features._99_ActivateProfileDetailsFeature" runstate="Runnable" seed="654250989" result="Skipped" label="Ignored" site="Parent" start-time="0001-01-01 00:00:00Z" end-time="0001-01-01 00:00:00Z" duration="0.000000" asserts="0">
                    <properties>
                      <property name="Category" value="regression" />
                    </properties>
                    <reason>
                      <message><![CDATA[OneTimeSetUp: Ignored scenario]]></message>
                    </reason>
                  </test-case>
                  <test-case id="0-1008" name="ACTPROF_01_VerifyCOBDataInActivate(&quot;NZTaxResident, FTR and profile incomplete&quot;,&quot;Streamline intro,ASB Visa Debit&quot;,&quot;Yes&quot;,&quot;Skip&quot;,&quot;Skip&quot;,&quot;Skip&quot;,&quot;Australia - X123GH78, India - 9856GFT8, Argentina - X123GH78, Svalbard and Jan Mayen Islands - GT7646HG&quot;,&quot;Yes&quot;,&quot;Skip&quot;,&quot;Skip&quot;,&quot;Skip&quot;,&quot;Australia&quot;,&quot;FALSE&quot;,null)" fullname="Join.Form.Customer.Selenium.Features._99_ActivateProfileDetailsFeature.ACTPROF_01_VerifyCOBDataInActivate(&quot;NZTaxResident, FTR and profile incomplete&quot;,&quot;Streamline intro,ASB Visa Debit&quot;,&quot;Yes&quot;,&quot;Skip&quot;,&quot;Skip&quot;,&quot;Skip&quot;,&quot;Australia - X123GH78, India - 9856GFT8, Argentina - X123GH78, Svalbard and Jan Mayen Islands - GT7646HG&quot;,&quot;Yes&quot;,&quot;Skip&quot;,&quot;Skip&quot;,&quot;Skip&quot;,&quot;Australia&quot;,&quot;FALSE&quot;,null)" methodname="ACTPROF_01_VerifyCOBDataInActivate" classname="Join.Form.Customer.Selenium.Features._99_ActivateProfileDetailsFeature" runstate="Runnable" seed="1491510755" result="Skipped" label="Ignored" site="Parent" start-time="0001-01-01 00:00:00Z" end-time="0001-01-01 00:00:00Z" duration="0.000000" asserts="0">
                    <properties>
                      <property name="Category" value="regression" />
                    </properties>
                    <reason>
                      <message><![CDATA[OneTimeSetUp: Ignored scenario]]></message>
                    </reason>
                  </test-case>
                  <test-case id="0-1009" name="ACTPROF_01_VerifyCOBDataInActivate(&quot;No-Approved Issuer Levy at 2% and profile complete on submit&quot;,&quot;Streamline intro,ASB Visa Debit&quot;,&quot;No&quot;,&quot;Approved Issuer Levy at 2%&quot;,&quot;Skip&quot;,&quot;Skip&quot;,&quot;Australia&quot;,&quot;No&quot;,&quot;Approved Issuer Levy at 2%&quot;,&quot;Skip&quot;,&quot;New Zealand&quot;,&quot;Australia - X123GH78&quot;,&quot;TRUE&quot;,null)" fullname="Join.Form.Customer.Selenium.Features._99_ActivateProfileDetailsFeature.ACTPROF_01_VerifyCOBDataInActivate(&quot;No-Approved Issuer Levy at 2% and profile complete on submit&quot;,&quot;Streamline intro,ASB Visa Debit&quot;,&quot;No&quot;,&quot;Approved Issuer Levy at 2%&quot;,&quot;Skip&quot;,&quot;Skip&quot;,&quot;Australia&quot;,&quot;No&quot;,&quot;Approved Issuer Levy at 2%&quot;,&quot;Skip&quot;,&quot;New Zealand&quot;,&quot;Australia - X123GH78&quot;,&quot;TRUE&quot;,null)" methodname="ACTPROF_01_VerifyCOBDataInActivate" classname="Join.Form.Customer.Selenium.Features._99_ActivateProfileDetailsFeature" runstate="Runnable" seed="2096757175" result="Skipped" label="Ignored" site="Parent" start-time="0001-01-01 00:00:00Z" end-time="0001-01-01 00:00:00Z" duration="0.000000" asserts="0">
                    <properties>
                      <property name="Category" value="regression" />
                    </properties>
                    <reason>
                      <message><![CDATA[OneTimeSetUp: Ignored scenario]]></message>
                    </reason>
                  </test-case>
                  <test-case id="0-1010" name="ACTPROF_01_VerifyCOBDataInActivate(&quot;No-Non-resident Withholding tax rate and profile incomplete&quot;,&quot;Streamline intro&quot;,&quot;No&quot;,&quot;Non-resident Withholding tax rate&quot;,&quot;49-091-850&quot;,&quot;Skip&quot;,&quot;Australia - X123GH78&quot;,&quot;No&quot;,&quot;Exempt from withholding tax&quot;,&quot;49-091-850&quot;,&quot;Skip&quot;,&quot;Australia - X123GH78&quot;,&quot;FALSE&quot;,null)" fullname="Join.Form.Customer.Selenium.Features._99_ActivateProfileDetailsFeature.ACTPROF_01_VerifyCOBDataInActivate(&quot;No-Non-resident Withholding tax rate and profile incomplete&quot;,&quot;Streamline intro&quot;,&quot;No&quot;,&quot;Non-resident Withholding tax rate&quot;,&quot;49-091-850&quot;,&quot;Skip&quot;,&quot;Australia - X123GH78&quot;,&quot;No&quot;,&quot;Exempt from withholding tax&quot;,&quot;49-091-850&quot;,&quot;Skip&quot;,&quot;Australia - X123GH78&quot;,&quot;FALSE&quot;,null)" methodname="ACTPROF_01_VerifyCOBDataInActivate" classname="Join.Form.Customer.Selenium.Features._99_ActivateProfileDetailsFeature" runstate="Runnable" seed="1486051892" result="Skipped" label="Ignored" site="Parent" start-time="0001-01-01 00:00:00Z" end-time="0001-01-01 00:00:00Z" duration="0.000000" asserts="0">
                    <properties>
                      <property name="Category" value="regression" />
                    </properties>
                    <reason>
                      <message><![CDATA[OneTimeSetUp: Ignored scenario]]></message>
                    </reason>
                  </test-case>
                </test-suite>
                <test-suite type="ParameterizedMethod" id="0-1022" name="ACTPROF_02_UpdateCOBDataInActivate" fullname="Join.Form.Customer.Selenium.Features._99_ActivateProfileDetailsFeature.ACTPROF_02_UpdateCOBDataInActivate" classname="Join.Form.Customer.Selenium.Features._99_ActivateProfileDetailsFeature" runstate="Ignored" testcasecount="10" result="Skipped" label="Ignored" site="SetUp" start-time="2017-11-22 15:13:47Z" end-time="2017-11-22 15:13:47Z" duration="0.156386" total="10" passed="0" failed="0" warnings="0" inconclusive="0" skipped="10" asserts="0">
                  <properties>
                    <property name="Description" value="ACTPROF_02 - Update COB data in Activate" />
                    <property name="_SKIPREASON" value="Ignored scenario" />
                    <property name="Category" value="activateprofile" />
                    <property name="Category" value="COB" />
                    <property name="Category" value="integration" />
                    <property name="Category" value="072016" />
                    <property name="Category" value="eidv" />
                    <property name="Category" value="obsolete" />
                  </properties>
                  <reason>
                    <message><![CDATA[Ignored scenario]]></message>
                  </reason>
                  <test-case id="0-1012" name="ACTPROF_02_UpdateCOBDataInActivate(&quot;NZTaxResident and profile incomplete&quot;,&quot;Streamline intro&quot;,&quot;Yes&quot;,&quot;Skip&quot;,&quot;Skip&quot;,&quot;Skip&quot;,&quot;Skip&quot;,&quot;Yes&quot;,&quot;33%&quot;,&quot;111-111-111&quot;,&quot;New Zealand&quot;,&quot;No&quot;,&quot;TRUE&quot;,System.String[])" fullname="Join.Form.Customer.Selenium.Features._99_ActivateProfileDetailsFeature.ACTPROF_02_UpdateCOBDataInActivate(&quot;NZTaxResident and profile incomplete&quot;,&quot;Streamline intro&quot;,&quot;Yes&quot;,&quot;Skip&quot;,&quot;Skip&quot;,&quot;Skip&quot;,&quot;Skip&quot;,&quot;Yes&quot;,&quot;33%&quot;,&quot;111-111-111&quot;,&quot;New Zealand&quot;,&quot;No&quot;,&quot;TRUE&quot;,System.String[])" methodname="ACTPROF_02_UpdateCOBDataInActivate" classname="Join.Form.Customer.Selenium.Features._99_ActivateProfileDetailsFeature" runstate="Runnable" seed="103681459" result="Skipped" label="Ignored" site="Parent" start-time="0001-01-01 00:00:00Z" end-time="0001-01-01 00:00:00Z" duration="0.000000" asserts="0">
                    <properties />
                    <reason>
                      <message><![CDATA[OneTimeSetUp: Ignored scenario]]></message>
                    </reason>
                  </test-case>
                  <test-case id="0-1013" name="ACTPROF_02_UpdateCOBDataInActivate(&quot;NZTaxResident - 17.5% and profile incomplete&quot;,&quot;Streamline intro&quot;,&quot;Yes&quot;,&quot;17.5%&quot;,&quot;49-091-850&quot;,&quot;Skip&quot;,&quot;Skip&quot;,&quot;Yes&quot;,&quot;10.5%&quot;,&quot;35-901-981&quot;,&quot;New Zealand, Australia, India, Svalbard and Jan Mayen Islands&quot;,&quot;Singapore&quot;,&quot;TRUE&quot;,System.String[])" fullname="Join.Form.Customer.Selenium.Features._99_ActivateProfileDetailsFeature.ACTPROF_02_UpdateCOBDataInActivate(&quot;NZTaxResident - 17.5% and profile incomplete&quot;,&quot;Streamline intro&quot;,&quot;Yes&quot;,&quot;17.5%&quot;,&quot;49-091-850&quot;,&quot;Skip&quot;,&quot;Skip&quot;,&quot;Yes&quot;,&quot;10.5%&quot;,&quot;35-901-981&quot;,&quot;New Zealand, Australia, India, Svalbard and Jan Mayen Islands&quot;,&quot;Singapore&quot;,&quot;TRUE&quot;,System.String[])" methodname="ACTPROF_02_UpdateCOBDataInActivate" classname="Join.Form.Customer.Selenium.Features._99_ActivateProfileDetailsFeature" runstate="Runnable" seed="1719341336" result="Skipped" label="Ignored" site="Parent" start-time="0001-01-01 00:00:00Z" end-time="0001-01-01 00:00:00Z" duration="0.000000" asserts="0">
                    <properties />
                    <reason>
                      <message><![CDATA[OneTimeSetUp: Ignored scenario]]></message>
                    </reason>
                  </test-case>
                  <test-case id="0-1014" name="ACTPROF_02_UpdateCOBDataInActivate(&quot;NZTaxResident, FTR and profile incomplete&quot;,&quot;Streamline intro,ASB Visa Debit&quot;,&quot;Yes&quot;,&quot;Skip&quot;,&quot;Skip&quot;,&quot;Skip&quot;,&quot;Australia - X123GH78, India - 9856GFT8, Argentina - X123GH78, Svalbard and Jan Mayen Islands - GT7646HG&quot;,&quot;Yes&quot;,&quot;Skip&quot;,&quot;Skip&quot;,&quot;United States&quot;,&quot;Australia&quot;,&quot;TRUE&quot;,System.String[])" fullname="Join.Form.Customer.Selenium.Features._99_ActivateProfileDetailsFeature.ACTPROF_02_UpdateCOBDataInActivate(&quot;NZTaxResident, FTR and profile incomplete&quot;,&quot;Streamline intro,ASB Visa Debit&quot;,&quot;Yes&quot;,&quot;Skip&quot;,&quot;Skip&quot;,&quot;Skip&quot;,&quot;Australia - X123GH78, India - 9856GFT8, Argentina - X123GH78, Svalbard and Jan Mayen Islands - GT7646HG&quot;,&quot;Yes&quot;,&quot;Skip&quot;,&quot;Skip&quot;,&quot;United States&quot;,&quot;Australia&quot;,&quot;TRUE&quot;,System.String[])" methodname="ACTPROF_02_UpdateCOBDataInActivate" classname="Join.Form.Customer.Selenium.Features._99_ActivateProfileDetailsFeature" runstate="Runnable" seed="673040890" result="Skipped" label="Ignored" site="Parent" start-time="0001-01-01 00:00:00Z" end-time="0001-01-01 00:00:00Z" duration="0.000000" asserts="0">
                    <properties />
                    <reason>
                      <message><![CDATA[OneTimeSetUp: Ignored scenario]]></message>
                    </reason>
                  </test-case>
                  <test-case id="0-1015" name="ACTPROF_02_UpdateCOBDataInActivate(&quot;No-Approved Issuer Levy at 2% and profile complete on submit&quot;,&quot;Streamline intro,ASB Visa Debit&quot;,&quot;No&quot;,&quot;Approved Issuer Levy at 2%&quot;,&quot;Skip&quot;,&quot;Skip&quot;,&quot;Australia&quot;,&quot;No&quot;,&quot;Approved Issuer Levy at 2%&quot;,&quot;Skip&quot;,&quot;New Zealand&quot;,&quot;Australia - X123GH78&quot;,&quot;TRUE&quot;,System.String[])" fullname="Join.Form.Customer.Selenium.Features._99_ActivateProfileDetailsFeature.ACTPROF_02_UpdateCOBDataInActivate(&quot;No-Approved Issuer Levy at 2% and profile complete on submit&quot;,&quot;Streamline intro,ASB Visa Debit&quot;,&quot;No&quot;,&quot;Approved Issuer Levy at 2%&quot;,&quot;Skip&quot;,&quot;Skip&quot;,&quot;Australia&quot;,&quot;No&quot;,&quot;Approved Issuer Levy at 2%&quot;,&quot;Skip&quot;,&quot;New Zealand&quot;,&quot;Australia - X123GH78&quot;,&quot;TRUE&quot;,System.String[])" methodname="ACTPROF_02_UpdateCOBDataInActivate" classname="Join.Form.Customer.Selenium.Features._99_ActivateProfileDetailsFeature" runstate="Runnable" seed="1110161031" result="Skipped" label="Ignored" site="Parent" start-time="0001-01-01 00:00:00Z" end-time="0001-01-01 00:00:00Z" duration="0.000000" asserts="0">
                    <properties />
                    <reason>
                      <message><![CDATA[OneTimeSetUp: Ignored scenario]]></message>
                    </reason>
                  </test-case>
                  <test-case id="0-1016" name="ACTPROF_02_UpdateCOBDataInActivate(&quot;No-Non-resident Withholding tax rate and profile incomplete&quot;,&quot;Streamline intro&quot;,&quot;No&quot;,&quot;Non-resident Withholding tax rate&quot;,&quot;49-091-850&quot;,&quot;Skip&quot;,&quot;Australia - X123GH78&quot;,&quot;No&quot;,&quot;Exempt from withholding tax&quot;,&quot;49-091-850&quot;,&quot;Australia&quot;,&quot;No&quot;,&quot;TRUE&quot;,System.String[])" fullname="Join.Form.Customer.Selenium.Features._99_ActivateProfileDetailsFeature.ACTPROF_02_UpdateCOBDataInActivate(&quot;No-Non-resident Withholding tax rate and profile incomplete&quot;,&quot;Streamline intro&quot;,&quot;No&quot;,&quot;Non-resident Withholding tax rate&quot;,&quot;49-091-850&quot;,&quot;Skip&quot;,&quot;Australia - X123GH78&quot;,&quot;No&quot;,&quot;Exempt from withholding tax&quot;,&quot;49-091-850&quot;,&quot;Australia&quot;,&quot;No&quot;,&quot;TRUE&quot;,System.String[])" methodname="ACTPROF_02_UpdateCOBDataInActivate" classname="Join.Form.Customer.Selenium.Features._99_ActivateProfileDetailsFeature" runstate="Runnable" seed="705139158" result="Skipped" label="Ignored" site="Parent" start-time="0001-01-01 00:00:00Z" end-time="0001-01-01 00:00:00Z" duration="0.000000" asserts="0">
                    <properties />
                    <reason>
                      <message><![CDATA[OneTimeSetUp: Ignored scenario]]></message>
                    </reason>
                  </test-case>
                  <test-case id="0-1017" name="ACTPROF_02_UpdateCOBDataInActivate(&quot;No-Exempt from withholding tax and profile complete on submit&quot;,&quot;Streamline intro,ASB Visa Debit&quot;,&quot;No&quot;,&quot;Exempt from withholding tax&quot;,&quot;111-111-111&quot;,&quot;Skip&quot;,&quot;Australia - X123GH78&quot;,&quot;No&quot;,&quot;Non-resident Withholding tax rate&quot;,&quot;111-111-111&quot;,&quot;New Zealand, Australia, India, Svalbard and Jan Mayen Islands&quot;,&quot;Australia - X123GH78&quot;,&quot;TRUE&quot;,System.String[])" fullname="Join.Form.Customer.Selenium.Features._99_ActivateProfileDetailsFeature.ACTPROF_02_UpdateCOBDataInActivate(&quot;No-Exempt from withholding tax and profile complete on submit&quot;,&quot;Streamline intro,ASB Visa Debit&quot;,&quot;No&quot;,&quot;Exempt from withholding tax&quot;,&quot;111-111-111&quot;,&quot;Skip&quot;,&quot;Australia - X123GH78&quot;,&quot;No&quot;,&quot;Non-resident Withholding tax rate&quot;,&quot;111-111-111&quot;,&quot;New Zealand, Australia, India, Svalbard and Jan Mayen Islands&quot;,&quot;Australia - X123GH78&quot;,&quot;TRUE&quot;,System.String[])" methodname="ACTPROF_02_UpdateCOBDataInActivate" classname="Join.Form.Customer.Selenium.Features._99_ActivateProfileDetailsFeature" runstate="Runnable" seed="520392584" result="Skipped" label="Ignored" site="Parent" start-time="0001-01-01 00:00:00Z" end-time="0001-01-01 00:00:00Z" duration="0.000000" asserts="0">
                    <properties />
                    <reason>
                      <message><![CDATA[OneTimeSetUp: Ignored scenario]]></message>
                    </reason>
                  </test-case>
                  <test-case id="0-1018" name="ACTPROF_02_UpdateCOBDataInActivate(&quot;NZTaxResident - 33% and profile complete on submit&quot;,&quot;Streamline intro,ASB Visa Debit&quot;,&quot;Yes&quot;,&quot;33%&quot;,&quot;Skip&quot;,&quot;Skip&quot;,&quot;Skip&quot;,&quot;Yes&quot;,&quot;33%&quot;,&quot;111-111-111&quot;,&quot;New Zealand&quot;,&quot;Australia - X123GH78&quot;,&quot;TRUE&quot;,null)" fullname="Join.Form.Customer.Selenium.Features._99_ActivateProfileDetailsFeature.ACTPROF_02_UpdateCOBDataInActivate(&quot;NZTaxResident - 33% and profile complete on submit&quot;,&quot;Streamline intro,ASB Visa Debit&quot;,&quot;Yes&quot;,&quot;33%&quot;,&quot;Skip&quot;,&quot;Skip&quot;,&quot;Skip&quot;,&quot;Yes&quot;,&quot;33%&quot;,&quot;111-111-111&quot;,&quot;New Zealand&quot;,&quot;Australia - X123GH78&quot;,&quot;TRUE&quot;,null)" methodname="ACTPROF_02_UpdateCOBDataInActivate" classname="Join.Form.Customer.Selenium.Features._99_ActivateProfileDetailsFeature" runstate="Runnable" seed="1820079068" result="Skipped" label="Ignored" site="Parent" start-time="0001-01-01 00:00:00Z" end-time="0001-01-01 00:00:00Z" duration="0.000000" asserts="0">
                    <properties>
                      <property name="Category" value="regression" />
                    </properties>
                    <reason>
                      <message><![CDATA[OneTimeSetUp: Ignored scenario]]></message>
                    </reason>
                  </test-case>
                  <test-case id="0-1019" name="ACTPROF_02_UpdateCOBDataInActivate(&quot;NZTaxResident - Exempt and profile complete on submit&quot;,&quot;Streamline intro,ASB Visa Debit&quot;,&quot;Yes&quot;,&quot;Exempt from withholding tax&quot;,&quot;Skip&quot;,&quot;Skip&quot;,&quot;Skip&quot;,&quot;Yes&quot;,&quot;Exempt from withholding tax&quot;,&quot;Skip&quot;,&quot;New Zealand&quot;,&quot;Australia - X123GH78, India - 9856GFT8, Argentina - X123GH78, Svalbard and Jan Mayen Islands - GT7646HG&quot;,&quot;TRUE&quot;,null)" fullname="Join.Form.Customer.Selenium.Features._99_ActivateProfileDetailsFeature.ACTPROF_02_UpdateCOBDataInActivate(&quot;NZTaxResident - Exempt and profile complete on submit&quot;,&quot;Streamline intro,ASB Visa Debit&quot;,&quot;Yes&quot;,&quot;Exempt from withholding tax&quot;,&quot;Skip&quot;,&quot;Skip&quot;,&quot;Skip&quot;,&quot;Yes&quot;,&quot;Exempt from withholding tax&quot;,&quot;Skip&quot;,&quot;New Zealand&quot;,&quot;Australia - X123GH78, India - 9856GFT8, Argentina - X123GH78, Svalbard and Jan Mayen Islands - GT7646HG&quot;,&quot;TRUE&quot;,null)" methodname="ACTPROF_02_UpdateCOBDataInActivate" classname="Join.Form.Customer.Selenium.Features._99_ActivateProfileDetailsFeature" runstate="Runnable" seed="1961455570" result="Skipped" label="Ignored" site="Parent" start-time="0001-01-01 00:00:00Z" end-time="0001-01-01 00:00:00Z" duration="0.000000" asserts="0">
                    <properties>
                      <property name="Category" value="regression" />
                    </properties>
                    <reason>
                      <message><![CDATA[OneTimeSetUp: Ignored scenario]]></message>
                    </reason>
                  </test-case>
                  <test-case id="0-1020" name="ACTPROF_02_UpdateCOBDataInActivate(&quot;NZTaxResident, Citizenship and profile incomplete&quot;,&quot;Streamline intro&quot;,&quot;Yes&quot;,&quot;Skip&quot;,&quot;Skip&quot;,&quot;New Zealand, Australia, India, Svalbard and Jan Mayen Islands&quot;,&quot;Skip&quot;,&quot;Yes&quot;,&quot;17.5%&quot;,&quot;49-091-850&quot;,&quot;New Zealand, Australia, India, Svalbard and Jan Mayen Islands&quot;,&quot;United States&quot;,&quot;TRUE&quot;,null)" fullname="Join.Form.Customer.Selenium.Features._99_ActivateProfileDetailsFeature.ACTPROF_02_UpdateCOBDataInActivate(&quot;NZTaxResident, Citizenship and profile incomplete&quot;,&quot;Streamline intro&quot;,&quot;Yes&quot;,&quot;Skip&quot;,&quot;Skip&quot;,&quot;New Zealand, Australia, India, Svalbard and Jan Mayen Islands&quot;,&quot;Skip&quot;,&quot;Yes&quot;,&quot;17.5%&quot;,&quot;49-091-850&quot;,&quot;New Zealand, Australia, India, Svalbard and Jan Mayen Islands&quot;,&quot;United States&quot;,&quot;TRUE&quot;,null)" methodname="ACTPROF_02_UpdateCOBDataInActivate" classname="Join.Form.Customer.Selenium.Features._99_ActivateProfileDetailsFeature" runstate="Runnable" seed="1199509637" result="Skipped" label="Ignored" site="Parent" start-time="0001-01-01 00:00:00Z" end-time="0001-01-01 00:00:00Z" duration="0.000000" asserts="0">
                    <properties>
                      <property name="Category" value="regression" />
                    </properties>
                    <reason>
                      <message><![CDATA[OneTimeSetUp: Ignored scenario]]></message>
                    </reason>
                  </test-case>
                  <test-case id="0-1021" name="ACTPROF_02_UpdateCOBDataInActivate(&quot;Not NZTaxResident  and profile incomplete&quot;,&quot;Streamline intro&quot;,&quot;No&quot;,&quot;Skip&quot;,&quot;Skip&quot;,&quot;Skip&quot;,&quot;Australia - X123GH78&quot;,&quot;Yes&quot;,&quot;33%&quot;,&quot;111-111-111&quot;,&quot;United States&quot;,&quot;Australia - X123GH78, India - 9856GFT8, Argentina - X123GH78, Svalbard and Jan Mayen Islands - GT7646HG&quot;,&quot;TRUE&quot;,null)" fullname="Join.Form.Customer.Selenium.Features._99_ActivateProfileDetailsFeature.ACTPROF_02_UpdateCOBDataInActivate(&quot;Not NZTaxResident  and profile incomplete&quot;,&quot;Streamline intro&quot;,&quot;No&quot;,&quot;Skip&quot;,&quot;Skip&quot;,&quot;Skip&quot;,&quot;Australia - X123GH78&quot;,&quot;Yes&quot;,&quot;33%&quot;,&quot;111-111-111&quot;,&quot;United States&quot;,&quot;Australia - X123GH78, India - 9856GFT8, Argentina - X123GH78, Svalbard and Jan Mayen Islands - GT7646HG&quot;,&quot;TRUE&quot;,null)" methodname="ACTPROF_02_UpdateCOBDataInActivate" classname="Join.Form.Customer.Selenium.Features._99_ActivateProfileDetailsFeature" runstate="Runnable" seed="1261947853" result="Skipped" label="Ignored" site="Parent" start-time="0001-01-01 00:00:00Z" end-time="0001-01-01 00:00:00Z" duration="0.000000" asserts="0">
                    <properties>
                      <property name="Category" value="regression" />
                    </properties>
                    <reason>
                      <message><![CDATA[OneTimeSetUp: Ignored scenario]]></message>
                    </reason>
                  </test-case>
                </test-suite>
                <test-suite type="ParameterizedMethod" id="0-1026" name="ACTPROF_03_VerifyCitizenshipAndFTRAreMandatory" fullname="Join.Form.Customer.Selenium.Features._99_ActivateProfileDetailsFeature.ACTPROF_03_VerifyCitizenshipAndFTRAreMandatory" classname="Join.Form.Customer.Selenium.Features._99_ActivateProfileDetailsFeature" runstate="Ignored" testcasecount="3" result="Skipped" label="Ignored" site="SetUp" start-time="2017-11-22 15:13:47Z" end-time="2017-11-22 15:13:47Z" duration="0.046859" total="3" passed="0" failed="0" warnings="0" inconclusive="0" skipped="3" asserts="0">
                  <properties>
                    <property name="Description" value="ACTPROF_03 - Verify Citizenship and FTR are mandatory" />
                    <property name="_SKIPREASON" value="Ignored scenario" />
                    <property name="Category" value="activateprofile" />
                    <property name="Category" value="COB" />
                    <property name="Category" value="integration" />
                    <property name="Category" value="072016" />
                    <property name="Category" value="eidv" />
                    <property name="Category" value="regression" />
                    <property name="Category" value="obsolete" />
                  </properties>
                  <reason>
                    <message><![CDATA[Ignored scenario]]></message>
                  </reason>
                  <test-case id="0-1023" name="ACTPROF_03_VerifyCitizenshipAndFTRAreMandatory(&quot;NZTaxResident, FTR and profile incomplete&quot;,&quot;Streamline intro,ASB Visa Debit&quot;,&quot;Yes&quot;,&quot;Skip&quot;,&quot;Skip&quot;,&quot;Skip&quot;,&quot;Australia - X123GH78, India - 9856GFT8, Argentina - X123GH78, Svalbard and Jan Mayen Islands - GT7646HG&quot;,&quot;Yes&quot;,&quot;Skip&quot;,&quot;Skip&quot;,&quot;Skip&quot;,&quot;Australia&quot;,&quot;FALSE&quot;,System.String[])" fullname="Join.Form.Customer.Selenium.Features._99_ActivateProfileDetailsFeature.ACTPROF_03_VerifyCitizenshipAndFTRAreMandatory(&quot;NZTaxResident, FTR and profile incomplete&quot;,&quot;Streamline intro,ASB Visa Debit&quot;,&quot;Yes&quot;,&quot;Skip&quot;,&quot;Skip&quot;,&quot;Skip&quot;,&quot;Australia - X123GH78, India - 9856GFT8, Argentina - X123GH78, Svalbard and Jan Mayen Islands - GT7646HG&quot;,&quot;Yes&quot;,&quot;Skip&quot;,&quot;Skip&quot;,&quot;Skip&quot;,&quot;Australia&quot;,&quot;FALSE&quot;,System.String[])" methodname="ACTPROF_03_VerifyCitizenshipAndFTRAreMandatory" classname="Join.Form.Customer.Selenium.Features._99_ActivateProfileDetailsFeature" runstate="Runnable" seed="1923769041" result="Skipped" label="Ignored" site="Parent" start-time="0001-01-01 00:00:00Z" end-time="0001-01-01 00:00:00Z" duration="0.000000" asserts="0">
                    <properties />
                    <reason>
                      <message><![CDATA[OneTimeSetUp: Ignored scenario]]></message>
                    </reason>
                  </test-case>
                  <test-case id="0-1024" name="ACTPROF_03_VerifyCitizenshipAndFTRAreMandatory(&quot;Not NZTaxResident  and profile incomplete&quot;,&quot;Streamline intro&quot;,&quot;No&quot;,&quot;Skip&quot;,&quot;Skip&quot;,&quot;Skip&quot;,&quot;Australia - X123GH78&quot;,&quot;Yes&quot;,&quot;33%&quot;,&quot;111-111-111&quot;,&quot;Skip&quot;,&quot;Australia - X123GH78, India - 9856GFT8, Argentina - X123GH78, Svalbard and Jan Mayen Islands - GT7646HG&quot;,&quot;FALSE&quot;,System.String[])" fullname="Join.Form.Customer.Selenium.Features._99_ActivateProfileDetailsFeature.ACTPROF_03_VerifyCitizenshipAndFTRAreMandatory(&quot;Not NZTaxResident  and profile incomplete&quot;,&quot;Streamline intro&quot;,&quot;No&quot;,&quot;Skip&quot;,&quot;Skip&quot;,&quot;Skip&quot;,&quot;Australia - X123GH78&quot;,&quot;Yes&quot;,&quot;33%&quot;,&quot;111-111-111&quot;,&quot;Skip&quot;,&quot;Australia - X123GH78, India - 9856GFT8, Argentina - X123GH78, Svalbard and Jan Mayen Islands - GT7646HG&quot;,&quot;FALSE&quot;,System.String[])" methodname="ACTPROF_03_VerifyCitizenshipAndFTRAreMandatory" classname="Join.Form.Customer.Selenium.Features._99_ActivateProfileDetailsFeature" runstate="Runnable" seed="1048967569" result="Skipped" label="Ignored" site="Parent" start-time="0001-01-01 00:00:00Z" end-time="0001-01-01 00:00:00Z" duration="0.000000" asserts="0">
                    <properties />
                    <reason>
                      <message><![CDATA[OneTimeSetUp: Ignored scenario]]></message>
                    </reason>
                  </test-case>
                  <test-case id="0-1025" name="ACTPROF_03_VerifyCitizenshipAndFTRAreMandatory(&quot;NZTaxResident - 17.5% and profile incomplete&quot;,&quot;Streamline intro&quot;,&quot;Yes&quot;,&quot;17.5%&quot;,&quot;49-091-850&quot;,&quot;Skip&quot;,&quot;Skip&quot;,&quot;Yes&quot;,&quot;10.5%&quot;,&quot;35-901-981&quot;,&quot;New Zealand, Australia, India, Svalbard and Jan Mayen Islands&quot;,&quot;Skip&quot;,&quot;FALSE&quot;,System.String[])" fullname="Join.Form.Customer.Selenium.Features._99_ActivateProfileDetailsFeature.ACTPROF_03_VerifyCitizenshipAndFTRAreMandatory(&quot;NZTaxResident - 17.5% and profile incomplete&quot;,&quot;Streamline intro&quot;,&quot;Yes&quot;,&quot;17.5%&quot;,&quot;49-091-850&quot;,&quot;Skip&quot;,&quot;Skip&quot;,&quot;Yes&quot;,&quot;10.5%&quot;,&quot;35-901-981&quot;,&quot;New Zealand, Australia, India, Svalbard and Jan Mayen Islands&quot;,&quot;Skip&quot;,&quot;FALSE&quot;,System.String[])" methodname="ACTPROF_03_VerifyCitizenshipAndFTRAreMandatory" classname="Join.Form.Customer.Selenium.Features._99_ActivateProfileDetailsFeature" runstate="Runnable" seed="214427423" result="Skipped" label="Ignored" site="Parent" start-time="0001-01-01 00:00:00Z" end-time="0001-01-01 00:00:00Z" duration="0.000000" asserts="0">
                    <properties />
                    <reason>
                      <message><![CDATA[OneTimeSetUp: Ignored scenario]]></message>
                    </reason>
                  </test-case>
                </test-suite>
                <test-suite type="ParameterizedMethod" id="0-1037" name="ACTPROF_04_CancelCOBDataUpdateInActivate" fullname="Join.Form.Customer.Selenium.Features._99_ActivateProfileDetailsFeature.ACTPROF_04_CancelCOBDataUpdateInActivate" classname="Join.Form.Customer.Selenium.Features._99_ActivateProfileDetailsFeature" runstate="Ignored" testcasecount="10" result="Skipped" label="Ignored" site="SetUp" start-time="2017-11-22 15:13:47Z" end-time="2017-11-22 15:13:48Z" duration="0.156281" total="10" passed="0" failed="0" warnings="0" inconclusive="0" skipped="10" asserts="0">
                  <properties>
                    <property name="Description" value="ACTPROF_04 - Cancel COB data update in Activate" />
                    <property name="_SKIPREASON" value="Ignored scenario" />
                    <property name="Category" value="activateprofile" />
                    <property name="Category" value="COB" />
                    <property name="Category" value="integration" />
                    <property name="Category" value="072016" />
                    <property name="Category" value="obsolete" />
                  </properties>
                  <reason>
                    <message><![CDATA[Ignored scenario]]></message>
                  </reason>
                  <test-case id="0-1027" name="ACTPROF_04_CancelCOBDataUpdateInActivate(&quot;NZTaxResident and profile incomplete&quot;,&quot;Streamline intro&quot;,&quot;Yes&quot;,&quot;Skip&quot;,&quot;Skip&quot;,&quot;Skip&quot;,&quot;Skip&quot;,&quot;Yes&quot;,&quot;33%&quot;,&quot;111-111-111&quot;,&quot;New Zealand&quot;,&quot;Australia&quot;,&quot;TRUE&quot;,System.String[])" fullname="Join.Form.Customer.Selenium.Features._99_ActivateProfileDetailsFeature.ACTPROF_04_CancelCOBDataUpdateInActivate(&quot;NZTaxResident and profile incomplete&quot;,&quot;Streamline intro&quot;,&quot;Yes&quot;,&quot;Skip&quot;,&quot;Skip&quot;,&quot;Skip&quot;,&quot;Skip&quot;,&quot;Yes&quot;,&quot;33%&quot;,&quot;111-111-111&quot;,&quot;New Zealand&quot;,&quot;Australia&quot;,&quot;TRUE&quot;,System.String[])" methodname="ACTPROF_04_CancelCOBDataUpdateInActivate" classname="Join.Form.Customer.Selenium.Features._99_ActivateProfileDetailsFeature" runstate="Runnable" seed="1806790293" result="Skipped" label="Ignored" site="Parent" start-time="0001-01-01 00:00:00Z" end-time="0001-01-01 00:00:00Z" duration="0.000000" asserts="0">
                    <properties />
                    <reason>
                      <message><![CDATA[OneTimeSetUp: Ignored scenario]]></message>
                    </reason>
                  </test-case>
                  <test-case id="0-1028" name="ACTPROF_04_CancelCOBDataUpdateInActivate(&quot;NZTaxResident - 33% and profile complete on submit&quot;,&quot;Streamline intro,ASB Visa Debit&quot;,&quot;Yes&quot;,&quot;33%&quot;,&quot;Skip&quot;,&quot;Skip&quot;,&quot;Skip&quot;,&quot;Yes&quot;,&quot;33%&quot;,&quot;111-111-111&quot;,&quot;New Zealand&quot;,&quot;Australia - X123GH78&quot;,&quot;TRUE&quot;,System.String[])" fullname="Join.Form.Customer.Selenium.Features._99_ActivateProfileDetailsFeature.ACTPROF_04_CancelCOBDataUpdateInActivate(&quot;NZTaxResident - 33% and profile complete on submit&quot;,&quot;Streamline intro,ASB Visa Debit&quot;,&quot;Yes&quot;,&quot;33%&quot;,&quot;Skip&quot;,&quot;Skip&quot;,&quot;Skip&quot;,&quot;Yes&quot;,&quot;33%&quot;,&quot;111-111-111&quot;,&quot;New Zealand&quot;,&quot;Australia - X123GH78&quot;,&quot;TRUE&quot;,System.String[])" methodname="ACTPROF_04_CancelCOBDataUpdateInActivate" classname="Join.Form.Customer.Selenium.Features._99_ActivateProfileDetailsFeature" runstate="Runnable" seed="532352167" result="Skipped" label="Ignored" site="Parent" start-time="0001-01-01 00:00:00Z" end-time="0001-01-01 00:00:00Z" duration="0.000000" asserts="0">
                    <properties />
                    <reason>
                      <message><![CDATA[OneTimeSetUp: Ignored scenario]]></message>
                    </reason>
                  </test-case>
                  <test-case id="0-1029" name="ACTPROF_04_CancelCOBDataUpdateInActivate(&quot;NZTaxResident - 17.5% and profile incomplete&quot;,&quot;Streamline intro&quot;,&quot;Yes&quot;,&quot;17.5%&quot;,&quot;49-091-850&quot;,&quot;Skip&quot;,&quot;Skip&quot;,&quot;Yes&quot;,&quot;10.5%&quot;,&quot;35-901-981&quot;,&quot;New Zealand, Australia, India, Svalbard and Jan Mayen Islands&quot;,&quot;No&quot;,&quot;TRUE&quot;,System.String[])" fullname="Join.Form.Customer.Selenium.Features._99_ActivateProfileDetailsFeature.ACTPROF_04_CancelCOBDataUpdateInActivate(&quot;NZTaxResident - 17.5% and profile incomplete&quot;,&quot;Streamline intro&quot;,&quot;Yes&quot;,&quot;17.5%&quot;,&quot;49-091-850&quot;,&quot;Skip&quot;,&quot;Skip&quot;,&quot;Yes&quot;,&quot;10.5%&quot;,&quot;35-901-981&quot;,&quot;New Zealand, Australia, India, Svalbard and Jan Mayen Islands&quot;,&quot;No&quot;,&quot;TRUE&quot;,System.String[])" methodname="ACTPROF_04_CancelCOBDataUpdateInActivate" classname="Join.Form.Customer.Selenium.Features._99_ActivateProfileDetailsFeature" runstate="Runnable" seed="1400789640" result="Skipped" label="Ignored" site="Parent" start-time="0001-01-01 00:00:00Z" end-time="0001-01-01 00:00:00Z" duration="0.000000" asserts="0">
                    <properties />
                    <reason>
                      <message><![CDATA[OneTimeSetUp: Ignored scenario]]></message>
                    </reason>
                  </test-case>
                  <test-case id="0-1030" name="ACTPROF_04_CancelCOBDataUpdateInActivate(&quot;NZTaxResident - Exempt and profile complete on submit&quot;,&quot;Streamline intro,ASB Visa Debit&quot;,&quot;Yes&quot;,&quot;Exempt from withholding tax&quot;,&quot;Skip&quot;,&quot;Skip&quot;,&quot;Skip&quot;,&quot;Yes&quot;,&quot;Exempt from withholding tax&quot;,&quot;Skip&quot;,&quot;New Zealand&quot;,&quot;Australia - X123GH78, India - 9856GFT8, Argentina - X123GH78, Svalbard and Jan Mayen Islands - GT7646HG&quot;,&quot;TRUE&quot;,System.String[])" fullname="Join.Form.Customer.Selenium.Features._99_ActivateProfileDetailsFeature.ACTPROF_04_CancelCOBDataUpdateInActivate(&quot;NZTaxResident - Exempt and profile complete on submit&quot;,&quot;Streamline intro,ASB Visa Debit&quot;,&quot;Yes&quot;,&quot;Exempt from withholding tax&quot;,&quot;Skip&quot;,&quot;Skip&quot;,&quot;Skip&quot;,&quot;Yes&quot;,&quot;Exempt from withholding tax&quot;,&quot;Skip&quot;,&quot;New Zealand&quot;,&quot;Australia - X123GH78, India - 9856GFT8, Argentina - X123GH78, Svalbard and Jan Mayen Islands - GT7646HG&quot;,&quot;TRUE&quot;,System.String[])" methodname="ACTPROF_04_CancelCOBDataUpdateInActivate" classname="Join.Form.Customer.Selenium.Features._99_ActivateProfileDetailsFeature" runstate="Runnable" seed="582266904" result="Skipped" label="Ignored" site="Parent" start-time="0001-01-01 00:00:00Z" end-time="0001-01-01 00:00:00Z" duration="0.000000" asserts="0">
                    <properties />
                    <reason>
                      <message><![CDATA[OneTimeSetUp: Ignored scenario]]></message>
                    </reason>
                  </test-case>
                  <test-case id="0-1031" name="ACTPROF_04_CancelCOBDataUpdateInActivate(&quot;NZTaxResident, Citizenship and profile incomplete&quot;,&quot;Streamline intro&quot;,&quot;Yes&quot;,&quot;Skip&quot;,&quot;Skip&quot;,&quot;New Zealand, Australia, India, Svalbard and Jan Mayen Islands&quot;,&quot;Skip&quot;,&quot;Yes&quot;,&quot;17.5%&quot;,&quot;49-091-850&quot;,&quot;New Zealand, Australia, India, Svalbard and Jan Mayen Islands&quot;,&quot;United States&quot;,&quot;TRUE&quot;,System.String[])" fullname="Join.Form.Customer.Selenium.Features._99_ActivateProfileDetailsFeature.ACTPROF_04_CancelCOBDataUpdateInActivate(&quot;NZTaxResident, Citizenship and profile incomplete&quot;,&quot;Streamline intro&quot;,&quot;Yes&quot;,&quot;Skip&quot;,&quot;Skip&quot;,&quot;New Zealand, Australia, India, Svalbard and Jan Mayen Islands&quot;,&quot;Skip&quot;,&quot;Yes&quot;,&quot;17.5%&quot;,&quot;49-091-850&quot;,&quot;New Zealand, Australia, India, Svalbard and Jan Mayen Islands&quot;,&quot;United States&quot;,&quot;TRUE&quot;,System.String[])" methodname="ACTPROF_04_CancelCOBDataUpdateInActivate" classname="Join.Form.Customer.Selenium.Features._99_ActivateProfileDetailsFeature" runstate="Runnable" seed="243626926" result="Skipped" label="Ignored" site="Parent" start-time="0001-01-01 00:00:00Z" end-time="0001-01-01 00:00:00Z" duration="0.000000" asserts="0">
                    <properties />
                    <reason>
                      <message><![CDATA[OneTimeSetUp: Ignored scenario]]></message>
                    </reason>
                  </test-case>
                  <test-case id="0-1032" name="ACTPROF_04_CancelCOBDataUpdateInActivate(&quot;NZTaxResident, FTR and profile incomplete&quot;,&quot;Streamline intro,ASB Visa Debit&quot;,&quot;Yes&quot;,&quot;Skip&quot;,&quot;Skip&quot;,&quot;Skip&quot;,&quot;Australia - X123GH78, India - 9856GFT8, Argentina - X123GH78, Svalbard and Jan Mayen Islands - GT7646HG&quot;,&quot;Yes&quot;,&quot;Skip&quot;,&quot;Skip&quot;,&quot;United States&quot;,&quot;Australia&quot;,&quot;TRUE&quot;,System.String[])" fullname="Join.Form.Customer.Selenium.Features._99_ActivateProfileDetailsFeature.ACTPROF_04_CancelCOBDataUpdateInActivate(&quot;NZTaxResident, FTR and profile incomplete&quot;,&quot;Streamline intro,ASB Visa Debit&quot;,&quot;Yes&quot;,&quot;Skip&quot;,&quot;Skip&quot;,&quot;Skip&quot;,&quot;Australia - X123GH78, India - 9856GFT8, Argentina - X123GH78, Svalbard and Jan Mayen Islands - GT7646HG&quot;,&quot;Yes&quot;,&quot;Skip&quot;,&quot;Skip&quot;,&quot;United States&quot;,&quot;Australia&quot;,&quot;TRUE&quot;,System.String[])" methodname="ACTPROF_04_CancelCOBDataUpdateInActivate" classname="Join.Form.Customer.Selenium.Features._99_ActivateProfileDetailsFeature" runstate="Runnable" seed="1274970974" result="Skipped" label="Ignored" site="Parent" start-time="0001-01-01 00:00:00Z" end-time="0001-01-01 00:00:00Z" duration="0.000000" asserts="0">
                    <properties />
                    <reason>
                      <message><![CDATA[OneTimeSetUp: Ignored scenario]]></message>
                    </reason>
                  </test-case>
                  <test-case id="0-1033" name="ACTPROF_04_CancelCOBDataUpdateInActivate(&quot;Not NZTaxResident  and profile incomplete&quot;,&quot;Streamline intro&quot;,&quot;No&quot;,&quot;Skip&quot;,&quot;Skip&quot;,&quot;Skip&quot;,&quot;Australia - X123GH78&quot;,&quot;Yes&quot;,&quot;33%&quot;,&quot;111-111-111&quot;,&quot;United States&quot;,&quot;Australia - X123GH78, India - 9856GFT8, Argentina - X123GH78, Svalbard and Jan Mayen Islands - GT7646HG&quot;,&quot;TRUE&quot;,System.String[])" fullname="Join.Form.Customer.Selenium.Features._99_ActivateProfileDetailsFeature.ACTPROF_04_CancelCOBDataUpdateInActivate(&quot;Not NZTaxResident  and profile incomplete&quot;,&quot;Streamline intro&quot;,&quot;No&quot;,&quot;Skip&quot;,&quot;Skip&quot;,&quot;Skip&quot;,&quot;Australia - X123GH78&quot;,&quot;Yes&quot;,&quot;33%&quot;,&quot;111-111-111&quot;,&quot;United States&quot;,&quot;Australia - X123GH78, India - 9856GFT8, Argentina - X123GH78, Svalbard and Jan Mayen Islands - GT7646HG&quot;,&quot;TRUE&quot;,System.String[])" methodname="ACTPROF_04_CancelCOBDataUpdateInActivate" classname="Join.Form.Customer.Selenium.Features._99_ActivateProfileDetailsFeature" runstate="Runnable" seed="1436344478" result="Skipped" label="Ignored" site="Parent" start-time="0001-01-01 00:00:00Z" end-time="0001-01-01 00:00:00Z" duration="0.000000" asserts="0">
                    <properties />
                    <reason>
                      <message><![CDATA[OneTimeSetUp: Ignored scenario]]></message>
                    </reason>
                  </test-case>
                  <test-case id="0-1034" name="ACTPROF_04_CancelCOBDataUpdateInActivate(&quot;No-Approved Issuer Levy at 2% and profile complete on submit&quot;,&quot;Streamline intro,ASB Visa Debit&quot;,&quot;No&quot;,&quot;Approved Issuer Levy at 2%&quot;,&quot;Skip&quot;,&quot;Skip&quot;,&quot;Australia&quot;,&quot;No&quot;,&quot;Approved Issuer Levy at 2%&quot;,&quot;Skip&quot;,&quot;New Zealand&quot;,&quot;No&quot;,&quot;TRUE&quot;,System.String[])" fullname="Join.Form.Customer.Selenium.Features._99_ActivateProfileDetailsFeature.ACTPROF_04_CancelCOBDataUpdateInActivate(&quot;No-Approved Issuer Levy at 2% and profile complete on submit&quot;,&quot;Streamline intro,ASB Visa Debit&quot;,&quot;No&quot;,&quot;Approved Issuer Levy at 2%&quot;,&quot;Skip&quot;,&quot;Skip&quot;,&quot;Australia&quot;,&quot;No&quot;,&quot;Approved Issuer Levy at 2%&quot;,&quot;Skip&quot;,&quot;New Zealand&quot;,&quot;No&quot;,&quot;TRUE&quot;,System.String[])" methodname="ACTPROF_04_CancelCOBDataUpdateInActivate" classname="Join.Form.Customer.Selenium.Features._99_ActivateProfileDetailsFeature" runstate="Runnable" seed="1401496863" result="Skipped" label="Ignored" site="Parent" start-time="0001-01-01 00:00:00Z" end-time="0001-01-01 00:00:00Z" duration="0.000000" asserts="0">
                    <properties />
                    <reason>
                      <message><![CDATA[OneTimeSetUp: Ignored scenario]]></message>
                    </reason>
                  </test-case>
                  <test-case id="0-1035" name="ACTPROF_04_CancelCOBDataUpdateInActivate(&quot;No-Non-resident Withholding tax rate and profile incomplete&quot;,&quot;Streamline intro&quot;,&quot;No&quot;,&quot;Non-resident Withholding tax rate&quot;,&quot;49-091-850&quot;,&quot;Skip&quot;,&quot;Australia - X123GH78&quot;,&quot;No&quot;,&quot;Exempt from withholding tax&quot;,&quot;49-091-850&quot;,&quot;Australia&quot;,&quot;Australia - X123GH78&quot;,&quot;TRUE&quot;,System.String[])" fullname="Join.Form.Customer.Selenium.Features._99_ActivateProfileDetailsFeature.ACTPROF_04_CancelCOBDataUpdateInActivate(&quot;No-Non-resident Withholding tax rate and profile incomplete&quot;,&quot;Streamline intro&quot;,&quot;No&quot;,&quot;Non-resident Withholding tax rate&quot;,&quot;49-091-850&quot;,&quot;Skip&quot;,&quot;Australia - X123GH78&quot;,&quot;No&quot;,&quot;Exempt from withholding tax&quot;,&quot;49-091-850&quot;,&quot;Australia&quot;,&quot;Australia - X123GH78&quot;,&quot;TRUE&quot;,System.String[])" methodname="ACTPROF_04_CancelCOBDataUpdateInActivate" classname="Join.Form.Customer.Selenium.Features._99_ActivateProfileDetailsFeature" runstate="Runnable" seed="88398945" result="Skipped" label="Ignored" site="Parent" start-time="0001-01-01 00:00:00Z" end-time="0001-01-01 00:00:00Z" duration="0.000000" asserts="0">
                    <properties />
                    <reason>
                      <message><![CDATA[OneTimeSetUp: Ignored scenario]]></message>
                    </reason>
                  </test-case>
                  <test-case id="0-1036" name="ACTPROF_04_CancelCOBDataUpdateInActivate(&quot;No-Exempt from withholding tax and profile complete on submit&quot;,&quot;Streamline intro,ASB Visa Debit&quot;,&quot;No&quot;,&quot;Exempt from withholding tax&quot;,&quot;111-111-111&quot;,&quot;Skip&quot;,&quot;Australia - X123GH78&quot;,&quot;No&quot;,&quot;Non-resident Withholding tax rate&quot;,&quot;111-111-111&quot;,&quot;New Zealand, Australia, India, Svalbard and Jan Mayen Islands&quot;,&quot;Australia - X123GH78&quot;,&quot;TRUE&quot;,System.String[])" fullname="Join.Form.Customer.Selenium.Features._99_ActivateProfileDetailsFeature.ACTPROF_04_CancelCOBDataUpdateInActivate(&quot;No-Exempt from withholding tax and profile complete on submit&quot;,&quot;Streamline intro,ASB Visa Debit&quot;,&quot;No&quot;,&quot;Exempt from withholding tax&quot;,&quot;111-111-111&quot;,&quot;Skip&quot;,&quot;Australia - X123GH78&quot;,&quot;No&quot;,&quot;Non-resident Withholding tax rate&quot;,&quot;111-111-111&quot;,&quot;New Zealand, Australia, India, Svalbard and Jan Mayen Islands&quot;,&quot;Australia - X123GH78&quot;,&quot;TRUE&quot;,System.String[])" methodname="ACTPROF_04_CancelCOBDataUpdateInActivate" classname="Join.Form.Customer.Selenium.Features._99_ActivateProfileDetailsFeature" runstate="Runnable" seed="314011022" result="Skipped" label="Ignored" site="Parent" start-time="0001-01-01 00:00:00Z" end-time="0001-01-01 00:00:00Z" duration="0.000000" asserts="0">
                    <properties />
                    <reason>
                      <message><![CDATA[OneTimeSetUp: Ignored scenario]]></message>
                    </reason>
                  </test-case>
                </test-suite>
                <test-case id="0-1038" name="ACTPROF_05_SourceOfWealthVerification_Non_HighRiskCountry" fullname="Join.Form.Customer.Selenium.Features._99_ActivateProfileDetailsFeature.ACTPROF_05_SourceOfWealthVerification_Non_HighRiskCountry" methodname="ACTPROF_05_SourceOfWealthVerification_Non_HighRiskCountry" classname="Join.Form.Customer.Selenium.Features._99_ActivateProfileDetailsFeature" runstate="Ignored" seed="2121137051" result="Skipped" label="Ignored" start-time="2017-11-22 15:13:48Z" end-time="2017-11-22 15:13:48Z" duration="0.001105" asserts="0">
                  <properties>
                    <property name="Description" value="ACTPROF_05 - Source of wealth verification - Non-high risk country" />
                    <property name="_SKIPREASON" value="Ignored scenario" />
                    <property name="Category" value="activateprofile" />
                    <property name="Category" value="COB" />
                    <property name="Category" value="integration" />
                    <property name="Category" value="082016" />
                    <property name="Category" value="eidv" />
                    <property name="Category" value="obsolete" />
                  </properties>
                  <reason>
                    <message><![CDATA[Ignored scenario]]></message>
                  </reason>
                </test-case>
                <test-case id="0-1039" name="ACTPROF_06_SourceOfWealthVerification_HighRiskCountry" fullname="Join.Form.Customer.Selenium.Features._99_ActivateProfileDetailsFeature.ACTPROF_06_SourceOfWealthVerification_HighRiskCountry" methodname="ACTPROF_06_SourceOfWealthVerification_HighRiskCountry" classname="Join.Form.Customer.Selenium.Features._99_ActivateProfileDetailsFeature" runstate="Ignored" seed="1387309066" result="Skipped" label="Ignored" start-time="2017-11-22 15:13:48Z" end-time="2017-11-22 15:13:48Z" duration="0.000039" asserts="0">
                  <properties>
                    <property name="Description" value="ACTPROF_06 - Source of wealth verification - High risk country" />
                    <property name="_SKIPREASON" value="Ignored scenario" />
                    <property name="Category" value="activateprofile" />
                    <property name="Category" value="COB" />
                    <property name="Category" value="integration" />
                    <property name="Category" value="082016" />
                    <property name="Category" value="eidv" />
                    <property name="Category" value="regression" />
                    <property name="Category" value="obsolete" />
                  </properties>
                  <reason>
                    <message><![CDATA[Ignored scenario]]></message>
                  </reason>
                </test-case>
                <test-suite type="ParameterizedMethod" id="0-1042" name="ACTPROF_07_IRDNumberValidation" fullname="Join.Form.Customer.Selenium.Features._99_ActivateProfileDetailsFeature.ACTPROF_07_IRDNumberValidation" classname="Join.Form.Customer.Selenium.Features._99_ActivateProfileDetailsFeature" runstate="Ignored" testcasecount="2" result="Skipped" label="Ignored" site="SetUp" start-time="2017-11-22 15:13:48Z" end-time="2017-11-22 15:13:48Z" duration="0.031205" total="2" passed="0" failed="0" warnings="0" inconclusive="0" skipped="2" asserts="0">
                  <properties>
                    <property name="Description" value="ACTPROF_07 - IRD number validation" />
                    <property name="_SKIPREASON" value="Ignored scenario" />
                    <property name="Category" value="activateprofile" />
                    <property name="Category" value="COB" />
                    <property name="Category" value="integration" />
                    <property name="Category" value="082016" />
                    <property name="Category" value="obsolete" />
                  </properties>
                  <reason>
                    <message><![CDATA[Ignored scenario]]></message>
                  </reason>
                  <test-case id="0-1040" name="ACTPROF_07_IRDNumberValidation(&quot;8D IRD - Prefix 0&quot;,&quot;049091850&quot;,&quot;is NOT&quot;,System.String[])" fullname="Join.Form.Customer.Selenium.Features._99_ActivateProfileDetailsFeature.ACTPROF_07_IRDNumberValidation(&quot;8D IRD - Prefix 0&quot;,&quot;049091850&quot;,&quot;is NOT&quot;,System.String[])" methodname="ACTPROF_07_IRDNumberValidation" classname="Join.Form.Customer.Selenium.Features._99_ActivateProfileDetailsFeature" runstate="Runnable" seed="2014710990" result="Skipped" label="Ignored" site="Parent" start-time="0001-01-01 00:00:00Z" end-time="0001-01-01 00:00:00Z" duration="0.000000" asserts="0">
                    <properties />
                    <reason>
                      <message><![CDATA[OneTimeSetUp: Ignored scenario]]></message>
                    </reason>
                  </test-case>
                  <test-case id="0-1041" name="ACTPROF_07_IRDNumberValidation(&quot;8D IRD - Prefix 00&quot;,&quot;0049091850&quot;,&quot;is&quot;,System.String[])" fullname="Join.Form.Customer.Selenium.Features._99_ActivateProfileDetailsFeature.ACTPROF_07_IRDNumberValidation(&quot;8D IRD - Prefix 00&quot;,&quot;0049091850&quot;,&quot;is&quot;,System.String[])" methodname="ACTPROF_07_IRDNumberValidation" classname="Join.Form.Customer.Selenium.Features._99_ActivateProfileDetailsFeature" runstate="Runnable" seed="2002887900" result="Skipped" label="Ignored" site="Parent" start-time="0001-01-01 00:00:00Z" end-time="0001-01-01 00:00:00Z" duration="0.000000" asserts="0">
                    <properties />
                    <reason>
                      <message><![CDATA[OneTimeSetUp: Ignored scenario]]></message>
                    </reason>
                  </test-case>
                </test-suite>
              </test-suite>
            </test-suite>
          </test-suite>
        </test-suite>
      </test-suite>
    </test-suite>
  </test-suite>
</test-run>
